
ff: parsing domain file
domain 'SATELLITE' defined
 ... done.
ff: parsing problem file
problem 'STRIPS-SAT-X-1' defined
 ... done.


no metric specified. plan length assumed.

checking for cyclic := effects --- OK.

ff: search configuration is EHC, if that fails then  best-first on 1*g(s) + 5*h(s) where
    metric is  plan length

Cueing down from goal distance:   10 into depth [1]
                                   9            [1]
                                   8            [1]
                                   7            [1]
                                   6            [1]
                                   5            [1]
                                   4            [1]
                                   3            [1]
                                   2            [1]
                                   1            [1]
                                   0            

ff: found legal plan as follows

step    0: SWITCH_ON INSTRUMENT2 SATELLITE0
        1: TURN_TO SATELLITE1 GROUNDSTATION10 GROUNDSTATION26
        2: CALIBRATE SATELLITE0 INSTRUMENT2 STAR19
        3: TURN_TO SATELLITE0 PHENOMENON28 STAR19
        4: SWITCH_ON INSTRUMENT6 SATELLITE1
        5: CALIBRATE SATELLITE1 INSTRUMENT6 GROUNDSTATION10
        6: TURN_TO SATELLITE1 STAR29 GROUNDSTATION10
        7: TURN_TO SATELLITE6 GROUNDSTATION18 GROUNDSTATION1
        8: TAKE_IMAGE SATELLITE0 PHENOMENON28 INSTRUMENT2 IMAGE0
        9: TAKE_IMAGE SATELLITE1 STAR29 INSTRUMENT6 SPECTROGRAPH2
     

time spent:    0.00 seconds instantiating 13068 easy, 0 hard action templates
               0.00 seconds reachability analysis, yielding 572 facts and 13068 actions
               0.00 seconds creating final representation with 572 relevant facts, 0 relevant fluents
               0.01 seconds computing LNF
               0.00 seconds building connectivity graph
               0.01 seconds searching, evaluating 12 states, to a max depth of 1
               0.02 seconds total time

