
ff: parsing domain file
domain 'SATELLITE' defined
 ... done.
ff: parsing problem file
problem 'STRIPS-SAT-X-1' defined
 ... done.


no metric specified. plan length assumed.

checking for cyclic := effects --- OK.

ff: search configuration is EHC, if that fails then  best-first on 1*g(s) + 5*h(s) where
    metric is  plan length

Cueing down from goal distance:   13 into depth [1]
                                  12            [1]
                                  11            [1]
                                  10            [1]
                                   9            [1]
                                   8            [1]
                                   7            [1]
                                   6            [1]
                                   5            [1]
                                   4            [1]
                                   3            [1]
                                   2            [1]
                                   1            [1]
                                   0            

ff: found legal plan as follows

step    0: TURN_TO SATELLITE0 STAR12 GROUNDSTATION16
        1: SWITCH_ON INSTRUMENT0 SATELLITE0
        2: TURN_TO SATELLITE1 STAR7 STAR19
        3: CALIBRATE SATELLITE0 INSTRUMENT0 STAR12
        4: TURN_TO SATELLITE0 PLANET28 STAR12
        5: SWITCH_ON INSTRUMENT11 SATELLITE1
        6: CALIBRATE SATELLITE1 INSTRUMENT11 STAR7
        7: TURN_TO SATELLITE1 PLANET29 STAR7
        8: TURN_TO SATELLITE2 GROUNDSTATION16 GROUNDSTATION23
        9: TURN_TO SATELLITE4 STAR17 GROUNDSTATION0
       10: TURN_TO SATELLITE5 GROUNDSTATION20 GROUNDSTATION3
       11: TAKE_IMAGE SATELLITE0 PLANET28 INSTRUMENT0 SPECTROGRAPH2
       12: TAKE_IMAGE SATELLITE1 PLANET29 INSTRUMENT11 IMAGE0
     

time spent:    0.00 seconds instantiating 13301 easy, 0 hard action templates
               0.00 seconds reachability analysis, yielding 592 facts and 13301 actions
               0.00 seconds creating final representation with 592 relevant facts, 0 relevant fluents
               0.01 seconds computing LNF
               0.01 seconds building connectivity graph
               0.00 seconds searching, evaluating 15 states, to a max depth of 1
               0.02 seconds total time

