
ff: parsing domain file
domain 'SATELLITE' defined
 ... done.
ff: parsing problem file
problem 'STRIPS-SAT-X-1' defined
 ... done.


no metric specified. plan length assumed.

checking for cyclic := effects --- OK.

ff: search configuration is EHC, if that fails then  best-first on 1*g(s) + 5*h(s) where
    metric is  plan length

Cueing down from goal distance:   12 into depth [1]
                                  11            [1]
                                  10            [1]
                                   9            [1]
                                   8            [1]
                                   7            [1]
                                   6            [1]
                                   5            [1]
                                   4            [1]
                                   3            [1]
                                   2            [1]
                                   1            [1]
                                   0            

ff: found legal plan as follows

step    0: TURN_TO SATELLITE0 STAR2 GROUNDSTATION5
        1: TURN_TO SATELLITE1 STAR19 STAR7
        2: SWITCH_ON INSTRUMENT0 SATELLITE0
        3: CALIBRATE SATELLITE0 INSTRUMENT0 STAR2
        4: TURN_TO SATELLITE0 PLANET28 STAR2
        5: SWITCH_ON INSTRUMENT2 SATELLITE1
        6: CALIBRATE SATELLITE1 INSTRUMENT2 STAR19
        7: TURN_TO SATELLITE1 PHENOMENON29 STAR19
        8: TURN_TO SATELLITE4 GROUNDSTATION5 STAR3
        9: TURN_TO SATELLITE8 STAR24 GROUNDSTATION17
       10: TAKE_IMAGE SATELLITE0 PLANET28 INSTRUMENT0 IMAGE2
       11: TAKE_IMAGE SATELLITE1 PHENOMENON29 INSTRUMENT2 SPECTROGRAPH1
     

time spent:    0.00 seconds instantiating 12831 easy, 0 hard action templates
               0.00 seconds reachability analysis, yielding 580 facts and 12831 actions
               0.00 seconds creating final representation with 580 relevant facts, 0 relevant fluents
               0.02 seconds computing LNF
               0.00 seconds building connectivity graph
               0.00 seconds searching, evaluating 13 states, to a max depth of 1
               0.02 seconds total time

