
ff: parsing domain file
domain 'SATELLITE' defined
 ... done.
ff: parsing problem file
problem 'STRIPS-SAT-X-1' defined
 ... done.


no metric specified. plan length assumed.

checking for cyclic := effects --- OK.

ff: search configuration is EHC, if that fails then  best-first on 1*g(s) + 5*h(s) where
    metric is  plan length

Cueing down from goal distance:   14 into depth [1]
                                  13            [1]
                                  12            [1]
                                  11            [1]
                                  10            [1]
                                   9            [1]
                                   8            [1]
                                   7            [1]
                                   6            [1]
                                   5            [1]
                                   4            [1]
                                   3            [1]
                                   2            [1]
                                   1            [1]
                                   0            

ff: found legal plan as follows

step    0: SWITCH_ON INSTRUMENT19 SATELLITE3
        1: SWITCH_ON INSTRUMENT0 SATELLITE0
        2: TURN_TO SATELLITE0 STAR16 PHENOMENON29
        3: CALIBRATE SATELLITE0 INSTRUMENT0 STAR16
        4: TURN_TO SATELLITE0 PHENOMENON28 STAR16
        5: TURN_TO SATELLITE4 GROUNDSTATION0 GROUNDSTATION26
        6: TURN_TO SATELLITE5 GROUNDSTATION22 STAR24
        7: TURN_TO SATELLITE6 GROUNDSTATION8 STAR7
        8: TURN_TO SATELLITE8 STAR21 STAR7
        9: TURN_TO SATELLITE9 GROUNDSTATION13 STAR10
       10: TAKE_IMAGE SATELLITE0 PHENOMENON28 INSTRUMENT0 THERMOGRAPH1
       11: TURN_TO SATELLITE0 PHENOMENON29 PHENOMENON28
       12: TAKE_IMAGE SATELLITE0 PHENOMENON29 INSTRUMENT0 INFRARED4
       13: TURN_TO SATELLITE0 STAR7 PHENOMENON29
     

time spent:    0.00 seconds instantiating 12749 easy, 0 hard action templates
               0.00 seconds reachability analysis, yielding 566 facts and 12749 actions
               0.00 seconds creating final representation with 566 relevant facts, 0 relevant fluents
               0.01 seconds computing LNF
               0.01 seconds building connectivity graph
               0.01 seconds searching, evaluating 34 states, to a max depth of 1
               0.03 seconds total time

