
ff: parsing domain file
domain 'SATELLITE' defined
 ... done.
ff: parsing problem file
problem 'STRIPS-SAT-X-1' defined
 ... done.


no metric specified. plan length assumed.

checking for cyclic := effects --- OK.

ff: search configuration is EHC, if that fails then  best-first on 1*g(s) + 5*h(s) where
    metric is  plan length

Cueing down from goal distance:   16 into depth [1]
                                  15            [1]
                                  14            [1]
                                  13            [1]
                                  12            [1]
                                  11            [1]
                                  10            [1]
                                   9            [1]
                                   8            [1]
                                   7            [1]
                                   6            [1]
                                   5            [1]
                                   4            [1]
                                   3            [1]
                                   2            [1]
                                   1            [1]
                                   0            

ff: found legal plan as follows

step    0: TURN_TO SATELLITE0 STAR86 STAR66
        1: TURN_TO SATELLITE2 STAR55 GROUNDSTATION76
        2: SWITCH_ON INSTRUMENT1 SATELLITE0
        3: CALIBRATE SATELLITE0 INSTRUMENT1 STAR86
        4: TURN_TO SATELLITE0 PHENOMENON101 STAR86
        5: SWITCH_ON INSTRUMENT3 SATELLITE2
        6: CALIBRATE SATELLITE2 INSTRUMENT3 STAR55
        7: TURN_TO SATELLITE2 STAR102 STAR55
        8: TURN_TO SATELLITE3 STAR54 GROUNDSTATION44
        9: TURN_TO SATELLITE4 STAR56 GROUNDSTATION28
       10: TURN_TO SATELLITE6 GROUNDSTATION62 STAR71
       11: TURN_TO SATELLITE8 STAR98 STAR99
       12: TAKE_IMAGE SATELLITE0 PHENOMENON101 INSTRUMENT1 INFRARED3
       13: TURN_TO SATELLITE0 STAR73 PHENOMENON101
       14: TAKE_IMAGE SATELLITE2 STAR102 INSTRUMENT3 SPECTROGRAPH0
       15: TURN_TO SATELLITE2 STAR15 STAR102
     

time spent:    0.00 seconds instantiating 114078 easy, 0 hard action templates
               0.01 seconds reachability analysis, yielding 1627 facts and 114078 actions
               0.02 seconds creating final representation with 1627 relevant facts, 0 relevant fluents
               0.15 seconds computing LNF
               0.04 seconds building connectivity graph
               0.12 seconds searching, evaluating 28 states, to a max depth of 1
               0.34 seconds total time

