
ff: parsing domain file
domain 'SATELLITE' defined
 ... done.
ff: parsing problem file
problem 'STRIPS-SAT-X-1' defined
 ... done.


no metric specified. plan length assumed.

checking for cyclic := effects --- OK.

ff: search configuration is EHC, if that fails then  best-first on 1*g(s) + 5*h(s) where
    metric is  plan length

Cueing down from goal distance:   14 into depth [1]
                                  13            [1]
                                  12            [1]
                                  11            [1]
                                  10            [1]
                                   9            [1]
                                   8            [1]
                                   7            [1]
                                   6            [1]
                                   5            [1]
                                   4            [1]
                                   3            [1]
                                   2            [1]
                                   1            [1]
                                   0            

ff: found legal plan as follows

step    0: TURN_TO SATELLITE0 GROUNDSTATION61 GROUNDSTATION80
        1: SWITCH_ON INSTRUMENT1 SATELLITE0
        2: TURN_TO SATELLITE1 STAR71 GROUNDSTATION37
        3: CALIBRATE SATELLITE0 INSTRUMENT1 GROUNDSTATION61
        4: TURN_TO SATELLITE0 PHENOMENON101 GROUNDSTATION61
        5: SWITCH_ON INSTRUMENT7 SATELLITE1
        6: CALIBRATE SATELLITE1 INSTRUMENT7 STAR71
        7: TURN_TO SATELLITE1 PLANET102 STAR71
        8: TURN_TO SATELLITE3 GROUNDSTATION93 STAR33
        9: TURN_TO SATELLITE5 GROUNDSTATION74 GROUNDSTATION86
       10: TURN_TO SATELLITE6 STAR42 STAR19
       11: TURN_TO SATELLITE7 STAR78 GROUNDSTATION77
       12: TAKE_IMAGE SATELLITE0 PHENOMENON101 INSTRUMENT1 THERMOGRAPH4
       13: TAKE_IMAGE SATELLITE1 PLANET102 INSTRUMENT7 SPECTROGRAPH2
     

time spent:    0.00 seconds instantiating 118101 easy, 0 hard action templates
               0.01 seconds reachability analysis, yielding 1665 facts and 118101 actions
               0.02 seconds creating final representation with 1665 relevant facts, 0 relevant fluents
               0.15 seconds computing LNF
               0.05 seconds building connectivity graph
               0.08 seconds searching, evaluating 16 states, to a max depth of 1
               0.31 seconds total time

