
ff: parsing domain file
domain 'SATELLITE' defined
 ... done.
ff: parsing problem file
problem 'STRIPS-SAT-X-1' defined
 ... done.


no metric specified. plan length assumed.

checking for cyclic := effects --- OK.

ff: search configuration is EHC, if that fails then  best-first on 1*g(s) + 5*h(s) where
    metric is  plan length

Cueing down from goal distance:   10 into depth [1]
                                   9            [1]
                                   8            [1]
                                   7            [1]
                                   6            [1]
                                   5            [1]
                                   4            [1]
                                   3            [1]
                                   2            [1]
                                   1            [1]
                                   0            

ff: found legal plan as follows

step    0: TURN_TO SATELLITE0 STAR84 GROUNDSTATION29
        1: SWITCH_ON INSTRUMENT1 SATELLITE0
        2: CALIBRATE SATELLITE0 INSTRUMENT1 STAR84
        3: TURN_TO SATELLITE0 PLANET101 STAR84
        4: TURN_TO SATELLITE8 GROUNDSTATION50 STAR51
        5: TURN_TO SATELLITE9 GROUNDSTATION79 GROUNDSTATION49
        6: TAKE_IMAGE SATELLITE0 PLANET101 INSTRUMENT1 THERMOGRAPH2
        7: TURN_TO SATELLITE0 PLANET102 PLANET101
        8: TAKE_IMAGE SATELLITE0 PLANET102 INSTRUMENT1 THERMOGRAPH2
        9: TURN_TO SATELLITE0 GROUNDSTATION63 PLANET102
     

time spent:    0.00 seconds instantiating 122327 easy, 0 hard action templates
               0.01 seconds reachability analysis, yielding 1699 facts and 122327 actions
               0.02 seconds creating final representation with 1699 relevant facts, 0 relevant fluents
               0.15 seconds computing LNF
               0.06 seconds building connectivity graph
               0.10 seconds searching, evaluating 20 states, to a max depth of 1
               0.34 seconds total time

