
ff: parsing domain file
domain 'SATELLITE' defined
 ... done.
ff: parsing problem file
problem 'STRIPS-SAT-X-1' defined
 ... done.


no metric specified. plan length assumed.

checking for cyclic := effects --- OK.

ff: search configuration is EHC, if that fails then  best-first on 1*g(s) + 5*h(s) where
    metric is  plan length

Cueing down from goal distance:   13 into depth [1]
                                  12            [1]
                                  11            [1]
                                   8            [1]
                                   7            [1]
                                   6            [1]
                                   5            [1]
                                   4            [1]
                                   3            [1]
                                   2            [1]
                                   1            [1]
                                   0            

ff: found legal plan as follows

step    0: TURN_TO SATELLITE0 STAR78 GROUNDSTATION28
        1: TURN_TO SATELLITE0 STAR75 STAR78
        2: SWITCH_ON INSTRUMENT4 SATELLITE0
        3: CALIBRATE SATELLITE0 INSTRUMENT4 STAR75
        4: TURN_TO SATELLITE0 PHENOMENON94 STAR75
        5: TURN_TO SATELLITE1 GROUNDSTATION72 GROUNDSTATION2
        6: TURN_TO SATELLITE4 GROUNDSTATION1 STAR38
        7: TURN_TO SATELLITE6 STAR69 STAR43
        8: TAKE_IMAGE SATELLITE0 PHENOMENON94 INSTRUMENT4 IMAGE3
        9: TURN_TO SATELLITE0 PLANET95 PHENOMENON94
       10: TAKE_IMAGE SATELLITE0 PLANET95 INSTRUMENT4 THERMOGRAPH4
     

time spent:    0.00 seconds instantiating 105932 easy, 0 hard action templates
               0.01 seconds reachability analysis, yielding 1590 facts and 105932 actions
               0.02 seconds creating final representation with 1590 relevant facts, 0 relevant fluents
               0.13 seconds computing LNF
               0.04 seconds building connectivity graph
               0.08 seconds searching, evaluating 17 states, to a max depth of 1
               0.28 seconds total time

