
ff: parsing domain file
domain 'SATELLITE' defined
 ... done.
ff: parsing problem file
problem 'STRIPS-SAT-X-1' defined
 ... done.


no metric specified. plan length assumed.

checking for cyclic := effects --- OK.

ff: search configuration is EHC, if that fails then  best-first on 1*g(s) + 5*h(s) where
    metric is  plan length

Cueing down from goal distance:   14 into depth [1]
                                  12            [1]
                                  11            [1]
                                  10            [1]
                                   9            [1]
                                   8            [1]
                                   7            [1]
                                   6            [1]
                                   5            [1]
                                   4            [1]
                                   3            [1]
                                   2            [1]
                                   1            [1]
                                   0            

ff: found legal plan as follows

step    0: TURN_TO SATELLITE5 STAR24 PHENOMENON94
        1: TURN_TO SATELLITE0 STAR79 STAR81
        2: SWITCH_ON INSTRUMENT0 SATELLITE0
        3: CALIBRATE SATELLITE0 INSTRUMENT0 STAR79
        4: TURN_TO SATELLITE0 PHENOMENON94 STAR79
        5: TURN_TO SATELLITE1 STAR66 STAR23
        6: TURN_TO SATELLITE2 STAR69 STAR88
        7: TURN_TO SATELLITE3 GROUNDSTATION58 GROUNDSTATION2
        8: TURN_TO SATELLITE6 GROUNDSTATION4 GROUNDSTATION71
        9: TAKE_IMAGE SATELLITE0 PHENOMENON94 INSTRUMENT0 IMAGE3
       10: TURN_TO SATELLITE0 STAR95 PHENOMENON94
       11: TAKE_IMAGE SATELLITE0 STAR95 INSTRUMENT0 IMAGE3
       12: TURN_TO SATELLITE0 GROUNDSTATION47 STAR95
     

time spent:    0.00 seconds instantiating 103822 easy, 0 hard action templates
               0.01 seconds reachability analysis, yielding 1564 facts and 103822 actions
               0.01 seconds creating final representation with 1564 relevant facts, 0 relevant fluents
               0.14 seconds computing LNF
               0.04 seconds building connectivity graph
               0.17 seconds searching, evaluating 27 states, to a max depth of 1
               0.37 seconds total time

