
ff: parsing domain file
domain 'SATELLITE' defined
 ... done.
ff: parsing problem file
problem 'STRIPS-SAT-X-1' defined
 ... done.


no metric specified. plan length assumed.

checking for cyclic := effects --- OK.

ff: search configuration is EHC, if that fails then  best-first on 1*g(s) + 5*h(s) where
    metric is  plan length

Cueing down from goal distance:   15 into depth [1]
                                  14            [1]
                                  13            [1]
                                  12            [1]
                                  11            [1]
                                  10            [1]
                                   9            [1]
                                   8            [1]
                                   7            [1]
                                   6            [1]
                                   5            [1]
                                   4            [1]
                                   3            [1]
                                   2            [1]
                                   1            [1]
                                   0            

ff: found legal plan as follows

step    0: TURN_TO SATELLITE0 STAR59 STAR13
        1: SWITCH_ON INSTRUMENT0 SATELLITE0
        2: TURN_TO SATELLITE1 STAR73 STAR77
        3: CALIBRATE SATELLITE0 INSTRUMENT0 STAR59
        4: TURN_TO SATELLITE0 PLANET94 STAR59
        5: SWITCH_ON INSTRUMENT9 SATELLITE1
        6: CALIBRATE SATELLITE1 INSTRUMENT9 STAR73
        7: TURN_TO SATELLITE1 PHENOMENON95 STAR73
        8: TURN_TO SATELLITE3 GROUNDSTATION67 GROUNDSTATION38
        9: TURN_TO SATELLITE5 STAR6 GROUNDSTATION32
       10: TURN_TO SATELLITE7 GROUNDSTATION31 GROUNDSTATION32
       11: TURN_TO SATELLITE8 STAR63 GROUNDSTATION66
       12: TURN_TO SATELLITE9 GROUNDSTATION1 STAR0
       13: TAKE_IMAGE SATELLITE0 PLANET94 INSTRUMENT0 IMAGE4
       14: TAKE_IMAGE SATELLITE1 PHENOMENON95 INSTRUMENT9 SPECTROGRAPH0
     

time spent:    0.00 seconds instantiating 105262 easy, 0 hard action templates
               0.01 seconds reachability analysis, yielding 1576 facts and 105262 actions
               0.01 seconds creating final representation with 1576 relevant facts, 0 relevant fluents
               0.13 seconds computing LNF
               0.04 seconds building connectivity graph
               0.06 seconds searching, evaluating 17 states, to a max depth of 1
               0.25 seconds total time

