
ff: parsing domain file
domain 'SATELLITE' defined
 ... done.
ff: parsing problem file
problem 'STRIPS-SAT-X-1' defined
 ... done.


no metric specified. plan length assumed.

checking for cyclic := effects --- OK.

ff: search configuration is EHC, if that fails then  best-first on 1*g(s) + 5*h(s) where
    metric is  plan length

Cueing down from goal distance:   14 into depth [1]
                                  13            [1]
                                  12            [1]
                                  11            [1]
                                  10            [1]
                                   9            [1]
                                   8            [1]
                                   7            [1]
                                   6            [1]
                                   5            [1]
                                   4            [1]
                                   3            [1]
                                   2            [1]
                                   1            [1]
                                   0            

ff: found legal plan as follows

step    0: TURN_TO SATELLITE0 GROUNDSTATION81 GROUNDSTATION33
        1: SWITCH_ON INSTRUMENT7 SATELLITE0
        2: TURN_TO SATELLITE1 GROUNDSTATION33 GROUNDSTATION0
        3: CALIBRATE SATELLITE0 INSTRUMENT7 GROUNDSTATION81
        4: TURN_TO SATELLITE0 PLANET94 GROUNDSTATION81
        5: SWITCH_ON INSTRUMENT14 SATELLITE1
        6: CALIBRATE SATELLITE1 INSTRUMENT14 GROUNDSTATION33
        7: TURN_TO SATELLITE1 PLANET95 GROUNDSTATION33
        8: TURN_TO SATELLITE4 GROUNDSTATION71 GROUNDSTATION43
        9: TURN_TO SATELLITE6 STAR19 STAR35
       10: TAKE_IMAGE SATELLITE0 PLANET94 INSTRUMENT7 INFRARED4
       11: TURN_TO SATELLITE0 STAR73 PLANET94
       12: TAKE_IMAGE SATELLITE1 PLANET95 INSTRUMENT14 SPECTROGRAPH0
       13: TURN_TO SATELLITE1 GROUNDSTATION18 PLANET95
     

time spent:    0.00 seconds instantiating 103181 easy, 0 hard action templates
               0.01 seconds reachability analysis, yielding 1548 facts and 103181 actions
               0.01 seconds creating final representation with 1548 relevant facts, 0 relevant fluents
               0.13 seconds computing LNF
               0.04 seconds building connectivity graph
               0.08 seconds searching, evaluating 23 states, to a max depth of 1
               0.27 seconds total time

