
ff: parsing domain file
domain 'SATELLITE' defined
 ... done.
ff: parsing problem file
problem 'STRIPS-SAT-X-1' defined
 ... done.


no metric specified. plan length assumed.

checking for cyclic := effects --- OK.

ff: search configuration is EHC, if that fails then  best-first on 1*g(s) + 5*h(s) where
    metric is  plan length

Cueing down from goal distance:   12 into depth [1]
                                  11            [1]
                                  10            [1]
                                   9            [1]
                                   8            [1]
                                   7            [1]
                                   6            [1][2]
                                   5            [1]
                                   4            [1]
                                   3            [1]
                                   2            [1]
                                   1            [1]
                                   0            

ff: found legal plan as follows

step    0: SWITCH_ON INSTRUMENT0 SATELLITE0
        1: TURN_TO SATELLITE3 STAR5 STAR19
        2: TURN_TO SATELLITE4 STAR14 PHENOMENON23
        3: TURN_TO SATELLITE5 GROUNDSTATION17 STAR10
        4: TURN_TO SATELLITE6 GROUNDSTATION8 STAR9
        5: TURN_TO SATELLITE9 GROUNDSTATION13 STAR5
        6: TURN_TO SATELLITE0 GROUNDSTATION13 PHENOMENON23
        7: CALIBRATE SATELLITE0 INSTRUMENT0 GROUNDSTATION13
        8: TURN_TO SATELLITE0 STAR22 GROUNDSTATION13
        9: TAKE_IMAGE SATELLITE0 STAR22 INSTRUMENT0 INFRARED2
       10: TURN_TO SATELLITE0 PHENOMENON23 STAR22
       11: TAKE_IMAGE SATELLITE0 PHENOMENON23 INSTRUMENT0 INFRARED4
       12: TURN_TO SATELLITE0 GROUNDSTATION4 PHENOMENON23
     

time spent:    0.00 seconds instantiating 9318 easy, 0 hard action templates
               0.00 seconds reachability analysis, yielding 498 facts and 9318 actions
               0.00 seconds creating final representation with 498 relevant facts, 0 relevant fluents
               0.01 seconds computing LNF
               0.01 seconds building connectivity graph
               0.00 seconds searching, evaluating 36 states, to a max depth of 2
               0.02 seconds total time

