
ff: parsing domain file
domain 'SATELLITE' defined
 ... done.
ff: parsing problem file
problem 'STRIPS-SAT-X-1' defined
 ... done.


no metric specified. plan length assumed.

checking for cyclic := effects --- OK.

ff: search configuration is EHC, if that fails then  best-first on 1*g(s) + 5*h(s) where
    metric is  plan length

Cueing down from goal distance:    7 into depth [1]
                                   6            [1]
                                   5            [1]
                                   4            [1]
                                   3            [1][2]
                                   2            [1][2]
                                   1            [1]
                                   0            

ff: found legal plan as follows

step    0: SWITCH_ON INSTRUMENT16 SATELLITE3
        1: TURN_TO SATELLITE0 STAR0 PLANET2
        2: TURN_TO SATELLITE4 PLANET2 STAR1
        3: TURN_TO SATELLITE8 PLANET2 STAR0
        4: TURN_TO SATELLITE3 STAR0 STAR1
        5: CALIBRATE SATELLITE3 INSTRUMENT16 STAR0
        6: TURN_TO SATELLITE3 STAR1 STAR0
        7: TAKE_IMAGE SATELLITE3 STAR1 INSTRUMENT16 SPECTROGRAPH0
        8: TURN_TO SATELLITE3 STAR0 STAR1
     

time spent:    0.00 seconds instantiating 528 easy, 0 hard action templates
               0.00 seconds reachability analysis, yielding 157 facts and 528 actions
               0.00 seconds creating final representation with 157 relevant facts, 0 relevant fluents
               0.00 seconds computing LNF
               0.00 seconds building connectivity graph
               0.00 seconds searching, evaluating 12 states, to a max depth of 2
               0.00 seconds total time

