
ff: parsing domain file
domain 'SATELLITE' defined
 ... done.
ff: parsing problem file
problem 'STRIPS-SAT-X-1' defined
 ... done.


no metric specified. plan length assumed.

checking for cyclic := effects --- OK.

ff: search configuration is EHC, if that fails then  best-first on 1*g(s) + 5*h(s) where
    metric is  plan length

Cueing down from goal distance:   10 into depth [1]
                                   9            [1]
                                   8            [1]
                                   7            [1]
                                   6            [1]
                                   5            [1]
                                   4            [1]
                                   3            [1]
                                   2            [1]
                                   1            [1]
                                   0            

ff: found legal plan as follows

step    0: SWITCH_ON INSTRUMENT4 SATELLITE1
        1: SWITCH_ON INSTRUMENT3 SATELLITE0
        2: TURN_TO SATELLITE0 GROUNDSTATION0 PLANET2
        3: CALIBRATE SATELLITE0 INSTRUMENT3 GROUNDSTATION0
        4: TURN_TO SATELLITE0 PLANET2 GROUNDSTATION0
        5: TURN_TO SATELLITE1 GROUNDSTATION0 PHENOMENON1
        6: TURN_TO SATELLITE7 PHENOMENON1 PLANET2
        7: TAKE_IMAGE SATELLITE0 PLANET2 INSTRUMENT3 THERMOGRAPH0
        8: TURN_TO SATELLITE0 PHENOMENON1 PLANET2
        9: TAKE_IMAGE SATELLITE0 PHENOMENON1 INSTRUMENT3 THERMOGRAPH1
     

time spent:    0.00 seconds instantiating 552 easy, 0 hard action templates
               0.00 seconds reachability analysis, yielding 157 facts and 552 actions
               0.00 seconds creating final representation with 157 relevant facts, 0 relevant fluents
               0.00 seconds computing LNF
               0.00 seconds building connectivity graph
               0.00 seconds searching, evaluating 16 states, to a max depth of 1
               0.00 seconds total time

