
ff: parsing domain file
domain 'SATELLITE' defined
 ... done.
ff: parsing problem file
problem 'STRIPS-SAT-X-1' defined
 ... done.


no metric specified. plan length assumed.

checking for cyclic := effects --- OK.

ff: search configuration is EHC, if that fails then  best-first on 1*g(s) + 5*h(s) where
    metric is  plan length

Cueing down from goal distance:   10 into depth [1]
                                   9            [1]
                                   8            [1]
                                   7            [1]
                                   6            [1][2]
                                   5            [1]
                                   4            [1]
                                   3            [1][2]
                                   2            [1]
                                   1            [1]
                                   0            

ff: found legal plan as follows

step    0: SWITCH_ON INSTRUMENT16 SATELLITE2
        1: SWITCH_ON INSTRUMENT4 SATELLITE0
        2: TURN_TO SATELLITE1 PHENOMENON2 STAR0
        3: TURN_TO SATELLITE9 PHENOMENON2 STAR0
        4: TURN_TO SATELLITE2 STAR0 PHENOMENON1
        5: CALIBRATE SATELLITE2 INSTRUMENT16 STAR0
        6: TURN_TO SATELLITE2 PHENOMENON1 STAR0
        7: TAKE_IMAGE SATELLITE2 PHENOMENON1 INSTRUMENT16 INFRARED1
        8: TURN_TO SATELLITE0 STAR0 PHENOMENON2
        9: CALIBRATE SATELLITE0 INSTRUMENT4 STAR0
       10: TURN_TO SATELLITE0 PHENOMENON2 STAR0
       11: TAKE_IMAGE SATELLITE0 PHENOMENON2 INSTRUMENT4 IMAGE0
     

time spent:    0.00 seconds instantiating 735 easy, 0 hard action templates
               0.00 seconds reachability analysis, yielding 199 facts and 735 actions
               0.00 seconds creating final representation with 199 relevant facts, 0 relevant fluents
               0.00 seconds computing LNF
               0.00 seconds building connectivity graph
               0.00 seconds searching, evaluating 25 states, to a max depth of 2
               0.00 seconds total time

