
ff: parsing domain file
domain 'SATELLITE' defined
 ... done.
ff: parsing problem file
problem 'STRIPS-SAT-X-1' defined
 ... done.


no metric specified. plan length assumed.

checking for cyclic := effects --- OK.

ff: search configuration is EHC, if that fails then  best-first on 1*g(s) + 5*h(s) where
    metric is  plan length

Cueing down from goal distance:   15 into depth [1]
                                  14            [1]
                                  12            [1]
                                  11            [1]
                                  10            [1]
                                   9            [1]
                                   8            [1]
                                   7            [1]
                                   6            [1]
                                   5            [1]
                                   4            [1]
                                   3            [1]
                                   2            [1]
                                   1            [1]
                                   0            

ff: found legal plan as follows

step    0: TURN_TO SATELLITE0 GROUNDSTATION32 STAR36
        1: TURN_TO SATELLITE5 STAR18 PHENOMENON85
        2: SWITCH_ON INSTRUMENT2 SATELLITE0
        3: CALIBRATE SATELLITE0 INSTRUMENT2 GROUNDSTATION32
        4: TURN_TO SATELLITE0 PLANET84 GROUNDSTATION32
        5: TURN_TO SATELLITE2 GROUNDSTATION33 STAR55
        6: TURN_TO SATELLITE5 STAR66 STAR18
        7: TURN_TO SATELLITE6 STAR52 STAR63
        8: TURN_TO SATELLITE8 GROUNDSTATION44 GROUNDSTATION50
        9: TURN_TO SATELLITE9 GROUNDSTATION79 GROUNDSTATION48
       10: TAKE_IMAGE SATELLITE0 PLANET84 INSTRUMENT2 THERMOGRAPH4
       11: TURN_TO SATELLITE0 PHENOMENON85 PLANET84
       12: TAKE_IMAGE SATELLITE0 PHENOMENON85 INSTRUMENT2 INFRARED3
       13: TURN_TO SATELLITE0 GROUNDSTATION79 PHENOMENON85
     

time spent:    0.00 seconds instantiating 85920 easy, 0 hard action templates
               0.00 seconds reachability analysis, yielding 1428 facts and 85920 actions
               0.02 seconds creating final representation with 1428 relevant facts, 0 relevant fluents
               0.11 seconds computing LNF
               0.03 seconds building connectivity graph
               0.10 seconds searching, evaluating 30 states, to a max depth of 1
               0.26 seconds total time

