
ff: parsing domain file
domain 'SATELLITE' defined
 ... done.
ff: parsing problem file
problem 'STRIPS-SAT-X-1' defined
 ... done.


no metric specified. plan length assumed.

checking for cyclic := effects --- OK.

ff: search configuration is EHC, if that fails then  best-first on 1*g(s) + 5*h(s) where
    metric is  plan length

Cueing down from goal distance:   15 into depth [1]
                                  14            [1]
                                  13            [1]
                                  12            [1]
                                  11            [1]
                                  10            [1]
                                   9            [1]
                                   8            [1]
                                   7            [1]
                                   6            [1]
                                   5            [1]
                                   4            [1]
                                   3            [1]
                                   2            [1]
                                   1            [1]
                                   0            

ff: found legal plan as follows

step    0: SWITCH_ON INSTRUMENT2 SATELLITE0
        1: TURN_TO SATELLITE1 STAR36 STAR32
        2: CALIBRATE SATELLITE0 INSTRUMENT2 GROUNDSTATION13
        3: TURN_TO SATELLITE0 PLANET85 GROUNDSTATION13
        4: SWITCH_ON INSTRUMENT5 SATELLITE1
        5: CALIBRATE SATELLITE1 INSTRUMENT5 STAR36
        6: TURN_TO SATELLITE1 PHENOMENON84 STAR36
        7: TURN_TO SATELLITE3 GROUNDSTATION47 GROUNDSTATION82
        8: TURN_TO SATELLITE6 STAR0 STAR76
        9: TURN_TO SATELLITE7 STAR81 STAR56
       10: TURN_TO SATELLITE9 GROUNDSTATION1 STAR31
       11: TAKE_IMAGE SATELLITE1 PHENOMENON84 INSTRUMENT5 IMAGE1
       12: TURN_TO SATELLITE1 STAR50 PHENOMENON84
       13: TAKE_IMAGE SATELLITE0 PLANET85 INSTRUMENT2 THERMOGRAPH0
       14: TURN_TO SATELLITE0 GROUNDSTATION42 PLANET85
     

time spent:    0.00 seconds instantiating 85676 easy, 0 hard action templates
               0.00 seconds reachability analysis, yielding 1424 facts and 85676 actions
               0.02 seconds creating final representation with 1424 relevant facts, 0 relevant fluents
               0.11 seconds computing LNF
               0.04 seconds building connectivity graph
               0.08 seconds searching, evaluating 31 states, to a max depth of 1
               0.25 seconds total time

