
ff: parsing domain file
domain 'SATELLITE' defined
 ... done.
ff: parsing problem file
problem 'STRIPS-SAT-X-1' defined
 ... done.


no metric specified. plan length assumed.

checking for cyclic := effects --- OK.

ff: search configuration is EHC, if that fails then  best-first on 1*g(s) + 5*h(s) where
    metric is  plan length

Cueing down from goal distance:    4 into depth [1]
                                   3            [1]
                                   2            [1]
                                   1            [1]
                                   0            

ff: found legal plan as follows

step    0: TURN_TO SATELLITE0 STAR39 STAR22
        1: TURN_TO SATELLITE2 GROUNDSTATION77 GROUNDSTATION60
        2: TURN_TO SATELLITE8 PHENOMENON84 STAR7
        3: TURN_TO SATELLITE9 GROUNDSTATION73 STAR40
     

time spent:    0.00 seconds instantiating 83179 easy, 0 hard action templates
               0.01 seconds reachability analysis, yielding 1402 facts and 83179 actions
               0.01 seconds creating final representation with 1402 relevant facts, 0 relevant fluents
               0.11 seconds computing LNF
               0.03 seconds building connectivity graph
               0.00 seconds searching, evaluating 5 states, to a max depth of 1
               0.16 seconds total time

