
ff: parsing domain file
domain 'SATELLITE' defined
 ... done.
ff: parsing problem file
problem 'STRIPS-SAT-X-1' defined
 ... done.


no metric specified. plan length assumed.

checking for cyclic := effects --- OK.

ff: search configuration is EHC, if that fails then  best-first on 1*g(s) + 5*h(s) where
    metric is  plan length

Cueing down from goal distance:   10 into depth [1]
                                   9            [1]
                                   8            [1]
                                   7            [1]
                                   6            [1]
                                   5            [1]
                                   4            [1]
                                   3            [1]
                                   2            [1]
                                   1            [1]
                                   0            

ff: found legal plan as follows

step    0: TURN_TO SATELLITE0 STAR31 STAR17
        1: SWITCH_ON INSTRUMENT4 SATELLITE0
        2: CALIBRATE SATELLITE0 INSTRUMENT4 STAR31
        3: TURN_TO SATELLITE0 PLANET84 STAR31
        4: TURN_TO SATELLITE2 GROUNDSTATION59 STAR33
        5: TURN_TO SATELLITE3 GROUNDSTATION83 STAR60
        6: TURN_TO SATELLITE7 STAR56 STAR3
        7: TURN_TO SATELLITE9 PLANET85 STAR47
        8: TAKE_IMAGE SATELLITE0 PLANET84 INSTRUMENT4 INFRARED3
        9: TURN_TO SATELLITE0 GROUNDSTATION73 PLANET84
     

time spent:    0.00 seconds instantiating 83377 easy, 0 hard action templates
               0.01 seconds reachability analysis, yielding 1398 facts and 83377 actions
               0.01 seconds creating final representation with 1398 relevant facts, 0 relevant fluents
               0.10 seconds computing LNF
               0.04 seconds building connectivity graph
               0.04 seconds searching, evaluating 16 states, to a max depth of 1
               0.20 seconds total time

