
ff: parsing domain file
domain 'SATELLITE' defined
 ... done.
ff: parsing problem file
problem 'STRIPS-SAT-X-1' defined
 ... done.


no metric specified. plan length assumed.

checking for cyclic := effects --- OK.

ff: search configuration is EHC, if that fails then  best-first on 1*g(s) + 5*h(s) where
    metric is  plan length

Cueing down from goal distance:   16 into depth [1]
                                  15            [1]
                                  14            [1]
                                  13            [1]
                                  12            [1]
                                  11            [1]
                                  10            [1]
                                   9            [1]
                                   8            [1]
                                   7            [1]
                                   6            [1]
                                   5            [1]
                                   4            [1]
                                   3            [1]
                                   2            [1]
                                   1            [1]
                                   0            

ff: found legal plan as follows

step    0: TURN_TO SATELLITE0 GROUNDSTATION10 GROUNDSTATION1
        1: TURN_TO SATELLITE1 GROUNDSTATION10 GROUNDSTATION58
        2: SWITCH_ON INSTRUMENT0 SATELLITE0
        3: CALIBRATE SATELLITE0 INSTRUMENT0 GROUNDSTATION10
        4: TURN_TO SATELLITE0 PHENOMENON84 GROUNDSTATION10
        5: SWITCH_ON INSTRUMENT3 SATELLITE1
        6: CALIBRATE SATELLITE1 INSTRUMENT3 GROUNDSTATION10
        7: TURN_TO SATELLITE1 STAR85 GROUNDSTATION10
        8: TURN_TO SATELLITE2 GROUNDSTATION10 GROUNDSTATION32
        9: TURN_TO SATELLITE4 STAR53 GROUNDSTATION75
       10: TURN_TO SATELLITE5 GROUNDSTATION47 STAR24
       11: TURN_TO SATELLITE7 STAR61 STAR42
       12: TURN_TO SATELLITE9 STAR34 GROUNDSTATION1
       13: TAKE_IMAGE SATELLITE0 PHENOMENON84 INSTRUMENT0 SPECTROGRAPH4
       14: TURN_TO SATELLITE0 GROUNDSTATION45 PHENOMENON84
       15: TAKE_IMAGE SATELLITE1 STAR85 INSTRUMENT3 SPECTROGRAPH2
     

time spent:    0.00 seconds instantiating 84137 easy, 0 hard action templates
               0.01 seconds reachability analysis, yielding 1408 facts and 84137 actions
               0.01 seconds creating final representation with 1408 relevant facts, 0 relevant fluents
               0.12 seconds computing LNF
               0.04 seconds building connectivity graph
               0.08 seconds searching, evaluating 23 states, to a max depth of 1
               0.26 seconds total time

