
ff: parsing domain file
domain 'SATELLITE' defined
 ... done.
ff: parsing problem file
problem 'STRIPS-SAT-X-1' defined
 ... done.


no metric specified. plan length assumed.

checking for cyclic := effects --- OK.

ff: search configuration is EHC, if that fails then  best-first on 1*g(s) + 5*h(s) where
    metric is  plan length

Cueing down from goal distance:   12 into depth [1]
                                  11            [1]
                                  10            [1]
                                   7            [1]
                                   6            [1]
                                   5            [1]
                                   4            [1]
                                   3            [1]
                                   2            [1]
                                   1            [1]
                                   0            

ff: found legal plan as follows

step    0: TURN_TO SATELLITE0 STAR67 GROUNDSTATION18
        1: TURN_TO SATELLITE0 STAR5 STAR67
        2: SWITCH_ON INSTRUMENT2 SATELLITE0
        3: CALIBRATE SATELLITE0 INSTRUMENT2 STAR5
        4: TURN_TO SATELLITE0 PLANET84 STAR5
        5: TURN_TO SATELLITE1 GROUNDSTATION62 STAR28
        6: TAKE_IMAGE SATELLITE0 PLANET84 INSTRUMENT2 INFRARED1
        7: TURN_TO SATELLITE0 PHENOMENON85 PLANET84
        8: TAKE_IMAGE SATELLITE0 PHENOMENON85 INSTRUMENT2 THERMOGRAPH4
        9: TURN_TO SATELLITE0 STAR47 PHENOMENON85
     

time spent:    0.00 seconds instantiating 84674 easy, 0 hard action templates
               0.01 seconds reachability analysis, yielding 1406 facts and 84674 actions
               0.01 seconds creating final representation with 1406 relevant facts, 0 relevant fluents
               0.10 seconds computing LNF
               0.05 seconds building connectivity graph
               0.09 seconds searching, evaluating 19 states, to a max depth of 1
               0.26 seconds total time

