
ff: parsing domain file
domain 'SATELLITE' defined
 ... done.
ff: parsing problem file
problem 'STRIPS-SAT-X-1' defined
 ... done.


no metric specified. plan length assumed.

checking for cyclic := effects --- OK.

ff: search configuration is EHC, if that fails then  best-first on 1*g(s) + 5*h(s) where
    metric is  plan length

Cueing down from goal distance:   14 into depth [1]
                                  13            [1]
                                  12            [1]
                                  11            [1]
                                  10            [1]
                                   9            [1]
                                   8            [1]
                                   7            [1]
                                   6            [1]
                                   5            [1]
                                   4            [1]
                                   3            [1]
                                   2            [1]
                                   1            [1]
                                   0            

ff: found legal plan as follows

step    0: TURN_TO SATELLITE0 STAR43 STAR84
        1: SWITCH_ON INSTRUMENT0 SATELLITE0
        2: TURN_TO SATELLITE1 GROUNDSTATION27 STAR84
        3: CALIBRATE SATELLITE0 INSTRUMENT0 STAR43
        4: TURN_TO SATELLITE0 PLANET150 STAR43
        5: SWITCH_ON INSTRUMENT4 SATELLITE1
        6: CALIBRATE SATELLITE1 INSTRUMENT4 GROUNDSTATION27
        7: TURN_TO SATELLITE1 PHENOMENON151 GROUNDSTATION27
        8: TURN_TO SATELLITE3 STAR0 STAR24
        9: TURN_TO SATELLITE5 STAR83 STAR71
       10: TURN_TO SATELLITE7 GROUNDSTATION110 GROUNDSTATION78
       11: TURN_TO SATELLITE8 STAR99 GROUNDSTATION8
       12: TAKE_IMAGE SATELLITE0 PLANET150 INSTRUMENT0 INFRARED1
       13: TAKE_IMAGE SATELLITE1 PHENOMENON151 INSTRUMENT4 INFRARED4
     

time spent:    0.00 seconds instantiating 250570 easy, 0 hard action templates
               0.03 seconds reachability analysis, yielding 2406 facts and 250570 actions
               0.05 seconds creating final representation with 2406 relevant facts, 0 relevant fluents
               0.30 seconds computing LNF
               0.10 seconds building connectivity graph
               0.17 seconds searching, evaluating 16 states, to a max depth of 1
               0.65 seconds total time

