
ff: parsing domain file
domain 'SATELLITE' defined
 ... done.
ff: parsing problem file
problem 'STRIPS-SAT-X-1' defined
 ... done.


no metric specified. plan length assumed.

checking for cyclic := effects --- OK.

ff: search configuration is EHC, if that fails then  best-first on 1*g(s) + 5*h(s) where
    metric is  plan length

Cueing down from goal distance:   11 into depth [1]
                                  10            [1]
                                   9            [1]
                                   8            [1]
                                   7            [1]
                                   6            [1]
                                   5            [1]
                                   4            [1]
                                   3            [1]
                                   2            [1]
                                   1            [1]
                                   0            

ff: found legal plan as follows

step    0: TURN_TO SATELLITE0 STAR59 GROUNDSTATION49
        1: SWITCH_ON INSTRUMENT0 SATELLITE0
        2: CALIBRATE SATELLITE0 INSTRUMENT0 STAR59
        3: TURN_TO SATELLITE0 PLANET150 STAR59
        4: TURN_TO SATELLITE2 STAR122 GROUNDSTATION124
        5: TURN_TO SATELLITE4 STAR86 GROUNDSTATION110
        6: TURN_TO SATELLITE6 STAR7 STAR146
        7: TAKE_IMAGE SATELLITE0 PLANET150 INSTRUMENT0 INFRARED1
        8: TURN_TO SATELLITE0 STAR151 PLANET150
        9: TAKE_IMAGE SATELLITE0 STAR151 INSTRUMENT0 IMAGE2
       10: TURN_TO SATELLITE0 STAR120 STAR151
     

time spent:    0.00 seconds instantiating 253202 easy, 0 hard action templates
               0.03 seconds reachability analysis, yielding 2426 facts and 253202 actions
               0.03 seconds creating final representation with 2426 relevant facts, 0 relevant fluents
               0.30 seconds computing LNF
               0.09 seconds building connectivity graph
               0.38 seconds searching, evaluating 23 states, to a max depth of 1
               0.83 seconds total time

