
ff: parsing domain file
domain 'SATELLITE' defined
 ... done.
ff: parsing problem file
problem 'STRIPS-SAT-X-1' defined
 ... done.


no metric specified. plan length assumed.

checking for cyclic := effects --- OK.

ff: search configuration is EHC, if that fails then  best-first on 1*g(s) + 5*h(s) where
    metric is  plan length

Cueing down from goal distance:   13 into depth [1]
                                  12            [1]
                                  10            [1]
                                   9            [1]
                                   8            [1]
                                   7            [1]
                                   6            [1]
                                   5            [1]
                                   4            [1]
                                   3            [1]
                                   2            [1]
                                   1            [1]
                                   0            

ff: found legal plan as follows

step    0: TURN_TO SATELLITE2 STAR142 STAR143
        1: TURN_TO SATELLITE5 GROUNDSTATION36 PHENOMENON151
        2: SWITCH_ON INSTRUMENT4 SATELLITE2
        3: CALIBRATE SATELLITE2 INSTRUMENT4 STAR142
        4: TURN_TO SATELLITE2 PLANET150 STAR142
        5: TURN_TO SATELLITE3 STAR143 STAR127
        6: TURN_TO SATELLITE7 STAR145 GROUNDSTATION28
        7: TURN_TO SATELLITE9 STAR127 GROUNDSTATION85
        8: TAKE_IMAGE SATELLITE2 PLANET150 INSTRUMENT4 INFRARED2
        9: TURN_TO SATELLITE2 PHENOMENON151 PLANET150
       10: TAKE_IMAGE SATELLITE2 PHENOMENON151 INSTRUMENT4 INFRARED2
       11: TURN_TO SATELLITE2 GROUNDSTATION108 PHENOMENON151
     

time spent:    0.00 seconds instantiating 244070 easy, 0 hard action templates
               0.03 seconds reachability analysis, yielding 2380 facts and 244070 actions
               0.04 seconds creating final representation with 2380 relevant facts, 0 relevant fluents
               0.31 seconds computing LNF
               0.11 seconds building connectivity graph
               0.48 seconds searching, evaluating 24 states, to a max depth of 1
               0.97 seconds total time

