
ff: parsing domain file
domain 'BLOCKS' defined
 ... done.
ff: parsing problem file
problem 'PB9' defined
 ... done.


no metric specified. plan length assumed.

checking for cyclic := effects --- OK.

ff: search configuration is EHC, if that fails then  best-first on 1*g(s) + 5*h(s) where
    metric is  plan length

Cueing down from goal distance:   32 into depth [1]
                                  31            [1][2]
                                  30            [1][2][3][4][5][6][7][8]
                                  29            [1][2]
                                  28            [1][2]
                                  27            [1][2][3][4][5]
                                  26            [1][2][3]
                                  25            [1][2][3]
                                  24            [1]
                                  23            [1]
                                  22            [1][2][3]
                                  21            [1][2]
                                  20            [1][2][3][4][5][6][7][8]
                                  19            [1][2][3][4][5]
                                  18            [1]
                                  17            [1][2]
                                  16            [1]
                                  15            [1][2]
                                  13            [1][2][3][4]
                                  12            [1]
                                  11            [1]
                                  10            [1][2]
                                   8            [1][2][3][4][5][6][7][8][9][10][11][12][13][14][15][16][17][18][19]
                                   7            [1]
                                   6            [1]
                                   5            [1][2][3]
                                   4            [1]
                                   3            [1]
                                   2            [1][2]
                                   0            

ff: found legal plan as follows

step    0: UNSTACK BLOCK11 BLOCK15
        1: PUT-DOWN BLOCK11
        2: UNSTACK BLOCK15 BLOCK5
        3: PUT-DOWN BLOCK15
        4: UNSTACK BLOCK14 BLOCK7
        5: STACK BLOCK14 BLOCK11
        6: UNSTACK BLOCK7 BLOCK17
        7: STACK BLOCK7 BLOCK14
        8: UNSTACK BLOCK5 BLOCK1
        9: STACK BLOCK5 BLOCK7
       10: UNSTACK BLOCK17 BLOCK3
       11: STACK BLOCK17 BLOCK5
       12: UNSTACK BLOCK3 BLOCK12
       13: STACK BLOCK3 BLOCK15
       14: UNSTACK BLOCK12 BLOCK10
       15: STACK BLOCK12 BLOCK17
       16: UNSTACK BLOCK10 BLOCK13
       17: STACK BLOCK10 BLOCK3
       18: UNSTACK BLOCK1 BLOCK16
       19: STACK BLOCK1 BLOCK10
       20: UNSTACK BLOCK12 BLOCK17
       21: STACK BLOCK12 BLOCK16
       22: UNSTACK BLOCK17 BLOCK5
       23: STACK BLOCK17 BLOCK13
       24: UNSTACK BLOCK5 BLOCK7
       25: STACK BLOCK5 BLOCK12
       26: UNSTACK BLOCK17 BLOCK13
       27: STACK BLOCK17 BLOCK5
       28: UNSTACK BLOCK13 BLOCK2
       29: STACK BLOCK13 BLOCK7
       30: UNSTACK BLOCK17 BLOCK5
       31: STACK BLOCK17 BLOCK13
       32: UNSTACK BLOCK5 BLOCK12
       33: STACK BLOCK5 BLOCK17
       34: UNSTACK BLOCK2 BLOCK4
       35: STACK BLOCK2 BLOCK12
       36: UNSTACK BLOCK4 BLOCK8
       37: STACK BLOCK4 BLOCK5
       38: UNSTACK BLOCK8 BLOCK6
       39: STACK BLOCK8 BLOCK2
       40: UNSTACK BLOCK6 BLOCK9
       41: PUT-DOWN BLOCK6
       42: PICK-UP BLOCK9
       43: STACK BLOCK9 BLOCK1
       44: UNSTACK BLOCK8 BLOCK2
       45: STACK BLOCK8 BLOCK9
       46: UNSTACK BLOCK2 BLOCK12
       47: STACK BLOCK2 BLOCK6
       48: UNSTACK BLOCK8 BLOCK9
       49: STACK BLOCK8 BLOCK2
       50: UNSTACK BLOCK12 BLOCK16
       51: STACK BLOCK12 BLOCK8
       52: UNSTACK BLOCK4 BLOCK5
       53: STACK BLOCK4 BLOCK9
       54: UNSTACK BLOCK5 BLOCK17
       55: STACK BLOCK5 BLOCK4
       56: UNSTACK BLOCK17 BLOCK13
       57: STACK BLOCK17 BLOCK12
       58: UNSTACK BLOCK13 BLOCK7
       59: STACK BLOCK13 BLOCK17
       60: UNSTACK BLOCK7 BLOCK14
       61: STACK BLOCK7 BLOCK13
       62: UNSTACK BLOCK14 BLOCK11
       63: STACK BLOCK14 BLOCK7
       64: PICK-UP BLOCK11
       65: STACK BLOCK11 BLOCK16
       66: UNSTACK BLOCK14 BLOCK7
       67: STACK BLOCK14 BLOCK11
       68: UNSTACK BLOCK7 BLOCK13
       69: STACK BLOCK7 BLOCK14
       70: UNSTACK BLOCK13 BLOCK17
       71: STACK BLOCK13 BLOCK7
       72: UNSTACK BLOCK17 BLOCK12
       73: STACK BLOCK17 BLOCK13
       74: UNSTACK BLOCK5 BLOCK4
       75: STACK BLOCK5 BLOCK17
       76: UNSTACK BLOCK4 BLOCK9
       77: STACK BLOCK4 BLOCK5
     

time spent:    0.00 seconds instantiating 612 easy, 0 hard action templates
               0.00 seconds reachability analysis, yielding 341 facts and 612 actions
               0.00 seconds creating final representation with 341 relevant facts, 0 relevant fluents
               0.00 seconds computing LNF
               0.00 seconds building connectivity graph
              80.69 seconds searching, evaluating 1044675 states, to a max depth of 19
              80.69 seconds total time

