
ff: parsing domain file
domain 'BLOCKS' defined
 ... done.
ff: parsing problem file
problem 'PB3' defined
 ... done.


no metric specified. plan length assumed.

checking for cyclic := effects --- OK.

ff: search configuration is EHC, if that fails then  best-first on 1*g(s) + 5*h(s) where
    metric is  plan length

Cueing down from goal distance:   31 into depth [1][2][3]
                                  30            [1][2][3][4][5][6][7][8]
                                  29            [1][2][3][4][5][6]
                                  28            [1][2][3][4][5][6][7][8][9][10]
                                  27            [1][2]
                                  26            [1][2][3][4][5][6][7][8][9][10]
                                  25            [1][2][3]
                                  24            [1]
                                  23            [1][2][3][4]
                                  22            [1][2]
                                  21            [1][2][3][4][5][6][7][8]
                                  20            [1][2][3][4][5][6][7][8]
                                  19            [1][2][3]
                                  18            [1][2][3][4][5][6][7][8][9][10][11][12][13][14]