
ff: parsing domain file
domain 'BLOCKS' defined
 ... done.
ff: parsing problem file
problem 'PB7' defined
 ... done.


no metric specified. plan length assumed.

checking for cyclic := effects --- OK.

ff: search configuration is EHC, if that fails then  best-first on 1*g(s) + 5*h(s) where
    metric is  plan length

Cueing down from goal distance:   33 into depth [1]
                                  32            [1]
                                  31            [1][2][3]
                                  30            [1]
                                  29            [1]
                                  28            [1][2][3][4][5]
                                  27            [1][2][3][4][5][6]
                                  26            [1]
                                  25            [1][2]
                                  24            [1][2][3][4][5][6]
                                  23            [1]
                                  22            [1][2]
                                  21            [1][2][3][4][5][6][7]
                                  20            [1]
                                  19            [1]
                                  18            [1]
                                  17            [1][2]
                                  16            [1][2][3]
                                  15            [1]
                                  14            [1][2]
                                  12            [1][2][3][4][5][6][7][8][9][10][11][12]
                                  11            [1][2][3][4][5][6][7][8][9][10][11][12][13]
                                  10            [1][2][3]
                                   9            [1]
                                   8            [1]
                                   7            [1][2]
                                   5            [1][2][3][4][5][6][7][8][9][10]
                                   4            [1]
                                   3            [1]
                                   2            [1][2]
                                   0            

ff: found legal plan as follows

step    0: UNSTACK BLOCK8 BLOCK15
        1: PUT-DOWN BLOCK8
        2: UNSTACK BLOCK11 BLOCK10
        3: STACK BLOCK11 BLOCK15
        4: UNSTACK BLOCK10 BLOCK16
        5: PUT-DOWN BLOCK10
        6: PICK-UP BLOCK4
        7: STACK BLOCK4 BLOCK16
        8: UNSTACK BLOCK5 BLOCK6
        9: STACK BLOCK5 BLOCK11
       10: PICK-UP BLOCK6
       11: STACK BLOCK6 BLOCK5
       12: UNSTACK BLOCK4 BLOCK16
       13: STACK BLOCK4 BLOCK10
       14: UNSTACK BLOCK16 BLOCK17
       15: STACK BLOCK16 BLOCK8
       16: UNSTACK BLOCK17 BLOCK14
       17: PUT-DOWN BLOCK17
       18: UNSTACK BLOCK4 BLOCK10
       19: STACK BLOCK4 BLOCK16
       20: UNSTACK BLOCK14 BLOCK3
       21: STACK BLOCK14 BLOCK4
       22: UNSTACK BLOCK6 BLOCK5
       23: STACK BLOCK6 BLOCK3
       24: UNSTACK BLOCK5 BLOCK11
       25: STACK BLOCK5 BLOCK14
       26: UNSTACK BLOCK11 BLOCK15
       27: STACK BLOCK11 BLOCK17
       28: UNSTACK BLOCK6 BLOCK3
       29: STACK BLOCK6 BLOCK5
       30: UNSTACK BLOCK3 BLOCK12
       31: STACK BLOCK3 BLOCK11
       32: UNSTACK BLOCK12 BLOCK1
       33: STACK BLOCK12 BLOCK6
       34: UNSTACK BLOCK1 BLOCK7
       35: STACK BLOCK1 BLOCK15
       36: UNSTACK BLOCK7 BLOCK2
       37: STACK BLOCK7 BLOCK10
       38: UNSTACK BLOCK2 BLOCK13
       39: PUT-DOWN BLOCK2
       40: UNSTACK BLOCK12 BLOCK6
       41: STACK BLOCK12 BLOCK1
       42: UNSTACK BLOCK13 BLOCK9
       43: STACK BLOCK13 BLOCK12
       44: PICK-UP BLOCK9
       45: STACK BLOCK9 BLOCK7
       46: UNSTACK BLOCK3 BLOCK11
       47: STACK BLOCK3 BLOCK9
       48: UNSTACK BLOCK13 BLOCK12
       49: STACK BLOCK13 BLOCK11
       50: UNSTACK BLOCK12 BLOCK1
       51: STACK BLOCK12 BLOCK2
       52: UNSTACK BLOCK1 BLOCK15
       53: STACK BLOCK1 BLOCK12
       54: PICK-UP BLOCK15
       55: STACK BLOCK15 BLOCK13
       56: UNSTACK BLOCK1 BLOCK12
       57: STACK BLOCK1 BLOCK15
       58: UNSTACK BLOCK12 BLOCK2
       59: STACK BLOCK12 BLOCK1
       60: UNSTACK BLOCK6 BLOCK5
       61: STACK BLOCK6 BLOCK12
       62: UNSTACK BLOCK5 BLOCK14
       63: STACK BLOCK5 BLOCK3
       64: UNSTACK BLOCK14 BLOCK4
       65: STACK BLOCK14 BLOCK6
       66: UNSTACK BLOCK4 BLOCK16
       67: STACK BLOCK4 BLOCK14
       68: UNSTACK BLOCK16 BLOCK8
       69: STACK BLOCK16 BLOCK2
       70: UNSTACK BLOCK4 BLOCK14
       71: STACK BLOCK4 BLOCK16
       72: UNSTACK BLOCK14 BLOCK6
       73: STACK BLOCK14 BLOCK4
       74: UNSTACK BLOCK5 BLOCK3
       75: STACK BLOCK5 BLOCK14
       76: UNSTACK BLOCK6 BLOCK12
       77: STACK BLOCK6 BLOCK5
       78: UNSTACK BLOCK12 BLOCK1
       79: STACK BLOCK12 BLOCK6
       80: UNSTACK BLOCK1 BLOCK15
       81: STACK BLOCK1 BLOCK12
       82: UNSTACK BLOCK15 BLOCK13
       83: STACK BLOCK15 BLOCK1
       84: UNSTACK BLOCK13 BLOCK11
       85: STACK BLOCK13 BLOCK8
       86: UNSTACK BLOCK15 BLOCK1
       87: STACK BLOCK15 BLOCK13
       88: UNSTACK BLOCK1 BLOCK12
       89: STACK BLOCK1 BLOCK15
       90: UNSTACK BLOCK12 BLOCK6
       91: STACK BLOCK12 BLOCK1
     

time spent:    0.00 seconds instantiating 612 easy, 0 hard action templates
               0.00 seconds reachability analysis, yielding 341 facts and 612 actions
               0.00 seconds creating final representation with 341 relevant facts, 0 relevant fluents
               0.00 seconds computing LNF
               0.00 seconds building connectivity graph
              23.20 seconds searching, evaluating 502293 states, to a max depth of 13
              23.20 seconds total time

