
ff: parsing domain file
domain 'SATELLITE' defined
 ... done.
ff: parsing problem file
problem 'STRIPS-SAT-X-1' defined
 ... done.


no metric specified. plan length assumed.

checking for cyclic := effects --- OK.

ff: search configuration is EHC, if that fails then  best-first on 1*g(s) + 5*h(s) where
    metric is  plan length

Cueing down from goal distance:   13 into depth [1]
                                  12            [1]
                                  11            [1]
                                  10            [1]
                                   9            [1]
                                   8            [1]
                                   7            [1]
                                   6            [1]
                                   5            [1]
                                   4            [1][2]
                                   3            [1]
                                   2            [1]
                                   1            [1]
                                   0            

ff: found legal plan as follows

step    0: TURN_TO SATELLITE0 GROUNDSTATION11 STAR19
        1: SWITCH_ON INSTRUMENT12 SATELLITE2
        2: SWITCH_ON INSTRUMENT0 SATELLITE0
        3: CALIBRATE SATELLITE0 INSTRUMENT0 GROUNDSTATION11
        4: TURN_TO SATELLITE0 PLANET32 GROUNDSTATION11
        5: TURN_TO SATELLITE6 GROUNDSTATION17 GROUNDSTATION7
        6: TURN_TO SATELLITE7 STAR29 STAR25
        7: TURN_TO SATELLITE9 STAR19 GROUNDSTATION23
        8: TAKE_IMAGE SATELLITE0 PLANET32 INSTRUMENT0 THERMOGRAPH3
        9: TURN_TO SATELLITE2 STAR30 PLANET31
       10: CALIBRATE SATELLITE2 INSTRUMENT12 STAR30
       11: TURN_TO SATELLITE2 PLANET31 STAR30
       12: TAKE_IMAGE SATELLITE2 PLANET31 INSTRUMENT12 INFRARED1
       13: TURN_TO SATELLITE2 GROUNDSTATION13 PLANET31
     

time spent:    0.00 seconds instantiating 15636 easy, 0 hard action templates
               0.00 seconds reachability analysis, yielding 627 facts and 15636 actions
               0.00 seconds creating final representation with 627 relevant facts, 0 relevant fluents
               0.02 seconds computing LNF
               0.00 seconds building connectivity graph
               0.01 seconds searching, evaluating 30 states, to a max depth of 2
               0.03 seconds total time

