
ff: parsing domain file
domain 'SATELLITE' defined
 ... done.
ff: parsing problem file
problem 'STRIPS-SAT-X-1' defined
 ... done.


no metric specified. plan length assumed.

checking for cyclic := effects --- OK.

ff: search configuration is EHC, if that fails then  best-first on 1*g(s) + 5*h(s) where
    metric is  plan length

Cueing down from goal distance:    8 into depth [1]
                                   7            [1]
                                   6            [1]
                                   5            [1]
                                   4            [1]
                                   3            [1]
                                   2            [1]
                                   1            [1]
                                   0            

ff: found legal plan as follows

step    0: TURN_TO SATELLITE1 STAR13 GROUNDSTATION17
        1: SWITCH_ON INSTRUMENT3 SATELLITE1
        2: CALIBRATE SATELLITE1 INSTRUMENT3 STAR13
        3: TURN_TO SATELLITE1 PHENOMENON31 STAR13
        4: TURN_TO SATELLITE5 STAR3 GROUNDSTATION18
        5: TAKE_IMAGE SATELLITE1 PHENOMENON31 INSTRUMENT3 THERMOGRAPH2
        6: TURN_TO SATELLITE1 PLANET32 PHENOMENON31
        7: TAKE_IMAGE SATELLITE1 PLANET32 INSTRUMENT3 THERMOGRAPH2
     

time spent:    0.00 seconds instantiating 15390 easy, 0 hard action templates
               0.00 seconds reachability analysis, yielding 625 facts and 15390 actions
               0.00 seconds creating final representation with 625 relevant facts, 0 relevant fluents
               0.02 seconds computing LNF
               0.00 seconds building connectivity graph
               0.01 seconds searching, evaluating 13 states, to a max depth of 1
               0.03 seconds total time

