
ff: parsing domain file
domain 'SATELLITE' defined
 ... done.
ff: parsing problem file
problem 'STRIPS-SAT-X-1' defined
 ... done.


no metric specified. plan length assumed.

checking for cyclic := effects --- OK.

ff: search configuration is EHC, if that fails then  best-first on 1*g(s) + 5*h(s) where
    metric is  plan length

Cueing down from goal distance:   13 into depth [1]
                                  12            [1]
                                  11            [1]
                                  10            [1]
                                   9            [1]
                                   8            [1]
                                   7            [1]
                                   6            [1]
                                   5            [1]
                                   4            [1]
                                   3            [1][2]
                                   2            [1]
                                   1            [1]
                                   0            

ff: found legal plan as follows

step    0: TURN_TO SATELLITE0 GROUNDSTATION8 STAR22
        1: SWITCH_ON INSTRUMENT1 SATELLITE0
        2: CALIBRATE SATELLITE0 INSTRUMENT1 GROUNDSTATION8
        3: TURN_TO SATELLITE0 PHENOMENON31 GROUNDSTATION8
        4: SWITCH_ON INSTRUMENT47 SATELLITE8
        5: TURN_TO SATELLITE1 GROUNDSTATION11 STAR0
        6: TURN_TO SATELLITE5 STAR23 STAR27
        7: TURN_TO SATELLITE9 GROUNDSTATION13 STAR14
        8: TAKE_IMAGE SATELLITE0 PHENOMENON31 INSTRUMENT1 SPECTROGRAPH4
        9: TURN_TO SATELLITE0 GROUNDSTATION13 PHENOMENON31
       10: TURN_TO SATELLITE8 GROUNDSTATION10 STAR32
       11: CALIBRATE SATELLITE8 INSTRUMENT47 GROUNDSTATION10
       12: TURN_TO SATELLITE8 STAR32 GROUNDSTATION10
       13: TAKE_IMAGE SATELLITE8 STAR32 INSTRUMENT47 THERMOGRAPH0
     

time spent:    0.00 seconds instantiating 14939 easy, 0 hard action templates
               0.00 seconds reachability analysis, yielding 607 facts and 14939 actions
               0.00 seconds creating final representation with 607 relevant facts, 0 relevant fluents
               0.02 seconds computing LNF
               0.00 seconds building connectivity graph
               0.01 seconds searching, evaluating 28 states, to a max depth of 2
               0.03 seconds total time

