
ff: parsing domain file
domain 'SATELLITE' defined
 ... done.
ff: parsing problem file
problem 'STRIPS-SAT-X-1' defined
 ... done.


no metric specified. plan length assumed.

checking for cyclic := effects --- OK.

ff: search configuration is EHC, if that fails then  best-first on 1*g(s) + 5*h(s) where
    metric is  plan length

Cueing down from goal distance:   12 into depth [1]
                                  11            [1]
                                  10            [1]
                                   9            [1]
                                   8            [1]
                                   7            [1]
                                   6            [1]
                                   5            [1]
                                   4            [1][2]
                                   3            [1]
                                   2            [1]
                                   1            [1]
                                   0            

ff: found legal plan as follows

step    0: TURN_TO SATELLITE0 STAR20 STAR22
        1: SWITCH_ON INSTRUMENT0 SATELLITE0
        2: CALIBRATE SATELLITE0 INSTRUMENT0 STAR20
        3: TURN_TO SATELLITE0 PLANET31 STAR20
        4: SWITCH_ON INSTRUMENT28 SATELLITE5
        5: TURN_TO SATELLITE4 STAR29 GROUNDSTATION11
        6: TURN_TO SATELLITE6 GROUNDSTATION6 GROUNDSTATION24
        7: TAKE_IMAGE SATELLITE0 PLANET31 INSTRUMENT0 THERMOGRAPH0
        8: TURN_TO SATELLITE5 GROUNDSTATION2 PHENOMENON32
        9: CALIBRATE SATELLITE5 INSTRUMENT28 GROUNDSTATION2
       10: TURN_TO SATELLITE5 PHENOMENON32 GROUNDSTATION2
       11: TAKE_IMAGE SATELLITE5 PHENOMENON32 INSTRUMENT28 THERMOGRAPH2
       12: TURN_TO SATELLITE5 STAR23 PHENOMENON32
     

time spent:    0.00 seconds instantiating 14360 easy, 0 hard action templates
               0.00 seconds reachability analysis, yielding 605 facts and 14360 actions
               0.00 seconds creating final representation with 605 relevant facts, 0 relevant fluents
               0.02 seconds computing LNF
               0.00 seconds building connectivity graph
               0.01 seconds searching, evaluating 25 states, to a max depth of 2
               0.03 seconds total time

