
ff: parsing domain file
domain 'SATELLITE' defined
 ... done.
ff: parsing problem file
problem 'STRIPS-SAT-X-1' defined
 ... done.


no metric specified. plan length assumed.

checking for cyclic := effects --- OK.

ff: search configuration is EHC, if that fails then  best-first on 1*g(s) + 5*h(s) where
    metric is  plan length

Cueing down from goal distance:    9 into depth [1]
                                   8            [1]
                                   7            [1]
                                   6            [1]
                                   5            [1]
                                   4            [1]
                                   3            [1]
                                   2            [1]
                                   1            [1]
                                   0            

ff: found legal plan as follows

step    0: TURN_TO SATELLITE0 STAR51 STAR116
        1: SWITCH_ON INSTRUMENT0 SATELLITE0
        2: CALIBRATE SATELLITE0 INSTRUMENT0 STAR51
        3: TURN_TO SATELLITE0 PHENOMENON132 STAR51
        4: TURN_TO SATELLITE1 GROUNDSTATION1 GROUNDSTATION94
        5: TURN_TO SATELLITE8 GROUNDSTATION62 STAR29
        6: TAKE_IMAGE SATELLITE0 PHENOMENON132 INSTRUMENT0 IMAGE2
        7: TURN_TO SATELLITE0 PHENOMENON133 PHENOMENON132
        8: TAKE_IMAGE SATELLITE0 PHENOMENON133 INSTRUMENT0 THERMOGRAPH4
     

time spent:    0.00 seconds instantiating 194828 easy, 0 hard action templates
               0.02 seconds reachability analysis, yielding 2120 facts and 194828 actions
               0.04 seconds creating final representation with 2120 relevant facts, 0 relevant fluents
               0.26 seconds computing LNF
               0.08 seconds building connectivity graph
               0.17 seconds searching, evaluating 15 states, to a max depth of 1
               0.57 seconds total time

