
ff: parsing domain file
domain 'SATELLITE' defined
 ... done.
ff: parsing problem file
problem 'STRIPS-SAT-X-1' defined
 ... done.


no metric specified. plan length assumed.

checking for cyclic := effects --- OK.

ff: search configuration is EHC, if that fails then  best-first on 1*g(s) + 5*h(s) where
    metric is  plan length

Cueing down from goal distance:   12 into depth [1]
                                   8            [1]
                                   7            [1]
                                   6            [1]
                                   5            [1]
                                   4            [1]
                                   3            [1]
                                   2            [1]
                                   1            [1]
                                   0            

ff: found legal plan as follows

step    0: SWITCH_ON INSTRUMENT1 SATELLITE0
        1: CALIBRATE SATELLITE0 INSTRUMENT1 STAR12
        2: TURN_TO SATELLITE0 PHENOMENON132 STAR12
        3: TURN_TO SATELLITE2 STAR26 GROUNDSTATION5
        4: TURN_TO SATELLITE5 GROUNDSTATION67 STAR83
        5: TURN_TO SATELLITE6 STAR91 STAR38
        6: TAKE_IMAGE SATELLITE0 PHENOMENON132 INSTRUMENT1 IMAGE3
        7: TURN_TO SATELLITE0 PHENOMENON133 PHENOMENON132
        8: TAKE_IMAGE SATELLITE0 PHENOMENON133 INSTRUMENT1 THERMOGRAPH0
     

time spent:    0.00 seconds instantiating 199410 easy, 0 hard action templates
               0.02 seconds reachability analysis, yielding 2148 facts and 199410 actions
               0.05 seconds creating final representation with 2148 relevant facts, 0 relevant fluents
               0.25 seconds computing LNF
               0.10 seconds building connectivity graph
               0.19 seconds searching, evaluating 16 states, to a max depth of 1
               0.61 seconds total time

