
ff: parsing domain file
domain 'SATELLITE' defined
 ... done.
ff: parsing problem file
problem 'STRIPS-SAT-X-1' defined
 ... done.


no metric specified. plan length assumed.

checking for cyclic := effects --- OK.

ff: search configuration is EHC, if that fails then  best-first on 1*g(s) + 5*h(s) where
    metric is  plan length

Cueing down from goal distance:   15 into depth [1]
                                  14            [1]
                                  13            [1]
                                  12            [1]
                                  11            [1]
                                  10            [1]
                                   9            [1]
                                   8            [1]
                                   7            [1]
                                   6            [1]
                                   5            [1]
                                   4            [1][2]
                                   3            [1]
                                   2            [1]
                                   1            [1]
                                   0            

ff: found legal plan as follows

step    0: TURN_TO SATELLITE0 STAR6 GROUNDSTATION11
        1: SWITCH_ON INSTRUMENT2 SATELLITE0
        2: CALIBRATE SATELLITE0 INSTRUMENT2 STAR6
        3: TURN_TO SATELLITE0 PHENOMENON20 STAR6
        4: SWITCH_ON INSTRUMENT16 SATELLITE4
        5: TURN_TO SATELLITE1 GROUNDSTATION3 STAR14
        6: TURN_TO SATELLITE2 STAR21 GROUNDSTATION18
        7: TURN_TO SATELLITE5 STAR19 GROUNDSTATION4
        8: TURN_TO SATELLITE8 STAR0 STAR6
        9: TAKE_IMAGE SATELLITE0 PHENOMENON20 INSTRUMENT2 INFRARED2
       10: TURN_TO SATELLITE0 GROUNDSTATION10 PHENOMENON20
       11: TURN_TO SATELLITE4 STAR16 STAR21
       12: CALIBRATE SATELLITE4 INSTRUMENT16 STAR16
       13: TURN_TO SATELLITE4 STAR21 STAR16
       14: TAKE_IMAGE SATELLITE4 STAR21 INSTRUMENT16 IMAGE1
       15: TURN_TO SATELLITE4 GROUNDSTATION10 STAR21
     

time spent:    0.00 seconds instantiating 6823 easy, 0 hard action templates
               0.00 seconds reachability analysis, yielding 422 facts and 6823 actions
               0.00 seconds creating final representation with 422 relevant facts, 0 relevant fluents
               0.01 seconds computing LNF
               0.00 seconds building connectivity graph
               0.00 seconds searching, evaluating 37 states, to a max depth of 2
               0.01 seconds total time

