
ff: parsing domain file
domain 'SATELLITE' defined
 ... done.
ff: parsing problem file
problem 'STRIPS-SAT-X-1' defined
 ... done.


no metric specified. plan length assumed.

checking for cyclic := effects --- OK.

ff: search configuration is EHC, if that fails then  best-first on 1*g(s) + 5*h(s) where
    metric is  plan length

Cueing down from goal distance:   10 into depth [1]
                                   9            [1]
                                   8            [1]
                                   7            [1]
                                   6            [1]
                                   5            [1]
                                   4            [1]
                                   3            [1]
                                   2            [1]
                                   1            [1]
                                   0            

ff: found legal plan as follows

step    0: TURN_TO SATELLITE0 STAR94 STAR41
        1: SWITCH_ON INSTRUMENT8 SATELLITE0
        2: CALIBRATE SATELLITE0 INSTRUMENT8 STAR94
        3: TURN_TO SATELLITE0 PLANET172 STAR94
        4: TURN_TO SATELLITE2 GROUNDSTATION49 GROUNDSTATION61
        5: TURN_TO SATELLITE6 STAR47 STAR6
        6: TURN_TO SATELLITE7 STAR84 GROUNDSTATION131
        7: TAKE_IMAGE SATELLITE0 PLANET172 INSTRUMENT8 THERMOGRAPH2
        8: TURN_TO SATELLITE0 STAR173 PLANET172
        9: TAKE_IMAGE SATELLITE0 STAR173 INSTRUMENT8 THERMOGRAPH2
     

time spent:    0.00 seconds instantiating 324024 easy, 0 hard action templates
               0.03 seconds reachability analysis, yielding 2736 facts and 324024 actions
               0.05 seconds creating final representation with 2736 relevant facts, 0 relevant fluents
               0.37 seconds computing LNF
               0.13 seconds building connectivity graph
               0.38 seconds searching, evaluating 17 states, to a max depth of 1
               0.96 seconds total time

