
ff: parsing domain file
domain 'SATELLITE' defined
 ... done.
ff: parsing problem file
problem 'STRIPS-SAT-X-1' defined
 ... done.


no metric specified. plan length assumed.

checking for cyclic := effects --- OK.

ff: search configuration is EHC, if that fails then  best-first on 1*g(s) + 5*h(s) where
    metric is  plan length

Cueing down from goal distance:   16 into depth [1]
                                  15            [1]
                                  14            [1]
                                  13            [1]
                                  12            [1]
                                  11            [1]
                                  10            [1]
                                   9            [1]
                                   8            [1]
                                   7            [1]
                                   6            [1]
                                   5            [1]
                                   4            [1]
                                   3            [1]
                                   2            [1]
                                   1            [1]
                                   0            

ff: found legal plan as follows

step    0: TURN_TO SATELLITE0 STAR63 GROUNDSTATION20
        1: SWITCH_ON INSTRUMENT1 SATELLITE0
        2: TURN_TO SATELLITE1 STAR38 STAR96
        3: CALIBRATE SATELLITE0 INSTRUMENT1 STAR63
        4: TURN_TO SATELLITE0 STAR172 STAR63
        5: SWITCH_ON INSTRUMENT5 SATELLITE1
        6: CALIBRATE SATELLITE1 INSTRUMENT5 STAR38
        7: TURN_TO SATELLITE1 PHENOMENON173 STAR38
        8: TURN_TO SATELLITE2 GROUNDSTATION4 STAR154
        9: TURN_TO SATELLITE3 GROUNDSTATION44 STAR73
       10: TURN_TO SATELLITE6 GROUNDSTATION125 STAR34
       11: TURN_TO SATELLITE9 STAR14 GROUNDSTATION124
       12: TAKE_IMAGE SATELLITE0 STAR172 INSTRUMENT1 SPECTROGRAPH0
       13: TURN_TO SATELLITE0 STAR101 STAR172
       14: TAKE_IMAGE SATELLITE1 PHENOMENON173 INSTRUMENT5 INFRARED1
       15: TURN_TO SATELLITE1 STAR142 PHENOMENON173
     

time spent:    0.00 seconds instantiating 321944 easy, 0 hard action templates
               0.03 seconds reachability analysis, yielding 2716 facts and 321944 actions
               0.06 seconds creating final representation with 2716 relevant facts, 0 relevant fluents
               0.43 seconds computing LNF
               0.15 seconds building connectivity graph
               0.54 seconds searching, evaluating 29 states, to a max depth of 1
               1.21 seconds total time

