
ff: parsing domain file
domain 'SATELLITE' defined
 ... done.
ff: parsing problem file
problem 'STRIPS-SAT-X-1' defined
 ... done.


no metric specified. plan length assumed.

checking for cyclic := effects --- OK.

ff: search configuration is EHC, if that fails then  best-first on 1*g(s) + 5*h(s) where
    metric is  plan length

Cueing down from goal distance:   11 into depth [1]
                                  10            [1]
                                   9            [1]
                                   8            [1]
                                   7            [1]
                                   6            [1]
                                   5            [1]
                                   4            [1]
                                   3            [1]
                                   2            [1]
                                   1            [1]
                                   0            

ff: found legal plan as follows

step    0: TURN_TO SATELLITE0 STAR166 GROUNDSTATION110
        1: SWITCH_ON INSTRUMENT1 SATELLITE0
        2: CALIBRATE SATELLITE0 INSTRUMENT1 STAR166
        3: TURN_TO SATELLITE0 STAR172 STAR166
        4: TURN_TO SATELLITE1 GROUNDSTATION69 STAR6
        5: TURN_TO SATELLITE4 STAR32 GROUNDSTATION116
        6: TURN_TO SATELLITE7 STAR138 STAR114
        7: TAKE_IMAGE SATELLITE0 STAR172 INSTRUMENT1 INFRARED1
        8: TURN_TO SATELLITE0 PHENOMENON173 STAR172
        9: TAKE_IMAGE SATELLITE0 PHENOMENON173 INSTRUMENT1 INFRARED1
       10: TURN_TO SATELLITE0 GROUNDSTATION101 PHENOMENON173
     

time spent:    0.00 seconds instantiating 329354 easy, 0 hard action templates
               0.04 seconds reachability analysis, yielding 2768 facts and 329354 actions
               0.06 seconds creating final representation with 2768 relevant facts, 0 relevant fluents
               0.39 seconds computing LNF
               0.12 seconds building connectivity graph
               0.47 seconds searching, evaluating 23 states, to a max depth of 1
               1.08 seconds total time

