
ff: parsing domain file
domain 'SATELLITE' defined
 ... done.
ff: parsing problem file
problem 'STRIPS-SAT-X-1' defined
 ... done.


no metric specified. plan length assumed.

checking for cyclic := effects --- OK.

ff: search configuration is EHC, if that fails then  best-first on 1*g(s) + 5*h(s) where
    metric is  plan length

Cueing down from goal distance:   13 into depth [1]
                                  12            [1]
                                  11            [1]
                                  10            [1]
                                   9            [1]
                                   8            [1]
                                   7            [1]
                                   6            [1]
                                   5            [1]
                                   4            [1]
                                   3            [1]
                                   2            [1]
                                   1            [1]
                                   0            

ff: found legal plan as follows

step    0: TURN_TO SATELLITE0 GROUNDSTATION136 GROUNDSTATION79
        1: TURN_TO SATELLITE1 STAR149 GROUNDSTATION88
        2: SWITCH_ON INSTRUMENT0 SATELLITE0
        3: CALIBRATE SATELLITE0 INSTRUMENT0 GROUNDSTATION136
        4: TURN_TO SATELLITE0 PLANET172 GROUNDSTATION136
        5: SWITCH_ON INSTRUMENT7 SATELLITE1
        6: CALIBRATE SATELLITE1 INSTRUMENT7 STAR149
        7: TURN_TO SATELLITE1 STAR173 STAR149
        8: TURN_TO SATELLITE4 STAR118 GROUNDSTATION19
        9: TURN_TO SATELLITE5 STAR173 GROUNDSTATION167
       10: TURN_TO SATELLITE8 STAR9 GROUNDSTATION0
       11: TAKE_IMAGE SATELLITE0 PLANET172 INSTRUMENT0 IMAGE1
       12: TAKE_IMAGE SATELLITE1 STAR173 INSTRUMENT7 INFRARED4
     

time spent:    0.00 seconds instantiating 322253 easy, 0 hard action templates
               0.04 seconds reachability analysis, yielding 2728 facts and 322253 actions
               0.05 seconds creating final representation with 2728 relevant facts, 0 relevant fluents
               0.37 seconds computing LNF
               0.13 seconds building connectivity graph
               0.24 seconds searching, evaluating 14 states, to a max depth of 1
               0.83 seconds total time

