
ff: parsing domain file
domain 'SATELLITE' defined
 ... done.
ff: parsing problem file
problem 'STRIPS-SAT-X-1' defined
 ... done.


no metric specified. plan length assumed.

checking for cyclic := effects --- OK.

ff: search configuration is EHC, if that fails then  best-first on 1*g(s) + 5*h(s) where
    metric is  plan length

Cueing down from goal distance:   10 into depth [1]
                                   9            [1]
                                   7            [1]
                                   6            [1]
                                   5            [1]
                                   4            [1]
                                   3            [1]
                                   2            [1]
                                   1            [1]
                                   0            

ff: found legal plan as follows

step    0: SWITCH_ON INSTRUMENT7 SATELLITE1
        1: SWITCH_ON INSTRUMENT3 SATELLITE0
        2: CALIBRATE SATELLITE0 INSTRUMENT3 GROUNDSTATION16
        3: TURN_TO SATELLITE0 STAR21 GROUNDSTATION16
        4: TURN_TO SATELLITE9 GROUNDSTATION0 STAR14
        5: TAKE_IMAGE SATELLITE0 STAR21 INSTRUMENT3 INFRARED4
        6: TURN_TO SATELLITE0 STAR22 STAR21
        7: TAKE_IMAGE SATELLITE0 STAR22 INSTRUMENT3 SPECTROGRAPH0
        8: TURN_TO SATELLITE0 GROUNDSTATION18 STAR22
     

time spent:    0.00 seconds instantiating 8003 easy, 0 hard action templates
               0.00 seconds reachability analysis, yielding 461 facts and 8003 actions
               0.00 seconds creating final representation with 461 relevant facts, 0 relevant fluents
               0.01 seconds computing LNF
               0.00 seconds building connectivity graph
               0.00 seconds searching, evaluating 18 states, to a max depth of 1
               0.01 seconds total time

