
ff: parsing domain file
domain 'BLOCKS' defined
 ... done.
ff: parsing problem file
problem 'PB6' defined
 ... done.


no metric specified. plan length assumed.

checking for cyclic := effects --- OK.

ff: search configuration is EHC, if that fails then  best-first on 1*g(s) + 5*h(s) where
    metric is  plan length

Cueing down from goal distance:   44 into depth [1]
                                  43            [1]
                                  42            [1]
                                  41            [1][2]
                                  40            [1]
                                  39            [1]
                                  38            [1]
                                  37            [1]
                                  36            [1]
                                  35            [1][2][3]
                                  34            [1]
                                  33            [1][2]
                                  32            [1]
                                  31            [1]
                                  30            [1][2][3][4]
                                  29            [1]
                                  28            [1]
                                  27            [1]
                                  26            [1]
                                  25            [1][2][3][4]
                                  24            [1]
                                  23            [1]
                                  22            [1][2][3][4][5][6][7][8]
                                  21            [1][2][3]
                                  20            [1]
                                  19            [1][2][3]
                                  18            [1][2][3][4][5][6][7][8][9][10]
                                  17            [1][2][3]
                                  16            [1]
                                  15            [1][2][3][4][5][6][7][8][9]
                                  14            [1]
                                  13            [1]
                                  12            [1]
                                  11            [1][2][3]
                                  10            [1][2]
                                   9            [1][2][3][4]
                                   8            [1][2]
                                   6            [1][2][3][4][5][6][7][8][9][10][11][12][13]
                                   5            [1][2][3]
                                   4            [1]
                                   3            [1]
                                   2            [1][2]
                                   0            

ff: found legal plan as follows

step    0: UNSTACK BLOCK10 BLOCK6
        1: PUT-DOWN BLOCK10
        2: UNSTACK BLOCK6 BLOCK3
        3: STACK BLOCK6 BLOCK7
        4: UNSTACK BLOCK11 BLOCK23
        5: PUT-DOWN BLOCK11
        6: UNSTACK BLOCK23 BLOCK1
        7: STACK BLOCK23 BLOCK10
        8: UNSTACK BLOCK1 BLOCK19
        9: PUT-DOWN BLOCK1
       10: UNSTACK BLOCK3 BLOCK8
       11: STACK BLOCK3 BLOCK22
       12: UNSTACK BLOCK8 BLOCK18
       13: STACK BLOCK8 BLOCK23
       14: UNSTACK BLOCK18 BLOCK15
       15: STACK BLOCK18 BLOCK3
       16: UNSTACK BLOCK15 BLOCK9
       17: STACK BLOCK15 BLOCK11
       18: UNSTACK BLOCK6 BLOCK7
       19: STACK BLOCK6 BLOCK9
       20: UNSTACK BLOCK7 BLOCK14
       21: STACK BLOCK7 BLOCK1
       22: UNSTACK BLOCK6 BLOCK9
       23: STACK BLOCK6 BLOCK7
       24: UNSTACK BLOCK14 BLOCK24
       25: PUT-DOWN BLOCK14
       26: UNSTACK BLOCK9 BLOCK12
       27: STACK BLOCK9 BLOCK19
       28: PICK-UP BLOCK12
       29: STACK BLOCK12 BLOCK24
       30: UNSTACK BLOCK9 BLOCK19
       31: STACK BLOCK9 BLOCK12
       32: UNSTACK BLOCK19 BLOCK20
       33: STACK BLOCK19 BLOCK9
       34: UNSTACK BLOCK20 BLOCK2
       35: STACK BLOCK20 BLOCK18
       36: UNSTACK BLOCK2 BLOCK21
       37: STACK BLOCK2 BLOCK20
       38: UNSTACK BLOCK21 BLOCK4
       39: STACK BLOCK21 BLOCK15
       40: UNSTACK BLOCK19 BLOCK9
       41: STACK BLOCK19 BLOCK21
       42: PICK-UP BLOCK4
       43: STACK BLOCK4 BLOCK9
       44: UNSTACK BLOCK2 BLOCK20
       45: STACK BLOCK2 BLOCK14
       46: UNSTACK BLOCK20 BLOCK18
       47: STACK BLOCK20 BLOCK8
       48: UNSTACK BLOCK18 BLOCK3
       49: STACK BLOCK18 BLOCK20
       50: UNSTACK BLOCK3 BLOCK22
       51: STACK BLOCK3 BLOCK19
       52: UNSTACK BLOCK22 BLOCK16
       53: STACK BLOCK22 BLOCK4
       54: UNSTACK BLOCK3 BLOCK19
       55: STACK BLOCK3 BLOCK16
       56: UNSTACK BLOCK18 BLOCK20
       57: STACK BLOCK18 BLOCK3
       58: UNSTACK BLOCK19 BLOCK21
       59: STACK BLOCK19 BLOCK20
       60: UNSTACK BLOCK18 BLOCK3
       61: STACK BLOCK18 BLOCK21
       62: UNSTACK BLOCK3 BLOCK16
       63: STACK BLOCK3 BLOCK18
       64: UNSTACK BLOCK16 BLOCK13
       65: STACK BLOCK16 BLOCK19
       66: UNSTACK BLOCK13 BLOCK17
       67: STACK BLOCK13 BLOCK22
       68: UNSTACK BLOCK17 BLOCK5
       69: STACK BLOCK17 BLOCK6
       70: UNSTACK BLOCK3 BLOCK18
       71: STACK BLOCK3 BLOCK16
       72: UNSTACK BLOCK2 BLOCK14
       73: STACK BLOCK2 BLOCK5
       74: UNSTACK BLOCK18 BLOCK21
       75: STACK BLOCK18 BLOCK3
       76: UNSTACK BLOCK2 BLOCK5
       77: STACK BLOCK2 BLOCK21
       78: PICK-UP BLOCK5
       79: STACK BLOCK5 BLOCK14
       80: UNSTACK BLOCK2 BLOCK21
       81: STACK BLOCK2 BLOCK5
       82: UNSTACK BLOCK18 BLOCK3
       83: STACK BLOCK18 BLOCK21
       84: UNSTACK BLOCK3 BLOCK16
       85: STACK BLOCK3 BLOCK18
       86: UNSTACK BLOCK16 BLOCK19
       87: STACK BLOCK16 BLOCK13
       88: UNSTACK BLOCK19 BLOCK20
       89: STACK BLOCK19 BLOCK16
       90: UNSTACK BLOCK20 BLOCK8
       91: STACK BLOCK20 BLOCK17
       92: UNSTACK BLOCK19 BLOCK16
       93: STACK BLOCK19 BLOCK20
       94: UNSTACK BLOCK16 BLOCK13
       95: STACK BLOCK16 BLOCK19
       96: UNSTACK BLOCK3 BLOCK18
       97: STACK BLOCK3 BLOCK16
       98: UNSTACK BLOCK18 BLOCK21
       99: STACK BLOCK18 BLOCK3
     

time spent:    0.00 seconds instantiating 1200 easy, 0 hard action templates
               0.00 seconds reachability analysis, yielding 649 facts and 1200 actions
               0.00 seconds creating final representation with 649 relevant facts, 0 relevant fluents
               0.00 seconds computing LNF
               0.00 seconds building connectivity graph
               3.79 seconds searching, evaluating 124396 states, to a max depth of 13
               3.79 seconds total time

