
ff: parsing domain file
domain 'SATELLITE' defined
 ... done.
ff: parsing problem file
problem 'STRIPS-SAT-X-1' defined
 ... done.


no metric specified. plan length assumed.

checking for cyclic := effects --- OK.

ff: search configuration is EHC, if that fails then  best-first on 1*g(s) + 5*h(s) where
    metric is  plan length

Cueing down from goal distance:   14 into depth [1]
                                  12            [1]
                                  11            [1]
                                  10            [1]
                                   9            [1]
                                   8            [1]
                                   7            [1]
                                   6            [1]
                                   5            [1]
                                   4            [1]
                                   3            [1]
                                   2            [1]
                                   1            [1]
                                   0            

ff: found legal plan as follows

step    0: TURN_TO SATELLITE0 GROUNDSTATION59 STAR12
        1: SWITCH_ON INSTRUMENT0 SATELLITE0
        2: CALIBRATE SATELLITE0 INSTRUMENT0 GROUNDSTATION59
        3: TURN_TO SATELLITE0 PLANET65 GROUNDSTATION59
        4: SWITCH_ON INSTRUMENT4 SATELLITE1
        5: CALIBRATE SATELLITE1 INSTRUMENT4 STAR25
        6: TURN_TO SATELLITE1 STAR66 STAR25
        7: TURN_TO SATELLITE2 STAR37 GROUNDSTATION1
        8: TURN_TO SATELLITE4 STAR39 GROUNDSTATION55
        9: TURN_TO SATELLITE5 GROUNDSTATION6 GROUNDSTATION41
       10: TURN_TO SATELLITE7 PLANET65 STAR12
       11: TAKE_IMAGE SATELLITE0 PLANET65 INSTRUMENT0 SPECTROGRAPH0
       12: TAKE_IMAGE SATELLITE1 STAR66 INSTRUMENT4 SPECTROGRAPH3
     

time spent:    0.00 seconds instantiating 54598 easy, 0 hard action templates
               0.00 seconds reachability analysis, yielding 1143 facts and 54598 actions
               0.02 seconds creating final representation with 1143 relevant facts, 0 relevant fluents
               0.08 seconds computing LNF
               0.02 seconds building connectivity graph
               0.02 seconds searching, evaluating 14 states, to a max depth of 1
               0.14 seconds total time

