
ff: parsing domain file
domain 'BLOCKS' defined
 ... done.
ff: parsing problem file
problem 'PB2' defined
 ... done.


no metric specified. plan length assumed.

checking for cyclic := effects --- OK.

ff: search configuration is EHC, if that fails then  best-first on 1*g(s) + 5*h(s) where
    metric is  plan length

Cueing down from goal distance:   15 into depth [1]
                                  14            [1][2]
                                  13            [1]
                                  12            [1][2][3][4]
                                  11            [1]
                                  10            [1]
                                   9            [1][2]
                                   8            [1]
                                   7            [1]
                                   6            [1][2][3][4]
                                   5            [1][2]
                                   3            [1][2][3][4]
                                   2            [1][2]
                                   0            

ff: found legal plan as follows

step    0: PICK-UP BLOCK2
        1: STACK BLOCK2 BLOCK6
        2: UNSTACK BLOCK5 BLOCK8
        3: PUT-DOWN BLOCK5
        4: UNSTACK BLOCK2 BLOCK6
        5: STACK BLOCK2 BLOCK8
        6: UNSTACK BLOCK6 BLOCK3
        7: STACK BLOCK6 BLOCK1
        8: UNSTACK BLOCK2 BLOCK8
        9: STACK BLOCK2 BLOCK6
       10: UNSTACK BLOCK3 BLOCK7
       11: STACK BLOCK3 BLOCK8
       12: PICK-UP BLOCK7
       13: STACK BLOCK7 BLOCK5
       14: UNSTACK BLOCK9 BLOCK4
       15: STACK BLOCK9 BLOCK7
       16: PICK-UP BLOCK4
       17: STACK BLOCK4 BLOCK2
       18: UNSTACK BLOCK9 BLOCK7
       19: STACK BLOCK9 BLOCK4
       20: UNSTACK BLOCK3 BLOCK8
       21: STACK BLOCK3 BLOCK9
       22: PICK-UP BLOCK8
       23: STACK BLOCK8 BLOCK7
       24: UNSTACK BLOCK3 BLOCK9
       25: STACK BLOCK3 BLOCK8
     

time spent:    0.00 seconds instantiating 180 easy, 0 hard action templates
               0.00 seconds reachability analysis, yielding 109 facts and 180 actions
               0.00 seconds creating final representation with 109 relevant facts, 0 relevant fluents
               0.00 seconds computing LNF
               0.00 seconds building connectivity graph
               0.00 seconds searching, evaluating 199 states, to a max depth of 4
               0.00 seconds total time

