
ff: parsing domain file
domain 'BLOCKS' defined
 ... done.
ff: parsing problem file
problem 'PB6' defined
 ... done.


no metric specified. plan length assumed.

checking for cyclic := effects --- OK.

ff: search configuration is EHC, if that fails then  best-first on 1*g(s) + 5*h(s) where
    metric is  plan length

Cueing down from goal distance:   16 into depth [1]
                                  15            [1]
                                  14            [1]
                                  13            [1]
                                  12            [1]
                                  11            [1][2][3]
                                   9            [1][2]
                                   7            [1][2]
                                   5            [1][2][3][4]
                                   4            [1][2]
                                   2            [1][2]
                                   0            

ff: found legal plan as follows

step    0: UNSTACK BLOCK2 BLOCK3
        1: PUT-DOWN BLOCK2
        2: UNSTACK BLOCK3 BLOCK9
        3: PUT-DOWN BLOCK3
        4: PICK-UP BLOCK6
        5: STACK BLOCK6 BLOCK9
        6: UNSTACK BLOCK4 BLOCK1
        7: PUT-DOWN BLOCK4
        8: UNSTACK BLOCK1 BLOCK8
        9: PUT-DOWN BLOCK1
       10: UNSTACK BLOCK8 BLOCK7
       11: STACK BLOCK8 BLOCK3
       12: UNSTACK BLOCK6 BLOCK9
       13: STACK BLOCK6 BLOCK8
       14: UNSTACK BLOCK9 BLOCK5
       15: PUT-DOWN BLOCK9
       16: PICK-UP BLOCK5
       17: STACK BLOCK5 BLOCK2
       18: UNSTACK BLOCK6 BLOCK8
       19: STACK BLOCK6 BLOCK9
     

time spent:    0.00 seconds instantiating 180 easy, 0 hard action templates
               0.00 seconds reachability analysis, yielding 109 facts and 180 actions
               0.00 seconds creating final representation with 109 relevant facts, 0 relevant fluents
               0.00 seconds computing LNF
               0.00 seconds building connectivity graph
               0.00 seconds searching, evaluating 77 states, to a max depth of 4
               0.00 seconds total time

