
ff: parsing domain file
domain 'BLOCKS' defined
 ... done.
ff: parsing problem file
problem 'PB7' defined
 ... done.


no metric specified. plan length assumed.

checking for cyclic := effects --- OK.

ff: search configuration is EHC, if that fails then  best-first on 1*g(s) + 5*h(s) where
    metric is  plan length

Cueing down from goal distance:   12 into depth [1]
                                  11            [1][2][3][4][5][6]
                                  10            [1][2][3][4][5][6][7]
                                   9            [1][2][3][4][5][6][7]
                                   8            [1]
                                   7            [1][2]
                                   5            [1][2][3][4][5][6][7][8][9][10]
                                   4            [1]
                                   3            [1]
                                   2            [1][2]
                                   0            

ff: found legal plan as follows

step    0: PICK-UP BLOCK1
        1: STACK BLOCK1 BLOCK8
        2: UNSTACK BLOCK3 BLOCK9
        3: PUT-DOWN BLOCK3
        4: UNSTACK BLOCK9 BLOCK4
        5: STACK BLOCK9 BLOCK1
        6: PICK-UP BLOCK3
        7: STACK BLOCK3 BLOCK4
        8: UNSTACK BLOCK9 BLOCK1
        9: PUT-DOWN BLOCK9
       10: UNSTACK BLOCK1 BLOCK8
       11: STACK BLOCK1 BLOCK3
       12: PICK-UP BLOCK9
       13: STACK BLOCK9 BLOCK1
       14: UNSTACK BLOCK8 BLOCK2
       15: STACK BLOCK8 BLOCK9
       16: UNSTACK BLOCK2 BLOCK6
       17: STACK BLOCK2 BLOCK8
       18: UNSTACK BLOCK6 BLOCK7
       19: PUT-DOWN BLOCK6
       20: UNSTACK BLOCK2 BLOCK8
       21: STACK BLOCK2 BLOCK6
       22: UNSTACK BLOCK8 BLOCK9
       23: STACK BLOCK8 BLOCK2
       24: UNSTACK BLOCK9 BLOCK1
       25: STACK BLOCK9 BLOCK8
       26: UNSTACK BLOCK1 BLOCK3
       27: STACK BLOCK1 BLOCK9
       28: UNSTACK BLOCK3 BLOCK4
       29: STACK BLOCK3 BLOCK1
       30: UNSTACK BLOCK4 BLOCK5
       31: STACK BLOCK4 BLOCK7
       32: UNSTACK BLOCK3 BLOCK1
       33: STACK BLOCK3 BLOCK4
       34: UNSTACK BLOCK1 BLOCK9
       35: STACK BLOCK1 BLOCK3
       36: UNSTACK BLOCK9 BLOCK8
       37: STACK BLOCK9 BLOCK1
     

time spent:    0.00 seconds instantiating 180 easy, 0 hard action templates
               0.00 seconds reachability analysis, yielding 109 facts and 180 actions
               0.00 seconds creating final representation with 109 relevant facts, 0 relevant fluents
               0.00 seconds computing LNF
               0.00 seconds building connectivity graph
               0.00 seconds searching, evaluating 1170 states, to a max depth of 10
               0.00 seconds total time

