
ff: parsing domain file
domain 'BLOCKS' defined
 ... done.
ff: parsing problem file
problem 'PB3' defined
 ... done.


no metric specified. plan length assumed.

checking for cyclic := effects --- OK.

ff: search configuration is EHC, if that fails then  best-first on 1*g(s) + 5*h(s) where
    metric is  plan length

Cueing down from goal distance:   18 into depth [1]
                                  17            [1][2][3]
                                  16            [1]
                                  15            [1]
                                  14            [1]
                                  13            [1][2][3][4]
                                  12            [1]
                                  11            [1]
                                  10            [1]
                                   9            [1][2][3][4][5][6]
                                   8            [1]
                                   7            [1]
                                   6            [1][2]
                                   5            [1][2][3][4]
                                   4            [1][2]
                                   2            [1]
                                   1            [1]
                                   0            

ff: found legal plan as follows

step    0: UNSTACK BLOCK8 BLOCK5
        1: PUT-DOWN BLOCK8
        2: UNSTACK BLOCK1 BLOCK4
        3: STACK BLOCK1 BLOCK8
        4: PICK-UP BLOCK5
        5: STACK BLOCK5 BLOCK4
        6: UNSTACK BLOCK2 BLOCK6
        7: STACK BLOCK2 BLOCK5
        8: UNSTACK BLOCK6 BLOCK9
        9: PUT-DOWN BLOCK6
       10: PICK-UP BLOCK9
       11: STACK BLOCK9 BLOCK1
       12: UNSTACK BLOCK2 BLOCK5
       13: STACK BLOCK2 BLOCK9
       14: UNSTACK BLOCK5 BLOCK4
       15: STACK BLOCK5 BLOCK2
       16: UNSTACK BLOCK4 BLOCK3
       17: STACK BLOCK4 BLOCK6
       18: UNSTACK BLOCK5 BLOCK2
       19: STACK BLOCK5 BLOCK4
       20: UNSTACK BLOCK2 BLOCK9
       21: STACK BLOCK2 BLOCK5
       22: UNSTACK BLOCK3 BLOCK7
       23: STACK BLOCK3 BLOCK9
       24: UNSTACK BLOCK2 BLOCK5
       25: STACK BLOCK2 BLOCK3
       26: PICK-UP BLOCK7
       27: STACK BLOCK7 BLOCK5
     

time spent:    0.00 seconds instantiating 180 easy, 0 hard action templates
               0.00 seconds reachability analysis, yielding 109 facts and 180 actions
               0.00 seconds creating final representation with 109 relevant facts, 0 relevant fluents
               0.00 seconds computing LNF
               0.00 seconds building connectivity graph
               0.00 seconds searching, evaluating 127 states, to a max depth of 6
               0.00 seconds total time

