
ff: parsing domain file
domain 'BLOCKS' defined
 ... done.
ff: parsing problem file
problem 'PB9' defined
 ... done.


no metric specified. plan length assumed.

checking for cyclic := effects --- OK.

ff: search configuration is EHC, if that fails then  best-first on 1*g(s) + 5*h(s) where
    metric is  plan length

Cueing down from goal distance:   16 into depth [1][2][3][4][5]
                                  15            [1][2][3][4][5]
                                  14            [1]
                                  13            [1]
                                  12            [1]
                                  11            [1]
                                  10            [1]
                                   9            [1]
                                   8            [1]
                                   7            [1]
                                   6            [1][2][3][4][5][6][7]
                                   5            [1]
                                   4            [1]
                                   3            [1]
                                   2            [1][2]
                                   0            

ff: found legal plan as follows

step    0: UNSTACK BLOCK2 BLOCK7
        1: PUT-DOWN BLOCK2
        2: UNSTACK BLOCK7 BLOCK4
        3: STACK BLOCK7 BLOCK2
        4: UNSTACK BLOCK4 BLOCK9
        5: STACK BLOCK4 BLOCK7
        6: UNSTACK BLOCK9 BLOCK5
        7: PUT-DOWN BLOCK9
        8: UNSTACK BLOCK5 BLOCK6
        9: STACK BLOCK5 BLOCK4
       10: UNSTACK BLOCK6 BLOCK8
       11: PUT-DOWN BLOCK6
       12: UNSTACK BLOCK8 BLOCK3
       13: STACK BLOCK8 BLOCK6
       14: UNSTACK BLOCK3 BLOCK1
       15: PUT-DOWN BLOCK3
       16: PICK-UP BLOCK9
       17: STACK BLOCK9 BLOCK3
       18: UNSTACK BLOCK5 BLOCK4
       19: STACK BLOCK5 BLOCK1
       20: UNSTACK BLOCK4 BLOCK7
       21: STACK BLOCK4 BLOCK9
       22: UNSTACK BLOCK7 BLOCK2
       23: STACK BLOCK7 BLOCK8
       24: UNSTACK BLOCK4 BLOCK9
       25: STACK BLOCK4 BLOCK7
       26: PICK-UP BLOCK2
       27: STACK BLOCK2 BLOCK9
       28: UNSTACK BLOCK5 BLOCK1
       29: STACK BLOCK5 BLOCK4
     

time spent:    0.00 seconds instantiating 180 easy, 0 hard action templates
               0.00 seconds reachability analysis, yielding 109 facts and 180 actions
               0.00 seconds creating final representation with 109 relevant facts, 0 relevant fluents
               0.00 seconds computing LNF
               0.00 seconds building connectivity graph
               0.00 seconds searching, evaluating 228 states, to a max depth of 7
               0.00 seconds total time

