
ff: parsing domain file
domain 'BLOCKS' defined
 ... done.
ff: parsing problem file
problem 'PB8' defined
 ... done.


no metric specified. plan length assumed.

checking for cyclic := effects --- OK.

ff: search configuration is EHC, if that fails then  best-first on 1*g(s) + 5*h(s) where
    metric is  plan length

Cueing down from goal distance:   14 into depth [1]
                                  13            [1][2][3]
                                  12            [1]
                                  11            [1][2][3][4]
                                  10            [1]
                                   9            [1]
                                   8            [1]
                                   7            [1][2]
                                   5            [1][2]
                                   4            [1][2][3][4][5][6][7]
                                   3            [1]
                                   2            [1][2]
                                   0            

ff: found legal plan as follows

step    0: PICK-UP BLOCK2
        1: STACK BLOCK2 BLOCK4
        2: UNSTACK BLOCK7 BLOCK3
        3: PUT-DOWN BLOCK7
        4: UNSTACK BLOCK2 BLOCK4
        5: STACK BLOCK2 BLOCK1
        6: UNSTACK BLOCK4 BLOCK6
        7: STACK BLOCK4 BLOCK7
        8: UNSTACK BLOCK6 BLOCK5
        9: STACK BLOCK6 BLOCK3
       10: UNSTACK BLOCK5 BLOCK9
       11: PUT-DOWN BLOCK5
       12: UNSTACK BLOCK4 BLOCK7
       13: STACK BLOCK4 BLOCK5
       14: PICK-UP BLOCK9
       15: STACK BLOCK9 BLOCK7
       16: UNSTACK BLOCK2 BLOCK1
       17: STACK BLOCK2 BLOCK9
       18: PICK-UP BLOCK1
       19: STACK BLOCK1 BLOCK6
       20: UNSTACK BLOCK2 BLOCK9
       21: STACK BLOCK2 BLOCK1
       22: UNSTACK BLOCK9 BLOCK7
       23: STACK BLOCK9 BLOCK2
     

time spent:    0.00 seconds instantiating 180 easy, 0 hard action templates
               0.00 seconds reachability analysis, yielding 109 facts and 180 actions
               0.00 seconds creating final representation with 109 relevant facts, 0 relevant fluents
               0.00 seconds computing LNF
               0.00 seconds building connectivity graph
               0.00 seconds searching, evaluating 249 states, to a max depth of 7
               0.00 seconds total time

