
ff: parsing domain file
domain 'BLOCKS' defined
 ... done.
ff: parsing problem file
problem 'PB1' defined
 ... done.


no metric specified. plan length assumed.

checking for cyclic := effects --- OK.

ff: search configuration is EHC, if that fails then  best-first on 1*g(s) + 5*h(s) where
    metric is  plan length

Cueing down from goal distance:   15 into depth [1][2][3]
                                  14            [1]
                                  13            [1]
                                  12            [1]
                                  11            [1][2][3]
                                  10            [1]
                                   9            [1][2][3][4][5][6]
                                   8            [1][2]
                                   7            [1]
                                   6            [1]
                                   5            [1][2][3][4]
                                   4            [1]
                                   3            [1]
                                   2            [1][2]
                                   0            

ff: found legal plan as follows

step    0: UNSTACK BLOCK7 BLOCK5
        1: STACK BLOCK7 BLOCK9
        2: UNSTACK BLOCK5 BLOCK2
        3: PUT-DOWN BLOCK5
        4: UNSTACK BLOCK7 BLOCK9
        5: STACK BLOCK7 BLOCK2
        6: UNSTACK BLOCK9 BLOCK6
        7: STACK BLOCK9 BLOCK5
        8: UNSTACK BLOCK6 BLOCK1
        9: STACK BLOCK6 BLOCK7
       10: UNSTACK BLOCK1 BLOCK4
       11: STACK BLOCK1 BLOCK9
       12: UNSTACK BLOCK4 BLOCK8
       13: STACK BLOCK4 BLOCK6
       14: UNSTACK BLOCK8 BLOCK3
       15: PUT-DOWN BLOCK8
       16: UNSTACK BLOCK1 BLOCK9
       17: STACK BLOCK1 BLOCK4
       18: UNSTACK BLOCK9 BLOCK5
       19: STACK BLOCK9 BLOCK8
       20: UNSTACK BLOCK1 BLOCK4
       21: STACK BLOCK1 BLOCK9
       22: UNSTACK BLOCK4 BLOCK6
       23: STACK BLOCK4 BLOCK5
       24: PICK-UP BLOCK3
       25: STACK BLOCK3 BLOCK6
       26: UNSTACK BLOCK1 BLOCK9
       27: STACK BLOCK1 BLOCK4
     

time spent:    0.00 seconds instantiating 180 easy, 0 hard action templates
               0.00 seconds reachability analysis, yielding 109 facts and 180 actions
               0.00 seconds creating final representation with 109 relevant facts, 0 relevant fluents
               0.00 seconds computing LNF
               0.00 seconds building connectivity graph
               0.00 seconds searching, evaluating 126 states, to a max depth of 6
               0.00 seconds total time

