
ff: parsing domain file
domain 'BLOCKS' defined
 ... done.
ff: parsing problem file
problem 'PB0' defined
 ... done.


no metric specified. plan length assumed.

checking for cyclic := effects --- OK.

ff: search configuration is EHC, if that fails then  best-first on 1*g(s) + 5*h(s) where
    metric is  plan length

Cueing down from goal distance:   15 into depth [1]
                                  14            [1][2][3]
                                  12            [1][2][3][4][5][6]
                                  11            [1]
                                  10            [1]
                                   9            [1]
                                   8            [1][2][3][4][5]
                                   7            [1]
                                   6            [1][2][3]
                                   5            [1]
                                   4            [1]
                                   3            [1][2][3][4]
                                   2            [1]
                                   1            [1]
                                   0            

ff: found legal plan as follows

step    0: PICK-UP BLOCK7
        1: STACK BLOCK7 BLOCK9
        2: UNSTACK BLOCK6 BLOCK4
        3: PUT-DOWN BLOCK6
        4: UNSTACK BLOCK4 BLOCK3
        5: STACK BLOCK4 BLOCK7
        6: UNSTACK BLOCK3 BLOCK2
        7: STACK BLOCK3 BLOCK6
        8: UNSTACK BLOCK2 BLOCK5
        9: PUT-DOWN BLOCK2
       10: UNSTACK BLOCK3 BLOCK6
       11: STACK BLOCK3 BLOCK2
       12: UNSTACK BLOCK4 BLOCK7
       13: STACK BLOCK4 BLOCK5
       14: UNSTACK BLOCK7 BLOCK9
       15: STACK BLOCK7 BLOCK4
       16: UNSTACK BLOCK9 BLOCK1
       17: STACK BLOCK9 BLOCK3
       18: UNSTACK BLOCK7 BLOCK4
       19: STACK BLOCK7 BLOCK9
       20: UNSTACK BLOCK1 BLOCK8
       21: STACK BLOCK1 BLOCK7
       22: UNSTACK BLOCK4 BLOCK5
       23: STACK BLOCK4 BLOCK8
       24: PICK-UP BLOCK5
       25: STACK BLOCK5 BLOCK1
       26: UNSTACK BLOCK4 BLOCK8
       27: STACK BLOCK4 BLOCK5
     

time spent:    0.00 seconds instantiating 180 easy, 0 hard action templates
               0.00 seconds reachability analysis, yielding 109 facts and 180 actions
               0.00 seconds creating final representation with 109 relevant facts, 0 relevant fluents
               0.00 seconds computing LNF
               0.00 seconds building connectivity graph
               0.00 seconds searching, evaluating 353 states, to a max depth of 6
               0.00 seconds total time

