
ff: parsing domain file
domain 'BLOCKS' defined
 ... done.
ff: parsing problem file
problem 'PB4' defined
 ... done.


no metric specified. plan length assumed.

checking for cyclic := effects --- OK.

ff: search configuration is EHC, if that fails then  best-first on 1*g(s) + 5*h(s) where
    metric is  plan length

Cueing down from goal distance:   16 into depth [1]
                                  15            [1]
                                  14            [1]
                                  13            [1][2]
                                  12            [1]
                                  11            [1][2][3][4]
                                  10            [1]
                                   9            [1]
                                   8            [1][2][3][4]
                                   6            [1][2]
                                   4            [1][2]
                                   3            [1][2][3][4]
                                   2            [1][2]
                                   0            

ff: found legal plan as follows

step    0: UNSTACK BLOCK6 BLOCK8
        1: PUT-DOWN BLOCK6
        2: PICK-UP BLOCK5
        3: STACK BLOCK5 BLOCK8
        4: PICK-UP BLOCK7
        5: STACK BLOCK7 BLOCK4
        6: UNSTACK BLOCK5 BLOCK8
        7: STACK BLOCK5 BLOCK6
        8: PICK-UP BLOCK8
        9: STACK BLOCK8 BLOCK7
       10: UNSTACK BLOCK5 BLOCK6
       11: STACK BLOCK5 BLOCK8
       12: UNSTACK BLOCK2 BLOCK3
       13: STACK BLOCK2 BLOCK6
       14: UNSTACK BLOCK3 BLOCK9
       15: STACK BLOCK3 BLOCK5
       16: UNSTACK BLOCK9 BLOCK1
       17: PUT-DOWN BLOCK9
       18: UNSTACK BLOCK2 BLOCK6
       19: STACK BLOCK2 BLOCK9
       20: PICK-UP BLOCK1
       21: STACK BLOCK1 BLOCK6
       22: UNSTACK BLOCK2 BLOCK9
       23: STACK BLOCK2 BLOCK1
     

time spent:    0.00 seconds instantiating 180 easy, 0 hard action templates
               0.00 seconds reachability analysis, yielding 109 facts and 180 actions
               0.00 seconds creating final representation with 109 relevant facts, 0 relevant fluents
               0.00 seconds computing LNF
               0.00 seconds building connectivity graph
               0.00 seconds searching, evaluating 90 states, to a max depth of 4
               0.00 seconds total time

