
ff: parsing domain file
domain 'SATELLITE' defined
 ... done.
ff: parsing problem file
problem 'STRIPS-SAT-X-1' defined
 ... done.


no metric specified. plan length assumed.

checking for cyclic := effects --- OK.

ff: search configuration is EHC, if that fails then  best-first on 1*g(s) + 5*h(s) where
    metric is  plan length

Cueing down from goal distance:   16 into depth [1]
                                  15            [1]
                                  14            [1]
                                  13            [1]
                                  12            [1]
                                  11            [1]
                                  10            [1]
                                   9            [1]
                                   8            [1]
                                   7            [1]
                                   6            [1]
                                   5            [1]
                                   4            [1]
                                   3            [1]
                                   2            [1]
                                   1            [1]
                                   0            

ff: found legal plan as follows

step    0: TURN_TO SATELLITE0 GROUNDSTATION54 STAR72
        1: SWITCH_ON INSTRUMENT5 SATELLITE0
        2: TURN_TO SATELLITE2 STAR88 GROUNDSTATION52
        3: CALIBRATE SATELLITE0 INSTRUMENT5 GROUNDSTATION54
        4: TURN_TO SATELLITE0 PLANET95 GROUNDSTATION54
        5: SWITCH_ON INSTRUMENT14 SATELLITE2
        6: CALIBRATE SATELLITE2 INSTRUMENT14 STAR88
        7: TURN_TO SATELLITE2 PHENOMENON96 STAR88
        8: TURN_TO SATELLITE1 STAR53 STAR57
        9: TURN_TO SATELLITE4 GROUNDSTATION21 STAR43
       10: TURN_TO SATELLITE5 STAR49 GROUNDSTATION91
       11: TURN_TO SATELLITE6 GROUNDSTATION74 GROUNDSTATION60
       12: TURN_TO SATELLITE9 GROUNDSTATION2 STAR67
       13: TAKE_IMAGE SATELLITE0 PLANET95 INSTRUMENT5 SPECTROGRAPH1
       14: TURN_TO SATELLITE0 STAR44 PLANET95
       15: TAKE_IMAGE SATELLITE2 PHENOMENON96 INSTRUMENT14 IMAGE0
     

time spent:    0.00 seconds instantiating 107950 easy, 0 hard action templates
               0.01 seconds reachability analysis, yielding 1597 facts and 107950 actions
               0.02 seconds creating final representation with 1597 relevant facts, 0 relevant fluents
               0.15 seconds computing LNF
               0.05 seconds building connectivity graph
               0.08 seconds searching, evaluating 24 states, to a max depth of 1
               0.31 seconds total time

