
ff: parsing domain file
domain 'SATELLITE' defined
 ... done.
ff: parsing problem file
problem 'STRIPS-SAT-X-1' defined
 ... done.


no metric specified. plan length assumed.

checking for cyclic := effects --- OK.

ff: search configuration is EHC, if that fails then  best-first on 1*g(s) + 5*h(s) where
    metric is  plan length

Cueing down from goal distance:   14 into depth [1]
                                  13            [1]
                                  12            [1]
                                  11            [1]
                                  10            [1]
                                   9            [1]
                                   8            [1]
                                   7            [1]
                                   6            [1]
                                   5            [1]
                                   4            [1]
                                   3            [1]
                                   2            [1]
                                   1            [1]
                                   0            

ff: found legal plan as follows

step    0: TURN_TO SATELLITE0 STAR51 GROUNDSTATION65
        1: SWITCH_ON INSTRUMENT0 SATELLITE0
        2: TURN_TO SATELLITE1 GROUNDSTATION18 STAR83
        3: CALIBRATE SATELLITE0 INSTRUMENT0 STAR51
        4: TURN_TO SATELLITE0 STAR95 STAR51
        5: SWITCH_ON INSTRUMENT6 SATELLITE1
        6: CALIBRATE SATELLITE1 INSTRUMENT6 GROUNDSTATION18
        7: TURN_TO SATELLITE1 PLANET96 GROUNDSTATION18
        8: TURN_TO SATELLITE2 STAR74 GROUNDSTATION46
        9: TURN_TO SATELLITE4 GROUNDSTATION34 GROUNDSTATION94
       10: TURN_TO SATELLITE8 GROUNDSTATION45 STAR36
       11: TAKE_IMAGE SATELLITE0 STAR95 INSTRUMENT0 THERMOGRAPH2
       12: TAKE_IMAGE SATELLITE1 PLANET96 INSTRUMENT6 INFRARED4
       13: TURN_TO SATELLITE1 GROUNDSTATION4 PLANET96
     

time spent:    0.00 seconds instantiating 104681 easy, 0 hard action templates
               0.01 seconds reachability analysis, yielding 1557 facts and 104681 actions
               0.01 seconds creating final representation with 1557 relevant facts, 0 relevant fluents
               0.12 seconds computing LNF
               0.04 seconds building connectivity graph
               0.11 seconds searching, evaluating 21 states, to a max depth of 1
               0.29 seconds total time

