
ff: parsing domain file
domain 'SATELLITE' defined
 ... done.
ff: parsing problem file
problem 'STRIPS-SAT-X-1' defined
 ... done.


no metric specified. plan length assumed.

checking for cyclic := effects --- OK.

ff: search configuration is EHC, if that fails then  best-first on 1*g(s) + 5*h(s) where
    metric is  plan length

Cueing down from goal distance:   12 into depth [1]
                                  11            [1]
                                  10            [1]
                                   9            [1]
                                   8            [1]
                                   7            [1]
                                   6            [1]
                                   5            [1]
                                   4            [1]
                                   3            [1]
                                   2            [1]
                                   1            [1]
                                   0            

ff: found legal plan as follows

step    0: TURN_TO SATELLITE0 GROUNDSTATION62 GROUNDSTATION1
        1: SWITCH_ON INSTRUMENT0 SATELLITE0
        2: CALIBRATE SATELLITE0 INSTRUMENT0 GROUNDSTATION62
        3: TURN_TO SATELLITE0 PHENOMENON95 GROUNDSTATION62
        4: TURN_TO SATELLITE1 STAR49 GROUNDSTATION20
        5: TURN_TO SATELLITE4 STAR31 GROUNDSTATION43
        6: TURN_TO SATELLITE6 GROUNDSTATION90 STAR27
        7: TURN_TO SATELLITE7 STAR31 STAR58
        8: TURN_TO SATELLITE9 STAR63 GROUNDSTATION90
        9: TAKE_IMAGE SATELLITE0 PHENOMENON95 INSTRUMENT0 IMAGE1
       10: TURN_TO SATELLITE0 STAR96 PHENOMENON95
       11: TAKE_IMAGE SATELLITE0 STAR96 INSTRUMENT0 IMAGE1
     

time spent:    0.00 seconds instantiating 107426 easy, 0 hard action templates
               0.01 seconds reachability analysis, yielding 1593 facts and 107426 actions
               0.01 seconds creating final representation with 1593 relevant facts, 0 relevant fluents
               0.16 seconds computing LNF
               0.04 seconds building connectivity graph
               0.15 seconds searching, evaluating 21 states, to a max depth of 1
               0.37 seconds total time

