
ff: parsing domain file
domain 'BLOCKS' defined
 ... done.
ff: parsing problem file
problem 'PB1' defined
 ... done.


no metric specified. plan length assumed.

checking for cyclic := effects --- OK.

ff: search configuration is EHC, if that fails then  best-first on 1*g(s) + 5*h(s) where
    metric is  plan length

Cueing down from goal distance:    8 into depth [1][2]
                                   7            [1][2][3][4][5][6]
                                   6            [1]
                                   5            [1][2][3]
                                   4            [1][2][3][4][5][6][7]
                                   3            [1]
                                   2            [1]
                                   1            [1]
                                   0            

ff: found legal plan as follows

step    0: UNSTACK BLOCK3 BLOCK2
        1: STACK BLOCK3 BLOCK5
        2: UNSTACK BLOCK2 BLOCK6
        3: STACK BLOCK2 BLOCK1
        4: UNSTACK BLOCK3 BLOCK5
        5: STACK BLOCK3 BLOCK6
        6: UNSTACK BLOCK5 BLOCK4
        7: STACK BLOCK5 BLOCK2
        8: UNSTACK BLOCK3 BLOCK6
        9: STACK BLOCK3 BLOCK5
       10: PICK-UP BLOCK6
       11: STACK BLOCK6 BLOCK4
       12: UNSTACK BLOCK3 BLOCK5
       13: STACK BLOCK3 BLOCK6
       14: UNSTACK BLOCK5 BLOCK2
       15: STACK BLOCK5 BLOCK3
     

time spent:    0.00 seconds instantiating 84 easy, 0 hard action templates
               0.00 seconds reachability analysis, yielding 55 facts and 84 actions
               0.00 seconds creating final representation with 55 relevant facts, 0 relevant fluents
               0.00 seconds computing LNF
               0.00 seconds building connectivity graph
               0.00 seconds searching, evaluating 123 states, to a max depth of 7
               0.00 seconds total time

