
ff: parsing domain file
domain 'BLOCKS' defined
 ... done.
ff: parsing problem file
problem 'PB4' defined
 ... done.


no metric specified. plan length assumed.

checking for cyclic := effects --- OK.

ff: search configuration is EHC, if that fails then  best-first on 1*g(s) + 5*h(s) where
    metric is  plan length

Cueing down from goal distance:    9 into depth [1]
                                   8            [1]
                                   7            [1]
                                   6            [1]
                                   5            [1][2]
                                   4            [1][2][3][4][5][6][7]
                                   3            [1]
                                   2            [1][2]
                                   0            

ff: found legal plan as follows

step    0: UNSTACK BLOCK3 BLOCK2
        1: PUT-DOWN BLOCK3
        2: UNSTACK BLOCK4 BLOCK1
        3: STACK BLOCK4 BLOCK3
        4: PICK-UP BLOCK2
        5: STACK BLOCK2 BLOCK4
        6: UNSTACK BLOCK1 BLOCK6
        7: STACK BLOCK1 BLOCK2
        8: UNSTACK BLOCK6 BLOCK5
        9: PUT-DOWN BLOCK6
       10: UNSTACK BLOCK1 BLOCK2
       11: STACK BLOCK1 BLOCK6
       12: UNSTACK BLOCK2 BLOCK4
       13: STACK BLOCK2 BLOCK1
     

time spent:    0.00 seconds instantiating 84 easy, 0 hard action templates
               0.00 seconds reachability analysis, yielding 55 facts and 84 actions
               0.00 seconds creating final representation with 55 relevant facts, 0 relevant fluents
               0.00 seconds computing LNF
               0.00 seconds building connectivity graph
               0.00 seconds searching, evaluating 52 states, to a max depth of 7
               0.00 seconds total time

