
ff: parsing domain file
domain 'BLOCKS' defined
 ... done.
ff: parsing problem file
problem 'PB0' defined
 ... done.


no metric specified. plan length assumed.

checking for cyclic := effects --- OK.

ff: search configuration is EHC, if that fails then  best-first on 1*g(s) + 5*h(s) where
    metric is  plan length

Cueing down from goal distance:   10 into depth [1]
                                   9            [1][2][3]
                                   8            [1][2]
                                   6            [1][2]
                                   4            [1][2][3][4][5][6][7]
                                   3            [1]
                                   2            [1][2]
                                   0            

ff: found legal plan as follows

step    0: UNSTACK BLOCK1 BLOCK2
        1: STACK BLOCK1 BLOCK4
        2: UNSTACK BLOCK2 BLOCK3
        3: STACK BLOCK2 BLOCK1
        4: UNSTACK BLOCK3 BLOCK5
        5: PUT-DOWN BLOCK3
        6: UNSTACK BLOCK5 BLOCK6
        7: PUT-DOWN BLOCK5
        8: UNSTACK BLOCK2 BLOCK1
        9: STACK BLOCK2 BLOCK5
       10: UNSTACK BLOCK1 BLOCK4
       11: STACK BLOCK1 BLOCK3
       12: PICK-UP BLOCK4
       13: STACK BLOCK4 BLOCK6
       14: UNSTACK BLOCK1 BLOCK3
       15: STACK BLOCK1 BLOCK4
       16: UNSTACK BLOCK2 BLOCK5
       17: STACK BLOCK2 BLOCK1
     

time spent:    0.00 seconds instantiating 84 easy, 0 hard action templates
               0.00 seconds reachability analysis, yielding 55 facts and 84 actions
               0.00 seconds creating final representation with 55 relevant facts, 0 relevant fluents
               0.00 seconds computing LNF
               0.00 seconds building connectivity graph
               0.00 seconds searching, evaluating 162 states, to a max depth of 7
               0.00 seconds total time

