
ff: parsing domain file
domain 'BLOCKS' defined
 ... done.
ff: parsing problem file
problem 'PB9' defined
 ... done.


no metric specified. plan length assumed.

checking for cyclic := effects --- OK.

ff: search configuration is EHC, if that fails then  best-first on 1*g(s) + 5*h(s) where
    metric is  plan length

Cueing down from goal distance:   10 into depth [1]
                                   9            [1][2][3]
                                   8            [1]
                                   7            [1]
                                   6            [1][2]
                                   4            [1]
                                   3            [1]
                                   2            [1][2]
                                   0            

ff: found legal plan as follows

step    0: PICK-UP BLOCK1
        1: STACK BLOCK1 BLOCK2
        2: UNSTACK BLOCK5 BLOCK4
        3: PUT-DOWN BLOCK5
        4: UNSTACK BLOCK1 BLOCK2
        5: STACK BLOCK1 BLOCK5
        6: UNSTACK BLOCK4 BLOCK3
        7: STACK BLOCK4 BLOCK2
        8: UNSTACK BLOCK3 BLOCK6
        9: STACK BLOCK3 BLOCK1
       10: PICK-UP BLOCK6
       11: STACK BLOCK6 BLOCK3
     

time spent:    0.00 seconds instantiating 84 easy, 0 hard action templates
               0.00 seconds reachability analysis, yielding 55 facts and 84 actions
               0.00 seconds creating final representation with 55 relevant facts, 0 relevant fluents
               0.00 seconds computing LNF
               0.00 seconds building connectivity graph
               0.00 seconds searching, evaluating 20 states, to a max depth of 3
               0.00 seconds total time

