
ff: parsing domain file
domain 'BLOCKS' defined
 ... done.
ff: parsing problem file
problem 'PB7' defined
 ... done.


no metric specified. plan length assumed.

checking for cyclic := effects --- OK.

ff: search configuration is EHC, if that fails then  best-first on 1*g(s) + 5*h(s) where
    metric is  plan length

Cueing down from goal distance:    9 into depth [1]
                                   8            [1]
                                   7            [1][2][3][4][5][6]
                                   6            [1][2]
                                   4            [1]
                                   3            [1][2][3]
                                   2            [1]
                                   1            [1]
                                   0            

ff: found legal plan as follows

step    0: UNSTACK BLOCK2 BLOCK6
        1: PUT-DOWN BLOCK2
        2: UNSTACK BLOCK6 BLOCK3
        3: STACK BLOCK6 BLOCK5
        4: UNSTACK BLOCK3 BLOCK4
        5: STACK BLOCK3 BLOCK6
        6: UNSTACK BLOCK4 BLOCK1
        7: STACK BLOCK4 BLOCK2
        8: UNSTACK BLOCK3 BLOCK6
        9: STACK BLOCK3 BLOCK4
       10: UNSTACK BLOCK6 BLOCK5
       11: STACK BLOCK6 BLOCK3
       12: PICK-UP BLOCK1
       13: STACK BLOCK1 BLOCK5
       14: UNSTACK BLOCK6 BLOCK3
       15: STACK BLOCK6 BLOCK1
     

time spent:    0.00 seconds instantiating 84 easy, 0 hard action templates
               0.00 seconds reachability analysis, yielding 55 facts and 84 actions
               0.00 seconds creating final representation with 55 relevant facts, 0 relevant fluents
               0.00 seconds computing LNF
               0.00 seconds building connectivity graph
               0.00 seconds searching, evaluating 55 states, to a max depth of 6
               0.00 seconds total time

