
ff: parsing domain file
domain 'BLOCKS' defined
 ... done.
ff: parsing problem file
problem 'PB5' defined
 ... done.


no metric specified. plan length assumed.

checking for cyclic := effects --- OK.

ff: search configuration is EHC, if that fails then  best-first on 1*g(s) + 5*h(s) where
    metric is  plan length

Cueing down from goal distance:   11 into depth [1]
                                  10            [1]
                                   9            [1][2]
                                   7            [1][2][3][4]
                                   5            [1][2]
                                   4            [1][2][3][4][5][6][7]
                                   3            [1]
                                   2            [1][2]
                                   0            

ff: found legal plan as follows

step    0: UNSTACK BLOCK3 BLOCK2
        1: PUT-DOWN BLOCK3
        2: UNSTACK BLOCK2 BLOCK4
        3: PUT-DOWN BLOCK2
        4: UNSTACK BLOCK4 BLOCK6
        5: STACK BLOCK4 BLOCK3
        6: UNSTACK BLOCK6 BLOCK1
        7: PUT-DOWN BLOCK6
        8: UNSTACK BLOCK4 BLOCK3
        9: STACK BLOCK4 BLOCK6
       10: UNSTACK BLOCK1 BLOCK5
       11: STACK BLOCK1 BLOCK4
       12: PICK-UP BLOCK5
       13: STACK BLOCK5 BLOCK3
       14: UNSTACK BLOCK1 BLOCK4
       15: STACK BLOCK1 BLOCK5
       16: UNSTACK BLOCK4 BLOCK6
       17: STACK BLOCK4 BLOCK1
     

time spent:    0.00 seconds instantiating 84 easy, 0 hard action templates
               0.00 seconds reachability analysis, yielding 55 facts and 84 actions
               0.00 seconds creating final representation with 55 relevant facts, 0 relevant fluents
               0.00 seconds computing LNF
               0.00 seconds building connectivity graph
               0.00 seconds searching, evaluating 145 states, to a max depth of 7
               0.00 seconds total time

