
ff: parsing domain file
domain 'SATELLITE' defined
 ... done.
ff: parsing problem file
problem 'STRIPS-SAT-X-1' defined
 ... done.


no metric specified. plan length assumed.

checking for cyclic := effects --- OK.

ff: search configuration is EHC, if that fails then  best-first on 1*g(s) + 5*h(s) where
    metric is  plan length

Cueing down from goal distance:   16 into depth [1]
                                  15            [1]
                                  14            [1]
                                  13            [1]
                                  12            [1]
                                  11            [1]
                                  10            [1]
                                   9            [1]
                                   8            [1]
                                   7            [1]
                                   6            [1]
                                   5            [1]
                                   4            [1]
                                   3            [1]
                                   2            [1]
                                   1            [1]
                                   0            

ff: found legal plan as follows

step    0: TURN_TO SATELLITE0 GROUNDSTATION1 GROUNDSTATION53
        1: SWITCH_ON INSTRUMENT0 SATELLITE0
        2: TURN_TO SATELLITE1 STAR26 STAR61
        3: CALIBRATE SATELLITE0 INSTRUMENT0 GROUNDSTATION1
        4: TURN_TO SATELLITE0 PHENOMENON62 GROUNDSTATION1
        5: SWITCH_ON INSTRUMENT9 SATELLITE1
        6: CALIBRATE SATELLITE1 INSTRUMENT9 STAR26
        7: TURN_TO SATELLITE1 STAR63 STAR26
        8: TURN_TO SATELLITE2 STAR29 GROUNDSTATION46
        9: TURN_TO SATELLITE3 GROUNDSTATION3 GROUNDSTATION1
       10: TURN_TO SATELLITE5 GROUNDSTATION1 STAR49
       11: TURN_TO SATELLITE6 STAR19 STAR13
       12: TURN_TO SATELLITE7 STAR15 GROUNDSTATION45
       13: TAKE_IMAGE SATELLITE0 PHENOMENON62 INSTRUMENT0 SPECTROGRAPH0
       14: TAKE_IMAGE SATELLITE1 STAR63 INSTRUMENT9 INFRARED1
       15: TURN_TO SATELLITE1 STAR36 STAR63
     

time spent:    0.00 seconds instantiating 47376 easy, 0 hard action templates
               0.00 seconds reachability analysis, yielding 1068 facts and 47376 actions
               0.01 seconds creating final representation with 1068 relevant facts, 0 relevant fluents
               0.06 seconds computing LNF
               0.02 seconds building connectivity graph
               0.04 seconds searching, evaluating 25 states, to a max depth of 1
               0.13 seconds total time

