
ff: parsing domain file
domain 'SATELLITE' defined
 ... done.
ff: parsing problem file
problem 'STRIPS-SAT-X-1' defined
 ... done.


no metric specified. plan length assumed.

checking for cyclic := effects --- OK.

ff: search configuration is EHC, if that fails then  best-first on 1*g(s) + 5*h(s) where
    metric is  plan length

Cueing down from goal distance:   14 into depth [1]
                                  13            [1]
                                  12            [1]
                                  11            [1]
                                  10            [1]
                                   9            [1]
                                   8            [1]
                                   7            [1]
                                   6            [1]
                                   5            [1]
                                   4            [1]
                                   3            [1]
                                   2            [1]
                                   1            [1]
                                   0            

ff: found legal plan as follows

step    0: TURN_TO SATELLITE0 STAR17 STAR25
        1: SWITCH_ON INSTRUMENT0 SATELLITE0
        2: TURN_TO SATELLITE1 STAR56 STAR49
        3: CALIBRATE SATELLITE0 INSTRUMENT0 STAR17
        4: TURN_TO SATELLITE0 PLANET62 STAR17
        5: SWITCH_ON INSTRUMENT7 SATELLITE1
        6: CALIBRATE SATELLITE1 INSTRUMENT7 STAR56
        7: TURN_TO SATELLITE1 PLANET63 STAR56
        8: TURN_TO SATELLITE2 GROUNDSTATION48 STAR35
        9: TURN_TO SATELLITE3 STAR51 GROUNDSTATION58
       10: TURN_TO SATELLITE4 GROUNDSTATION38 STAR45
       11: TURN_TO SATELLITE6 STAR30 GROUNDSTATION15
       12: TAKE_IMAGE SATELLITE0 PLANET62 INSTRUMENT0 THERMOGRAPH0
       13: TAKE_IMAGE SATELLITE1 PLANET63 INSTRUMENT7 IMAGE1
     

time spent:    0.00 seconds instantiating 48544 easy, 0 hard action templates
               0.00 seconds reachability analysis, yielding 1078 facts and 48544 actions
               0.00 seconds creating final representation with 1078 relevant facts, 0 relevant fluents
               0.06 seconds computing LNF
               0.02 seconds building connectivity graph
               0.02 seconds searching, evaluating 16 states, to a max depth of 1
               0.10 seconds total time

