
ff: parsing domain file
domain 'SATELLITE' defined
 ... done.
ff: parsing problem file
problem 'STRIPS-SAT-X-1' defined
 ... done.


no metric specified. plan length assumed.

checking for cyclic := effects --- OK.

ff: search configuration is EHC, if that fails then  best-first on 1*g(s) + 5*h(s) where
    metric is  plan length

Cueing down from goal distance:   12 into depth [1]
                                  11            [1]
                                  10            [1]
                                   9            [1]
                                   8            [1]
                                   7            [1]
                                   6            [1]
                                   5            [1]
                                   4            [1]
                                   3            [1][2]
                                   2            [1]
                                   1            [1]
                                   0            

ff: found legal plan as follows

step    0: TURN_TO SATELLITE0 GROUNDSTATION54 GROUNDSTATION33
        1: SWITCH_ON INSTRUMENT0 SATELLITE0
        2: CALIBRATE SATELLITE0 INSTRUMENT0 GROUNDSTATION54
        3: TURN_TO SATELLITE0 PLANET62 GROUNDSTATION54
        4: SWITCH_ON INSTRUMENT54 SATELLITE8
        5: TURN_TO SATELLITE3 STAR56 GROUNDSTATION19
        6: TURN_TO SATELLITE5 STAR45 GROUNDSTATION11
        7: TURN_TO SATELLITE9 PHENOMENON63 STAR6
        8: TAKE_IMAGE SATELLITE0 PLANET62 INSTRUMENT0 SPECTROGRAPH0
        9: TURN_TO SATELLITE8 STAR6 PHENOMENON63
       10: CALIBRATE SATELLITE8 INSTRUMENT54 STAR6
       11: TURN_TO SATELLITE8 PHENOMENON63 STAR6
       12: TAKE_IMAGE SATELLITE8 PHENOMENON63 INSTRUMENT54 IMAGE2
     

time spent:    0.00 seconds instantiating 50304 easy, 0 hard action templates
               0.00 seconds reachability analysis, yielding 1110 facts and 50304 actions
               0.01 seconds creating final representation with 1110 relevant facts, 0 relevant fluents
               0.06 seconds computing LNF
               0.02 seconds building connectivity graph
               0.04 seconds searching, evaluating 22 states, to a max depth of 2
               0.13 seconds total time

