
ff: parsing domain file
domain 'SATELLITE' defined
 ... done.
ff: parsing problem file
problem 'STRIPS-SAT-X-1' defined
 ... done.


no metric specified. plan length assumed.

checking for cyclic := effects --- OK.

ff: search configuration is EHC, if that fails then  best-first on 1*g(s) + 5*h(s) where
    metric is  plan length

Cueing down from goal distance:   16 into depth [1]
                                  15            [1]
                                  14            [1]
                                  13            [1]
                                  12            [1]
                                  11            [1]
                                  10            [1]
                                   9            [1]
                                   8            [1]
                                   7            [1]
                                   6            [1]
                                   5            [1]
                                   4            [1]
                                   3            [1]
                                   2            [1]
                                   1            [1]
                                   0            

ff: found legal plan as follows

step    0: TURN_TO SATELLITE0 STAR13 STAR17
        1: SWITCH_ON INSTRUMENT0 SATELLITE0
        2: CALIBRATE SATELLITE0 INSTRUMENT0 STAR13
        3: TURN_TO SATELLITE0 PLANET62 STAR13
        4: SWITCH_ON INSTRUMENT6 SATELLITE1
        5: CALIBRATE SATELLITE1 INSTRUMENT6 STAR47
        6: TURN_TO SATELLITE1 PHENOMENON63 STAR47
        7: TURN_TO SATELLITE2 GROUNDSTATION18 GROUNDSTATION28
        8: TURN_TO SATELLITE3 STAR51 GROUNDSTATION0
        9: TURN_TO SATELLITE6 STAR15 GROUNDSTATION28
       10: TURN_TO SATELLITE7 STAR35 GROUNDSTATION24
       11: TURN_TO SATELLITE8 GROUNDSTATION43 STAR14
       12: TAKE_IMAGE SATELLITE0 PLANET62 INSTRUMENT0 INFRARED4
       13: TURN_TO SATELLITE0 GROUNDSTATION20 PLANET62
       14: TAKE_IMAGE SATELLITE1 PHENOMENON63 INSTRUMENT6 IMAGE0
       15: TURN_TO SATELLITE1 GROUNDSTATION5 PHENOMENON63
     

time spent:    0.00 seconds instantiating 48543 easy, 0 hard action templates
               0.00 seconds reachability analysis, yielding 1074 facts and 48543 actions
               0.01 seconds creating final representation with 1074 relevant facts, 0 relevant fluents
               0.06 seconds computing LNF
               0.01 seconds building connectivity graph
               0.05 seconds searching, evaluating 30 states, to a max depth of 1
               0.13 seconds total time

