
ff: parsing domain file
domain 'SATELLITE' defined
 ... done.
ff: parsing problem file
problem 'STRIPS-SAT-X-1' defined
 ... done.


no metric specified. plan length assumed.

checking for cyclic := effects --- OK.

ff: search configuration is EHC, if that fails then  best-first on 1*g(s) + 5*h(s) where
    metric is  plan length

Cueing down from goal distance:   14 into depth [1]
                                  13            [1]
                                  12            [1]
                                  11            [1]
                                  10            [1]
                                   9            [1]
                                   8            [1]
                                   7            [1][2]
                                   6            [1]
                                   5            [1]
                                   4            [1]
                                   3            [1][2]
                                   2            [1][2]
                                   1            [1]
                                   0            

ff: found legal plan as follows

step    0: SWITCH_ON INSTRUMENT5 SATELLITE0
        1: SWITCH_ON INSTRUMENT26 SATELLITE5
        2: TURN_TO SATELLITE0 PHENOMENON9 PLANET8
        3: TURN_TO SATELLITE1 STAR3 GROUNDSTATION4
        4: TURN_TO SATELLITE3 GROUNDSTATION7 STAR3
        5: TURN_TO SATELLITE4 PHENOMENON9 GROUNDSTATION2
        6: TURN_TO SATELLITE7 PLANET8 STAR6
        7: TURN_TO SATELLITE5 GROUNDSTATION4 PLANET8
        8: CALIBRATE SATELLITE5 INSTRUMENT26 GROUNDSTATION4
        9: TURN_TO SATELLITE5 PLANET8 GROUNDSTATION4
       10: TAKE_IMAGE SATELLITE5 PLANET8 INSTRUMENT26 IMAGE3
       11: TURN_TO SATELLITE5 STAR0 PLANET8
       12: TURN_TO SATELLITE0 GROUNDSTATION4 PHENOMENON9
       13: CALIBRATE SATELLITE0 INSTRUMENT5 GROUNDSTATION4
       14: TURN_TO SATELLITE0 PHENOMENON9 GROUNDSTATION4
       15: TAKE_IMAGE SATELLITE0 PHENOMENON9 INSTRUMENT5 THERMOGRAPH0
       16: TURN_TO SATELLITE0 GROUNDSTATION4 PHENOMENON9
     

time spent:    0.00 seconds instantiating 2326 easy, 0 hard action templates
               0.00 seconds reachability analysis, yielding 270 facts and 2326 actions
               0.00 seconds creating final representation with 270 relevant facts, 0 relevant fluents
               0.00 seconds computing LNF
               0.00 seconds building connectivity graph
               0.00 seconds searching, evaluating 36 states, to a max depth of 2
               0.00 seconds total time

