
ff: parsing domain file
domain 'SATELLITE' defined
 ... done.
ff: parsing problem file
problem 'STRIPS-SAT-X-1' defined
 ... done.


no metric specified. plan length assumed.

checking for cyclic := effects --- OK.

ff: search configuration is EHC, if that fails then  best-first on 1*g(s) + 5*h(s) where
    metric is  plan length

Cueing down from goal distance:   10 into depth [1]
                                   8            [1]
                                   7            [1]
                                   6            [1]
                                   5            [1]
                                   4            [1]
                                   3            [1]
                                   2            [1]
                                   1            [1]
                                   0            

ff: found legal plan as follows

step    0: TURN_TO SATELLITE6 GROUNDSTATION7 STAR8
        1: TURN_TO SATELLITE0 STAR0 STAR3
        2: SWITCH_ON INSTRUMENT1 SATELLITE0
        3: CALIBRATE SATELLITE0 INSTRUMENT1 STAR0
        4: TURN_TO SATELLITE0 STAR8 STAR0
        5: TURN_TO SATELLITE2 STAR8 GROUNDSTATION2
        6: TAKE_IMAGE SATELLITE0 STAR8 INSTRUMENT1 IMAGE1
        7: TURN_TO SATELLITE0 PHENOMENON9 STAR8
        8: TAKE_IMAGE SATELLITE0 PHENOMENON9 INSTRUMENT1 THERMOGRAPH2
     

time spent:    0.00 seconds instantiating 2342 easy, 0 hard action templates
               0.00 seconds reachability analysis, yielding 272 facts and 2342 actions
               0.00 seconds creating final representation with 272 relevant facts, 0 relevant fluents
               0.00 seconds computing LNF
               0.00 seconds building connectivity graph
               0.00 seconds searching, evaluating 14 states, to a max depth of 1
               0.00 seconds total time

