
ff: parsing domain file
domain 'SATELLITE' defined
 ... done.
ff: parsing problem file
problem 'STRIPS-SAT-X-1' defined
 ... done.


no metric specified. plan length assumed.

checking for cyclic := effects --- OK.

ff: search configuration is EHC, if that fails then  best-first on 1*g(s) + 5*h(s) where
    metric is  plan length

Cueing down from goal distance:    8 into depth [1]
                                   7            [1]
                                   6            [1]
                                   5            [1]
                                   4            [1]
                                   3            [1]
                                   2            [1]
                                   1            [1]
                                   0            

ff: found legal plan as follows

step    0: TURN_TO SATELLITE1 GROUNDSTATION5 GROUNDSTATION4
        1: SWITCH_ON INSTRUMENT5 SATELLITE1
        2: CALIBRATE SATELLITE1 INSTRUMENT5 GROUNDSTATION5
        3: TURN_TO SATELLITE1 STAR9 GROUNDSTATION5
        4: TURN_TO SATELLITE3 GROUNDSTATION3 PLANET8
        5: TURN_TO SATELLITE6 GROUNDSTATION3 PLANET8
        6: TURN_TO SATELLITE7 STAR9 GROUNDSTATION5
        7: TAKE_IMAGE SATELLITE1 STAR9 INSTRUMENT5 THERMOGRAPH0
     

time spent:    0.00 seconds instantiating 2019 easy, 0 hard action templates
               0.00 seconds reachability analysis, yielding 252 facts and 2019 actions
               0.00 seconds creating final representation with 252 relevant facts, 0 relevant fluents
               0.00 seconds computing LNF
               0.00 seconds building connectivity graph
               0.00 seconds searching, evaluating 9 states, to a max depth of 1
               0.00 seconds total time

