
ff: parsing domain file
domain 'SATELLITE' defined
 ... done.
ff: parsing problem file
problem 'STRIPS-SAT-X-1' defined
 ... done.


no metric specified. plan length assumed.

checking for cyclic := effects --- OK.

ff: search configuration is EHC, if that fails then  best-first on 1*g(s) + 5*h(s) where
    metric is  plan length

Cueing down from goal distance:   14 into depth [1]
                                  13            [1]
                                  12            [1]
                                  11            [1]
                                  10            [1]
                                   9            [1]
                                   8            [1]
                                   7            [1]
                                   6            [1]
                                   5            [1]
                                   4            [1]
                                   3            [1]
                                   2            [1]
                                   1            [1]
                                   0            

ff: found legal plan as follows

step    0: TURN_TO SATELLITE0 GROUNDSTATION138 STAR112
        1: SWITCH_ON INSTRUMENT3 SATELLITE0
        2: TURN_TO SATELLITE1 STAR64 STAR16
        3: CALIBRATE SATELLITE0 INSTRUMENT3 GROUNDSTATION138
        4: TURN_TO SATELLITE0 PHENOMENON143 GROUNDSTATION138
        5: SWITCH_ON INSTRUMENT6 SATELLITE1
        6: CALIBRATE SATELLITE1 INSTRUMENT6 STAR64
        7: TURN_TO SATELLITE1 PHENOMENON144 STAR64
        8: TURN_TO SATELLITE3 STAR35 STAR111
        9: TURN_TO SATELLITE4 STAR68 GROUNDSTATION11
       10: TURN_TO SATELLITE5 GROUNDSTATION23 STAR31
       11: TAKE_IMAGE SATELLITE0 PHENOMENON143 INSTRUMENT3 THERMOGRAPH1
       12: TURN_TO SATELLITE0 GROUNDSTATION10 PHENOMENON143
       13: TAKE_IMAGE SATELLITE1 PHENOMENON144 INSTRUMENT6 THERMOGRAPH0
     

time spent:    0.00 seconds instantiating 227287 easy, 0 hard action templates
               0.02 seconds reachability analysis, yielding 2295 facts and 227287 actions
               0.04 seconds creating final representation with 2295 relevant facts, 0 relevant fluents
               0.26 seconds computing LNF
               0.09 seconds building connectivity graph
               0.23 seconds searching, evaluating 20 states, to a max depth of 1
               0.64 seconds total time

