
ff: parsing domain file
domain 'SATELLITE' defined
 ... done.
ff: parsing problem file
problem 'STRIPS-SAT-X-1' defined
 ... done.


no metric specified. plan length assumed.

checking for cyclic := effects --- OK.

ff: search configuration is EHC, if that fails then  best-first on 1*g(s) + 5*h(s) where
    metric is  plan length

Cueing down from goal distance:   12 into depth [1]
                                  11            [1]
                                  10            [1]
                                   9            [1]
                                   8            [1]
                                   7            [1]
                                   6            [1]
                                   5            [1]
                                   4            [1]
                                   3            [1]
                                   2            [1]
                                   1            [1]
                                   0            

ff: found legal plan as follows

step    0: SWITCH_ON INSTRUMENT1 SATELLITE0
        1: TURN_TO SATELLITE3 STAR44 STAR126
        2: CALIBRATE SATELLITE0 INSTRUMENT1 STAR23
        3: TURN_TO SATELLITE0 STAR144 STAR23
        4: SWITCH_ON INSTRUMENT19 SATELLITE3
        5: CALIBRATE SATELLITE3 INSTRUMENT19 STAR44
        6: TURN_TO SATELLITE3 STAR143 STAR44
        7: TURN_TO SATELLITE1 GROUNDSTATION40 STAR3
        8: TURN_TO SATELLITE5 STAR44 STAR53
        9: TURN_TO SATELLITE7 STAR58 STAR25
       10: TAKE_IMAGE SATELLITE3 STAR143 INSTRUMENT19 INFRARED2
       11: TAKE_IMAGE SATELLITE0 STAR144 INSTRUMENT1 IMAGE0
     

time spent:    0.00 seconds instantiating 228782 easy, 0 hard action templates
               0.03 seconds reachability analysis, yielding 2299 facts and 228782 actions
               0.02 seconds creating final representation with 2299 relevant facts, 0 relevant fluents
               0.29 seconds computing LNF
               0.09 seconds building connectivity graph
               0.16 seconds searching, evaluating 16 states, to a max depth of 1
               0.59 seconds total time

