
ff: parsing domain file
domain 'SATELLITE' defined
 ... done.
ff: parsing problem file
problem 'STRIPS-SAT-X-1' defined
 ... done.


no metric specified. plan length assumed.

checking for cyclic := effects --- OK.

ff: search configuration is EHC, if that fails then  best-first on 1*g(s) + 5*h(s) where
    metric is  plan length

Cueing down from goal distance:    3 into depth [1]
                                   2            [1]
                                   1            [1]
                                   0            

ff: found legal plan as follows

step    0: TURN_TO SATELLITE1 STAR124 GROUNDSTATION70
        1: TURN_TO SATELLITE4 STAR117 GROUNDSTATION68
        2: TURN_TO SATELLITE9 STAR25 GROUNDSTATION120
     

time spent:    0.00 seconds instantiating 227766 easy, 0 hard action templates
               0.02 seconds reachability analysis, yielding 2297 facts and 227766 actions
               0.04 seconds creating final representation with 2297 relevant facts, 0 relevant fluents
               0.26 seconds computing LNF
               0.09 seconds building connectivity graph
               0.01 seconds searching, evaluating 4 states, to a max depth of 1
               0.42 seconds total time

