
ff: parsing domain file
domain 'SATELLITE' defined
 ... done.
ff: parsing problem file
problem 'STRIPS-SAT-X-1' defined
 ... done.


no metric specified. plan length assumed.

checking for cyclic := effects --- OK.

ff: search configuration is EHC, if that fails then  best-first on 1*g(s) + 5*h(s) where
    metric is  plan length

Cueing down from goal distance:   13 into depth [1]
                                  12            [1]
                                  11            [1]
                                  10            [1]
                                   9            [1]
                                   8            [1]
                                   7            [1]
                                   6            [1]
                                   5            [1]
                                   4            [1]
                                   3            [1]
                                   2            [1]
                                   1            [1]
                                   0            

ff: found legal plan as follows

step    0: TURN_TO SATELLITE0 GROUNDSTATION61 GROUNDSTATION105
        1: TURN_TO SATELLITE1 STAR93 GROUNDSTATION99
        2: SWITCH_ON INSTRUMENT0 SATELLITE0
        3: CALIBRATE SATELLITE0 INSTRUMENT0 GROUNDSTATION61
        4: TURN_TO SATELLITE0 STAR143 GROUNDSTATION61
        5: SWITCH_ON INSTRUMENT4 SATELLITE1
        6: CALIBRATE SATELLITE1 INSTRUMENT4 STAR93
        7: TURN_TO SATELLITE1 PLANET144 STAR93
        8: TURN_TO SATELLITE6 GROUNDSTATION74 STAR125
        9: TURN_TO SATELLITE8 STAR22 STAR112
       10: TAKE_IMAGE SATELLITE0 STAR143 INSTRUMENT0 SPECTROGRAPH4
       11: TAKE_IMAGE SATELLITE1 PLANET144 INSTRUMENT4 INFRARED3
       12: TURN_TO SATELLITE1 STAR139 PLANET144
     

time spent:    0.01 seconds instantiating 226012 easy, 0 hard action templates
               0.02 seconds reachability analysis, yielding 2283 facts and 226012 actions
               0.05 seconds creating final representation with 2283 relevant facts, 0 relevant fluents
               0.29 seconds computing LNF
               0.11 seconds building connectivity graph
               0.27 seconds searching, evaluating 18 states, to a max depth of 1
               0.75 seconds total time

