
ff: parsing domain file
domain 'SATELLITE' defined
 ... done.
ff: parsing problem file
problem 'STRIPS-SAT-X-1' defined
 ... done.


no metric specified. plan length assumed.

checking for cyclic := effects --- OK.

ff: search configuration is EHC, if that fails then  best-first on 1*g(s) + 5*h(s) where
    metric is  plan length

Cueing down from goal distance:   15 into depth [1]
                                  14            [1]
                                  13            [1]
                                  12            [1]
                                  11            [1]
                                  10            [1]
                                   9            [1]
                                   8            [1]
                                   7            [1]
                                   6            [1]
                                   5            [1]
                                   4            [1]
                                   3            [1]
                                   2            [1]
                                   1            [1]
                                   0            

ff: found legal plan as follows

step    0: TURN_TO SATELLITE0 STAR123 STAR65
        1: SWITCH_ON INSTRUMENT2 SATELLITE0
        2: TURN_TO SATELLITE1 STAR83 GROUNDSTATION33
        3: CALIBRATE SATELLITE0 INSTRUMENT2 STAR123
        4: TURN_TO SATELLITE0 PLANET143 STAR123
        5: SWITCH_ON INSTRUMENT9 SATELLITE1
        6: CALIBRATE SATELLITE1 INSTRUMENT9 STAR83
        7: TURN_TO SATELLITE1 PHENOMENON144 STAR83
        8: TURN_TO SATELLITE2 STAR101 GROUNDSTATION86
        9: TURN_TO SATELLITE4 GROUNDSTATION68 GROUNDSTATION55
       10: TURN_TO SATELLITE6 PHENOMENON144 GROUNDSTATION110
       11: TURN_TO SATELLITE7 GROUNDSTATION79 GROUNDSTATION76
       12: TURN_TO SATELLITE9 STAR37 STAR65
       13: TAKE_IMAGE SATELLITE0 PLANET143 INSTRUMENT2 IMAGE1
       14: TAKE_IMAGE SATELLITE1 PHENOMENON144 INSTRUMENT9 THERMOGRAPH3
     

time spent:    0.00 seconds instantiating 226132 easy, 0 hard action templates
               0.03 seconds reachability analysis, yielding 2289 facts and 226132 actions
               0.03 seconds creating final representation with 2289 relevant facts, 0 relevant fluents
               0.26 seconds computing LNF
               0.09 seconds building connectivity graph
               0.15 seconds searching, evaluating 17 states, to a max depth of 1
               0.56 seconds total time

