
ff: parsing domain file
domain 'SATELLITE' defined
 ... done.
ff: parsing problem file
problem 'STRIPS-SAT-X-1' defined
 ... done.


no metric specified. plan length assumed.

checking for cyclic := effects --- OK.

ff: search configuration is EHC, if that fails then  best-first on 1*g(s) + 5*h(s) where
    metric is  plan length

Cueing down from goal distance:    2 into depth [1]
                                   1            [1]
                                   0            

ff: found legal plan as follows

step    0: TURN_TO SATELLITE5 GROUNDSTATION6 GROUNDSTATION0
        1: TURN_TO SATELLITE8 STAR29 GROUNDSTATION24
     

time spent:    0.00 seconds instantiating 77313 easy, 0 hard action templates
               0.00 seconds reachability analysis, yielding 1346 facts and 77313 actions
               0.02 seconds creating final representation with 1346 relevant facts, 0 relevant fluents
               0.10 seconds computing LNF
               0.03 seconds building connectivity graph
               0.00 seconds searching, evaluating 3 states, to a max depth of 1
               0.15 seconds total time

