
ff: parsing domain file
domain 'SATELLITE' defined
 ... done.
ff: parsing problem file
problem 'STRIPS-SAT-X-1' defined
 ... done.


no metric specified. plan length assumed.

checking for cyclic := effects --- OK.

ff: search configuration is EHC, if that fails then  best-first on 1*g(s) + 5*h(s) where
    metric is  plan length

Cueing down from goal distance:   10 into depth [1]
                                   9            [1]
                                   8            [1]
                                   7            [1]
                                   6            [1]
                                   5            [1]
                                   4            [1]
                                   3            [1]
                                   2            [1]
                                   1            [1]
                                   0            

ff: found legal plan as follows

step    0: TURN_TO SATELLITE0 STAR70 STAR19
        1: SWITCH_ON INSTRUMENT1 SATELLITE0
        2: CALIBRATE SATELLITE0 INSTRUMENT1 STAR70
        3: TURN_TO SATELLITE0 STAR82 STAR70
        4: TURN_TO SATELLITE1 STAR6 GROUNDSTATION74
        5: TURN_TO SATELLITE2 STAR67 STAR0
        6: TURN_TO SATELLITE5 STAR6 STAR58
        7: TAKE_IMAGE SATELLITE0 STAR82 INSTRUMENT1 SPECTROGRAPH3
        8: TURN_TO SATELLITE0 PHENOMENON83 STAR82
        9: TAKE_IMAGE SATELLITE0 PHENOMENON83 INSTRUMENT1 SPECTROGRAPH3
     

time spent:    0.00 seconds instantiating 78504 easy, 0 hard action templates
               0.01 seconds reachability analysis, yielding 1358 facts and 78504 actions
               0.01 seconds creating final representation with 1358 relevant facts, 0 relevant fluents
               0.11 seconds computing LNF
               0.03 seconds building connectivity graph
               0.08 seconds searching, evaluating 17 states, to a max depth of 1
               0.24 seconds total time

