
ff: parsing domain file
domain 'SATELLITE' defined
 ... done.
ff: parsing problem file
problem 'STRIPS-SAT-X-1' defined
 ... done.


no metric specified. plan length assumed.

checking for cyclic := effects --- OK.

ff: search configuration is EHC, if that fails then  best-first on 1*g(s) + 5*h(s) where
    metric is  plan length

Cueing down from goal distance:   17 into depth [1]
                                  16            [1]
                                  15            [1]
                                  14            [1]
                                  13            [1]
                                  12            [1]
                                  11            [1]
                                  10            [1]
                                   9            [1]
                                   8            [1]
                                   7            [1]
                                   6            [1]
                                   5            [1]
                                   4            [1]
                                   3            [1]
                                   2            [1]
                                   1            [1]
                                   0            

ff: found legal plan as follows

step    0: TURN_TO SATELLITE1 STAR4 GROUNDSTATION60
        1: TURN_TO SATELLITE0 GROUNDSTATION11 STAR35
        2: SWITCH_ON INSTRUMENT7 SATELLITE1
        3: CALIBRATE SATELLITE1 INSTRUMENT7 STAR4
        4: TURN_TO SATELLITE1 PLANET82 STAR4
        5: SWITCH_ON INSTRUMENT1 SATELLITE0
        6: CALIBRATE SATELLITE0 INSTRUMENT1 GROUNDSTATION11
        7: TURN_TO SATELLITE0 PLANET83 GROUNDSTATION11
        8: TURN_TO SATELLITE2 STAR1 STAR40
        9: TURN_TO SATELLITE5 STAR63 STAR36
       10: TURN_TO SATELLITE6 GROUNDSTATION13 GROUNDSTATION50
       11: TURN_TO SATELLITE7 GROUNDSTATION50 STAR56
       12: TURN_TO SATELLITE8 GROUNDSTATION73 STAR4
       13: TAKE_IMAGE SATELLITE1 PLANET82 INSTRUMENT7 THERMOGRAPH0
       14: TURN_TO SATELLITE1 GROUNDSTATION38 PLANET82
       15: TAKE_IMAGE SATELLITE0 PLANET83 INSTRUMENT1 IMAGE1
       16: TURN_TO SATELLITE0 GROUNDSTATION81 PLANET83
     

time spent:    0.00 seconds instantiating 80627 easy, 0 hard action templates
               0.00 seconds reachability analysis, yielding 1384 facts and 80627 actions
               0.01 seconds creating final representation with 1384 relevant facts, 0 relevant fluents
               0.10 seconds computing LNF
               0.03 seconds building connectivity graph
               0.07 seconds searching, evaluating 32 states, to a max depth of 1
               0.21 seconds total time

