
ff: parsing domain file
domain 'SATELLITE' defined
 ... done.
ff: parsing problem file
problem 'STRIPS-SAT-X-1' defined
 ... done.


no metric specified. plan length assumed.

checking for cyclic := effects --- OK.

ff: search configuration is EHC, if that fails then  best-first on 1*g(s) + 5*h(s) where
    metric is  plan length

Cueing down from goal distance:   10 into depth [1]
                                   9            [1]
                                   8            [1]
                                   7            [1]
                                   6            [1]
                                   5            [1]
                                   4            [1]
                                   3            [1]
                                   2            [1]
                                   1            [1]
                                   0            

ff: found legal plan as follows

step    0: TURN_TO SATELLITE0 GROUNDSTATION26 GROUNDSTATION99
        1: TURN_TO SATELLITE1 STAR100 GROUNDSTATION105
        2: SWITCH_ON INSTRUMENT1 SATELLITE0
        3: CALIBRATE SATELLITE0 INSTRUMENT1 GROUNDSTATION26
        4: TURN_TO SATELLITE0 STAR147 GROUNDSTATION26
        5: SWITCH_ON INSTRUMENT4 SATELLITE1
        6: CALIBRATE SATELLITE1 INSTRUMENT4 STAR100
        7: TURN_TO SATELLITE1 PHENOMENON148 STAR100
        8: TAKE_IMAGE SATELLITE0 STAR147 INSTRUMENT1 SPECTROGRAPH0
        9: TAKE_IMAGE SATELLITE1 PHENOMENON148 INSTRUMENT4 SPECTROGRAPH4
     

time spent:    0.00 seconds instantiating 233361 easy, 0 hard action templates
               0.02 seconds reachability analysis, yielding 2319 facts and 233361 actions
               0.05 seconds creating final representation with 2319 relevant facts, 0 relevant fluents
               0.27 seconds computing LNF
               0.10 seconds building connectivity graph
               0.14 seconds searching, evaluating 11 states, to a max depth of 1
               0.58 seconds total time

