
ff: parsing domain file
domain 'SATELLITE' defined
 ... done.
ff: parsing problem file
problem 'STRIPS-SAT-X-1' defined
 ... done.


no metric specified. plan length assumed.

checking for cyclic := effects --- OK.

ff: search configuration is EHC, if that fails then  best-first on 1*g(s) + 5*h(s) where
    metric is  plan length

Cueing down from goal distance:   14 into depth [1]
                                  13            [1]
                                  12            [1]
                                  11            [1]
                                  10            [1]
                                   9            [1]
                                   8            [1]
                                   7            [1]
                                   6            [1]
                                   5            [1]
                                   4            [1]
                                   3            [1]
                                   2            [1]
                                   1            [1]
                                   0            

ff: found legal plan as follows

step    0: TURN_TO SATELLITE0 GROUNDSTATION130 GROUNDSTATION104
        1: SWITCH_ON INSTRUMENT1 SATELLITE0
        2: TURN_TO SATELLITE1 STAR77 GROUNDSTATION119
        3: CALIBRATE SATELLITE0 INSTRUMENT1 GROUNDSTATION130
        4: TURN_TO SATELLITE0 PLANET147 GROUNDSTATION130
        5: SWITCH_ON INSTRUMENT8 SATELLITE1
        6: CALIBRATE SATELLITE1 INSTRUMENT8 STAR77
        7: TURN_TO SATELLITE1 PLANET148 STAR77
        8: TURN_TO SATELLITE2 STAR34 STAR79
        9: TURN_TO SATELLITE3 GROUNDSTATION14 GROUNDSTATION113
       10: TURN_TO SATELLITE5 GROUNDSTATION118 GROUNDSTATION10
       11: TURN_TO SATELLITE7 GROUNDSTATION71 GROUNDSTATION4
       12: TAKE_IMAGE SATELLITE0 PLANET147 INSTRUMENT1 IMAGE3
       13: TAKE_IMAGE SATELLITE1 PLANET148 INSTRUMENT8 SPECTROGRAPH2
     

time spent:    0.01 seconds instantiating 239594 easy, 0 hard action templates
               0.01 seconds reachability analysis, yielding 2353 facts and 239594 actions
               0.05 seconds creating final representation with 2353 relevant facts, 0 relevant fluents
               0.26 seconds computing LNF
               0.10 seconds building connectivity graph
               0.18 seconds searching, evaluating 16 states, to a max depth of 1
               0.61 seconds total time

