
ff: parsing domain file
domain 'SATELLITE' defined
 ... done.
ff: parsing problem file
problem 'STRIPS-SAT-X-1' defined
 ... done.


no metric specified. plan length assumed.

checking for cyclic := effects --- OK.

ff: search configuration is EHC, if that fails then  best-first on 1*g(s) + 5*h(s) where
    metric is  plan length

Cueing down from goal distance:   14 into depth [1]
                                  13            [1]
                                  12            [1]
                                  11            [1]
                                  10            [1]
                                   9            [1]
                                   8            [1]
                                   7            [1]
                                   6            [1]
                                   5            [1]
                                   4            [1]
                                   3            [1]
                                   2            [1]
                                   1            [1]
                                   0            

ff: found legal plan as follows

step    0: TURN_TO SATELLITE1 STAR73 GROUNDSTATION62
        1: TURN_TO SATELLITE0 GROUNDSTATION67 GROUNDSTATION48
        2: SWITCH_ON INSTRUMENT2 SATELLITE1
        3: CALIBRATE SATELLITE1 INSTRUMENT2 STAR73
        4: TURN_TO SATELLITE1 PHENOMENON147 STAR73
        5: SWITCH_ON INSTRUMENT0 SATELLITE0
        6: CALIBRATE SATELLITE0 INSTRUMENT0 GROUNDSTATION67
        7: TURN_TO SATELLITE0 PLANET148 GROUNDSTATION67
        8: TURN_TO SATELLITE2 STAR145 GROUNDSTATION29
        9: TURN_TO SATELLITE5 GROUNDSTATION134 GROUNDSTATION124
       10: TURN_TO SATELLITE6 GROUNDSTATION38 STAR104
       11: TURN_TO SATELLITE7 STAR76 GROUNDSTATION70
       12: TAKE_IMAGE SATELLITE1 PHENOMENON147 INSTRUMENT2 INFRARED2
       13: TAKE_IMAGE SATELLITE0 PLANET148 INSTRUMENT0 INFRARED3
     

time spent:    0.00 seconds instantiating 235549 easy, 0 hard action templates
               0.03 seconds reachability analysis, yielding 2329 facts and 235549 actions
               0.03 seconds creating final representation with 2329 relevant facts, 0 relevant fluents
               0.28 seconds computing LNF
               0.09 seconds building connectivity graph
               0.22 seconds searching, evaluating 15 states, to a max depth of 1
               0.65 seconds total time

