
ff: parsing domain file
domain 'SATELLITE' defined
 ... done.
ff: parsing problem file
problem 'STRIPS-SAT-X-1' defined
 ... done.


no metric specified. plan length assumed.

checking for cyclic := effects --- OK.

ff: search configuration is EHC, if that fails then  best-first on 1*g(s) + 5*h(s) where
    metric is  plan length

Cueing down from goal distance:   15 into depth [1]
                                  14            [1]
                                  13            [1]
                                  12            [1]
                                  11            [1]
                                  10            [1]
                                   9            [1]
                                   8            [1]
                                   7            [1]
                                   6            [1]
                                   5            [1]
                                   4            [1]
                                   3            [1]
                                   2            [1]
                                   1            [1]
                                   0            

ff: found legal plan as follows

step    0: TURN_TO SATELLITE0 STAR41 STAR64
        1: SWITCH_ON INSTRUMENT1 SATELLITE0
        2: TURN_TO SATELLITE3 STAR41 STAR14
        3: CALIBRATE SATELLITE0 INSTRUMENT1 STAR41
        4: TURN_TO SATELLITE0 PLANET147 STAR41
        5: SWITCH_ON INSTRUMENT13 SATELLITE3
        6: CALIBRATE SATELLITE3 INSTRUMENT13 STAR41
        7: TURN_TO SATELLITE3 PHENOMENON148 STAR41
        8: TURN_TO SATELLITE2 STAR37 GROUNDSTATION67
        9: TURN_TO SATELLITE6 STAR107 STAR35
       10: TURN_TO SATELLITE8 STAR116 STAR29
       11: TAKE_IMAGE SATELLITE0 PLANET147 INSTRUMENT1 THERMOGRAPH0
       12: TURN_TO SATELLITE0 STAR117 PLANET147
       13: TAKE_IMAGE SATELLITE3 PHENOMENON148 INSTRUMENT13 THERMOGRAPH1
       14: TURN_TO SATELLITE3 GROUNDSTATION27 PHENOMENON148
     

time spent:    0.00 seconds instantiating 238740 easy, 0 hard action templates
               0.03 seconds reachability analysis, yielding 2353 facts and 238740 actions
               0.03 seconds creating final representation with 2353 relevant facts, 0 relevant fluents
               0.28 seconds computing LNF
               0.09 seconds building connectivity graph
               0.32 seconds searching, evaluating 25 states, to a max depth of 1
               0.75 seconds total time

