
ff: parsing domain file
domain 'SATELLITE' defined
 ... done.
ff: parsing problem file
problem 'STRIPS-SAT-X-1' defined
 ... done.


no metric specified. plan length assumed.

checking for cyclic := effects --- OK.

ff: search configuration is EHC, if that fails then  best-first on 1*g(s) + 5*h(s) where
    metric is  plan length

Cueing down from goal distance:   17 into depth [1]
                                  16            [1]
                                  15            [1]
                                  14            [1]
                                  13            [1]
                                  12            [1]
                                  11            [1]
                                  10            [1]
                                   9            [1]
                                   8            [1]
                                   7            [1]
                                   6            [1]
                                   5            [1]
                                   4            [1]
                                   3            [1]
                                   2            [1]
                                   1            [1]
                                   0            

ff: found legal plan as follows

step    0: TURN_TO SATELLITE2 GROUNDSTATION92 STAR54
        1: TURN_TO SATELLITE1 GROUNDSTATION17 GROUNDSTATION65
        2: SWITCH_ON INSTRUMENT7 SATELLITE2
        3: CALIBRATE SATELLITE2 INSTRUMENT7 GROUNDSTATION92
        4: TURN_TO SATELLITE2 STAR147 GROUNDSTATION92
        5: SWITCH_ON INSTRUMENT6 SATELLITE1
        6: CALIBRATE SATELLITE1 INSTRUMENT6 GROUNDSTATION17
        7: TURN_TO SATELLITE1 PHENOMENON148 GROUNDSTATION17
        8: TURN_TO SATELLITE3 STAR14 GROUNDSTATION48
        9: TURN_TO SATELLITE4 GROUNDSTATION51 STAR8
       10: TURN_TO SATELLITE5 GROUNDSTATION63 GROUNDSTATION94
       11: TURN_TO SATELLITE7 GROUNDSTATION50 STAR106
       12: TURN_TO SATELLITE8 GROUNDSTATION18 STAR49
       13: TAKE_IMAGE SATELLITE2 STAR147 INSTRUMENT7 INFRARED3
       14: TURN_TO SATELLITE2 STAR38 STAR147
       15: TAKE_IMAGE SATELLITE1 PHENOMENON148 INSTRUMENT6 INFRARED1
       16: TURN_TO SATELLITE1 STAR40 PHENOMENON148
     

time spent:    0.00 seconds instantiating 237924 easy, 0 hard action templates
               0.02 seconds reachability analysis, yielding 2345 facts and 237924 actions
               0.04 seconds creating final representation with 2345 relevant facts, 0 relevant fluents
               0.28 seconds computing LNF
               0.10 seconds building connectivity graph
               0.39 seconds searching, evaluating 32 states, to a max depth of 1
               0.83 seconds total time

