
ff: parsing domain file
domain 'SATELLITE' defined
 ... done.
ff: parsing problem file
problem 'STRIPS-SAT-X-1' defined
 ... done.


no metric specified. plan length assumed.

checking for cyclic := effects --- OK.

ff: search configuration is EHC, if that fails then  best-first on 1*g(s) + 5*h(s) where
    metric is  plan length

Cueing down from goal distance:   14 into depth [1]
                                  13            [1]
                                  12            [1]
                                  11            [1]
                                  10            [1]
                                   9            [1]
                                   8            [1]
                                   7            [1]
                                   6            [1]
                                   5            [1]
                                   4            [1]
                                   3            [1]
                                   2            [1]
                                   1            [1]
                                   0            

ff: found legal plan as follows

step    0: TURN_TO SATELLITE0 STAR55 STAR0
        1: TURN_TO SATELLITE2 STAR66 STAR109
        2: SWITCH_ON INSTRUMENT0 SATELLITE0
        3: CALIBRATE SATELLITE0 INSTRUMENT0 STAR55
        4: TURN_TO SATELLITE0 STAR147 STAR55
        5: SWITCH_ON INSTRUMENT6 SATELLITE2
        6: CALIBRATE SATELLITE2 INSTRUMENT6 STAR66
        7: TURN_TO SATELLITE2 PLANET148 STAR66
        8: TURN_TO SATELLITE3 GROUNDSTATION61 GROUNDSTATION141
        9: TURN_TO SATELLITE4 GROUNDSTATION69 GROUNDSTATION144
       10: TURN_TO SATELLITE5 STAR65 STAR72
       11: TURN_TO SATELLITE9 GROUNDSTATION74 STAR119
       12: TAKE_IMAGE SATELLITE0 STAR147 INSTRUMENT0 IMAGE2
       13: TAKE_IMAGE SATELLITE2 PLANET148 INSTRUMENT6 SPECTROGRAPH3
     

time spent:    0.00 seconds instantiating 238915 easy, 0 hard action templates
               0.03 seconds reachability analysis, yielding 2349 facts and 238915 actions
               0.04 seconds creating final representation with 2349 relevant facts, 0 relevant fluents
               0.30 seconds computing LNF
               0.09 seconds building connectivity graph
               0.18 seconds searching, evaluating 15 states, to a max depth of 1
               0.64 seconds total time

