
ff: parsing domain file
domain 'SATELLITE' defined
 ... done.
ff: parsing problem file
problem 'STRIPS-SAT-X-1' defined
 ... done.


no metric specified. plan length assumed.

checking for cyclic := effects --- OK.

ff: search configuration is EHC, if that fails then  best-first on 1*g(s) + 5*h(s) where
    metric is  plan length

Cueing down from goal distance:   10 into depth [1]
                                   9            [1]
                                   8            [1]
                                   7            [1]
                                   6            [1]
                                   5            [1]
                                   4            [1]
                                   3            [1]
                                   2            [1]
                                   1            [1]
                                   0            

ff: found legal plan as follows

step    0: SWITCH_ON INSTRUMENT3 SATELLITE0
        1: CALIBRATE SATELLITE0 INSTRUMENT3 STAR111
        2: TURN_TO SATELLITE0 STAR128 STAR111
        3: TURN_TO SATELLITE1 STAR98 GROUNDSTATION106
        4: TURN_TO SATELLITE2 STAR122 STAR16
        5: TURN_TO SATELLITE3 STAR31 GROUNDSTATION54
        6: TURN_TO SATELLITE4 STAR15 STAR11
        7: TURN_TO SATELLITE5 GROUNDSTATION97 STAR26
        8: TURN_TO SATELLITE6 STAR29 STAR2
        9: TAKE_IMAGE SATELLITE0 STAR128 INSTRUMENT3 IMAGE3
     

time spent:    0.00 seconds instantiating 182988 easy, 0 hard action templates
               0.02 seconds reachability analysis, yielding 2057 facts and 182988 actions
               0.04 seconds creating final representation with 2057 relevant facts, 0 relevant fluents
               0.26 seconds computing LNF
               0.09 seconds building connectivity graph
               0.06 seconds searching, evaluating 11 states, to a max depth of 1
               0.47 seconds total time

