
ff: parsing domain file
domain 'SATELLITE' defined
 ... done.
ff: parsing problem file
problem 'STRIPS-SAT-X-1' defined
 ... done.


no metric specified. plan length assumed.

checking for cyclic := effects --- OK.

ff: search configuration is EHC, if that fails then  best-first on 1*g(s) + 5*h(s) where
    metric is  plan length

Cueing down from goal distance:    9 into depth [1]
                                   8            [1]
                                   7            [1]
                                   6            [1]
                                   5            [1]
                                   4            [1]
                                   3            [1]
                                   2            [1]
                                   1            [1]
                                   0            

ff: found legal plan as follows

step    0: TURN_TO SATELLITE1 STAR85 STAR1
        1: SWITCH_ON INSTRUMENT1 SATELLITE1
        2: CALIBRATE SATELLITE1 INSTRUMENT1 STAR85
        3: TURN_TO SATELLITE1 PLANET127 STAR85
        4: TURN_TO SATELLITE7 GROUNDSTATION113 GROUNDSTATION38
        5: TURN_TO SATELLITE8 STAR69 GROUNDSTATION15
        6: TAKE_IMAGE SATELLITE1 PLANET127 INSTRUMENT1 THERMOGRAPH4
        7: TURN_TO SATELLITE1 PLANET128 PLANET127
        8: TAKE_IMAGE SATELLITE1 PLANET128 INSTRUMENT1 SPECTROGRAPH2
     

time spent:    0.00 seconds instantiating 180451 easy, 0 hard action templates
               0.02 seconds reachability analysis, yielding 2041 facts and 180451 actions
               0.03 seconds creating final representation with 2041 relevant facts, 0 relevant fluents
               0.23 seconds computing LNF
               0.08 seconds building connectivity graph
               0.15 seconds searching, evaluating 15 states, to a max depth of 1
               0.51 seconds total time

