
ff: parsing domain file
domain 'SATELLITE' defined
 ... done.
ff: parsing problem file
problem 'STRIPS-SAT-X-1' defined
 ... done.


no metric specified. plan length assumed.

checking for cyclic := effects --- OK.

ff: search configuration is EHC, if that fails then  best-first on 1*g(s) + 5*h(s) where
    metric is  plan length

Cueing down from goal distance:   13 into depth [1]
                                  12            [1]
                                  11            [1]
                                   8            [1]
                                   7            [1]
                                   6            [1]
                                   5            [1]
                                   4            [1]
                                   3            [1]
                                   2            [1]
                                   1            [1]
                                   0            

ff: found legal plan as follows

step    0: TURN_TO SATELLITE1 STAR0 GROUNDSTATION65
        1: TURN_TO SATELLITE0 GROUNDSTATION83 GROUNDSTATION38
        2: SWITCH_ON INSTRUMENT3 SATELLITE1
        3: CALIBRATE SATELLITE1 INSTRUMENT3 STAR0
        4: TURN_TO SATELLITE1 PHENOMENON127 STAR0
        5: TURN_TO SATELLITE3 GROUNDSTATION22 GROUNDSTATION33
        6: TURN_TO SATELLITE9 GROUNDSTATION84 GROUNDSTATION105
        7: TAKE_IMAGE SATELLITE1 PHENOMENON127 INSTRUMENT3 IMAGE2
        8: TURN_TO SATELLITE1 STAR128 PHENOMENON127
        9: TAKE_IMAGE SATELLITE1 STAR128 INSTRUMENT3 SPECTROGRAPH0
       10: TURN_TO SATELLITE1 STAR112 STAR128
     

time spent:    0.00 seconds instantiating 184428 easy, 0 hard action templates
               0.02 seconds reachability analysis, yielding 2077 facts and 184428 actions
               0.05 seconds creating final representation with 2077 relevant facts, 0 relevant fluents
               0.21 seconds computing LNF
               0.08 seconds building connectivity graph
               0.18 seconds searching, evaluating 20 states, to a max depth of 1
               0.54 seconds total time

