
ff: parsing domain file
domain 'SATELLITE' defined
 ... done.
ff: parsing problem file
problem 'STRIPS-SAT-X-1' defined
 ... done.


no metric specified. plan length assumed.

checking for cyclic := effects --- OK.

ff: search configuration is EHC, if that fails then  best-first on 1*g(s) + 5*h(s) where
    metric is  plan length

Cueing down from goal distance:   15 into depth [1]
                                  14            [1]
                                  13            [1]
                                  12            [1]
                                  11            [1]
                                  10            [1]
                                   9            [1]
                                   8            [1]
                                   7            [1]
                                   6            [1]
                                   5            [1]
                                   4            [1]
                                   3            [1]
                                   2            [1]
                                   1            [1]
                                   0            

ff: found legal plan as follows

step    0: TURN_TO SATELLITE0 GROUNDSTATION1 STAR10
        1: SWITCH_ON INSTRUMENT0 SATELLITE0
        2: CALIBRATE SATELLITE0 INSTRUMENT0 GROUNDSTATION1
        3: TURN_TO SATELLITE0 PHENOMENON127 GROUNDSTATION1
        4: SWITCH_ON INSTRUMENT5 SATELLITE1
        5: CALIBRATE SATELLITE1 INSTRUMENT5 GROUNDSTATION87
        6: TURN_TO SATELLITE1 PHENOMENON128 GROUNDSTATION87
        7: TURN_TO SATELLITE3 GROUNDSTATION48 STAR85
        8: TURN_TO SATELLITE6 GROUNDSTATION104 STAR100
        9: TURN_TO SATELLITE7 GROUNDSTATION5 STAR26
       10: TURN_TO SATELLITE8 STAR41 GROUNDSTATION23
       11: TURN_TO SATELLITE9 GROUNDSTATION62 GROUNDSTATION5
       12: TAKE_IMAGE SATELLITE0 PHENOMENON127 INSTRUMENT0 SPECTROGRAPH3
       13: TAKE_IMAGE SATELLITE1 PHENOMENON128 INSTRUMENT5 SPECTROGRAPH1
       14: TURN_TO SATELLITE1 GROUNDSTATION32 PHENOMENON128
     

time spent:    0.00 seconds instantiating 179893 easy, 0 hard action templates
               0.02 seconds reachability analysis, yielding 2045 facts and 179893 actions
               0.03 seconds creating final representation with 2045 relevant facts, 0 relevant fluents
               0.24 seconds computing LNF
               0.08 seconds building connectivity graph
               0.17 seconds searching, evaluating 23 states, to a max depth of 1
               0.54 seconds total time

