
ff: parsing domain file
domain 'BLOCKS' defined
 ... done.
ff: parsing problem file
problem 'PB3' defined
 ... done.


no metric specified. plan length assumed.

checking for cyclic := effects --- OK.

ff: search configuration is EHC, if that fails then  best-first on 1*g(s) + 5*h(s) where
    metric is  plan length

Cueing down from goal distance:   34 into depth [1]
                                  33            [1]
                                  32            [1]
                                  31            [1]
                                  30            [1]
                                  29            [1][2]
                                  28            [1][2][3]
                                  27            [1]
                                  26            [1]
                                  25            [1]
                                  24            [1]
                                  23            [1][2]
                                  21            [1][2]
                                  20            [1][2]
                                  19            [1][2][3]
                                  18            [1]
                                  17            [1]
                                  16            [1][2]
                                  15            [1]
                                  14            [1]
                                  13            [1][2][3]
                                  12            [1][2][3][4]
                                  11            [1][2]
                                   9            [1][2][3][4][5][6][7]
                                   8            [1]
                                   7            [1][2]
                                   5            [1][2][3][4][5][6][7][8][9][10]
                                   4            [1]
                                   3            [1]
                                   2            [1][2]
                                   0            

ff: found legal plan as follows

step    0: UNSTACK BLOCK1 BLOCK3
        1: PUT-DOWN BLOCK1
        2: UNSTACK BLOCK2 BLOCK16
        3: STACK BLOCK2 BLOCK1
        4: UNSTACK BLOCK13 BLOCK17
        5: STACK BLOCK13 BLOCK16
        6: UNSTACK BLOCK3 BLOCK11
        7: STACK BLOCK3 BLOCK19
        8: UNSTACK BLOCK17 BLOCK12
        9: STACK BLOCK17 BLOCK14
       10: UNSTACK BLOCK3 BLOCK19
       11: STACK BLOCK3 BLOCK17
       12: UNSTACK BLOCK12 BLOCK5
       13: STACK BLOCK12 BLOCK3
       14: UNSTACK BLOCK5 BLOCK6
       15: STACK BLOCK5 BLOCK2
       16: PICK-UP BLOCK9
       17: STACK BLOCK9 BLOCK19
       18: PICK-UP BLOCK11
       19: STACK BLOCK11 BLOCK13
       20: UNSTACK BLOCK6 BLOCK18
       21: STACK BLOCK6 BLOCK12
       22: UNSTACK BLOCK18 BLOCK15
       23: STACK BLOCK18 BLOCK10
       24: UNSTACK BLOCK7 BLOCK8
       25: STACK BLOCK7 BLOCK15
       26: UNSTACK BLOCK8 BLOCK4
       27: PUT-DOWN BLOCK8
       28: PICK-UP BLOCK4
       29: STACK BLOCK4 BLOCK7
       30: UNSTACK BLOCK6 BLOCK12
       31: STACK BLOCK6 BLOCK4
       32: UNSTACK BLOCK9 BLOCK19
       33: STACK BLOCK9 BLOCK18
       34: PICK-UP BLOCK19
       35: STACK BLOCK19 BLOCK8
       36: UNSTACK BLOCK9 BLOCK18
       37: STACK BLOCK9 BLOCK19
       38: UNSTACK BLOCK11 BLOCK13
       39: STACK BLOCK11 BLOCK6
       40: UNSTACK BLOCK13 BLOCK16
       41: STACK BLOCK13 BLOCK5
       42: PICK-UP BLOCK16
       43: STACK BLOCK16 BLOCK18
       44: UNSTACK BLOCK13 BLOCK5
       45: STACK BLOCK13 BLOCK16
       46: UNSTACK BLOCK11 BLOCK6
       47: STACK BLOCK11 BLOCK13
       48: UNSTACK BLOCK6 BLOCK4
       49: STACK BLOCK6 BLOCK11
       50: UNSTACK BLOCK4 BLOCK7
       51: STACK BLOCK4 BLOCK6
       52: UNSTACK BLOCK7 BLOCK15
       53: STACK BLOCK7 BLOCK5
       54: PICK-UP BLOCK15
       55: STACK BLOCK15 BLOCK12
       56: UNSTACK BLOCK7 BLOCK5
       57: STACK BLOCK7 BLOCK15
       58: UNSTACK BLOCK4 BLOCK6
       59: STACK BLOCK4 BLOCK7
       60: UNSTACK BLOCK6 BLOCK11
       61: STACK BLOCK6 BLOCK4
     

time spent:    0.00 seconds instantiating 760 easy, 0 hard action templates
               0.00 seconds reachability analysis, yielding 419 facts and 760 actions
               0.00 seconds creating final representation with 419 relevant facts, 0 relevant fluents
               0.00 seconds computing LNF
               0.00 seconds building connectivity graph
               0.08 seconds searching, evaluating 5697 states, to a max depth of 10
               0.08 seconds total time

