
ff: parsing domain file
domain 'SATELLITE' defined
 ... done.
ff: parsing problem file
problem 'STRIPS-SAT-X-1' defined
 ... done.


no metric specified. plan length assumed.

checking for cyclic := effects --- OK.

ff: search configuration is EHC, if that fails then  best-first on 1*g(s) + 5*h(s) where
    metric is  plan length

Cueing down from goal distance:   10 into depth [1]
                                   9            [1]
                                   8            [1]
                                   7            [1]
                                   6            [1]
                                   5            [1]
                                   4            [1]
                                   3            [1][2]
                                   2            [1]
                                   1            [1]
                                   0            

ff: found legal plan as follows

step    0: SWITCH_ON INSTRUMENT5 SATELLITE0
        1: CALIBRATE SATELLITE0 INSTRUMENT5 STAR2
        2: TURN_TO SATELLITE0 STAR9 STAR2
        3: SWITCH_ON INSTRUMENT8 SATELLITE1
        4: TURN_TO SATELLITE2 STAR5 GROUNDSTATION1
        5: TURN_TO SATELLITE5 STAR4 STAR2
        6: TAKE_IMAGE SATELLITE0 STAR9 INSTRUMENT5 SPECTROGRAPH4
        7: TURN_TO SATELLITE1 STAR4 STAR10
        8: CALIBRATE SATELLITE1 INSTRUMENT8 STAR4
        9: TURN_TO SATELLITE1 STAR10 STAR4
       10: TAKE_IMAGE SATELLITE1 STAR10 INSTRUMENT8 THERMOGRAPH2
     

time spent:    0.00 seconds instantiating 2994 easy, 0 hard action templates
               0.00 seconds reachability analysis, yielding 313 facts and 2994 actions
               0.00 seconds creating final representation with 313 relevant facts, 0 relevant fluents
               0.00 seconds computing LNF
               0.00 seconds building connectivity graph
               0.00 seconds searching, evaluating 19 states, to a max depth of 2
               0.00 seconds total time

