
ff: parsing domain file
domain 'SATELLITE' defined
 ... done.
ff: parsing problem file
problem 'STRIPS-SAT-X-1' defined
 ... done.


no metric specified. plan length assumed.

checking for cyclic := effects --- OK.

ff: search configuration is EHC, if that fails then  best-first on 1*g(s) + 5*h(s) where
    metric is  plan length

Cueing down from goal distance:   14 into depth [1]
                                  13            [1]
                                  12            [1]
                                  11            [1]
                                  10            [1]
                                   9            [1]
                                   8            [1]
                                   7            [1]
                                   6            [1]
                                   5            [1]
                                   4            [1]
                                   3            [1]
                                   2            [1][2]
                                   1            [1]
                                   0            

ff: found legal plan as follows

step    0: TURN_TO SATELLITE0 GROUNDSTATION6 GROUNDSTATION0
        1: SWITCH_ON INSTRUMENT1 SATELLITE0
        2: CALIBRATE SATELLITE0 INSTRUMENT1 GROUNDSTATION6
        3: TURN_TO SATELLITE0 PHENOMENON9 GROUNDSTATION6
        4: SWITCH_ON INSTRUMENT23 SATELLITE4
        5: TURN_TO SATELLITE4 STAR5 PHENOMENON10
        6: CALIBRATE SATELLITE4 INSTRUMENT23 STAR5
        7: TURN_TO SATELLITE7 GROUNDSTATION0 GROUNDSTATION4
        8: TURN_TO SATELLITE8 GROUNDSTATION2 PHENOMENON10
        9: TURN_TO SATELLITE9 GROUNDSTATION4 GROUNDSTATION0
       10: TAKE_IMAGE SATELLITE0 PHENOMENON9 INSTRUMENT1 IMAGE0
       11: TURN_TO SATELLITE0 STAR5 PHENOMENON9
       12: TURN_TO SATELLITE4 PHENOMENON10 STAR5
       13: TAKE_IMAGE SATELLITE4 PHENOMENON10 INSTRUMENT23 SPECTROGRAPH2
       14: TURN_TO SATELLITE4 STAR5 PHENOMENON10
     

time spent:    0.00 seconds instantiating 3150 easy, 0 hard action templates
               0.00 seconds reachability analysis, yielding 317 facts and 3150 actions
               0.00 seconds creating final representation with 317 relevant facts, 0 relevant fluents
               0.00 seconds computing LNF
               0.00 seconds building connectivity graph
               0.00 seconds searching, evaluating 31 states, to a max depth of 2
               0.00 seconds total time

