
ff: parsing domain file
domain 'SATELLITE' defined
 ... done.
ff: parsing problem file
problem 'STRIPS-SAT-X-1' defined
 ... done.


no metric specified. plan length assumed.

checking for cyclic := effects --- OK.

ff: search configuration is EHC, if that fails then  best-first on 1*g(s) + 5*h(s) where
    metric is  plan length

Cueing down from goal distance:   14 into depth [1]
                                  10            [1]
                                   9            [1]
                                   8            [1]
                                   7            [1]
                                   6            [1]
                                   5            [1]
                                   4            [1]
                                   3            [1]
                                   2            [1]
                                   1            [1]
                                   0            

ff: found legal plan as follows

step    0: SWITCH_ON INSTRUMENT2 SATELLITE0
        1: CALIBRATE SATELLITE0 INSTRUMENT2 GROUNDSTATION3
        2: TURN_TO SATELLITE0 PHENOMENON9 GROUNDSTATION3
        3: TURN_TO SATELLITE1 STAR7 PLANET10
        4: TURN_TO SATELLITE2 STAR7 STAR2
        5: TURN_TO SATELLITE4 GROUNDSTATION4 STAR7
        6: TURN_TO SATELLITE7 STAR6 STAR0
        7: TURN_TO SATELLITE9 GROUNDSTATION8 GROUNDSTATION3
        8: TAKE_IMAGE SATELLITE0 PHENOMENON9 INSTRUMENT2 IMAGE1
        9: TURN_TO SATELLITE0 PLANET10 PHENOMENON9
       10: TAKE_IMAGE SATELLITE0 PLANET10 INSTRUMENT2 THERMOGRAPH0
     

time spent:    0.00 seconds instantiating 2597 easy, 0 hard action templates
               0.00 seconds reachability analysis, yielding 281 facts and 2597 actions
               0.00 seconds creating final representation with 281 relevant facts, 0 relevant fluents
               0.00 seconds computing LNF
               0.00 seconds building connectivity graph
               0.00 seconds searching, evaluating 20 states, to a max depth of 1
               0.00 seconds total time

