
ff: parsing domain file
domain 'SATELLITE' defined
 ... done.
ff: parsing problem file
problem 'STRIPS-SAT-X-1' defined
 ... done.


no metric specified. plan length assumed.

checking for cyclic := effects --- OK.

ff: search configuration is EHC, if that fails then  best-first on 1*g(s) + 5*h(s) where
    metric is  plan length

Cueing down from goal distance:   12 into depth [1]
                                  11            [1]
                                  10            [1]
                                   9            [1]
                                   8            [1][2]
                                   7            [1]
                                   6            [1]
                                   5            [1]
                                   4            [1][2]
                                   3            [1]
                                   2            [1]
                                   1            [1]
                                   0            

ff: found legal plan as follows

step    0: TURN_TO SATELLITE0 GROUNDSTATION173 STAR5
        1: TURN_TO SATELLITE0 STAR152 GROUNDSTATION173
        2: TURN_TO SATELLITE1 GROUNDSTATION115 GROUNDSTATION96
        3: TURN_TO SATELLITE3 STAR41 GROUNDSTATION99
        4: SWITCH_ON INSTRUMENT2 SATELLITE0
        5: CALIBRATE SATELLITE0 INSTRUMENT2 STAR152
        6: TURN_TO SATELLITE0 PLANET178 STAR152
        7: SWITCH_ON INSTRUMENT9 SATELLITE1
        8: TAKE_IMAGE SATELLITE0 PLANET178 INSTRUMENT2 SPECTROGRAPH1
        9: TURN_TO SATELLITE1 STAR36 GROUNDSTATION115
       10: CALIBRATE SATELLITE1 INSTRUMENT9 STAR36
       11: TURN_TO SATELLITE1 STAR179 STAR36
       12: TAKE_IMAGE SATELLITE1 STAR179 INSTRUMENT9 SPECTROGRAPH2
       13: TURN_TO SATELLITE1 GROUNDSTATION115 STAR179
     

time spent:    0.00 seconds instantiating 349058 easy, 0 hard action templates
               0.04 seconds reachability analysis, yielding 2834 facts and 349058 actions
               0.05 seconds creating final representation with 2834 relevant facts, 0 relevant fluents
               0.42 seconds computing LNF
               0.13 seconds building connectivity graph
               0.84 seconds searching, evaluating 33 states, to a max depth of 2
               1.48 seconds total time

