
ff: parsing domain file
domain 'SATELLITE' defined
 ... done.
ff: parsing problem file
problem 'STRIPS-SAT-X-1' defined
 ... done.


no metric specified. plan length assumed.

checking for cyclic := effects --- OK.

ff: search configuration is EHC, if that fails then  best-first on 1*g(s) + 5*h(s) where
    metric is  plan length

Cueing down from goal distance:    9 into depth [1]
                                   8            [1]
                                   7            [1]
                                   6            [1]
                                   5            [1]
                                   4            [1]
                                   3            [1]
                                   2            [1]
                                   1            [1]
                                   0            

ff: found legal plan as follows

step    0: TURN_TO SATELLITE0 STAR136 STAR38
        1: SWITCH_ON INSTRUMENT1 SATELLITE0
        2: CALIBRATE SATELLITE0 INSTRUMENT1 STAR136
        3: TURN_TO SATELLITE0 PHENOMENON179 STAR136
        4: TURN_TO SATELLITE1 STAR23 STAR38
        5: TURN_TO SATELLITE2 GROUNDSTATION156 GROUNDSTATION28
        6: TURN_TO SATELLITE8 STAR151 STAR89
        7: TAKE_IMAGE SATELLITE0 PHENOMENON179 INSTRUMENT1 INFRARED3
        8: TURN_TO SATELLITE0 GROUNDSTATION152 PHENOMENON179
     

time spent:    0.01 seconds instantiating 341473 easy, 0 hard action templates
               0.03 seconds reachability analysis, yielding 2796 facts and 341473 actions
               0.05 seconds creating final representation with 2796 relevant facts, 0 relevant fluents
               0.40 seconds computing LNF
               0.14 seconds building connectivity graph
               0.19 seconds searching, evaluating 14 states, to a max depth of 1
               0.82 seconds total time

