
ff: parsing domain file
domain 'SATELLITE' defined
 ... done.
ff: parsing problem file
problem 'STRIPS-SAT-X-1' defined
 ... done.


no metric specified. plan length assumed.

checking for cyclic := effects --- OK.

ff: search configuration is EHC, if that fails then  best-first on 1*g(s) + 5*h(s) where
    metric is  plan length

Cueing down from goal distance:   10 into depth [1]
                                   9            [1]
                                   8            [1]
                                   7            [1]
                                   6            [1]
                                   5            [1]
                                   4            [1]
                                   3            [1]
                                   2            [1]
                                   1            [1]
                                   0            

ff: found legal plan as follows

step    0: TURN_TO SATELLITE0 STAR2 GROUNDSTATION165
        1: SWITCH_ON INSTRUMENT0 SATELLITE0
        2: CALIBRATE SATELLITE0 INSTRUMENT0 STAR2
        3: TURN_TO SATELLITE0 PLANET178 STAR2
        4: TURN_TO SATELLITE3 STAR132 STAR46
        5: TURN_TO SATELLITE6 STAR1 STAR171
        6: TAKE_IMAGE SATELLITE0 PLANET178 INSTRUMENT0 IMAGE2
        7: TURN_TO SATELLITE0 PHENOMENON179 PLANET178
        8: TAKE_IMAGE SATELLITE0 PHENOMENON179 INSTRUMENT0 THERMOGRAPH4
        9: TURN_TO SATELLITE0 STAR98 PHENOMENON179
     

time spent:    0.01 seconds instantiating 339391 easy, 0 hard action templates
               0.03 seconds reachability analysis, yielding 2792 facts and 339391 actions
               0.06 seconds creating final representation with 2792 relevant facts, 0 relevant fluents
               0.44 seconds computing LNF
               0.14 seconds building connectivity graph
               0.52 seconds searching, evaluating 20 states, to a max depth of 1
               1.20 seconds total time

