
ff: parsing domain file
domain 'SATELLITE' defined
 ... done.
ff: parsing problem file
problem 'STRIPS-SAT-X-1' defined
 ... done.


no metric specified. plan length assumed.

checking for cyclic := effects --- OK.

ff: search configuration is EHC, if that fails then  best-first on 1*g(s) + 5*h(s) where
    metric is  plan length

Cueing down from goal distance:   14 into depth [1]
                                  13            [1]
                                  12            [1]
                                  11            [1]
                                  10            [1]
                                   9            [1]
                                   8            [1]
                                   7            [1]
                                   6            [1]
                                   5            [1]
                                   4            [1]
                                   3            [1]
                                   2            [1]
                                   1            [1]
                                   0            

ff: found legal plan as follows

step    0: SWITCH_ON INSTRUMENT1 SATELLITE0
        1: TURN_TO SATELLITE4 GROUNDSTATION61 STAR167
        2: CALIBRATE SATELLITE0 INSTRUMENT1 GROUNDSTATION38
        3: TURN_TO SATELLITE0 PHENOMENON179 GROUNDSTATION38
        4: SWITCH_ON INSTRUMENT15 SATELLITE4
        5: CALIBRATE SATELLITE4 INSTRUMENT15 GROUNDSTATION61
        6: TURN_TO SATELLITE4 PLANET178 GROUNDSTATION61
        7: TURN_TO SATELLITE1 GROUNDSTATION177 STAR113
        8: TURN_TO SATELLITE2 GROUNDSTATION17 STAR82
        9: TURN_TO SATELLITE6 GROUNDSTATION33 STAR141
       10: TURN_TO SATELLITE8 STAR90 STAR163
       11: TAKE_IMAGE SATELLITE4 PLANET178 INSTRUMENT15 THERMOGRAPH0
       12: TURN_TO SATELLITE4 STAR79 PLANET178
       13: TAKE_IMAGE SATELLITE0 PHENOMENON179 INSTRUMENT1 SPECTROGRAPH3
     

time spent:    0.01 seconds instantiating 343233 easy, 0 hard action templates
               0.03 seconds reachability analysis, yielding 2818 facts and 343233 actions
               0.05 seconds creating final representation with 2818 relevant facts, 0 relevant fluents
               0.41 seconds computing LNF
               0.13 seconds building connectivity graph
               0.34 seconds searching, evaluating 21 states, to a max depth of 1
               0.97 seconds total time

