
ff: parsing domain file
domain 'SATELLITE' defined
 ... done.
ff: parsing problem file
problem 'STRIPS-SAT-X-1' defined
 ... done.


no metric specified. plan length assumed.

checking for cyclic := effects --- OK.

ff: search configuration is EHC, if that fails then  best-first on 1*g(s) + 5*h(s) where
    metric is  plan length

Cueing down from goal distance:   13 into depth [1]
                                  12            [1]
                                  11            [1]
                                  10            [1]
                                   9            [1]
                                   8            [1]
                                   7            [1]
                                   6            [1]
                                   5            [1]
                                   4            [1][2]
                                   3            [1]
                                   2            [1]
                                   1            [1]
                                   0            

ff: found legal plan as follows

step    0: TURN_TO SATELLITE0 STAR93 STAR22
        1: SWITCH_ON INSTRUMENT0 SATELLITE0
        2: CALIBRATE SATELLITE0 INSTRUMENT0 STAR93
        3: TURN_TO SATELLITE0 PLANET178 STAR93
        4: SWITCH_ON INSTRUMENT60 SATELLITE9
        5: TURN_TO SATELLITE3 GROUNDSTATION134 STAR59
        6: TURN_TO SATELLITE5 STAR166 GROUNDSTATION107
        7: TURN_TO SATELLITE7 STAR79 GROUNDSTATION103
        8: TAKE_IMAGE SATELLITE0 PLANET178 INSTRUMENT0 THERMOGRAPH4
        9: TURN_TO SATELLITE9 GROUNDSTATION120 PLANET179
       10: CALIBRATE SATELLITE9 INSTRUMENT60 GROUNDSTATION120
       11: TURN_TO SATELLITE9 PLANET179 GROUNDSTATION120
       12: TAKE_IMAGE SATELLITE9 PLANET179 INSTRUMENT60 SPECTROGRAPH0
       13: TURN_TO SATELLITE9 STAR175 PLANET179
     

time spent:    0.01 seconds instantiating 347290 easy, 0 hard action templates
               0.03 seconds reachability analysis, yielding 2836 facts and 347290 actions
               0.05 seconds creating final representation with 2836 relevant facts, 0 relevant fluents
               0.40 seconds computing LNF
               0.14 seconds building connectivity graph
               0.64 seconds searching, evaluating 26 states, to a max depth of 2
               1.27 seconds total time

