
ff: parsing domain file
domain 'SATELLITE' defined
 ... done.
ff: parsing problem file
problem 'STRIPS-SAT-X-1' defined
 ... done.


no metric specified. plan length assumed.

checking for cyclic := effects --- OK.

ff: search configuration is EHC, if that fails then  best-first on 1*g(s) + 5*h(s) where
    metric is  plan length

Cueing down from goal distance:   12 into depth [1]
                                  11            [1]
                                  10            [1]
                                   9            [1]
                                   8            [1]
                                   7            [1]
                                   6            [1]
                                   5            [1]
                                   4            [1]
                                   3            [1]
                                   2            [1]
                                   1            [1]
                                   0            

ff: found legal plan as follows

step    0: TURN_TO SATELLITE0 STAR162 GROUNDSTATION66
        1: SWITCH_ON INSTRUMENT2 SATELLITE0
        2: TURN_TO SATELLITE1 STAR31 STAR116
        3: CALIBRATE SATELLITE0 INSTRUMENT2 STAR162
        4: TURN_TO SATELLITE0 PLANET178 STAR162
        5: SWITCH_ON INSTRUMENT5 SATELLITE1
        6: CALIBRATE SATELLITE1 INSTRUMENT5 STAR31
        7: TURN_TO SATELLITE1 STAR179 STAR31
        8: TURN_TO SATELLITE6 GROUNDSTATION34 STAR35
        9: TURN_TO SATELLITE9 PLANET178 STAR43
       10: TAKE_IMAGE SATELLITE0 PLANET178 INSTRUMENT2 THERMOGRAPH2
       11: TAKE_IMAGE SATELLITE1 STAR179 INSTRUMENT5 IMAGE0
     

time spent:    0.01 seconds instantiating 343893 easy, 0 hard action templates
               0.03 seconds reachability analysis, yielding 2812 facts and 343893 actions
               0.05 seconds creating final representation with 2812 relevant facts, 0 relevant fluents
               0.40 seconds computing LNF
               0.15 seconds building connectivity graph
               0.24 seconds searching, evaluating 14 states, to a max depth of 1
               0.88 seconds total time

