
ff: parsing domain file
domain 'SATELLITE' defined
 ... done.
ff: parsing problem file
problem 'STRIPS-SAT-X-1' defined
 ... done.


no metric specified. plan length assumed.

checking for cyclic := effects --- OK.

ff: search configuration is EHC, if that fails then  best-first on 1*g(s) + 5*h(s) where
    metric is  plan length

Cueing down from goal distance:   16 into depth [1]
                                  15            [1]
                                  14            [1]
                                  11            [1]
                                  10            [1]
                                   9            [1]
                                   8            [1]
                                   7            [1]
                                   6            [1]
                                   5            [1]
                                   4            [1]
                                   3            [1]
                                   2            [1]
                                   1            [1]
                                   0            

ff: found legal plan as follows

step    0: TURN_TO SATELLITE1 STAR23 GROUNDSTATION48
        1: TURN_TO SATELLITE0 STAR22 STAR23
        2: SWITCH_ON INSTRUMENT7 SATELLITE1
        3: CALIBRATE SATELLITE1 INSTRUMENT7 STAR23
        4: TURN_TO SATELLITE1 STAR51 STAR23
        5: TURN_TO SATELLITE2 STAR23 STAR36
        6: TURN_TO SATELLITE3 GROUNDSTATION11 GROUNDSTATION35
        7: TURN_TO SATELLITE4 GROUNDSTATION31 GROUNDSTATION18
        8: TURN_TO SATELLITE5 STAR25 STAR29
        9: TURN_TO SATELLITE8 GROUNDSTATION20 STAR0
       10: TURN_TO SATELLITE9 STAR5 STAR0
       11: TAKE_IMAGE SATELLITE1 STAR51 INSTRUMENT7 IMAGE3
       12: TURN_TO SATELLITE1 PLANET52 STAR51
       13: TAKE_IMAGE SATELLITE1 PLANET52 INSTRUMENT7 INFRARED2
     

time spent:    0.00 seconds instantiating 35540 easy, 0 hard action templates
               0.00 seconds reachability analysis, yielding 937 facts and 35540 actions
               0.00 seconds creating final representation with 937 relevant facts, 0 relevant fluents
               0.05 seconds computing LNF
               0.01 seconds building connectivity graph
               0.02 seconds searching, evaluating 23 states, to a max depth of 1
               0.08 seconds total time

