
ff: parsing domain file
domain 'SATELLITE' defined
 ... done.
ff: parsing problem file
problem 'STRIPS-SAT-X-1' defined
 ... done.


no metric specified. plan length assumed.

checking for cyclic := effects --- OK.

ff: search configuration is EHC, if that fails then  best-first on 1*g(s) + 5*h(s) where
    metric is  plan length

Cueing down from goal distance:   11 into depth [1]
                                  10            [1]
                                   9            [1]
                                   8            [1]
                                   7            [1]
                                   6            [1]
                                   5            [1]
                                   4            [1]
                                   3            [1]
                                   2            [1]
                                   1            [1]
                                   0            

ff: found legal plan as follows

step    0: TURN_TO SATELLITE1 GROUNDSTATION46 STAR3
        1: SWITCH_ON INSTRUMENT6 SATELLITE1
        2: CALIBRATE SATELLITE1 INSTRUMENT6 GROUNDSTATION46
        3: TURN_TO SATELLITE1 STAR51 GROUNDSTATION46
        4: SWITCH_ON INSTRUMENT12 SATELLITE2
        5: CALIBRATE SATELLITE2 INSTRUMENT12 STAR2
        6: TURN_TO SATELLITE2 PLANET52 STAR2
        7: TURN_TO SATELLITE9 STAR43 GROUNDSTATION11
        8: TAKE_IMAGE SATELLITE1 STAR51 INSTRUMENT6 INFRARED2
        9: TAKE_IMAGE SATELLITE2 PLANET52 INSTRUMENT12 INFRARED1
       10: TURN_TO SATELLITE2 STAR4 PLANET52
     

time spent:    0.00 seconds instantiating 33235 easy, 0 hard action templates
               0.00 seconds reachability analysis, yielding 893 facts and 33235 actions
               0.01 seconds creating final representation with 893 relevant facts, 0 relevant fluents
               0.03 seconds computing LNF
               0.01 seconds building connectivity graph
               0.01 seconds searching, evaluating 15 states, to a max depth of 1
               0.06 seconds total time

