
ff: parsing domain file
domain 'SATELLITE' defined
 ... done.
ff: parsing problem file
problem 'STRIPS-SAT-X-1' defined
 ... done.


no metric specified. plan length assumed.

checking for cyclic := effects --- OK.

ff: search configuration is EHC, if that fails then  best-first on 1*g(s) + 5*h(s) where
    metric is  plan length

Cueing down from goal distance:   10 into depth [1]
                                   9            [1]
                                   8            [1]
                                   7            [1]
                                   6            [1]
                                   5            [1]
                                   4            [1]
                                   3            [1]
                                   2            [1]
                                   1            [1]
                                   0            

ff: found legal plan as follows

step    0: TURN_TO SATELLITE0 GROUNDSTATION1 GROUNDSTATION44
        1: SWITCH_ON INSTRUMENT1 SATELLITE0
        2: CALIBRATE SATELLITE0 INSTRUMENT1 GROUNDSTATION1
        3: TURN_TO SATELLITE0 PHENOMENON51 GROUNDSTATION1
        4: TURN_TO SATELLITE3 STAR31 GROUNDSTATION33
        5: TURN_TO SATELLITE8 STAR4 STAR5
        6: TURN_TO SATELLITE9 STAR0 GROUNDSTATION39
        7: TAKE_IMAGE SATELLITE0 PHENOMENON51 INSTRUMENT1 INFRARED3
        8: TURN_TO SATELLITE0 PHENOMENON52 PHENOMENON51
        9: TAKE_IMAGE SATELLITE0 PHENOMENON52 INSTRUMENT1 INFRARED3
     

time spent:    0.00 seconds instantiating 35754 easy, 0 hard action templates
               0.00 seconds reachability analysis, yielding 939 facts and 35754 actions
               0.00 seconds creating final representation with 939 relevant facts, 0 relevant fluents
               0.05 seconds computing LNF
               0.01 seconds building connectivity graph
               0.02 seconds searching, evaluating 17 states, to a max depth of 1
               0.08 seconds total time

