
ff: parsing domain file
domain 'SATELLITE' defined
 ... done.
ff: parsing problem file
problem 'STRIPS-SAT-X-1' defined
 ... done.


no metric specified. plan length assumed.

checking for cyclic := effects --- OK.

ff: search configuration is EHC, if that fails then  best-first on 1*g(s) + 5*h(s) where
    metric is  plan length

Cueing down from goal distance:   13 into depth [1]
                                  12            [1]
                                  11            [1]
                                  10            [1]
                                   9            [1]
                                   8            [1]
                                   7            [1]
                                   6            [1]
                                   5            [1]
                                   4            [1]
                                   3            [1]
                                   2            [1]
                                   1            [1]
                                   0            

ff: found legal plan as follows

step    0: TURN_TO SATELLITE1 STAR29 GROUNDSTATION48
        1: SWITCH_ON INSTRUMENT1 SATELLITE1
        2: TURN_TO SATELLITE2 STAR24 STAR51
        3: CALIBRATE SATELLITE1 INSTRUMENT1 STAR29
        4: TURN_TO SATELLITE1 STAR51 STAR29
        5: SWITCH_ON INSTRUMENT4 SATELLITE2
        6: CALIBRATE SATELLITE2 INSTRUMENT4 STAR24
        7: TURN_TO SATELLITE2 STAR52 STAR24
        8: TURN_TO SATELLITE0 STAR7 STAR0
        9: TURN_TO SATELLITE9 GROUNDSTATION45 GROUNDSTATION13
       10: TAKE_IMAGE SATELLITE1 STAR51 INSTRUMENT1 INFRARED0
       11: TAKE_IMAGE SATELLITE2 STAR52 INSTRUMENT4 SPECTROGRAPH1
       12: TURN_TO SATELLITE2 STAR29 STAR52
     

time spent:    0.00 seconds instantiating 33958 easy, 0 hard action templates
               0.00 seconds reachability analysis, yielding 907 facts and 33958 actions
               0.00 seconds creating final representation with 907 relevant facts, 0 relevant fluents
               0.04 seconds computing LNF
               0.02 seconds building connectivity graph
               0.01 seconds searching, evaluating 18 states, to a max depth of 1
               0.07 seconds total time

