
ff: parsing domain file
domain 'BLOCKS' defined
 ... done.
ff: parsing problem file
problem 'PB2' defined
 ... done.


no metric specified. plan length assumed.

checking for cyclic := effects --- OK.

ff: search configuration is EHC, if that fails then  best-first on 1*g(s) + 5*h(s) where
    metric is  plan length

Cueing down from goal distance:   12 into depth [1]
                                  11            [1]
                                  10            [1]
                                   9            [1][2][3]
                                   7            [1][2][3][4]
                                   6            [1]
                                   5            [1]
                                   4            [1]
                                   3            [1][2][3]
                                   2            [1]
                                   1            [1]
                                   0            

ff: found legal plan as follows

step    0: UNSTACK BLOCK4 BLOCK5
        1: PUT-DOWN BLOCK4
        2: UNSTACK BLOCK5 BLOCK1
        3: STACK BLOCK5 BLOCK6
        4: UNSTACK BLOCK2 BLOCK3
        5: STACK BLOCK2 BLOCK4
        6: UNSTACK BLOCK5 BLOCK6
        7: STACK BLOCK5 BLOCK3
        8: UNSTACK BLOCK6 BLOCK7
        9: STACK BLOCK6 BLOCK1
       10: UNSTACK BLOCK5 BLOCK3
       11: STACK BLOCK5 BLOCK6
       12: PICK-UP BLOCK3
       13: STACK BLOCK3 BLOCK2
       14: PICK-UP BLOCK7
       15: STACK BLOCK7 BLOCK5
       16: UNSTACK BLOCK3 BLOCK2
       17: STACK BLOCK3 BLOCK7
     

time spent:    0.00 seconds instantiating 112 easy, 0 hard action templates
               0.00 seconds reachability analysis, yielding 71 facts and 112 actions
               0.00 seconds creating final representation with 71 relevant facts, 0 relevant fluents
               0.00 seconds computing LNF
               0.00 seconds building connectivity graph
               0.00 seconds searching, evaluating 61 states, to a max depth of 4
               0.00 seconds total time

