
ff: parsing domain file
domain 'BLOCKS' defined
 ... done.
ff: parsing problem file
problem 'PB1' defined
 ... done.


no metric specified. plan length assumed.

checking for cyclic := effects --- OK.

ff: search configuration is EHC, if that fails then  best-first on 1*g(s) + 5*h(s) where
    metric is  plan length

Cueing down from goal distance:   13 into depth [1]
                                  12            [1]
                                  11            [1][2]
                                   9            [1][2][3][4]
                                   8            [1]
                                   7            [1]
                                   6            [1][2]
                                   4            [1]
                                   3            [1]
                                   2            [1][2]
                                   0            

ff: found legal plan as follows

step    0: UNSTACK BLOCK1 BLOCK5
        1: PUT-DOWN BLOCK1
        2: PICK-UP BLOCK4
        3: STACK BLOCK4 BLOCK1
        4: UNSTACK BLOCK7 BLOCK3
        5: STACK BLOCK7 BLOCK5
        6: UNSTACK BLOCK3 BLOCK2
        7: PUT-DOWN BLOCK3
        8: UNSTACK BLOCK2 BLOCK6
        9: PUT-DOWN BLOCK2
       10: UNSTACK BLOCK7 BLOCK5
       11: STACK BLOCK7 BLOCK3
       12: PICK-UP BLOCK5
       13: STACK BLOCK5 BLOCK2
       14: PICK-UP BLOCK6
       15: STACK BLOCK6 BLOCK5
     

time spent:    0.00 seconds instantiating 112 easy, 0 hard action templates
               0.00 seconds reachability analysis, yielding 71 facts and 112 actions
               0.00 seconds creating final representation with 71 relevant facts, 0 relevant fluents
               0.00 seconds computing LNF
               0.00 seconds building connectivity graph
               0.00 seconds searching, evaluating 54 states, to a max depth of 4
               0.00 seconds total time

