
ff: parsing domain file
domain 'BLOCKS' defined
 ... done.
ff: parsing problem file
problem 'PB8' defined
 ... done.


no metric specified. plan length assumed.

checking for cyclic := effects --- OK.

ff: search configuration is EHC, if that fails then  best-first on 1*g(s) + 5*h(s) where
    metric is  plan length

Cueing down from goal distance:   12 into depth [1][2][3]
                                  11            [1]
                                  10            [1]
                                   9            [1]
                                   8            [1]
                                   7            [1]
                                   6            [1][2][3]
                                   5            [1]
                                   4            [1][2]
                                   2            [1][2]
                                   0            

ff: found legal plan as follows

step    0: UNSTACK BLOCK4 BLOCK6
        1: STACK BLOCK4 BLOCK2
        2: UNSTACK BLOCK6 BLOCK1
        3: PUT-DOWN BLOCK6
        4: UNSTACK BLOCK1 BLOCK3
        5: PUT-DOWN BLOCK1
        6: PICK-UP BLOCK3
        7: STACK BLOCK3 BLOCK6
        8: UNSTACK BLOCK4 BLOCK2
        9: STACK BLOCK4 BLOCK3
       10: UNSTACK BLOCK2 BLOCK5
       11: STACK BLOCK2 BLOCK1
       12: UNSTACK BLOCK5 BLOCK7
       13: STACK BLOCK5 BLOCK2
       14: UNSTACK BLOCK4 BLOCK3
       15: STACK BLOCK4 BLOCK7
     

time spent:    0.00 seconds instantiating 112 easy, 0 hard action templates
               0.00 seconds reachability analysis, yielding 71 facts and 112 actions
               0.00 seconds creating final representation with 71 relevant facts, 0 relevant fluents
               0.00 seconds computing LNF
               0.00 seconds building connectivity graph
               0.00 seconds searching, evaluating 38 states, to a max depth of 3
               0.00 seconds total time

