
ff: parsing domain file
domain 'BLOCKS' defined
 ... done.
ff: parsing problem file
problem 'PB3' defined
 ... done.


no metric specified. plan length assumed.

checking for cyclic := effects --- OK.

ff: search configuration is EHC, if that fails then  best-first on 1*g(s) + 5*h(s) where
    metric is  plan length

Cueing down from goal distance:   28 into depth [1]
                                  27            [1]
                                  26            [1][2][3]
                                  25            [1]
                                  24            [1]
                                  23            [1][2][3]
                                  22            [1]
                                  21            [1]
                                  20            [1][2]
                                  18            [1][2][3][4]
                                  17            [1][2]
                                  15            [1][2][3]
                                  14            [1][2][3][4]
                                  13            [1]
                                  12            [1][2][3][4]
                                  11            [1]
                                  10            [1]
                                   9            [1][2][3][4][5]
                                   8            [1]
                                   7            [1][2]
                                   6            [1][2]
                                   4            [1][2][3][4][5][6][7]
                                   3            [1]
                                   2            [1][2]
                                   0            

ff: found legal plan as follows

step    0: UNSTACK BLOCK2 BLOCK7
        1: PUT-DOWN BLOCK2
        2: UNSTACK BLOCK12 BLOCK5
        3: STACK BLOCK12 BLOCK11
        4: UNSTACK BLOCK5 BLOCK13
        5: PUT-DOWN BLOCK5
        6: UNSTACK BLOCK13 BLOCK16
        7: STACK BLOCK13 BLOCK2
        8: UNSTACK BLOCK16 BLOCK9
        9: STACK BLOCK16 BLOCK5
       10: UNSTACK BLOCK12 BLOCK11
       11: STACK BLOCK12 BLOCK13
       12: UNSTACK BLOCK9 BLOCK14
       13: STACK BLOCK9 BLOCK16
       14: UNSTACK BLOCK14 BLOCK1
       15: PUT-DOWN BLOCK14
       16: UNSTACK BLOCK9 BLOCK16
       17: STACK BLOCK9 BLOCK14
       18: UNSTACK BLOCK11 BLOCK10
       19: STACK BLOCK11 BLOCK16
       20: UNSTACK BLOCK10 BLOCK15
       21: STACK BLOCK10 BLOCK1
       22: UNSTACK BLOCK11 BLOCK16
       23: STACK BLOCK11 BLOCK9
       24: PICK-UP BLOCK15
       25: STACK BLOCK15 BLOCK16
       26: UNSTACK BLOCK10 BLOCK1
       27: STACK BLOCK10 BLOCK12
       28: UNSTACK BLOCK1 BLOCK8
       29: STACK BLOCK1 BLOCK15
       30: UNSTACK BLOCK10 BLOCK12
       31: STACK BLOCK10 BLOCK1
       32: UNSTACK BLOCK8 BLOCK4
       33: STACK BLOCK8 BLOCK12
       34: UNSTACK BLOCK4 BLOCK3
       35: STACK BLOCK4 BLOCK7
       36: UNSTACK BLOCK3 BLOCK6
       37: STACK BLOCK3 BLOCK10
       38: UNSTACK BLOCK8 BLOCK12
       39: STACK BLOCK8 BLOCK4
       40: UNSTACK BLOCK11 BLOCK9
       41: STACK BLOCK11 BLOCK3
       42: UNSTACK BLOCK8 BLOCK4
       43: STACK BLOCK8 BLOCK12
       44: UNSTACK BLOCK4 BLOCK7
       45: STACK BLOCK4 BLOCK11
       46: PICK-UP BLOCK7
       47: STACK BLOCK7 BLOCK6
       48: UNSTACK BLOCK4 BLOCK11
       49: STACK BLOCK4 BLOCK7
       50: UNSTACK BLOCK8 BLOCK12
       51: STACK BLOCK8 BLOCK4
     

time spent:    0.00 seconds instantiating 544 easy, 0 hard action templates
               0.00 seconds reachability analysis, yielding 305 facts and 544 actions
               0.00 seconds creating final representation with 305 relevant facts, 0 relevant fluents
               0.00 seconds computing LNF
               0.00 seconds building connectivity graph
               0.00 seconds searching, evaluating 826 states, to a max depth of 7
               0.00 seconds total time

