
ff: parsing domain file
domain 'BLOCKS' defined
 ... done.
ff: parsing problem file
problem 'PB5' defined
 ... done.


no metric specified. plan length assumed.

checking for cyclic := effects --- OK.

ff: search configuration is EHC, if that fails then  best-first on 1*g(s) + 5*h(s) where
    metric is  plan length

Cueing down from goal distance:   32 into depth [1]
                                  31            [1]
                                  30            [1][2]
                                  28            [1]
                                  27            [1][2]
                                  26            [1][2][3][4][5][6]
                                  25            [1][2][3]
                                  23            [1]
                                  22            [1]
                                  21            [1][2][3][4][5][6][7]
                                  20            [1][2][3]
                                  19            [1]
                                  18            [1]
                                  17            [1][2][3]
                                  16            [1][2][3]
                                  15            [1]
                                  14            [1]
                                  13            [1]
                                  12            [1]
                                  11            [1]
                                  10            [1]
                                   9            [1][2]
                                   7            [1]
                                   6            [1][2][3]
                                   5            [1][2][3][4][5][6][7][8][9][10]
                                   4            [1]
                                   3            [1]
                                   2            [1][2]
                                   0            

ff: found legal plan as follows

step    0: UNSTACK BLOCK1 BLOCK7
        1: PUT-DOWN BLOCK1
        2: UNSTACK BLOCK9 BLOCK15
        3: PUT-DOWN BLOCK9
        4: UNSTACK BLOCK15 BLOCK16
        5: STACK BLOCK15 BLOCK2
        6: PICK-UP BLOCK7
        7: STACK BLOCK7 BLOCK15
        8: UNSTACK BLOCK16 BLOCK11
        9: STACK BLOCK16 BLOCK9
       10: UNSTACK BLOCK7 BLOCK15
       11: STACK BLOCK7 BLOCK16
       12: UNSTACK BLOCK11 BLOCK13
       13: STACK BLOCK11 BLOCK15
       14: UNSTACK BLOCK13 BLOCK8
       15: STACK BLOCK13 BLOCK1
       16: UNSTACK BLOCK8 BLOCK14
       17: PUT-DOWN BLOCK8
       18: UNSTACK BLOCK11 BLOCK15
       19: STACK BLOCK11 BLOCK14
       20: UNSTACK BLOCK15 BLOCK2
       21: STACK BLOCK15 BLOCK13
       22: UNSTACK BLOCK2 BLOCK12
       23: STACK BLOCK2 BLOCK8
       24: UNSTACK BLOCK15 BLOCK13
       25: STACK BLOCK15 BLOCK2
       26: UNSTACK BLOCK11 BLOCK14
       27: STACK BLOCK11 BLOCK15
       28: UNSTACK BLOCK12 BLOCK4
       29: STACK BLOCK12 BLOCK14
       30: PICK-UP BLOCK3
       31: STACK BLOCK3 BLOCK13
       32: UNSTACK BLOCK4 BLOCK5
       33: STACK BLOCK4 BLOCK11
       34: UNSTACK BLOCK3 BLOCK13
       35: STACK BLOCK3 BLOCK4
       36: UNSTACK BLOCK5 BLOCK10
       37: STACK BLOCK5 BLOCK3
       38: UNSTACK BLOCK12 BLOCK14
       39: STACK BLOCK12 BLOCK5
       40: UNSTACK BLOCK10 BLOCK6
       41: PUT-DOWN BLOCK10
       42: PICK-UP BLOCK6
       43: STACK BLOCK6 BLOCK7
       44: PICK-UP BLOCK14
       45: STACK BLOCK14 BLOCK13
       46: UNSTACK BLOCK6 BLOCK7
       47: STACK BLOCK6 BLOCK14
       48: UNSTACK BLOCK7 BLOCK16
       49: STACK BLOCK7 BLOCK10
       50: UNSTACK BLOCK16 BLOCK9
       51: STACK BLOCK16 BLOCK12
       52: UNSTACK BLOCK7 BLOCK10
       53: STACK BLOCK7 BLOCK16
       54: UNSTACK BLOCK6 BLOCK14
       55: STACK BLOCK6 BLOCK7
       56: UNSTACK BLOCK14 BLOCK13
       57: STACK BLOCK14 BLOCK6
     

time spent:    0.00 seconds instantiating 544 easy, 0 hard action templates
               0.00 seconds reachability analysis, yielding 305 facts and 544 actions
               0.00 seconds creating final representation with 305 relevant facts, 0 relevant fluents
               0.00 seconds computing LNF
               0.00 seconds building connectivity graph
               0.08 seconds searching, evaluating 5493 states, to a max depth of 10
               0.08 seconds total time

