
ff: parsing domain file
domain 'SATELLITE' defined
 ... done.
ff: parsing problem file
problem 'STRIPS-SAT-X-1' defined
 ... done.


no metric specified. plan length assumed.

checking for cyclic := effects --- OK.

ff: search configuration is EHC, if that fails then  best-first on 1*g(s) + 5*h(s) where
    metric is  plan length

Cueing down from goal distance:   15 into depth [1]
                                  14            [1]
                                  13            [1]
                                  12            [1]
                                  11            [1]
                                  10            [1]
                                   9            [1]
                                   8            [1]
                                   7            [1]
                                   6            [1]
                                   5            [1]
                                   4            [1]
                                   3            [1]
                                   2            [1]
                                   1            [1]
                                   0            

ff: found legal plan as follows

step    0: SWITCH_ON INSTRUMENT3 SATELLITE1
        1: TURN_TO SATELLITE2 STAR14 GROUNDSTATION94
        2: CALIBRATE SATELLITE1 INSTRUMENT3 STAR19
        3: TURN_TO SATELLITE1 PHENOMENON175 STAR19
        4: SWITCH_ON INSTRUMENT13 SATELLITE2
        5: CALIBRATE SATELLITE2 INSTRUMENT13 STAR14
        6: TURN_TO SATELLITE2 PLANET176 STAR14
        7: TURN_TO SATELLITE0 STAR141 GROUNDSTATION48
        8: TURN_TO SATELLITE3 GROUNDSTATION150 STAR172
        9: TURN_TO SATELLITE5 GROUNDSTATION113 GROUNDSTATION20
       10: TURN_TO SATELLITE8 GROUNDSTATION32 STAR159
       11: TURN_TO SATELLITE9 GROUNDSTATION7 STAR97
       12: TAKE_IMAGE SATELLITE1 PHENOMENON175 INSTRUMENT3 THERMOGRAPH3
       13: TURN_TO SATELLITE1 GROUNDSTATION87 PHENOMENON175
       14: TAKE_IMAGE SATELLITE2 PLANET176 INSTRUMENT13 INFRARED2
     

time spent:    0.01 seconds instantiating 334717 easy, 0 hard action templates
               0.03 seconds reachability analysis, yielding 2781 facts and 334717 actions
               0.06 seconds creating final representation with 2781 relevant facts, 0 relevant fluents
               0.42 seconds computing LNF
               0.15 seconds building connectivity graph
               0.33 seconds searching, evaluating 22 states, to a max depth of 1
               1.00 seconds total time

