
ff: parsing domain file
domain 'SATELLITE' defined
 ... done.
ff: parsing problem file
problem 'STRIPS-SAT-X-1' defined
 ... done.


no metric specified. plan length assumed.

checking for cyclic := effects --- OK.

ff: search configuration is EHC, if that fails then  best-first on 1*g(s) + 5*h(s) where
    metric is  plan length

Cueing down from goal distance:   14 into depth [1]
                                  13            [1]
                                  12            [1]
                                  11            [1]
                                  10            [1]
                                   9            [1]
                                   8            [1]
                                   7            [1]
                                   6            [1]
                                   5            [1]
                                   4            [1][2]
                                   3            [1]
                                   2            [1]
                                   1            [1]
                                   0            

ff: found legal plan as follows

step    0: TURN_TO SATELLITE0 GROUNDSTATION61 GROUNDSTATION73
        1: SWITCH_ON INSTRUMENT11 SATELLITE1
        2: SWITCH_ON INSTRUMENT1 SATELLITE0
        3: CALIBRATE SATELLITE0 INSTRUMENT1 GROUNDSTATION61
        4: TURN_TO SATELLITE0 PLANET176 GROUNDSTATION61
        5: TURN_TO SATELLITE2 STAR85 GROUNDSTATION94
        6: TURN_TO SATELLITE4 STAR6 GROUNDSTATION15
        7: TURN_TO SATELLITE5 GROUNDSTATION170 STAR18
        8: TURN_TO SATELLITE9 GROUNDSTATION26 GROUNDSTATION93
        9: TAKE_IMAGE SATELLITE0 PLANET176 INSTRUMENT1 THERMOGRAPH4
       10: TURN_TO SATELLITE1 STAR95 STAR175
       11: CALIBRATE SATELLITE1 INSTRUMENT11 STAR95
       12: TURN_TO SATELLITE1 STAR175 STAR95
       13: TAKE_IMAGE SATELLITE1 STAR175 INSTRUMENT11 THERMOGRAPH0
       14: TURN_TO SATELLITE1 GROUNDSTATION50 STAR175
     

time spent:    0.01 seconds instantiating 341235 easy, 0 hard action templates
               0.04 seconds reachability analysis, yielding 2811 facts and 341235 actions
               0.07 seconds creating final representation with 2811 relevant facts, 0 relevant fluents
               0.44 seconds computing LNF
               0.14 seconds building connectivity graph
               0.79 seconds searching, evaluating 33 states, to a max depth of 2
               1.49 seconds total time

