
ff: parsing domain file
domain 'SATELLITE' defined
 ... done.
ff: parsing problem file
problem 'STRIPS-SAT-X-1' defined
 ... done.


no metric specified. plan length assumed.

checking for cyclic := effects --- OK.

ff: search configuration is EHC, if that fails then  best-first on 1*g(s) + 5*h(s) where
    metric is  plan length

Cueing down from goal distance:   12 into depth [1]
                                  11            [1]
                                  10            [1]
                                   9            [1]
                                   8            [1]
                                   7            [1]
                                   6            [1]
                                   5            [1]
                                   4            [1]
                                   3            [1]
                                   2            [1]
                                   1            [1]
                                   0            

ff: found legal plan as follows

step    0: TURN_TO SATELLITE0 STAR44 GROUNDSTATION126
        1: SWITCH_ON INSTRUMENT0 SATELLITE0
        2: CALIBRATE SATELLITE0 INSTRUMENT0 STAR44
        3: TURN_TO SATELLITE0 PLANET175 STAR44
        4: TURN_TO SATELLITE2 STAR40 STAR149
        5: TURN_TO SATELLITE3 GROUNDSTATION76 STAR86
        6: TURN_TO SATELLITE4 STAR156 GROUNDSTATION97
        7: TURN_TO SATELLITE7 STAR148 GROUNDSTATION75
        8: TAKE_IMAGE SATELLITE0 PLANET175 INSTRUMENT0 SPECTROGRAPH0
        9: TURN_TO SATELLITE0 STAR176 PLANET175
       10: TAKE_IMAGE SATELLITE0 STAR176 INSTRUMENT0 INFRARED1
       11: TURN_TO SATELLITE0 STAR118 STAR176
     

time spent:    0.00 seconds instantiating 332435 easy, 0 hard action templates
               0.04 seconds reachability analysis, yielding 2759 facts and 332435 actions
               0.06 seconds creating final representation with 2759 relevant facts, 0 relevant fluents
               0.43 seconds computing LNF
               0.14 seconds building connectivity graph
               0.74 seconds searching, evaluating 26 states, to a max depth of 1
               1.41 seconds total time

