
ff: parsing domain file
domain 'SATELLITE' defined
 ... done.
ff: parsing problem file
problem 'STRIPS-SAT-X-1' defined
 ... done.


no metric specified. plan length assumed.

checking for cyclic := effects --- OK.

ff: search configuration is EHC, if that fails then  best-first on 1*g(s) + 5*h(s) where
    metric is  plan length

Cueing down from goal distance:   17 into depth [1]
                                  15            [1]
                                  12            [1]
                                  11            [1]
                                  10            [1]
                                   9            [1]
                                   8            [1]
                                   7            [1]
                                   6            [1]
                                   5            [1]
                                   4            [1]
                                   3            [1]
                                   2            [1]
                                   1            [1]
                                   0            

ff: found legal plan as follows

step    0: TURN_TO SATELLITE0 STAR155 STAR77
        1: SWITCH_ON INSTRUMENT3 SATELLITE0
        2: CALIBRATE SATELLITE0 INSTRUMENT3 STAR155
        3: TURN_TO SATELLITE0 PLANET175 STAR155
        4: TURN_TO SATELLITE3 STAR40 GROUNDSTATION76
        5: TURN_TO SATELLITE4 GROUNDSTATION133 GROUNDSTATION159
        6: TURN_TO SATELLITE5 STAR45 STAR20
        7: TURN_TO SATELLITE7 GROUNDSTATION94 GROUNDSTATION126
        8: TURN_TO SATELLITE8 GROUNDSTATION14 STAR66
        9: TURN_TO SATELLITE9 GROUNDSTATION133 GROUNDSTATION142
       10: TAKE_IMAGE SATELLITE0 PLANET175 INSTRUMENT3 SPECTROGRAPH0
       11: TURN_TO SATELLITE0 STAR176 PLANET175
       12: TAKE_IMAGE SATELLITE0 STAR176 INSTRUMENT3 INFRARED3
       13: TURN_TO SATELLITE0 STAR72 STAR176
     

time spent:    0.01 seconds instantiating 339950 easy, 0 hard action templates
               0.03 seconds reachability analysis, yielding 2799 facts and 339950 actions
               0.05 seconds creating final representation with 2799 relevant facts, 0 relevant fluents
               0.39 seconds computing LNF
               0.15 seconds building connectivity graph
               0.68 seconds searching, evaluating 31 states, to a max depth of 1
               1.31 seconds total time

