
ff: parsing domain file
domain 'SATELLITE' defined
 ... done.
ff: parsing problem file
problem 'STRIPS-SAT-X-1' defined
 ... done.


no metric specified. plan length assumed.

checking for cyclic := effects --- OK.

ff: search configuration is EHC, if that fails then  best-first on 1*g(s) + 5*h(s) where
    metric is  plan length

Cueing down from goal distance:    8 into depth [1]
                                   7            [1]
                                   6            [1]
                                   5            [1]
                                   4            [1]
                                   3            [1]
                                   2            [1]
                                   1            [1]
                                   0            

ff: found legal plan as follows

step    0: TURN_TO SATELLITE0 STAR128 STAR19
        1: SWITCH_ON INSTRUMENT0 SATELLITE0
        2: CALIBRATE SATELLITE0 INSTRUMENT0 STAR128
        3: TURN_TO SATELLITE0 PHENOMENON176 STAR128
        4: TURN_TO SATELLITE2 STAR94 GROUNDSTATION112
        5: TURN_TO SATELLITE7 GROUNDSTATION91 STAR59
        6: TAKE_IMAGE SATELLITE0 PHENOMENON176 INSTRUMENT0 IMAGE1
        7: TURN_TO SATELLITE0 GROUNDSTATION144 PHENOMENON176
     

time spent:    0.01 seconds instantiating 333312 easy, 0 hard action templates
               0.02 seconds reachability analysis, yielding 2773 facts and 333312 actions
               0.06 seconds creating final representation with 2773 relevant facts, 0 relevant fluents
               0.39 seconds computing LNF
               0.14 seconds building connectivity graph
               0.17 seconds searching, evaluating 12 states, to a max depth of 1
               0.79 seconds total time

