
ff: parsing domain file
domain 'SATELLITE' defined
 ... done.
ff: parsing problem file
problem 'STRIPS-SAT-X-1' defined
 ... done.


no metric specified. plan length assumed.

checking for cyclic := effects --- OK.

ff: search configuration is EHC, if that fails then  best-first on 1*g(s) + 5*h(s) where
    metric is  plan length

Cueing down from goal distance:   14 into depth [1]
                                  12            [1]
                                  11            [1]
                                  10            [1]
                                   9            [1]
                                   8            [1]
                                   7            [1]
                                   6            [1]
                                   5            [1]
                                   4            [1]
                                   3            [1]
                                   2            [1]
                                   1            [1]
                                   0            

ff: found legal plan as follows

step    0: TURN_TO SATELLITE5 GROUNDSTATION29 PHENOMENON175
        1: TURN_TO SATELLITE0 STAR157 GROUNDSTATION51
        2: SWITCH_ON INSTRUMENT1 SATELLITE0
        3: CALIBRATE SATELLITE0 INSTRUMENT1 STAR157
        4: TURN_TO SATELLITE0 PHENOMENON175 STAR157
        5: TURN_TO SATELLITE1 STAR11 STAR54
        6: TURN_TO SATELLITE3 GROUNDSTATION122 STAR160
        7: TURN_TO SATELLITE7 STAR119 STAR157
        8: TURN_TO SATELLITE8 STAR4 GROUNDSTATION26
        9: TURN_TO SATELLITE9 GROUNDSTATION73 GROUNDSTATION20
       10: TAKE_IMAGE SATELLITE0 PHENOMENON175 INSTRUMENT1 THERMOGRAPH4
       11: TURN_TO SATELLITE0 PHENOMENON176 PHENOMENON175
       12: TAKE_IMAGE SATELLITE0 PHENOMENON176 INSTRUMENT1 THERMOGRAPH4
     

time spent:    0.01 seconds instantiating 331653 easy, 0 hard action templates
               0.03 seconds reachability analysis, yielding 2757 facts and 331653 actions
               0.05 seconds creating final representation with 2757 relevant facts, 0 relevant fluents
               0.39 seconds computing LNF
               0.15 seconds building connectivity graph
               0.47 seconds searching, evaluating 22 states, to a max depth of 1
               1.10 seconds total time

