
ff: parsing domain file
domain 'SATELLITE' defined
 ... done.
ff: parsing problem file
problem 'STRIPS-SAT-X-1' defined
 ... done.


no metric specified. plan length assumed.

checking for cyclic := effects --- OK.

ff: search configuration is EHC, if that fails then  best-first on 1*g(s) + 5*h(s) where
    metric is  plan length

Cueing down from goal distance:   11 into depth [1]
                                  10            [1]
                                   9            [1]
                                   8            [1]
                                   7            [1]
                                   6            [1]
                                   5            [1]
                                   4            [1]
                                   3            [1]
                                   2            [1]
                                   1            [1]
                                   0            

ff: found legal plan as follows

step    0: SWITCH_ON INSTRUMENT0 SATELLITE0
        1: TURN_TO SATELLITE2 GROUNDSTATION137 STAR37
        2: CALIBRATE SATELLITE0 INSTRUMENT0 GROUNDSTATION138
        3: TURN_TO SATELLITE0 PHENOMENON152 GROUNDSTATION138
        4: SWITCH_ON INSTRUMENT12 SATELLITE2
        5: CALIBRATE SATELLITE2 INSTRUMENT12 GROUNDSTATION137
        6: TURN_TO SATELLITE2 PHENOMENON153 GROUNDSTATION137
        7: TURN_TO SATELLITE1 GROUNDSTATION68 GROUNDSTATION129
        8: TURN_TO SATELLITE8 GROUNDSTATION58 STAR32
        9: TAKE_IMAGE SATELLITE0 PHENOMENON152 INSTRUMENT0 THERMOGRAPH2
       10: TAKE_IMAGE SATELLITE2 PHENOMENON153 INSTRUMENT12 IMAGE1
     

time spent:    0.00 seconds instantiating 257199 easy, 0 hard action templates
               0.03 seconds reachability analysis, yielding 2440 facts and 257199 actions
               0.05 seconds creating final representation with 2440 relevant facts, 0 relevant fluents
               0.32 seconds computing LNF
               0.11 seconds building connectivity graph
               0.16 seconds searching, evaluating 13 states, to a max depth of 1
               0.67 seconds total time

