
ff: parsing domain file
domain 'BLOCKS' defined
 ... done.
ff: parsing problem file
problem 'PB3' defined
 ... done.


no metric specified. plan length assumed.

checking for cyclic := effects --- OK.

ff: search configuration is EHC, if that fails then  best-first on 1*g(s) + 5*h(s) where
    metric is  plan length

Cueing down from goal distance:   18 into depth [1]
                                  17            [1]
                                  16            [1][2]
                                  15            [1][2][3][4]
                                  13            [1][2][3][4][5][6][7][8]
                                  12            [1]
                                  11            [1]
                                  10            [1][2][3][4]
                                   9            [1]
                                   8            [1][2][3][4]
                                   7            [1][2][3][4][5][6][7]
                                   6            [1][2][3][4][5][6][7][8][9][10][11][12][13]
                                   5            [1]
                                   4            [1]
                                   3            [1]
                                   2            [1][2]
                                   0            

ff: found legal plan as follows

step    0: UNSTACK BLOCK1 BLOCK4
        1: PUT-DOWN BLOCK1
        2: UNSTACK BLOCK4 BLOCK6
        3: STACK BLOCK4 BLOCK5
        4: UNSTACK BLOCK6 BLOCK3
        5: STACK BLOCK6 BLOCK4
        6: UNSTACK BLOCK3 BLOCK7
        7: PUT-DOWN BLOCK3
        8: UNSTACK BLOCK6 BLOCK4
        9: STACK BLOCK6 BLOCK7
       10: UNSTACK BLOCK4 BLOCK5
       11: STACK BLOCK4 BLOCK6
       12: UNSTACK BLOCK5 BLOCK8
       13: STACK BLOCK5 BLOCK4
       14: UNSTACK BLOCK8 BLOCK9
       15: PUT-DOWN BLOCK8
       16: UNSTACK BLOCK9 BLOCK2
       17: STACK BLOCK9 BLOCK1
       18: UNSTACK BLOCK5 BLOCK4
       19: STACK BLOCK5 BLOCK9
       20: UNSTACK BLOCK4 BLOCK6
       21: STACK BLOCK4 BLOCK5
       22: UNSTACK BLOCK6 BLOCK7
       23: STACK BLOCK6 BLOCK8
       24: PICK-UP BLOCK2
       25: STACK BLOCK2 BLOCK7
       26: UNSTACK BLOCK6 BLOCK8
       27: STACK BLOCK6 BLOCK2
       28: UNSTACK BLOCK4 BLOCK5
       29: STACK BLOCK4 BLOCK8
       30: UNSTACK BLOCK5 BLOCK9
       31: STACK BLOCK5 BLOCK4
       32: UNSTACK BLOCK6 BLOCK2
       33: STACK BLOCK6 BLOCK5
       34: UNSTACK BLOCK2 BLOCK7
       35: STACK BLOCK2 BLOCK6
       36: PICK-UP BLOCK7
       37: STACK BLOCK7 BLOCK9
       38: UNSTACK BLOCK2 BLOCK6
       39: STACK BLOCK2 BLOCK7
       40: UNSTACK BLOCK6 BLOCK5
       41: STACK BLOCK6 BLOCK2
       42: UNSTACK BLOCK5 BLOCK4
       43: STACK BLOCK5 BLOCK6
       44: UNSTACK BLOCK4 BLOCK8
       45: STACK BLOCK4 BLOCK5
     

time spent:    0.00 seconds instantiating 180 easy, 0 hard action templates
               0.00 seconds reachability analysis, yielding 109 facts and 180 actions
               0.00 seconds creating final representation with 109 relevant facts, 0 relevant fluents
               0.00 seconds computing LNF
               0.00 seconds building connectivity graph
               0.06 seconds searching, evaluating 11967 states, to a max depth of 13
               0.06 seconds total time

