
ff: parsing domain file
domain 'BLOCKS' defined
 ... done.
ff: parsing problem file
problem 'PB2' defined
 ... done.


no metric specified. plan length assumed.

checking for cyclic := effects --- OK.

ff: search configuration is EHC, if that fails then  best-first on 1*g(s) + 5*h(s) where
    metric is  plan length

Cueing down from goal distance:   24 into depth [1]
                                  23            [1][2][3][4][5]
                                  22            [1]
                                  21            [1]
                                  20            [1]
                                  19            [1]
                                  18            [1][2][3]
                                  17            [1][2][3][4]
                                  16            [1]
                                  15            [1]
                                  14            [1]
                                  13            [1]
                                  12            [1]
                                  11            [1][2]
                                   9            [1][2]
                                   8            [1]
                                   7            [1]
                                   6            [1][2][3][4][5][6][7][8][9]
                                   5            [1][2][3]
                                   4            [1]
                                   3            [1]
                                   2            [1][2]
                                   0            

ff: found legal plan as follows

step    0: UNSTACK BLOCK11 BLOCK2
        1: STACK BLOCK11 BLOCK3
        2: UNSTACK BLOCK2 BLOCK4
        3: PUT-DOWN BLOCK2
        4: UNSTACK BLOCK4 BLOCK1
        5: PUT-DOWN BLOCK4
        6: PICK-UP BLOCK1
        7: STACK BLOCK1 BLOCK4
        8: UNSTACK BLOCK11 BLOCK3
        9: STACK BLOCK11 BLOCK1
       10: UNSTACK BLOCK3 BLOCK10
       11: STACK BLOCK3 BLOCK11
       12: UNSTACK BLOCK10 BLOCK7
       13: STACK BLOCK10 BLOCK3
       14: UNSTACK BLOCK7 BLOCK12
       15: STACK BLOCK7 BLOCK2
       16: UNSTACK BLOCK12 BLOCK6
       17: STACK BLOCK12 BLOCK7
       18: UNSTACK BLOCK6 BLOCK5
       19: PUT-DOWN BLOCK6
       20: UNSTACK BLOCK10 BLOCK3
       21: STACK BLOCK10 BLOCK6
       22: UNSTACK BLOCK5 BLOCK8
       23: STACK BLOCK5 BLOCK3
       24: UNSTACK BLOCK8 BLOCK9
       25: STACK BLOCK8 BLOCK12
       26: UNSTACK BLOCK5 BLOCK3
       27: STACK BLOCK5 BLOCK10
       28: UNSTACK BLOCK3 BLOCK11
       29: STACK BLOCK3 BLOCK8
       30: UNSTACK BLOCK11 BLOCK1
       31: STACK BLOCK11 BLOCK5
       32: PICK-UP BLOCK9
       33: STACK BLOCK9 BLOCK1
       34: UNSTACK BLOCK11 BLOCK5
       35: STACK BLOCK11 BLOCK9
       36: UNSTACK BLOCK3 BLOCK8
       37: STACK BLOCK3 BLOCK11
       38: UNSTACK BLOCK5 BLOCK10
       39: STACK BLOCK5 BLOCK3
     

time spent:    0.00 seconds instantiating 312 easy, 0 hard action templates
               0.00 seconds reachability analysis, yielding 181 facts and 312 actions
               0.00 seconds creating final representation with 181 relevant facts, 0 relevant fluents
               0.00 seconds computing LNF
               0.00 seconds building connectivity graph
               0.00 seconds searching, evaluating 880 states, to a max depth of 9
               0.00 seconds total time

