
ff: parsing domain file
domain 'BLOCKS' defined
 ... done.
ff: parsing problem file
problem 'PB5' defined
 ... done.


no metric specified. plan length assumed.

checking for cyclic := effects --- OK.

ff: search configuration is EHC, if that fails then  best-first on 1*g(s) + 5*h(s) where
    metric is  plan length

Cueing down from goal distance:   20 into depth [1]
                                  19            [1]
                                  18            [1]
                                  17            [1]
                                  16            [1][2]
                                  14            [1][2]
                                  12            [1]
                                  11            [1]
                                  10            [1][2]
                                   8            [1]
                                   7            [1][2][3]
                                   5            [1]
                                   4            [1]
                                   3            [1][2][3][4]
                                   2            [1]
                                   1            [1]
                                   0            

ff: found legal plan as follows

step    0: UNSTACK BLOCK9 BLOCK5
        1: PUT-DOWN BLOCK9
        2: UNSTACK BLOCK5 BLOCK11
        3: STACK BLOCK5 BLOCK7
        4: UNSTACK BLOCK11 BLOCK4
        5: PUT-DOWN BLOCK11
        6: UNSTACK BLOCK12 BLOCK8
        7: PUT-DOWN BLOCK12
        8: UNSTACK BLOCK8 BLOCK2
        9: STACK BLOCK8 BLOCK6
       10: UNSTACK BLOCK4 BLOCK10
       11: STACK BLOCK4 BLOCK8
       12: PICK-UP BLOCK1
       13: STACK BLOCK1 BLOCK10
       14: UNSTACK BLOCK2 BLOCK3
       15: STACK BLOCK2 BLOCK5
       16: PICK-UP BLOCK3
       17: STACK BLOCK3 BLOCK9
       18: UNSTACK BLOCK1 BLOCK10
       19: STACK BLOCK1 BLOCK11
       20: PICK-UP BLOCK10
       21: STACK BLOCK10 BLOCK3
       22: UNSTACK BLOCK1 BLOCK11
       23: STACK BLOCK1 BLOCK10
     

time spent:    0.00 seconds instantiating 312 easy, 0 hard action templates
               0.00 seconds reachability analysis, yielding 181 facts and 312 actions
               0.00 seconds creating final representation with 181 relevant facts, 0 relevant fluents
               0.00 seconds computing LNF
               0.00 seconds building connectivity graph
               0.00 seconds searching, evaluating 121 states, to a max depth of 4
               0.00 seconds total time

