
ff: parsing domain file
domain 'SATELLITE' defined
 ... done.
ff: parsing problem file
problem 'STRIPS-SAT-X-1' defined
 ... done.


no metric specified. plan length assumed.

checking for cyclic := effects --- OK.

ff: search configuration is EHC, if that fails then  best-first on 1*g(s) + 5*h(s) where
    metric is  plan length

Cueing down from goal distance:    9 into depth [1]
                                   8            [1]
                                   7            [1]
                                   6            [1]
                                   5            [1]
                                   4            [1]
                                   3            [1]
                                   2            [1]
                                   1            [1]
                                   0            

ff: found legal plan as follows

step    0: TURN_TO SATELLITE0 STAR31 STAR38
        1: SWITCH_ON INSTRUMENT0 SATELLITE0
        2: CALIBRATE SATELLITE0 INSTRUMENT0 STAR31
        3: TURN_TO SATELLITE0 PHENOMENON87 STAR31
        4: TURN_TO SATELLITE4 GROUNDSTATION47 GROUNDSTATION75
        5: TURN_TO SATELLITE7 STAR26 STAR50
        6: TURN_TO SATELLITE8 PHENOMENON86 GROUNDSTATION43
        7: TURN_TO SATELLITE9 STAR49 GROUNDSTATION84
        8: TAKE_IMAGE SATELLITE0 PHENOMENON87 INSTRUMENT0 INFRARED4
     

time spent:    0.00 seconds instantiating 87852 easy, 0 hard action templates
               0.00 seconds reachability analysis, yielding 1432 facts and 87852 actions
               0.03 seconds creating final representation with 1432 relevant facts, 0 relevant fluents
               0.12 seconds computing LNF
               0.03 seconds building connectivity graph
               0.03 seconds searching, evaluating 10 states, to a max depth of 1
               0.21 seconds total time

