
ff: parsing domain file
domain 'SATELLITE' defined
 ... done.
ff: parsing problem file
problem 'STRIPS-SAT-X-1' defined
 ... done.


no metric specified. plan length assumed.

checking for cyclic := effects --- OK.

ff: search configuration is EHC, if that fails then  best-first on 1*g(s) + 5*h(s) where
    metric is  plan length

Cueing down from goal distance:    9 into depth [1]
                                   8            [1]
                                   7            [1]
                                   6            [1]
                                   5            [1]
                                   4            [1]
                                   3            [1]
                                   2            [1]
                                   1            [1]
                                   0            

ff: found legal plan as follows

step    0: TURN_TO SATELLITE0 STAR24 STAR37
        1: SWITCH_ON INSTRUMENT0 SATELLITE0
        2: CALIBRATE SATELLITE0 INSTRUMENT0 STAR24
        3: TURN_TO SATELLITE0 PHENOMENON87 STAR24
        4: TURN_TO SATELLITE5 GROUNDSTATION34 GROUNDSTATION25
        5: TURN_TO SATELLITE6 STAR23 STAR41
        6: TURN_TO SATELLITE9 GROUNDSTATION59 STAR5
        7: TAKE_IMAGE SATELLITE0 PHENOMENON87 INSTRUMENT0 INFRARED3
        8: TURN_TO SATELLITE0 STAR2 PHENOMENON87
     

time spent:    0.00 seconds instantiating 87829 easy, 0 hard action templates
               0.01 seconds reachability analysis, yielding 1440 facts and 87829 actions
               0.01 seconds creating final representation with 1440 relevant facts, 0 relevant fluents
               0.12 seconds computing LNF
               0.05 seconds building connectivity graph
               0.05 seconds searching, evaluating 14 states, to a max depth of 1
               0.24 seconds total time

