
ff: parsing domain file
domain 'SATELLITE' defined
 ... done.
ff: parsing problem file
problem 'STRIPS-SAT-X-1' defined
 ... done.


no metric specified. plan length assumed.

checking for cyclic := effects --- OK.

ff: search configuration is EHC, if that fails then  best-first on 1*g(s) + 5*h(s) where
    metric is  plan length

Cueing down from goal distance:    8 into depth [1]
                                   7            [1]
                                   6            [1]
                                   5            [1]
                                   4            [1]
                                   3            [1]
                                   2            [1]
                                   1            [1]
                                   0            

ff: found legal plan as follows

step    0: TURN_TO SATELLITE0 STAR28 STAR30
        1: SWITCH_ON INSTRUMENT0 SATELLITE0
        2: CALIBRATE SATELLITE0 INSTRUMENT0 STAR28
        3: TURN_TO SATELLITE0 PLANET86 STAR28
        4: TURN_TO SATELLITE5 STAR67 GROUNDSTATION63
        5: TURN_TO SATELLITE6 GROUNDSTATION52 GROUNDSTATION46
        6: TURN_TO SATELLITE9 STAR76 GROUNDSTATION51
        7: TAKE_IMAGE SATELLITE0 PLANET86 INSTRUMENT0 THERMOGRAPH1
     

time spent:    0.00 seconds instantiating 87453 easy, 0 hard action templates
               0.00 seconds reachability analysis, yielding 1432 facts and 87453 actions
               0.02 seconds creating final representation with 1432 relevant facts, 0 relevant fluents
               0.10 seconds computing LNF
               0.03 seconds building connectivity graph
               0.03 seconds searching, evaluating 9 states, to a max depth of 1
               0.18 seconds total time

