
ff: parsing domain file
domain 'SATELLITE' defined
 ... done.
ff: parsing problem file
problem 'STRIPS-SAT-X-1' defined
 ... done.


no metric specified. plan length assumed.

checking for cyclic := effects --- OK.

ff: search configuration is EHC, if that fails then  best-first on 1*g(s) + 5*h(s) where
    metric is  plan length

Cueing down from goal distance:   10 into depth [1]
                                   9            [1]
                                   8            [1]
                                   7            [1]
                                   6            [1]
                                   5            [1]
                                   4            [1]
                                   3            [1][2]
                                   2            [1]
                                   1            [1]
                                   0            

ff: found legal plan as follows

step    0: TURN_TO SATELLITE0 GROUNDSTATION43 GROUNDSTATION85
        1: SWITCH_ON INSTRUMENT48 SATELLITE8
        2: SWITCH_ON INSTRUMENT2 SATELLITE0
        3: CALIBRATE SATELLITE0 INSTRUMENT2 GROUNDSTATION43
        4: TURN_TO SATELLITE0 PLANET87 GROUNDSTATION43
        5: TURN_TO SATELLITE4 GROUNDSTATION85 GROUNDSTATION73
        6: TAKE_IMAGE SATELLITE0 PLANET87 INSTRUMENT2 INFRARED0
        7: TURN_TO SATELLITE8 STAR18 PLANET86
        8: CALIBRATE SATELLITE8 INSTRUMENT48 STAR18
        9: TURN_TO SATELLITE8 PLANET86 STAR18
       10: TAKE_IMAGE SATELLITE8 PLANET86 INSTRUMENT48 INFRARED1
     

time spent:    0.00 seconds instantiating 87669 easy, 0 hard action templates
               0.01 seconds reachability analysis, yielding 1436 facts and 87669 actions
               0.01 seconds creating final representation with 1436 relevant facts, 0 relevant fluents
               0.10 seconds computing LNF
               0.03 seconds building connectivity graph
               0.08 seconds searching, evaluating 19 states, to a max depth of 2
               0.23 seconds total time

