
ff: parsing domain file
domain 'SATELLITE' defined
 ... done.
ff: parsing problem file
problem 'STRIPS-SAT-X-1' defined
 ... done.


no metric specified. plan length assumed.

checking for cyclic := effects --- OK.

ff: search configuration is EHC, if that fails then  best-first on 1*g(s) + 5*h(s) where
    metric is  plan length

Cueing down from goal distance:   17 into depth [1]
                                  16            [1]
                                  12            [1]
                                  11            [1]
                                  10            [1]
                                   9            [1]
                                   8            [1]
                                   7            [1]
                                   6            [1]
                                   5            [1]
                                   4            [1]
                                   3            [1]
                                   2            [1]
                                   1            [1]
                                   0            

ff: found legal plan as follows

step    0: TURN_TO SATELLITE0 STAR85 GROUNDSTATION15
        1: SWITCH_ON INSTRUMENT3 SATELLITE0
        2: CALIBRATE SATELLITE0 INSTRUMENT3 STAR85
        3: TURN_TO SATELLITE0 STAR88 STAR85
        4: TURN_TO SATELLITE1 STAR40 STAR1
        5: TURN_TO SATELLITE3 STAR84 STAR25
        6: TURN_TO SATELLITE4 GROUNDSTATION0 STAR43
        7: TURN_TO SATELLITE6 GROUNDSTATION61 STAR67
        8: TURN_TO SATELLITE8 STAR49 STAR48
        9: TURN_TO SATELLITE9 GROUNDSTATION0 STAR63
       10: TAKE_IMAGE SATELLITE0 STAR88 INSTRUMENT3 IMAGE3
       11: TURN_TO SATELLITE0 PHENOMENON89 STAR88
       12: TAKE_IMAGE SATELLITE0 PHENOMENON89 INSTRUMENT3 IMAGE0
       13: TURN_TO SATELLITE0 GROUNDSTATION21 PHENOMENON89
     

time spent:    0.00 seconds instantiating 90723 easy, 0 hard action templates
               0.01 seconds reachability analysis, yielding 1452 facts and 90723 actions
               0.01 seconds creating final representation with 1452 relevant facts, 0 relevant fluents
               0.11 seconds computing LNF
               0.04 seconds building connectivity graph
               0.12 seconds searching, evaluating 32 states, to a max depth of 1
               0.29 seconds total time

