
ff: parsing domain file
domain 'SATELLITE' defined
 ... done.
ff: parsing problem file
problem 'STRIPS-SAT-X-1' defined
 ... done.


no metric specified. plan length assumed.

checking for cyclic := effects --- OK.

ff: search configuration is EHC, if that fails then  best-first on 1*g(s) + 5*h(s) where
    metric is  plan length

Cueing down from goal distance:   16 into depth [1]
                                  14            [1]
                                  13            [1]
                                  12            [1]
                                  11            [1]
                                  10            [1]
                                   9            [1][2]
                                   8            [1]
                                   7            [1]
                                   6            [1]
                                   5            [1]
                                   4            [1]
                                   3            [1]
                                   2            [1]
                                   1            [1]
                                   0            

ff: found legal plan as follows

step    0: TURN_TO SATELLITE0 STAR84 STAR46
        1: TURN_TO SATELLITE1 GROUNDSTATION39 GROUNDSTATION50
        2: TURN_TO SATELLITE4 STAR60 STAR41
        3: TURN_TO SATELLITE5 STAR22 GROUNDSTATION61
        4: TURN_TO SATELLITE8 GROUNDSTATION49 STAR67
        5: TURN_TO SATELLITE9 GROUNDSTATION11 STAR31
        6: SWITCH_ON INSTRUMENT2 SATELLITE0
        7: TURN_TO SATELLITE3 STAR27 GROUNDSTATION53
        8: CALIBRATE SATELLITE0 INSTRUMENT2 STAR84
        9: TURN_TO SATELLITE0 PHENOMENON88 STAR84
       10: SWITCH_ON INSTRUMENT10 SATELLITE3
       11: CALIBRATE SATELLITE3 INSTRUMENT10 STAR27
       12: TURN_TO SATELLITE3 STAR89 STAR27
       13: TAKE_IMAGE SATELLITE0 PHENOMENON88 INSTRUMENT2 IMAGE0
       14: TURN_TO SATELLITE0 STAR12 PHENOMENON88
       15: TAKE_IMAGE SATELLITE3 STAR89 INSTRUMENT10 THERMOGRAPH4
     

time spent:    0.00 seconds instantiating 86998 easy, 0 hard action templates
               0.01 seconds reachability analysis, yielding 1420 facts and 86998 actions
               0.01 seconds creating final representation with 1420 relevant facts, 0 relevant fluents
               0.11 seconds computing LNF
               0.03 seconds building connectivity graph
               0.20 seconds searching, evaluating 47 states, to a max depth of 2
               0.36 seconds total time

