
ff: parsing domain file
domain 'BLOCKS' defined
 ... done.
ff: parsing problem file
problem 'PB0' defined
 ... done.


no metric specified. plan length assumed.

checking for cyclic := effects --- OK.

ff: search configuration is EHC, if that fails then  best-first on 1*g(s) + 5*h(s) where
    metric is  plan length

Cueing down from goal distance:   48 into depth [1]
                                  47            [1]
                                  46            [1]
                                  45            [1]
                                  44            [1]
                                  43            [1]
                                  42            [1][2]
                                  41            [1][2]
                                  39            [1][2][3]
                                  38            [1]
                                  37            [1][2][3][4][5]
                                  36            [1]
                                  35            [1]
                                  34            [1]
                                  33            [1][2][3][4][5][6][7][8]
                                  32            [1]
                                  31            [1][2][3]
                                  30            [1][2][3]
                                  29            [1]
                                  28            [1]
                                  27            [1][2][3][4][5][6]
                                  26            [1][2][3][4]
                                  25            [1][2][3][4][5][6]
                                  24            [1][2][3][4][5]
                                  23            [1]
                                  22            [1]
                                  21            [1]
                                  20            [1][2][3]
                                  19            [1][2][3]
                                  18            [1]
                                  17            [1][2]
                                  15            [1][2][3]
                                  14            [1]
                                  13            [1][2][3][4][5][6][7]
                                  12            [1]
                                  11            [1][2]
                                   9            [1][2]
                                   7            [1][2][3][4][5][6][7][8][9][10][11][12][13][14][15][16]
                                   6            [1]
                                   5            [1][2][3]
                                   4            [1]
                                   3            [1]
                                   2            [1][2]
                                   0            

ff: found legal plan as follows

step    0: UNSTACK BLOCK25 BLOCK17
        1: PUT-DOWN BLOCK25
        2: UNSTACK BLOCK17 BLOCK14
        3: PUT-DOWN BLOCK17
        4: UNSTACK BLOCK14 BLOCK2
        5: PUT-DOWN BLOCK14
        6: UNSTACK BLOCK19 BLOCK4
        7: STACK BLOCK19 BLOCK18
        8: UNSTACK BLOCK4 BLOCK15
        9: STACK BLOCK4 BLOCK25
       10: UNSTACK BLOCK15 BLOCK10
       11: STACK BLOCK15 BLOCK19
       12: UNSTACK BLOCK10 BLOCK20
       13: STACK BLOCK10 BLOCK2
       14: UNSTACK BLOCK20 BLOCK8
       15: STACK BLOCK20 BLOCK17
       16: UNSTACK BLOCK8 BLOCK3
       17: STACK BLOCK8 BLOCK20
       18: UNSTACK BLOCK3 BLOCK21
       19: PUT-DOWN BLOCK3
       20: UNSTACK BLOCK21 BLOCK1
       21: PUT-DOWN BLOCK21
       22: UNSTACK BLOCK15 BLOCK19
       23: STACK BLOCK15 BLOCK21
       24: UNSTACK BLOCK19 BLOCK18
       25: STACK BLOCK19 BLOCK1
       26: UNSTACK BLOCK18 BLOCK23
       27: STACK BLOCK18 BLOCK3
       28: UNSTACK BLOCK23 BLOCK11
       29: STACK BLOCK23 BLOCK13
       30: UNSTACK BLOCK18 BLOCK3
       31: STACK BLOCK18 BLOCK15
       32: UNSTACK BLOCK19 BLOCK1
       33: STACK BLOCK19 BLOCK18
       34: UNSTACK BLOCK11 BLOCK26
       35: STACK BLOCK11 BLOCK1
       36: UNSTACK BLOCK26 BLOCK16
       37: STACK BLOCK26 BLOCK3
       38: UNSTACK BLOCK16 BLOCK12
       39: STACK BLOCK16 BLOCK26
       40: UNSTACK BLOCK8 BLOCK20
       41: STACK BLOCK8 BLOCK23
       42: UNSTACK BLOCK11 BLOCK1
       43: STACK BLOCK11 BLOCK20
       44: UNSTACK BLOCK16 BLOCK26
       45: STACK BLOCK16 BLOCK8
       46: UNSTACK BLOCK12 BLOCK22
       47: STACK BLOCK12 BLOCK26
       48: PICK-UP BLOCK1
       49: STACK BLOCK1 BLOCK22
       50: UNSTACK BLOCK11 BLOCK20
       51: STACK BLOCK11 BLOCK1
       52: UNSTACK BLOCK20 BLOCK17
       53: STACK BLOCK20 BLOCK16
       54: UNSTACK BLOCK11 BLOCK1
       55: STACK BLOCK11 BLOCK20
       56: UNSTACK BLOCK1 BLOCK22
       57: STACK BLOCK1 BLOCK19
       58: UNSTACK BLOCK22 BLOCK6
       59: STACK BLOCK22 BLOCK17
       60: UNSTACK BLOCK1 BLOCK19
       61: STACK BLOCK1 BLOCK22
       62: UNSTACK BLOCK6 BLOCK24
       63: STACK BLOCK6 BLOCK11
       64: UNSTACK BLOCK24 BLOCK7
       65: STACK BLOCK24 BLOCK6
       66: UNSTACK BLOCK7 BLOCK5
       67: STACK BLOCK7 BLOCK24
       68: UNSTACK BLOCK5 BLOCK9
       69: STACK BLOCK5 BLOCK14
       70: PICK-UP BLOCK9
       71: STACK BLOCK9 BLOCK10
       72: UNSTACK BLOCK12 BLOCK26
       73: STACK BLOCK12 BLOCK9
       74: UNSTACK BLOCK7 BLOCK24
       75: STACK BLOCK7 BLOCK26
       76: UNSTACK BLOCK19 BLOCK18
       77: STACK BLOCK19 BLOCK5
       78: UNSTACK BLOCK18 BLOCK15
       79: STACK BLOCK18 BLOCK24
       80: UNSTACK BLOCK15 BLOCK21
       81: STACK BLOCK15 BLOCK7
       82: UNSTACK BLOCK18 BLOCK24
       83: STACK BLOCK18 BLOCK15
       84: UNSTACK BLOCK12 BLOCK9
       85: STACK BLOCK12 BLOCK21
       86: UNSTACK BLOCK19 BLOCK5
       87: STACK BLOCK19 BLOCK18
       88: UNSTACK BLOCK24 BLOCK6
       89: STACK BLOCK24 BLOCK9
       90: UNSTACK BLOCK6 BLOCK11
       91: STACK BLOCK6 BLOCK24
       92: UNSTACK BLOCK11 BLOCK20
       93: STACK BLOCK11 BLOCK1
       94: UNSTACK BLOCK20 BLOCK16
       95: STACK BLOCK20 BLOCK6
       96: UNSTACK BLOCK16 BLOCK8
       97: STACK BLOCK16 BLOCK20
       98: UNSTACK BLOCK8 BLOCK23
       99: STACK BLOCK8 BLOCK5
      100: UNSTACK BLOCK16 BLOCK20
      101: STACK BLOCK16 BLOCK8
      102: UNSTACK BLOCK20 BLOCK6
      103: STACK BLOCK20 BLOCK16
      104: UNSTACK BLOCK11 BLOCK1
      105: STACK BLOCK11 BLOCK20
      106: UNSTACK BLOCK6 BLOCK24
      107: STACK BLOCK6 BLOCK11
      108: UNSTACK BLOCK24 BLOCK9
      109: STACK BLOCK24 BLOCK6
     

time spent:    0.00 seconds instantiating 1404 easy, 0 hard action templates
               0.00 seconds reachability analysis, yielding 755 facts and 1404 actions
               0.00 seconds creating final representation with 755 relevant facts, 0 relevant fluents
               0.00 seconds computing LNF
               0.00 seconds building connectivity graph
             188.45 seconds searching, evaluating 1244722 states, to a max depth of 16
             188.45 seconds total time

