
ff: parsing domain file
domain 'BLOCKS' defined
 ... done.
ff: parsing problem file
problem 'PB5' defined
 ... done.


no metric specified. plan length assumed.

checking for cyclic := effects --- OK.

ff: search configuration is EHC, if that fails then  best-first on 1*g(s) + 5*h(s) where
    metric is  plan length

Cueing down from goal distance:   50 into depth [1]
                                  49            [1]
                                  48            [1]
                                  47            [1][2]
                                  46            [1]
                                  45            [1]
                                  44            [1][2][3][4]
                                  43            [1][2][3][4]
                                  42            [1][2][3][4][5][6][7]
                                  41            [1]
                                  40            [1][2]
                                  39            [1]
                                  38            [1][2][3]
                                  37            [1]
                                  36            [1][2]
                                  34            [1][2][3]
                                  33            [1][2][3][4]
                                  32            [1]
                                  31            [1][2][3][4]
                                  30            [1]
                                  29            [1]
                                  28            [1]
                                  27            [1]
                                  26            [1][2]
                                  24            [1][2][3][4][5]
                                  23            [1]
                                  22            [1]
                                  21            [1][2]
                                  20            [1][2]
                                  19            [1]
                                  18            [1][2]
                                  17            [1][2][3][4][5][6][7][8][9][10]
                                  16            [1][2][3][4][5][6][7]
                                  15            [1]
                                  14            [1]
                                  13            [1]
                                  12            [1]
                                  11            [1]
                                  10            [1][2][3][4][5][6][7]
                                   9            [1]
                                   8            [1]
                                   7            [1]
                                   6            [1][2][3][4][5][6][7][8][9][10][11][12][13]
                                   5            [1]
                                   4            [1]
                                   3            [1]
                                   2            [1][2]
                                   0            

ff: found legal plan as follows

step    0: UNSTACK BLOCK2 BLOCK14
        1: PUT-DOWN BLOCK2
        2: UNSTACK BLOCK20 BLOCK16
        3: STACK BLOCK20 BLOCK8
        4: UNSTACK BLOCK22 BLOCK15
        5: STACK BLOCK22 BLOCK2
        6: UNSTACK BLOCK15 BLOCK4
        7: STACK BLOCK15 BLOCK20
        8: UNSTACK BLOCK14 BLOCK12
        9: STACK BLOCK14 BLOCK22
       10: PICK-UP BLOCK12
       11: STACK BLOCK12 BLOCK4
       12: UNSTACK BLOCK21 BLOCK25
       13: STACK BLOCK21 BLOCK16
       14: PICK-UP BLOCK19
       15: STACK BLOCK19 BLOCK15
       16: UNSTACK BLOCK25 BLOCK17
       17: STACK BLOCK25 BLOCK21
       18: UNSTACK BLOCK17 BLOCK24
       19: STACK BLOCK17 BLOCK25
       20: UNSTACK BLOCK24 BLOCK6
       21: PUT-DOWN BLOCK24
       22: UNSTACK BLOCK6 BLOCK9
       23: STACK BLOCK6 BLOCK19
       24: UNSTACK BLOCK9 BLOCK23
       25: PUT-DOWN BLOCK9
       26: UNSTACK BLOCK23 BLOCK18
       27: STACK BLOCK23 BLOCK24
       28: UNSTACK BLOCK18 BLOCK5
       29: PUT-DOWN BLOCK18
       30: UNSTACK BLOCK5 BLOCK10
       31: PUT-DOWN BLOCK5
       32: UNSTACK BLOCK10 BLOCK13
       33: STACK BLOCK10 BLOCK23
       34: UNSTACK BLOCK17 BLOCK25
       35: STACK BLOCK17 BLOCK13
       36: UNSTACK BLOCK14 BLOCK22
       37: STACK BLOCK14 BLOCK5
       38: UNSTACK BLOCK10 BLOCK23
       39: STACK BLOCK10 BLOCK22
       40: UNSTACK BLOCK12 BLOCK4
       41: STACK BLOCK12 BLOCK23
       42: UNSTACK BLOCK4 BLOCK11
       43: STACK BLOCK4 BLOCK10
       44: PICK-UP BLOCK11
       45: STACK BLOCK11 BLOCK18
       46: UNSTACK BLOCK14 BLOCK5
       47: STACK BLOCK14 BLOCK11
       48: UNSTACK BLOCK12 BLOCK23
       49: STACK BLOCK12 BLOCK4
       50: UNSTACK BLOCK17 BLOCK13
       51: STACK BLOCK17 BLOCK5
       52: UNSTACK BLOCK13 BLOCK1
       53: STACK BLOCK13 BLOCK23
       54: UNSTACK BLOCK1 BLOCK26
       55: STACK BLOCK1 BLOCK14
       56: UNSTACK BLOCK25 BLOCK21
       57: STACK BLOCK25 BLOCK26
       58: UNSTACK BLOCK17 BLOCK5
       59: STACK BLOCK17 BLOCK13
       60: UNSTACK BLOCK21 BLOCK16
       61: STACK BLOCK21 BLOCK1
       62: UNSTACK BLOCK16 BLOCK3
       63: STACK BLOCK16 BLOCK5
       64: UNSTACK BLOCK6 BLOCK19
       65: STACK BLOCK6 BLOCK21
       66: UNSTACK BLOCK19 BLOCK15
       67: STACK BLOCK19 BLOCK25
       68: UNSTACK BLOCK6 BLOCK21
       69: STACK BLOCK6 BLOCK19
       70: UNSTACK BLOCK16 BLOCK5
       71: STACK BLOCK16 BLOCK6
       72: UNSTACK BLOCK15 BLOCK20
       73: STACK BLOCK15 BLOCK5
       74: UNSTACK BLOCK20 BLOCK8
       75: STACK BLOCK20 BLOCK3
       76: UNSTACK BLOCK8 BLOCK7
       77: STACK BLOCK8 BLOCK9
       78: UNSTACK BLOCK20 BLOCK3
       79: STACK BLOCK20 BLOCK8
       80: PICK-UP BLOCK7
       81: STACK BLOCK7 BLOCK3
       82: UNSTACK BLOCK15 BLOCK5
       83: STACK BLOCK15 BLOCK20
       84: UNSTACK BLOCK17 BLOCK13
       85: STACK BLOCK17 BLOCK5
       86: UNSTACK BLOCK13 BLOCK23
       87: STACK BLOCK13 BLOCK21
       88: UNSTACK BLOCK23 BLOCK24
       89: STACK BLOCK23 BLOCK15
       90: UNSTACK BLOCK13 BLOCK21
       91: STACK BLOCK13 BLOCK23
       92: UNSTACK BLOCK17 BLOCK5
       93: STACK BLOCK17 BLOCK13
       94: UNSTACK BLOCK16 BLOCK6
       95: STACK BLOCK16 BLOCK5
       96: UNSTACK BLOCK6 BLOCK19
       97: STACK BLOCK6 BLOCK21
       98: UNSTACK BLOCK19 BLOCK25
       99: STACK BLOCK19 BLOCK6
      100: UNSTACK BLOCK25 BLOCK26
      101: STACK BLOCK25 BLOCK19
      102: PICK-UP BLOCK26
      103: STACK BLOCK26 BLOCK24
      104: UNSTACK BLOCK25 BLOCK19
      105: STACK BLOCK25 BLOCK26
      106: UNSTACK BLOCK19 BLOCK6
      107: STACK BLOCK19 BLOCK25
      108: UNSTACK BLOCK6 BLOCK21
      109: STACK BLOCK6 BLOCK19
      110: UNSTACK BLOCK16 BLOCK5
      111: STACK BLOCK16 BLOCK6
     

time spent:    0.00 seconds instantiating 1404 easy, 0 hard action templates
               0.00 seconds reachability analysis, yielding 755 facts and 1404 actions
               0.00 seconds creating final representation with 755 relevant facts, 0 relevant fluents
               0.00 seconds computing LNF
               0.00 seconds building connectivity graph
              39.20 seconds searching, evaluating 369363 states, to a max depth of 13
              39.20 seconds total time

