
ff: parsing domain file
domain 'SATELLITE' defined
 ... done.
ff: parsing problem file
problem 'STRIPS-SAT-X-1' defined
 ... done.


no metric specified. plan length assumed.

checking for cyclic := effects --- OK.

ff: search configuration is EHC, if that fails then  best-first on 1*g(s) + 5*h(s) where
    metric is  plan length

Cueing down from goal distance:   11 into depth [1]
                                  10            [1]
                                   7            [1]
                                   6            [1]
                                   5            [1]
                                   4            [1][2]
                                   3            [1]
                                   2            [1]
                                   1            [1]
                                   0            

ff: found legal plan as follows

step    0: TURN_TO SATELLITE0 STAR179 STAR54
        1: SWITCH_ON INSTRUMENT30 SATELLITE6
        2: TURN_TO SATELLITE5 GROUNDSTATION116 GROUNDSTATION92
        3: TURN_TO SATELLITE6 STAR143 PHENOMENON184
        4: CALIBRATE SATELLITE6 INSTRUMENT30 STAR143
        5: TURN_TO SATELLITE6 PHENOMENON184 STAR143
        6: TAKE_IMAGE SATELLITE6 PHENOMENON184 INSTRUMENT30 SPECTROGRAPH4
        7: TURN_TO SATELLITE6 STAR185 PHENOMENON184
        8: TAKE_IMAGE SATELLITE6 STAR185 INSTRUMENT30 INFRARED0
        9: TURN_TO SATELLITE6 STAR143 STAR185
     

time spent:    0.01 seconds instantiating 370237 easy, 0 hard action templates
               0.03 seconds reachability analysis, yielding 2904 facts and 370237 actions
               0.07 seconds creating final representation with 2904 relevant facts, 0 relevant fluents
               0.44 seconds computing LNF
               0.15 seconds building connectivity graph
               0.48 seconds searching, evaluating 20 states, to a max depth of 2
               1.18 seconds total time

