
ff: parsing domain file
domain 'SATELLITE' defined
 ... done.
ff: parsing problem file
problem 'STRIPS-SAT-X-1' defined
 ... done.


no metric specified. plan length assumed.

checking for cyclic := effects --- OK.

ff: search configuration is EHC, if that fails then  best-first on 1*g(s) + 5*h(s) where
    metric is  plan length

Cueing down from goal distance:   14 into depth [1]
                                  13            [1]
                                  12            [1]
                                  11            [1]
                                  10            [1]
                                   9            [1]
                                   8            [1]
                                   7            [1]
                                   6            [1]
                                   5            [1]
                                   4            [1]
                                   3            [1]
                                   2            [1]
                                   1            [1]
                                   0            

ff: found legal plan as follows

step    0: TURN_TO SATELLITE0 GROUNDSTATION144 STAR116
        1: SWITCH_ON INSTRUMENT0 SATELLITE0
        2: CALIBRATE SATELLITE0 INSTRUMENT0 GROUNDSTATION144
        3: TURN_TO SATELLITE0 STAR184 GROUNDSTATION144
        4: SWITCH_ON INSTRUMENT3 SATELLITE1
        5: CALIBRATE SATELLITE1 INSTRUMENT3 STAR14
        6: TURN_TO SATELLITE1 STAR185 STAR14
        7: TURN_TO SATELLITE5 STAR58 STAR75
        8: TURN_TO SATELLITE8 STAR117 GROUNDSTATION37
        9: TURN_TO SATELLITE9 GROUNDSTATION37 STAR156
       10: TAKE_IMAGE SATELLITE0 STAR184 INSTRUMENT0 IMAGE1
       11: TURN_TO SATELLITE0 STAR56 STAR184
       12: TAKE_IMAGE SATELLITE1 STAR185 INSTRUMENT3 IMAGE0
       13: TURN_TO SATELLITE1 GROUNDSTATION34 STAR185
     

time spent:    0.01 seconds instantiating 364919 easy, 0 hard action templates
               0.04 seconds reachability analysis, yielding 2898 facts and 364919 actions
               0.06 seconds creating final representation with 2898 relevant facts, 0 relevant fluents
               0.50 seconds computing LNF
               0.15 seconds building connectivity graph
               0.43 seconds searching, evaluating 24 states, to a max depth of 1
               1.19 seconds total time

