
ff: parsing domain file
domain 'SATELLITE' defined
 ... done.
ff: parsing problem file
problem 'STRIPS-SAT-X-1' defined
 ... done.


no metric specified. plan length assumed.

checking for cyclic := effects --- OK.

ff: search configuration is EHC, if that fails then  best-first on 1*g(s) + 5*h(s) where
    metric is  plan length

Cueing down from goal distance:   15 into depth [1]
                                  14            [1]
                                  13            [1]
                                  12            [1]
                                  11            [1]
                                  10            [1]
                                   9            [1]
                                   8            [1]
                                   7            [1]
                                   6            [1]
                                   5            [1]
                                   4            [1]
                                   3            [1]
                                   2            [1]
                                   1            [1]
                                   0            

ff: found legal plan as follows

step    0: TURN_TO SATELLITE0 GROUNDSTATION27 GROUNDSTATION154
        1: SWITCH_ON INSTRUMENT0 SATELLITE0
        2: TURN_TO SATELLITE1 STAR70 GROUNDSTATION84
        3: CALIBRATE SATELLITE0 INSTRUMENT0 GROUNDSTATION27
        4: TURN_TO SATELLITE0 PLANET184 GROUNDSTATION27
        5: SWITCH_ON INSTRUMENT3 SATELLITE1
        6: CALIBRATE SATELLITE1 INSTRUMENT3 STAR70
        7: TURN_TO SATELLITE1 PLANET185 STAR70
        8: TURN_TO SATELLITE2 GROUNDSTATION60 STAR55
        9: TURN_TO SATELLITE4 STAR32 STAR87
       10: TURN_TO SATELLITE5 STAR8 STAR149
       11: TURN_TO SATELLITE6 GROUNDSTATION168 STAR133
       12: TURN_TO SATELLITE9 STAR21 STAR151
       13: TAKE_IMAGE SATELLITE0 PLANET184 INSTRUMENT0 IMAGE3
       14: TAKE_IMAGE SATELLITE1 PLANET185 INSTRUMENT3 INFRARED0
     

time spent:    0.01 seconds instantiating 365013 easy, 0 hard action templates
               0.03 seconds reachability analysis, yielding 2904 facts and 365013 actions
               0.07 seconds creating final representation with 2904 relevant facts, 0 relevant fluents
               0.44 seconds computing LNF
               0.14 seconds building connectivity graph
               0.26 seconds searching, evaluating 17 states, to a max depth of 1
               0.95 seconds total time

