
ff: parsing domain file
domain 'SATELLITE' defined
 ... done.
ff: parsing problem file
problem 'STRIPS-SAT-X-1' defined
 ... done.


no metric specified. plan length assumed.

checking for cyclic := effects --- OK.

ff: search configuration is EHC, if that fails then  best-first on 1*g(s) + 5*h(s) where
    metric is  plan length

Cueing down from goal distance:   10 into depth [1]
                                   9            [1]
                                   8            [1]
                                   7            [1]
                                   6            [1]
                                   5            [1]
                                   4            [1]
                                   3            [1]
                                   2            [1]
                                   1            [1]
                                   0            

ff: found legal plan as follows

step    0: TURN_TO SATELLITE0 STAR25 STAR77
        1: SWITCH_ON INSTRUMENT3 SATELLITE0
        2: CALIBRATE SATELLITE0 INSTRUMENT3 STAR25
        3: TURN_TO SATELLITE0 STAR184 STAR25
        4: SWITCH_ON INSTRUMENT9 SATELLITE1
        5: CALIBRATE SATELLITE1 INSTRUMENT9 STAR167
        6: TURN_TO SATELLITE1 PHENOMENON185 STAR167
        7: TURN_TO SATELLITE6 GROUNDSTATION144 GROUNDSTATION1
        8: TAKE_IMAGE SATELLITE0 STAR184 INSTRUMENT3 INFRARED2
        9: TAKE_IMAGE SATELLITE1 PHENOMENON185 INSTRUMENT9 INFRARED1
     

time spent:    0.01 seconds instantiating 371270 easy, 0 hard action templates
               0.04 seconds reachability analysis, yielding 2928 facts and 371270 actions
               0.06 seconds creating final representation with 2928 relevant facts, 0 relevant fluents
               0.45 seconds computing LNF
               0.15 seconds building connectivity graph
               0.29 seconds searching, evaluating 11 states, to a max depth of 1
               1.00 seconds total time

