
ff: parsing domain file
domain 'SATELLITE' defined
 ... done.
ff: parsing problem file
problem 'STRIPS-SAT-X-1' defined
 ... done.


no metric specified. plan length assumed.

checking for cyclic := effects --- OK.

ff: search configuration is EHC, if that fails then  best-first on 1*g(s) + 5*h(s) where
    metric is  plan length

Cueing down from goal distance:   11 into depth [1]
                                  10            [1]
                                   9            [1]
                                   8            [1]
                                   7            [1]
                                   6            [1]
                                   5            [1]
                                   4            [1]
                                   3            [1]
                                   2            [1]
                                   1            [1]
                                   0            

ff: found legal plan as follows

step    0: TURN_TO SATELLITE0 STAR122 GROUNDSTATION111
        1: SWITCH_ON INSTRUMENT0 SATELLITE0
        2: CALIBRATE SATELLITE0 INSTRUMENT0 STAR122
        3: TURN_TO SATELLITE0 STAR184 STAR122
        4: TURN_TO SATELLITE1 GROUNDSTATION131 GROUNDSTATION90
        5: TURN_TO SATELLITE3 GROUNDSTATION179 STAR62
        6: TURN_TO SATELLITE6 STAR82 STAR163
        7: TAKE_IMAGE SATELLITE0 STAR184 INSTRUMENT0 THERMOGRAPH4
        8: TURN_TO SATELLITE0 PHENOMENON185 STAR184
        9: TAKE_IMAGE SATELLITE0 PHENOMENON185 INSTRUMENT0 IMAGE0
       10: TURN_TO SATELLITE0 STAR12 PHENOMENON185
     

time spent:    0.01 seconds instantiating 370752 easy, 0 hard action templates
               0.03 seconds reachability analysis, yielding 2924 facts and 370752 actions
               0.07 seconds creating final representation with 2924 relevant facts, 0 relevant fluents
               0.42 seconds computing LNF
               0.15 seconds building connectivity graph
               0.53 seconds searching, evaluating 23 states, to a max depth of 1
               1.21 seconds total time

