
ff: parsing domain file
domain 'SATELLITE' defined
 ... done.
ff: parsing problem file
problem 'STRIPS-SAT-X-1' defined
 ... done.


no metric specified. plan length assumed.

checking for cyclic := effects --- OK.

ff: search configuration is EHC, if that fails then  best-first on 1*g(s) + 5*h(s) where
    metric is  plan length

Cueing down from goal distance:   10 into depth [1]
                                   9            [1]
                                   8            [1]
                                   7            [1]
                                   6            [1]
                                   5            [1]
                                   4            [1]
                                   3            [1]
                                   2            [1]
                                   1            [1]
                                   0            

ff: found legal plan as follows

step    0: SWITCH_ON INSTRUMENT2 SATELLITE0
        1: CALIBRATE SATELLITE0 INSTRUMENT2 STAR36
        2: TURN_TO SATELLITE0 PHENOMENON129 STAR36
        3: TURN_TO SATELLITE1 STAR108 STAR15
        4: TURN_TO SATELLITE2 STAR70 STAR85
        5: TURN_TO SATELLITE3 GROUNDSTATION18 GROUNDSTATION11
        6: TURN_TO SATELLITE6 GROUNDSTATION55 GROUNDSTATION44
        7: TURN_TO SATELLITE7 STAR127 STAR10
        8: TURN_TO SATELLITE9 STAR74 GROUNDSTATION52
        9: TAKE_IMAGE SATELLITE0 PHENOMENON129 INSTRUMENT2 THERMOGRAPH2
     

time spent:    0.00 seconds instantiating 181151 easy, 0 hard action templates
               0.02 seconds reachability analysis, yielding 2050 facts and 181151 actions
               0.03 seconds creating final representation with 2050 relevant facts, 0 relevant fluents
               0.25 seconds computing LNF
               0.07 seconds building connectivity graph
               0.04 seconds searching, evaluating 11 states, to a max depth of 1
               0.41 seconds total time

