
ff: parsing domain file
domain 'SATELLITE' defined
 ... done.
ff: parsing problem file
problem 'STRIPS-SAT-X-1' defined
 ... done.


no metric specified. plan length assumed.

checking for cyclic := effects --- OK.

ff: search configuration is EHC, if that fails then  best-first on 1*g(s) + 5*h(s) where
    metric is  plan length

Cueing down from goal distance:   13 into depth [1]
                                  12            [1]
                                  10            [1]
                                   9            [1]
                                   8            [1]
                                   7            [1]
                                   6            [1]
                                   5            [1]
                                   4            [1]
                                   3            [1]
                                   2            [1]
                                   1            [1]
                                   0            

ff: found legal plan as follows

step    0: TURN_TO SATELLITE0 GROUNDSTATION76 GROUNDSTATION7
        1: SWITCH_ON INSTRUMENT3 SATELLITE0
        2: CALIBRATE SATELLITE0 INSTRUMENT3 GROUNDSTATION76
        3: TURN_TO SATELLITE0 PHENOMENON128 GROUNDSTATION76
        4: SWITCH_ON INSTRUMENT7 SATELLITE1
        5: CALIBRATE SATELLITE1 INSTRUMENT7 STAR87
        6: TURN_TO SATELLITE1 PHENOMENON129 STAR87
        7: TURN_TO SATELLITE3 STAR65 STAR23
        8: TURN_TO SATELLITE6 PHENOMENON129 GROUNDSTATION13
        9: TAKE_IMAGE SATELLITE0 PHENOMENON128 INSTRUMENT3 THERMOGRAPH4
       10: TURN_TO SATELLITE0 STAR121 PHENOMENON128
       11: TAKE_IMAGE SATELLITE1 PHENOMENON129 INSTRUMENT7 THERMOGRAPH2
     

time spent:    0.00 seconds instantiating 182944 easy, 0 hard action templates
               0.02 seconds reachability analysis, yielding 2062 facts and 182944 actions
               0.04 seconds creating final representation with 2062 relevant facts, 0 relevant fluents
               0.21 seconds computing LNF
               0.07 seconds building connectivity graph
               0.13 seconds searching, evaluating 17 states, to a max depth of 1
               0.47 seconds total time

