
ff: parsing domain file
domain 'SATELLITE' defined
 ... done.
ff: parsing problem file
problem 'STRIPS-SAT-X-1' defined
 ... done.


no metric specified. plan length assumed.

checking for cyclic := effects --- OK.

ff: search configuration is EHC, if that fails then  best-first on 1*g(s) + 5*h(s) where
    metric is  plan length

Cueing down from goal distance:   12 into depth [1]
                                   9            [1]
                                   8            [1]
                                   7            [1]
                                   6            [1]
                                   5            [1][2]
                                   4            [1]
                                   3            [1]
                                   2            [1]
                                   1            [1]
                                   0            

ff: found legal plan as follows

step    0: SWITCH_ON INSTRUMENT14 SATELLITE1
        1: TURN_TO SATELLITE2 STAR99 GROUNDSTATION115
        2: TURN_TO SATELLITE4 GROUNDSTATION79 STAR90
        3: TURN_TO SATELLITE5 GROUNDSTATION80 STAR103
        4: TURN_TO SATELLITE6 STAR84 STAR42
        5: TURN_TO SATELLITE1 STAR22 STAR128
        6: CALIBRATE SATELLITE1 INSTRUMENT14 STAR22
        7: TURN_TO SATELLITE1 STAR128 STAR22
        8: TAKE_IMAGE SATELLITE1 STAR128 INSTRUMENT14 INFRARED1
        9: TURN_TO SATELLITE1 PHENOMENON129 STAR128
       10: TAKE_IMAGE SATELLITE1 PHENOMENON129 INSTRUMENT14 INFRARED4
     

time spent:    0.00 seconds instantiating 183973 easy, 0 hard action templates
               0.02 seconds reachability analysis, yielding 2066 facts and 183973 actions
               0.04 seconds creating final representation with 2066 relevant facts, 0 relevant fluents
               0.24 seconds computing LNF
               0.08 seconds building connectivity graph
               0.26 seconds searching, evaluating 23 states, to a max depth of 2
               0.64 seconds total time

