
ff: parsing domain file
domain 'SATELLITE' defined
 ... done.
ff: parsing problem file
problem 'STRIPS-SAT-X-1' defined
 ... done.


no metric specified. plan length assumed.

checking for cyclic := effects --- OK.

ff: search configuration is EHC, if that fails then  best-first on 1*g(s) + 5*h(s) where
    metric is  plan length

Cueing down from goal distance:    9 into depth [1]
                                   8            [1]
                                   7            [1]
                                   6            [1]
                                   5            [1]
                                   4            [1]
                                   3            [1]
                                   2            [1]
                                   1            [1]
                                   0            

ff: found legal plan as follows

step    0: SWITCH_ON INSTRUMENT0 SATELLITE0
        1: CALIBRATE SATELLITE0 INSTRUMENT0 STAR60
        2: TURN_TO SATELLITE0 PLANET77 STAR60
        3: TURN_TO SATELLITE3 STAR51 STAR29
        4: TURN_TO SATELLITE4 STAR39 STAR56
        5: TURN_TO SATELLITE6 GROUNDSTATION20 GROUNDSTATION61
        6: TURN_TO SATELLITE8 GROUNDSTATION74 GROUNDSTATION27
        7: TURN_TO SATELLITE9 STAR51 STAR57
        8: TAKE_IMAGE SATELLITE0 PLANET77 INSTRUMENT0 SPECTROGRAPH2
     

time spent:    0.00 seconds instantiating 72020 easy, 0 hard action templates
               0.00 seconds reachability analysis, yielding 1301 facts and 72020 actions
               0.02 seconds creating final representation with 1301 relevant facts, 0 relevant fluents
               0.10 seconds computing LNF
               0.04 seconds building connectivity graph
               0.01 seconds searching, evaluating 10 states, to a max depth of 1
               0.17 seconds total time

