
ff: parsing domain file
domain 'SATELLITE' defined
 ... done.
ff: parsing problem file
problem 'STRIPS-SAT-X-1' defined
 ... done.


no metric specified. plan length assumed.

checking for cyclic := effects --- OK.

ff: search configuration is EHC, if that fails then  best-first on 1*g(s) + 5*h(s) where
    metric is  plan length

Cueing down from goal distance:   12 into depth [1]
                                   8            [1]
                                   7            [1]
                                   6            [1]
                                   5            [1]
                                   4            [1]
                                   3            [1]
                                   2            [1]
                                   1            [1]
                                   0            

ff: found legal plan as follows

step    0: SWITCH_ON INSTRUMENT2 SATELLITE0
        1: CALIBRATE SATELLITE0 INSTRUMENT2 STAR1
        2: TURN_TO SATELLITE0 STAR77 STAR1
        3: TURN_TO SATELLITE6 STAR33 STAR5
        4: TURN_TO SATELLITE9 STAR33 STAR67
        5: TAKE_IMAGE SATELLITE0 STAR77 INSTRUMENT2 INFRARED4
        6: TURN_TO SATELLITE0 PHENOMENON78 STAR77
        7: TAKE_IMAGE SATELLITE0 PHENOMENON78 INSTRUMENT2 INFRARED1
        8: TURN_TO SATELLITE0 GROUNDSTATION60 PHENOMENON78
     

time spent:    0.00 seconds instantiating 69947 easy, 0 hard action templates
               0.00 seconds reachability analysis, yielding 1281 facts and 69947 actions
               0.02 seconds creating final representation with 1281 relevant facts, 0 relevant fluents
               0.08 seconds computing LNF
               0.03 seconds building connectivity graph
               0.05 seconds searching, evaluating 19 states, to a max depth of 1
               0.18 seconds total time

