
ff: parsing domain file
domain 'SATELLITE' defined
 ... done.
ff: parsing problem file
problem 'STRIPS-SAT-X-1' defined
 ... done.


no metric specified. plan length assumed.

checking for cyclic := effects --- OK.

ff: search configuration is EHC, if that fails then  best-first on 1*g(s) + 5*h(s) where
    metric is  plan length

Cueing down from goal distance:   12 into depth [1]
                                  11            [1]
                                  10            [1]
                                   9            [1]
                                   8            [1]
                                   7            [1]
                                   6            [1]
                                   5            [1]
                                   4            [1]
                                   3            [1]
                                   2            [1]
                                   1            [1]
                                   0            

ff: found legal plan as follows

step    0: TURN_TO SATELLITE1 GROUNDSTATION57 GROUNDSTATION33
        1: SWITCH_ON INSTRUMENT2 SATELLITE1
        2: TURN_TO SATELLITE2 GROUNDSTATION73 GROUNDSTATION5
        3: CALIBRATE SATELLITE1 INSTRUMENT2 GROUNDSTATION57
        4: TURN_TO SATELLITE1 STAR77 GROUNDSTATION57
        5: SWITCH_ON INSTRUMENT8 SATELLITE2
        6: CALIBRATE SATELLITE2 INSTRUMENT8 GROUNDSTATION73
        7: TURN_TO SATELLITE2 PLANET78 GROUNDSTATION73
        8: TURN_TO SATELLITE5 GROUNDSTATION31 GROUNDSTATION9
        9: TURN_TO SATELLITE7 GROUNDSTATION64 STAR2
       10: TAKE_IMAGE SATELLITE1 STAR77 INSTRUMENT2 INFRARED1
       11: TAKE_IMAGE SATELLITE2 PLANET78 INSTRUMENT8 IMAGE2
     

time spent:    0.00 seconds instantiating 71430 easy, 0 hard action templates
               0.00 seconds reachability analysis, yielding 1295 facts and 71430 actions
               0.02 seconds creating final representation with 1295 relevant facts, 0 relevant fluents
               0.08 seconds computing LNF
               0.04 seconds building connectivity graph
               0.03 seconds searching, evaluating 14 states, to a max depth of 1
               0.17 seconds total time

