
ff: parsing domain file
domain 'SATELLITE' defined
 ... done.
ff: parsing problem file
problem 'STRIPS-SAT-X-1' defined
 ... done.


no metric specified. plan length assumed.

checking for cyclic := effects --- OK.

ff: search configuration is EHC, if that fails then  best-first on 1*g(s) + 5*h(s) where
    metric is  plan length

Cueing down from goal distance:   11 into depth [1]
                                   8            [1]
                                   7            [1]
                                   6            [1][2]
                                   5            [1]
                                   4            [1]
                                   3            [1]
                                   2            [1]
                                   1            [1]
                                   0            

ff: found legal plan as follows

step    0: SWITCH_ON INSTRUMENT19 SATELLITE2
        1: TURN_TO SATELLITE0 STAR73 GROUNDSTATION65
        2: TURN_TO SATELLITE3 GROUNDSTATION7 STAR37
        3: TURN_TO SATELLITE2 STAR21 PHENOMENON77
        4: CALIBRATE SATELLITE2 INSTRUMENT19 STAR21
        5: TURN_TO SATELLITE2 PHENOMENON77 STAR21
        6: TAKE_IMAGE SATELLITE2 PHENOMENON77 INSTRUMENT19 INFRARED4
        7: TURN_TO SATELLITE2 STAR78 PHENOMENON77
        8: TAKE_IMAGE SATELLITE2 STAR78 INSTRUMENT19 INFRARED1
        9: TURN_TO SATELLITE2 GROUNDSTATION6 STAR78
     

time spent:    0.00 seconds instantiating 74626 easy, 0 hard action templates
               0.00 seconds reachability analysis, yielding 1331 facts and 74626 actions
               0.02 seconds creating final representation with 1331 relevant facts, 0 relevant fluents
               0.09 seconds computing LNF
               0.03 seconds building connectivity graph
               0.08 seconds searching, evaluating 22 states, to a max depth of 2
               0.22 seconds total time

