
ff: parsing domain file
domain 'SATELLITE' defined
 ... done.
ff: parsing problem file
problem 'STRIPS-SAT-X-1' defined
 ... done.


no metric specified. plan length assumed.

checking for cyclic := effects --- OK.

ff: search configuration is EHC, if that fails then  best-first on 1*g(s) + 5*h(s) where
    metric is  plan length

Cueing down from goal distance:   11 into depth [1]
                                  10            [1]
                                   6            [1]
                                   5            [1]
                                   4            [1]
                                   3            [1]
                                   2            [1]
                                   1            [1]
                                   0            

ff: found legal plan as follows

step    0: TURN_TO SATELLITE0 GROUNDSTATION11 STAR23
        1: SWITCH_ON INSTRUMENT1 SATELLITE0
        2: CALIBRATE SATELLITE0 INSTRUMENT1 GROUNDSTATION11
        3: TURN_TO SATELLITE0 STAR77 GROUNDSTATION11
        4: TURN_TO SATELLITE1 GROUNDSTATION13 GROUNDSTATION4
        5: TAKE_IMAGE SATELLITE0 STAR77 INSTRUMENT1 SPECTROGRAPH4
        6: TURN_TO SATELLITE0 PLANET78 STAR77
        7: TAKE_IMAGE SATELLITE0 PLANET78 INSTRUMENT1 THERMOGRAPH0
     

time spent:    0.00 seconds instantiating 71857 easy, 0 hard action templates
               0.00 seconds reachability analysis, yielding 1301 facts and 71857 actions
               0.01 seconds creating final representation with 1301 relevant facts, 0 relevant fluents
               0.09 seconds computing LNF
               0.04 seconds building connectivity graph
               0.03 seconds searching, evaluating 13 states, to a max depth of 1
               0.17 seconds total time

