
ff: parsing domain file
domain 'SATELLITE' defined
 ... done.
ff: parsing problem file
problem 'STRIPS-SAT-X-1' defined
 ... done.


no metric specified. plan length assumed.

checking for cyclic := effects --- OK.

ff: search configuration is EHC, if that fails then  best-first on 1*g(s) + 5*h(s) where
    metric is  plan length

Cueing down from goal distance:   12 into depth [1]
                                  11            [1]
                                  10            [1]
                                   9            [1]
                                   8            [1]
                                   7            [1]
                                   6            [1]
                                   5            [1]
                                   4            [1]
                                   3            [1]
                                   2            [1]
                                   1            [1]
                                   0            

ff: found legal plan as follows

step    0: TURN_TO SATELLITE0 STAR36 STAR23
        1: SWITCH_ON INSTRUMENT1 SATELLITE0
        2: CALIBRATE SATELLITE0 INSTRUMENT1 STAR36
        3: TURN_TO SATELLITE0 PHENOMENON52 STAR36
        4: TURN_TO SATELLITE1 GROUNDSTATION39 GROUNDSTATION44
        5: TURN_TO SATELLITE4 GROUNDSTATION22 GROUNDSTATION17
        6: TURN_TO SATELLITE5 STAR41 STAR5
        7: TURN_TO SATELLITE9 STAR10 GROUNDSTATION44
        8: TAKE_IMAGE SATELLITE0 PHENOMENON52 INSTRUMENT1 THERMOGRAPH2
        9: TURN_TO SATELLITE0 PLANET53 PHENOMENON52
       10: TAKE_IMAGE SATELLITE0 PLANET53 INSTRUMENT1 THERMOGRAPH2
       11: TURN_TO SATELLITE0 GROUNDSTATION31 PLANET53
     

time spent:    0.00 seconds instantiating 36706 easy, 0 hard action templates
               0.00 seconds reachability analysis, yielding 940 facts and 36706 actions
               0.00 seconds creating final representation with 940 relevant facts, 0 relevant fluents
               0.05 seconds computing LNF
               0.02 seconds building connectivity graph
               0.03 seconds searching, evaluating 26 states, to a max depth of 1
               0.10 seconds total time

