
ff: parsing domain file
domain 'SATELLITE' defined
 ... done.
ff: parsing problem file
problem 'STRIPS-SAT-X-1' defined
 ... done.


no metric specified. plan length assumed.

checking for cyclic := effects --- OK.

ff: search configuration is EHC, if that fails then  best-first on 1*g(s) + 5*h(s) where
    metric is  plan length

Cueing down from goal distance:   14 into depth [1]
                                  13            [1]
                                  12            [1]
                                  11            [1]
                                  10            [1]
                                   9            [1]
                                   8            [1]
                                   7            [1]
                                   6            [1]
                                   5            [1]
                                   4            [1]
                                   3            [1]
                                   2            [1]
                                   1            [1]
                                   0            

ff: found legal plan as follows

step    0: SWITCH_ON INSTRUMENT1 SATELLITE0
        1: TURN_TO SATELLITE1 GROUNDSTATION37 STAR22
        2: CALIBRATE SATELLITE0 INSTRUMENT1 GROUNDSTATION38
        3: TURN_TO SATELLITE0 PLANET52 GROUNDSTATION38
        4: SWITCH_ON INSTRUMENT5 SATELLITE1
        5: CALIBRATE SATELLITE1 INSTRUMENT5 GROUNDSTATION37
        6: TURN_TO SATELLITE1 STAR53 GROUNDSTATION37
        7: TURN_TO SATELLITE3 STAR21 GROUNDSTATION0
        8: TURN_TO SATELLITE5 GROUNDSTATION36 GROUNDSTATION34
        9: TURN_TO SATELLITE7 GROUNDSTATION48 STAR14
       10: TURN_TO SATELLITE8 STAR9 GROUNDSTATION31
       11: TURN_TO SATELLITE9 GROUNDSTATION42 GROUNDSTATION49
       12: TAKE_IMAGE SATELLITE0 PLANET52 INSTRUMENT1 INFRARED3
       13: TAKE_IMAGE SATELLITE1 STAR53 INSTRUMENT5 INFRARED2
     

time spent:    0.00 seconds instantiating 36592 easy, 0 hard action templates
               0.00 seconds reachability analysis, yielding 942 facts and 36592 actions
               0.00 seconds creating final representation with 942 relevant facts, 0 relevant fluents
               0.05 seconds computing LNF
               0.01 seconds building connectivity graph
               0.02 seconds searching, evaluating 16 states, to a max depth of 1
               0.08 seconds total time

