
ff: parsing domain file
domain 'SATELLITE' defined
 ... done.
ff: parsing problem file
problem 'STRIPS-SAT-X-1' defined
 ... done.


no metric specified. plan length assumed.

checking for cyclic := effects --- OK.

ff: search configuration is EHC, if that fails then  best-first on 1*g(s) + 5*h(s) where
    metric is  plan length

Cueing down from goal distance:    8 into depth [1]
                                   7            [1]
                                   6            [1]
                                   5            [1]
                                   4            [1]
                                   3            [1]
                                   2            [1]
                                   1            [1]
                                   0            

ff: found legal plan as follows

step    0: TURN_TO SATELLITE0 GROUNDSTATION41 GROUNDSTATION11
        1: SWITCH_ON INSTRUMENT0 SATELLITE0
        2: CALIBRATE SATELLITE0 INSTRUMENT0 GROUNDSTATION41
        3: TURN_TO SATELLITE0 PLANET52 GROUNDSTATION41
        4: TURN_TO SATELLITE1 GROUNDSTATION25 STAR14
        5: TURN_TO SATELLITE3 GROUNDSTATION2 STAR5
        6: TURN_TO SATELLITE4 GROUNDSTATION49 GROUNDSTATION9
        7: TAKE_IMAGE SATELLITE0 PLANET52 INSTRUMENT0 IMAGE2
     

time spent:    0.00 seconds instantiating 35638 easy, 0 hard action templates
               0.00 seconds reachability analysis, yielding 936 facts and 35638 actions
               0.00 seconds creating final representation with 936 relevant facts, 0 relevant fluents
               0.05 seconds computing LNF
               0.00 seconds building connectivity graph
               0.01 seconds searching, evaluating 9 states, to a max depth of 1
               0.06 seconds total time

