
ff: parsing domain file
domain 'SATELLITE' defined
 ... done.
ff: parsing problem file
problem 'STRIPS-SAT-X-1' defined
 ... done.


no metric specified. plan length assumed.

checking for cyclic := effects --- OK.

ff: search configuration is EHC, if that fails then  best-first on 1*g(s) + 5*h(s) where
    metric is  plan length

Cueing down from goal distance:    7 into depth [1]
                                   6            [1]
                                   5            [1]
                                   4            [1]
                                   3            [1][2]
                                   2            [1]
                                   1            [1]
                                   0            

ff: found legal plan as follows

step    0: SWITCH_ON INSTRUMENT25 SATELLITE3
        1: TURN_TO SATELLITE4 STAR2 PHENOMENON7
        2: TURN_TO SATELLITE6 STAR0 PHENOMENON7
        3: TURN_TO SATELLITE8 GROUNDSTATION1 GROUNDSTATION4
        4: TURN_TO SATELLITE3 STAR2 PLANET6
        5: CALIBRATE SATELLITE3 INSTRUMENT25 STAR2
        6: TURN_TO SATELLITE3 PLANET6 STAR2
        7: TAKE_IMAGE SATELLITE3 PLANET6 INSTRUMENT25 THERMOGRAPH4
     

time spent:    0.00 seconds instantiating 1888 easy, 0 hard action templates
               0.00 seconds reachability analysis, yielding 262 facts and 1888 actions
               0.00 seconds creating final representation with 262 relevant facts, 0 relevant fluents
               0.00 seconds computing LNF
               0.00 seconds building connectivity graph
               0.00 seconds searching, evaluating 13 states, to a max depth of 2
               0.00 seconds total time

