
ff: parsing domain file
domain 'SATELLITE' defined
 ... done.
ff: parsing problem file
problem 'STRIPS-SAT-X-1' defined
 ... done.


no metric specified. plan length assumed.

checking for cyclic := effects --- OK.

ff: search configuration is EHC, if that fails then  best-first on 1*g(s) + 5*h(s) where
    metric is  plan length

Cueing down from goal distance:   13 into depth [1]
                                  12            [1]
                                  11            [1]
                                  10            [1]
                                   9            [1]
                                   8            [1]
                                   7            [1]
                                   6            [1]
                                   5            [1]
                                   4            [1]
                                   3            [1][2]
                                   2            [1]
                                   1            [1]
                                   0            

ff: found legal plan as follows

step    0: SWITCH_ON INSTRUMENT0 SATELLITE0
        1: CALIBRATE SATELLITE0 INSTRUMENT0 GROUNDSTATION1
        2: TURN_TO SATELLITE0 STAR6 GROUNDSTATION1
        3: SWITCH_ON INSTRUMENT19 SATELLITE3
        4: TURN_TO SATELLITE1 STAR6 STAR0
        5: TURN_TO SATELLITE6 STAR3 STAR0
        6: TURN_TO SATELLITE8 STAR6 STAR4
        7: TURN_TO SATELLITE9 STAR5 STAR2
        8: TAKE_IMAGE SATELLITE0 STAR6 INSTRUMENT0 INFRARED1
        9: TURN_TO SATELLITE0 STAR3 STAR6
       10: TURN_TO SATELLITE3 STAR0 PLANET7
       11: CALIBRATE SATELLITE3 INSTRUMENT19 STAR0
       12: TURN_TO SATELLITE3 PLANET7 STAR0
       13: TAKE_IMAGE SATELLITE3 PLANET7 INSTRUMENT19 THERMOGRAPH4
     

time spent:    0.00 seconds instantiating 1506 easy, 0 hard action templates
               0.00 seconds reachability analysis, yielding 216 facts and 1506 actions
               0.00 seconds creating final representation with 216 relevant facts, 0 relevant fluents
               0.00 seconds computing LNF
               0.00 seconds building connectivity graph
               0.00 seconds searching, evaluating 30 states, to a max depth of 2
               0.00 seconds total time

