
ff: parsing domain file
domain 'SATELLITE' defined
 ... done.
ff: parsing problem file
problem 'STRIPS-SAT-X-1' defined
 ... done.


no metric specified. plan length assumed.

checking for cyclic := effects --- OK.

ff: search configuration is EHC, if that fails then  best-first on 1*g(s) + 5*h(s) where
    metric is  plan length

Cueing down from goal distance:   12 into depth [1]
                                  11            [1]
                                   9            [1]
                                   8            [1]
                                   7            [1]
                                   6            [1]
                                   5            [1]
                                   4            [1]
                                   3            [1]
                                   2            [1]
                                   1            [1]
                                   0            

ff: found legal plan as follows

step    0: TURN_TO SATELLITE0 GROUNDSTATION2 STAR0
        1: SWITCH_ON INSTRUMENT2 SATELLITE0
        2: CALIBRATE SATELLITE0 INSTRUMENT2 GROUNDSTATION2
        3: TURN_TO SATELLITE0 PLANET6 GROUNDSTATION2
        4: TURN_TO SATELLITE2 STAR3 PLANET7
        5: TURN_TO SATELLITE7 PLANET6 PLANET7
        6: TURN_TO SATELLITE8 PLANET6 GROUNDSTATION1
        7: TURN_TO SATELLITE9 PLANET7 STAR5
        8: TAKE_IMAGE SATELLITE0 PLANET6 INSTRUMENT2 SPECTROGRAPH1
        9: TURN_TO SATELLITE0 PLANET7 PLANET6
       10: TAKE_IMAGE SATELLITE0 PLANET7 INSTRUMENT2 SPECTROGRAPH1
     

time spent:    0.00 seconds instantiating 1290 easy, 0 hard action templates
               0.00 seconds reachability analysis, yielding 202 facts and 1290 actions
               0.00 seconds creating final representation with 202 relevant facts, 0 relevant fluents
               0.00 seconds computing LNF
               0.00 seconds building connectivity graph
               0.00 seconds searching, evaluating 18 states, to a max depth of 1
               0.00 seconds total time

