
ff: parsing domain file
domain 'SATELLITE' defined
 ... done.
ff: parsing problem file
problem 'STRIPS-SAT-X-1' defined
 ... done.


no metric specified. plan length assumed.

checking for cyclic := effects --- OK.

ff: search configuration is EHC, if that fails then  best-first on 1*g(s) + 5*h(s) where
    metric is  plan length

Cueing down from goal distance:    9 into depth [1]
                                   8            [1]
                                   7            [1]
                                   6            [1]
                                   5            [1]
                                   4            [1]
                                   3            [1]
                                   2            [1]
                                   1            [1]
                                   0            

ff: found legal plan as follows

step    0: TURN_TO SATELLITE0 STAR57 GROUNDSTATION111
        1: SWITCH_ON INSTRUMENT1 SATELLITE0
        2: CALIBRATE SATELLITE0 INSTRUMENT1 STAR57
        3: TURN_TO SATELLITE0 PHENOMENON139 STAR57
        4: TURN_TO SATELLITE6 GROUNDSTATION58 STAR23
        5: TURN_TO SATELLITE7 GROUNDSTATION12 STAR64
        6: TAKE_IMAGE SATELLITE0 PHENOMENON139 INSTRUMENT1 THERMOGRAPH0
        7: TURN_TO SATELLITE0 PHENOMENON140 PHENOMENON139
        8: TAKE_IMAGE SATELLITE0 PHENOMENON140 INSTRUMENT1 THERMOGRAPH0
     

time spent:    0.00 seconds instantiating 215808 easy, 0 hard action templates
               0.02 seconds reachability analysis, yielding 2235 facts and 215808 actions
               0.04 seconds creating final representation with 2235 relevant facts, 0 relevant fluents
               0.27 seconds computing LNF
               0.10 seconds building connectivity graph
               0.21 seconds searching, evaluating 15 states, to a max depth of 1
               0.64 seconds total time

