
ff: parsing domain file
domain 'SATELLITE' defined
 ... done.
ff: parsing problem file
problem 'STRIPS-SAT-X-1' defined
 ... done.


no metric specified. plan length assumed.

checking for cyclic := effects --- OK.

ff: search configuration is EHC, if that fails then  best-first on 1*g(s) + 5*h(s) where
    metric is  plan length

Cueing down from goal distance:   16 into depth [1]
                                  15            [1]
                                  14            [1]
                                  13            [1]
                                  12            [1]
                                  11            [1]
                                  10            [1]
                                   9            [1]
                                   8            [1]
                                   7            [1]
                                   6            [1]
                                   5            [1]
                                   4            [1]
                                   3            [1]
                                   2            [1]
                                   1            [1]
                                   0            

ff: found legal plan as follows

step    0: TURN_TO SATELLITE0 STAR69 STAR15
        1: SWITCH_ON INSTRUMENT0 SATELLITE0
        2: TURN_TO SATELLITE1 STAR33 GROUNDSTATION102
        3: CALIBRATE SATELLITE0 INSTRUMENT0 STAR69
        4: TURN_TO SATELLITE0 PHENOMENON139 STAR69
        5: SWITCH_ON INSTRUMENT10 SATELLITE1
        6: CALIBRATE SATELLITE1 INSTRUMENT10 STAR33
        7: TURN_TO SATELLITE1 PHENOMENON140 STAR33
        8: TURN_TO SATELLITE4 STAR118 STAR73
        9: TURN_TO SATELLITE5 STAR3 GROUNDSTATION26
       10: TURN_TO SATELLITE6 GROUNDSTATION91 STAR61
       11: TURN_TO SATELLITE7 GROUNDSTATION4 GROUNDSTATION52
       12: TURN_TO SATELLITE8 STAR3 GROUNDSTATION92
       13: TURN_TO SATELLITE9 GROUNDSTATION11 GROUNDSTATION47
       14: TAKE_IMAGE SATELLITE0 PHENOMENON139 INSTRUMENT0 THERMOGRAPH2
       15: TAKE_IMAGE SATELLITE1 PHENOMENON140 INSTRUMENT10 INFRARED0
     

time spent:    0.00 seconds instantiating 212546 easy, 0 hard action templates
               0.03 seconds reachability analysis, yielding 2215 facts and 212546 actions
               0.02 seconds creating final representation with 2215 relevant facts, 0 relevant fluents
               0.24 seconds computing LNF
               0.09 seconds building connectivity graph
               0.14 seconds searching, evaluating 18 states, to a max depth of 1
               0.52 seconds total time

