
ff: parsing domain file
domain 'SATELLITE' defined
 ... done.
ff: parsing problem file
problem 'STRIPS-SAT-X-1' defined
 ... done.


no metric specified. plan length assumed.

checking for cyclic := effects --- OK.

ff: search configuration is EHC, if that fails then  best-first on 1*g(s) + 5*h(s) where
    metric is  plan length

Cueing down from goal distance:   12 into depth [1]
                                  11            [1]
                                  10            [1]
                                   9            [1]
                                   8            [1]
                                   7            [1]
                                   6            [1]
                                   5            [1]
                                   4            [1]
                                   3            [1]
                                   2            [1]
                                   1            [1]
                                   0            

ff: found legal plan as follows

step    0: TURN_TO SATELLITE0 GROUNDSTATION95 STAR88
        1: SWITCH_ON INSTRUMENT3 SATELLITE0
        2: CALIBRATE SATELLITE0 INSTRUMENT3 GROUNDSTATION95
        3: TURN_TO SATELLITE0 PLANET139 GROUNDSTATION95
        4: TURN_TO SATELLITE1 STAR75 STAR115
        5: TURN_TO SATELLITE5 GROUNDSTATION15 STAR76
        6: TURN_TO SATELLITE7 STAR109 GROUNDSTATION137
        7: TURN_TO SATELLITE9 GROUNDSTATION45 STAR126
        8: TAKE_IMAGE SATELLITE0 PLANET139 INSTRUMENT3 SPECTROGRAPH0
        9: TURN_TO SATELLITE0 PHENOMENON140 PLANET139
       10: TAKE_IMAGE SATELLITE0 PHENOMENON140 INSTRUMENT3 SPECTROGRAPH0
       11: TURN_TO SATELLITE0 GROUNDSTATION97 PHENOMENON140
     

time spent:    0.00 seconds instantiating 217215 easy, 0 hard action templates
               0.03 seconds reachability analysis, yielding 2235 facts and 217215 actions
               0.03 seconds creating final representation with 2235 relevant facts, 0 relevant fluents
               0.25 seconds computing LNF
               0.08 seconds building connectivity graph
               0.37 seconds searching, evaluating 26 states, to a max depth of 1
               0.76 seconds total time

