
ff: parsing domain file
domain 'SATELLITE' defined
 ... done.
ff: parsing problem file
problem 'STRIPS-SAT-X-1' defined
 ... done.


no metric specified. plan length assumed.

checking for cyclic := effects --- OK.

ff: search configuration is EHC, if that fails then  best-first on 1*g(s) + 5*h(s) where
    metric is  plan length

Cueing down from goal distance:   13 into depth [1]
                                  12            [1]
                                   8            [1]
                                   7            [1]
                                   6            [1]
                                   5            [1]
                                   4            [1]
                                   3            [1]
                                   2            [1]
                                   1            [1]
                                   0            

ff: found legal plan as follows

step    0: TURN_TO SATELLITE0 STAR46 GROUNDSTATION98
        1: SWITCH_ON INSTRUMENT2 SATELLITE0
        2: CALIBRATE SATELLITE0 INSTRUMENT2 STAR46
        3: TURN_TO SATELLITE0 STAR139 STAR46
        4: TURN_TO SATELLITE5 GROUNDSTATION20 STAR99
        5: TURN_TO SATELLITE8 STAR22 STAR64
        6: TAKE_IMAGE SATELLITE0 STAR139 INSTRUMENT2 SPECTROGRAPH2
        7: TURN_TO SATELLITE0 STAR140 STAR139
        8: TAKE_IMAGE SATELLITE0 STAR140 INSTRUMENT2 SPECTROGRAPH1
        9: TURN_TO SATELLITE0 STAR53 STAR140
     

time spent:    0.00 seconds instantiating 218737 easy, 0 hard action templates
               0.03 seconds reachability analysis, yielding 2249 facts and 218737 actions
               0.03 seconds creating final representation with 2249 relevant facts, 0 relevant fluents
               0.25 seconds computing LNF
               0.08 seconds building connectivity graph
               0.27 seconds searching, evaluating 20 states, to a max depth of 1
               0.66 seconds total time

