
ff: parsing domain file
domain 'SATELLITE' defined
 ... done.
ff: parsing problem file
problem 'STRIPS-SAT-X-1' defined
 ... done.


no metric specified. plan length assumed.

checking for cyclic := effects --- OK.

ff: search configuration is EHC, if that fails then  best-first on 1*g(s) + 5*h(s) where
    metric is  plan length

Cueing down from goal distance:   16 into depth [1]
                                  15            [1]
                                  14            [1]
                                  13            [1]
                                  12            [1]
                                  11            [1]
                                  10            [1]
                                   9            [1]
                                   8            [1]
                                   7            [1]
                                   6            [1]
                                   5            [1]
                                   4            [1]
                                   3            [1]
                                   2            [1]
                                   1            [1]
                                   0            

ff: found legal plan as follows

step    0: TURN_TO SATELLITE0 GROUNDSTATION106 GROUNDSTATION13
        1: SWITCH_ON INSTRUMENT3 SATELLITE0
        2: TURN_TO SATELLITE1 GROUNDSTATION82 STAR119
        3: CALIBRATE SATELLITE0 INSTRUMENT3 GROUNDSTATION106
        4: TURN_TO SATELLITE0 STAR139 GROUNDSTATION106
        5: SWITCH_ON INSTRUMENT9 SATELLITE1
        6: CALIBRATE SATELLITE1 INSTRUMENT9 GROUNDSTATION82
        7: TURN_TO SATELLITE1 STAR140 GROUNDSTATION82
        8: TURN_TO SATELLITE4 GROUNDSTATION34 GROUNDSTATION115
        9: TURN_TO SATELLITE5 GROUNDSTATION46 GROUNDSTATION99
       10: TURN_TO SATELLITE6 GROUNDSTATION36 STAR44
       11: TURN_TO SATELLITE8 GROUNDSTATION69 STAR53
       12: TURN_TO SATELLITE9 STAR117 GROUNDSTATION114
       13: TAKE_IMAGE SATELLITE0 STAR139 INSTRUMENT3 INFRARED3
       14: TAKE_IMAGE SATELLITE1 STAR140 INSTRUMENT9 IMAGE1
       15: TURN_TO SATELLITE1 STAR38 STAR140
     

time spent:    0.01 seconds instantiating 217954 easy, 0 hard action templates
               0.02 seconds reachability analysis, yielding 2245 facts and 217954 actions
               0.02 seconds creating final representation with 2245 relevant facts, 0 relevant fluents
               0.25 seconds computing LNF
               0.09 seconds building connectivity graph
               0.27 seconds searching, evaluating 25 states, to a max depth of 1
               0.66 seconds total time

