
ff: parsing domain file
domain 'SATELLITE' defined
 ... done.
ff: parsing problem file
problem 'STRIPS-SAT-X-1' defined
 ... done.


no metric specified. plan length assumed.

checking for cyclic := effects --- OK.

ff: search configuration is EHC, if that fails then  best-first on 1*g(s) + 5*h(s) where
    metric is  plan length

Cueing down from goal distance:    7 into depth [1]
                                   6            [1]
                                   5            [1]
                                   4            [1]
                                   3            [1]
                                   2            [1]
                                   1            [1]
                                   0            

ff: found legal plan as follows

step    0: TURN_TO SATELLITE0 GROUNDSTATION48 STAR111
        1: SWITCH_ON INSTRUMENT1 SATELLITE0
        2: CALIBRATE SATELLITE0 INSTRUMENT1 GROUNDSTATION48
        3: TURN_TO SATELLITE0 STAR168 GROUNDSTATION48
        4: TURN_TO SATELLITE1 STAR21 GROUNDSTATION118
        5: TURN_TO SATELLITE4 GROUNDSTATION167 GROUNDSTATION77
        6: TAKE_IMAGE SATELLITE0 STAR168 INSTRUMENT1 SPECTROGRAPH3
     

time spent:    0.01 seconds instantiating 311010 easy, 0 hard action templates
               0.03 seconds reachability analysis, yielding 2676 facts and 311010 actions
               0.04 seconds creating final representation with 2676 relevant facts, 0 relevant fluents
               0.36 seconds computing LNF
               0.13 seconds building connectivity graph
               0.14 seconds searching, evaluating 8 states, to a max depth of 1
               0.71 seconds total time

