
ff: parsing domain file
domain 'SATELLITE' defined
 ... done.
ff: parsing problem file
problem 'STRIPS-SAT-X-1' defined
 ... done.


no metric specified. plan length assumed.

checking for cyclic := effects --- OK.

ff: search configuration is EHC, if that fails then  best-first on 1*g(s) + 5*h(s) where
    metric is  plan length

Cueing down from goal distance:   13 into depth [1]
                                  12            [1]
                                  11            [1]
                                  10            [1]
                                   9            [1]
                                   8            [1]
                                   7            [1]
                                   6            [1]
                                   5            [1]
                                   4            [1][2]
                                   3            [1]
                                   2            [1]
                                   1            [1]
                                   0            

ff: found legal plan as follows

step    0: SWITCH_ON INSTRUMENT23 SATELLITE4
        1: SWITCH_ON INSTRUMENT7 SATELLITE0
        2: CALIBRATE SATELLITE0 INSTRUMENT7 STAR41
        3: TURN_TO SATELLITE0 PHENOMENON169 STAR41
        4: TURN_TO SATELLITE3 GROUNDSTATION7 STAR129
        5: TURN_TO SATELLITE6 STAR106 STAR117
        6: TURN_TO SATELLITE7 GROUNDSTATION66 STAR99
        7: TURN_TO SATELLITE8 GROUNDSTATION118 STAR84
        8: TAKE_IMAGE SATELLITE0 PHENOMENON169 INSTRUMENT7 THERMOGRAPH0
        9: TURN_TO SATELLITE4 GROUNDSTATION45 PLANET168
       10: CALIBRATE SATELLITE4 INSTRUMENT23 GROUNDSTATION45
       11: TURN_TO SATELLITE4 PLANET168 GROUNDSTATION45
       12: TAKE_IMAGE SATELLITE4 PLANET168 INSTRUMENT23 IMAGE3
       13: TURN_TO SATELLITE4 STAR125 PLANET168
     

time spent:    0.01 seconds instantiating 310791 easy, 0 hard action templates
               0.03 seconds reachability analysis, yielding 2674 facts and 310791 actions
               0.04 seconds creating final representation with 2674 relevant facts, 0 relevant fluents
               0.35 seconds computing LNF
               0.12 seconds building connectivity graph
               0.76 seconds searching, evaluating 30 states, to a max depth of 2
               1.31 seconds total time

