
ff: parsing domain file
domain 'SATELLITE' defined
 ... done.
ff: parsing problem file
problem 'STRIPS-SAT-X-1' defined
 ... done.


no metric specified. plan length assumed.

checking for cyclic := effects --- OK.

ff: search configuration is EHC, if that fails then  best-first on 1*g(s) + 5*h(s) where
    metric is  plan length

Cueing down from goal distance:    9 into depth [1]
                                   8            [1]
                                   7            [1]
                                   6            [1]
                                   5            [1]
                                   4            [1]
                                   3            [1]
                                   2            [1]
                                   1            [1]
                                   0            

ff: found legal plan as follows

step    0: TURN_TO SATELLITE0 STAR14 STAR136
        1: SWITCH_ON INSTRUMENT1 SATELLITE0
        2: CALIBRATE SATELLITE0 INSTRUMENT1 STAR14
        3: TURN_TO SATELLITE0 STAR168 STAR14
        4: TURN_TO SATELLITE2 STAR25 GROUNDSTATION133
        5: TURN_TO SATELLITE5 GROUNDSTATION89 GROUNDSTATION119
        6: TURN_TO SATELLITE6 STAR9 STAR35
        7: TAKE_IMAGE SATELLITE0 STAR168 INSTRUMENT1 IMAGE3
        8: TURN_TO SATELLITE0 GROUNDSTATION96 STAR168
     

time spent:    0.01 seconds instantiating 304561 easy, 0 hard action templates
               0.03 seconds reachability analysis, yielding 2646 facts and 304561 actions
               0.05 seconds creating final representation with 2646 relevant facts, 0 relevant fluents
               0.38 seconds computing LNF
               0.14 seconds building connectivity graph
               0.20 seconds searching, evaluating 14 states, to a max depth of 1
               0.81 seconds total time

