
ff: parsing domain file
domain 'SATELLITE' defined
 ... done.
ff: parsing problem file
problem 'STRIPS-SAT-X-1' defined
 ... done.


no metric specified. plan length assumed.

checking for cyclic := effects --- OK.

ff: search configuration is EHC, if that fails then  best-first on 1*g(s) + 5*h(s) where
    metric is  plan length

Cueing down from goal distance:   13 into depth [1]
                                  12            [1]
                                  11            [1]
                                  10            [1]
                                   9            [1]
                                   8            [1]
                                   7            [1]
                                   6            [1]
                                   5            [1]
                                   4            [1]
                                   3            [1]
                                   2            [1]
                                   1            [1]
                                   0            

ff: found legal plan as follows

step    0: TURN_TO SATELLITE0 STAR170 STAR124
        1: TURN_TO SATELLITE1 GROUNDSTATION82 GROUNDSTATION161
        2: SWITCH_ON INSTRUMENT1 SATELLITE0
        3: CALIBRATE SATELLITE0 INSTRUMENT1 STAR170
        4: TURN_TO SATELLITE0 PLANET182 STAR170
        5: SWITCH_ON INSTRUMENT5 SATELLITE1
        6: CALIBRATE SATELLITE1 INSTRUMENT5 GROUNDSTATION82
        7: TURN_TO SATELLITE1 PHENOMENON183 GROUNDSTATION82
        8: TURN_TO SATELLITE4 STAR167 GROUNDSTATION159
        9: TURN_TO SATELLITE7 STAR27 GROUNDSTATION128
       10: TAKE_IMAGE SATELLITE0 PLANET182 INSTRUMENT1 IMAGE3
       11: TURN_TO SATELLITE0 GROUNDSTATION61 PLANET182
       12: TAKE_IMAGE SATELLITE1 PHENOMENON183 INSTRUMENT5 SPECTROGRAPH1
     

time spent:    0.01 seconds instantiating 354679 easy, 0 hard action templates
               0.03 seconds reachability analysis, yielding 2862 facts and 354679 actions
               0.05 seconds creating final representation with 2862 relevant facts, 0 relevant fluents
               0.42 seconds computing LNF
               0.14 seconds building connectivity graph
               0.30 seconds searching, evaluating 17 states, to a max depth of 1
               0.95 seconds total time

