
ff: parsing domain file
domain 'SATELLITE' defined
 ... done.
ff: parsing problem file
problem 'STRIPS-SAT-X-1' defined
 ... done.


no metric specified. plan length assumed.

checking for cyclic := effects --- OK.

ff: search configuration is EHC, if that fails then  best-first on 1*g(s) + 5*h(s) where
    metric is  plan length

Cueing down from goal distance:   12 into depth [1]
                                  11            [1]
                                  10            [1]
                                   9            [1]
                                   8            [1]
                                   7            [1]
                                   6            [1]
                                   5            [1]
                                   4            [1]
                                   3            [1]
                                   2            [1]
                                   1            [1]
                                   0            

ff: found legal plan as follows

step    0: TURN_TO SATELLITE0 STAR125 STAR89
        1: SWITCH_ON INSTRUMENT3 SATELLITE0
        2: TURN_TO SATELLITE1 GROUNDSTATION152 STAR17
        3: CALIBRATE SATELLITE0 INSTRUMENT3 STAR125
        4: TURN_TO SATELLITE0 STAR182 STAR125
        5: SWITCH_ON INSTRUMENT6 SATELLITE1
        6: CALIBRATE SATELLITE1 INSTRUMENT6 GROUNDSTATION152
        7: TURN_TO SATELLITE1 PLANET183 GROUNDSTATION152
        8: TURN_TO SATELLITE9 STAR116 GROUNDSTATION40
        9: TAKE_IMAGE SATELLITE0 STAR182 INSTRUMENT3 IMAGE0
       10: TURN_TO SATELLITE0 GROUNDSTATION9 STAR182
       11: TAKE_IMAGE SATELLITE1 PLANET183 INSTRUMENT6 THERMOGRAPH1
     

time spent:    0.01 seconds instantiating 362150 easy, 0 hard action templates
               0.03 seconds reachability analysis, yielding 2888 facts and 362150 actions
               0.07 seconds creating final representation with 2888 relevant facts, 0 relevant fluents
               0.43 seconds computing LNF
               0.14 seconds building connectivity graph
               0.32 seconds searching, evaluating 16 states, to a max depth of 1
               1.00 seconds total time

