
ff: parsing domain file
domain 'SATELLITE' defined
 ... done.
ff: parsing problem file
problem 'STRIPS-SAT-X-1' defined
 ... done.


no metric specified. plan length assumed.

checking for cyclic := effects --- OK.

ff: search configuration is EHC, if that fails then  best-first on 1*g(s) + 5*h(s) where
    metric is  plan length

Cueing down from goal distance:    6 into depth [1]
                                   5            [1]
                                   4            [1]
                                   3            [1]
                                   2            [1]
                                   1            [1]
                                   0            

ff: found legal plan as follows

step    0: SWITCH_ON INSTRUMENT3 SATELLITE1
        1: CALIBRATE SATELLITE1 INSTRUMENT3 GROUNDSTATION129
        2: TURN_TO SATELLITE1 PHENOMENON182 GROUNDSTATION129
        3: TURN_TO SATELLITE5 STAR31 STAR85
        4: TURN_TO SATELLITE6 STAR98 GROUNDSTATION87
        5: TAKE_IMAGE SATELLITE1 PHENOMENON182 INSTRUMENT3 THERMOGRAPH4
     

time spent:    0.00 seconds instantiating 363112 easy, 0 hard action templates
               0.04 seconds reachability analysis, yielding 2890 facts and 363112 actions
               0.06 seconds creating final representation with 2890 relevant facts, 0 relevant fluents
               0.46 seconds computing LNF
               0.14 seconds building connectivity graph
               0.09 seconds searching, evaluating 7 states, to a max depth of 1
               0.79 seconds total time

