
ff: parsing domain file
domain 'SATELLITE' defined
 ... done.
ff: parsing problem file
problem 'STRIPS-SAT-X-1' defined
 ... done.


no metric specified. plan length assumed.

checking for cyclic := effects --- OK.

ff: search configuration is EHC, if that fails then  best-first on 1*g(s) + 5*h(s) where
    metric is  plan length

Cueing down from goal distance:   13 into depth [1]
                                  12            [1]
                                  11            [1]
                                  10            [1]
                                   9            [1]
                                   8            [1]
                                   7            [1]
                                   6            [1]
                                   5            [1]
                                   4            [1]
                                   3            [1]
                                   2            [1]
                                   1            [1]
                                   0            

ff: found legal plan as follows

step    0: TURN_TO SATELLITE0 STAR162 STAR41
        1: SWITCH_ON INSTRUMENT1 SATELLITE0
        2: TURN_TO SATELLITE1 STAR15 GROUNDSTATION2
        3: CALIBRATE SATELLITE0 INSTRUMENT1 STAR162
        4: TURN_TO SATELLITE0 STAR182 STAR162
        5: SWITCH_ON INSTRUMENT2 SATELLITE1
        6: CALIBRATE SATELLITE1 INSTRUMENT2 STAR15
        7: TURN_TO SATELLITE1 PHENOMENON183 STAR15
        8: TURN_TO SATELLITE2 STAR179 STAR3
        9: TURN_TO SATELLITE5 STAR166 GROUNDSTATION56
       10: TAKE_IMAGE SATELLITE0 STAR182 INSTRUMENT1 INFRARED0
       11: TURN_TO SATELLITE0 STAR138 STAR182
       12: TAKE_IMAGE SATELLITE1 PHENOMENON183 INSTRUMENT2 INFRARED4
     

time spent:    0.01 seconds instantiating 363349 easy, 0 hard action templates
               0.03 seconds reachability analysis, yielding 2892 facts and 363349 actions
               0.06 seconds creating final representation with 2892 relevant facts, 0 relevant fluents
               0.43 seconds computing LNF
               0.14 seconds building connectivity graph
               0.34 seconds searching, evaluating 18 states, to a max depth of 1
               1.01 seconds total time

