
ff: parsing domain file
domain 'SATELLITE' defined
 ... done.
ff: parsing problem file
problem 'STRIPS-SAT-X-1' defined
 ... done.


no metric specified. plan length assumed.

checking for cyclic := effects --- OK.

ff: search configuration is EHC, if that fails then  best-first on 1*g(s) + 5*h(s) where
    metric is  plan length

Cueing down from goal distance:   12 into depth [1]
                                  11            [1]
                                  10            [1]
                                   9            [1]
                                   8            [1]
                                   7            [1]
                                   6            [1]
                                   5            [1]
                                   4            [1]
                                   3            [1]
                                   2            [1]
                                   1            [1]
                                   0            

ff: found legal plan as follows

step    0: TURN_TO SATELLITE0 STAR50 GROUNDSTATION30
        1: SWITCH_ON INSTRUMENT1 SATELLITE0
        2: TURN_TO SATELLITE1 GROUNDSTATION111 GROUNDSTATION129
        3: CALIBRATE SATELLITE0 INSTRUMENT1 STAR50
        4: TURN_TO SATELLITE0 STAR131 STAR50
        5: SWITCH_ON INSTRUMENT13 SATELLITE1
        6: CALIBRATE SATELLITE1 INSTRUMENT13 GROUNDSTATION111
        7: TURN_TO SATELLITE1 PHENOMENON132 GROUNDSTATION111
        8: TURN_TO SATELLITE4 GROUNDSTATION111 GROUNDSTATION24
        9: TURN_TO SATELLITE7 PHENOMENON132 GROUNDSTATION111
       10: TAKE_IMAGE SATELLITE0 STAR131 INSTRUMENT1 INFRARED0
       11: TAKE_IMAGE SATELLITE1 PHENOMENON132 INSTRUMENT13 THERMOGRAPH4
     

time spent:    0.00 seconds instantiating 197514 easy, 0 hard action templates
               0.02 seconds reachability analysis, yielding 2137 facts and 197514 actions
               0.04 seconds creating final representation with 2137 relevant facts, 0 relevant fluents
               0.24 seconds computing LNF
               0.09 seconds building connectivity graph
               0.18 seconds searching, evaluating 14 states, to a max depth of 1
               0.57 seconds total time

