
ff: parsing domain file
domain 'SATELLITE' defined
 ... done.
ff: parsing problem file
problem 'STRIPS-SAT-X-1' defined
 ... done.


no metric specified. plan length assumed.

checking for cyclic := effects --- OK.

ff: search configuration is EHC, if that fails then  best-first on 1*g(s) + 5*h(s) where
    metric is  plan length

Cueing down from goal distance:    7 into depth [1]
                                   6            [1]
                                   5            [1]
                                   4            [1]
                                   3            [1]
                                   2            [1]
                                   1            [1]
                                   0            

ff: found legal plan as follows

step    0: TURN_TO SATELLITE1 STAR51 PHENOMENON131
        1: SWITCH_ON INSTRUMENT3 SATELLITE1
        2: CALIBRATE SATELLITE1 INSTRUMENT3 STAR51
        3: TURN_TO SATELLITE1 PHENOMENON132 STAR51
        4: TURN_TO SATELLITE0 STAR30 GROUNDSTATION58
        5: TURN_TO SATELLITE7 STAR57 GROUNDSTATION128
        6: TAKE_IMAGE SATELLITE1 PHENOMENON132 INSTRUMENT3 THERMOGRAPH0
     

time spent:    0.01 seconds instantiating 191795 easy, 0 hard action templates
               0.01 seconds reachability analysis, yielding 2115 facts and 191795 actions
               0.04 seconds creating final representation with 2115 relevant facts, 0 relevant fluents
               0.21 seconds computing LNF
               0.08 seconds building connectivity graph
               0.05 seconds searching, evaluating 8 states, to a max depth of 1
               0.40 seconds total time

