
ff: parsing domain file
domain 'SATELLITE' defined
 ... done.
ff: parsing problem file
problem 'STRIPS-SAT-X-1' defined
 ... done.


no metric specified. plan length assumed.

checking for cyclic := effects --- OK.

ff: search configuration is EHC, if that fails then  best-first on 1*g(s) + 5*h(s) where
    metric is  plan length

Cueing down from goal distance:   12 into depth [1]
                                  11            [1]
                                  10            [1]
                                   9            [1]
                                   8            [1]
                                   7            [1]
                                   6            [1]
                                   5            [1]
                                   4            [1]
                                   3            [1]
                                   2            [1]
                                   1            [1]
                                   0            

ff: found legal plan as follows

step    0: TURN_TO SATELLITE0 STAR20 STAR98
        1: SWITCH_ON INSTRUMENT2 SATELLITE0
        2: CALIBRATE SATELLITE0 INSTRUMENT2 STAR20
        3: TURN_TO SATELLITE0 PLANET131 STAR20
        4: TURN_TO SATELLITE1 GROUNDSTATION127 STAR43
        5: TURN_TO SATELLITE4 GROUNDSTATION73 GROUNDSTATION6
        6: TURN_TO SATELLITE5 STAR30 GROUNDSTATION60
        7: TURN_TO SATELLITE6 STAR31 STAR72
        8: TURN_TO SATELLITE7 GROUNDSTATION101 STAR82
        9: TAKE_IMAGE SATELLITE0 PLANET131 INSTRUMENT2 INFRARED3
       10: TURN_TO SATELLITE0 PLANET132 PLANET131
       11: TAKE_IMAGE SATELLITE0 PLANET132 INSTRUMENT2 INFRARED3
     

time spent:    0.01 seconds instantiating 193825 easy, 0 hard action templates
               0.01 seconds reachability analysis, yielding 2117 facts and 193825 actions
               0.03 seconds creating final representation with 2117 relevant facts, 0 relevant fluents
               0.24 seconds computing LNF
               0.08 seconds building connectivity graph
               0.24 seconds searching, evaluating 21 states, to a max depth of 1
               0.61 seconds total time

