
ff: parsing domain file
domain 'SATELLITE' defined
 ... done.
ff: parsing problem file
problem 'STRIPS-SAT-X-1' defined
 ... done.


no metric specified. plan length assumed.

checking for cyclic := effects --- OK.

ff: search configuration is EHC, if that fails then  best-first on 1*g(s) + 5*h(s) where
    metric is  plan length

Cueing down from goal distance:    8 into depth [1]
                                   7            [1]
                                   6            [1]
                                   5            [1]
                                   4            [1]
                                   3            [1]
                                   2            [1]
                                   1            [1]
                                   0            

ff: found legal plan as follows

step    0: TURN_TO SATELLITE0 STAR3 STAR31
        1: SWITCH_ON INSTRUMENT0 SATELLITE0
        2: CALIBRATE SATELLITE0 INSTRUMENT0 STAR3
        3: TURN_TO SATELLITE0 PHENOMENON131 STAR3
        4: TURN_TO SATELLITE4 STAR111 GROUNDSTATION2
        5: TURN_TO SATELLITE9 GROUNDSTATION40 GROUNDSTATION43
        6: TAKE_IMAGE SATELLITE0 PHENOMENON131 INSTRUMENT0 INFRARED0
        7: TURN_TO SATELLITE0 GROUNDSTATION59 PHENOMENON131
     

time spent:    0.00 seconds instantiating 191361 easy, 0 hard action templates
               0.02 seconds reachability analysis, yielding 2115 facts and 191361 actions
               0.03 seconds creating final representation with 2115 relevant facts, 0 relevant fluents
               0.22 seconds computing LNF
               0.08 seconds building connectivity graph
               0.13 seconds searching, evaluating 12 states, to a max depth of 1
               0.48 seconds total time

