
ff: parsing domain file
domain 'SATELLITE' defined
 ... done.
ff: parsing problem file
problem 'STRIPS-SAT-X-1' defined
 ... done.


no metric specified. plan length assumed.

checking for cyclic := effects --- OK.

ff: search configuration is EHC, if that fails then  best-first on 1*g(s) + 5*h(s) where
    metric is  plan length

Cueing down from goal distance:   10 into depth [1]
                                   9            [1]
                                   8            [1]
                                   7            [1]
                                   6            [1]
                                   5            [1]
                                   4            [1]
                                   3            [1]
                                   2            [1]
                                   1            [1]
                                   0            

ff: found legal plan as follows

step    0: TURN_TO SATELLITE0 STAR11 STAR124
        1: SWITCH_ON INSTRUMENT0 SATELLITE0
        2: CALIBRATE SATELLITE0 INSTRUMENT0 STAR11
        3: TURN_TO SATELLITE0 PLANET131 STAR11
        4: TURN_TO SATELLITE1 GROUNDSTATION8 STAR55
        5: TURN_TO SATELLITE5 GROUNDSTATION96 STAR25
        6: TURN_TO SATELLITE9 STAR123 GROUNDSTATION95
        7: TAKE_IMAGE SATELLITE0 PLANET131 INSTRUMENT0 IMAGE3
        8: TURN_TO SATELLITE0 PHENOMENON132 PLANET131
        9: TAKE_IMAGE SATELLITE0 PHENOMENON132 INSTRUMENT0 THERMOGRAPH4
     

time spent:    0.00 seconds instantiating 193890 easy, 0 hard action templates
               0.02 seconds reachability analysis, yielding 2123 facts and 193890 actions
               0.04 seconds creating final representation with 2123 relevant facts, 0 relevant fluents
               0.25 seconds computing LNF
               0.09 seconds building connectivity graph
               0.18 seconds searching, evaluating 17 states, to a max depth of 1
               0.58 seconds total time

