
ff: parsing domain file
domain 'SATELLITE' defined
 ... done.
ff: parsing problem file
problem 'STRIPS-SAT-X-1' defined
 ... done.


no metric specified. plan length assumed.

checking for cyclic := effects --- OK.

ff: search configuration is EHC, if that fails then  best-first on 1*g(s) + 5*h(s) where
    metric is  plan length

Cueing down from goal distance:   11 into depth [1]
                                  10            [1]
                                   9            [1]
                                   8            [1]
                                   7            [1]
                                   6            [1]
                                   5            [1]
                                   4            [1]
                                   3            [1]
                                   2            [1]
                                   1            [1]
                                   0            

ff: found legal plan as follows

step    0: TURN_TO SATELLITE0 STAR39 GROUNDSTATION104
        1: SWITCH_ON INSTRUMENT2 SATELLITE0
        2: CALIBRATE SATELLITE0 INSTRUMENT2 STAR39
        3: TURN_TO SATELLITE0 PHENOMENON131 STAR39
        4: SWITCH_ON INSTRUMENT10 SATELLITE1
        5: CALIBRATE SATELLITE1 INSTRUMENT10 GROUNDSTATION68
        6: TURN_TO SATELLITE1 PLANET132 GROUNDSTATION68
        7: TURN_TO SATELLITE2 GROUNDSTATION123 STAR57
        8: TURN_TO SATELLITE6 STAR65 STAR130
        9: TAKE_IMAGE SATELLITE0 PHENOMENON131 INSTRUMENT2 INFRARED4
       10: TAKE_IMAGE SATELLITE1 PLANET132 INSTRUMENT10 INFRARED3
     

time spent:    0.00 seconds instantiating 196500 easy, 0 hard action templates
               0.02 seconds reachability analysis, yielding 2133 facts and 196500 actions
               0.04 seconds creating final representation with 2133 relevant facts, 0 relevant fluents
               0.22 seconds computing LNF
               0.09 seconds building connectivity graph
               0.10 seconds searching, evaluating 12 states, to a max depth of 1
               0.47 seconds total time

