
ff: parsing domain file
domain 'SATELLITE' defined
 ... done.
ff: parsing problem file
problem 'STRIPS-SAT-X-1' defined
 ... done.


no metric specified. plan length assumed.

checking for cyclic := effects --- OK.

ff: search configuration is EHC, if that fails then  best-first on 1*g(s) + 5*h(s) where
    metric is  plan length

Cueing down from goal distance:   12 into depth [1]
                                  11            [1]
                                  10            [1]
                                   9            [1]
                                   8            [1]
                                   7            [1]
                                   6            [1]
                                   5            [1]
                                   4            [1]
                                   3            [1]
                                   2            [1]
                                   1            [1]
                                   0            

ff: found legal plan as follows

step    0: TURN_TO SATELLITE0 GROUNDSTATION51 GROUNDSTATION39
        1: SWITCH_ON INSTRUMENT0 SATELLITE0
        2: TURN_TO SATELLITE1 GROUNDSTATION21 STAR41
        3: CALIBRATE SATELLITE0 INSTRUMENT0 GROUNDSTATION51
        4: TURN_TO SATELLITE0 PHENOMENON60 GROUNDSTATION51
        5: SWITCH_ON INSTRUMENT9 SATELLITE1
        6: CALIBRATE SATELLITE1 INSTRUMENT9 GROUNDSTATION21
        7: TURN_TO SATELLITE1 PHENOMENON61 GROUNDSTATION21
        8: TURN_TO SATELLITE7 STAR14 STAR35
        9: TURN_TO SATELLITE9 STAR12 STAR27
       10: TAKE_IMAGE SATELLITE0 PHENOMENON60 INSTRUMENT0 SPECTROGRAPH2
       11: TAKE_IMAGE SATELLITE1 PHENOMENON61 INSTRUMENT9 SPECTROGRAPH1
     

time spent:    0.00 seconds instantiating 46741 easy, 0 hard action templates
               0.00 seconds reachability analysis, yielding 1066 facts and 46741 actions
               0.01 seconds creating final representation with 1066 relevant facts, 0 relevant fluents
               0.06 seconds computing LNF
               0.01 seconds building connectivity graph
               0.02 seconds searching, evaluating 14 states, to a max depth of 1
               0.10 seconds total time

