
ff: parsing domain file
domain 'SATELLITE' defined
 ... done.
ff: parsing problem file
problem 'STRIPS-SAT-X-1' defined
 ... done.


no metric specified. plan length assumed.

checking for cyclic := effects --- OK.

ff: search configuration is EHC, if that fails then  best-first on 1*g(s) + 5*h(s) where
    metric is  plan length

Cueing down from goal distance:   15 into depth [1]
                                  14            [1]
                                  13            [1]
                                  12            [1]
                                  11            [1]
                                  10            [1]
                                   9            [1][2]
                                   8            [1]
                                   7            [1]
                                   6            [1]
                                   5            [1]
                                   4            [1]
                                   3            [1]
                                   2            [1]
                                   1            [1]
                                   0            

ff: found legal plan as follows

step    0: TURN_TO SATELLITE0 GROUNDSTATION28 STAR35
        1: TURN_TO SATELLITE2 STAR3 GROUNDSTATION54
        2: TURN_TO SATELLITE3 GROUNDSTATION50 GROUNDSTATION47
        3: TURN_TO SATELLITE6 STAR36 GROUNDSTATION28
        4: TURN_TO SATELLITE7 GROUNDSTATION57 STAR11
        5: TURN_TO SATELLITE9 STAR35 STAR10
        6: SWITCH_ON INSTRUMENT0 SATELLITE0
        7: TURN_TO SATELLITE1 GROUNDSTATION47 GROUNDSTATION42
        8: CALIBRATE SATELLITE0 INSTRUMENT0 GROUNDSTATION28
        9: TURN_TO SATELLITE0 PLANET60 GROUNDSTATION28
       10: SWITCH_ON INSTRUMENT5 SATELLITE1
       11: CALIBRATE SATELLITE1 INSTRUMENT5 GROUNDSTATION47
       12: TURN_TO SATELLITE1 PHENOMENON61 GROUNDSTATION47
       13: TAKE_IMAGE SATELLITE0 PLANET60 INSTRUMENT0 SPECTROGRAPH3
       14: TURN_TO SATELLITE0 GROUNDSTATION23 PLANET60
       15: TAKE_IMAGE SATELLITE1 PHENOMENON61 INSTRUMENT5 SPECTROGRAPH1
     

time spent:    0.00 seconds instantiating 47879 easy, 0 hard action templates
               0.00 seconds reachability analysis, yielding 1074 facts and 47879 actions
               0.01 seconds creating final representation with 1074 relevant facts, 0 relevant fluents
               0.06 seconds computing LNF
               0.01 seconds building connectivity graph
               0.08 seconds searching, evaluating 47 states, to a max depth of 2
               0.16 seconds total time

