
ff: parsing domain file
domain 'SATELLITE' defined
 ... done.
ff: parsing problem file
problem 'STRIPS-SAT-X-1' defined
 ... done.


no metric specified. plan length assumed.

checking for cyclic := effects --- OK.

ff: search configuration is EHC, if that fails then  best-first on 1*g(s) + 5*h(s) where
    metric is  plan length

Cueing down from goal distance:   13 into depth [1]
                                  12            [1]
                                  11            [1]
                                  10            [1]
                                   9            [1]
                                   8            [1]
                                   7            [1]
                                   6            [1]
                                   5            [1]
                                   4            [1]
                                   3            [1]
                                   2            [1]
                                   1            [1]
                                   0            

ff: found legal plan as follows

step    0: TURN_TO SATELLITE0 STAR18 STAR58
        1: SWITCH_ON INSTRUMENT0 SATELLITE0
        2: CALIBRATE SATELLITE0 INSTRUMENT0 STAR18
        3: TURN_TO SATELLITE0 PLANET60 STAR18
        4: TURN_TO SATELLITE2 STAR1 STAR51
        5: TURN_TO SATELLITE4 GROUNDSTATION47 STAR7
        6: TURN_TO SATELLITE6 GROUNDSTATION20 GROUNDSTATION2
        7: TURN_TO SATELLITE7 GROUNDSTATION49 GROUNDSTATION5
        8: TURN_TO SATELLITE9 STAR57 PLANET61
        9: TAKE_IMAGE SATELLITE0 PLANET60 INSTRUMENT0 IMAGE1
       10: TURN_TO SATELLITE0 PLANET61 PLANET60
       11: TAKE_IMAGE SATELLITE0 PLANET61 INSTRUMENT0 IMAGE1
       12: TURN_TO SATELLITE0 STAR51 PLANET61
     

time spent:    0.00 seconds instantiating 43788 easy, 0 hard action templates
               0.00 seconds reachability analysis, yielding 1018 facts and 43788 actions
               0.01 seconds creating final representation with 1018 relevant facts, 0 relevant fluents
               0.06 seconds computing LNF
               0.02 seconds building connectivity graph
               0.04 seconds searching, evaluating 29 states, to a max depth of 1
               0.13 seconds total time

