
ff: parsing domain file
domain 'SATELLITE' defined
 ... done.
ff: parsing problem file
problem 'STRIPS-SAT-X-1' defined
 ... done.


no metric specified. plan length assumed.

checking for cyclic := effects --- OK.

ff: search configuration is EHC, if that fails then  best-first on 1*g(s) + 5*h(s) where
    metric is  plan length

Cueing down from goal distance:    9 into depth [1]
                                   8            [1]
                                   7            [1]
                                   6            [1]
                                   5            [1]
                                   4            [1]
                                   3            [1]
                                   2            [1]
                                   1            [1]
                                   0            

ff: found legal plan as follows

step    0: SWITCH_ON INSTRUMENT3 SATELLITE0
        1: CALIBRATE SATELLITE0 INSTRUMENT3 STAR57
        2: TURN_TO SATELLITE0 STAR60 STAR57
        3: TURN_TO SATELLITE3 STAR19 STAR17
        4: TURN_TO SATELLITE6 STAR39 STAR14
        5: TURN_TO SATELLITE7 GROUNDSTATION40 STAR14
        6: TAKE_IMAGE SATELLITE0 STAR60 INSTRUMENT3 INFRARED4
        7: TURN_TO SATELLITE0 STAR61 STAR60
        8: TAKE_IMAGE SATELLITE0 STAR61 INSTRUMENT3 INFRARED4
     

time spent:    0.00 seconds instantiating 46282 easy, 0 hard action templates
               0.00 seconds reachability analysis, yielding 1054 facts and 46282 actions
               0.00 seconds creating final representation with 1054 relevant facts, 0 relevant fluents
               0.06 seconds computing LNF
               0.02 seconds building connectivity graph
               0.02 seconds searching, evaluating 16 states, to a max depth of 1
               0.10 seconds total time

