
ff: parsing domain file
domain 'SATELLITE' defined
 ... done.
ff: parsing problem file
problem 'STRIPS-SAT-X-1' defined
 ... done.


no metric specified. plan length assumed.

checking for cyclic := effects --- OK.

ff: search configuration is EHC, if that fails then  best-first on 1*g(s) + 5*h(s) where
    metric is  plan length

Cueing down from goal distance:   16 into depth [1]
                                  15            [1]
                                  14            [1]
                                  13            [1]
                                  12            [1]
                                  11            [1]
                                  10            [1]
                                   9            [1]
                                   8            [1]
                                   7            [1]
                                   6            [1]
                                   5            [1]
                                   4            [1]
                                   3            [1]
                                   2            [1]
                                   1            [1]
                                   0            

ff: found legal plan as follows

step    0: SWITCH_ON INSTRUMENT4 SATELLITE0
        1: TURN_TO SATELLITE1 GROUNDSTATION42 GROUNDSTATION33
        2: CALIBRATE SATELLITE0 INSTRUMENT4 STAR54
        3: TURN_TO SATELLITE0 PLANET61 STAR54
        4: SWITCH_ON INSTRUMENT10 SATELLITE1
        5: CALIBRATE SATELLITE1 INSTRUMENT10 GROUNDSTATION42
        6: TURN_TO SATELLITE1 PHENOMENON60 GROUNDSTATION42
        7: TURN_TO SATELLITE3 STAR57 STAR8
        8: TURN_TO SATELLITE4 STAR57 GROUNDSTATION10
        9: TURN_TO SATELLITE5 STAR28 STAR27
       10: TURN_TO SATELLITE6 STAR35 STAR32
       11: TURN_TO SATELLITE7 STAR40 STAR17
       12: TURN_TO SATELLITE8 STAR39 STAR56
       13: TURN_TO SATELLITE9 STAR17 STAR39
       14: TAKE_IMAGE SATELLITE1 PHENOMENON60 INSTRUMENT10 THERMOGRAPH0
       15: TAKE_IMAGE SATELLITE0 PLANET61 INSTRUMENT4 THERMOGRAPH3
     

time spent:    0.00 seconds instantiating 46864 easy, 0 hard action templates
               0.00 seconds reachability analysis, yielding 1058 facts and 46864 actions
               0.01 seconds creating final representation with 1058 relevant facts, 0 relevant fluents
               0.06 seconds computing LNF
               0.03 seconds building connectivity graph
               0.01 seconds searching, evaluating 20 states, to a max depth of 1
               0.11 seconds total time

