
ff: parsing domain file
domain 'SATELLITE' defined
 ... done.
ff: parsing problem file
problem 'STRIPS-SAT-X-1' defined
 ... done.


no metric specified. plan length assumed.

checking for cyclic := effects --- OK.

ff: search configuration is EHC, if that fails then  best-first on 1*g(s) + 5*h(s) where
    metric is  plan length

Cueing down from goal distance:   11 into depth [1]
                                  10            [1]
                                   9            [1]
                                   8            [1]
                                   7            [1]
                                   6            [1]
                                   5            [1]
                                   4            [1]
                                   3            [1]
                                   2            [1]
                                   1            [1]
                                   0            

ff: found legal plan as follows

step    0: TURN_TO SATELLITE0 GROUNDSTATION48 STAR157
        1: SWITCH_ON INSTRUMENT0 SATELLITE0
        2: CALIBRATE SATELLITE0 INSTRUMENT0 GROUNDSTATION48
        3: TURN_TO SATELLITE0 STAR171 GROUNDSTATION48
        4: TURN_TO SATELLITE1 GROUNDSTATION84 STAR95
        5: TURN_TO SATELLITE2 STAR30 STAR50
        6: TURN_TO SATELLITE4 STAR121 GROUNDSTATION10
        7: TURN_TO SATELLITE5 STAR132 GROUNDSTATION156
        8: TURN_TO SATELLITE8 GROUNDSTATION124 GROUNDSTATION78
        9: TURN_TO SATELLITE9 GROUNDSTATION14 GROUNDSTATION89
       10: TAKE_IMAGE SATELLITE0 STAR171 INSTRUMENT0 SPECTROGRAPH4
     

time spent:    0.01 seconds instantiating 319446 easy, 0 hard action templates
               0.02 seconds reachability analysis, yielding 2716 facts and 319446 actions
               0.05 seconds creating final representation with 2716 relevant facts, 0 relevant fluents
               0.36 seconds computing LNF
               0.13 seconds building connectivity graph
               0.15 seconds searching, evaluating 12 states, to a max depth of 1
               0.72 seconds total time

