
ff: parsing domain file
domain 'SATELLITE' defined
 ... done.
ff: parsing problem file
problem 'STRIPS-SAT-X-1' defined
 ... done.


no metric specified. plan length assumed.

checking for cyclic := effects --- OK.

ff: search configuration is EHC, if that fails then  best-first on 1*g(s) + 5*h(s) where
    metric is  plan length

Cueing down from goal distance:   12 into depth [1]
                                  11            [1]
                                  10            [1]
                                   9            [1]
                                   8            [1]
                                   7            [1]
                                   6            [1]
                                   5            [1]
                                   4            [1]
                                   3            [1]
                                   2            [1]
                                   1            [1]
                                   0            

ff: found legal plan as follows

step    0: TURN_TO SATELLITE0 GROUNDSTATION104 STAR37
        1: SWITCH_ON INSTRUMENT0 SATELLITE0
        2: TURN_TO SATELLITE1 STAR168 STAR9
        3: CALIBRATE SATELLITE0 INSTRUMENT0 GROUNDSTATION104
        4: TURN_TO SATELLITE0 STAR170 GROUNDSTATION104
        5: SWITCH_ON INSTRUMENT11 SATELLITE1
        6: CALIBRATE SATELLITE1 INSTRUMENT11 STAR168
        7: TURN_TO SATELLITE1 PHENOMENON171 STAR168
        8: TURN_TO SATELLITE7 STAR62 GROUNDSTATION59
        9: TAKE_IMAGE SATELLITE0 STAR170 INSTRUMENT0 INFRARED1
       10: TAKE_IMAGE SATELLITE1 PHENOMENON171 INSTRUMENT11 IMAGE2
       11: TURN_TO SATELLITE1 STAR102 PHENOMENON171
     

time spent:    0.00 seconds instantiating 320105 easy, 0 hard action templates
               0.04 seconds reachability analysis, yielding 2718 facts and 320105 actions
               0.07 seconds creating final representation with 2718 relevant facts, 0 relevant fluents
               0.39 seconds computing LNF
               0.15 seconds building connectivity graph
               0.30 seconds searching, evaluating 17 states, to a max depth of 1
               0.95 seconds total time

