
ff: parsing domain file
domain 'SATELLITE' defined
 ... done.
ff: parsing problem file
problem 'STRIPS-SAT-X-1' defined
 ... done.


no metric specified. plan length assumed.

checking for cyclic := effects --- OK.

ff: search configuration is EHC, if that fails then  best-first on 1*g(s) + 5*h(s) where
    metric is  plan length

Cueing down from goal distance:   14 into depth [1]
                                  13            [1]
                                  12            [1]
                                  11            [1]
                                  10            [1]
                                   9            [1]
                                   8            [1]
                                   7            [1]
                                   6            [1]
                                   5            [1]
                                   4            [1]
                                   3            [1][2]
                                   2            [1]
                                   1            [1]
                                   0            

ff: found legal plan as follows

step    0: TURN_TO SATELLITE0 STAR67 GROUNDSTATION129
        1: SWITCH_ON INSTRUMENT4 SATELLITE0
        2: CALIBRATE SATELLITE0 INSTRUMENT4 STAR67
        3: TURN_TO SATELLITE0 STAR170 STAR67
        4: SWITCH_ON INSTRUMENT35 SATELLITE8
        5: TURN_TO SATELLITE1 GROUNDSTATION135 GROUNDSTATION125
        6: TURN_TO SATELLITE3 GROUNDSTATION84 GROUNDSTATION8
        7: TURN_TO SATELLITE6 STAR100 STAR159
        8: TURN_TO SATELLITE7 STAR118 GROUNDSTATION156
        9: TURN_TO SATELLITE9 GROUNDSTATION60 GROUNDSTATION81
       10: TAKE_IMAGE SATELLITE0 STAR170 INSTRUMENT4 THERMOGRAPH0
       11: TURN_TO SATELLITE8 GROUNDSTATION45 PHENOMENON171
       12: CALIBRATE SATELLITE8 INSTRUMENT35 GROUNDSTATION45
       13: TURN_TO SATELLITE8 PHENOMENON171 GROUNDSTATION45
       14: TAKE_IMAGE SATELLITE8 PHENOMENON171 INSTRUMENT35 SPECTROGRAPH1
     

time spent:    0.01 seconds instantiating 313845 easy, 0 hard action templates
               0.02 seconds reachability analysis, yielding 2682 facts and 313845 actions
               0.05 seconds creating final representation with 2682 relevant facts, 0 relevant fluents
               0.35 seconds computing LNF
               0.13 seconds building connectivity graph
               0.61 seconds searching, evaluating 26 states, to a max depth of 2
               1.17 seconds total time

