
ff: parsing domain file
domain 'SATELLITE' defined
 ... done.
ff: parsing problem file
problem 'STRIPS-SAT-X-1' defined
 ... done.


no metric specified. plan length assumed.

checking for cyclic := effects --- OK.

ff: search configuration is EHC, if that fails then  best-first on 1*g(s) + 5*h(s) where
    metric is  plan length

Cueing down from goal distance:   15 into depth [1]
                                  14            [1]
                                  12            [1]
                                  11            [1]
                                  10            [1]
                                   9            [1]
                                   8            [1]
                                   7            [1]
                                   6            [1]
                                   5            [1]
                                   4            [1]
                                   3            [1]
                                   2            [1]
                                   1            [1]
                                   0            

ff: found legal plan as follows

step    0: TURN_TO SATELLITE0 STAR126 STAR141
        1: TURN_TO SATELLITE6 GROUNDSTATION6 PHENOMENON171
        2: SWITCH_ON INSTRUMENT0 SATELLITE0
        3: CALIBRATE SATELLITE0 INSTRUMENT0 STAR126
        4: TURN_TO SATELLITE0 PHENOMENON170 STAR126
        5: TURN_TO SATELLITE1 GROUNDSTATION167 STAR35
        6: TURN_TO SATELLITE2 GROUNDSTATION34 GROUNDSTATION108
        7: TURN_TO SATELLITE4 STAR95 STAR80
        8: TURN_TO SATELLITE5 STAR113 GROUNDSTATION134
        9: TURN_TO SATELLITE6 STAR54 GROUNDSTATION6
       10: TURN_TO SATELLITE7 GROUNDSTATION136 GROUNDSTATION73
       11: TAKE_IMAGE SATELLITE0 PHENOMENON170 INSTRUMENT0 THERMOGRAPH4
       12: TURN_TO SATELLITE0 PHENOMENON171 PHENOMENON170
       13: TAKE_IMAGE SATELLITE0 PHENOMENON171 INSTRUMENT0 THERMOGRAPH2
     

time spent:    0.01 seconds instantiating 320353 easy, 0 hard action templates
               0.03 seconds reachability analysis, yielding 2718 facts and 320353 actions
               0.06 seconds creating final representation with 2718 relevant facts, 0 relevant fluents
               0.39 seconds computing LNF
               0.15 seconds building connectivity graph
               0.53 seconds searching, evaluating 24 states, to a max depth of 1
               1.17 seconds total time

