
ff: parsing domain file
domain 'SATELLITE' defined
 ... done.
ff: parsing problem file
problem 'STRIPS-SAT-X-1' defined
 ... done.


no metric specified. plan length assumed.

checking for cyclic := effects --- OK.

ff: search configuration is EHC, if that fails then  best-first on 1*g(s) + 5*h(s) where
    metric is  plan length

Cueing down from goal distance:   13 into depth [1]
                                  12            [1]
                                  11            [1]
                                  10            [1]
                                   9            [1]
                                   8            [1]
                                   7            [1]
                                   6            [1]
                                   5            [1]
                                   4            [1]
                                   3            [1]
                                   2            [1]
                                   1            [1]
                                   0            

ff: found legal plan as follows

step    0: SWITCH_ON INSTRUMENT3 SATELLITE0
        1: TURN_TO SATELLITE2 GROUNDSTATION156 GROUNDSTATION13
        2: CALIBRATE SATELLITE0 INSTRUMENT3 STAR93
        3: TURN_TO SATELLITE0 PHENOMENON170 STAR93
        4: SWITCH_ON INSTRUMENT9 SATELLITE2
        5: CALIBRATE SATELLITE2 INSTRUMENT9 GROUNDSTATION156
        6: TURN_TO SATELLITE2 STAR171 GROUNDSTATION156
        7: TURN_TO SATELLITE1 GROUNDSTATION82 GROUNDSTATION94
        8: TURN_TO SATELLITE5 STAR99 GROUNDSTATION79
        9: TURN_TO SATELLITE6 GROUNDSTATION149 GROUNDSTATION169
       10: TAKE_IMAGE SATELLITE0 PHENOMENON170 INSTRUMENT3 IMAGE3
       11: TURN_TO SATELLITE0 GROUNDSTATION157 PHENOMENON170
       12: TAKE_IMAGE SATELLITE2 STAR171 INSTRUMENT9 INFRARED1
     

time spent:    0.01 seconds instantiating 319256 easy, 0 hard action templates
               0.03 seconds reachability analysis, yielding 2714 facts and 319256 actions
               0.06 seconds creating final representation with 2714 relevant facts, 0 relevant fluents
               0.40 seconds computing LNF
               0.14 seconds building connectivity graph
               0.31 seconds searching, evaluating 19 states, to a max depth of 1
               0.95 seconds total time

