
ff: parsing domain file
domain 'BLOCKS' defined
 ... done.
ff: parsing problem file
problem 'PB2' defined
 ... done.


no metric specified. plan length assumed.

checking for cyclic := effects --- OK.

ff: search configuration is EHC, if that fails then  best-first on 1*g(s) + 5*h(s) where
    metric is  plan length

Cueing down from goal distance:   44 into depth [1]
                                  43            [1][2]
                                  42            [1]
                                  41            [1]
                                  40            [1]
                                  39            [1]
                                  38            [1]
                                  37            [1]
                                  36            [1]
                                  35            [1][2]
                                  33            [1]
                                  32            [1][2][3]
                                  30            [1][2]
                                  28            [1][2]
                                  27            [1]
                                  26            [1][2]
                                  25            [1][2]
                                  24            [1][2][3]
                                  23            [1][2][3][4][5][6]
                                  22            [1][2]
                                  21            [1][2][3][4][5][6]
                                  20            [1][2][3]
                                  19            [1][2][3][4][5][6][7][8]
                                  18            [1]
                                  17            [1][2]
                                  15            [1]
                                  14            [1]
                                  13            [1][2][3][4]
                                  12            [1]
                                  11            [1]
                                  10            [1][2][3][4][5][6]
                                   9            [1][2][3][4][5][6][7][8][9][10]
                                   8            [1]
                                   7            [1]
                                   6            [1]
                                   5            [1]
                                   4            [1][2][3][4][5][6][7]
                                   3            [1]
                                   2            [1][2]
                                   0            

ff: found legal plan as follows

step    0: PICK-UP BLOCK3
        1: STACK BLOCK3 BLOCK19
        2: UNSTACK BLOCK5 BLOCK18
        3: PUT-DOWN BLOCK5
        4: UNSTACK BLOCK20 BLOCK4
        5: PUT-DOWN BLOCK20
        6: UNSTACK BLOCK22 BLOCK9
        7: STACK BLOCK22 BLOCK20
        8: UNSTACK BLOCK9 BLOCK2
        9: STACK BLOCK9 BLOCK22
       10: UNSTACK BLOCK2 BLOCK14
       11: PUT-DOWN BLOCK2
       12: UNSTACK BLOCK18 BLOCK21
       13: STACK BLOCK18 BLOCK14
       14: UNSTACK BLOCK10 BLOCK6
       15: PUT-DOWN BLOCK10
       16: UNSTACK BLOCK11 BLOCK8
       17: PUT-DOWN BLOCK11
       18: UNSTACK BLOCK8 BLOCK12
       19: STACK BLOCK8 BLOCK3
       20: UNSTACK BLOCK4 BLOCK16
       21: STACK BLOCK4 BLOCK12
       22: PICK-UP BLOCK16
       23: STACK BLOCK16 BLOCK4
       24: PICK-UP BLOCK21
       25: STACK BLOCK21 BLOCK16
       26: PICK-UP BLOCK13
       27: STACK BLOCK13 BLOCK2
       28: UNSTACK BLOCK6 BLOCK15
       29: STACK BLOCK6 BLOCK21
       30: PICK-UP BLOCK15
       31: STACK BLOCK15 BLOCK5
       32: UNSTACK BLOCK13 BLOCK2
       33: STACK BLOCK13 BLOCK6
       34: UNSTACK BLOCK18 BLOCK14
       35: STACK BLOCK18 BLOCK15
       36: UNSTACK BLOCK14 BLOCK7
       37: STACK BLOCK14 BLOCK18
       38: UNSTACK BLOCK7 BLOCK1
       39: PUT-DOWN BLOCK7
       40: UNSTACK BLOCK14 BLOCK18
       41: STACK BLOCK14 BLOCK1
       42: UNSTACK BLOCK18 BLOCK15
       43: STACK BLOCK18 BLOCK14
       44: UNSTACK BLOCK8 BLOCK3
       45: STACK BLOCK8 BLOCK7
       46: UNSTACK BLOCK3 BLOCK19
       47: STACK BLOCK3 BLOCK2
       48: UNSTACK BLOCK19 BLOCK17
       49: STACK BLOCK19 BLOCK15
       50: UNSTACK BLOCK3 BLOCK2
       51: STACK BLOCK3 BLOCK19
       52: UNSTACK BLOCK8 BLOCK7
       53: STACK BLOCK8 BLOCK3
       54: PICK-UP BLOCK17
       55: STACK BLOCK17 BLOCK7
       56: UNSTACK BLOCK18 BLOCK14
       57: STACK BLOCK18 BLOCK2
       58: UNSTACK BLOCK14 BLOCK1
       59: STACK BLOCK14 BLOCK17
       60: UNSTACK BLOCK18 BLOCK2
       61: STACK BLOCK18 BLOCK14
       62: UNSTACK BLOCK13 BLOCK6
       63: STACK BLOCK13 BLOCK2
       64: UNSTACK BLOCK6 BLOCK21
       65: STACK BLOCK6 BLOCK1
       66: UNSTACK BLOCK13 BLOCK2
       67: STACK BLOCK13 BLOCK6
       68: UNSTACK BLOCK21 BLOCK16
       69: STACK BLOCK21 BLOCK2
       70: UNSTACK BLOCK16 BLOCK4
       71: STACK BLOCK16 BLOCK21
       72: UNSTACK BLOCK4 BLOCK12
       73: STACK BLOCK4 BLOCK16
       74: PICK-UP BLOCK12
       75: STACK BLOCK12 BLOCK18
       76: UNSTACK BLOCK4 BLOCK16
       77: STACK BLOCK4 BLOCK12
       78: UNSTACK BLOCK16 BLOCK21
       79: STACK BLOCK16 BLOCK4
       80: UNSTACK BLOCK21 BLOCK2
       81: STACK BLOCK21 BLOCK16
       82: UNSTACK BLOCK13 BLOCK6
       83: STACK BLOCK13 BLOCK2
       84: UNSTACK BLOCK6 BLOCK1
       85: STACK BLOCK6 BLOCK13
       86: PICK-UP BLOCK1
       87: STACK BLOCK1 BLOCK21
       88: UNSTACK BLOCK6 BLOCK13
       89: STACK BLOCK6 BLOCK1
       90: UNSTACK BLOCK13 BLOCK2
       91: STACK BLOCK13 BLOCK6
     

time spent:    0.00 seconds instantiating 1012 easy, 0 hard action templates
               0.00 seconds reachability analysis, yielding 551 facts and 1012 actions
               0.00 seconds creating final representation with 551 relevant facts, 0 relevant fluents
               0.00 seconds computing LNF
               0.00 seconds building connectivity graph
               7.38 seconds searching, evaluating 181032 states, to a max depth of 10
               7.38 seconds total time

