
ff: parsing domain file
domain 'BLOCKS' defined
 ... done.
ff: parsing problem file
problem 'PB3' defined
 ... done.


no metric specified. plan length assumed.

checking for cyclic := effects --- OK.

ff: search configuration is EHC, if that fails then  best-first on 1*g(s) + 5*h(s) where
    metric is  plan length

Cueing down from goal distance:   40 into depth [1][2][3][4][5][6]
                                  39            [1][2][3][4][5]
                                  38            [1]
                                  37            [1][2][3]
                                  36            [1][2][3][4]
                                  35            [1]
                                  34            [1]
                                  33            [1]
                                  32            [1][2][3]
                                  31            [1][2][3][4][5]
                                  30            [1]
                                  29            [1]
                                  28            [1][2][3]
                                  27            [1]
                                  26            [1][2][3][4]
                                  25            [1]
                                  24            [1]
                                  23            [1]
                                  22            [1]
                                  21            [1][2][3][4][5]
                                  20            [1][2][3][4][5][6][7]
                                  19            [1][2][3][4][5]
                                  18            [1]
                                  17            [1][2]
                                  16            [1][2][3][4][5]
                                  15            [1]
                                  14            [1][2][3][4][5][6]
                                  13            [1][2]
                                  12            [1]
                                  11            [1]
                                  10            [1][2][3][4]
                                   9            [1][2]
                                   7            [1][2][3][4][5][6][7][8][9][10][11][12]
                                   6            [1]
                                   5            [1][2][3]
                                   4            [1][2][3][4][5][6][7]
                                   3            [1]
                                   2            [1][2]
                                   0            

ff: found legal plan as follows

step    0: UNSTACK BLOCK22 BLOCK16
        1: STACK BLOCK22 BLOCK8
        2: UNSTACK BLOCK16 BLOCK10
        3: STACK BLOCK16 BLOCK22
        4: UNSTACK BLOCK10 BLOCK19
        5: STACK BLOCK10 BLOCK5
        6: UNSTACK BLOCK19 BLOCK7
        7: STACK BLOCK19 BLOCK16
        8: UNSTACK BLOCK7 BLOCK14
        9: STACK BLOCK7 BLOCK19
       10: UNSTACK BLOCK14 BLOCK3
       11: PUT-DOWN BLOCK14
       12: UNSTACK BLOCK7 BLOCK19
       13: STACK BLOCK7 BLOCK14
       14: UNSTACK BLOCK3 BLOCK18
       15: STACK BLOCK3 BLOCK19
       16: UNSTACK BLOCK18 BLOCK2
       17: STACK BLOCK18 BLOCK10
       18: UNSTACK BLOCK2 BLOCK9
       19: PUT-DOWN BLOCK2
       20: UNSTACK BLOCK9 BLOCK20
       21: PUT-DOWN BLOCK9
       22: UNSTACK BLOCK20 BLOCK17
       23: STACK BLOCK20 BLOCK18
       24: UNSTACK BLOCK7 BLOCK14
       25: STACK BLOCK7 BLOCK17
       26: UNSTACK BLOCK3 BLOCK19
       27: STACK BLOCK3 BLOCK20
       28: UNSTACK BLOCK19 BLOCK16
       29: STACK BLOCK19 BLOCK2
       30: UNSTACK BLOCK3 BLOCK20
       31: STACK BLOCK3 BLOCK19
       32: UNSTACK BLOCK16 BLOCK22
       33: STACK BLOCK16 BLOCK20
       34: UNSTACK BLOCK22 BLOCK8
       35: STACK BLOCK22 BLOCK3
       36: UNSTACK BLOCK7 BLOCK17
       37: STACK BLOCK7 BLOCK9
       38: UNSTACK BLOCK17 BLOCK21
       39: STACK BLOCK17 BLOCK22
       40: UNSTACK BLOCK7 BLOCK9
       41: STACK BLOCK7 BLOCK17
       42: UNSTACK BLOCK8 BLOCK12
       43: STACK BLOCK8 BLOCK21
       44: UNSTACK BLOCK16 BLOCK20
       45: STACK BLOCK16 BLOCK9
       46: UNSTACK BLOCK20 BLOCK18
       47: STACK BLOCK20 BLOCK16
       48: UNSTACK BLOCK18 BLOCK10
       49: STACK BLOCK18 BLOCK12
       50: UNSTACK BLOCK10 BLOCK5
       51: STACK BLOCK10 BLOCK20
       52: UNSTACK BLOCK5 BLOCK13
       53: STACK BLOCK5 BLOCK18
       54: UNSTACK BLOCK10 BLOCK20
       55: STACK BLOCK10 BLOCK5
       56: UNSTACK BLOCK20 BLOCK16
       57: STACK BLOCK20 BLOCK14
       58: UNSTACK BLOCK16 BLOCK9
       59: STACK BLOCK16 BLOCK20
       60: UNSTACK BLOCK13 BLOCK4
       61: STACK BLOCK13 BLOCK9
       62: UNSTACK BLOCK4 BLOCK1
       63: STACK BLOCK4 BLOCK16
       64: UNSTACK BLOCK1 BLOCK11
       65: STACK BLOCK1 BLOCK13
       66: UNSTACK BLOCK11 BLOCK6
       67: STACK BLOCK11 BLOCK10
       68: PICK-UP BLOCK6
       69: STACK BLOCK6 BLOCK7
       70: UNSTACK BLOCK4 BLOCK16
       71: STACK BLOCK4 BLOCK11
       72: UNSTACK BLOCK16 BLOCK20
       73: STACK BLOCK16 BLOCK8
       74: UNSTACK BLOCK20 BLOCK14
       75: STACK BLOCK20 BLOCK6
       76: UNSTACK BLOCK4 BLOCK11
       77: STACK BLOCK4 BLOCK16
       78: UNSTACK BLOCK11 BLOCK10
       79: STACK BLOCK11 BLOCK14
       80: UNSTACK BLOCK4 BLOCK16
       81: STACK BLOCK4 BLOCK20
       82: UNSTACK BLOCK16 BLOCK8
       83: STACK BLOCK16 BLOCK11
       84: UNSTACK BLOCK4 BLOCK20
       85: STACK BLOCK4 BLOCK16
       86: UNSTACK BLOCK10 BLOCK5
       87: STACK BLOCK10 BLOCK20
       88: UNSTACK BLOCK5 BLOCK18
       89: STACK BLOCK5 BLOCK10
       90: UNSTACK BLOCK18 BLOCK12
       91: STACK BLOCK18 BLOCK8
       92: UNSTACK BLOCK12 BLOCK15
       93: STACK BLOCK12 BLOCK18
       94: UNSTACK BLOCK1 BLOCK13
       95: STACK BLOCK1 BLOCK15
       96: UNSTACK BLOCK12 BLOCK18
       97: STACK BLOCK12 BLOCK1
       98: UNSTACK BLOCK18 BLOCK8
       99: STACK BLOCK18 BLOCK12
      100: UNSTACK BLOCK5 BLOCK10
      101: STACK BLOCK5 BLOCK18
      102: UNSTACK BLOCK10 BLOCK20
      103: STACK BLOCK10 BLOCK5
     

time spent:    0.00 seconds instantiating 1012 easy, 0 hard action templates
               0.00 seconds reachability analysis, yielding 551 facts and 1012 actions
               0.00 seconds creating final representation with 551 relevant facts, 0 relevant fluents
               0.00 seconds computing LNF
               0.00 seconds building connectivity graph
               0.59 seconds searching, evaluating 30486 states, to a max depth of 12
               0.59 seconds total time

