
ff: parsing domain file
domain 'BLOCKS' defined
 ... done.
ff: parsing problem file
problem 'PB5' defined
 ... done.


no metric specified. plan length assumed.

checking for cyclic := effects --- OK.

ff: search configuration is EHC, if that fails then  best-first on 1*g(s) + 5*h(s) where
    metric is  plan length

Cueing down from goal distance:   39 into depth [1]
                                  38            [1]
                                  37            [1]
                                  36            [1][2]
                                  35            [1][2]
                                  34            [1][2][3][4]
                                  33            [1]
                                  32            [1]
                                  31            [1][2]
                                  30            [1]
                                  29            [1][2][3][4][5][6]
                                  28            [1]
                                  27            [1][2][3]
                                  26            [1]
                                  25            [1]
                                  24            [1]
                                  23            [1]
                                  22            [1][2]
                                  20            [1][2][3][4]
                                  18            [1][2][3][4][5][6][7]
                                  17            [1][2][3]
                                  16            [1]
                                  15            [1][2][3]
                                  14            [1]
                                  13            [1]
                                  12            [1][2][3][4]
                                  11            [1][2]
                                   9            [1]
                                   8            [1][2][3][4][5][6]
                                   7            [1]
                                   6            [1]
                                   5            [1]
                                   4            [1][2][3][4][5][6][7]
                                   3            [1]
                                   2            [1][2]
                                   0            

ff: found legal plan as follows

step    0: UNSTACK BLOCK2 BLOCK5
        1: PUT-DOWN BLOCK2
        2: PICK-UP BLOCK19
        3: STACK BLOCK19 BLOCK5
        4: UNSTACK BLOCK21 BLOCK14
        5: STACK BLOCK21 BLOCK6
        6: UNSTACK BLOCK14 BLOCK3
        7: STACK BLOCK14 BLOCK21
        8: UNSTACK BLOCK3 BLOCK18
        9: STACK BLOCK3 BLOCK20
       10: UNSTACK BLOCK18 BLOCK12
       11: PUT-DOWN BLOCK18
       12: UNSTACK BLOCK12 BLOCK8
       13: STACK BLOCK12 BLOCK19
       14: PICK-UP BLOCK8
       15: STACK BLOCK8 BLOCK18
       16: UNSTACK BLOCK3 BLOCK20
       17: STACK BLOCK3 BLOCK8
       18: UNSTACK BLOCK20 BLOCK22
       19: STACK BLOCK20 BLOCK12
       20: UNSTACK BLOCK22 BLOCK15
       21: STACK BLOCK22 BLOCK17
       22: UNSTACK BLOCK15 BLOCK10
       23: PUT-DOWN BLOCK15
       24: UNSTACK BLOCK3 BLOCK8
       25: STACK BLOCK3 BLOCK15
       26: UNSTACK BLOCK10 BLOCK16
       27: STACK BLOCK10 BLOCK2
       28: UNSTACK BLOCK20 BLOCK12
       29: STACK BLOCK20 BLOCK10
       30: UNSTACK BLOCK16 BLOCK4
       31: STACK BLOCK16 BLOCK8
       32: PICK-UP BLOCK1
       33: STACK BLOCK1 BLOCK4
       34: UNSTACK BLOCK12 BLOCK19
       35: STACK BLOCK12 BLOCK22
       36: UNSTACK BLOCK19 BLOCK5
       37: STACK BLOCK19 BLOCK16
       38: UNSTACK BLOCK5 BLOCK9
       39: STACK BLOCK5 BLOCK3
       40: UNSTACK BLOCK9 BLOCK13
       41: PUT-DOWN BLOCK9
       42: UNSTACK BLOCK19 BLOCK16
       43: STACK BLOCK19 BLOCK5
       44: UNSTACK BLOCK12 BLOCK22
       45: STACK BLOCK12 BLOCK19
       46: UNSTACK BLOCK22 BLOCK17
       47: STACK BLOCK22 BLOCK16
       48: UNSTACK BLOCK17 BLOCK7
       49: STACK BLOCK17 BLOCK13
       50: UNSTACK BLOCK22 BLOCK16
       51: STACK BLOCK22 BLOCK17
       52: UNSTACK BLOCK7 BLOCK11
       53: STACK BLOCK7 BLOCK16
       54: PICK-UP BLOCK11
       55: STACK BLOCK11 BLOCK12
       56: UNSTACK BLOCK7 BLOCK16
       57: STACK BLOCK7 BLOCK11
       58: UNSTACK BLOCK16 BLOCK8
       59: STACK BLOCK16 BLOCK7
       60: UNSTACK BLOCK14 BLOCK21
       61: STACK BLOCK14 BLOCK8
       62: UNSTACK BLOCK21 BLOCK6
       63: STACK BLOCK21 BLOCK22
       64: PICK-UP BLOCK6
       65: STACK BLOCK6 BLOCK16
       66: UNSTACK BLOCK21 BLOCK22
       67: STACK BLOCK21 BLOCK6
       68: UNSTACK BLOCK14 BLOCK8
       69: STACK BLOCK14 BLOCK21
     

time spent:    0.00 seconds instantiating 1012 easy, 0 hard action templates
               0.00 seconds reachability analysis, yielding 551 facts and 1012 actions
               0.00 seconds creating final representation with 551 relevant facts, 0 relevant fluents
               0.00 seconds computing LNF
               0.00 seconds building connectivity graph
               0.99 seconds searching, evaluating 32980 states, to a max depth of 7
               0.99 seconds total time

