
ff: parsing domain file
domain 'SATELLITE' defined
 ... done.
ff: parsing problem file
problem 'STRIPS-SAT-X-1' defined
 ... done.


no metric specified. plan length assumed.

checking for cyclic := effects --- OK.

ff: search configuration is EHC, if that fails then  best-first on 1*g(s) + 5*h(s) where
    metric is  plan length

Cueing down from goal distance:   11 into depth [1]
                                  10            [1]
                                   9            [1]
                                   8            [1]
                                   7            [1]
                                   6            [1]
                                   5            [1]
                                   4            [1]
                                   3            [1][2]
                                   2            [1]
                                   1            [1]
                                   0            

ff: found legal plan as follows

step    0: TURN_TO SATELLITE0 GROUNDSTATION43 STAR17
        1: SWITCH_ON INSTRUMENT1 SATELLITE0
        2: CALIBRATE SATELLITE0 INSTRUMENT1 GROUNDSTATION43
        3: TURN_TO SATELLITE0 PLANET69 GROUNDSTATION43
        4: SWITCH_ON INSTRUMENT15 SATELLITE4
        5: TURN_TO SATELLITE7 STAR29 STAR17
        6: TURN_TO SATELLITE8 GROUNDSTATION10 STAR3
        7: TAKE_IMAGE SATELLITE0 PLANET69 INSTRUMENT1 IMAGE1
        8: TURN_TO SATELLITE4 STAR40 PHENOMENON70
        9: CALIBRATE SATELLITE4 INSTRUMENT15 STAR40
       10: TURN_TO SATELLITE4 PHENOMENON70 STAR40
       11: TAKE_IMAGE SATELLITE4 PHENOMENON70 INSTRUMENT15 THERMOGRAPH4
     

time spent:    0.00 seconds instantiating 57710 easy, 0 hard action templates
               0.00 seconds reachability analysis, yielding 1173 facts and 57710 actions
               0.01 seconds creating final representation with 1173 relevant facts, 0 relevant fluents
               0.07 seconds computing LNF
               0.03 seconds building connectivity graph
               0.05 seconds searching, evaluating 20 states, to a max depth of 2
               0.16 seconds total time

