
ff: parsing domain file
domain 'SATELLITE' defined
 ... done.
ff: parsing problem file
problem 'STRIPS-SAT-X-1' defined
 ... done.


no metric specified. plan length assumed.

checking for cyclic := effects --- OK.

ff: search configuration is EHC, if that fails then  best-first on 1*g(s) + 5*h(s) where
    metric is  plan length

Cueing down from goal distance:    8 into depth [1]
                                   7            [1]
                                   6            [1]
                                   5            [1]
                                   4            [1]
                                   3            [1]
                                   2            [1]
                                   1            [1]
                                   0            

ff: found legal plan as follows

step    0: TURN_TO SATELLITE0 STAR23 GROUNDSTATION54
        1: SWITCH_ON INSTRUMENT0 SATELLITE0
        2: CALIBRATE SATELLITE0 INSTRUMENT0 STAR23
        3: TURN_TO SATELLITE0 PLANET69 STAR23
        4: TURN_TO SATELLITE1 STAR35 STAR55
        5: TURN_TO SATELLITE2 STAR64 STAR65
        6: TURN_TO SATELLITE5 GROUNDSTATION11 GROUNDSTATION50
        7: TAKE_IMAGE SATELLITE0 PLANET69 INSTRUMENT0 THERMOGRAPH1
     

time spent:    0.00 seconds instantiating 58084 easy, 0 hard action templates
               0.01 seconds reachability analysis, yielding 1177 facts and 58084 actions
               0.00 seconds creating final representation with 1177 relevant facts, 0 relevant fluents
               0.08 seconds computing LNF
               0.03 seconds building connectivity graph
               0.01 seconds searching, evaluating 9 states, to a max depth of 1
               0.13 seconds total time

