
ff: parsing domain file
domain 'SATELLITE' defined
 ... done.
ff: parsing problem file
problem 'STRIPS-SAT-X-1' defined
 ... done.


no metric specified. plan length assumed.

checking for cyclic := effects --- OK.

ff: search configuration is EHC, if that fails then  best-first on 1*g(s) + 5*h(s) where
    metric is  plan length

Cueing down from goal distance:   11 into depth [1]
                                  10            [1]
                                   9            [1]
                                   8            [1]
                                   7            [1]
                                   6            [1]
                                   5            [1]
                                   4            [1]
                                   3            [1]
                                   2            [1]
                                   1            [1]
                                   0            

ff: found legal plan as follows

step    0: TURN_TO SATELLITE0 GROUNDSTATION15 GROUNDSTATION25
        1: SWITCH_ON INSTRUMENT1 SATELLITE0
        2: TURN_TO SATELLITE1 GROUNDSTATION44 GROUNDSTATION8
        3: CALIBRATE SATELLITE0 INSTRUMENT1 GROUNDSTATION15
        4: TURN_TO SATELLITE0 PLANET69 GROUNDSTATION15
        5: SWITCH_ON INSTRUMENT9 SATELLITE1
        6: CALIBRATE SATELLITE1 INSTRUMENT9 GROUNDSTATION44
        7: TURN_TO SATELLITE1 PLANET70 GROUNDSTATION44
        8: TAKE_IMAGE SATELLITE0 PLANET69 INSTRUMENT1 THERMOGRAPH0
        9: TURN_TO SATELLITE0 STAR32 PLANET69
       10: TAKE_IMAGE SATELLITE1 PLANET70 INSTRUMENT9 IMAGE1
     

time spent:    0.00 seconds instantiating 59588 easy, 0 hard action templates
               0.00 seconds reachability analysis, yielding 1187 facts and 59588 actions
               0.01 seconds creating final representation with 1187 relevant facts, 0 relevant fluents
               0.08 seconds computing LNF
               0.03 seconds building connectivity graph
               0.03 seconds searching, evaluating 14 states, to a max depth of 1
               0.15 seconds total time

