
ff: parsing domain file
domain 'SATELLITE' defined
 ... done.
ff: parsing problem file
problem 'STRIPS-SAT-X-1' defined
 ... done.


no metric specified. plan length assumed.

checking for cyclic := effects --- OK.

ff: search configuration is EHC, if that fails then  best-first on 1*g(s) + 5*h(s) where
    metric is  plan length

Cueing down from goal distance:   14 into depth [1]
                                  13            [1]
                                  12            [1]
                                  11            [1]
                                  10            [1]
                                   9            [1]
                                   8            [1]
                                   7            [1]
                                   6            [1]
                                   5            [1]
                                   4            [1]
                                   3            [1]
                                   2            [1]
                                   1            [1]
                                   0            

ff: found legal plan as follows

step    0: TURN_TO SATELLITE1 GROUNDSTATION11 GROUNDSTATION68
        1: SWITCH_ON INSTRUMENT3 SATELLITE1
        2: CALIBRATE SATELLITE1 INSTRUMENT3 GROUNDSTATION11
        3: TURN_TO SATELLITE1 PHENOMENON69 GROUNDSTATION11
        4: SWITCH_ON INSTRUMENT10 SATELLITE3
        5: CALIBRATE SATELLITE3 INSTRUMENT10 GROUNDSTATION17
        6: TURN_TO SATELLITE3 STAR70 GROUNDSTATION17
        7: TURN_TO SATELLITE0 GROUNDSTATION29 GROUNDSTATION7
        8: TURN_TO SATELLITE5 GROUNDSTATION61 STAR49
        9: TURN_TO SATELLITE8 STAR8 STAR39
       10: TAKE_IMAGE SATELLITE1 PHENOMENON69 INSTRUMENT3 IMAGE0
       11: TURN_TO SATELLITE1 STAR10 PHENOMENON69
       12: TAKE_IMAGE SATELLITE3 STAR70 INSTRUMENT10 INFRARED1
       13: TURN_TO SATELLITE3 GROUNDSTATION29 STAR70
     

time spent:    0.00 seconds instantiating 57733 easy, 0 hard action templates
               0.00 seconds reachability analysis, yielding 1165 facts and 57733 actions
               0.01 seconds creating final representation with 1165 relevant facts, 0 relevant fluents
               0.07 seconds computing LNF
               0.02 seconds building connectivity graph
               0.04 seconds searching, evaluating 22 states, to a max depth of 1
               0.14 seconds total time

