
ff: parsing domain file
domain 'SATELLITE' defined
 ... done.
ff: parsing problem file
problem 'STRIPS-SAT-X-1' defined
 ... done.


no metric specified. plan length assumed.

checking for cyclic := effects --- OK.

ff: search configuration is EHC, if that fails then  best-first on 1*g(s) + 5*h(s) where
    metric is  plan length

Cueing down from goal distance:   14 into depth [1]
                                  13            [1]
                                  12            [1]
                                  11            [1]
                                  10            [1]
                                   9            [1]
                                   8            [1]
                                   7            [1]
                                   6            [1]
                                   5            [1]
                                   4            [1]
                                   3            [1]
                                   2            [1]
                                   1            [1]
                                   0            

ff: found legal plan as follows

step    0: TURN_TO SATELLITE0 STAR48 STAR43
        1: SWITCH_ON INSTRUMENT3 SATELLITE0
        2: TURN_TO SATELLITE1 GROUNDSTATION52 GROUNDSTATION54
        3: CALIBRATE SATELLITE0 INSTRUMENT3 STAR48
        4: TURN_TO SATELLITE0 STAR69 STAR48
        5: SWITCH_ON INSTRUMENT9 SATELLITE1
        6: CALIBRATE SATELLITE1 INSTRUMENT9 GROUNDSTATION52
        7: TURN_TO SATELLITE1 STAR70 GROUNDSTATION52
        8: TURN_TO SATELLITE4 STAR7 GROUNDSTATION18
        9: TURN_TO SATELLITE6 STAR31 GROUNDSTATION54
       10: TURN_TO SATELLITE8 STAR31 STAR33
       11: TAKE_IMAGE SATELLITE0 STAR69 INSTRUMENT3 IMAGE0
       12: TURN_TO SATELLITE0 GROUNDSTATION4 STAR69
       13: TAKE_IMAGE SATELLITE1 STAR70 INSTRUMENT9 THERMOGRAPH4
     

time spent:    0.00 seconds instantiating 59787 easy, 0 hard action templates
               0.00 seconds reachability analysis, yielding 1189 facts and 59787 actions
               0.01 seconds creating final representation with 1189 relevant facts, 0 relevant fluents
               0.07 seconds computing LNF
               0.02 seconds building connectivity graph
               0.03 seconds searching, evaluating 20 states, to a max depth of 1
               0.13 seconds total time

