
ff: parsing domain file
domain 'SATELLITE' defined
 ... done.
ff: parsing problem file
problem 'STRIPS-SAT-X-1' defined
 ... done.


no metric specified. plan length assumed.

checking for cyclic := effects --- OK.

ff: search configuration is EHC, if that fails then  best-first on 1*g(s) + 5*h(s) where
    metric is  plan length

Cueing down from goal distance:   14 into depth [1]
                                  13            [1]
                                  12            [1]
                                  11            [1]
                                  10            [1]
                                   9            [1]
                                   8            [1]
                                   7            [1]
                                   6            [1]
                                   5            [1]
                                   4            [1]
                                   3            [1]
                                   2            [1]
                                   1            [1]
                                   0            

ff: found legal plan as follows

step    0: TURN_TO SATELLITE0 STAR24 STAR59
        1: TURN_TO SATELLITE1 STAR67 GROUNDSTATION40
        2: SWITCH_ON INSTRUMENT0 SATELLITE0
        3: CALIBRATE SATELLITE0 INSTRUMENT0 STAR24
        4: TURN_TO SATELLITE0 PHENOMENON116 STAR24
        5: SWITCH_ON INSTRUMENT7 SATELLITE1
        6: CALIBRATE SATELLITE1 INSTRUMENT7 STAR67
        7: TURN_TO SATELLITE1 PLANET117 STAR67
        8: TURN_TO SATELLITE2 GROUNDSTATION8 GROUNDSTATION52
        9: TURN_TO SATELLITE5 STAR0 GROUNDSTATION94
       10: TURN_TO SATELLITE7 GROUNDSTATION97 STAR34
       11: TAKE_IMAGE SATELLITE0 PHENOMENON116 INSTRUMENT0 INFRARED2
       12: TURN_TO SATELLITE0 GROUNDSTATION65 PHENOMENON116
       13: TAKE_IMAGE SATELLITE1 PLANET117 INSTRUMENT7 SPECTROGRAPH0
     

time spent:    0.00 seconds instantiating 153190 easy, 0 hard action templates
               0.01 seconds reachability analysis, yielding 1890 facts and 153190 actions
               0.02 seconds creating final representation with 1890 relevant facts, 0 relevant fluents
               0.18 seconds computing LNF
               0.07 seconds building connectivity graph
               0.10 seconds searching, evaluating 19 states, to a max depth of 1
               0.38 seconds total time

