
ff: parsing domain file
domain 'SATELLITE' defined
 ... done.
ff: parsing problem file
problem 'STRIPS-SAT-X-1' defined
 ... done.


no metric specified. plan length assumed.

checking for cyclic := effects --- OK.

ff: search configuration is EHC, if that fails then  best-first on 1*g(s) + 5*h(s) where
    metric is  plan length

Cueing down from goal distance:   13 into depth [1]
                                  12            [1]
                                  11            [1]
                                  10            [1]
                                   9            [1]
                                   8            [1]
                                   7            [1]
                                   6            [1]
                                   5            [1]
                                   4            [1]
                                   3            [1]
                                   2            [1]
                                   1            [1]
                                   0            

ff: found legal plan as follows

step    0: TURN_TO SATELLITE0 GROUNDSTATION97 STAR42
        1: SWITCH_ON INSTRUMENT0 SATELLITE0
        2: TURN_TO SATELLITE1 GROUNDSTATION67 GROUNDSTATION38
        3: CALIBRATE SATELLITE0 INSTRUMENT0 GROUNDSTATION97
        4: TURN_TO SATELLITE0 PLANET116 GROUNDSTATION97
        5: SWITCH_ON INSTRUMENT7 SATELLITE1
        6: CALIBRATE SATELLITE1 INSTRUMENT7 GROUNDSTATION67
        7: TURN_TO SATELLITE1 PHENOMENON117 GROUNDSTATION67
        8: TURN_TO SATELLITE6 PLANET116 GROUNDSTATION65
        9: TURN_TO SATELLITE8 PLANET116 STAR52
       10: TAKE_IMAGE SATELLITE0 PLANET116 INSTRUMENT0 SPECTROGRAPH2
       11: TAKE_IMAGE SATELLITE1 PHENOMENON117 INSTRUMENT7 SPECTROGRAPH4
       12: TURN_TO SATELLITE1 GROUNDSTATION11 PHENOMENON117
     

time spent:    0.00 seconds instantiating 149778 easy, 0 hard action templates
               0.01 seconds reachability analysis, yielding 1864 facts and 149778 actions
               0.02 seconds creating final representation with 1864 relevant facts, 0 relevant fluents
               0.18 seconds computing LNF
               0.05 seconds building connectivity graph
               0.12 seconds searching, evaluating 19 states, to a max depth of 1
               0.38 seconds total time

