
ff: parsing domain file
domain 'SATELLITE' defined
 ... done.
ff: parsing problem file
problem 'STRIPS-SAT-X-1' defined
 ... done.


no metric specified. plan length assumed.

checking for cyclic := effects --- OK.

ff: search configuration is EHC, if that fails then  best-first on 1*g(s) + 5*h(s) where
    metric is  plan length

Cueing down from goal distance:   13 into depth [1]
                                  12            [1]
                                   9            [1]
                                   8            [1]
                                   7            [1]
                                   6            [1]
                                   5            [1]
                                   4            [1]
                                   3            [1]
                                   2            [1]
                                   1            [1]
                                   0            

ff: found legal plan as follows

step    0: TURN_TO SATELLITE0 STAR1 STAR27
        1: SWITCH_ON INSTRUMENT1 SATELLITE0
        2: CALIBRATE SATELLITE0 INSTRUMENT1 STAR1
        3: TURN_TO SATELLITE0 STAR116 STAR1
        4: TURN_TO SATELLITE2 STAR29 GROUNDSTATION66
        5: TURN_TO SATELLITE5 STAR45 STAR115
        6: TURN_TO SATELLITE7 GROUNDSTATION41 STAR18
        7: TURN_TO SATELLITE8 GROUNDSTATION61 GROUNDSTATION112
        8: TAKE_IMAGE SATELLITE0 STAR116 INSTRUMENT1 IMAGE1
        9: TURN_TO SATELLITE0 PHENOMENON117 STAR116
       10: TAKE_IMAGE SATELLITE0 PHENOMENON117 INSTRUMENT1 THERMOGRAPH0
     

time spent:    0.00 seconds instantiating 154184 easy, 0 hard action templates
               0.02 seconds reachability analysis, yielding 1900 facts and 154184 actions
               0.02 seconds creating final representation with 1900 relevant facts, 0 relevant fluents
               0.20 seconds computing LNF
               0.06 seconds building connectivity graph
               0.15 seconds searching, evaluating 20 states, to a max depth of 1
               0.45 seconds total time

