
ff: parsing domain file
domain 'SATELLITE' defined
 ... done.
ff: parsing problem file
problem 'STRIPS-SAT-X-1' defined
 ... done.


no metric specified. plan length assumed.

checking for cyclic := effects --- OK.

ff: search configuration is EHC, if that fails then  best-first on 1*g(s) + 5*h(s) where
    metric is  plan length

Cueing down from goal distance:   12 into depth [1]
                                  11            [1]
                                  10            [1]
                                   9            [1]
                                   8            [1]
                                   7            [1]
                                   6            [1]
                                   5            [1]
                                   4            [1]
                                   3            [1]
                                   2            [1]
                                   1            [1]
                                   0            

ff: found legal plan as follows

step    0: TURN_TO SATELLITE0 GROUNDSTATION24 GROUNDSTATION48
        1: SWITCH_ON INSTRUMENT5 SATELLITE0
        2: CALIBRATE SATELLITE0 INSTRUMENT5 GROUNDSTATION24
        3: TURN_TO SATELLITE0 PLANET66 GROUNDSTATION24
        4: TURN_TO SATELLITE1 STAR54 GROUNDSTATION62
        5: TURN_TO SATELLITE4 GROUNDSTATION60 STAR56
        6: TURN_TO SATELLITE5 GROUNDSTATION43 PLANET67
        7: TURN_TO SATELLITE6 GROUNDSTATION7 GROUNDSTATION52
        8: TURN_TO SATELLITE8 STAR35 GROUNDSTATION2
        9: TAKE_IMAGE SATELLITE0 PLANET66 INSTRUMENT5 THERMOGRAPH0
       10: TURN_TO SATELLITE0 PLANET67 PLANET66
       11: TAKE_IMAGE SATELLITE0 PLANET67 INSTRUMENT5 THERMOGRAPH0
     

time spent:    0.00 seconds instantiating 52834 easy, 0 hard action templates
               0.00 seconds reachability analysis, yielding 1112 facts and 52834 actions
               0.01 seconds creating final representation with 1112 relevant facts, 0 relevant fluents
               0.07 seconds computing LNF
               0.04 seconds building connectivity graph
               0.04 seconds searching, evaluating 21 states, to a max depth of 1
               0.16 seconds total time

