
ff: parsing domain file
domain 'SATELLITE' defined
 ... done.
ff: parsing problem file
problem 'STRIPS-SAT-X-1' defined
 ... done.


no metric specified. plan length assumed.

checking for cyclic := effects --- OK.

ff: search configuration is EHC, if that fails then  best-first on 1*g(s) + 5*h(s) where
    metric is  plan length

Cueing down from goal distance:   13 into depth [1]
                                  12            [1]
                                   9            [1]
                                   8            [1]
                                   7            [1]
                                   6            [1][2]
                                   5            [1]
                                   4            [1]
                                   3            [1]
                                   2            [1]
                                   1            [1]
                                   0            

ff: found legal plan as follows

step    0: TURN_TO SATELLITE0 GROUNDSTATION25 GROUNDSTATION23
        1: SWITCH_ON INSTRUMENT4 SATELLITE2
        2: TURN_TO SATELLITE4 GROUNDSTATION49 GROUNDSTATION13
        3: TURN_TO SATELLITE5 GROUNDSTATION49 GROUNDSTATION26
        4: TURN_TO SATELLITE6 STAR50 STAR42
        5: TURN_TO SATELLITE2 GROUNDSTATION49 STAR66
        6: CALIBRATE SATELLITE2 INSTRUMENT4 GROUNDSTATION49
        7: TURN_TO SATELLITE2 STAR66 GROUNDSTATION49
        8: TAKE_IMAGE SATELLITE2 STAR66 INSTRUMENT4 INFRARED0
        9: TURN_TO SATELLITE2 PHENOMENON67 STAR66
       10: TAKE_IMAGE SATELLITE2 PHENOMENON67 INSTRUMENT4 IMAGE3
       11: TURN_TO SATELLITE2 GROUNDSTATION15 PHENOMENON67
     

time spent:    0.00 seconds instantiating 51461 easy, 0 hard action templates
               0.00 seconds reachability analysis, yielding 1100 facts and 51461 actions
               0.01 seconds creating final representation with 1100 relevant facts, 0 relevant fluents
               0.06 seconds computing LNF
               0.03 seconds building connectivity graph
               0.05 seconds searching, evaluating 29 states, to a max depth of 2
               0.15 seconds total time

