
ff: parsing domain file
domain 'SATELLITE' defined
 ... done.
ff: parsing problem file
problem 'STRIPS-SAT-X-1' defined
 ... done.


no metric specified. plan length assumed.

checking for cyclic := effects --- OK.

ff: search configuration is EHC, if that fails then  best-first on 1*g(s) + 5*h(s) where
    metric is  plan length

Cueing down from goal distance:   11 into depth [1]
                                  10            [1]
                                   9            [1]
                                   8            [1]
                                   7            [1]
                                   6            [1]
                                   5            [1]
                                   4            [1]
                                   3            [1]
                                   2            [1]
                                   1            [1]
                                   0            

ff: found legal plan as follows

step    0: TURN_TO SATELLITE0 STAR47 GROUNDSTATION29
        1: SWITCH_ON INSTRUMENT0 SATELLITE0
        2: CALIBRATE SATELLITE0 INSTRUMENT0 STAR47
        3: TURN_TO SATELLITE0 STAR66 STAR47
        4: TURN_TO SATELLITE1 STAR31 GROUNDSTATION10
        5: TURN_TO SATELLITE5 STAR66 STAR22
        6: TURN_TO SATELLITE6 STAR46 STAR40
        7: TURN_TO SATELLITE8 STAR49 STAR48
        8: TAKE_IMAGE SATELLITE0 STAR66 INSTRUMENT0 SPECTROGRAPH1
        9: TURN_TO SATELLITE0 PHENOMENON67 STAR66
       10: TAKE_IMAGE SATELLITE0 PHENOMENON67 INSTRUMENT0 SPECTROGRAPH1
     

time spent:    0.00 seconds instantiating 51689 easy, 0 hard action templates
               0.00 seconds reachability analysis, yielding 1104 facts and 51689 actions
               0.01 seconds creating final representation with 1104 relevant facts, 0 relevant fluents
               0.07 seconds computing LNF
               0.03 seconds building connectivity graph
               0.05 seconds searching, evaluating 19 states, to a max depth of 1
               0.16 seconds total time

