
ff: parsing domain file
domain 'SATELLITE' defined
 ... done.
ff: parsing problem file
problem 'STRIPS-SAT-X-1' defined
 ... done.


no metric specified. plan length assumed.

checking for cyclic := effects --- OK.

ff: search configuration is EHC, if that fails then  best-first on 1*g(s) + 5*h(s) where
    metric is  plan length

Cueing down from goal distance:   12 into depth [1]
                                  11            [1]
                                  10            [1]
                                   9            [1]
                                   8            [1]
                                   7            [1]
                                   6            [1]
                                   5            [1]
                                   4            [1]
                                   3            [1]
                                   2            [1]
                                   1            [1]
                                   0            

ff: found legal plan as follows

step    0: TURN_TO SATELLITE2 STAR54 GROUNDSTATION103
        1: SWITCH_ON INSTRUMENT0 SATELLITE0
        2: CALIBRATE SATELLITE0 INSTRUMENT0 GROUNDSTATION48
        3: TURN_TO SATELLITE0 PHENOMENON180 GROUNDSTATION48
        4: SWITCH_ON INSTRUMENT10 SATELLITE2
        5: CALIBRATE SATELLITE2 INSTRUMENT10 STAR54
        6: TURN_TO SATELLITE2 PHENOMENON181 STAR54
        7: TURN_TO SATELLITE3 GROUNDSTATION76 STAR18
        8: TURN_TO SATELLITE7 PHENOMENON181 STAR155
        9: TURN_TO SATELLITE9 GROUNDSTATION70 STAR175
       10: TAKE_IMAGE SATELLITE0 PHENOMENON180 INSTRUMENT0 THERMOGRAPH3
       11: TAKE_IMAGE SATELLITE2 PHENOMENON181 INSTRUMENT10 IMAGE1
     

time spent:    0.01 seconds instantiating 348566 easy, 0 hard action templates
               0.04 seconds reachability analysis, yielding 2830 facts and 348566 actions
               0.07 seconds creating final representation with 2830 relevant facts, 0 relevant fluents
               0.43 seconds computing LNF
               0.15 seconds building connectivity graph
               0.20 seconds searching, evaluating 13 states, to a max depth of 1
               0.90 seconds total time

