
ff: parsing domain file
domain 'SATELLITE' defined
 ... done.
ff: parsing problem file
problem 'STRIPS-SAT-X-1' defined
 ... done.


no metric specified. plan length assumed.

checking for cyclic := effects --- OK.

ff: search configuration is EHC, if that fails then  best-first on 1*g(s) + 5*h(s) where
    metric is  plan length

Cueing down from goal distance:   14 into depth [1]
                                  13            [1]
                                  12            [1]
                                  11            [1]
                                  10            [1]
                                   9            [1]
                                   8            [1][2]
                                   7            [1]
                                   6            [1]
                                   5            [1]
                                   4            [1]
                                   3            [1]
                                   2            [1]
                                   1            [1]
                                   0            

ff: found legal plan as follows

step    0: TURN_TO SATELLITE3 GROUNDSTATION113 GROUNDSTATION26
        1: TURN_TO SATELLITE4 GROUNDSTATION48 GROUNDSTATION157
        2: TURN_TO SATELLITE5 STAR116 STAR22
        3: TURN_TO SATELLITE6 GROUNDSTATION64 GROUNDSTATION152
        4: TURN_TO SATELLITE8 GROUNDSTATION144 STAR180
        5: TURN_TO SATELLITE9 STAR111 STAR101
        6: SWITCH_ON INSTRUMENT0 SATELLITE0
        7: TURN_TO SATELLITE1 GROUNDSTATION11 GROUNDSTATION70
        8: CALIBRATE SATELLITE0 INSTRUMENT0 GROUNDSTATION99
        9: TURN_TO SATELLITE0 STAR180 GROUNDSTATION99
       10: SWITCH_ON INSTRUMENT5 SATELLITE1
       11: CALIBRATE SATELLITE1 INSTRUMENT5 GROUNDSTATION11
       12: TURN_TO SATELLITE1 PLANET181 GROUNDSTATION11
       13: TAKE_IMAGE SATELLITE0 STAR180 INSTRUMENT0 SPECTROGRAPH0
       14: TAKE_IMAGE SATELLITE1 PLANET181 INSTRUMENT5 INFRARED2
     

time spent:    0.01 seconds instantiating 351988 easy, 0 hard action templates
               0.03 seconds reachability analysis, yielding 2850 facts and 351988 actions
               0.07 seconds creating final representation with 2850 relevant facts, 0 relevant fluents
               0.41 seconds computing LNF
               0.15 seconds building connectivity graph
               1.15 seconds searching, evaluating 43 states, to a max depth of 2
               1.82 seconds total time

