
ff: parsing domain file
domain 'SATELLITE' defined
 ... done.
ff: parsing problem file
problem 'STRIPS-SAT-X-1' defined
 ... done.


no metric specified. plan length assumed.

checking for cyclic := effects --- OK.

ff: search configuration is EHC, if that fails then  best-first on 1*g(s) + 5*h(s) where
    metric is  plan length

Cueing down from goal distance:   11 into depth [1]
                                  10            [1]
                                   9            [1]
                                   8            [1]
                                   7            [1]
                                   6            [1]
                                   5            [1]
                                   4            [1]
                                   3            [1]
                                   2            [1]
                                   1            [1]
                                   0            

ff: found legal plan as follows

step    0: TURN_TO SATELLITE0 GROUNDSTATION40 GROUNDSTATION108
        1: SWITCH_ON INSTRUMENT0 SATELLITE0
        2: CALIBRATE SATELLITE0 INSTRUMENT0 GROUNDSTATION40
        3: TURN_TO SATELLITE0 PLANET180 GROUNDSTATION40
        4: TURN_TO SATELLITE4 STAR34 GROUNDSTATION153
        5: TURN_TO SATELLITE6 STAR162 STAR16
        6: TURN_TO SATELLITE7 STAR81 GROUNDSTATION58
        7: TURN_TO SATELLITE9 STAR107 STAR53
        8: TAKE_IMAGE SATELLITE0 PLANET180 INSTRUMENT0 IMAGE3
        9: TURN_TO SATELLITE0 PLANET181 PLANET180
       10: TAKE_IMAGE SATELLITE0 PLANET181 INSTRUMENT0 IMAGE3
     

time spent:    0.01 seconds instantiating 356232 easy, 0 hard action templates
               0.03 seconds reachability analysis, yielding 2862 facts and 356232 actions
               0.06 seconds creating final representation with 2862 relevant facts, 0 relevant fluents
               0.44 seconds computing LNF
               0.14 seconds building connectivity graph
               0.43 seconds searching, evaluating 19 states, to a max depth of 1
               1.11 seconds total time

