
ff: parsing domain file
domain 'SATELLITE' defined
 ... done.
ff: parsing problem file
problem 'STRIPS-SAT-X-1' defined
 ... done.


no metric specified. plan length assumed.

checking for cyclic := effects --- OK.

ff: search configuration is EHC, if that fails then  best-first on 1*g(s) + 5*h(s) where
    metric is  plan length

Cueing down from goal distance:   16 into depth [1]
                                  15            [1]
                                  14            [1]
                                  13            [1]
                                  12            [1]
                                  11            [1]
                                  10            [1]
                                   9            [1]
                                   8            [1]
                                   7            [1]
                                   6            [1]
                                   5            [1]
                                   4            [1]
                                   3            [1]
                                   2            [1]
                                   1            [1]
                                   0            

ff: found legal plan as follows

step    0: TURN_TO SATELLITE2 GROUNDSTATION2 GROUNDSTATION4
        1: SWITCH_ON INSTRUMENT9 SATELLITE2
        2: CALIBRATE SATELLITE2 INSTRUMENT9 GROUNDSTATION2
        3: TURN_TO SATELLITE2 STAR180 GROUNDSTATION2
        4: SWITCH_ON INSTRUMENT0 SATELLITE0
        5: CALIBRATE SATELLITE0 INSTRUMENT0 STAR54
        6: TURN_TO SATELLITE0 PLANET181 STAR54
        7: TURN_TO SATELLITE1 STAR82 GROUNDSTATION164
        8: TURN_TO SATELLITE4 GROUNDSTATION95 GROUNDSTATION113
        9: TURN_TO SATELLITE5 GROUNDSTATION164 STAR89
       10: TURN_TO SATELLITE6 STAR54 GROUNDSTATION109
       11: TURN_TO SATELLITE8 GROUNDSTATION114 GROUNDSTATION44
       12: TURN_TO SATELLITE9 STAR139 STAR127
       13: TAKE_IMAGE SATELLITE2 STAR180 INSTRUMENT9 SPECTROGRAPH2
       14: TAKE_IMAGE SATELLITE0 PLANET181 INSTRUMENT0 INFRARED3
       15: TURN_TO SATELLITE0 GROUNDSTATION129 PLANET181
     

time spent:    0.01 seconds instantiating 350930 easy, 0 hard action templates
               0.03 seconds reachability analysis, yielding 2848 facts and 350930 actions
               0.07 seconds creating final representation with 2848 relevant facts, 0 relevant fluents
               0.45 seconds computing LNF
               0.14 seconds building connectivity graph
               0.40 seconds searching, evaluating 25 states, to a max depth of 1
               1.10 seconds total time

