
ff: parsing domain file
domain 'SATELLITE' defined
 ... done.
ff: parsing problem file
problem 'STRIPS-SAT-X-1' defined
 ... done.


no metric specified. plan length assumed.

checking for cyclic := effects --- OK.

ff: search configuration is EHC, if that fails then  best-first on 1*g(s) + 5*h(s) where
    metric is  plan length

Cueing down from goal distance:   14 into depth [1]
                                  11            [1]
                                  10            [1]
                                   9            [1]
                                   8            [1]
                                   7            [1]
                                   6            [1]
                                   5            [1][2]
                                   4            [1]
                                   3            [1]
                                   2            [1]
                                   1            [1]
                                   0            

ff: found legal plan as follows

step    0: SWITCH_ON INSTRUMENT17 SATELLITE3
        1: TURN_TO SATELLITE1 GROUNDSTATION13 STAR3
        2: TURN_TO SATELLITE4 GROUNDSTATION15 STAR8
        3: TURN_TO SATELLITE5 GROUNDSTATION2 GROUNDSTATION6
        4: TURN_TO SATELLITE6 GROUNDSTATION14 STAR20
        5: TURN_TO SATELLITE8 GROUNDSTATION13 GROUNDSTATION5
        6: TURN_TO SATELLITE9 STAR22 STAR26
        7: TURN_TO SATELLITE3 STAR0 PHENOMENON29
        8: CALIBRATE SATELLITE3 INSTRUMENT17 STAR0
        9: TURN_TO SATELLITE3 PHENOMENON29 STAR0
       10: TAKE_IMAGE SATELLITE3 PHENOMENON29 INSTRUMENT17 IMAGE1
       11: TURN_TO SATELLITE3 PLANET30 PHENOMENON29
       12: TAKE_IMAGE SATELLITE3 PLANET30 INSTRUMENT17 THERMOGRAPH4
     

time spent:    0.00 seconds instantiating 13830 easy, 0 hard action templates
               0.00 seconds reachability analysis, yielding 595 facts and 13830 actions
               0.00 seconds creating final representation with 595 relevant facts, 0 relevant fluents
               0.01 seconds computing LNF
               0.01 seconds building connectivity graph
               0.01 seconds searching, evaluating 29 states, to a max depth of 2
               0.03 seconds total time

