
ff: parsing domain file
domain 'SATELLITE' defined
 ... done.
ff: parsing problem file
problem 'STRIPS-SAT-X-1' defined
 ... done.


no metric specified. plan length assumed.

checking for cyclic := effects --- OK.

ff: search configuration is EHC, if that fails then  best-first on 1*g(s) + 5*h(s) where
    metric is  plan length

Cueing down from goal distance:   13 into depth [1]
                                  12            [1]
                                  11            [1]
                                  10            [1]
                                   9            [1]
                                   8            [1]
                                   7            [1]
                                   6            [1]
                                   5            [1]
                                   4            [1]
                                   3            [1]
                                   2            [1]
                                   1            [1]
                                   0            

ff: found legal plan as follows

step    0: TURN_TO SATELLITE0 STAR7 STAR11
        1: SWITCH_ON INSTRUMENT1 SATELLITE0
        2: TURN_TO SATELLITE2 STAR16 GROUNDSTATION1
        3: CALIBRATE SATELLITE0 INSTRUMENT1 STAR7
        4: TURN_TO SATELLITE0 PHENOMENON29 STAR7
        5: SWITCH_ON INSTRUMENT9 SATELLITE2
        6: CALIBRATE SATELLITE2 INSTRUMENT9 STAR16
        7: TURN_TO SATELLITE2 PLANET30 STAR16
        8: TURN_TO SATELLITE3 GROUNDSTATION19 STAR26
        9: TURN_TO SATELLITE6 GROUNDSTATION27 STAR11
       10: TAKE_IMAGE SATELLITE0 PHENOMENON29 INSTRUMENT1 IMAGE4
       11: TAKE_IMAGE SATELLITE2 PLANET30 INSTRUMENT9 INFRARED2
       12: TURN_TO SATELLITE2 STAR23 PLANET30
     

time spent:    0.00 seconds instantiating 12290 easy, 0 hard action templates
               0.00 seconds reachability analysis, yielding 555 facts and 12290 actions
               0.00 seconds creating final representation with 555 relevant facts, 0 relevant fluents
               0.01 seconds computing LNF
               0.00 seconds building connectivity graph
               0.01 seconds searching, evaluating 19 states, to a max depth of 1
               0.02 seconds total time

