
ff: parsing domain file
domain 'SATELLITE' defined
 ... done.
ff: parsing problem file
problem 'STRIPS-SAT-X-1' defined
 ... done.


no metric specified. plan length assumed.

checking for cyclic := effects --- OK.

ff: search configuration is EHC, if that fails then  best-first on 1*g(s) + 5*h(s) where
    metric is  plan length

Cueing down from goal distance:   10 into depth [1]
                                   9            [1]
                                   8            [1]
                                   7            [1]
                                   6            [1]
                                   5            [1]
                                   4            [1]
                                   3            [1]
                                   2            [1]
                                   1            [1]
                                   0            

ff: found legal plan as follows

step    0: TURN_TO SATELLITE1 STAR16 GROUNDSTATION8
        1: SWITCH_ON INSTRUMENT3 SATELLITE1
        2: CALIBRATE SATELLITE1 INSTRUMENT3 STAR16
        3: TURN_TO SATELLITE1 STAR29 STAR16
        4: TURN_TO SATELLITE4 GROUNDSTATION17 STAR23
        5: TURN_TO SATELLITE8 GROUNDSTATION20 STAR12
        6: TAKE_IMAGE SATELLITE1 STAR29 INSTRUMENT3 INFRARED2
        7: TURN_TO SATELLITE1 PLANET30 STAR29
        8: TAKE_IMAGE SATELLITE1 PLANET30 INSTRUMENT3 INFRARED2
        9: TURN_TO SATELLITE1 STAR25 PLANET30
     

time spent:    0.00 seconds instantiating 13460 easy, 0 hard action templates
               0.00 seconds reachability analysis, yielding 585 facts and 13460 actions
               0.00 seconds creating final representation with 585 relevant facts, 0 relevant fluents
               0.01 seconds computing LNF
               0.01 seconds building connectivity graph
               0.01 seconds searching, evaluating 20 states, to a max depth of 1
               0.03 seconds total time

