
ff: parsing domain file
domain 'SATELLITE' defined
 ... done.
ff: parsing problem file
problem 'STRIPS-SAT-X-1' defined
 ... done.


no metric specified. plan length assumed.

checking for cyclic := effects --- OK.

ff: search configuration is EHC, if that fails then  best-first on 1*g(s) + 5*h(s) where
    metric is  plan length

Cueing down from goal distance:   18 into depth [1]
                                  17            [1]
                                  16            [1]
                                  15            [1]
                                  14            [1]
                                  13            [1]
                                  12            [1]
                                  11            [1]
                                  10            [1]
                                   9            [1]
                                   8            [1]
                                   7            [1]
                                   6            [1]
                                   5            [1]
                                   4            [1][2]
                                   3            [1]
                                   2            [1]
                                   1            [1]
                                   0            

ff: found legal plan as follows

step    0: TURN_TO SATELLITE0 GROUNDSTATION6 STAR27
        1: SWITCH_ON INSTRUMENT13 SATELLITE3
        2: SWITCH_ON INSTRUMENT0 SATELLITE0
        3: CALIBRATE SATELLITE0 INSTRUMENT0 GROUNDSTATION6
        4: TURN_TO SATELLITE0 PLANET30 GROUNDSTATION6
        5: TURN_TO SATELLITE1 GROUNDSTATION10 GROUNDSTATION20
        6: TURN_TO SATELLITE2 GROUNDSTATION4 STAR22
        7: TURN_TO SATELLITE5 GROUNDSTATION2 GROUNDSTATION13
        8: TURN_TO SATELLITE6 GROUNDSTATION26 GROUNDSTATION0
        9: TURN_TO SATELLITE7 GROUNDSTATION8 STAR12
       10: TURN_TO SATELLITE8 GROUNDSTATION20 STAR14
       11: TURN_TO SATELLITE9 STAR14 GROUNDSTATION3
       12: TAKE_IMAGE SATELLITE0 PLANET30 INSTRUMENT0 SPECTROGRAPH2
       13: TURN_TO SATELLITE0 GROUNDSTATION23 PLANET30
       14: TURN_TO SATELLITE3 STAR5 PLANET29
       15: CALIBRATE SATELLITE3 INSTRUMENT13 STAR5
       16: TURN_TO SATELLITE3 PLANET29 STAR5
       17: TAKE_IMAGE SATELLITE3 PLANET29 INSTRUMENT13 IMAGE0
       18: TURN_TO SATELLITE3 STAR27 PLANET29
     

time spent:    0.00 seconds instantiating 13022 easy, 0 hard action templates
               0.00 seconds reachability analysis, yielding 575 facts and 13022 actions
               0.00 seconds creating final representation with 575 relevant facts, 0 relevant fluents
               0.02 seconds computing LNF
               0.00 seconds building connectivity graph
               0.01 seconds searching, evaluating 50 states, to a max depth of 2
               0.03 seconds total time

