
ff: parsing domain file
domain 'SATELLITE' defined
 ... done.
ff: parsing problem file
problem 'STRIPS-SAT-X-1' defined
 ... done.


no metric specified. plan length assumed.

checking for cyclic := effects --- OK.

ff: search configuration is EHC, if that fails then  best-first on 1*g(s) + 5*h(s) where
    metric is  plan length

Cueing down from goal distance:   15 into depth [1]
                                  14            [1]
                                  13            [1]
                                  10            [1]
                                   9            [1]
                                   8            [1]
                                   7            [1]
                                   6            [1]
                                   5            [1]
                                   4            [1]
                                   3            [1]
                                   2            [1]
                                   1            [1]
                                   0            

ff: found legal plan as follows

step    0: TURN_TO SATELLITE0 GROUNDSTATION47 GROUNDSTATION30
        1: TURN_TO SATELLITE0 STAR22 GROUNDSTATION47
        2: SWITCH_ON INSTRUMENT1 SATELLITE0
        3: CALIBRATE SATELLITE0 INSTRUMENT1 STAR22
        4: TURN_TO SATELLITE0 PLANET125 STAR22
        5: TURN_TO SATELLITE1 STAR81 STAR86
        6: TURN_TO SATELLITE2 GROUNDSTATION84 STAR57
        7: TURN_TO SATELLITE3 GROUNDSTATION72 GROUNDSTATION44
        8: TURN_TO SATELLITE4 STAR62 GROUNDSTATION83
        9: TAKE_IMAGE SATELLITE0 PLANET125 INSTRUMENT1 INFRARED3
       10: TURN_TO SATELLITE0 PHENOMENON126 PLANET125
       11: TAKE_IMAGE SATELLITE0 PHENOMENON126 INSTRUMENT1 THERMOGRAPH1
       12: TURN_TO SATELLITE0 STAR59 PHENOMENON126
     

time spent:    0.00 seconds instantiating 181246 easy, 0 hard action templates
               0.02 seconds reachability analysis, yielding 2043 facts and 181246 actions
               0.03 seconds creating final representation with 2043 relevant facts, 0 relevant fluents
               0.23 seconds computing LNF
               0.07 seconds building connectivity graph
               0.24 seconds searching, evaluating 26 states, to a max depth of 1
               0.59 seconds total time

