
ff: parsing domain file
domain 'SATELLITE' defined
 ... done.
ff: parsing problem file
problem 'STRIPS-SAT-X-1' defined
 ... done.


no metric specified. plan length assumed.

checking for cyclic := effects --- OK.

ff: search configuration is EHC, if that fails then  best-first on 1*g(s) + 5*h(s) where
    metric is  plan length

Cueing down from goal distance:   10 into depth [1]
                                   9            [1]
                                   8            [1]
                                   7            [1]
                                   6            [1]
                                   5            [1]
                                   4            [1]
                                   3            [1]
                                   2            [1]
                                   1            [1]
                                   0            

ff: found legal plan as follows

step    0: TURN_TO SATELLITE0 STAR16 STAR30
        1: SWITCH_ON INSTRUMENT2 SATELLITE0
        2: CALIBRATE SATELLITE0 INSTRUMENT2 STAR16
        3: TURN_TO SATELLITE0 PLANET125 STAR16
        4: TURN_TO SATELLITE2 STAR68 GROUNDSTATION6
        5: TURN_TO SATELLITE6 GROUNDSTATION78 GROUNDSTATION64
        6: TURN_TO SATELLITE9 GROUNDSTATION45 GROUNDSTATION107
        7: TAKE_IMAGE SATELLITE0 PLANET125 INSTRUMENT2 THERMOGRAPH1
        8: TURN_TO SATELLITE0 STAR126 PLANET125
        9: TAKE_IMAGE SATELLITE0 STAR126 INSTRUMENT2 INFRARED2
     

time spent:    0.00 seconds instantiating 177652 easy, 0 hard action templates
               0.02 seconds reachability analysis, yielding 2037 facts and 177652 actions
               0.03 seconds creating final representation with 2037 relevant facts, 0 relevant fluents
               0.21 seconds computing LNF
               0.07 seconds building connectivity graph
               0.16 seconds searching, evaluating 17 states, to a max depth of 1
               0.49 seconds total time

