
ff: parsing domain file
domain 'SATELLITE' defined
 ... done.
ff: parsing problem file
problem 'STRIPS-SAT-X-1' defined
 ... done.


no metric specified. plan length assumed.

checking for cyclic := effects --- OK.

ff: search configuration is EHC, if that fails then  best-first on 1*g(s) + 5*h(s) where
    metric is  plan length

Cueing down from goal distance:   16 into depth [1]
                                  15            [1]
                                  14            [1]
                                  11            [1]
                                  10            [1]
                                   9            [1]
                                   8            [1]
                                   7            [1]
                                   6            [1]
                                   5            [1]
                                   4            [1]
                                   3            [1]
                                   2            [1]
                                   1            [1]
                                   0            

ff: found legal plan as follows

step    0: TURN_TO SATELLITE1 STAR82 GROUNDSTATION129
        1: TURN_TO SATELLITE0 STAR171 STAR163
        2: SWITCH_ON INSTRUMENT1 SATELLITE1
        3: CALIBRATE SATELLITE1 INSTRUMENT1 STAR82
        4: TURN_TO SATELLITE1 PLANET199 STAR82
        5: TURN_TO SATELLITE0 GROUNDSTATION174 STAR171
        6: TURN_TO SATELLITE2 GROUNDSTATION159 GROUNDSTATION43
        7: TURN_TO SATELLITE3 GROUNDSTATION47 STAR171
        8: TURN_TO SATELLITE5 STAR196 GROUNDSTATION60
        9: TURN_TO SATELLITE6 STAR72 GROUNDSTATION157
       10: TURN_TO SATELLITE8 GROUNDSTATION121 STAR163
       11: TAKE_IMAGE SATELLITE1 PLANET199 INSTRUMENT1 INFRARED1
       12: TURN_TO SATELLITE1 PLANET200 PLANET199
       13: TAKE_IMAGE SATELLITE1 PLANET200 INSTRUMENT1 INFRARED0
     

time spent:    0.01 seconds instantiating 423636 easy, 0 hard action templates
               0.03 seconds reachability analysis, yielding 3115 facts and 423636 actions
               0.08 seconds creating final representation with 3115 relevant facts, 0 relevant fluents
               0.48 seconds computing LNF
               0.18 seconds building connectivity graph
               0.66 seconds searching, evaluating 23 states, to a max depth of 1
               1.44 seconds total time

