
ff: parsing domain file
domain 'SATELLITE' defined
 ... done.
ff: parsing problem file
problem 'STRIPS-SAT-X-1' defined
 ... done.


no metric specified. plan length assumed.

checking for cyclic := effects --- OK.

ff: search configuration is EHC, if that fails then  best-first on 1*g(s) + 5*h(s) where
    metric is  plan length

Cueing down from goal distance:   12 into depth [1]
                                  11            [1]
                                  10            [1]
                                   9            [1]
                                   8            [1]
                                   7            [1]
                                   6            [1]
                                   5            [1]
                                   4            [1]
                                   3            [1]
                                   2            [1]
                                   1            [1]
                                   0            

ff: found legal plan as follows

step    0: SWITCH_ON INSTRUMENT1 SATELLITE0
        1: TURN_TO SATELLITE1 GROUNDSTATION189 STAR198
        2: CALIBRATE SATELLITE0 INSTRUMENT1 STAR122
        3: TURN_TO SATELLITE0 PLANET199 STAR122
        4: SWITCH_ON INSTRUMENT9 SATELLITE1
        5: CALIBRATE SATELLITE1 INSTRUMENT9 GROUNDSTATION189
        6: TURN_TO SATELLITE1 PHENOMENON200 GROUNDSTATION189
        7: TURN_TO SATELLITE4 STAR138 GROUNDSTATION144
        8: TURN_TO SATELLITE9 STAR145 GROUNDSTATION103
        9: TAKE_IMAGE SATELLITE0 PLANET199 INSTRUMENT1 IMAGE1
       10: TURN_TO SATELLITE0 STAR147 PLANET199
       11: TAKE_IMAGE SATELLITE1 PHENOMENON200 INSTRUMENT9 THERMOGRAPH0
     

time spent:    0.01 seconds instantiating 433662 easy, 0 hard action templates
               0.04 seconds reachability analysis, yielding 3171 facts and 433662 actions
               0.07 seconds creating final representation with 3171 relevant facts, 0 relevant fluents
               0.50 seconds computing LNF
               0.17 seconds building connectivity graph
               0.36 seconds searching, evaluating 17 states, to a max depth of 1
               1.15 seconds total time

