
ff: parsing domain file
domain 'SATELLITE' defined
 ... done.
ff: parsing problem file
problem 'STRIPS-SAT-X-1' defined
 ... done.


no metric specified. plan length assumed.

checking for cyclic := effects --- OK.

ff: search configuration is EHC, if that fails then  best-first on 1*g(s) + 5*h(s) where
    metric is  plan length

Cueing down from goal distance:   12 into depth [1]
                                  11            [1]
                                  10            [1]
                                   9            [1]
                                   8            [1][2]
                                   7            [1]
                                   6            [1]
                                   5            [1]
                                   4            [1]
                                   3            [1]
                                   2            [1]
                                   1            [1]
                                   0            

ff: found legal plan as follows

step    0: TURN_TO SATELLITE0 GROUNDSTATION70 STAR8
        1: TURN_TO SATELLITE0 STAR41 GROUNDSTATION70
        2: TURN_TO SATELLITE5 STAR46 GROUNDSTATION70
        3: TURN_TO SATELLITE9 GROUNDSTATION25 STAR69
        4: SWITCH_ON INSTRUMENT0 SATELLITE0
        5: TURN_TO SATELLITE1 STAR5 STAR31
        6: CALIBRATE SATELLITE0 INSTRUMENT0 STAR41
        7: TURN_TO SATELLITE0 PHENOMENON87 STAR41
        8: SWITCH_ON INSTRUMENT8 SATELLITE1
        9: CALIBRATE SATELLITE1 INSTRUMENT8 STAR5
       10: TURN_TO SATELLITE1 PHENOMENON88 STAR5
       11: TAKE_IMAGE SATELLITE0 PHENOMENON87 INSTRUMENT0 IMAGE0
       12: TAKE_IMAGE SATELLITE1 PHENOMENON88 INSTRUMENT8 THERMOGRAPH1
     

time spent:    0.00 seconds instantiating 88501 easy, 0 hard action templates
               0.01 seconds reachability analysis, yielding 1433 facts and 88501 actions
               0.01 seconds creating final representation with 1433 relevant facts, 0 relevant fluents
               0.12 seconds computing LNF
               0.04 seconds building connectivity graph
               0.15 seconds searching, evaluating 25 states, to a max depth of 2
               0.33 seconds total time

