
ff: parsing domain file
domain 'SATELLITE' defined
 ... done.
ff: parsing problem file
problem 'STRIPS-SAT-X-1' defined
 ... done.


no metric specified. plan length assumed.

checking for cyclic := effects --- OK.

ff: search configuration is EHC, if that fails then  best-first on 1*g(s) + 5*h(s) where
    metric is  plan length

Cueing down from goal distance:   10 into depth [1]
                                   9            [1]
                                   8            [1]
                                   7            [1]
                                   6            [1]
                                   5            [1]
                                   4            [1]
                                   3            [1]
                                   2            [1]
                                   1            [1]
                                   0            

ff: found legal plan as follows

step    0: TURN_TO SATELLITE0 GROUNDSTATION47 GROUNDSTATION85
        1: SWITCH_ON INSTRUMENT2 SATELLITE0
        2: CALIBRATE SATELLITE0 INSTRUMENT2 GROUNDSTATION47
        3: TURN_TO SATELLITE0 STAR87 GROUNDSTATION47
        4: TURN_TO SATELLITE1 STAR11 GROUNDSTATION75
        5: TURN_TO SATELLITE2 GROUNDSTATION22 GROUNDSTATION47
        6: TURN_TO SATELLITE3 STAR11 GROUNDSTATION14
        7: TURN_TO SATELLITE4 STAR19 STAR66
        8: TURN_TO SATELLITE6 GROUNDSTATION25 STAR35
        9: TAKE_IMAGE SATELLITE0 STAR87 INSTRUMENT2 SPECTROGRAPH3
     

time spent:    0.00 seconds instantiating 90017 easy, 0 hard action templates
               0.00 seconds reachability analysis, yielding 1457 facts and 90017 actions
               0.02 seconds creating final representation with 1457 relevant facts, 0 relevant fluents
               0.12 seconds computing LNF
               0.05 seconds building connectivity graph
               0.03 seconds searching, evaluating 11 states, to a max depth of 1
               0.22 seconds total time

