
ff: parsing domain file
domain 'SATELLITE' defined
 ... done.
ff: parsing problem file
problem 'STRIPS-SAT-X-1' defined
 ... done.


no metric specified. plan length assumed.

checking for cyclic := effects --- OK.

ff: search configuration is EHC, if that fails then  best-first on 1*g(s) + 5*h(s) where
    metric is  plan length

Cueing down from goal distance:   14 into depth [1]
                                  13            [1]
                                  12            [1]
                                  11            [1]
                                  10            [1]
                                   9            [1]
                                   8            [1]
                                   7            [1]
                                   6            [1]
                                   5            [1]
                                   4            [1]
                                   3            [1]
                                   2            [1]
                                   1            [1]
                                   0            

ff: found legal plan as follows

step    0: TURN_TO SATELLITE1 STAR62 STAR31
        1: SWITCH_ON INSTRUMENT6 SATELLITE1
        2: CALIBRATE SATELLITE1 INSTRUMENT6 STAR62
        3: TURN_TO SATELLITE1 STAR87 STAR62
        4: SWITCH_ON INSTRUMENT0 SATELLITE0
        5: CALIBRATE SATELLITE0 INSTRUMENT0 STAR36
        6: TURN_TO SATELLITE0 STAR88 STAR36
        7: TURN_TO SATELLITE2 STAR35 GROUNDSTATION0
        8: TURN_TO SATELLITE4 GROUNDSTATION60 STAR81
        9: TURN_TO SATELLITE6 GROUNDSTATION30 GROUNDSTATION73
       10: TURN_TO SATELLITE7 STAR41 STAR17
       11: TURN_TO SATELLITE9 GROUNDSTATION8 STAR82
       12: TAKE_IMAGE SATELLITE1 STAR87 INSTRUMENT6 THERMOGRAPH4
       13: TAKE_IMAGE SATELLITE0 STAR88 INSTRUMENT0 THERMOGRAPH0
     

time spent:    0.00 seconds instantiating 91170 easy, 0 hard action templates
               0.01 seconds reachability analysis, yielding 1471 facts and 91170 actions
               0.01 seconds creating final representation with 1471 relevant facts, 0 relevant fluents
               0.12 seconds computing LNF
               0.03 seconds building connectivity graph
               0.04 seconds searching, evaluating 15 states, to a max depth of 1
               0.21 seconds total time

