
ff: parsing domain file
domain 'SATELLITE' defined
 ... done.
ff: parsing problem file
problem 'STRIPS-SAT-X-1' defined
 ... done.


no metric specified. plan length assumed.

checking for cyclic := effects --- OK.

ff: search configuration is EHC, if that fails then  best-first on 1*g(s) + 5*h(s) where
    metric is  plan length

Cueing down from goal distance:   11 into depth [1]
                                  10            [1]
                                   9            [1]
                                   8            [1]
                                   7            [1]
                                   6            [1]
                                   5            [1]
                                   4            [1]
                                   3            [1]
                                   2            [1]
                                   1            [1]
                                   0            

ff: found legal plan as follows

step    0: TURN_TO SATELLITE0 STAR42 STAR16
        1: SWITCH_ON INSTRUMENT0 SATELLITE0
        2: CALIBRATE SATELLITE0 INSTRUMENT0 STAR42
        3: TURN_TO SATELLITE0 PHENOMENON87 STAR42
        4: TURN_TO SATELLITE6 GROUNDSTATION15 GROUNDSTATION63
        5: TURN_TO SATELLITE7 STAR38 STAR8
        6: TURN_TO SATELLITE8 STAR79 STAR41
        7: TURN_TO SATELLITE9 STAR19 STAR79
        8: TAKE_IMAGE SATELLITE0 PHENOMENON87 INSTRUMENT0 INFRARED1
        9: TURN_TO SATELLITE0 PHENOMENON88 PHENOMENON87
       10: TAKE_IMAGE SATELLITE0 PHENOMENON88 INSTRUMENT0 IMAGE0
     

time spent:    0.00 seconds instantiating 92000 easy, 0 hard action templates
               0.01 seconds reachability analysis, yielding 1473 facts and 92000 actions
               0.01 seconds creating final representation with 1473 relevant facts, 0 relevant fluents
               0.11 seconds computing LNF
               0.03 seconds building connectivity graph
               0.07 seconds searching, evaluating 19 states, to a max depth of 1
               0.23 seconds total time

