
ff: parsing domain file
domain 'BLOCKS' defined
 ... done.
ff: parsing problem file
problem 'PB2' defined
 ... done.


no metric specified. plan length assumed.

checking for cyclic := effects --- OK.

ff: search configuration is EHC, if that fails then  best-first on 1*g(s) + 5*h(s) where
    metric is  plan length

Cueing down from goal distance:   44 into depth [1]
                                  43            [1]
                                  42            [1]
                                  41            [1]
                                  40            [1][2]
                                  38            [1]
                                  37            [1][2][3]
                                  36            [1]
                                  35            [1][2]
                                  34            [1][2]
                                  33            [1][2]
                                  32            [1][2]
                                  31            [1][2]
                                  30            [1]
                                  29            [1][2][3][4][5][6]
                                  28            [1]
                                  27            [1][2]
                                  26            [1][2][3][4][5]
                                  25            [1]
                                  24            [1]
                                  23            [1][2][3]
                                  22            [1][2]
                                  21            [1]
                                  20            [1]
                                  19            [1][2]
                                  18            [1][2][3]
                                  17            [1]
                                  16            [1]
                                  15            [1]
                                  14            [1][2][3][4][5][6][7][8][9][10][11]
                                  13            [1]
                                  12            [1][2][3]
                                  11            [1]
                                  10            [1]
                                   9            [1][2][3][4][5][6][7][8][9][10]
                                   8            [1]
                                   7            [1]
                                   6            [1]
                                   5            [1]
                                   4            [1][2][3][4][5][6][7]
                                   3            [1]
                                   2            [1][2]
                                   0            

ff: found legal plan as follows

step    0: UNSTACK BLOCK1 BLOCK9
        1: PUT-DOWN BLOCK1
        2: UNSTACK BLOCK14 BLOCK12
        3: PUT-DOWN BLOCK14
        4: UNSTACK BLOCK6 BLOCK20
        5: STACK BLOCK6 BLOCK1
        6: UNSTACK BLOCK20 BLOCK7
        7: STACK BLOCK20 BLOCK14
        8: UNSTACK BLOCK22 BLOCK16
        9: PUT-DOWN BLOCK22
       10: UNSTACK BLOCK9 BLOCK5
       11: STACK BLOCK9 BLOCK16
       12: UNSTACK BLOCK5 BLOCK10
       13: STACK BLOCK5 BLOCK7
       14: UNSTACK BLOCK12 BLOCK11
       15: STACK BLOCK12 BLOCK10
       16: UNSTACK BLOCK11 BLOCK4
       17: STACK BLOCK11 BLOCK12
       18: UNSTACK BLOCK20 BLOCK14
       19: STACK BLOCK20 BLOCK2
       20: PICK-UP BLOCK4
       21: STACK BLOCK4 BLOCK14
       22: UNSTACK BLOCK20 BLOCK2
       23: STACK BLOCK20 BLOCK11
       24: UNSTACK BLOCK2 BLOCK17
       25: STACK BLOCK2 BLOCK22
       26: UNSTACK BLOCK17 BLOCK23
       27: STACK BLOCK17 BLOCK4
       28: UNSTACK BLOCK20 BLOCK11
       29: STACK BLOCK20 BLOCK2
       30: UNSTACK BLOCK23 BLOCK15
       31: STACK BLOCK23 BLOCK5
       32: UNSTACK BLOCK9 BLOCK16
       33: STACK BLOCK9 BLOCK11
       34: UNSTACK BLOCK16 BLOCK8
       35: STACK BLOCK16 BLOCK15
       36: UNSTACK BLOCK9 BLOCK11
       37: STACK BLOCK9 BLOCK16
       38: UNSTACK BLOCK8 BLOCK19
       39: STACK BLOCK8 BLOCK23
       40: UNSTACK BLOCK19 BLOCK18
       41: STACK BLOCK19 BLOCK20
       42: UNSTACK BLOCK18 BLOCK3
       43: STACK BLOCK18 BLOCK17
       44: UNSTACK BLOCK3 BLOCK21
       45: STACK BLOCK3 BLOCK11
       46: UNSTACK BLOCK8 BLOCK23
       47: STACK BLOCK8 BLOCK3
       48: UNSTACK BLOCK21 BLOCK13
       49: STACK BLOCK21 BLOCK9
       50: UNSTACK BLOCK8 BLOCK3
       51: STACK BLOCK8 BLOCK21
       52: PICK-UP BLOCK13
       53: STACK BLOCK13 BLOCK23
       54: UNSTACK BLOCK3 BLOCK11
       55: STACK BLOCK3 BLOCK19
       56: UNSTACK BLOCK11 BLOCK12
       57: STACK BLOCK11 BLOCK13
       58: UNSTACK BLOCK12 BLOCK10
       59: STACK BLOCK12 BLOCK3
       60: PICK-UP BLOCK10
       61: STACK BLOCK10 BLOCK18
       62: UNSTACK BLOCK12 BLOCK3
       63: STACK BLOCK12 BLOCK10
       64: UNSTACK BLOCK11 BLOCK13
       65: STACK BLOCK11 BLOCK12
       66: UNSTACK BLOCK3 BLOCK19
       67: STACK BLOCK3 BLOCK11
       68: UNSTACK BLOCK13 BLOCK23
       69: STACK BLOCK13 BLOCK19
       70: UNSTACK BLOCK23 BLOCK5
       71: STACK BLOCK23 BLOCK13
       72: UNSTACK BLOCK5 BLOCK7
       73: STACK BLOCK5 BLOCK23
       74: PICK-UP BLOCK7
       75: STACK BLOCK7 BLOCK3
       76: UNSTACK BLOCK5 BLOCK23
       77: STACK BLOCK5 BLOCK7
       78: UNSTACK BLOCK23 BLOCK13
       79: STACK BLOCK23 BLOCK5
       80: UNSTACK BLOCK13 BLOCK19
       81: STACK BLOCK13 BLOCK23
       82: UNSTACK BLOCK19 BLOCK20
       83: STACK BLOCK19 BLOCK8
       84: UNSTACK BLOCK20 BLOCK2
       85: STACK BLOCK20 BLOCK19
       86: UNSTACK BLOCK2 BLOCK22
       87: STACK BLOCK2 BLOCK13
       88: UNSTACK BLOCK20 BLOCK19
       89: STACK BLOCK20 BLOCK2
       90: UNSTACK BLOCK19 BLOCK8
       91: STACK BLOCK19 BLOCK20
     

time spent:    0.00 seconds instantiating 1104 easy, 0 hard action templates
               0.00 seconds reachability analysis, yielding 599 facts and 1104 actions
               0.00 seconds creating final representation with 599 relevant facts, 0 relevant fluents
               0.00 seconds computing LNF
               0.00 seconds building connectivity graph
             123.08 seconds searching, evaluating 609320 states, to a max depth of 11
             123.08 seconds total time

