
ff: parsing domain file
domain 'BLOCKS' defined
 ... done.
ff: parsing problem file
problem 'PB3' defined
 ... done.


no metric specified. plan length assumed.

checking for cyclic := effects --- OK.

ff: search configuration is EHC, if that fails then  best-first on 1*g(s) + 5*h(s) where
    metric is  plan length

Cueing down from goal distance:   41 into depth [1]
                                  40            [1]
                                  39            [1]
                                  38            [1][2][3]
                                  37            [1]
                                  36            [1]
                                  35            [1][2][3]
                                  34            [1][2][3][4]
                                  33            [1]
                                  32            [1]
                                  31            [1][2][3]
                                  30            [1]
                                  29            [1]
                                  28            [1]
                                  27            [1]
                                  26            [1]
                                  25            [1]
                                  24            [1][2][3]
                                  23            [1]
                                  22            [1]
                                  21            [1][2][3]
                                  19            [1]
                                  18            [1][2]
                                  17            [1][2]
                                  16            [1][2][3][4][5]
                                  15            [1][2]
                                  13            [1][2][3][4]
                                  12            [1]
                                  11            [1]
                                  10            [1][2][3][4][5][6][7]
                                   9            [1]
                                   8            [1]
                                   7            [1]
                                   6            [1][2][3][4][5][6][7]
                                   5            [1]
                                   4            [1]
                                   3            [1][2][3]
                                   2            [1][2]
                                   0            

ff: found legal plan as follows

step    0: UNSTACK BLOCK5 BLOCK22
        1: PUT-DOWN BLOCK5
        2: UNSTACK BLOCK17 BLOCK10
        3: STACK BLOCK17 BLOCK20
        4: UNSTACK BLOCK22 BLOCK9
        5: STACK BLOCK22 BLOCK15
        6: UNSTACK BLOCK17 BLOCK20
        7: STACK BLOCK17 BLOCK22
        8: UNSTACK BLOCK20 BLOCK4
        9: STACK BLOCK20 BLOCK17
       10: PICK-UP BLOCK9
       11: STACK BLOCK9 BLOCK4
       12: UNSTACK BLOCK7 BLOCK11
       13: STACK BLOCK7 BLOCK20
       14: UNSTACK BLOCK11 BLOCK14
       15: STACK BLOCK11 BLOCK5
       16: PICK-UP BLOCK1
       17: STACK BLOCK1 BLOCK10
       18: UNSTACK BLOCK14 BLOCK2
       19: STACK BLOCK14 BLOCK11
       20: UNSTACK BLOCK1 BLOCK10
       21: STACK BLOCK1 BLOCK14
       22: UNSTACK BLOCK2 BLOCK21
       23: STACK BLOCK2 BLOCK1
       24: PICK-UP BLOCK10
       25: STACK BLOCK10 BLOCK2
       26: UNSTACK BLOCK21 BLOCK19
       27: STACK BLOCK21 BLOCK9
       28: UNSTACK BLOCK19 BLOCK18
       29: STACK BLOCK19 BLOCK10
       30: UNSTACK BLOCK18 BLOCK12
       31: STACK BLOCK18 BLOCK21
       32: UNSTACK BLOCK3 BLOCK16
       33: STACK BLOCK3 BLOCK19
       34: UNSTACK BLOCK12 BLOCK8
       35: STACK BLOCK12 BLOCK16
       36: UNSTACK BLOCK7 BLOCK20
       37: STACK BLOCK7 BLOCK8
       38: UNSTACK BLOCK20 BLOCK17
       39: STACK BLOCK20 BLOCK12
       40: UNSTACK BLOCK7 BLOCK8
       41: STACK BLOCK7 BLOCK18
       42: UNSTACK BLOCK8 BLOCK13
       43: PUT-DOWN BLOCK8
       44: UNSTACK BLOCK7 BLOCK18
       45: STACK BLOCK7 BLOCK8
       46: UNSTACK BLOCK18 BLOCK21
       47: STACK BLOCK18 BLOCK20
       48: UNSTACK BLOCK21 BLOCK9
       49: STACK BLOCK21 BLOCK13
       50: UNSTACK BLOCK18 BLOCK20
       51: STACK BLOCK18 BLOCK21
       52: UNSTACK BLOCK20 BLOCK12
       53: STACK BLOCK20 BLOCK18
       54: UNSTACK BLOCK12 BLOCK16
       55: STACK BLOCK12 BLOCK20
       56: PICK-UP BLOCK16
       57: STACK BLOCK16 BLOCK17
       58: UNSTACK BLOCK12 BLOCK20
       59: STACK BLOCK12 BLOCK16
       60: UNSTACK BLOCK20 BLOCK18
       61: STACK BLOCK20 BLOCK12
       62: UNSTACK BLOCK9 BLOCK4
       63: STACK BLOCK9 BLOCK20
       64: UNSTACK BLOCK4 BLOCK23
       65: STACK BLOCK4 BLOCK9
       66: UNSTACK BLOCK23 BLOCK6
       67: STACK BLOCK23 BLOCK18
       68: UNSTACK BLOCK4 BLOCK9
       69: STACK BLOCK4 BLOCK23
       70: PICK-UP BLOCK6
       71: STACK BLOCK6 BLOCK7
       72: UNSTACK BLOCK9 BLOCK20
       73: STACK BLOCK9 BLOCK4
       74: UNSTACK BLOCK6 BLOCK7
       75: STACK BLOCK6 BLOCK9
     

time spent:    0.00 seconds instantiating 1104 easy, 0 hard action templates
               0.00 seconds reachability analysis, yielding 599 facts and 1104 actions
               0.00 seconds creating final representation with 599 relevant facts, 0 relevant fluents
               0.00 seconds computing LNF
               0.00 seconds building connectivity graph
               0.09 seconds searching, evaluating 3750 states, to a max depth of 7
               0.09 seconds total time

