
ff: parsing domain file
domain 'BLOCKS' defined
 ... done.
ff: parsing problem file
problem 'PB2' defined
 ... done.


no metric specified. plan length assumed.

checking for cyclic := effects --- OK.

ff: search configuration is EHC, if that fails then  best-first on 1*g(s) + 5*h(s) where
    metric is  plan length

Cueing down from goal distance:    6 into depth [1]
                                   5            [1]
                                   4            [1][2][3][4][5][6][7]
                                   3            [1]
                                   2            [1]
                                   1            [1]
                                   0            

ff: found legal plan as follows

step    0: UNSTACK BLOCK3 BLOCK1
        1: PUT-DOWN BLOCK3
        2: UNSTACK BLOCK1 BLOCK4
        3: PUT-DOWN BLOCK1
        4: UNSTACK BLOCK4 BLOCK2
        5: STACK BLOCK4 BLOCK1
        6: PICK-UP BLOCK2
        7: STACK BLOCK2 BLOCK3
        8: UNSTACK BLOCK4 BLOCK1
        9: STACK BLOCK4 BLOCK2
       10: PICK-UP BLOCK1
       11: STACK BLOCK1 BLOCK4
     

time spent:    0.00 seconds instantiating 40 easy, 0 hard action templates
               0.00 seconds reachability analysis, yielding 29 facts and 40 actions
               0.00 seconds creating final representation with 29 relevant facts, 0 relevant fluents
               0.00 seconds computing LNF
               0.00 seconds building connectivity graph
               0.00 seconds searching, evaluating 46 states, to a max depth of 7
               0.00 seconds total time

