
ff: parsing domain file
domain 'SATELLITE' defined
 ... done.
ff: parsing problem file
problem 'STRIPS-SAT-X-1' defined
 ... done.


no metric specified. plan length assumed.

checking for cyclic := effects --- OK.

ff: search configuration is EHC, if that fails then  best-first on 1*g(s) + 5*h(s) where
    metric is  plan length

Cueing down from goal distance:   12 into depth [1]
                                  11            [1]
                                  10            [1]
                                   9            [1]
                                   8            [1]
                                   7            [1]
                                   6            [1]
                                   5            [1]
                                   4            [1]
                                   3            [1]
                                   2            [1]
                                   1            [1]
                                   0            

ff: found legal plan as follows

step    0: TURN_TO SATELLITE0 GROUNDSTATION58 STAR143
        1: TURN_TO SATELLITE0 GROUNDSTATION129 GROUNDSTATION58
        2: SWITCH_ON INSTRUMENT0 SATELLITE0
        3: CALIBRATE SATELLITE0 INSTRUMENT0 GROUNDSTATION129
        4: TURN_TO SATELLITE0 PLANET189 GROUNDSTATION129
        5: SWITCH_ON INSTRUMENT10 SATELLITE1
        6: CALIBRATE SATELLITE1 INSTRUMENT10 GROUNDSTATION141
        7: TURN_TO SATELLITE1 PHENOMENON190 GROUNDSTATION141
        8: TURN_TO SATELLITE4 STAR143 GROUNDSTATION89
        9: TURN_TO SATELLITE5 GROUNDSTATION47 STAR42
       10: TAKE_IMAGE SATELLITE0 PLANET189 INSTRUMENT0 INFRARED0
       11: TAKE_IMAGE SATELLITE1 PHENOMENON190 INSTRUMENT10 IMAGE2
     

time spent:    0.01 seconds instantiating 392969 easy, 0 hard action templates
               0.03 seconds reachability analysis, yielding 3011 facts and 392969 actions
               0.06 seconds creating final representation with 3011 relevant facts, 0 relevant fluents
               0.47 seconds computing LNF
               0.16 seconds building connectivity graph
               0.27 seconds searching, evaluating 13 states, to a max depth of 1
               1.00 seconds total time

