
ff: parsing domain file
domain 'SATELLITE' defined
 ... done.
ff: parsing problem file
problem 'STRIPS-SAT-X-1' defined
 ... done.


no metric specified. plan length assumed.

checking for cyclic := effects --- OK.

ff: search configuration is EHC, if that fails then  best-first on 1*g(s) + 5*h(s) where
    metric is  plan length

Cueing down from goal distance:   11 into depth [1]
                                  10            [1]
                                   9            [1]
                                   8            [1]
                                   7            [1]
                                   6            [1]
                                   5            [1]
                                   4            [1]
                                   3            [1]
                                   2            [1]
                                   1            [1]
                                   0            

ff: found legal plan as follows

step    0: TURN_TO SATELLITE1 GROUNDSTATION4 GROUNDSTATION167
        1: TURN_TO SATELLITE0 STAR43 GROUNDSTATION76
        2: SWITCH_ON INSTRUMENT3 SATELLITE1
        3: CALIBRATE SATELLITE1 INSTRUMENT3 GROUNDSTATION4
        4: TURN_TO SATELLITE1 STAR189 GROUNDSTATION4
        5: SWITCH_ON INSTRUMENT0 SATELLITE0
        6: CALIBRATE SATELLITE0 INSTRUMENT0 STAR43
        7: TURN_TO SATELLITE0 STAR190 STAR43
        8: TURN_TO SATELLITE9 STAR142 STAR59
        9: TAKE_IMAGE SATELLITE1 STAR189 INSTRUMENT3 IMAGE1
       10: TAKE_IMAGE SATELLITE0 STAR190 INSTRUMENT0 INFRARED4
     

time spent:    0.01 seconds instantiating 389824 easy, 0 hard action templates
               0.03 seconds reachability analysis, yielding 2993 facts and 389824 actions
               0.07 seconds creating final representation with 2993 relevant facts, 0 relevant fluents
               0.47 seconds computing LNF
               0.15 seconds building connectivity graph
               0.25 seconds searching, evaluating 12 states, to a max depth of 1
               0.98 seconds total time

