
ff: parsing domain file
domain 'SATELLITE' defined
 ... done.
ff: parsing problem file
problem 'STRIPS-SAT-X-1' defined
 ... done.


no metric specified. plan length assumed.

checking for cyclic := effects --- OK.

ff: search configuration is EHC, if that fails then  best-first on 1*g(s) + 5*h(s) where
    metric is  plan length

Cueing down from goal distance:   11 into depth [1]
                                  10            [1]
                                   9            [1]
                                   8            [1]
                                   7            [1]
                                   6            [1]
                                   5            [1]
                                   4            [1]
                                   3            [1]
                                   2            [1]
                                   1            [1]
                                   0            

ff: found legal plan as follows

step    0: TURN_TO SATELLITE0 STAR99 GROUNDSTATION75
        1: SWITCH_ON INSTRUMENT1 SATELLITE0
        2: CALIBRATE SATELLITE0 INSTRUMENT1 STAR99
        3: TURN_TO SATELLITE0 PHENOMENON189 STAR99
        4: TURN_TO SATELLITE1 STAR190 STAR29
        5: TURN_TO SATELLITE3 GROUNDSTATION71 STAR16
        6: TURN_TO SATELLITE8 GROUNDSTATION59 STAR134
        7: TURN_TO SATELLITE9 STAR3 STAR160
        8: TAKE_IMAGE SATELLITE0 PHENOMENON189 INSTRUMENT1 IMAGE0
        9: TURN_TO SATELLITE0 STAR190 PHENOMENON189
       10: TAKE_IMAGE SATELLITE0 STAR190 INSTRUMENT1 IMAGE0
     

time spent:    0.01 seconds instantiating 385867 easy, 0 hard action templates
               0.04 seconds reachability analysis, yielding 2979 facts and 385867 actions
               0.09 seconds creating final representation with 2979 relevant facts, 0 relevant fluents
               0.50 seconds computing LNF
               0.16 seconds building connectivity graph
               0.50 seconds searching, evaluating 19 states, to a max depth of 1
               1.30 seconds total time

