
ff: parsing domain file
domain 'SATELLITE' defined
 ... done.
ff: parsing problem file
problem 'STRIPS-SAT-X-1' defined
 ... done.


no metric specified. plan length assumed.

checking for cyclic := effects --- OK.

ff: search configuration is EHC, if that fails then  best-first on 1*g(s) + 5*h(s) where
    metric is  plan length

Cueing down from goal distance:    9 into depth [1]
                                   8            [1]
                                   7            [1]
                                   6            [1]
                                   5            [1]
                                   4            [1]
                                   3            [1]
                                   2            [1]
                                   1            [1]
                                   0            

ff: found legal plan as follows

step    0: TURN_TO SATELLITE0 GROUNDSTATION172 GROUNDSTATION42
        1: SWITCH_ON INSTRUMENT2 SATELLITE0
        2: CALIBRATE SATELLITE0 INSTRUMENT2 GROUNDSTATION172
        3: TURN_TO SATELLITE0 PHENOMENON196 GROUNDSTATION172
        4: TURN_TO SATELLITE1 STAR31 GROUNDSTATION183
        5: TURN_TO SATELLITE2 GROUNDSTATION150 STAR110
        6: TURN_TO SATELLITE3 STAR189 GROUNDSTATION103
        7: TURN_TO SATELLITE9 STAR89 STAR148
        8: TAKE_IMAGE SATELLITE0 PHENOMENON196 INSTRUMENT2 THERMOGRAPH0
     

time spent:    0.01 seconds instantiating 411589 easy, 0 hard action templates
               0.04 seconds reachability analysis, yielding 3071 facts and 411589 actions
               0.05 seconds creating final representation with 3071 relevant facts, 0 relevant fluents
               0.49 seconds computing LNF
               0.17 seconds building connectivity graph
               0.14 seconds searching, evaluating 10 states, to a max depth of 1
               0.90 seconds total time

