
ff: parsing domain file
domain 'SATELLITE' defined
 ... done.
ff: parsing problem file
problem 'STRIPS-SAT-X-1' defined
 ... done.


no metric specified. plan length assumed.

checking for cyclic := effects --- OK.

ff: search configuration is EHC, if that fails then  best-first on 1*g(s) + 5*h(s) where
    metric is  plan length

Cueing down from goal distance:   15 into depth [1]
                                  14            [1]
                                  12            [1]
                                  11            [1]
                                  10            [1]
                                   9            [1]
                                   8            [1]
                                   7            [1]
                                   6            [1]
                                   5            [1]
                                   4            [1]
                                   3            [1]
                                   2            [1]
                                   1            [1]
                                   0            

ff: found legal plan as follows

step    0: TURN_TO SATELLITE0 STAR82 STAR154
        1: SWITCH_ON INSTRUMENT2 SATELLITE0
        2: CALIBRATE SATELLITE0 INSTRUMENT2 STAR82
        3: TURN_TO SATELLITE0 PLANET195 STAR82
        4: SWITCH_ON INSTRUMENT14 SATELLITE2
        5: CALIBRATE SATELLITE2 INSTRUMENT14 STAR96
        6: TURN_TO SATELLITE2 PLANET196 STAR96
        7: TURN_TO SATELLITE5 STAR177 STAR58
        8: TURN_TO SATELLITE7 GROUNDSTATION44 GROUNDSTATION100
        9: TURN_TO SATELLITE8 GROUNDSTATION64 STAR130
       10: TAKE_IMAGE SATELLITE0 PLANET195 INSTRUMENT2 SPECTROGRAPH2
       11: TURN_TO SATELLITE0 STAR7 PLANET195
       12: TAKE_IMAGE SATELLITE2 PLANET196 INSTRUMENT14 SPECTROGRAPH1
       13: TURN_TO SATELLITE2 STAR70 PLANET196
     

time spent:    0.01 seconds instantiating 412122 easy, 0 hard action templates
               0.03 seconds reachability analysis, yielding 3079 facts and 412122 actions
               0.07 seconds creating final representation with 3079 relevant facts, 0 relevant fluents
               0.48 seconds computing LNF
               0.18 seconds building connectivity graph
               0.52 seconds searching, evaluating 25 states, to a max depth of 1
               1.29 seconds total time

