
ff: parsing domain file
domain 'SATELLITE' defined
 ... done.
ff: parsing problem file
problem 'STRIPS-SAT-X-1' defined
 ... done.


no metric specified. plan length assumed.

checking for cyclic := effects --- OK.

ff: search configuration is EHC, if that fails then  best-first on 1*g(s) + 5*h(s) where
    metric is  plan length

Cueing down from goal distance:   14 into depth [1]
                                  13            [1]
                                  12            [1]
                                  11            [1]
                                  10            [1]
                                   9            [1]
                                   8            [1]
                                   7            [1]
                                   6            [1]
                                   5            [1]
                                   4            [1]
                                   3            [1]
                                   2            [1]
                                   1            [1]
                                   0            

ff: found legal plan as follows

step    0: TURN_TO SATELLITE0 GROUNDSTATION133 STAR54
        1: SWITCH_ON INSTRUMENT5 SATELLITE0
        2: CALIBRATE SATELLITE0 INSTRUMENT5 GROUNDSTATION133
        3: TURN_TO SATELLITE0 STAR195 GROUNDSTATION133
        4: SWITCH_ON INSTRUMENT15 SATELLITE2
        5: CALIBRATE SATELLITE2 INSTRUMENT15 STAR37
        6: TURN_TO SATELLITE2 PLANET196 STAR37
        7: TURN_TO SATELLITE1 STAR195 STAR112
        8: TURN_TO SATELLITE5 STAR129 STAR114
        9: TURN_TO SATELLITE7 STAR173 GROUNDSTATION95
       10: TURN_TO SATELLITE9 STAR26 STAR41
       11: TAKE_IMAGE SATELLITE0 STAR195 INSTRUMENT5 INFRARED1
       12: TAKE_IMAGE SATELLITE2 PLANET196 INSTRUMENT15 THERMOGRAPH2
       13: TURN_TO SATELLITE2 GROUNDSTATION183 PLANET196
     

time spent:    0.01 seconds instantiating 414991 easy, 0 hard action templates
               0.04 seconds reachability analysis, yielding 3093 facts and 414991 actions
               0.07 seconds creating final representation with 3093 relevant facts, 0 relevant fluents
               0.49 seconds computing LNF
               0.16 seconds building connectivity graph
               0.39 seconds searching, evaluating 20 states, to a max depth of 1
               1.16 seconds total time

