
ff: parsing domain file
domain 'SATELLITE' defined
 ... done.
ff: parsing problem file
problem 'STRIPS-SAT-X-1' defined
 ... done.


no metric specified. plan length assumed.

checking for cyclic := effects --- OK.

ff: search configuration is EHC, if that fails then  best-first on 1*g(s) + 5*h(s) where
    metric is  plan length

Cueing down from goal distance:   13 into depth [1]
                                  12            [1]
                                  11            [1]
                                  10            [1]
                                   9            [1]
                                   8            [1]
                                   7            [1]
                                   6            [1]
                                   5            [1]
                                   4            [1]
                                   3            [1]
                                   2            [1]
                                   1            [1]
                                   0            

ff: found legal plan as follows

step    0: TURN_TO SATELLITE1 GROUNDSTATION39 GROUNDSTATION16
        1: SWITCH_ON INSTRUMENT0 SATELLITE0
        2: CALIBRATE SATELLITE0 INSTRUMENT0 GROUNDSTATION18
        3: TURN_TO SATELLITE0 PHENOMENON57 GROUNDSTATION18
        4: SWITCH_ON INSTRUMENT1 SATELLITE1
        5: CALIBRATE SATELLITE1 INSTRUMENT1 GROUNDSTATION39
        6: TURN_TO SATELLITE1 STAR58 GROUNDSTATION39
        7: TURN_TO SATELLITE5 GROUNDSTATION4 STAR13
        8: TURN_TO SATELLITE6 STAR21 GROUNDSTATION4
        9: TURN_TO SATELLITE8 STAR22 STAR2
       10: TAKE_IMAGE SATELLITE0 PHENOMENON57 INSTRUMENT0 THERMOGRAPH1
       11: TAKE_IMAGE SATELLITE1 STAR58 INSTRUMENT1 THERMOGRAPH4
       12: TURN_TO SATELLITE1 STAR37 STAR58
     

time spent:    0.00 seconds instantiating 42123 easy, 0 hard action templates
               0.00 seconds reachability analysis, yielding 1003 facts and 42123 actions
               0.01 seconds creating final representation with 1003 relevant facts, 0 relevant fluents
               0.05 seconds computing LNF
               0.02 seconds building connectivity graph
               0.02 seconds searching, evaluating 19 states, to a max depth of 1
               0.10 seconds total time

