
ff: parsing domain file
domain 'SATELLITE' defined
 ... done.
ff: parsing problem file
problem 'STRIPS-SAT-X-1' defined
 ... done.


no metric specified. plan length assumed.

checking for cyclic := effects --- OK.

ff: search configuration is EHC, if that fails then  best-first on 1*g(s) + 5*h(s) where
    metric is  plan length

Cueing down from goal distance:   12 into depth [1]
                                  11            [1]
                                  10            [1]
                                   9            [1]
                                   8            [1]
                                   7            [1]
                                   6            [1]
                                   5            [1]
                                   4            [1]
                                   3            [1]
                                   2            [1]
                                   1            [1]
                                   0            

ff: found legal plan as follows

step    0: TURN_TO SATELLITE0 STAR50 GROUNDSTATION5
        1: TURN_TO SATELLITE1 STAR55 STAR24
        2: SWITCH_ON INSTRUMENT0 SATELLITE0
        3: CALIBRATE SATELLITE0 INSTRUMENT0 STAR50
        4: TURN_TO SATELLITE0 PLANET57 STAR50
        5: SWITCH_ON INSTRUMENT1 SATELLITE1
        6: CALIBRATE SATELLITE1 INSTRUMENT1 STAR55
        7: TURN_TO SATELLITE1 PHENOMENON58 STAR55
        8: TURN_TO SATELLITE4 STAR16 GROUNDSTATION13
        9: TURN_TO SATELLITE5 GROUNDSTATION27 GROUNDSTATION49
       10: TAKE_IMAGE SATELLITE0 PLANET57 INSTRUMENT0 INFRARED0
       11: TAKE_IMAGE SATELLITE1 PHENOMENON58 INSTRUMENT1 INFRARED2
     

time spent:    0.00 seconds instantiating 41534 easy, 0 hard action templates
               0.00 seconds reachability analysis, yielding 1005 facts and 41534 actions
               0.01 seconds creating final representation with 1005 relevant facts, 0 relevant fluents
               0.05 seconds computing LNF
               0.02 seconds building connectivity graph
               0.02 seconds searching, evaluating 13 states, to a max depth of 1
               0.10 seconds total time

