
ff: parsing domain file
domain 'SATELLITE' defined
 ... done.
ff: parsing problem file
problem 'STRIPS-SAT-X-1' defined
 ... done.


no metric specified. plan length assumed.

checking for cyclic := effects --- OK.

ff: search configuration is EHC, if that fails then  best-first on 1*g(s) + 5*h(s) where
    metric is  plan length

Cueing down from goal distance:   10 into depth [1]
                                   9            [1]
                                   5            [1]
                                   4            [1]
                                   3            [1]
                                   2            [1]
                                   1            [1]
                                   0            

ff: found legal plan as follows

step    0: TURN_TO SATELLITE0 STAR31 STAR9
        1: SWITCH_ON INSTRUMENT6 SATELLITE0
        2: CALIBRATE SATELLITE0 INSTRUMENT6 STAR31
        3: TURN_TO SATELLITE0 PHENOMENON57 STAR31
        4: TAKE_IMAGE SATELLITE0 PHENOMENON57 INSTRUMENT6 INFRARED2
        5: TURN_TO SATELLITE0 STAR58 PHENOMENON57
        6: TAKE_IMAGE SATELLITE0 STAR58 INSTRUMENT6 SPECTROGRAPH0
     

time spent:    0.00 seconds instantiating 42267 easy, 0 hard action templates
               0.00 seconds reachability analysis, yielding 999 facts and 42267 actions
               0.00 seconds creating final representation with 999 relevant facts, 0 relevant fluents
               0.06 seconds computing LNF
               0.02 seconds building connectivity graph
               0.01 seconds searching, evaluating 11 states, to a max depth of 1
               0.09 seconds total time

