
ff: parsing domain file
domain 'SATELLITE' defined
 ... done.
ff: parsing problem file
problem 'STRIPS-SAT-X-1' defined
 ... done.


no metric specified. plan length assumed.

checking for cyclic := effects --- OK.

ff: search configuration is EHC, if that fails then  best-first on 1*g(s) + 5*h(s) where
    metric is  plan length

Cueing down from goal distance:   10 into depth [1]
                                   9            [1]
                                   8            [1]
                                   7            [1]
                                   6            [1]
                                   5            [1]
                                   4            [1]
                                   3            [1]
                                   2            [1]
                                   1            [1]
                                   0            

ff: found legal plan as follows

step    0: TURN_TO SATELLITE0 GROUNDSTATION24 GROUNDSTATION37
        1: SWITCH_ON INSTRUMENT0 SATELLITE0
        2: CALIBRATE SATELLITE0 INSTRUMENT0 GROUNDSTATION24
        3: TURN_TO SATELLITE0 PLANET54 GROUNDSTATION24
        4: TURN_TO SATELLITE3 STAR27 GROUNDSTATION10
        5: TURN_TO SATELLITE5 STAR51 GROUNDSTATION45
        6: TURN_TO SATELLITE9 GROUNDSTATION17 GROUNDSTATION4
        7: TAKE_IMAGE SATELLITE0 PLANET54 INSTRUMENT0 INFRARED4
        8: TURN_TO SATELLITE0 STAR55 PLANET54
        9: TAKE_IMAGE SATELLITE0 STAR55 INSTRUMENT0 IMAGE0
     

time spent:    0.00 seconds instantiating 37654 easy, 0 hard action templates
               0.00 seconds reachability analysis, yielding 952 facts and 37654 actions
               0.00 seconds creating final representation with 952 relevant facts, 0 relevant fluents
               0.04 seconds computing LNF
               0.03 seconds building connectivity graph
               0.01 seconds searching, evaluating 17 states, to a max depth of 1
               0.08 seconds total time

