
ff: parsing domain file
domain 'SATELLITE' defined
 ... done.
ff: parsing problem file
problem 'STRIPS-SAT-X-1' defined
 ... done.


no metric specified. plan length assumed.

checking for cyclic := effects --- OK.

ff: search configuration is EHC, if that fails then  best-first on 1*g(s) + 5*h(s) where
    metric is  plan length

Cueing down from goal distance:   10 into depth [1]
                                   9            [1]
                                   8            [1]
                                   7            [1]
                                   6            [1]
                                   5            [1]
                                   4            [1]
                                   3            [1]
                                   2            [1]
                                   1            [1]
                                   0            

ff: found legal plan as follows

step    0: TURN_TO SATELLITE0 STAR31 GROUNDSTATION18
        1: SWITCH_ON INSTRUMENT0 SATELLITE0
        2: CALIBRATE SATELLITE0 INSTRUMENT0 STAR31
        3: TURN_TO SATELLITE0 PLANET54 STAR31
        4: TURN_TO SATELLITE3 STAR48 STAR17
        5: TURN_TO SATELLITE5 GROUNDSTATION50 STAR43
        6: TAKE_IMAGE SATELLITE0 PLANET54 INSTRUMENT0 SPECTROGRAPH1
        7: TURN_TO SATELLITE0 STAR55 PLANET54
        8: TAKE_IMAGE SATELLITE0 STAR55 INSTRUMENT0 SPECTROGRAPH1
        9: TURN_TO SATELLITE0 STAR7 STAR55
     

time spent:    0.00 seconds instantiating 38562 easy, 0 hard action templates
               0.00 seconds reachability analysis, yielding 978 facts and 38562 actions
               0.01 seconds creating final representation with 978 relevant facts, 0 relevant fluents
               0.05 seconds computing LNF
               0.02 seconds building connectivity graph
               0.02 seconds searching, evaluating 20 states, to a max depth of 1
               0.10 seconds total time

