
ff: parsing domain file
domain 'SATELLITE' defined
 ... done.
ff: parsing problem file
problem 'STRIPS-SAT-X-1' defined
 ... done.


no metric specified. plan length assumed.

checking for cyclic := effects --- OK.

ff: search configuration is EHC, if that fails then  best-first on 1*g(s) + 5*h(s) where
    metric is  plan length

Cueing down from goal distance:   13 into depth [1]
                                  12            [1]
                                  11            [1]
                                  10            [1]
                                   9            [1]
                                   8            [1]
                                   7            [1]
                                   6            [1]
                                   5            [1]
                                   4            [1]
                                   3            [1]
                                   2            [1]
                                   1            [1]
                                   0            

ff: found legal plan as follows

step    0: TURN_TO SATELLITE0 STAR26 GROUNDSTATION36
        1: SWITCH_ON INSTRUMENT2 SATELLITE0
        2: TURN_TO SATELLITE1 STAR3 STAR9
        3: CALIBRATE SATELLITE0 INSTRUMENT2 STAR26
        4: TURN_TO SATELLITE0 PHENOMENON54 STAR26
        5: SWITCH_ON INSTRUMENT10 SATELLITE1
        6: CALIBRATE SATELLITE1 INSTRUMENT10 STAR3
        7: TURN_TO SATELLITE1 PHENOMENON55 STAR3
        8: TURN_TO SATELLITE7 GROUNDSTATION17 STAR3
        9: TURN_TO SATELLITE9 GROUNDSTATION6 GROUNDSTATION17
       10: TAKE_IMAGE SATELLITE0 PHENOMENON54 INSTRUMENT2 IMAGE0
       11: TURN_TO SATELLITE0 GROUNDSTATION7 PHENOMENON54
       12: TAKE_IMAGE SATELLITE1 PHENOMENON55 INSTRUMENT10 INFRARED1
     

time spent:    0.00 seconds instantiating 38756 easy, 0 hard action templates
               0.00 seconds reachability analysis, yielding 980 facts and 38756 actions
               0.00 seconds creating final representation with 980 relevant facts, 0 relevant fluents
               0.06 seconds computing LNF
               0.01 seconds building connectivity graph
               0.02 seconds searching, evaluating 18 states, to a max depth of 1
               0.09 seconds total time

