
ff: parsing domain file
domain 'SATELLITE' defined
 ... done.
ff: parsing problem file
problem 'STRIPS-SAT-X-1' defined
 ... done.


no metric specified. plan length assumed.

checking for cyclic := effects --- OK.

ff: search configuration is EHC, if that fails then  best-first on 1*g(s) + 5*h(s) where
    metric is  plan length

Cueing down from goal distance:   16 into depth [1]
                                  15            [1]
                                  14            [1]
                                  13            [1]
                                  12            [1]
                                  11            [1]
                                  10            [1]
                                   9            [1]
                                   8            [1]
                                   7            [1]
                                   6            [1]
                                   5            [1]
                                   4            [1]
                                   3            [1]
                                   2            [1]
                                   1            [1]
                                   0            

ff: found legal plan as follows

step    0: TURN_TO SATELLITE3 STAR51 GROUNDSTATION26
        1: TURN_TO SATELLITE0 STAR16 STAR35
        2: SWITCH_ON INSTRUMENT11 SATELLITE3
        3: CALIBRATE SATELLITE3 INSTRUMENT11 STAR51
        4: TURN_TO SATELLITE3 PHENOMENON54 STAR51
        5: SWITCH_ON INSTRUMENT0 SATELLITE0
        6: CALIBRATE SATELLITE0 INSTRUMENT0 STAR16
        7: TURN_TO SATELLITE0 PLANET55 STAR16
        8: TURN_TO SATELLITE5 STAR31 STAR3
        9: TURN_TO SATELLITE6 STAR49 GROUNDSTATION53
       10: TURN_TO SATELLITE7 GROUNDSTATION34 GROUNDSTATION18
       11: TURN_TO SATELLITE8 GROUNDSTATION8 GROUNDSTATION50
       12: TURN_TO SATELLITE9 GROUNDSTATION11 GROUNDSTATION10
       13: TAKE_IMAGE SATELLITE3 PHENOMENON54 INSTRUMENT11 THERMOGRAPH1
       14: TURN_TO SATELLITE3 STAR35 PHENOMENON54
       15: TAKE_IMAGE SATELLITE0 PLANET55 INSTRUMENT0 SPECTROGRAPH2
     

time spent:    0.00 seconds instantiating 37074 easy, 0 hard action templates
               0.00 seconds reachability analysis, yielding 946 facts and 37074 actions
               0.00 seconds creating final representation with 946 relevant facts, 0 relevant fluents
               0.05 seconds computing LNF
               0.02 seconds building connectivity graph
               0.02 seconds searching, evaluating 23 states, to a max depth of 1
               0.09 seconds total time

