
ff: parsing domain file
domain 'SATELLITE' defined
 ... done.
ff: parsing problem file
problem 'STRIPS-SAT-X-1' defined
 ... done.


no metric specified. plan length assumed.

checking for cyclic := effects --- OK.

ff: search configuration is EHC, if that fails then  best-first on 1*g(s) + 5*h(s) where
    metric is  plan length

Cueing down from goal distance:   14 into depth [1]
                                  13            [1]
                                  10            [1]
                                   9            [1]
                                   8            [1]
                                   7            [1]
                                   6            [1]
                                   5            [1]
                                   4            [1]
                                   3            [1]
                                   2            [1]
                                   1            [1]
                                   0            

ff: found legal plan as follows

step    0: TURN_TO SATELLITE1 STAR6 STAR1
        1: SWITCH_ON INSTRUMENT5 SATELLITE1
        2: CALIBRATE SATELLITE1 INSTRUMENT5 STAR6
        3: TURN_TO SATELLITE1 PLANET45 STAR6
        4: TURN_TO SATELLITE0 GROUNDSTATION2 STAR6
        5: TURN_TO SATELLITE2 GROUNDSTATION38 STAR42
        6: TURN_TO SATELLITE3 STAR41 GROUNDSTATION11
        7: TURN_TO SATELLITE4 PLANET45 GROUNDSTATION18
        8: TURN_TO SATELLITE7 PHENOMENON46 STAR32
        9: TAKE_IMAGE SATELLITE1 PLANET45 INSTRUMENT5 THERMOGRAPH1
       10: TURN_TO SATELLITE1 PHENOMENON46 PLANET45
       11: TAKE_IMAGE SATELLITE1 PHENOMENON46 INSTRUMENT5 THERMOGRAPH2
     

time spent:    0.00 seconds instantiating 25207 easy, 0 hard action templates
               0.00 seconds reachability analysis, yielding 775 facts and 25207 actions
               0.00 seconds creating final representation with 775 relevant facts, 0 relevant fluents
               0.03 seconds computing LNF
               0.01 seconds building connectivity graph
               0.01 seconds searching, evaluating 20 states, to a max depth of 1
               0.05 seconds total time

