
ff: parsing domain file
domain 'SATELLITE' defined
 ... done.
ff: parsing problem file
problem 'STRIPS-SAT-X-1' defined
 ... done.


no metric specified. plan length assumed.

checking for cyclic := effects --- OK.

ff: search configuration is EHC, if that fails then  best-first on 1*g(s) + 5*h(s) where
    metric is  plan length

Cueing down from goal distance:   11 into depth [1]
                                  10            [1]
                                   9            [1]
                                   8            [1]
                                   7            [1]
                                   6            [1]
                                   5            [1]
                                   4            [1]
                                   3            [1]
                                   2            [1]
                                   1            [1]
                                   0            

ff: found legal plan as follows

step    0: TURN_TO SATELLITE0 GROUNDSTATION44 GROUNDSTATION31
        1: SWITCH_ON INSTRUMENT0 SATELLITE0
        2: CALIBRATE SATELLITE0 INSTRUMENT0 GROUNDSTATION44
        3: TURN_TO SATELLITE0 STAR45 GROUNDSTATION44
        4: TURN_TO SATELLITE1 STAR9 GROUNDSTATION43
        5: TURN_TO SATELLITE3 GROUNDSTATION24 STAR3
        6: TURN_TO SATELLITE9 GROUNDSTATION33 GROUNDSTATION7
        7: TAKE_IMAGE SATELLITE0 STAR45 INSTRUMENT0 IMAGE1
        8: TURN_TO SATELLITE0 PLANET46 STAR45
        9: TAKE_IMAGE SATELLITE0 PLANET46 INSTRUMENT0 THERMOGRAPH4
       10: TURN_TO SATELLITE0 GROUNDSTATION19 PLANET46
     

time spent:    0.00 seconds instantiating 27619 easy, 0 hard action templates
               0.00 seconds reachability analysis, yielding 823 facts and 27619 actions
               0.00 seconds creating final representation with 823 relevant facts, 0 relevant fluents
               0.03 seconds computing LNF
               0.01 seconds building connectivity graph
               0.01 seconds searching, evaluating 23 states, to a max depth of 1
               0.05 seconds total time

