
ff: parsing domain file
domain 'SATELLITE' defined
 ... done.
ff: parsing problem file
problem 'STRIPS-SAT-X-1' defined
 ... done.


no metric specified. plan length assumed.

checking for cyclic := effects --- OK.

ff: search configuration is EHC, if that fails then  best-first on 1*g(s) + 5*h(s) where
    metric is  plan length

Cueing down from goal distance:   12 into depth [1]
                                  10            [1]
                                   9            [1]
                                   8            [1]
                                   7            [1]
                                   6            [1]
                                   5            [1]
                                   4            [1]
                                   3            [1]
                                   2            [1]
                                   1            [1]
                                   0            

ff: found legal plan as follows

step    0: TURN_TO SATELLITE3 STAR16 STAR130
        1: TURN_TO SATELLITE0 STAR124 STAR60
        2: SWITCH_ON INSTRUMENT0 SATELLITE0
        3: CALIBRATE SATELLITE0 INSTRUMENT0 STAR124
        4: TURN_TO SATELLITE0 STAR130 STAR124
        5: TURN_TO SATELLITE2 GROUNDSTATION39 GROUNDSTATION111
        6: TURN_TO SATELLITE6 GROUNDSTATION33 STAR98
        7: TURN_TO SATELLITE8 GROUNDSTATION38 GROUNDSTATION90
        8: TAKE_IMAGE SATELLITE0 STAR130 INSTRUMENT0 SPECTROGRAPH4
        9: TURN_TO SATELLITE0 STAR131 STAR130
       10: TAKE_IMAGE SATELLITE0 STAR131 INSTRUMENT0 INFRARED2
     

time spent:    0.00 seconds instantiating 191880 easy, 0 hard action templates
               0.02 seconds reachability analysis, yielding 2106 facts and 191880 actions
               0.04 seconds creating final representation with 2106 relevant facts, 0 relevant fluents
               0.22 seconds computing LNF
               0.07 seconds building connectivity graph
               0.19 seconds searching, evaluating 18 states, to a max depth of 1
               0.54 seconds total time

