
ff: parsing domain file
domain 'SATELLITE' defined
 ... done.
ff: parsing problem file
problem 'STRIPS-SAT-X-1' defined
 ... done.


no metric specified. plan length assumed.

checking for cyclic := effects --- OK.

ff: search configuration is EHC, if that fails then  best-first on 1*g(s) + 5*h(s) where
    metric is  plan length

Cueing down from goal distance:   11 into depth [1]
                                  10            [1]
                                   9            [1]
                                   8            [1]
                                   7            [1]
                                   6            [1]
                                   5            [1]
                                   4            [1]
                                   3            [1]
                                   2            [1]
                                   1            [1]
                                   0            

ff: found legal plan as follows

step    0: TURN_TO SATELLITE0 STAR65 STAR114
        1: SWITCH_ON INSTRUMENT1 SATELLITE0
        2: CALIBRATE SATELLITE0 INSTRUMENT1 STAR65
        3: TURN_TO SATELLITE0 STAR130 STAR65
        4: TURN_TO SATELLITE4 STAR37 STAR54
        5: TURN_TO SATELLITE5 GROUNDSTATION56 GROUNDSTATION57
        6: TURN_TO SATELLITE6 GROUNDSTATION61 STAR97
        7: TURN_TO SATELLITE7 STAR123 GROUNDSTATION103
        8: TAKE_IMAGE SATELLITE0 STAR130 INSTRUMENT1 SPECTROGRAPH3
        9: TURN_TO SATELLITE0 PHENOMENON131 STAR130
       10: TAKE_IMAGE SATELLITE0 PHENOMENON131 INSTRUMENT1 SPECTROGRAPH3
     

time spent:    0.00 seconds instantiating 187297 easy, 0 hard action templates
               0.02 seconds reachability analysis, yielding 2084 facts and 187297 actions
               0.04 seconds creating final representation with 2084 relevant facts, 0 relevant fluents
               0.23 seconds computing LNF
               0.09 seconds building connectivity graph
               0.20 seconds searching, evaluating 19 states, to a max depth of 1
               0.58 seconds total time

