
ff: parsing domain file
domain 'SATELLITE' defined
 ... done.
ff: parsing problem file
problem 'STRIPS-SAT-X-1' defined
 ... done.


no metric specified. plan length assumed.

checking for cyclic := effects --- OK.

ff: search configuration is EHC, if that fails then  best-first on 1*g(s) + 5*h(s) where
    metric is  plan length

Cueing down from goal distance:   11 into depth [1]
                                  10            [1]
                                   9            [1]
                                   8            [1]
                                   7            [1]
                                   6            [1]
                                   5            [1]
                                   4            [1]
                                   3            [1]
                                   2            [1]
                                   1            [1]
                                   0            

ff: found legal plan as follows

step    0: TURN_TO SATELLITE0 GROUNDSTATION32 STAR9
        1: SWITCH_ON INSTRUMENT1 SATELLITE0
        2: CALIBRATE SATELLITE0 INSTRUMENT1 GROUNDSTATION32
        3: TURN_TO SATELLITE0 PLANET130 GROUNDSTATION32
        4: TURN_TO SATELLITE1 STAR58 GROUNDSTATION116
        5: TURN_TO SATELLITE2 GROUNDSTATION56 STAR68
        6: TURN_TO SATELLITE5 GROUNDSTATION118 STAR80
        7: TURN_TO SATELLITE6 STAR68 GROUNDSTATION91
        8: TAKE_IMAGE SATELLITE0 PLANET130 INSTRUMENT1 INFRARED2
        9: TURN_TO SATELLITE0 STAR131 PLANET130
       10: TAKE_IMAGE SATELLITE0 STAR131 INSTRUMENT1 INFRARED2
     

time spent:    0.00 seconds instantiating 195419 easy, 0 hard action templates
               0.02 seconds reachability analysis, yielding 2126 facts and 195419 actions
               0.04 seconds creating final representation with 2126 relevant facts, 0 relevant fluents
               0.22 seconds computing LNF
               0.09 seconds building connectivity graph
               0.20 seconds searching, evaluating 19 states, to a max depth of 1
               0.57 seconds total time

