
ff: parsing domain file
domain 'SATELLITE' defined
 ... done.
ff: parsing problem file
problem 'STRIPS-SAT-X-1' defined
 ... done.


no metric specified. plan length assumed.

checking for cyclic := effects --- OK.

ff: search configuration is EHC, if that fails then  best-first on 1*g(s) + 5*h(s) where
    metric is  plan length

Cueing down from goal distance:   14 into depth [1]
                                  13            [1]
                                  12            [1]
                                  11            [1]
                                  10            [1]
                                   9            [1]
                                   8            [1]
                                   7            [1]
                                   6            [1]
                                   5            [1]
                                   4            [1][2]
                                   3            [1]
                                   2            [1]
                                   1            [1]
                                   0            

ff: found legal plan as follows

step    0: SWITCH_ON INSTRUMENT15 SATELLITE2
        1: SWITCH_ON INSTRUMENT0 SATELLITE0
        2: CALIBRATE SATELLITE0 INSTRUMENT0 STAR45
        3: TURN_TO SATELLITE0 PLANET131 STAR45
        4: TURN_TO SATELLITE1 GROUNDSTATION21 GROUNDSTATION6
        5: TURN_TO SATELLITE3 STAR42 STAR17
        6: TURN_TO SATELLITE4 GROUNDSTATION99 STAR85
        7: TURN_TO SATELLITE6 GROUNDSTATION96 STAR31
        8: TURN_TO SATELLITE8 STAR59 GROUNDSTATION106
        9: TAKE_IMAGE SATELLITE0 PLANET131 INSTRUMENT0 THERMOGRAPH4
       10: TURN_TO SATELLITE2 STAR17 STAR130
       11: CALIBRATE SATELLITE2 INSTRUMENT15 STAR17
       12: TURN_TO SATELLITE2 STAR130 STAR17
       13: TAKE_IMAGE SATELLITE2 STAR130 INSTRUMENT15 SPECTROGRAPH2
       14: TURN_TO SATELLITE2 STAR40 STAR130
     

time spent:    0.00 seconds instantiating 188153 easy, 0 hard action templates
               0.02 seconds reachability analysis, yielding 2086 facts and 188153 actions
               0.03 seconds creating final representation with 2086 relevant facts, 0 relevant fluents
               0.21 seconds computing LNF
               0.08 seconds building connectivity graph
               0.41 seconds searching, evaluating 33 states, to a max depth of 2
               0.75 seconds total time

