
ff: parsing domain file
domain 'SATELLITE' defined
 ... done.
ff: parsing problem file
problem 'STRIPS-SAT-X-1' defined
 ... done.


no metric specified. plan length assumed.

checking for cyclic := effects --- OK.

ff: search configuration is EHC, if that fails then  best-first on 1*g(s) + 5*h(s) where
    metric is  plan length

Cueing down from goal distance:   17 into depth [1]
                                  15            [1]
                                  12            [1]
                                  11            [1]
                                  10            [1]
                                   9            [1]
                                   8            [1]
                                   7            [1]
                                   6            [1]
                                   5            [1]
                                   4            [1]
                                   3            [1]
                                   2            [1]
                                   1            [1]
                                   0            

ff: found legal plan as follows

step    0: TURN_TO SATELLITE0 GROUNDSTATION6 STAR16
        1: SWITCH_ON INSTRUMENT4 SATELLITE0
        2: CALIBRATE SATELLITE0 INSTRUMENT4 GROUNDSTATION6
        3: TURN_TO SATELLITE0 PLANET130 GROUNDSTATION6
        4: TURN_TO SATELLITE1 STAR108 GROUNDSTATION73
        5: TURN_TO SATELLITE2 STAR90 STAR25
        6: TURN_TO SATELLITE4 GROUNDSTATION4 GROUNDSTATION89
        7: TURN_TO SATELLITE5 STAR26 STAR41
        8: TURN_TO SATELLITE6 STAR37 STAR49
        9: TURN_TO SATELLITE9 STAR25 STAR46
       10: TAKE_IMAGE SATELLITE0 PLANET130 INSTRUMENT4 INFRARED3
       11: TURN_TO SATELLITE0 PHENOMENON131 PLANET130
       12: TAKE_IMAGE SATELLITE0 PHENOMENON131 INSTRUMENT4 IMAGE0
       13: TURN_TO SATELLITE0 GROUNDSTATION117 PHENOMENON131
     

time spent:    0.01 seconds instantiating 189289 easy, 0 hard action templates
               0.01 seconds reachability analysis, yielding 2096 facts and 189289 actions
               0.03 seconds creating final representation with 2096 relevant facts, 0 relevant fluents
               0.22 seconds computing LNF
               0.07 seconds building connectivity graph
               0.36 seconds searching, evaluating 31 states, to a max depth of 1
               0.70 seconds total time

