
ff: parsing domain file
domain 'SATELLITE' defined
 ... done.
ff: parsing problem file
problem 'STRIPS-SAT-X-1' defined
 ... done.


no metric specified. plan length assumed.

checking for cyclic := effects --- OK.

ff: search configuration is EHC, if that fails then  best-first on 1*g(s) + 5*h(s) where
    metric is  plan length

Cueing down from goal distance:   11 into depth [1]
                                  10            [1]
                                   9            [1]
                                   8            [1]
                                   7            [1]
                                   6            [1]
                                   5            [1]
                                   4            [1]
                                   3            [1]
                                   2            [1]
                                   1            [1]
                                   0            

ff: found legal plan as follows

step    0: TURN_TO SATELLITE0 STAR9 STAR3
        1: SWITCH_ON INSTRUMENT1 SATELLITE0
        2: CALIBRATE SATELLITE0 INSTRUMENT1 STAR9
        3: TURN_TO SATELLITE0 PLANET130 STAR9
        4: TURN_TO SATELLITE1 STAR126 GROUNDSTATION64
        5: TURN_TO SATELLITE2 GROUNDSTATION119 STAR98
        6: TURN_TO SATELLITE5 GROUNDSTATION64 GROUNDSTATION54
        7: TURN_TO SATELLITE7 STAR111 STAR32
        8: TAKE_IMAGE SATELLITE0 PLANET130 INSTRUMENT1 INFRARED0
        9: TURN_TO SATELLITE0 PHENOMENON131 PLANET130
       10: TAKE_IMAGE SATELLITE0 PHENOMENON131 INSTRUMENT1 THERMOGRAPH1
     

time spent:    0.01 seconds instantiating 190595 easy, 0 hard action templates
               0.01 seconds reachability analysis, yielding 2108 facts and 190595 actions
               0.03 seconds creating final representation with 2108 relevant facts, 0 relevant fluents
               0.25 seconds computing LNF
               0.07 seconds building connectivity graph
               0.23 seconds searching, evaluating 19 states, to a max depth of 1
               0.60 seconds total time

