
ff: parsing domain file
domain 'SATELLITE' defined
 ... done.
ff: parsing problem file
problem 'STRIPS-SAT-X-1' defined
 ... done.


no metric specified. plan length assumed.

checking for cyclic := effects --- OK.

ff: search configuration is EHC, if that fails then  best-first on 1*g(s) + 5*h(s) where
    metric is  plan length

Cueing down from goal distance:    5 into depth [1]
                                   4            [1]
                                   3            [1]
                                   2            [1]
                                   1            [1]
                                   0            

ff: found legal plan as follows

step    0: TURN_TO SATELLITE0 GROUNDSTATION91 STAR71
        1: SWITCH_ON INSTRUMENT2 SATELLITE0
        2: CALIBRATE SATELLITE0 INSTRUMENT2 GROUNDSTATION91
        3: TURN_TO SATELLITE0 PHENOMENON145 GROUNDSTATION91
        4: TAKE_IMAGE SATELLITE0 PHENOMENON145 INSTRUMENT2 SPECTROGRAPH4
     

time spent:    0.01 seconds instantiating 235220 easy, 0 hard action templates
               0.02 seconds reachability analysis, yielding 2337 facts and 235220 actions
               0.03 seconds creating final representation with 2337 relevant facts, 0 relevant fluents
               0.29 seconds computing LNF
               0.11 seconds building connectivity graph
               0.10 seconds searching, evaluating 6 states, to a max depth of 1
               0.56 seconds total time

