
ff: parsing domain file
domain 'SATELLITE' defined
 ... done.
ff: parsing problem file
problem 'STRIPS-SAT-X-1' defined
 ... done.


no metric specified. plan length assumed.

checking for cyclic := effects --- OK.

ff: search configuration is EHC, if that fails then  best-first on 1*g(s) + 5*h(s) where
    metric is  plan length

Cueing down from goal distance:   12 into depth [1]
                                  11            [1]
                                  10            [1]
                                   9            [1]
                                   8            [1]
                                   7            [1]
                                   6            [1]
                                   5            [1]
                                   4            [1]
                                   3            [1]
                                   2            [1]
                                   1            [1]
                                   0            

ff: found legal plan as follows

step    0: TURN_TO SATELLITE1 GROUNDSTATION65 STAR0
        1: TURN_TO SATELLITE0 STAR64 GROUNDSTATION34
        2: SWITCH_ON INSTRUMENT4 SATELLITE1
        3: CALIBRATE SATELLITE1 INSTRUMENT4 GROUNDSTATION65
        4: TURN_TO SATELLITE1 STAR145 GROUNDSTATION65
        5: SWITCH_ON INSTRUMENT2 SATELLITE0
        6: CALIBRATE SATELLITE0 INSTRUMENT2 STAR64
        7: TURN_TO SATELLITE0 STAR146 STAR64
        8: TURN_TO SATELLITE7 GROUNDSTATION50 GROUNDSTATION96
        9: TAKE_IMAGE SATELLITE1 STAR145 INSTRUMENT4 IMAGE0
       10: TAKE_IMAGE SATELLITE0 STAR146 INSTRUMENT2 INFRARED3
       11: TURN_TO SATELLITE0 GROUNDSTATION32 STAR146
     

time spent:    0.01 seconds instantiating 232877 easy, 0 hard action templates
               0.01 seconds reachability analysis, yielding 2329 facts and 232877 actions
               0.04 seconds creating final representation with 2329 relevant facts, 0 relevant fluents
               0.28 seconds computing LNF
               0.10 seconds building connectivity graph
               0.20 seconds searching, evaluating 16 states, to a max depth of 1
               0.64 seconds total time

