
ff: parsing domain file
domain 'SATELLITE' defined
 ... done.
ff: parsing problem file
problem 'STRIPS-SAT-X-1' defined
 ... done.


no metric specified. plan length assumed.

checking for cyclic := effects --- OK.

ff: search configuration is EHC, if that fails then  best-first on 1*g(s) + 5*h(s) where
    metric is  plan length

Cueing down from goal distance:   12 into depth [1]
                                  11            [1]
                                  10            [1]
                                   9            [1]
                                   8            [1]
                                   7            [1]
                                   6            [1]
                                   5            [1]
                                   4            [1]
                                   3            [1]
                                   2            [1]
                                   1            [1]
                                   0            

ff: found legal plan as follows

step    0: TURN_TO SATELLITE0 GROUNDSTATION52 STAR26
        1: SWITCH_ON INSTRUMENT3 SATELLITE0
        2: CALIBRATE SATELLITE0 INSTRUMENT3 GROUNDSTATION52
        3: TURN_TO SATELLITE0 PHENOMENON145 GROUNDSTATION52
        4: TURN_TO SATELLITE1 GROUNDSTATION68 GROUNDSTATION21
        5: TURN_TO SATELLITE4 STAR47 GROUNDSTATION74
        6: TURN_TO SATELLITE7 STAR63 GROUNDSTATION81
        7: TURN_TO SATELLITE9 GROUNDSTATION49 GROUNDSTATION143
        8: TAKE_IMAGE SATELLITE0 PHENOMENON145 INSTRUMENT3 IMAGE4
        9: TURN_TO SATELLITE0 PHENOMENON146 PHENOMENON145
       10: TAKE_IMAGE SATELLITE0 PHENOMENON146 INSTRUMENT3 IMAGE4
       11: TURN_TO SATELLITE0 STAR98 PHENOMENON146
     

time spent:    0.01 seconds instantiating 228199 easy, 0 hard action templates
               0.01 seconds reachability analysis, yielding 2291 facts and 228199 actions
               0.03 seconds creating final representation with 2291 relevant facts, 0 relevant fluents
               0.27 seconds computing LNF
               0.09 seconds building connectivity graph
               0.38 seconds searching, evaluating 26 states, to a max depth of 1
               0.79 seconds total time

