
ff: parsing domain file
domain 'SATELLITE' defined
 ... done.
ff: parsing problem file
problem 'STRIPS-SAT-X-1' defined
 ... done.


no metric specified. plan length assumed.

checking for cyclic := effects --- OK.

ff: search configuration is EHC, if that fails then  best-first on 1*g(s) + 5*h(s) where
    metric is  plan length

Cueing down from goal distance:   13 into depth [1]
                                  12            [1]
                                  10            [1]
                                   9            [1]
                                   8            [1]
                                   7            [1]
                                   6            [1]
                                   5            [1]
                                   4            [1]
                                   3            [1]
                                   2            [1]
                                   1            [1]
                                   0            

ff: found legal plan as follows

step    0: TURN_TO SATELLITE0 GROUNDSTATION83 STAR82
        1: SWITCH_ON INSTRUMENT5 SATELLITE0
        2: CALIBRATE SATELLITE0 INSTRUMENT5 GROUNDSTATION83
        3: TURN_TO SATELLITE0 PLANET161 GROUNDSTATION83
        4: SWITCH_ON INSTRUMENT10 SATELLITE1
        5: CALIBRATE SATELLITE1 INSTRUMENT10 GROUNDSTATION154
        6: TURN_TO SATELLITE1 PHENOMENON162 GROUNDSTATION154
        7: TURN_TO SATELLITE3 STAR143 STAR41
        8: TURN_TO SATELLITE8 STAR29 GROUNDSTATION12
        9: TURN_TO SATELLITE9 GROUNDSTATION5 GROUNDSTATION144
       10: TAKE_IMAGE SATELLITE0 PLANET161 INSTRUMENT5 INFRARED3
       11: TAKE_IMAGE SATELLITE1 PHENOMENON162 INSTRUMENT10 THERMOGRAPH4
     

time spent:    0.00 seconds instantiating 286069 easy, 0 hard action templates
               0.03 seconds reachability analysis, yielding 2567 facts and 286069 actions
               0.06 seconds creating final representation with 2567 relevant facts, 0 relevant fluents
               0.37 seconds computing LNF
               0.12 seconds building connectivity graph
               0.19 seconds searching, evaluating 14 states, to a max depth of 1
               0.77 seconds total time

