
ff: parsing domain file
domain 'SATELLITE' defined
 ... done.
ff: parsing problem file
problem 'STRIPS-SAT-X-1' defined
 ... done.


no metric specified. plan length assumed.

checking for cyclic := effects --- OK.

ff: search configuration is EHC, if that fails then  best-first on 1*g(s) + 5*h(s) where
    metric is  plan length

Cueing down from goal distance:   12 into depth [1]
                                  10            [1]
                                   9            [1]
                                   8            [1][2]
                                   7            [1]
                                   6            [1]
                                   5            [1]
                                   4            [1]
                                   3            [1]
                                   2            [1]
                                   1            [1]
                                   0            

ff: found legal plan as follows

step    0: TURN_TO SATELLITE0 GROUNDSTATION132 GROUNDSTATION92
        1: TURN_TO SATELLITE4 STAR133 GROUNDSTATION75
        2: TURN_TO SATELLITE6 STAR72 GROUNDSTATION77
        3: SWITCH_ON INSTRUMENT0 SATELLITE0
        4: TURN_TO SATELLITE1 STAR72 STAR81
        5: CALIBRATE SATELLITE0 INSTRUMENT0 GROUNDSTATION132
        6: TURN_TO SATELLITE0 STAR161 GROUNDSTATION132
        7: SWITCH_ON INSTRUMENT6 SATELLITE1
        8: CALIBRATE SATELLITE1 INSTRUMENT6 STAR72
        9: TURN_TO SATELLITE1 PHENOMENON162 STAR72
       10: TAKE_IMAGE SATELLITE0 STAR161 INSTRUMENT0 INFRARED4
       11: TAKE_IMAGE SATELLITE1 PHENOMENON162 INSTRUMENT6 THERMOGRAPH1
     

time spent:    0.01 seconds instantiating 288151 easy, 0 hard action templates
               0.02 seconds reachability analysis, yielding 2581 facts and 288151 actions
               0.04 seconds creating final representation with 2581 relevant facts, 0 relevant fluents
               0.33 seconds computing LNF
               0.12 seconds building connectivity graph
               0.51 seconds searching, evaluating 24 states, to a max depth of 2
               1.03 seconds total time

