
ff: parsing domain file
domain 'SATELLITE' defined
 ... done.
ff: parsing problem file
problem 'STRIPS-SAT-X-1' defined
 ... done.


no metric specified. plan length assumed.

checking for cyclic := effects --- OK.

ff: search configuration is EHC, if that fails then  best-first on 1*g(s) + 5*h(s) where
    metric is  plan length

Cueing down from goal distance:   13 into depth [1]
                                  12            [1]
                                  11            [1]
                                  10            [1]
                                   9            [1]
                                   8            [1]
                                   7            [1]
                                   6            [1]
                                   5            [1]
                                   4            [1]
                                   3            [1]
                                   2            [1]
                                   1            [1]
                                   0            

ff: found legal plan as follows

step    0: TURN_TO SATELLITE0 GROUNDSTATION90 GROUNDSTATION6
        1: SWITCH_ON INSTRUMENT3 SATELLITE0
        2: CALIBRATE SATELLITE0 INSTRUMENT3 GROUNDSTATION90
        3: TURN_TO SATELLITE0 PHENOMENON161 GROUNDSTATION90
        4: TURN_TO SATELLITE1 GROUNDSTATION118 GROUNDSTATION39
        5: TURN_TO SATELLITE3 STAR149 STAR72
        6: TURN_TO SATELLITE5 GROUNDSTATION63 GROUNDSTATION39
        7: TURN_TO SATELLITE6 STAR129 GROUNDSTATION79
        8: TURN_TO SATELLITE7 GROUNDSTATION154 GROUNDSTATION113
        9: TURN_TO SATELLITE8 STAR20 STAR72
       10: TAKE_IMAGE SATELLITE0 PHENOMENON161 INSTRUMENT3 THERMOGRAPH1
       11: TURN_TO SATELLITE0 PLANET162 PHENOMENON161
       12: TAKE_IMAGE SATELLITE0 PLANET162 INSTRUMENT3 INFRARED3
     

time spent:    0.00 seconds instantiating 280015 easy, 0 hard action templates
               0.04 seconds reachability analysis, yielding 2543 facts and 280015 actions
               0.04 seconds creating final representation with 2543 relevant facts, 0 relevant fluents
               0.31 seconds computing LNF
               0.11 seconds building connectivity graph
               0.45 seconds searching, evaluating 23 states, to a max depth of 1
               0.95 seconds total time

