
ff: parsing domain file
domain 'SATELLITE' defined
 ... done.
ff: parsing problem file
problem 'STRIPS-SAT-X-1' defined
 ... done.


no metric specified. plan length assumed.

checking for cyclic := effects --- OK.

ff: search configuration is EHC, if that fails then  best-first on 1*g(s) + 5*h(s) where
    metric is  plan length

Cueing down from goal distance:   13 into depth [1]
                                  10            [1]
                                   9            [1]
                                   8            [1]
                                   7            [1]
                                   6            [1]
                                   5            [1][2]
                                   4            [1]
                                   3            [1]
                                   2            [1]
                                   1            [1]
                                   0            

ff: found legal plan as follows

step    0: SWITCH_ON INSTRUMENT44 SATELLITE8
        1: TURN_TO SATELLITE0 GROUNDSTATION146 STAR86
        2: TURN_TO SATELLITE1 STAR153 GROUNDSTATION36
        3: TURN_TO SATELLITE2 GROUNDSTATION124 GROUNDSTATION83
        4: TURN_TO SATELLITE3 GROUNDSTATION83 STAR0
        5: TURN_TO SATELLITE7 STAR138 GROUNDSTATION122
        6: TURN_TO SATELLITE8 GROUNDSTATION146 PLANET161
        7: CALIBRATE SATELLITE8 INSTRUMENT44 GROUNDSTATION146
        8: TURN_TO SATELLITE8 PLANET161 GROUNDSTATION146
        9: TAKE_IMAGE SATELLITE8 PLANET161 INSTRUMENT44 INFRARED3
       10: TURN_TO SATELLITE8 PLANET162 PLANET161
       11: TAKE_IMAGE SATELLITE8 PLANET162 INSTRUMENT44 SPECTROGRAPH1
     

time spent:    0.01 seconds instantiating 283150 easy, 0 hard action templates
               0.02 seconds reachability analysis, yielding 2561 facts and 283150 actions
               0.06 seconds creating final representation with 2561 relevant facts, 0 relevant fluents
               0.37 seconds computing LNF
               0.11 seconds building connectivity graph
               0.60 seconds searching, evaluating 26 states, to a max depth of 2
               1.17 seconds total time

