
ff: parsing domain file
domain 'BLOCKS' defined
 ... done.
ff: parsing problem file
problem 'PB8' defined
 ... done.


no metric specified. plan length assumed.

checking for cyclic := effects --- OK.

ff: search configuration is EHC, if that fails then  best-first on 1*g(s) + 5*h(s) where
    metric is  plan length

Cueing down from goal distance:    7 into depth [1]
                                   6            [1]
                                   5            [1][2][3][4]
                                   4            [1][2]
                                   2            [1]
                                   1            [1]
                                   0            

ff: found legal plan as follows

step    0: UNSTACK BLOCK4 BLOCK1
        1: STACK BLOCK4 BLOCK5
        2: UNSTACK BLOCK1 BLOCK3
        3: STACK BLOCK1 BLOCK4
        4: UNSTACK BLOCK3 BLOCK2
        5: PUT-DOWN BLOCK3
        6: UNSTACK BLOCK1 BLOCK4
        7: STACK BLOCK1 BLOCK3
        8: PICK-UP BLOCK2
        9: STACK BLOCK2 BLOCK4
     

time spent:    0.00 seconds instantiating 60 easy, 0 hard action templates
               0.00 seconds reachability analysis, yielding 41 facts and 60 actions
               0.00 seconds creating final representation with 41 relevant facts, 0 relevant fluents
               0.00 seconds computing LNF
               0.00 seconds building connectivity graph
               0.00 seconds searching, evaluating 15 states, to a max depth of 4
               0.00 seconds total time

