
ff: parsing domain file
domain 'BLOCKS' defined
 ... done.
ff: parsing problem file
problem 'PB2' defined
 ... done.


no metric specified. plan length assumed.

checking for cyclic := effects --- OK.

ff: search configuration is EHC, if that fails then  best-first on 1*g(s) + 5*h(s) where
    metric is  plan length

Cueing down from goal distance:   14 into depth [1]
                                  13            [1][2]
                                  12            [1][2][3][4]
                                  11            [1][2]
                                  10            [1][2][3][4][5][6][7][8][9][10][11][12][13][14]
                                   9            [1][2]
                                   8            [1][2][3][4][5][6]
                                   7            [1][2][3][4][5][6][7][8][9][10][11][12][13][14][15]
                                   6            [1]
                                   5            [1]
                                   4            [1]
                                   3            [1]
                                   2            [1]
                                   1            [1]
                                   0            

ff: found legal plan as follows

step    0: UNSTACK BLOCK8 BLOCK4
        1: STACK BLOCK8 BLOCK2
        2: PICK-UP BLOCK5
        3: STACK BLOCK5 BLOCK8
        4: UNSTACK BLOCK4 BLOCK7
        5: PUT-DOWN BLOCK4
        6: UNSTACK BLOCK7 BLOCK3
        7: STACK BLOCK7 BLOCK5
        8: UNSTACK BLOCK3 BLOCK1
        9: STACK BLOCK3 BLOCK4
       10: UNSTACK BLOCK7 BLOCK5
       11: PUT-DOWN BLOCK7
       12: UNSTACK BLOCK5 BLOCK8
       13: PUT-DOWN BLOCK5
       14: UNSTACK BLOCK8 BLOCK2
       15: STACK BLOCK8 BLOCK5
       16: UNSTACK BLOCK3 BLOCK4
       17: STACK BLOCK3 BLOCK7
       18: UNSTACK BLOCK2 BLOCK6
       19: STACK BLOCK2 BLOCK4
       20: PICK-UP BLOCK6
       21: STACK BLOCK6 BLOCK1
       22: UNSTACK BLOCK8 BLOCK5
       23: STACK BLOCK8 BLOCK2
       24: PICK-UP BLOCK5
       25: STACK BLOCK5 BLOCK8
       26: UNSTACK BLOCK3 BLOCK7
       27: STACK BLOCK3 BLOCK6
       28: PICK-UP BLOCK7
       29: STACK BLOCK7 BLOCK5
       30: UNSTACK BLOCK3 BLOCK6
       31: PUT-DOWN BLOCK3
       32: UNSTACK BLOCK7 BLOCK5
       33: STACK BLOCK7 BLOCK3
       34: UNSTACK BLOCK5 BLOCK8
       35: STACK BLOCK5 BLOCK7
       36: UNSTACK BLOCK8 BLOCK2
       37: STACK BLOCK8 BLOCK5
       38: UNSTACK BLOCK2 BLOCK4
       39: STACK BLOCK2 BLOCK8
       40: PICK-UP BLOCK4
       41: STACK BLOCK4 BLOCK6
       42: UNSTACK BLOCK2 BLOCK8
       43: STACK BLOCK2 BLOCK4
       44: UNSTACK BLOCK8 BLOCK5
       45: STACK BLOCK8 BLOCK2
       46: UNSTACK BLOCK5 BLOCK7
       47: STACK BLOCK5 BLOCK8
       48: UNSTACK BLOCK7 BLOCK3
       49: STACK BLOCK7 BLOCK5
       50: PICK-UP BLOCK3
       51: STACK BLOCK3 BLOCK7
     

time spent:    0.00 seconds instantiating 144 easy, 0 hard action templates
               0.00 seconds reachability analysis, yielding 89 facts and 144 actions
               0.00 seconds creating final representation with 89 relevant facts, 0 relevant fluents
               0.00 seconds computing LNF
               0.00 seconds building connectivity graph
               0.37 seconds searching, evaluating 64950 states, to a max depth of 15
               0.37 seconds total time

