
ff: parsing domain file
domain 'BLOCKS' defined
 ... done.
ff: parsing problem file
problem 'PB9' defined
 ... done.


no metric specified. plan length assumed.

checking for cyclic := effects --- OK.

ff: search configuration is EHC, if that fails then  best-first on 1*g(s) + 5*h(s) where
    metric is  plan length

Cueing down from goal distance:   12 into depth [1]
                                  11            [1][2]
                                  10            [1][2][3][4][5]
                                   9            [1][2][3]
                                   8            [1]
                                   7            [1][2]
                                   5            [1][2][3][4][5][6][7][8][9][10]
                                   4            [1]
                                   3            [1]
                                   2            [1][2]
                                   0            

ff: found legal plan as follows

step    0: UNSTACK BLOCK2 BLOCK3
        1: STACK BLOCK2 BLOCK4
        2: UNSTACK BLOCK7 BLOCK8
        3: STACK BLOCK7 BLOCK2
        4: UNSTACK BLOCK3 BLOCK5
        5: STACK BLOCK3 BLOCK7
        6: UNSTACK BLOCK8 BLOCK6
        7: STACK BLOCK8 BLOCK3
        8: UNSTACK BLOCK5 BLOCK1
        9: STACK BLOCK5 BLOCK6
       10: UNSTACK BLOCK8 BLOCK3
       11: STACK BLOCK8 BLOCK1
       12: UNSTACK BLOCK3 BLOCK7
       13: STACK BLOCK3 BLOCK8
       14: UNSTACK BLOCK7 BLOCK2
       15: STACK BLOCK7 BLOCK3
       16: UNSTACK BLOCK2 BLOCK4
       17: STACK BLOCK2 BLOCK7
       18: PICK-UP BLOCK4
       19: STACK BLOCK4 BLOCK5
       20: UNSTACK BLOCK2 BLOCK7
       21: STACK BLOCK2 BLOCK4
       22: UNSTACK BLOCK7 BLOCK3
       23: STACK BLOCK7 BLOCK2
       24: UNSTACK BLOCK3 BLOCK8
       25: STACK BLOCK3 BLOCK7
     

time spent:    0.00 seconds instantiating 144 easy, 0 hard action templates
               0.00 seconds reachability analysis, yielding 89 facts and 144 actions
               0.00 seconds creating final representation with 89 relevant facts, 0 relevant fluents
               0.00 seconds computing LNF
               0.00 seconds building connectivity graph
               0.00 seconds searching, evaluating 657 states, to a max depth of 10
               0.00 seconds total time

