
ff: parsing domain file
domain 'BLOCKS' defined
 ... done.
ff: parsing problem file
problem 'PB3' defined
 ... done.


no metric specified. plan length assumed.

checking for cyclic := effects --- OK.

ff: search configuration is EHC, if that fails then  best-first on 1*g(s) + 5*h(s) where
    metric is  plan length

Cueing down from goal distance:   16 into depth [1][2][3][4]
                                  14            [1][2][3][4][5]
                                  13            [1][2][3][4][5]
                                  12            [1][2][3]
                                  11            [1][2]
                                  10            [1][2][3][4]
                                   9            [1][2][3]
                                   8            [1][2][3][4][5][6][7][8][9][10][11][12][13][14]
                                   7            [1][2][3][4][5][6][7][8][9][10][11][12][13][14][15][16]
                                   6            [1]
                                   5            [1]
                                   4            [1]
                                   3            [1]
                                   2            [1]
                                   1            [1]
                                   0            

ff: found legal plan as follows

step    0: UNSTACK BLOCK4 BLOCK2
        1: PUT-DOWN BLOCK4
        2: UNSTACK BLOCK2 BLOCK5
        3: PUT-DOWN BLOCK2
        4: UNSTACK BLOCK5 BLOCK1
        5: STACK BLOCK5 BLOCK2
        6: UNSTACK BLOCK1 BLOCK6
        7: STACK BLOCK1 BLOCK5
        8: PICK-UP BLOCK4
        9: STACK BLOCK4 BLOCK1
       10: UNSTACK BLOCK6 BLOCK8
       11: STACK BLOCK6 BLOCK4
       12: UNSTACK BLOCK8 BLOCK7
       13: PUT-DOWN BLOCK8
       14: UNSTACK BLOCK6 BLOCK4
       15: STACK BLOCK6 BLOCK8
       16: UNSTACK BLOCK4 BLOCK1
       17: STACK BLOCK4 BLOCK6
       18: UNSTACK BLOCK1 BLOCK5
       19: PUT-DOWN BLOCK1
       20: UNSTACK BLOCK7 BLOCK3
       21: STACK BLOCK7 BLOCK4
       22: PICK-UP BLOCK3
       23: STACK BLOCK3 BLOCK5
       24: UNSTACK BLOCK7 BLOCK4
       25: STACK BLOCK7 BLOCK1
       26: UNSTACK BLOCK4 BLOCK6
       27: STACK BLOCK4 BLOCK7
       28: UNSTACK BLOCK6 BLOCK8
       29: STACK BLOCK6 BLOCK4
       30: UNSTACK BLOCK3 BLOCK5
       31: STACK BLOCK3 BLOCK6
       32: UNSTACK BLOCK5 BLOCK2
       33: STACK BLOCK5 BLOCK8
       34: UNSTACK BLOCK3 BLOCK6
       35: STACK BLOCK3 BLOCK5
       36: UNSTACK BLOCK6 BLOCK4
       37: STACK BLOCK6 BLOCK3
       38: UNSTACK BLOCK4 BLOCK7
       39: STACK BLOCK4 BLOCK6
       40: UNSTACK BLOCK7 BLOCK1
       41: STACK BLOCK7 BLOCK4
       42: PICK-UP BLOCK1
       43: STACK BLOCK1 BLOCK7
     

time spent:    0.00 seconds instantiating 144 easy, 0 hard action templates
               0.00 seconds reachability analysis, yielding 89 facts and 144 actions
               0.00 seconds creating final representation with 89 relevant facts, 0 relevant fluents
               0.00 seconds computing LNF
               0.00 seconds building connectivity graph
               0.16 seconds searching, evaluating 34636 states, to a max depth of 16
               0.16 seconds total time

