
ff: parsing domain file
domain 'SATELLITE' defined
 ... done.
ff: parsing problem file
problem 'STRIPS-SAT-X-1' defined
 ... done.


no metric specified. plan length assumed.

checking for cyclic := effects --- OK.

ff: search configuration is EHC, if that fails then  best-first on 1*g(s) + 5*h(s) where
    metric is  plan length

Cueing down from goal distance:   15 into depth [1]
                                  14            [1]
                                  12            [1]
                                  11            [1]
                                  10            [1]
                                   9            [1]
                                   8            [1]
                                   7            [1]
                                   6            [1]
                                   5            [1]
                                   4            [1]
                                   3            [1]
                                   2            [1]
                                   1            [1]
                                   0            

ff: found legal plan as follows

step    0: TURN_TO SATELLITE0 STAR80 STAR51
        1: SWITCH_ON INSTRUMENT1 SATELLITE0
        2: CALIBRATE SATELLITE0 INSTRUMENT1 STAR80
        3: TURN_TO SATELLITE0 STAR156 STAR80
        4: SWITCH_ON INSTRUMENT6 SATELLITE1
        5: CALIBRATE SATELLITE1 INSTRUMENT6 GROUNDSTATION68
        6: TURN_TO SATELLITE1 STAR157 GROUNDSTATION68
        7: TURN_TO SATELLITE2 STAR121 STAR41
        8: TURN_TO SATELLITE3 STAR103 STAR27
        9: TURN_TO SATELLITE8 STAR145 STAR51
       10: TAKE_IMAGE SATELLITE0 STAR156 INSTRUMENT1 THERMOGRAPH4
       11: TURN_TO SATELLITE0 STAR22 STAR156
       12: TAKE_IMAGE SATELLITE1 STAR157 INSTRUMENT6 THERMOGRAPH2
       13: TURN_TO SATELLITE1 STAR95 STAR157
     

time spent:    0.01 seconds instantiating 264833 easy, 0 hard action templates
               0.02 seconds reachability analysis, yielding 2472 facts and 264833 actions
               0.04 seconds creating final representation with 2472 relevant facts, 0 relevant fluents
               0.31 seconds computing LNF
               0.10 seconds building connectivity graph
               0.37 seconds searching, evaluating 25 states, to a max depth of 1
               0.85 seconds total time

