
ff: parsing domain file
domain 'SATELLITE' defined
 ... done.
ff: parsing problem file
problem 'STRIPS-SAT-X-1' defined
 ... done.


no metric specified. plan length assumed.

checking for cyclic := effects --- OK.

ff: search configuration is EHC, if that fails then  best-first on 1*g(s) + 5*h(s) where
    metric is  plan length

Cueing down from goal distance:   11 into depth [1]
                                  10            [1]
                                   7            [1]
                                   6            [1]
                                   5            [1]
                                   4            [1]
                                   3            [1]
                                   2            [1]
                                   1            [1]
                                   0            

ff: found legal plan as follows

step    0: TURN_TO SATELLITE0 STAR19 GROUNDSTATION18
        1: SWITCH_ON INSTRUMENT3 SATELLITE1
        2: CALIBRATE SATELLITE1 INSTRUMENT3 STAR124
        3: TURN_TO SATELLITE1 PHENOMENON156 STAR124
        4: TURN_TO SATELLITE3 GROUNDSTATION154 STAR73
        5: TURN_TO SATELLITE7 STAR123 GROUNDSTATION34
        6: TAKE_IMAGE SATELLITE1 PHENOMENON156 INSTRUMENT3 INFRARED4
        7: TURN_TO SATELLITE1 STAR157 PHENOMENON156
        8: TAKE_IMAGE SATELLITE1 STAR157 INSTRUMENT3 INFRARED2
     

time spent:    0.01 seconds instantiating 272378 easy, 0 hard action templates
               0.02 seconds reachability analysis, yielding 2512 facts and 272378 actions
               0.04 seconds creating final representation with 2512 relevant facts, 0 relevant fluents
               0.32 seconds computing LNF
               0.12 seconds building connectivity graph
               0.22 seconds searching, evaluating 14 states, to a max depth of 1
               0.73 seconds total time

