
ff: parsing domain file
domain 'SATELLITE' defined
 ... done.
ff: parsing problem file
problem 'STRIPS-SAT-X-1' defined
 ... done.


no metric specified. plan length assumed.

checking for cyclic := effects --- OK.

ff: search configuration is EHC, if that fails then  best-first on 1*g(s) + 5*h(s) where
    metric is  plan length

Cueing down from goal distance:   13 into depth [1]
                                   9            [1]
                                   8            [1]
                                   7            [1]
                                   6            [1]
                                   5            [1]
                                   4            [1]
                                   3            [1]
                                   2            [1]
                                   1            [1]
                                   0            

ff: found legal plan as follows

step    0: SWITCH_ON INSTRUMENT3 SATELLITE0
        1: CALIBRATE SATELLITE0 INSTRUMENT3 GROUNDSTATION92
        2: TURN_TO SATELLITE0 PHENOMENON156 GROUNDSTATION92
        3: TURN_TO SATELLITE1 GROUNDSTATION103 STAR25
        4: TURN_TO SATELLITE5 STAR96 STAR83
        5: TURN_TO SATELLITE7 GROUNDSTATION69 STAR155
        6: TURN_TO SATELLITE8 STAR91 GROUNDSTATION86
        7: TAKE_IMAGE SATELLITE0 PHENOMENON156 INSTRUMENT3 THERMOGRAPH0
        8: TURN_TO SATELLITE0 STAR157 PHENOMENON156
        9: TAKE_IMAGE SATELLITE0 STAR157 INSTRUMENT3 THERMOGRAPH2
     

time spent:    0.01 seconds instantiating 268919 easy, 0 hard action templates
               0.02 seconds reachability analysis, yielding 2494 facts and 268919 actions
               0.04 seconds creating final representation with 2494 relevant facts, 0 relevant fluents
               0.30 seconds computing LNF
               0.11 seconds building connectivity graph
               0.34 seconds searching, evaluating 18 states, to a max depth of 1
               0.82 seconds total time

