
ff: parsing domain file
domain 'SATELLITE' defined
 ... done.
ff: parsing problem file
problem 'STRIPS-SAT-X-1' defined
 ... done.


no metric specified. plan length assumed.

checking for cyclic := effects --- OK.

ff: search configuration is EHC, if that fails then  best-first on 1*g(s) + 5*h(s) where
    metric is  plan length

Cueing down from goal distance:   11 into depth [1]
                                  10            [1]
                                   9            [1]
                                   8            [1]
                                   7            [1]
                                   6            [1]
                                   5            [1]
                                   4            [1]
                                   3            [1]
                                   2            [1]
                                   1            [1]
                                   0            

ff: found legal plan as follows

step    0: SWITCH_ON INSTRUMENT2 SATELLITE0
        1: TURN_TO SATELLITE1 GROUNDSTATION12 GROUNDSTATION9
        2: CALIBRATE SATELLITE0 INSTRUMENT2 GROUNDSTATION39
        3: TURN_TO SATELLITE0 PLANET156 GROUNDSTATION39
        4: SWITCH_ON INSTRUMENT5 SATELLITE1
        5: CALIBRATE SATELLITE1 INSTRUMENT5 GROUNDSTATION12
        6: TURN_TO SATELLITE1 PHENOMENON157 GROUNDSTATION12
        7: TURN_TO SATELLITE2 GROUNDSTATION146 STAR90
        8: TAKE_IMAGE SATELLITE0 PLANET156 INSTRUMENT2 SPECTROGRAPH4
        9: TAKE_IMAGE SATELLITE1 PHENOMENON157 INSTRUMENT5 IMAGE3
       10: TURN_TO SATELLITE1 STAR28 PHENOMENON157
     

time spent:    0.01 seconds instantiating 264514 easy, 0 hard action templates
               0.02 seconds reachability analysis, yielding 2468 facts and 264514 actions
               0.05 seconds creating final representation with 2468 relevant facts, 0 relevant fluents
               0.33 seconds computing LNF
               0.11 seconds building connectivity graph
               0.27 seconds searching, evaluating 16 states, to a max depth of 1
               0.79 seconds total time

