
ff: parsing domain file
domain 'SATELLITE' defined
 ... done.
ff: parsing problem file
problem 'STRIPS-SAT-X-1' defined
 ... done.


no metric specified. plan length assumed.

checking for cyclic := effects --- OK.

ff: search configuration is EHC, if that fails then  best-first on 1*g(s) + 5*h(s) where
    metric is  plan length

Cueing down from goal distance:   11 into depth [1]
                                  10            [1]
                                   9            [1]
                                   8            [1]
                                   7            [1]
                                   6            [1]
                                   5            [1]
                                   4            [1]
                                   3            [1]
                                   2            [1]
                                   1            [1]
                                   0            

ff: found legal plan as follows

step    0: TURN_TO SATELLITE0 GROUNDSTATION7 GROUNDSTATION38
        1: SWITCH_ON INSTRUMENT4 SATELLITE0
        2: CALIBRATE SATELLITE0 INSTRUMENT4 GROUNDSTATION7
        3: TURN_TO SATELLITE0 STAR58 GROUNDSTATION7
        4: TURN_TO SATELLITE2 GROUNDSTATION40 STAR29
        5: TURN_TO SATELLITE4 STAR29 STAR25
        6: TURN_TO SATELLITE5 GROUNDSTATION44 GROUNDSTATION48
        7: TURN_TO SATELLITE8 GROUNDSTATION42 STAR50
        8: TAKE_IMAGE SATELLITE0 STAR58 INSTRUMENT4 INFRARED2
        9: TURN_TO SATELLITE0 STAR59 STAR58
       10: TAKE_IMAGE SATELLITE0 STAR59 INSTRUMENT4 INFRARED2
     

time spent:    0.00 seconds instantiating 45804 easy, 0 hard action templates
               0.00 seconds reachability analysis, yielding 1054 facts and 45804 actions
               0.00 seconds creating final representation with 1054 relevant facts, 0 relevant fluents
               0.06 seconds computing LNF
               0.02 seconds building connectivity graph
               0.02 seconds searching, evaluating 19 states, to a max depth of 1
               0.10 seconds total time

