
ff: parsing domain file
domain 'SATELLITE' defined
 ... done.
ff: parsing problem file
problem 'STRIPS-SAT-X-1' defined
 ... done.


no metric specified. plan length assumed.

checking for cyclic := effects --- OK.

ff: search configuration is EHC, if that fails then  best-first on 1*g(s) + 5*h(s) where
    metric is  plan length

Cueing down from goal distance:   13 into depth [1]
                                  12            [1]
                                  11            [1]
                                  10            [1]
                                   9            [1]
                                   8            [1]
                                   7            [1]
                                   6            [1]
                                   5            [1]
                                   4            [1]
                                   3            [1][2]
                                   2            [1]
                                   1            [1]
                                   0            

ff: found legal plan as follows

step    0: TURN_TO SATELLITE0 GROUNDSTATION40 STAR36
        1: SWITCH_ON INSTRUMENT6 SATELLITE1
        2: SWITCH_ON INSTRUMENT2 SATELLITE0
        3: CALIBRATE SATELLITE0 INSTRUMENT2 GROUNDSTATION40
        4: TURN_TO SATELLITE0 PLANET59 GROUNDSTATION40
        5: TURN_TO SATELLITE2 STAR42 GROUNDSTATION6
        6: TURN_TO SATELLITE4 GROUNDSTATION4 STAR38
        7: TURN_TO SATELLITE5 GROUNDSTATION3 STAR14
        8: TURN_TO SATELLITE7 GROUNDSTATION47 STAR28
        9: TAKE_IMAGE SATELLITE0 PLANET59 INSTRUMENT2 SPECTROGRAPH3
       10: TURN_TO SATELLITE1 GROUNDSTATION41 STAR58
       11: CALIBRATE SATELLITE1 INSTRUMENT6 GROUNDSTATION41
       12: TURN_TO SATELLITE1 STAR58 GROUNDSTATION41
       13: TAKE_IMAGE SATELLITE1 STAR58 INSTRUMENT6 IMAGE2
     

time spent:    0.00 seconds instantiating 42070 easy, 0 hard action templates
               0.00 seconds reachability analysis, yielding 1002 facts and 42070 actions
               0.00 seconds creating final representation with 1002 relevant facts, 0 relevant fluents
               0.06 seconds computing LNF
               0.03 seconds building connectivity graph
               0.04 seconds searching, evaluating 25 states, to a max depth of 2
               0.13 seconds total time

