
ff: parsing domain file
domain 'SATELLITE' defined
 ... done.
ff: parsing problem file
problem 'STRIPS-SAT-X-1' defined
 ... done.


no metric specified. plan length assumed.

checking for cyclic := effects --- OK.

ff: search configuration is EHC, if that fails then  best-first on 1*g(s) + 5*h(s) where
    metric is  plan length

Cueing down from goal distance:   13 into depth [1]
                                  12            [1]
                                  11            [1]
                                  10            [1]
                                   9            [1]
                                   8            [1]
                                   7            [1]
                                   6            [1]
                                   5            [1]
                                   4            [1]
                                   3            [1][2]
                                   2            [1]
                                   1            [1]
                                   0            

ff: found legal plan as follows

step    0: TURN_TO SATELLITE0 STAR50 GROUNDSTATION11
        1: SWITCH_ON INSTRUMENT30 SATELLITE5
        2: SWITCH_ON INSTRUMENT0 SATELLITE0
        3: CALIBRATE SATELLITE0 INSTRUMENT0 STAR50
        4: TURN_TO SATELLITE0 STAR59 STAR50
        5: TURN_TO SATELLITE1 STAR26 GROUNDSTATION32
        6: TURN_TO SATELLITE2 STAR56 STAR13
        7: TURN_TO SATELLITE3 STAR30 GROUNDSTATION49
        8: TURN_TO SATELLITE4 GROUNDSTATION33 STAR6
        9: TAKE_IMAGE SATELLITE0 STAR59 INSTRUMENT0 IMAGE4
       10: TURN_TO SATELLITE5 GROUNDSTATION10 PHENOMENON58
       11: CALIBRATE SATELLITE5 INSTRUMENT30 GROUNDSTATION10
       12: TURN_TO SATELLITE5 PHENOMENON58 GROUNDSTATION10
       13: TAKE_IMAGE SATELLITE5 PHENOMENON58 INSTRUMENT30 SPECTROGRAPH0
     

time spent:    0.00 seconds instantiating 44794 easy, 0 hard action templates
               0.00 seconds reachability analysis, yielding 1040 facts and 44794 actions
               0.01 seconds creating final representation with 1040 relevant facts, 0 relevant fluents
               0.06 seconds computing LNF
               0.02 seconds building connectivity graph
               0.04 seconds searching, evaluating 25 states, to a max depth of 2
               0.13 seconds total time

