
ff: parsing domain file
domain 'SATELLITE' defined
 ... done.
ff: parsing problem file
problem 'STRIPS-SAT-X-1' defined
 ... done.


no metric specified. plan length assumed.

checking for cyclic := effects --- OK.

ff: search configuration is EHC, if that fails then  best-first on 1*g(s) + 5*h(s) where
    metric is  plan length

Cueing down from goal distance:    9 into depth [1]
                                   8            [1]
                                   7            [1]
                                   6            [1]
                                   5            [1]
                                   4            [1]
                                   3            [1]
                                   2            [1]
                                   1            [1]
                                   0            

ff: found legal plan as follows

step    0: TURN_TO SATELLITE0 GROUNDSTATION5 STAR45
        1: SWITCH_ON INSTRUMENT0 SATELLITE0
        2: CALIBRATE SATELLITE0 INSTRUMENT0 GROUNDSTATION5
        3: TURN_TO SATELLITE0 STAR58 GROUNDSTATION5
        4: TURN_TO SATELLITE2 STAR24 STAR31
        5: TURN_TO SATELLITE9 GROUNDSTATION38 STAR22
        6: TAKE_IMAGE SATELLITE0 STAR58 INSTRUMENT0 THERMOGRAPH4
        7: TURN_TO SATELLITE0 STAR59 STAR58
        8: TAKE_IMAGE SATELLITE0 STAR59 INSTRUMENT0 THERMOGRAPH1
     

time spent:    0.00 seconds instantiating 44451 easy, 0 hard action templates
               0.00 seconds reachability analysis, yielding 1034 facts and 44451 actions
               0.00 seconds creating final representation with 1034 relevant facts, 0 relevant fluents
               0.06 seconds computing LNF
               0.02 seconds building connectivity graph
               0.02 seconds searching, evaluating 15 states, to a max depth of 1
               0.10 seconds total time

