
ff: parsing domain file
domain 'SATELLITE' defined
 ... done.
ff: parsing problem file
problem 'STRIPS-SAT-X-1' defined
 ... done.


no metric specified. plan length assumed.

checking for cyclic := effects --- OK.

ff: search configuration is EHC, if that fails then  best-first on 1*g(s) + 5*h(s) where
    metric is  plan length

Cueing down from goal distance:   15 into depth [1]
                                  14            [1]
                                  13            [1]
                                  10            [1]
                                   9            [1]
                                   8            [1]
                                   7            [1]
                                   6            [1]
                                   5            [1]
                                   4            [1]
                                   3            [1]
                                   2            [1]
                                   1            [1]
                                   0            

ff: found legal plan as follows

step    0: TURN_TO SATELLITE0 STAR7 GROUNDSTATION131
        1: TURN_TO SATELLITE0 GROUNDSTATION52 STAR7
        2: SWITCH_ON INSTRUMENT2 SATELLITE0
        3: CALIBRATE SATELLITE0 INSTRUMENT2 GROUNDSTATION52
        4: TURN_TO SATELLITE0 STAR149 GROUNDSTATION52
        5: TURN_TO SATELLITE1 GROUNDSTATION51 GROUNDSTATION78
        6: TURN_TO SATELLITE4 GROUNDSTATION87 STAR85
        7: TURN_TO SATELLITE7 STAR149 GROUNDSTATION46
        8: TURN_TO SATELLITE8 STAR142 GROUNDSTATION81
        9: TAKE_IMAGE SATELLITE0 STAR149 INSTRUMENT2 INFRARED3
       10: TURN_TO SATELLITE0 PHENOMENON150 STAR149
       11: TAKE_IMAGE SATELLITE0 PHENOMENON150 INSTRUMENT2 THERMOGRAPH1
       12: TURN_TO SATELLITE0 STAR98 PHENOMENON150
     

time spent:    0.00 seconds instantiating 245524 easy, 0 hard action templates
               0.03 seconds reachability analysis, yielding 2389 facts and 245524 actions
               0.04 seconds creating final representation with 2389 relevant facts, 0 relevant fluents
               0.29 seconds computing LNF
               0.11 seconds building connectivity graph
               0.54 seconds searching, evaluating 26 states, to a max depth of 1
               1.01 seconds total time

