
ff: parsing domain file
domain 'SATELLITE' defined
 ... done.
ff: parsing problem file
problem 'STRIPS-SAT-X-1' defined
 ... done.


no metric specified. plan length assumed.

checking for cyclic := effects --- OK.

ff: search configuration is EHC, if that fails then  best-first on 1*g(s) + 5*h(s) where
    metric is  plan length

Cueing down from goal distance:   11 into depth [1]
                                  10            [1]
                                   9            [1]
                                   8            [1]
                                   7            [1]
                                   6            [1]
                                   5            [1]
                                   4            [1]
                                   3            [1]
                                   2            [1]
                                   1            [1]
                                   0            

ff: found legal plan as follows

step    0: SWITCH_ON INSTRUMENT1 SATELLITE0
        1: CALIBRATE SATELLITE0 INSTRUMENT1 STAR96
        2: TURN_TO SATELLITE0 PLANET149 STAR96
        3: TURN_TO SATELLITE1 STAR53 STAR36
        4: TURN_TO SATELLITE3 STAR25 GROUNDSTATION136
        5: TURN_TO SATELLITE5 STAR34 STAR146
        6: TURN_TO SATELLITE7 GROUNDSTATION103 STAR139
        7: TURN_TO SATELLITE9 STAR59 STAR142
        8: TAKE_IMAGE SATELLITE0 PLANET149 INSTRUMENT1 THERMOGRAPH3
        9: TURN_TO SATELLITE0 PHENOMENON150 PLANET149
       10: TAKE_IMAGE SATELLITE0 PHENOMENON150 INSTRUMENT1 THERMOGRAPH3
     

time spent:    0.00 seconds instantiating 243703 easy, 0 hard action templates
               0.03 seconds reachability analysis, yielding 2369 facts and 243703 actions
               0.04 seconds creating final representation with 2369 relevant facts, 0 relevant fluents
               0.31 seconds computing LNF
               0.10 seconds building connectivity graph
               0.28 seconds searching, evaluating 20 states, to a max depth of 1
               0.76 seconds total time

