
ff: parsing domain file
domain 'SATELLITE' defined
 ... done.
ff: parsing problem file
problem 'STRIPS-SAT-X-1' defined
 ... done.


no metric specified. plan length assumed.

checking for cyclic := effects --- OK.

ff: search configuration is EHC, if that fails then  best-first on 1*g(s) + 5*h(s) where
    metric is  plan length

Cueing down from goal distance:   17 into depth [1]
                                  16            [1]
                                  14            [1]
                                  13            [1]
                                  12            [1]
                                  11            [1]
                                  10            [1]
                                   9            [1]
                                   8            [1]
                                   7            [1]
                                   6            [1]
                                   5            [1]
                                   4            [1]
                                   3            [1]
                                   2            [1]
                                   1            [1]
                                   0            

ff: found legal plan as follows

step    0: TURN_TO SATELLITE0 GROUNDSTATION52 GROUNDSTATION12
        1: SWITCH_ON INSTRUMENT0 SATELLITE0
        2: CALIBRATE SATELLITE0 INSTRUMENT0 GROUNDSTATION52
        3: TURN_TO SATELLITE0 STAR149 GROUNDSTATION52
        4: SWITCH_ON INSTRUMENT9 SATELLITE1
        5: CALIBRATE SATELLITE1 INSTRUMENT9 GROUNDSTATION75
        6: TURN_TO SATELLITE1 PLANET150 GROUNDSTATION75
        7: TURN_TO SATELLITE2 STAR8 STAR147
        8: TURN_TO SATELLITE4 STAR3 GROUNDSTATION93
        9: TURN_TO SATELLITE5 GROUNDSTATION69 GROUNDSTATION67
       10: TURN_TO SATELLITE6 STAR72 STAR23
       11: TURN_TO SATELLITE8 STAR146 GROUNDSTATION85
       12: TURN_TO SATELLITE9 GROUNDSTATION59 GROUNDSTATION30
       13: TAKE_IMAGE SATELLITE0 STAR149 INSTRUMENT0 IMAGE2
       14: TAKE_IMAGE SATELLITE1 PLANET150 INSTRUMENT9 SPECTROGRAPH3
       15: TURN_TO SATELLITE1 GROUNDSTATION63 PLANET150
     

time spent:    0.00 seconds instantiating 246697 easy, 0 hard action templates
               0.03 seconds reachability analysis, yielding 2387 facts and 246697 actions
               0.04 seconds creating final representation with 2387 relevant facts, 0 relevant fluents
               0.28 seconds computing LNF
               0.10 seconds building connectivity graph
               0.31 seconds searching, evaluating 26 states, to a max depth of 1
               0.76 seconds total time

