
ff: parsing domain file
domain 'SATELLITE' defined
 ... done.
ff: parsing problem file
problem 'STRIPS-SAT-X-1' defined
 ... done.


no metric specified. plan length assumed.

checking for cyclic := effects --- OK.

ff: search configuration is EHC, if that fails then  best-first on 1*g(s) + 5*h(s) where
    metric is  plan length

Cueing down from goal distance:    7 into depth [1]
                                   6            [1]
                                   5            [1]
                                   4            [1]
                                   3            [1][2]
                                   2            [1]
                                   1            [1]
                                   0            

ff: found legal plan as follows

step    0: SWITCH_ON INSTRUMENT51 SATELLITE8
        1: TURN_TO SATELLITE1 GROUNDSTATION66 GROUNDSTATION143
        2: TURN_TO SATELLITE5 GROUNDSTATION61 GROUNDSTATION54
        3: TURN_TO SATELLITE7 GROUNDSTATION34 STAR8
        4: TURN_TO SATELLITE8 STAR45 PLANET150
        5: CALIBRATE SATELLITE8 INSTRUMENT51 STAR45
        6: TURN_TO SATELLITE8 PLANET150 STAR45
        7: TAKE_IMAGE SATELLITE8 PLANET150 INSTRUMENT51 INFRARED1
     

time spent:    0.00 seconds instantiating 249468 easy, 0 hard action templates
               0.03 seconds reachability analysis, yielding 2405 facts and 249468 actions
               0.05 seconds creating final representation with 2405 relevant facts, 0 relevant fluents
               0.30 seconds computing LNF
               0.10 seconds building connectivity graph
               0.19 seconds searching, evaluating 13 states, to a max depth of 2
               0.67 seconds total time

