
ff: parsing domain file
domain 'SATELLITE' defined
 ... done.
ff: parsing problem file
problem 'STRIPS-SAT-X-1' defined
 ... done.


no metric specified. plan length assumed.

checking for cyclic := effects --- OK.

ff: search configuration is EHC, if that fails then  best-first on 1*g(s) + 5*h(s) where
    metric is  plan length

Cueing down from goal distance:   15 into depth [1]
                                  14            [1]
                                  13            [1]
                                  12            [1]
                                  11            [1]
                                  10            [1]
                                   9            [1]
                                   8            [1]
                                   7            [1]
                                   6            [1]
                                   5            [1]
                                   4            [1]
                                   3            [1]
                                   2            [1]
                                   1            [1]
                                   0            

ff: found legal plan as follows

step    0: TURN_TO SATELLITE0 STAR2 GROUNDSTATION13
        1: SWITCH_ON INSTRUMENT3 SATELLITE0
        2: TURN_TO SATELLITE2 STAR16 STAR22
        3: CALIBRATE SATELLITE0 INSTRUMENT3 STAR2
        4: TURN_TO SATELLITE0 STAR26 STAR2
        5: SWITCH_ON INSTRUMENT10 SATELLITE2
        6: CALIBRATE SATELLITE2 INSTRUMENT10 STAR16
        7: TURN_TO SATELLITE2 STAR27 STAR16
        8: TURN_TO SATELLITE1 STAR22 STAR27
        9: TURN_TO SATELLITE4 GROUNDSTATION20 GROUNDSTATION24
       10: TURN_TO SATELLITE5 GROUNDSTATION12 STAR2
       11: TURN_TO SATELLITE8 STAR23 GROUNDSTATION3
       12: TAKE_IMAGE SATELLITE0 STAR26 INSTRUMENT3 THERMOGRAPH0
       13: TURN_TO SATELLITE0 STAR6 STAR26
       14: TAKE_IMAGE SATELLITE2 STAR27 INSTRUMENT10 INFRARED2
     

time spent:    0.00 seconds instantiating 11702 easy, 0 hard action templates
               0.00 seconds reachability analysis, yielding 548 facts and 11702 actions
               0.00 seconds creating final representation with 548 relevant facts, 0 relevant fluents
               0.01 seconds computing LNF
               0.00 seconds building connectivity graph
               0.01 seconds searching, evaluating 22 states, to a max depth of 1
               0.02 seconds total time

