
ff: parsing domain file
domain 'SATELLITE' defined
 ... done.
ff: parsing problem file
problem 'STRIPS-SAT-X-1' defined
 ... done.


no metric specified. plan length assumed.

checking for cyclic := effects --- OK.

ff: search configuration is EHC, if that fails then  best-first on 1*g(s) + 5*h(s) where
    metric is  plan length

Cueing down from goal distance:   12 into depth [1]
                                  11            [1]
                                  10            [1]
                                   9            [1]
                                   8            [1]
                                   7            [1]
                                   6            [1]
                                   5            [1]
                                   4            [1]
                                   3            [1]
                                   2            [1]
                                   1            [1]
                                   0            

ff: found legal plan as follows

step    0: TURN_TO SATELLITE0 GROUNDSTATION12 GROUNDSTATION15
        1: SWITCH_ON INSTRUMENT0 SATELLITE0
        2: CALIBRATE SATELLITE0 INSTRUMENT0 GROUNDSTATION12
        3: TURN_TO SATELLITE0 PLANET26 GROUNDSTATION12
        4: TURN_TO SATELLITE1 STAR24 GROUNDSTATION1
        5: TURN_TO SATELLITE2 GROUNDSTATION7 GROUNDSTATION17
        6: TURN_TO SATELLITE5 GROUNDSTATION6 GROUNDSTATION18
        7: TURN_TO SATELLITE7 GROUNDSTATION17 GROUNDSTATION25
        8: TAKE_IMAGE SATELLITE0 PLANET26 INSTRUMENT0 THERMOGRAPH4
        9: TURN_TO SATELLITE0 PLANET27 PLANET26
       10: TAKE_IMAGE SATELLITE0 PLANET27 INSTRUMENT0 INFRARED0
       11: TURN_TO SATELLITE0 GROUNDSTATION13 PLANET27
     

time spent:    0.00 seconds instantiating 11079 easy, 0 hard action templates
               0.00 seconds reachability analysis, yielding 530 facts and 11079 actions
               0.00 seconds creating final representation with 530 relevant facts, 0 relevant fluents
               0.01 seconds computing LNF
               0.00 seconds building connectivity graph
               0.01 seconds searching, evaluating 26 states, to a max depth of 1
               0.02 seconds total time

