
ff: parsing domain file
domain 'SATELLITE' defined
 ... done.
ff: parsing problem file
problem 'STRIPS-SAT-X-1' defined
 ... done.


no metric specified. plan length assumed.

checking for cyclic := effects --- OK.

ff: search configuration is EHC, if that fails then  best-first on 1*g(s) + 5*h(s) where
    metric is  plan length

Cueing down from goal distance:   16 into depth [1]
                                  15            [1]
                                  13            [1]
                                  12            [1]
                                  11            [1]
                                  10            [1]
                                   9            [1]
                                   8            [1]
                                   7            [1]
                                   6            [1]
                                   5            [1]
                                   4            [1]
                                   3            [1]
                                   2            [1]
                                   1            [1]
                                   0            

ff: found legal plan as follows

step    0: TURN_TO SATELLITE0 GROUNDSTATION10 GROUNDSTATION18
        1: TURN_TO SATELLITE8 STAR9 STAR27
        2: SWITCH_ON INSTRUMENT1 SATELLITE0
        3: CALIBRATE SATELLITE0 INSTRUMENT1 GROUNDSTATION10
        4: TURN_TO SATELLITE0 PHENOMENON26 GROUNDSTATION10
        5: TURN_TO SATELLITE1 GROUNDSTATION13 STAR22
        6: TURN_TO SATELLITE2 GROUNDSTATION23 GROUNDSTATION16
        7: TURN_TO SATELLITE4 GROUNDSTATION4 GROUNDSTATION13
        8: TURN_TO SATELLITE6 GROUNDSTATION8 STAR17
        9: TURN_TO SATELLITE7 STAR5 GROUNDSTATION8
       10: TURN_TO SATELLITE9 GROUNDSTATION10 GROUNDSTATION8
       11: TAKE_IMAGE SATELLITE0 PHENOMENON26 INSTRUMENT1 IMAGE3
       12: TURN_TO SATELLITE0 STAR27 PHENOMENON26
       13: TAKE_IMAGE SATELLITE0 STAR27 INSTRUMENT1 SPECTROGRAPH2
       14: TURN_TO SATELLITE0 GROUNDSTATION15 STAR27
     

time spent:    0.00 seconds instantiating 11045 easy, 0 hard action templates
               0.00 seconds reachability analysis, yielding 530 facts and 11045 actions
               0.00 seconds creating final representation with 530 relevant facts, 0 relevant fluents
               0.01 seconds computing LNF
               0.00 seconds building connectivity graph
               0.01 seconds searching, evaluating 33 states, to a max depth of 1
               0.02 seconds total time

