
ff: parsing domain file
domain 'SATELLITE' defined
 ... done.
ff: parsing problem file
problem 'STRIPS-SAT-X-1' defined
 ... done.


no metric specified. plan length assumed.

checking for cyclic := effects --- OK.

ff: search configuration is EHC, if that fails then  best-first on 1*g(s) + 5*h(s) where
    metric is  plan length

Cueing down from goal distance:   11 into depth [1]
                                  10            [1]
                                   9            [1]
                                   8            [1]
                                   7            [1]
                                   6            [1]
                                   5            [1]
                                   4            [1]
                                   3            [1]
                                   2            [1]
                                   1            [1]
                                   0            

ff: found legal plan as follows

step    0: SWITCH_ON INSTRUMENT1 SATELLITE0
        1: CALIBRATE SATELLITE0 INSTRUMENT1 STAR24
        2: TURN_TO SATELLITE0 PHENOMENON27 STAR24
        3: TURN_TO SATELLITE1 GROUNDSTATION4 GROUNDSTATION1
        4: TURN_TO SATELLITE3 STAR16 STAR7
        5: TURN_TO SATELLITE5 STAR26 STAR2
        6: TURN_TO SATELLITE7 GROUNDSTATION6 GROUNDSTATION4
        7: TURN_TO SATELLITE8 GROUNDSTATION8 GROUNDSTATION23
        8: TAKE_IMAGE SATELLITE0 PHENOMENON27 INSTRUMENT1 IMAGE3
        9: TURN_TO SATELLITE0 STAR26 PHENOMENON27
       10: TAKE_IMAGE SATELLITE0 STAR26 INSTRUMENT1 IMAGE3
     

time spent:    0.00 seconds instantiating 10437 easy, 0 hard action templates
               0.00 seconds reachability analysis, yielding 514 facts and 10437 actions
               0.00 seconds creating final representation with 514 relevant facts, 0 relevant fluents
               0.01 seconds computing LNF
               0.00 seconds building connectivity graph
               0.01 seconds searching, evaluating 18 states, to a max depth of 1
               0.02 seconds total time

