
ff: parsing domain file
domain 'SATELLITE' defined
 ... done.
ff: parsing problem file
problem 'STRIPS-SAT-X-1' defined
 ... done.


no metric specified. plan length assumed.

checking for cyclic := effects --- OK.

ff: search configuration is EHC, if that fails then  best-first on 1*g(s) + 5*h(s) where
    metric is  plan length

Cueing down from goal distance:   12 into depth [1]
                                  11            [1]
                                  10            [1]
                                   9            [1]
                                   8            [1]
                                   7            [1]
                                   6            [1]
                                   5            [1]
                                   4            [1]
                                   3            [1][2]
                                   2            [1][2]
                                   1            [1]
                                   0            

ff: found legal plan as follows

step    0: TURN_TO SATELLITE1 STAR6 STAR4
        1: SWITCH_ON INSTRUMENT1 SATELLITE1
        2: CALIBRATE SATELLITE1 INSTRUMENT1 STAR6
        3: TURN_TO SATELLITE1 PLANET26 STAR6
        4: SWITCH_ON INSTRUMENT3 SATELLITE2
        5: TURN_TO SATELLITE0 STAR19 GROUNDSTATION10
        6: TURN_TO SATELLITE4 STAR2 STAR6
        7: TURN_TO SATELLITE9 GROUNDSTATION9 GROUNDSTATION18
        8: TAKE_IMAGE SATELLITE1 PLANET26 INSTRUMENT1 THERMOGRAPH4
        9: TURN_TO SATELLITE2 STAR22 STAR27
       10: CALIBRATE SATELLITE2 INSTRUMENT3 STAR22
       11: TURN_TO SATELLITE2 STAR27 STAR22
       12: TAKE_IMAGE SATELLITE2 STAR27 INSTRUMENT3 THERMOGRAPH3
       13: TURN_TO SATELLITE2 STAR22 STAR27
     

time spent:    0.00 seconds instantiating 9969 easy, 0 hard action templates
               0.00 seconds reachability analysis, yielding 498 facts and 9969 actions
               0.00 seconds creating final representation with 498 relevant facts, 0 relevant fluents
               0.00 seconds computing LNF
               0.01 seconds building connectivity graph
               0.00 seconds searching, evaluating 18 states, to a max depth of 2
               0.01 seconds total time

