
ff: parsing domain file
domain 'BLOCKS' defined
 ... done.
ff: parsing problem file
problem 'PB3' defined
 ... done.


no metric specified. plan length assumed.

checking for cyclic := effects --- OK.

ff: search configuration is EHC, if that fails then  best-first on 1*g(s) + 5*h(s) where
    metric is  plan length

Cueing down from goal distance:   22 into depth [1]
                                  21            [1]
                                  20            [1]
                                  19            [1]
                                  18            [1]
                                  17            [1][2]
                                  16            [1]
                                  15            [1]
                                  14            [1][2][3][4]
                                  13            [1][2][3]
                                  12            [1]
                                  11            [1][2][3][4][5][6]
                                  10            [1]
                                   9            [1]
                                   8            [1][2][3]
                                   7            [1]
                                   6            [1]
                                   5            [1][2][3][4][5][6][7][8][9][10]
                                   4            [1]
                                   3            [1]
                                   2            [1]
                                   1            [1]
                                   0            

ff: found legal plan as follows

step    0: UNSTACK BLOCK4 BLOCK1
        1: PUT-DOWN BLOCK4
        2: UNSTACK BLOCK1 BLOCK7
        3: STACK BLOCK1 BLOCK4
        4: UNSTACK BLOCK7 BLOCK8
        5: STACK BLOCK7 BLOCK2
        6: UNSTACK BLOCK8 BLOCK10
        7: STACK BLOCK8 BLOCK1
        8: UNSTACK BLOCK5 BLOCK9
        9: STACK BLOCK5 BLOCK8
       10: UNSTACK BLOCK10 BLOCK3
       11: STACK BLOCK10 BLOCK9
       12: UNSTACK BLOCK5 BLOCK8
       13: STACK BLOCK5 BLOCK10
       14: UNSTACK BLOCK3 BLOCK11
       15: STACK BLOCK3 BLOCK5
       16: PICK-UP BLOCK11
       17: STACK BLOCK11 BLOCK3
       18: UNSTACK BLOCK7 BLOCK2
       19: STACK BLOCK7 BLOCK11
       20: UNSTACK BLOCK2 BLOCK6
       21: STACK BLOCK2 BLOCK8
       22: UNSTACK BLOCK7 BLOCK11
       23: STACK BLOCK7 BLOCK2
       24: UNSTACK BLOCK11 BLOCK3
       25: STACK BLOCK11 BLOCK7
       26: PICK-UP BLOCK6
       27: STACK BLOCK6 BLOCK11
       28: UNSTACK BLOCK3 BLOCK5
       29: PUT-DOWN BLOCK3
       30: UNSTACK BLOCK5 BLOCK10
       31: STACK BLOCK5 BLOCK3
       32: UNSTACK BLOCK10 BLOCK9
       33: STACK BLOCK10 BLOCK5
       34: PICK-UP BLOCK9
       35: STACK BLOCK9 BLOCK6
       36: UNSTACK BLOCK10 BLOCK5
       37: STACK BLOCK10 BLOCK9
       38: UNSTACK BLOCK5 BLOCK3
       39: STACK BLOCK5 BLOCK10
       40: PICK-UP BLOCK3
       41: STACK BLOCK3 BLOCK5
     

time spent:    0.00 seconds instantiating 264 easy, 0 hard action templates
               0.00 seconds reachability analysis, yielding 155 facts and 264 actions
               0.00 seconds creating final representation with 155 relevant facts, 0 relevant fluents
               0.00 seconds computing LNF
               0.00 seconds building connectivity graph
               0.00 seconds searching, evaluating 677 states, to a max depth of 10
               0.00 seconds total time

