
ff: parsing domain file
domain 'BLOCKS' defined
 ... done.
ff: parsing problem file
problem 'PB1' defined
 ... done.


no metric specified. plan length assumed.

checking for cyclic := effects --- OK.

ff: search configuration is EHC, if that fails then  best-first on 1*g(s) + 5*h(s) where
    metric is  plan length

Cueing down from goal distance:   19 into depth [1]
                                  18            [1]
                                  17            [1]
                                  16            [1][2][3][4][5][6][7]
                                  15            [1][2]
                                  13            [1]
                                  12            [1][2][3][4]
                                  11            [1]
                                  10            [1]
                                   9            [1]
                                   8            [1][2][3][4]
                                   7            [1]
                                   6            [1]
                                   5            [1]
                                   4            [1]
                                   3            [1][2][3][4]
                                   2            [1][2]
                                   0            

ff: found legal plan as follows

step    0: UNSTACK BLOCK4 BLOCK5
        1: PUT-DOWN BLOCK4
        2: UNSTACK BLOCK6 BLOCK3
        3: STACK BLOCK6 BLOCK9
        4: UNSTACK BLOCK3 BLOCK10
        5: STACK BLOCK3 BLOCK6
        6: UNSTACK BLOCK10 BLOCK7
        7: STACK BLOCK10 BLOCK4
        8: UNSTACK BLOCK7 BLOCK11
        9: PUT-DOWN BLOCK7
       10: PICK-UP BLOCK5
       11: STACK BLOCK5 BLOCK11
       12: UNSTACK BLOCK3 BLOCK6
       13: STACK BLOCK3 BLOCK7
       14: UNSTACK BLOCK6 BLOCK9
       15: STACK BLOCK6 BLOCK10
       16: UNSTACK BLOCK9 BLOCK8
       17: STACK BLOCK9 BLOCK6
       18: UNSTACK BLOCK5 BLOCK11
       19: STACK BLOCK5 BLOCK8
       20: UNSTACK BLOCK11 BLOCK1
       21: STACK BLOCK11 BLOCK9
       22: UNSTACK BLOCK3 BLOCK7
       23: STACK BLOCK3 BLOCK1
       24: UNSTACK BLOCK5 BLOCK8
       25: STACK BLOCK5 BLOCK11
       26: UNSTACK BLOCK8 BLOCK2
       27: STACK BLOCK8 BLOCK7
       28: PICK-UP BLOCK2
       29: STACK BLOCK2 BLOCK3
       30: UNSTACK BLOCK8 BLOCK7
       31: STACK BLOCK8 BLOCK2
     

time spent:    0.00 seconds instantiating 264 easy, 0 hard action templates
               0.00 seconds reachability analysis, yielding 155 facts and 264 actions
               0.00 seconds creating final representation with 155 relevant facts, 0 relevant fluents
               0.00 seconds computing LNF
               0.00 seconds building connectivity graph
               0.01 seconds searching, evaluating 1272 states, to a max depth of 7
               0.01 seconds total time

