
ff: parsing domain file
domain 'BLOCKS' defined
 ... done.
ff: parsing problem file
problem 'PB6' defined
 ... done.


no metric specified. plan length assumed.

checking for cyclic := effects --- OK.

ff: search configuration is EHC, if that fails then  best-first on 1*g(s) + 5*h(s) where
    metric is  plan length

Cueing down from goal distance:   17 into depth [1]
                                  16            [1]
                                  15            [1]
                                  14            [1][2][3][4][5]
                                  13            [1][2][3]
                                  12            [1][2][3][4][5]
                                  11            [1]
                                  10            [1]
                                   9            [1][2]
                                   7            [1][2]
                                   6            [1][2][3][4][5][6][7]
                                   5            [1]
                                   4            [1]
                                   3            [1]
                                   2            [1][2]
                                   0            

ff: found legal plan as follows

step    0: UNSTACK BLOCK4 BLOCK10
        1: PUT-DOWN BLOCK4
        2: UNSTACK BLOCK7 BLOCK2
        3: STACK BLOCK7 BLOCK4
        4: UNSTACK BLOCK1 BLOCK5
        5: STACK BLOCK1 BLOCK7
        6: UNSTACK BLOCK10 BLOCK9
        7: STACK BLOCK10 BLOCK5
        8: UNSTACK BLOCK1 BLOCK7
        9: STACK BLOCK1 BLOCK10
       10: UNSTACK BLOCK7 BLOCK4
       11: STACK BLOCK7 BLOCK1
       12: UNSTACK BLOCK9 BLOCK8
       13: STACK BLOCK9 BLOCK7
       14: UNSTACK BLOCK8 BLOCK3
       15: STACK BLOCK8 BLOCK4
       16: UNSTACK BLOCK3 BLOCK11
       17: STACK BLOCK3 BLOCK2
       18: UNSTACK BLOCK9 BLOCK7
       19: STACK BLOCK9 BLOCK8
       20: UNSTACK BLOCK11 BLOCK6
       21: STACK BLOCK11 BLOCK9
       22: UNSTACK BLOCK7 BLOCK1
       23: STACK BLOCK7 BLOCK11
       24: UNSTACK BLOCK1 BLOCK10
       25: STACK BLOCK1 BLOCK3
       26: PICK-UP BLOCK6
       27: STACK BLOCK6 BLOCK10
       28: UNSTACK BLOCK7 BLOCK11
       29: STACK BLOCK7 BLOCK1
       30: UNSTACK BLOCK11 BLOCK9
       31: STACK BLOCK11 BLOCK7
     

time spent:    0.00 seconds instantiating 264 easy, 0 hard action templates
               0.00 seconds reachability analysis, yielding 155 facts and 264 actions
               0.00 seconds creating final representation with 155 relevant facts, 0 relevant fluents
               0.00 seconds computing LNF
               0.00 seconds building connectivity graph
               0.00 seconds searching, evaluating 596 states, to a max depth of 7
               0.00 seconds total time

