
ff: parsing domain file
domain 'BLOCKS' defined
 ... done.
ff: parsing problem file
problem 'PB8' defined
 ... done.


no metric specified. plan length assumed.

checking for cyclic := effects --- OK.

ff: search configuration is EHC, if that fails then  best-first on 1*g(s) + 5*h(s) where
    metric is  plan length

Cueing down from goal distance:   16 into depth [1]
                                  15            [1]
                                  14            [1][2][3]
                                  13            [1]
                                  12            [1]
                                  11            [1][2][3][4]
                                  10            [1]
                                   9            [1][2]
                                   8            [1][2]
                                   6            [1][2][3][4][5][6][7]
                                   5            [1]
                                   4            [1]
                                   3            [1]
                                   2            [1][2]
                                   0            

ff: found legal plan as follows

step    0: PICK-UP BLOCK11
        1: STACK BLOCK11 BLOCK6
        2: UNSTACK BLOCK3 BLOCK10
        3: STACK BLOCK3 BLOCK5
        4: UNSTACK BLOCK10 BLOCK1
        5: STACK BLOCK10 BLOCK11
        6: UNSTACK BLOCK3 BLOCK5
        7: STACK BLOCK3 BLOCK1
        8: UNSTACK BLOCK5 BLOCK4
        9: STACK BLOCK5 BLOCK10
       10: UNSTACK BLOCK4 BLOCK2
       11: PUT-DOWN BLOCK4
       12: UNSTACK BLOCK2 BLOCK7
       13: STACK BLOCK2 BLOCK3
       14: UNSTACK BLOCK7 BLOCK9
       15: STACK BLOCK7 BLOCK4
       16: UNSTACK BLOCK2 BLOCK3
       17: STACK BLOCK2 BLOCK7
       18: UNSTACK BLOCK3 BLOCK1
       19: STACK BLOCK3 BLOCK2
       20: UNSTACK BLOCK1 BLOCK8
       21: STACK BLOCK1 BLOCK9
       22: UNSTACK BLOCK3 BLOCK2
       23: STACK BLOCK3 BLOCK1
       24: UNSTACK BLOCK5 BLOCK10
       25: STACK BLOCK5 BLOCK8
       26: UNSTACK BLOCK2 BLOCK7
       27: STACK BLOCK2 BLOCK3
     

time spent:    0.00 seconds instantiating 264 easy, 0 hard action templates
               0.00 seconds reachability analysis, yielding 155 facts and 264 actions
               0.00 seconds creating final representation with 155 relevant facts, 0 relevant fluents
               0.00 seconds computing LNF
               0.00 seconds building connectivity graph
               0.00 seconds searching, evaluating 459 states, to a max depth of 7
               0.00 seconds total time

