
ff: parsing domain file
domain 'BLOCKS' defined
 ... done.
ff: parsing problem file
problem 'PB7' defined
 ... done.


no metric specified. plan length assumed.

checking for cyclic := effects --- OK.

ff: search configuration is EHC, if that fails then  best-first on 1*g(s) + 5*h(s) where
    metric is  plan length

Cueing down from goal distance:   20 into depth [1][2][3]
                                  19            [1]
                                  18            [1][2][3]
                                  17            [1][2][3]
                                  16            [1]
                                  15            [1][2][3]
                                  14            [1][2][3]
                                  13            [1][2]
                                  12            [1]
                                  11            [1][2]
                                   9            [1]
                                   8            [1][2][3][4][5][6][7][8][9][10][11]
                                   7            [1][2][3][4][5][6][7][8][9][10][11][12][13][14][15][16]
                                   6            [1]
                                   5            [1]
                                   4            [1]
                                   3            [1]
                                   2            [1][2]
                                   0            

ff: found legal plan as follows

step    0: UNSTACK BLOCK7 BLOCK11
        1: STACK BLOCK7 BLOCK9
        2: UNSTACK BLOCK11 BLOCK2
        3: PUT-DOWN BLOCK11
        4: UNSTACK BLOCK6 BLOCK8
        5: STACK BLOCK6 BLOCK11
        6: UNSTACK BLOCK8 BLOCK10
        7: STACK BLOCK8 BLOCK7
        8: UNSTACK BLOCK10 BLOCK1
        9: PUT-DOWN BLOCK10
       10: UNSTACK BLOCK8 BLOCK7
       11: STACK BLOCK8 BLOCK6
       12: UNSTACK BLOCK7 BLOCK9
       13: STACK BLOCK7 BLOCK8
       14: UNSTACK BLOCK9 BLOCK3
       15: STACK BLOCK9 BLOCK10
       16: UNSTACK BLOCK3 BLOCK4
       17: STACK BLOCK3 BLOCK9
       18: PICK-UP BLOCK4
       19: STACK BLOCK4 BLOCK1
       20: UNSTACK BLOCK2 BLOCK5
       21: STACK BLOCK2 BLOCK4
       22: PICK-UP BLOCK5
       23: STACK BLOCK5 BLOCK3
       24: UNSTACK BLOCK7 BLOCK8
       25: STACK BLOCK7 BLOCK2
       26: UNSTACK BLOCK8 BLOCK6
       27: STACK BLOCK8 BLOCK7
       28: UNSTACK BLOCK6 BLOCK11
       29: STACK BLOCK6 BLOCK8
       30: UNSTACK BLOCK5 BLOCK3
       31: STACK BLOCK5 BLOCK6
       32: UNSTACK BLOCK3 BLOCK9
       33: STACK BLOCK3 BLOCK5
       34: UNSTACK BLOCK9 BLOCK10
       35: STACK BLOCK9 BLOCK11
       36: UNSTACK BLOCK3 BLOCK5
       37: STACK BLOCK3 BLOCK9
       38: UNSTACK BLOCK5 BLOCK6
       39: STACK BLOCK5 BLOCK3
       40: UNSTACK BLOCK6 BLOCK8
       41: STACK BLOCK6 BLOCK5
       42: UNSTACK BLOCK8 BLOCK7
       43: STACK BLOCK8 BLOCK6
       44: UNSTACK BLOCK7 BLOCK2
       45: STACK BLOCK7 BLOCK8
     

time spent:    0.00 seconds instantiating 264 easy, 0 hard action templates
               0.00 seconds reachability analysis, yielding 155 facts and 264 actions
               0.00 seconds creating final representation with 155 relevant facts, 0 relevant fluents
               0.00 seconds computing LNF
               0.00 seconds building connectivity graph
               0.53 seconds searching, evaluating 68310 states, to a max depth of 16
               0.53 seconds total time

