
ff: parsing domain file
domain 'SATELLITE' defined
 ... done.
ff: parsing problem file
problem 'STRIPS-SAT-X-1' defined
 ... done.


no metric specified. plan length assumed.

checking for cyclic := effects --- OK.

ff: search configuration is EHC, if that fails then  best-first on 1*g(s) + 5*h(s) where
    metric is  plan length

Cueing down from goal distance:    8 into depth [1]
                                   7            [1]
                                   6            [1]
                                   5            [1]
                                   4            [1]
                                   3            [1]
                                   2            [1]
                                   1            [1]
                                   0            

ff: found legal plan as follows

step    0: TURN_TO SATELLITE0 STAR115 STAR79
        1: SWITCH_ON INSTRUMENT1 SATELLITE0
        2: CALIBRATE SATELLITE0 INSTRUMENT1 STAR115
        3: TURN_TO SATELLITE0 STAR141 STAR115
        4: TURN_TO SATELLITE6 STAR54 STAR83
        5: TAKE_IMAGE SATELLITE0 STAR141 INSTRUMENT1 SPECTROGRAPH0
        6: TURN_TO SATELLITE0 PHENOMENON142 STAR141
        7: TAKE_IMAGE SATELLITE0 PHENOMENON142 INSTRUMENT1 INFRARED2
     

time spent:    0.00 seconds instantiating 220391 easy, 0 hard action templates
               0.02 seconds reachability analysis, yielding 2255 facts and 220391 actions
               0.05 seconds creating final representation with 2255 relevant facts, 0 relevant fluents
               0.25 seconds computing LNF
               0.09 seconds building connectivity graph
               0.17 seconds searching, evaluating 13 states, to a max depth of 1
               0.58 seconds total time

