
ff: parsing domain file
domain 'SATELLITE' defined
 ... done.
ff: parsing problem file
problem 'STRIPS-SAT-X-1' defined
 ... done.


no metric specified. plan length assumed.

checking for cyclic := effects --- OK.

ff: search configuration is EHC, if that fails then  best-first on 1*g(s) + 5*h(s) where
    metric is  plan length

Cueing down from goal distance:   14 into depth [1]
                                  13            [1]
                                  12            [1]
                                  11            [1]
                                  10            [1]
                                   9            [1]
                                   8            [1]
                                   7            [1]
                                   6            [1]
                                   5            [1]
                                   4            [1]
                                   3            [1]
                                   2            [1]
                                   1            [1]
                                   0            

ff: found legal plan as follows

step    0: TURN_TO SATELLITE0 GROUNDSTATION79 STAR20
        1: SWITCH_ON INSTRUMENT1 SATELLITE0
        2: TURN_TO SATELLITE1 GROUNDSTATION44 STAR13
        3: CALIBRATE SATELLITE0 INSTRUMENT1 GROUNDSTATION79
        4: TURN_TO SATELLITE0 PHENOMENON141 GROUNDSTATION79
        5: SWITCH_ON INSTRUMENT4 SATELLITE1
        6: CALIBRATE SATELLITE1 INSTRUMENT4 GROUNDSTATION44
        7: TURN_TO SATELLITE1 PLANET142 GROUNDSTATION44
        8: TURN_TO SATELLITE2 GROUNDSTATION72 GROUNDSTATION49
        9: TURN_TO SATELLITE7 GROUNDSTATION96 STAR42
       10: TURN_TO SATELLITE8 STAR121 GROUNDSTATION88
       11: TURN_TO SATELLITE9 STAR41 GROUNDSTATION107
       12: TAKE_IMAGE SATELLITE0 PHENOMENON141 INSTRUMENT1 THERMOGRAPH2
       13: TAKE_IMAGE SATELLITE1 PLANET142 INSTRUMENT4 IMAGE0
     

time spent:    0.01 seconds instantiating 221194 easy, 0 hard action templates
               0.02 seconds reachability analysis, yielding 2263 facts and 221194 actions
               0.04 seconds creating final representation with 2263 relevant facts, 0 relevant fluents
               0.27 seconds computing LNF
               0.09 seconds building connectivity graph
               0.18 seconds searching, evaluating 16 states, to a max depth of 1
               0.61 seconds total time

