
ff: parsing domain file
domain 'SATELLITE' defined
 ... done.
ff: parsing problem file
problem 'STRIPS-SAT-X-1' defined
 ... done.


no metric specified. plan length assumed.

checking for cyclic := effects --- OK.

ff: search configuration is EHC, if that fails then  best-first on 1*g(s) + 5*h(s) where
    metric is  plan length

Cueing down from goal distance:   13 into depth [1]
                                  12            [1]
                                  11            [1]
                                  10            [1]
                                   9            [1]
                                   8            [1]
                                   7            [1]
                                   6            [1]
                                   5            [1]
                                   4            [1]
                                   3            [1]
                                   2            [1]
                                   1            [1]
                                   0            

ff: found legal plan as follows

step    0: TURN_TO SATELLITE0 STAR76 STAR12
        1: SWITCH_ON INSTRUMENT0 SATELLITE0
        2: CALIBRATE SATELLITE0 INSTRUMENT0 STAR76
        3: TURN_TO SATELLITE0 PHENOMENON142 STAR76
        4: TURN_TO SATELLITE1 GROUNDSTATION82 STAR39
        5: TURN_TO SATELLITE4 STAR63 STAR64
        6: TURN_TO SATELLITE5 STAR75 STAR58
        7: TURN_TO SATELLITE6 GROUNDSTATION132 GROUNDSTATION13
        8: TURN_TO SATELLITE7 STAR14 STAR76
        9: TURN_TO SATELLITE8 GROUNDSTATION33 STAR99
       10: TURN_TO SATELLITE9 GROUNDSTATION138 GROUNDSTATION17
       11: TAKE_IMAGE SATELLITE0 PHENOMENON142 INSTRUMENT0 INFRARED3
       12: TURN_TO SATELLITE0 GROUNDSTATION132 PHENOMENON142
     

time spent:    0.00 seconds instantiating 220326 easy, 0 hard action templates
               0.02 seconds reachability analysis, yielding 2249 facts and 220326 actions
               0.05 seconds creating final representation with 2249 relevant facts, 0 relevant fluents
               0.27 seconds computing LNF
               0.10 seconds building connectivity graph
               0.21 seconds searching, evaluating 22 states, to a max depth of 1
               0.65 seconds total time

