
ff: parsing domain file
domain 'SATELLITE' defined
 ... done.
ff: parsing problem file
problem 'STRIPS-SAT-X-1' defined
 ... done.


no metric specified. plan length assumed.

checking for cyclic := effects --- OK.

ff: search configuration is EHC, if that fails then  best-first on 1*g(s) + 5*h(s) where
    metric is  plan length

Cueing down from goal distance:   12 into depth [1]
                                  11            [1]
                                  10            [1]
                                   9            [1]
                                   8            [1]
                                   7            [1]
                                   6            [1]
                                   5            [1]
                                   4            [1]
                                   3            [1][2]
                                   2            [1]
                                   1            [1]
                                   0            

ff: found legal plan as follows

step    0: TURN_TO SATELLITE0 STAR67 STAR12
        1: SWITCH_ON INSTRUMENT3 SATELLITE0
        2: CALIBRATE SATELLITE0 INSTRUMENT3 STAR67
        3: TURN_TO SATELLITE0 PLANET73 STAR67
        4: SWITCH_ON INSTRUMENT64 SATELLITE9
        5: TURN_TO SATELLITE1 GROUNDSTATION47 STAR36
        6: TURN_TO SATELLITE2 STAR35 STAR8
        7: TURN_TO SATELLITE6 STAR64 STAR22
        8: TAKE_IMAGE SATELLITE0 PLANET73 INSTRUMENT3 IMAGE0
        9: TURN_TO SATELLITE9 STAR20 PHENOMENON74
       10: CALIBRATE SATELLITE9 INSTRUMENT64 STAR20
       11: TURN_TO SATELLITE9 PHENOMENON74 STAR20
       12: TAKE_IMAGE SATELLITE9 PHENOMENON74 INSTRUMENT64 INFRARED3
     

time spent:    0.00 seconds instantiating 67574 easy, 0 hard action templates
               0.00 seconds reachability analysis, yielding 1269 facts and 67574 actions
               0.02 seconds creating final representation with 1269 relevant facts, 0 relevant fluents
               0.09 seconds computing LNF
               0.04 seconds building connectivity graph
               0.08 seconds searching, evaluating 22 states, to a max depth of 2
               0.23 seconds total time

