
ff: parsing domain file
domain 'SATELLITE' defined
 ... done.
ff: parsing problem file
problem 'STRIPS-SAT-X-1' defined
 ... done.


no metric specified. plan length assumed.

checking for cyclic := effects --- OK.

ff: search configuration is EHC, if that fails then  best-first on 1*g(s) + 5*h(s) where
    metric is  plan length

Cueing down from goal distance:   15 into depth [1]
                                  14            [1]
                                  13            [1]
                                  12            [1]
                                  11            [1]
                                  10            [1]
                                   9            [1]
                                   8            [1]
                                   7            [1]
                                   6            [1]
                                   5            [1]
                                   4            [1]
                                   3            [1]
                                   2            [1]
                                   1            [1]
                                   0            

ff: found legal plan as follows

step    0: TURN_TO SATELLITE0 STAR20 STAR48
        1: TURN_TO SATELLITE1 GROUNDSTATION49 STAR9
        2: SWITCH_ON INSTRUMENT1 SATELLITE0
        3: CALIBRATE SATELLITE0 INSTRUMENT1 STAR20
        4: TURN_TO SATELLITE0 PLANET73 STAR20
        5: SWITCH_ON INSTRUMENT4 SATELLITE1
        6: CALIBRATE SATELLITE1 INSTRUMENT4 GROUNDSTATION49
        7: TURN_TO SATELLITE1 PLANET74 GROUNDSTATION49
        8: TURN_TO SATELLITE3 GROUNDSTATION57 GROUNDSTATION46
        9: TURN_TO SATELLITE4 STAR65 GROUNDSTATION60
       10: TURN_TO SATELLITE7 STAR65 GROUNDSTATION35
       11: TURN_TO SATELLITE8 STAR42 GROUNDSTATION36
       12: TURN_TO SATELLITE9 STAR23 STAR5
       13: TAKE_IMAGE SATELLITE0 PLANET73 INSTRUMENT1 INFRARED3
       14: TAKE_IMAGE SATELLITE1 PLANET74 INSTRUMENT4 SPECTROGRAPH0
     

time spent:    0.00 seconds instantiating 65264 easy, 0 hard action templates
               0.00 seconds reachability analysis, yielding 1239 facts and 65264 actions
               0.01 seconds creating final representation with 1239 relevant facts, 0 relevant fluents
               0.09 seconds computing LNF
               0.03 seconds building connectivity graph
               0.03 seconds searching, evaluating 16 states, to a max depth of 1
               0.16 seconds total time

