
ff: parsing domain file
domain 'SATELLITE' defined
 ... done.
ff: parsing problem file
problem 'STRIPS-SAT-X-1' defined
 ... done.


no metric specified. plan length assumed.

checking for cyclic := effects --- OK.

ff: search configuration is EHC, if that fails then  best-first on 1*g(s) + 5*h(s) where
    metric is  plan length

Cueing down from goal distance:   15 into depth [1]
                                  14            [1]
                                  13            [1]
                                  12            [1]
                                  11            [1]
                                  10            [1]
                                   9            [1]
                                   8            [1]
                                   7            [1]
                                   6            [1]
                                   5            [1]
                                   4            [1]
                                   3            [1]
                                   2            [1]
                                   1            [1]
                                   0            

ff: found legal plan as follows

step    0: TURN_TO SATELLITE0 GROUNDSTATION24 GROUNDSTATION34
        1: SWITCH_ON INSTRUMENT2 SATELLITE0
        2: TURN_TO SATELLITE1 GROUNDSTATION69 STAR38
        3: CALIBRATE SATELLITE0 INSTRUMENT2 GROUNDSTATION24
        4: TURN_TO SATELLITE0 PHENOMENON73 GROUNDSTATION24
        5: SWITCH_ON INSTRUMENT10 SATELLITE1
        6: CALIBRATE SATELLITE1 INSTRUMENT10 GROUNDSTATION69
        7: TURN_TO SATELLITE1 PHENOMENON74 GROUNDSTATION69
        8: TURN_TO SATELLITE3 GROUNDSTATION26 GROUNDSTATION27
        9: TURN_TO SATELLITE4 GROUNDSTATION2 STAR21
       10: TURN_TO SATELLITE8 STAR52 STAR31
       11: TURN_TO SATELLITE9 STAR21 GROUNDSTATION69
       12: TAKE_IMAGE SATELLITE0 PHENOMENON73 INSTRUMENT2 INFRARED4
       13: TURN_TO SATELLITE0 STAR15 PHENOMENON73
       14: TAKE_IMAGE SATELLITE1 PHENOMENON74 INSTRUMENT10 SPECTROGRAPH2
     

time spent:    0.00 seconds instantiating 67397 easy, 0 hard action templates
               0.01 seconds reachability analysis, yielding 1275 facts and 67397 actions
               0.00 seconds creating final representation with 1275 relevant facts, 0 relevant fluents
               0.09 seconds computing LNF
               0.02 seconds building connectivity graph
               0.04 seconds searching, evaluating 22 states, to a max depth of 1
               0.16 seconds total time

