
ff: parsing domain file
domain 'SATELLITE' defined
 ... done.
ff: parsing problem file
problem 'STRIPS-SAT-X-1' defined
 ... done.


no metric specified. plan length assumed.

checking for cyclic := effects --- OK.

ff: search configuration is EHC, if that fails then  best-first on 1*g(s) + 5*h(s) where
    metric is  plan length

Cueing down from goal distance:   10 into depth [1]
                                   7            [1]
                                   6            [1]
                                   5            [1]
                                   4            [1]
                                   3            [1]
                                   2            [1]
                                   1            [1]
                                   0            

ff: found legal plan as follows

step    0: SWITCH_ON INSTRUMENT8 SATELLITE0
        1: TURN_TO SATELLITE0 GROUNDSTATION47 GROUNDSTATION1
        2: CALIBRATE SATELLITE0 INSTRUMENT8 GROUNDSTATION47
        3: TURN_TO SATELLITE0 PLANET73 GROUNDSTATION47
        4: TURN_TO SATELLITE6 STAR70 GROUNDSTATION1
        5: TAKE_IMAGE SATELLITE0 PLANET73 INSTRUMENT8 THERMOGRAPH0
        6: TURN_TO SATELLITE0 STAR74 PLANET73
        7: TAKE_IMAGE SATELLITE0 STAR74 INSTRUMENT8 SPECTROGRAPH1
     

time spent:    0.00 seconds instantiating 65891 easy, 0 hard action templates
               0.00 seconds reachability analysis, yielding 1245 facts and 65891 actions
               0.01 seconds creating final representation with 1245 relevant facts, 0 relevant fluents
               0.09 seconds computing LNF
               0.04 seconds building connectivity graph
               0.04 seconds searching, evaluating 13 states, to a max depth of 1
               0.18 seconds total time

