
ff: parsing domain file
domain 'SATELLITE' defined
 ... done.
ff: parsing problem file
problem 'STRIPS-SAT-X-1' defined
 ... done.


no metric specified. plan length assumed.

checking for cyclic := effects --- OK.

ff: search configuration is EHC, if that fails then  best-first on 1*g(s) + 5*h(s) where
    metric is  plan length

Cueing down from goal distance:   14 into depth [1]
                                  12            [1]
                                   9            [1]
                                   8            [1]
                                   7            [1]
                                   6            [1]
                                   5            [1]
                                   4            [1]
                                   3            [1]
                                   2            [1]
                                   1            [1]
                                   0            

ff: found legal plan as follows

step    0: TURN_TO SATELLITE0 STAR60 STAR41
        1: SWITCH_ON INSTRUMENT2 SATELLITE0
        2: CALIBRATE SATELLITE0 INSTRUMENT2 STAR60
        3: TURN_TO SATELLITE0 STAR73 STAR60
        4: TURN_TO SATELLITE4 STAR60 GROUNDSTATION10
        5: TURN_TO SATELLITE7 STAR28 STAR66
        6: TURN_TO SATELLITE8 GROUNDSTATION11 GROUNDSTATION17
        7: TURN_TO SATELLITE9 STAR50 GROUNDSTATION46
        8: TAKE_IMAGE SATELLITE0 STAR73 INSTRUMENT2 THERMOGRAPH4
        9: TURN_TO SATELLITE0 STAR74 STAR73
       10: TAKE_IMAGE SATELLITE0 STAR74 INSTRUMENT2 THERMOGRAPH3
     

time spent:    0.00 seconds instantiating 64674 easy, 0 hard action templates
               0.00 seconds reachability analysis, yielding 1241 facts and 64674 actions
               0.02 seconds creating final representation with 1241 relevant facts, 0 relevant fluents
               0.08 seconds computing LNF
               0.02 seconds building connectivity graph
               0.05 seconds searching, evaluating 20 states, to a max depth of 1
               0.17 seconds total time

