
ff: parsing domain file
domain 'SATELLITE' defined
 ... done.
ff: parsing problem file
problem 'STRIPS-SAT-X-1' defined
 ... done.


no metric specified. plan length assumed.

checking for cyclic := effects --- OK.

ff: search configuration is EHC, if that fails then  best-first on 1*g(s) + 5*h(s) where
    metric is  plan length

Cueing down from goal distance:   10 into depth [1]
                                   7            [1]
                                   6            [1]
                                   5            [1]
                                   4            [1]
                                   3            [1]
                                   2            [1]
                                   1            [1]
                                   0            

ff: found legal plan as follows

step    0: SWITCH_ON INSTRUMENT4 SATELLITE0
        1: TURN_TO SATELLITE0 STAR75 GROUNDSTATION51
        2: CALIBRATE SATELLITE0 INSTRUMENT4 STAR75
        3: TURN_TO SATELLITE0 STAR194 STAR75
        4: TURN_TO SATELLITE6 STAR81 STAR25
        5: TAKE_IMAGE SATELLITE0 STAR194 INSTRUMENT4 THERMOGRAPH1
        6: TURN_TO SATELLITE0 STAR195 STAR194
        7: TAKE_IMAGE SATELLITE0 STAR195 INSTRUMENT4 THERMOGRAPH0
     

time spent:    0.01 seconds instantiating 407128 easy, 0 hard action templates
               0.04 seconds reachability analysis, yielding 3058 facts and 407128 actions
               0.08 seconds creating final representation with 3058 relevant facts, 0 relevant fluents
               0.48 seconds computing LNF
               0.16 seconds building connectivity graph
               0.34 seconds searching, evaluating 13 states, to a max depth of 1
               1.11 seconds total time

