
ff: parsing domain file
domain 'SATELLITE' defined
 ... done.
ff: parsing problem file
problem 'STRIPS-SAT-X-1' defined
 ... done.


no metric specified. plan length assumed.

checking for cyclic := effects --- OK.

ff: search configuration is EHC, if that fails then  best-first on 1*g(s) + 5*h(s) where
    metric is  plan length

Cueing down from goal distance:   16 into depth [1]
                                  15            [1]
                                  14            [1]
                                  13            [1]
                                  12            [1]
                                  11            [1]
                                  10            [1]
                                   9            [1]
                                   8            [1]
                                   7            [1]
                                   6            [1]
                                   5            [1]
                                   4            [1]
                                   3            [1]
                                   2            [1]
                                   1            [1]
                                   0            

ff: found legal plan as follows

step    0: TURN_TO SATELLITE1 GROUNDSTATION148 STAR70
        1: TURN_TO SATELLITE0 GROUNDSTATION185 STAR39
        2: SWITCH_ON INSTRUMENT6 SATELLITE1
        3: CALIBRATE SATELLITE1 INSTRUMENT6 GROUNDSTATION148
        4: TURN_TO SATELLITE1 PLANET194 GROUNDSTATION148
        5: SWITCH_ON INSTRUMENT0 SATELLITE0
        6: CALIBRATE SATELLITE0 INSTRUMENT0 GROUNDSTATION185
        7: TURN_TO SATELLITE0 PLANET195 GROUNDSTATION185
        8: TURN_TO SATELLITE2 GROUNDSTATION9 GROUNDSTATION95
        9: TURN_TO SATELLITE4 GROUNDSTATION122 STAR128
       10: TURN_TO SATELLITE5 GROUNDSTATION67 STAR30
       11: TURN_TO SATELLITE6 GROUNDSTATION62 GROUNDSTATION5
       12: TURN_TO SATELLITE8 STAR11 GROUNDSTATION49
       13: TAKE_IMAGE SATELLITE1 PLANET194 INSTRUMENT6 SPECTROGRAPH0
       14: TURN_TO SATELLITE1 GROUNDSTATION162 PLANET194
       15: TAKE_IMAGE SATELLITE0 PLANET195 INSTRUMENT0 INFRARED3
     

time spent:    0.01 seconds instantiating 406660 easy, 0 hard action templates
               0.05 seconds reachability analysis, yielding 3066 facts and 406660 actions
               0.07 seconds creating final representation with 3066 relevant facts, 0 relevant fluents
               0.50 seconds computing LNF
               0.16 seconds building connectivity graph
               0.44 seconds searching, evaluating 23 states, to a max depth of 1
               1.23 seconds total time

