
ff: parsing domain file
domain 'SATELLITE' defined
 ... done.
ff: parsing problem file
problem 'STRIPS-SAT-X-1' defined
 ... done.


no metric specified. plan length assumed.

checking for cyclic := effects --- OK.

ff: search configuration is EHC, if that fails then  best-first on 1*g(s) + 5*h(s) where
    metric is  plan length

Cueing down from goal distance:   11 into depth [1]
                                  10            [1]
                                   9            [1]
                                   8            [1]
                                   7            [1]
                                   6            [1]
                                   5            [1]
                                   4            [1]
                                   3            [1]
                                   2            [1]
                                   1            [1]
                                   0            

ff: found legal plan as follows

step    0: TURN_TO SATELLITE0 STAR177 GROUNDSTATION151
        1: SWITCH_ON INSTRUMENT6 SATELLITE0
        2: CALIBRATE SATELLITE0 INSTRUMENT6 STAR177
        3: TURN_TO SATELLITE0 PLANET194 STAR177
        4: TURN_TO SATELLITE3 STAR9 GROUNDSTATION124
        5: TURN_TO SATELLITE7 GROUNDSTATION94 GROUNDSTATION151
        6: TURN_TO SATELLITE9 GROUNDSTATION44 STAR181
        7: TAKE_IMAGE SATELLITE0 PLANET194 INSTRUMENT6 THERMOGRAPH4
        8: TURN_TO SATELLITE0 PLANET195 PLANET194
        9: TAKE_IMAGE SATELLITE0 PLANET195 INSTRUMENT6 THERMOGRAPH4
       10: TURN_TO SATELLITE0 GROUNDSTATION107 PLANET195
     

time spent:    0.01 seconds instantiating 407324 easy, 0 hard action templates
               0.04 seconds reachability analysis, yielding 3058 facts and 407324 actions
               0.06 seconds creating final representation with 3058 relevant facts, 0 relevant fluents
               0.48 seconds computing LNF
               0.17 seconds building connectivity graph
               0.59 seconds searching, evaluating 23 states, to a max depth of 1
               1.35 seconds total time

