
ff: parsing domain file
domain 'SATELLITE' defined
 ... done.
ff: parsing problem file
problem 'STRIPS-SAT-X-1' defined
 ... done.


no metric specified. plan length assumed.

checking for cyclic := effects --- OK.

ff: search configuration is EHC, if that fails then  best-first on 1*g(s) + 5*h(s) where
    metric is  plan length

Cueing down from goal distance:   14 into depth [1]
                                  13            [1]
                                  12            [1]
                                  11            [1]
                                  10            [1]
                                   9            [1]
                                   8            [1]
                                   7            [1]
                                   6            [1]
                                   5            [1]
                                   4            [1]
                                   3            [1]
                                   2            [1]
                                   1            [1]
                                   0            

ff: found legal plan as follows

step    0: TURN_TO SATELLITE0 GROUNDSTATION178 GROUNDSTATION81
        1: TURN_TO SATELLITE1 GROUNDSTATION87 GROUNDSTATION150
        2: SWITCH_ON INSTRUMENT0 SATELLITE0
        3: CALIBRATE SATELLITE0 INSTRUMENT0 GROUNDSTATION178
        4: TURN_TO SATELLITE0 PHENOMENON194 GROUNDSTATION178
        5: SWITCH_ON INSTRUMENT1 SATELLITE1
        6: CALIBRATE SATELLITE1 INSTRUMENT1 GROUNDSTATION87
        7: TURN_TO SATELLITE1 PLANET195 GROUNDSTATION87
        8: TURN_TO SATELLITE2 STAR89 STAR123
        9: TURN_TO SATELLITE3 GROUNDSTATION135 GROUNDSTATION104
       10: TURN_TO SATELLITE5 GROUNDSTATION91 GROUNDSTATION129
       11: TURN_TO SATELLITE9 GROUNDSTATION138 GROUNDSTATION49
       12: TAKE_IMAGE SATELLITE0 PHENOMENON194 INSTRUMENT0 IMAGE2
       13: TAKE_IMAGE SATELLITE1 PLANET195 INSTRUMENT1 THERMOGRAPH0
     

time spent:    0.01 seconds instantiating 407671 easy, 0 hard action templates
               0.04 seconds reachability analysis, yielding 3072 facts and 407671 actions
               0.05 seconds creating final representation with 3072 relevant facts, 0 relevant fluents
               0.48 seconds computing LNF
               0.18 seconds building connectivity graph
               0.38 seconds searching, evaluating 15 states, to a max depth of 1
               1.14 seconds total time

