
ff: parsing domain file
domain 'SATELLITE' defined
 ... done.
ff: parsing problem file
problem 'STRIPS-SAT-X-1' defined
 ... done.


no metric specified. plan length assumed.

checking for cyclic := effects --- OK.

ff: search configuration is EHC, if that fails then  best-first on 1*g(s) + 5*h(s) where
    metric is  plan length

Cueing down from goal distance:   14 into depth [1]
                                  13            [1]
                                  10            [1]
                                   9            [1]
                                   8            [1]
                                   7            [1]
                                   6            [1]
                                   5            [1]
                                   4            [1]
                                   3            [1]
                                   2            [1]
                                   1            [1]
                                   0            

ff: found legal plan as follows

step    0: TURN_TO SATELLITE0 STAR182 GROUNDSTATION108
        1: SWITCH_ON INSTRUMENT7 SATELLITE2
        2: CALIBRATE SATELLITE2 INSTRUMENT7 STAR156
        3: TURN_TO SATELLITE2 PLANET194 STAR156
        4: TURN_TO SATELLITE0 STAR80 STAR182
        5: TURN_TO SATELLITE5 STAR142 GROUNDSTATION164
        6: TURN_TO SATELLITE8 GROUNDSTATION92 GROUNDSTATION97
        7: TURN_TO SATELLITE9 STAR156 GROUNDSTATION183
        8: TAKE_IMAGE SATELLITE2 PLANET194 INSTRUMENT7 THERMOGRAPH0
        9: TURN_TO SATELLITE2 PHENOMENON195 PLANET194
       10: TAKE_IMAGE SATELLITE2 PHENOMENON195 INSTRUMENT7 INFRARED4
       11: TURN_TO SATELLITE2 STAR132 PHENOMENON195
     

time spent:    0.01 seconds instantiating 402190 easy, 0 hard action templates
               0.03 seconds reachability analysis, yielding 3042 facts and 402190 actions
               0.07 seconds creating final representation with 3042 relevant facts, 0 relevant fluents
               0.48 seconds computing LNF
               0.16 seconds building connectivity graph
               0.61 seconds searching, evaluating 24 states, to a max depth of 1
               1.36 seconds total time

