
ff: parsing domain file
domain 'SATELLITE' defined
 ... done.
ff: parsing problem file
problem 'STRIPS-SAT-X-1' defined
 ... done.


no metric specified. plan length assumed.

checking for cyclic := effects --- OK.

ff: search configuration is EHC, if that fails then  best-first on 1*g(s) + 5*h(s) where
    metric is  plan length

Cueing down from goal distance:   10 into depth [1]
                                   9            [1]
                                   8            [1]
                                   7            [1]
                                   6            [1]
                                   5            [1][2]
                                   4            [1][2]
                                   3            [1]
                                   2            [1]
                                   1            [1]
                                   0            

ff: found legal plan as follows

step    0: TURN_TO SATELLITE0 PHENOMENON89 GROUNDSTATION62
        1: SWITCH_ON INSTRUMENT4 SATELLITE0
        2: TURN_TO SATELLITE3 STAR28 GROUNDSTATION29
        3: TURN_TO SATELLITE5 STAR88 STAR73
        4: TURN_TO SATELLITE6 STAR28 GROUNDSTATION66
        5: TURN_TO SATELLITE0 STAR49 PHENOMENON89
        6: CALIBRATE SATELLITE0 INSTRUMENT4 STAR49
        7: TURN_TO SATELLITE0 PHENOMENON89 STAR49
        8: TAKE_IMAGE SATELLITE0 PHENOMENON89 INSTRUMENT4 IMAGE4
        9: TURN_TO SATELLITE0 PLANET90 PHENOMENON89
       10: TAKE_IMAGE SATELLITE0 PLANET90 INSTRUMENT4 INFRARED3
       11: TURN_TO SATELLITE0 STAR49 PLANET90
     

time spent:    0.00 seconds instantiating 94701 easy, 0 hard action templates
               0.01 seconds reachability analysis, yielding 1495 facts and 94701 actions
               0.02 seconds creating final representation with 1495 relevant facts, 0 relevant fluents
               0.14 seconds computing LNF
               0.05 seconds building connectivity graph
               0.15 seconds searching, evaluating 22 states, to a max depth of 2
               0.37 seconds total time

