
ff: parsing domain file
domain 'SATELLITE' defined
 ... done.
ff: parsing problem file
problem 'STRIPS-SAT-X-1' defined
 ... done.


no metric specified. plan length assumed.

checking for cyclic := effects --- OK.

ff: search configuration is EHC, if that fails then  best-first on 1*g(s) + 5*h(s) where
    metric is  plan length

Cueing down from goal distance:   13 into depth [1]
                                  12            [1]
                                  11            [1]
                                  10            [1]
                                   9            [1]
                                   8            [1]
                                   7            [1]
                                   6            [1]
                                   5            [1]
                                   4            [1][2]
                                   3            [1]
                                   2            [1]
                                   1            [1]
                                   0            

ff: found legal plan as follows

step    0: SWITCH_ON INSTRUMENT4 SATELLITE1
        1: SWITCH_ON INSTRUMENT0 SATELLITE0
        2: CALIBRATE SATELLITE0 INSTRUMENT0 GROUNDSTATION29
        3: TURN_TO SATELLITE0 PLANET90 GROUNDSTATION29
        4: TURN_TO SATELLITE2 STAR41 GROUNDSTATION23
        5: TURN_TO SATELLITE5 GROUNDSTATION58 STAR64
        6: TURN_TO SATELLITE6 STAR21 GROUNDSTATION82
        7: TURN_TO SATELLITE7 GROUNDSTATION39 STAR64
        8: TAKE_IMAGE SATELLITE0 PLANET90 INSTRUMENT0 SPECTROGRAPH1
        9: TURN_TO SATELLITE1 GROUNDSTATION68 PHENOMENON89
       10: CALIBRATE SATELLITE1 INSTRUMENT4 GROUNDSTATION68
       11: TURN_TO SATELLITE1 PHENOMENON89 GROUNDSTATION68
       12: TAKE_IMAGE SATELLITE1 PHENOMENON89 INSTRUMENT4 INFRARED0
       13: TURN_TO SATELLITE1 STAR0 PHENOMENON89
     

time spent:    0.00 seconds instantiating 90838 easy, 0 hard action templates
               0.00 seconds reachability analysis, yielding 1463 facts and 90838 actions
               0.02 seconds creating final representation with 1463 relevant facts, 0 relevant fluents
               0.10 seconds computing LNF
               0.04 seconds building connectivity graph
               0.12 seconds searching, evaluating 31 states, to a max depth of 2
               0.28 seconds total time

