
ff: parsing domain file
domain 'SATELLITE' defined
 ... done.
ff: parsing problem file
problem 'STRIPS-SAT-X-1' defined
 ... done.


no metric specified. plan length assumed.

checking for cyclic := effects --- OK.

ff: search configuration is EHC, if that fails then  best-first on 1*g(s) + 5*h(s) where
    metric is  plan length

Cueing down from goal distance:   15 into depth [1]
                                  14            [1]
                                  10            [1]
                                   9            [1]
                                   8            [1]
                                   7            [1]
                                   6            [1]
                                   5            [1]
                                   4            [1]
                                   3            [1]
                                   2            [1]
                                   1            [1]
                                   0            

ff: found legal plan as follows

step    0: TURN_TO SATELLITE0 GROUNDSTATION58 GROUNDSTATION67
        1: SWITCH_ON INSTRUMENT1 SATELLITE0
        2: CALIBRATE SATELLITE0 INSTRUMENT1 GROUNDSTATION58
        3: TURN_TO SATELLITE0 PHENOMENON89 GROUNDSTATION58
        4: TURN_TO SATELLITE1 GROUNDSTATION35 STAR6
        5: TURN_TO SATELLITE2 GROUNDSTATION34 STAR59
        6: TURN_TO SATELLITE5 STAR77 GROUNDSTATION72
        7: TURN_TO SATELLITE9 STAR36 STAR15
        8: TAKE_IMAGE SATELLITE0 PHENOMENON89 INSTRUMENT1 IMAGE4
        9: TURN_TO SATELLITE0 STAR90 PHENOMENON89
       10: TAKE_IMAGE SATELLITE0 STAR90 INSTRUMENT1 IMAGE3
       11: TURN_TO SATELLITE0 STAR71 STAR90
     

time spent:    0.00 seconds instantiating 93794 easy, 0 hard action templates
               0.01 seconds reachability analysis, yielding 1483 facts and 93794 actions
               0.02 seconds creating final representation with 1483 relevant facts, 0 relevant fluents
               0.13 seconds computing LNF
               0.04 seconds building connectivity graph
               0.10 seconds searching, evaluating 26 states, to a max depth of 1
               0.30 seconds total time

