
ff: parsing domain file
domain 'SATELLITE' defined
 ... done.
ff: parsing problem file
problem 'STRIPS-SAT-X-1' defined
 ... done.


no metric specified. plan length assumed.

checking for cyclic := effects --- OK.

ff: search configuration is EHC, if that fails then  best-first on 1*g(s) + 5*h(s) where
    metric is  plan length

Cueing down from goal distance:    9 into depth [1]
                                   8            [1]
                                   7            [1]
                                   6            [1]
                                   5            [1]
                                   4            [1]
                                   3            [1]
                                   2            [1]
                                   1            [1]
                                   0            

ff: found legal plan as follows

step    0: SWITCH_ON INSTRUMENT6 SATELLITE1
        1: CALIBRATE SATELLITE1 INSTRUMENT6 GROUNDSTATION29
        2: TURN_TO SATELLITE1 PHENOMENON89 GROUNDSTATION29
        3: TURN_TO SATELLITE5 STAR81 STAR53
        4: TURN_TO SATELLITE6 STAR27 STAR66
        5: TURN_TO SATELLITE8 STAR3 GROUNDSTATION56
        6: TAKE_IMAGE SATELLITE1 PHENOMENON89 INSTRUMENT6 SPECTROGRAPH4
        7: TURN_TO SATELLITE1 PHENOMENON90 PHENOMENON89
        8: TAKE_IMAGE SATELLITE1 PHENOMENON90 INSTRUMENT6 SPECTROGRAPH4
     

time spent:    0.00 seconds instantiating 92266 easy, 0 hard action templates
               0.00 seconds reachability analysis, yielding 1477 facts and 92266 actions
               0.02 seconds creating final representation with 1477 relevant facts, 0 relevant fluents
               0.12 seconds computing LNF
               0.05 seconds building connectivity graph
               0.09 seconds searching, evaluating 16 states, to a max depth of 1
               0.28 seconds total time

