
ff: parsing domain file
domain 'SATELLITE' defined
 ... done.
ff: parsing problem file
problem 'STRIPS-SAT-X-1' defined
 ... done.


no metric specified. plan length assumed.

checking for cyclic := effects --- OK.

ff: search configuration is EHC, if that fails then  best-first on 1*g(s) + 5*h(s) where
    metric is  plan length

Cueing down from goal distance:   11 into depth [1]
                                  10            [1]
                                   9            [1]
                                   8            [1]
                                   7            [1]
                                   6            [1]
                                   5            [1]
                                   4            [1]
                                   3            [1]
                                   2            [1]
                                   1            [1]
                                   0            

ff: found legal plan as follows

step    0: TURN_TO SATELLITE0 STAR15 GROUNDSTATION13
        1: SWITCH_ON INSTRUMENT4 SATELLITE0
        2: CALIBRATE SATELLITE0 INSTRUMENT4 STAR15
        3: TURN_TO SATELLITE0 PHENOMENON90 STAR15
        4: TURN_TO SATELLITE2 GROUNDSTATION42 STAR20
        5: TURN_TO SATELLITE3 STAR56 STAR20
        6: TURN_TO SATELLITE4 GROUNDSTATION4 GROUNDSTATION81
        7: TURN_TO SATELLITE6 GROUNDSTATION63 GROUNDSTATION16
        8: TURN_TO SATELLITE8 GROUNDSTATION21 STAR70
        9: TURN_TO SATELLITE9 STAR14 STAR29
       10: TAKE_IMAGE SATELLITE0 PHENOMENON90 INSTRUMENT4 IMAGE2
     

time spent:    0.00 seconds instantiating 98071 easy, 0 hard action templates
               0.01 seconds reachability analysis, yielding 1527 facts and 98071 actions
               0.02 seconds creating final representation with 1527 relevant facts, 0 relevant fluents
               0.13 seconds computing LNF
               0.04 seconds building connectivity graph
               0.02 seconds searching, evaluating 12 states, to a max depth of 1
               0.22 seconds total time

