
ff: parsing domain file
domain 'SATELLITE' defined
 ... done.
ff: parsing problem file
problem 'STRIPS-SAT-X-1' defined
 ... done.


no metric specified. plan length assumed.

checking for cyclic := effects --- OK.

ff: search configuration is EHC, if that fails then  best-first on 1*g(s) + 5*h(s) where
    metric is  plan length

Cueing down from goal distance:   12 into depth [1]
                                   9            [1]
                                   8            [1]
                                   7            [1]
                                   6            [1]
                                   5            [1]
                                   4            [1]
                                   3            [1]
                                   2            [1]
                                   1            [1]
                                   0            

ff: found legal plan as follows

step    0: SWITCH_ON INSTRUMENT3 SATELLITE0
        1: TURN_TO SATELLITE0 STAR3 STAR95
        2: CALIBRATE SATELLITE0 INSTRUMENT3 STAR3
        3: TURN_TO SATELLITE0 STAR129 STAR3
        4: TURN_TO SATELLITE2 STAR79 GROUNDSTATION14
        5: TURN_TO SATELLITE7 PHENOMENON130 GROUNDSTATION46
        6: TURN_TO SATELLITE9 STAR119 STAR41
        7: TAKE_IMAGE SATELLITE0 STAR129 INSTRUMENT3 THERMOGRAPH4
        8: TURN_TO SATELLITE0 PHENOMENON130 STAR129
        9: TAKE_IMAGE SATELLITE0 PHENOMENON130 INSTRUMENT3 IMAGE3
     

time spent:    0.00 seconds instantiating 185786 easy, 0 hard action templates
               0.02 seconds reachability analysis, yielding 2073 facts and 185786 actions
               0.03 seconds creating final representation with 2073 relevant facts, 0 relevant fluents
               0.21 seconds computing LNF
               0.07 seconds building connectivity graph
               0.16 seconds searching, evaluating 17 states, to a max depth of 1
               0.49 seconds total time

