
ff: parsing domain file
domain 'SATELLITE' defined
 ... done.
ff: parsing problem file
problem 'STRIPS-SAT-X-1' defined
 ... done.


no metric specified. plan length assumed.

checking for cyclic := effects --- OK.

ff: search configuration is EHC, if that fails then  best-first on 1*g(s) + 5*h(s) where
    metric is  plan length

Cueing down from goal distance:   11 into depth [1]
                                  10            [1]
                                   9            [1]
                                   8            [1][2]
                                   7            [1]
                                   6            [1]
                                   5            [1]
                                   4            [1][2]
                                   3            [1]
                                   2            [1]
                                   1            [1]
                                   0            

ff: found legal plan as follows

step    0: TURN_TO SATELLITE0 GROUNDSTATION39 GROUNDSTATION90
        1: TURN_TO SATELLITE1 STAR69 STAR49
        2: TURN_TO SATELLITE4 STAR78 GROUNDSTATION18
        3: SWITCH_ON INSTRUMENT0 SATELLITE0
        4: CALIBRATE SATELLITE0 INSTRUMENT0 GROUNDSTATION39
        5: TURN_TO SATELLITE0 STAR129 GROUNDSTATION39
        6: SWITCH_ON INSTRUMENT8 SATELLITE1
        7: TAKE_IMAGE SATELLITE0 STAR129 INSTRUMENT0 SPECTROGRAPH1
        8: TURN_TO SATELLITE1 GROUNDSTATION115 STAR69
        9: CALIBRATE SATELLITE1 INSTRUMENT8 GROUNDSTATION115
       10: TURN_TO SATELLITE1 PLANET130 GROUNDSTATION115
       11: TAKE_IMAGE SATELLITE1 PLANET130 INSTRUMENT8 THERMOGRAPH4
       12: TURN_TO SATELLITE1 STAR69 PLANET130
     

time spent:    0.00 seconds instantiating 188902 easy, 0 hard action templates
               0.02 seconds reachability analysis, yielding 2099 facts and 188902 actions
               0.04 seconds creating final representation with 2099 relevant facts, 0 relevant fluents
               0.26 seconds computing LNF
               0.09 seconds building connectivity graph
               0.40 seconds searching, evaluating 32 states, to a max depth of 2
               0.81 seconds total time

