
ff: parsing domain file
domain 'SATELLITE' defined
 ... done.
ff: parsing problem file
problem 'STRIPS-SAT-X-1' defined
 ... done.


no metric specified. plan length assumed.

checking for cyclic := effects --- OK.

ff: search configuration is EHC, if that fails then  best-first on 1*g(s) + 5*h(s) where
    metric is  plan length

Cueing down from goal distance:   13 into depth [1]
                                  12            [1]
                                  11            [1]
                                  10            [1]
                                   9            [1]
                                   8            [1]
                                   7            [1]
                                   6            [1]
                                   5            [1]
                                   4            [1]
                                   3            [1]
                                   2            [1]
                                   1            [1]
                                   0            

ff: found legal plan as follows

step    0: TURN_TO SATELLITE0 STAR35 GROUNDSTATION41
        1: SWITCH_ON INSTRUMENT0 SATELLITE0
        2: TURN_TO SATELLITE1 GROUNDSTATION10 GROUNDSTATION50
        3: CALIBRATE SATELLITE0 INSTRUMENT0 STAR35
        4: TURN_TO SATELLITE0 PHENOMENON129 STAR35
        5: SWITCH_ON INSTRUMENT10 SATELLITE1
        6: CALIBRATE SATELLITE1 INSTRUMENT10 GROUNDSTATION10
        7: TURN_TO SATELLITE1 PLANET130 GROUNDSTATION10
        8: TURN_TO SATELLITE6 GROUNDSTATION61 STAR20
        9: TURN_TO SATELLITE7 STAR28 GROUNDSTATION125
       10: TURN_TO SATELLITE8 STAR75 GROUNDSTATION47
       11: TAKE_IMAGE SATELLITE0 PHENOMENON129 INSTRUMENT0 THERMOGRAPH3
       12: TAKE_IMAGE SATELLITE1 PLANET130 INSTRUMENT10 IMAGE1
     

time spent:    0.00 seconds instantiating 190465 easy, 0 hard action templates
               0.02 seconds reachability analysis, yielding 2105 facts and 190465 actions
               0.03 seconds creating final representation with 2105 relevant facts, 0 relevant fluents
               0.23 seconds computing LNF
               0.09 seconds building connectivity graph
               0.13 seconds searching, evaluating 15 states, to a max depth of 1
               0.50 seconds total time

