
ff: parsing domain file
domain 'SATELLITE' defined
 ... done.
ff: parsing problem file
problem 'STRIPS-SAT-X-1' defined
 ... done.


no metric specified. plan length assumed.

checking for cyclic := effects --- OK.

ff: search configuration is EHC, if that fails then  best-first on 1*g(s) + 5*h(s) where
    metric is  plan length

Cueing down from goal distance:   10 into depth [1]
                                   9            [1]
                                   8            [1]
                                   7            [1]
                                   6            [1]
                                   5            [1]
                                   4            [1]
                                   3            [1]
                                   2            [1]
                                   1            [1]
                                   0            

ff: found legal plan as follows

step    0: TURN_TO SATELLITE1 GROUNDSTATION116 STAR79
        1: SWITCH_ON INSTRUMENT1 SATELLITE1
        2: CALIBRATE SATELLITE1 INSTRUMENT1 GROUNDSTATION116
        3: TURN_TO SATELLITE1 PLANET129 GROUNDSTATION116
        4: TURN_TO SATELLITE0 STAR75 STAR74
        5: TURN_TO SATELLITE4 STAR55 GROUNDSTATION102
        6: TAKE_IMAGE SATELLITE1 PLANET129 INSTRUMENT1 SPECTROGRAPH1
        7: TURN_TO SATELLITE1 PHENOMENON130 PLANET129
        8: TAKE_IMAGE SATELLITE1 PHENOMENON130 INSTRUMENT1 SPECTROGRAPH1
        9: TURN_TO SATELLITE1 GROUNDSTATION105 PHENOMENON130
     

time spent:    0.00 seconds instantiating 183692 easy, 0 hard action templates
               0.02 seconds reachability analysis, yielding 2059 facts and 183692 actions
               0.04 seconds creating final representation with 2059 relevant facts, 0 relevant fluents
               0.20 seconds computing LNF
               0.07 seconds building connectivity graph
               0.17 seconds searching, evaluating 19 states, to a max depth of 1
               0.50 seconds total time

