
ff: parsing domain file
domain 'SATELLITE' defined
 ... done.
ff: parsing problem file
problem 'STRIPS-SAT-X-1' defined
 ... done.


no metric specified. plan length assumed.

checking for cyclic := effects --- OK.

ff: search configuration is EHC, if that fails then  best-first on 1*g(s) + 5*h(s) where
    metric is  plan length

Cueing down from goal distance:   11 into depth [1]
                                  10            [1]
                                   9            [1][2]
                                   8            [1]
                                   7            [1]
                                   6            [1]
                                   5            [1]
                                   4            [1][2]
                                   3            [1]
                                   2            [1]
                                   1            [1]
                                   0            

ff: found legal plan as follows

step    0: TURN_TO SATELLITE1 GROUNDSTATION67 STAR61
        1: TURN_TO SATELLITE2 GROUNDSTATION47 STAR109
        2: SWITCH_ON INSTRUMENT1 SATELLITE0
        3: CALIBRATE SATELLITE0 INSTRUMENT1 GROUNDSTATION116
        4: TURN_TO SATELLITE0 STAR129 GROUNDSTATION116
        5: SWITCH_ON INSTRUMENT7 SATELLITE1
        6: TAKE_IMAGE SATELLITE0 STAR129 INSTRUMENT1 INFRARED1
        7: TURN_TO SATELLITE0 STAR69 STAR129
        8: TURN_TO SATELLITE1 STAR14 GROUNDSTATION67
        9: CALIBRATE SATELLITE1 INSTRUMENT7 STAR14
       10: TURN_TO SATELLITE1 STAR130 STAR14
       11: TAKE_IMAGE SATELLITE1 STAR130 INSTRUMENT7 SPECTROGRAPH0
       12: TURN_TO SATELLITE1 GROUNDSTATION67 STAR130
     

time spent:    0.00 seconds instantiating 189039 easy, 0 hard action templates
               0.02 seconds reachability analysis, yielding 2103 facts and 189039 actions
               0.03 seconds creating final representation with 2103 relevant facts, 0 relevant fluents
               0.24 seconds computing LNF
               0.09 seconds building connectivity graph
               0.51 seconds searching, evaluating 38 states, to a max depth of 2
               0.89 seconds total time

