
ff: parsing domain file
domain 'SATELLITE' defined
 ... done.
ff: parsing problem file
problem 'STRIPS-SAT-X-1' defined
 ... done.


no metric specified. plan length assumed.

checking for cyclic := effects --- OK.

ff: search configuration is EHC, if that fails then  best-first on 1*g(s) + 5*h(s) where
    metric is  plan length

Cueing down from goal distance:   14 into depth [1]
                                  13            [1]
                                  12            [1]
                                  11            [1]
                                  10            [1]
                                   9            [1]
                                   8            [1]
                                   7            [1]
                                   6            [1]
                                   5            [1]
                                   4            [1]
                                   3            [1]
                                   2            [1]
                                   1            [1]
                                   0            

ff: found legal plan as follows

step    0: TURN_TO SATELLITE0 STAR29 GROUNDSTATION64
        1: SWITCH_ON INSTRUMENT0 SATELLITE0
        2: TURN_TO SATELLITE1 STAR22 STAR56
        3: CALIBRATE SATELLITE0 INSTRUMENT0 STAR29
        4: TURN_TO SATELLITE0 PLANET107 STAR29
        5: SWITCH_ON INSTRUMENT8 SATELLITE1
        6: CALIBRATE SATELLITE1 INSTRUMENT8 STAR22
        7: TURN_TO SATELLITE1 PHENOMENON108 STAR22
        8: TURN_TO SATELLITE3 GROUNDSTATION57 GROUNDSTATION42
        9: TURN_TO SATELLITE5 GROUNDSTATION96 GROUNDSTATION31
       10: TURN_TO SATELLITE6 GROUNDSTATION65 GROUNDSTATION90
       11: TURN_TO SATELLITE7 GROUNDSTATION40 GROUNDSTATION80
       12: TAKE_IMAGE SATELLITE0 PLANET107 INSTRUMENT0 THERMOGRAPH3
       13: TAKE_IMAGE SATELLITE1 PHENOMENON108 INSTRUMENT8 SPECTROGRAPH0
     

time spent:    0.00 seconds instantiating 132560 easy, 0 hard action templates
               0.01 seconds reachability analysis, yielding 1763 facts and 132560 actions
               0.03 seconds creating final representation with 1763 relevant facts, 0 relevant fluents
               0.14 seconds computing LNF
               0.05 seconds building connectivity graph
               0.11 seconds searching, evaluating 16 states, to a max depth of 1
               0.34 seconds total time

