
ff: parsing domain file
domain 'SATELLITE' defined
 ... done.
ff: parsing problem file
problem 'STRIPS-SAT-X-1' defined
 ... done.


no metric specified. plan length assumed.

checking for cyclic := effects --- OK.

ff: search configuration is EHC, if that fails then  best-first on 1*g(s) + 5*h(s) where
    metric is  plan length

Cueing down from goal distance:   15 into depth [1]
                                  14            [1]
                                  13            [1]
                                  12            [1]
                                  11            [1]
                                  10            [1]
                                   9            [1]
                                   8            [1]
                                   7            [1]
                                   6            [1]
                                   5            [1]
                                   4            [1]
                                   3            [1]
                                   2            [1]
                                   1            [1]
                                   0            

ff: found legal plan as follows

step    0: TURN_TO SATELLITE2 STAR53 GROUNDSTATION64
        1: SWITCH_ON INSTRUMENT0 SATELLITE0
        2: CALIBRATE SATELLITE0 INSTRUMENT0 GROUNDSTATION45
        3: TURN_TO SATELLITE0 STAR107 GROUNDSTATION45
        4: SWITCH_ON INSTRUMENT6 SATELLITE2
        5: CALIBRATE SATELLITE2 INSTRUMENT6 STAR53
        6: TURN_TO SATELLITE2 PHENOMENON108 STAR53
        7: TURN_TO SATELLITE1 GROUNDSTATION57 STAR42
        8: TURN_TO SATELLITE3 GROUNDSTATION92 STAR72
        9: TURN_TO SATELLITE4 GROUNDSTATION47 GROUNDSTATION11
       10: TURN_TO SATELLITE6 STAR88 STAR98
       11: TURN_TO SATELLITE7 STAR107 GROUNDSTATION94
       12: TURN_TO SATELLITE9 STAR43 GROUNDSTATION26
       13: TAKE_IMAGE SATELLITE0 STAR107 INSTRUMENT0 IMAGE3
       14: TAKE_IMAGE SATELLITE2 PHENOMENON108 INSTRUMENT6 INFRARED2
     

time spent:    0.00 seconds instantiating 132522 easy, 0 hard action templates
               0.01 seconds reachability analysis, yielding 1765 facts and 132522 actions
               0.02 seconds creating final representation with 1765 relevant facts, 0 relevant fluents
               0.15 seconds computing LNF
               0.05 seconds building connectivity graph
               0.06 seconds searching, evaluating 16 states, to a max depth of 1
               0.29 seconds total time

