
ff: parsing domain file
domain 'SATELLITE' defined
 ... done.
ff: parsing problem file
problem 'STRIPS-SAT-X-1' defined
 ... done.


no metric specified. plan length assumed.

checking for cyclic := effects --- OK.

ff: search configuration is EHC, if that fails then  best-first on 1*g(s) + 5*h(s) where
    metric is  plan length

Cueing down from goal distance:   13 into depth [1]
                                  12            [1]
                                  11            [1]
                                  10            [1]
                                   9            [1]
                                   8            [1]
                                   7            [1]
                                   6            [1]
                                   5            [1]
                                   4            [1]
                                   3            [1]
                                   2            [1]
                                   1            [1]
                                   0            

ff: found legal plan as follows

step    0: TURN_TO SATELLITE0 GROUNDSTATION19 GROUNDSTATION66
        1: SWITCH_ON INSTRUMENT3 SATELLITE0
        2: TURN_TO SATELLITE1 STAR77 GROUNDSTATION49
        3: CALIBRATE SATELLITE0 INSTRUMENT3 GROUNDSTATION19
        4: TURN_TO SATELLITE0 STAR107 GROUNDSTATION19
        5: SWITCH_ON INSTRUMENT8 SATELLITE1
        6: CALIBRATE SATELLITE1 INSTRUMENT8 STAR77
        7: TURN_TO SATELLITE1 PHENOMENON108 STAR77
        8: TURN_TO SATELLITE2 GROUNDSTATION22 STAR79
        9: TURN_TO SATELLITE3 GROUNDSTATION64 GROUNDSTATION38
       10: TURN_TO SATELLITE6 STAR85 GROUNDSTATION83
       11: TAKE_IMAGE SATELLITE0 STAR107 INSTRUMENT3 INFRARED1
       12: TAKE_IMAGE SATELLITE1 PHENOMENON108 INSTRUMENT8 SPECTROGRAPH0
     

time spent:    0.00 seconds instantiating 128742 easy, 0 hard action templates
               0.01 seconds reachability analysis, yielding 1731 facts and 128742 actions
               0.02 seconds creating final representation with 1731 relevant facts, 0 relevant fluents
               0.15 seconds computing LNF
               0.05 seconds building connectivity graph
               0.10 seconds searching, evaluating 15 states, to a max depth of 1
               0.33 seconds total time

