
ff: parsing domain file
domain 'SATELLITE' defined
 ... done.
ff: parsing problem file
problem 'STRIPS-SAT-X-1' defined
 ... done.


no metric specified. plan length assumed.

checking for cyclic := effects --- OK.

ff: search configuration is EHC, if that fails then  best-first on 1*g(s) + 5*h(s) where
    metric is  plan length

Cueing down from goal distance:    6 into depth [1]
                                   5            [1]
                                   4            [1]
                                   3            [1][2]
                                   2            [1]
                                   1            [1]
                                   0            

ff: found legal plan as follows

step    0: SWITCH_ON INSTRUMENT51 SATELLITE8
        1: TURN_TO SATELLITE0 STAR58 GROUNDSTATION62
        2: TURN_TO SATELLITE3 STAR10 GROUNDSTATION106
        3: TURN_TO SATELLITE8 GROUNDSTATION101 PHENOMENON107
        4: CALIBRATE SATELLITE8 INSTRUMENT51 GROUNDSTATION101
        5: TURN_TO SATELLITE8 PHENOMENON107 GROUNDSTATION101
        6: TAKE_IMAGE SATELLITE8 PHENOMENON107 INSTRUMENT51 SPECTROGRAPH0
     

time spent:    0.00 seconds instantiating 133635 easy, 0 hard action templates
               0.01 seconds reachability analysis, yielding 1773 facts and 133635 actions
               0.04 seconds creating final representation with 1773 relevant facts, 0 relevant fluents
               0.20 seconds computing LNF
               0.06 seconds building connectivity graph
               0.12 seconds searching, evaluating 11 states, to a max depth of 2
               0.43 seconds total time

