
ff: parsing domain file
domain 'SATELLITE' defined
 ... done.
ff: parsing problem file
problem 'STRIPS-SAT-X-1' defined
 ... done.


no metric specified. plan length assumed.

checking for cyclic := effects --- OK.

ff: search configuration is EHC, if that fails then  best-first on 1*g(s) + 5*h(s) where
    metric is  plan length

Cueing down from goal distance:   12 into depth [1]
                                  11            [1]
                                  10            [1]
                                   9            [1]
                                   8            [1]
                                   7            [1]
                                   6            [1]
                                   5            [1]
                                   4            [1]
                                   3            [1]
                                   2            [1]
                                   1            [1]
                                   0            

ff: found legal plan as follows

step    0: TURN_TO SATELLITE1 STAR80 STAR40
        1: SWITCH_ON INSTRUMENT8 SATELLITE1
        2: CALIBRATE SATELLITE1 INSTRUMENT8 STAR80
        3: TURN_TO SATELLITE1 STAR108 STAR80
        4: TURN_TO SATELLITE4 STAR59 GROUNDSTATION17
        5: TURN_TO SATELLITE5 GROUNDSTATION67 STAR95
        6: TURN_TO SATELLITE7 GROUNDSTATION76 STAR25
        7: TURN_TO SATELLITE9 GROUNDSTATION68 GROUNDSTATION22
        8: TAKE_IMAGE SATELLITE1 STAR108 INSTRUMENT8 THERMOGRAPH2
        9: TURN_TO SATELLITE1 PHENOMENON109 STAR108
       10: TAKE_IMAGE SATELLITE1 PHENOMENON109 INSTRUMENT8 THERMOGRAPH2
       11: TURN_TO SATELLITE1 GROUNDSTATION97 PHENOMENON109
     

time spent:    0.00 seconds instantiating 130674 easy, 0 hard action templates
               0.01 seconds reachability analysis, yielding 1738 facts and 130674 actions
               0.02 seconds creating final representation with 1738 relevant facts, 0 relevant fluents
               0.15 seconds computing LNF
               0.05 seconds building connectivity graph
               0.15 seconds searching, evaluating 26 states, to a max depth of 1
               0.38 seconds total time

