
ff: parsing domain file
domain 'SATELLITE' defined
 ... done.
ff: parsing problem file
problem 'STRIPS-SAT-X-1' defined
 ... done.


no metric specified. plan length assumed.

checking for cyclic := effects --- OK.

ff: search configuration is EHC, if that fails then  best-first on 1*g(s) + 5*h(s) where
    metric is  plan length

Cueing down from goal distance:    8 into depth [1]
                                   7            [1]
                                   6            [1]
                                   5            [1]
                                   4            [1]
                                   3            [1]
                                   2            [1]
                                   1            [1]
                                   0            

ff: found legal plan as follows

step    0: TURN_TO SATELLITE0 STAR31 STAR37
        1: SWITCH_ON INSTRUMENT0 SATELLITE0
        2: CALIBRATE SATELLITE0 INSTRUMENT0 STAR31
        3: TURN_TO SATELLITE0 STAR49 STAR31
        4: TURN_TO SATELLITE1 GROUNDSTATION1 GROUNDSTATION10
        5: TURN_TO SATELLITE4 GROUNDSTATION35 STAR7
        6: TAKE_IMAGE SATELLITE0 STAR49 INSTRUMENT0 IMAGE1
        7: TURN_TO SATELLITE0 GROUNDSTATION39 STAR49
     

time spent:    0.00 seconds instantiating 32375 easy, 0 hard action templates
               0.00 seconds reachability analysis, yielding 883 facts and 32375 actions
               0.00 seconds creating final representation with 883 relevant facts, 0 relevant fluents
               0.04 seconds computing LNF
               0.01 seconds building connectivity graph
               0.01 seconds searching, evaluating 12 states, to a max depth of 1
               0.06 seconds total time

