
ff: parsing domain file
domain 'SATELLITE' defined
 ... done.
ff: parsing problem file
problem 'STRIPS-SAT-X-1' defined
 ... done.


no metric specified. plan length assumed.

checking for cyclic := effects --- OK.

ff: search configuration is EHC, if that fails then  best-first on 1*g(s) + 5*h(s) where
    metric is  plan length

Cueing down from goal distance:   14 into depth [1]
                                  13            [1]
                                  12            [1]
                                  11            [1]
                                  10            [1]
                                   9            [1]
                                   8            [1]
                                   7            [1]
                                   6            [1]
                                   5            [1]
                                   4            [1]
                                   3            [1]
                                   2            [1]
                                   1            [1]
                                   0            

ff: found legal plan as follows

step    0: TURN_TO SATELLITE0 STAR35 GROUNDSTATION41
        1: SWITCH_ON INSTRUMENT1 SATELLITE0
        2: TURN_TO SATELLITE2 STAR28 STAR14
        3: CALIBRATE SATELLITE0 INSTRUMENT1 STAR35
        4: TURN_TO SATELLITE0 STAR49 STAR35
        5: SWITCH_ON INSTRUMENT10 SATELLITE2
        6: CALIBRATE SATELLITE2 INSTRUMENT10 STAR28
        7: TURN_TO SATELLITE2 PLANET50 STAR28
        8: TURN_TO SATELLITE1 STAR8 STAR28
        9: TURN_TO SATELLITE6 GROUNDSTATION45 STAR38
       10: TURN_TO SATELLITE9 STAR28 STAR32
       11: TAKE_IMAGE SATELLITE0 STAR49 INSTRUMENT1 INFRARED1
       12: TURN_TO SATELLITE0 STAR36 STAR49
       13: TAKE_IMAGE SATELLITE2 PLANET50 INSTRUMENT10 IMAGE2
     

time spent:    0.00 seconds instantiating 32563 easy, 0 hard action templates
               0.00 seconds reachability analysis, yielding 891 facts and 32563 actions
               0.01 seconds creating final representation with 891 relevant facts, 0 relevant fluents
               0.03 seconds computing LNF
               0.02 seconds building connectivity graph
               0.01 seconds searching, evaluating 20 states, to a max depth of 1
               0.07 seconds total time

