
ff: parsing domain file
domain 'SATELLITE' defined
 ... done.
ff: parsing problem file
problem 'STRIPS-SAT-X-1' defined
 ... done.


no metric specified. plan length assumed.

checking for cyclic := effects --- OK.

ff: search configuration is EHC, if that fails then  best-first on 1*g(s) + 5*h(s) where
    metric is  plan length

Cueing down from goal distance:   10 into depth [1]
                                   9            [1]
                                   8            [1]
                                   7            [1]
                                   6            [1]
                                   5            [1]
                                   4            [1]
                                   3            [1]
                                   2            [1]
                                   1            [1]
                                   0            

ff: found legal plan as follows

step    0: TURN_TO SATELLITE0 STAR24 GROUNDSTATION6
        1: SWITCH_ON INSTRUMENT1 SATELLITE0
        2: CALIBRATE SATELLITE0 INSTRUMENT1 STAR24
        3: TURN_TO SATELLITE0 PLANET49 STAR24
        4: TURN_TO SATELLITE1 GROUNDSTATION23 GROUNDSTATION25
        5: TURN_TO SATELLITE3 STAR40 STAR43
        6: TURN_TO SATELLITE4 STAR8 GROUNDSTATION19
        7: TURN_TO SATELLITE8 GROUNDSTATION25 GROUNDSTATION5
        8: TAKE_IMAGE SATELLITE0 PLANET49 INSTRUMENT1 IMAGE3
        9: TURN_TO SATELLITE0 STAR0 PLANET49
     

time spent:    0.00 seconds instantiating 33151 easy, 0 hard action templates
               0.00 seconds reachability analysis, yielding 901 facts and 33151 actions
               0.01 seconds creating final representation with 901 relevant facts, 0 relevant fluents
               0.04 seconds computing LNF
               0.01 seconds building connectivity graph
               0.01 seconds searching, evaluating 16 states, to a max depth of 1
               0.07 seconds total time

