
ff: parsing domain file
domain 'SATELLITE' defined
 ... done.
ff: parsing problem file
problem 'STRIPS-SAT-X-1' defined
 ... done.


no metric specified. plan length assumed.

checking for cyclic := effects --- OK.

ff: search configuration is EHC, if that fails then  best-first on 1*g(s) + 5*h(s) where
    metric is  plan length

Cueing down from goal distance:   14 into depth [1]
                                  13            [1]
                                  12            [1]
                                  11            [1]
                                  10            [1]
                                   9            [1]
                                   8            [1]
                                   7            [1]
                                   6            [1]
                                   5            [1]
                                   4            [1]
                                   3            [1][2]
                                   2            [1]
                                   1            [1]
                                   0            

ff: found legal plan as follows

step    0: SWITCH_ON INSTRUMENT4 SATELLITE1
        1: CALIBRATE SATELLITE1 INSTRUMENT4 STAR57
        2: TURN_TO SATELLITE1 STAR59 STAR57
        3: SWITCH_ON INSTRUMENT42 SATELLITE8
        4: TURN_TO SATELLITE0 GROUNDSTATION2 GROUNDSTATION47
        5: TURN_TO SATELLITE3 GROUNDSTATION45 GROUNDSTATION55
        6: TURN_TO SATELLITE4 GROUNDSTATION38 STAR49
        7: TURN_TO SATELLITE6 GROUNDSTATION8 GROUNDSTATION38
        8: TURN_TO SATELLITE7 GROUNDSTATION27 GROUNDSTATION45
        9: TURN_TO SATELLITE9 GROUNDSTATION47 GROUNDSTATION38
       10: TAKE_IMAGE SATELLITE1 STAR59 INSTRUMENT4 THERMOGRAPH2
       11: TURN_TO SATELLITE8 GROUNDSTATION43 PHENOMENON60
       12: CALIBRATE SATELLITE8 INSTRUMENT42 GROUNDSTATION43
       13: TURN_TO SATELLITE8 PHENOMENON60 GROUNDSTATION43
       14: TAKE_IMAGE SATELLITE8 PHENOMENON60 INSTRUMENT42 INFRARED4
     

time spent:    0.00 seconds instantiating 44292 easy, 0 hard action templates
               0.00 seconds reachability analysis, yielding 1035 facts and 44292 actions
               0.01 seconds creating final representation with 1035 relevant facts, 0 relevant fluents
               0.07 seconds computing LNF
               0.02 seconds building connectivity graph
               0.06 seconds searching, evaluating 27 states, to a max depth of 2
               0.16 seconds total time

