
ff: parsing domain file
domain 'SATELLITE' defined
 ... done.
ff: parsing problem file
problem 'STRIPS-SAT-X-1' defined
 ... done.


no metric specified. plan length assumed.

checking for cyclic := effects --- OK.

ff: search configuration is EHC, if that fails then  best-first on 1*g(s) + 5*h(s) where
    metric is  plan length

Cueing down from goal distance:   13 into depth [1]
                                  11            [1]
                                  10            [1]
                                   9            [1]
                                   8            [1]
                                   7            [1]
                                   6            [1]
                                   5            [1]
                                   4            [1]
                                   3            [1]
                                   2            [1]
                                   1            [1]
                                   0            

ff: found legal plan as follows

step    0: TURN_TO SATELLITE1 GROUNDSTATION11 STAR59
        1: SWITCH_ON INSTRUMENT2 SATELLITE0
        2: CALIBRATE SATELLITE0 INSTRUMENT2 STAR30
        3: TURN_TO SATELLITE0 STAR59 STAR30
        4: TURN_TO SATELLITE1 STAR30 GROUNDSTATION11
        5: TURN_TO SATELLITE5 STAR14 STAR54
        6: TURN_TO SATELLITE6 STAR55 STAR0
        7: TURN_TO SATELLITE8 STAR42 STAR14
        8: TURN_TO SATELLITE9 STAR58 STAR27
        9: TAKE_IMAGE SATELLITE0 STAR59 INSTRUMENT2 THERMOGRAPH4
       10: TURN_TO SATELLITE0 PHENOMENON60 STAR59
       11: TAKE_IMAGE SATELLITE0 PHENOMENON60 INSTRUMENT2 THERMOGRAPH4
     

time spent:    0.00 seconds instantiating 44463 easy, 0 hard action templates
               0.00 seconds reachability analysis, yielding 1035 facts and 44463 actions
               0.01 seconds creating final representation with 1035 relevant facts, 0 relevant fluents
               0.05 seconds computing LNF
               0.02 seconds building connectivity graph
               0.04 seconds searching, evaluating 21 states, to a max depth of 1
               0.12 seconds total time

