
ff: parsing domain file
domain 'SATELLITE' defined
 ... done.
ff: parsing problem file
problem 'STRIPS-SAT-X-1' defined
 ... done.


no metric specified. plan length assumed.

checking for cyclic := effects --- OK.

ff: search configuration is EHC, if that fails then  best-first on 1*g(s) + 5*h(s) where
    metric is  plan length

Cueing down from goal distance:    9 into depth [1]
                                   8            [1]
                                   7            [1]
                                   6            [1][2]
                                   5            [1]
                                   4            [1]
                                   3            [1]
                                   2            [1]
                                   1            [1]
                                   0            

ff: found legal plan as follows

step    0: SWITCH_ON INSTRUMENT0 SATELLITE0
        1: TURN_TO SATELLITE4 STAR12 STAR14
        2: TURN_TO SATELLITE5 GROUNDSTATION2 GROUNDSTATION47
        3: TURN_TO SATELLITE0 STAR57 PLANET60
        4: CALIBRATE SATELLITE0 INSTRUMENT0 STAR57
        5: TURN_TO SATELLITE0 PHENOMENON59 STAR57
        6: TAKE_IMAGE SATELLITE0 PHENOMENON59 INSTRUMENT0 IMAGE1
        7: TURN_TO SATELLITE0 PLANET60 PHENOMENON59
        8: TAKE_IMAGE SATELLITE0 PLANET60 INSTRUMENT0 IMAGE1
        9: TURN_TO SATELLITE0 GROUNDSTATION48 PLANET60
     

time spent:    0.00 seconds instantiating 44112 easy, 0 hard action templates
               0.00 seconds reachability analysis, yielding 1029 facts and 44112 actions
               0.01 seconds creating final representation with 1029 relevant facts, 0 relevant fluents
               0.06 seconds computing LNF
               0.02 seconds building connectivity graph
               0.04 seconds searching, evaluating 24 states, to a max depth of 2
               0.13 seconds total time

