
ff: parsing domain file
domain 'SATELLITE' defined
 ... done.
ff: parsing problem file
problem 'STRIPS-SAT-X-1' defined
 ... done.


no metric specified. plan length assumed.

checking for cyclic := effects --- OK.

ff: search configuration is EHC, if that fails then  best-first on 1*g(s) + 5*h(s) where
    metric is  plan length

Cueing down from goal distance:   15 into depth [1]
                                  14            [1]
                                  12            [1]
                                  11            [1]
                                  10            [1]
                                   9            [1]
                                   8            [1]
                                   7            [1]
                                   6            [1]
                                   5            [1]
                                   4            [1]
                                   3            [1]
                                   2            [1]
                                   1            [1]
                                   0            

ff: found legal plan as follows

step    0: TURN_TO SATELLITE0 GROUNDSTATION130 STAR106
        1: SWITCH_ON INSTRUMENT2 SATELLITE0
        2: CALIBRATE SATELLITE0 INSTRUMENT2 GROUNDSTATION130
        3: TURN_TO SATELLITE0 PLANET181 GROUNDSTATION130
        4: SWITCH_ON INSTRUMENT5 SATELLITE1
        5: CALIBRATE SATELLITE1 INSTRUMENT5 GROUNDSTATION104
        6: TURN_TO SATELLITE1 STAR182 GROUNDSTATION104
        7: TURN_TO SATELLITE4 GROUNDSTATION45 STAR140
        8: TURN_TO SATELLITE5 GROUNDSTATION170 STAR134
        9: TURN_TO SATELLITE6 GROUNDSTATION153 GROUNDSTATION21
       10: TURN_TO SATELLITE7 GROUNDSTATION159 STAR49
       11: TAKE_IMAGE SATELLITE0 PLANET181 INSTRUMENT2 SPECTROGRAPH1
       12: TURN_TO SATELLITE0 STAR134 PLANET181
       13: TAKE_IMAGE SATELLITE1 STAR182 INSTRUMENT5 IMAGE3
     

time spent:    0.01 seconds instantiating 354394 easy, 0 hard action templates
               0.03 seconds reachability analysis, yielding 2857 facts and 354394 actions
               0.07 seconds creating final representation with 2857 relevant facts, 0 relevant fluents
               0.43 seconds computing LNF
               0.17 seconds building connectivity graph
               0.35 seconds searching, evaluating 21 states, to a max depth of 1
               1.06 seconds total time

