
ff: parsing domain file
domain 'SATELLITE' defined
 ... done.
ff: parsing problem file
problem 'STRIPS-SAT-X-1' defined
 ... done.


no metric specified. plan length assumed.

checking for cyclic := effects --- OK.

ff: search configuration is EHC, if that fails then  best-first on 1*g(s) + 5*h(s) where
    metric is  plan length

Cueing down from goal distance:   10 into depth [1]
                                   9            [1]
                                   8            [1]
                                   7            [1]
                                   6            [1]
                                   5            [1]
                                   4            [1]
                                   3            [1]
                                   2            [1]
                                   1            [1]
                                   0            

ff: found legal plan as follows

step    0: TURN_TO SATELLITE0 STAR31 STAR9
        1: SWITCH_ON INSTRUMENT0 SATELLITE0
        2: CALIBRATE SATELLITE0 INSTRUMENT0 STAR31
        3: TURN_TO SATELLITE0 PLANET181 STAR31
        4: TURN_TO SATELLITE1 STAR7 GROUNDSTATION121
        5: TURN_TO SATELLITE3 STAR75 STAR132
        6: TURN_TO SATELLITE8 STAR47 STAR20
        7: TAKE_IMAGE SATELLITE0 PLANET181 INSTRUMENT0 INFRARED4
        8: TURN_TO SATELLITE0 PHENOMENON182 PLANET181
        9: TAKE_IMAGE SATELLITE0 PHENOMENON182 INSTRUMENT0 INFRARED2
     

time spent:    0.01 seconds instantiating 357943 easy, 0 hard action templates
               0.03 seconds reachability analysis, yielding 2867 facts and 357943 actions
               0.07 seconds creating final representation with 2867 relevant facts, 0 relevant fluents
               0.43 seconds computing LNF
               0.18 seconds building connectivity graph
               0.40 seconds searching, evaluating 17 states, to a max depth of 1
               1.12 seconds total time

