
ff: parsing domain file
domain 'SATELLITE' defined
 ... done.
ff: parsing problem file
problem 'STRIPS-SAT-X-1' defined
 ... done.


no metric specified. plan length assumed.

checking for cyclic := effects --- OK.

ff: search configuration is EHC, if that fails then  best-first on 1*g(s) + 5*h(s) where
    metric is  plan length

Cueing down from goal distance:   10 into depth [1]
                                   9            [1]
                                   8            [1]
                                   7            [1]
                                   6            [1]
                                   5            [1]
                                   4            [1]
                                   3            [1]
                                   2            [1]
                                   1            [1]
                                   0            

ff: found legal plan as follows

step    0: TURN_TO SATELLITE0 GROUNDSTATION92 STAR170
        1: SWITCH_ON INSTRUMENT0 SATELLITE0
        2: CALIBRATE SATELLITE0 INSTRUMENT0 GROUNDSTATION92
        3: TURN_TO SATELLITE0 PLANET181 GROUNDSTATION92
        4: TURN_TO SATELLITE2 GROUNDSTATION175 STAR32
        5: TURN_TO SATELLITE9 GROUNDSTATION20 GROUNDSTATION59
        6: TAKE_IMAGE SATELLITE0 PLANET181 INSTRUMENT0 INFRARED3
        7: TURN_TO SATELLITE0 PLANET182 PLANET181
        8: TAKE_IMAGE SATELLITE0 PLANET182 INSTRUMENT0 INFRARED3
        9: TURN_TO SATELLITE0 GROUNDSTATION123 PLANET182
     

time spent:    0.01 seconds instantiating 361911 easy, 0 hard action templates
               0.03 seconds reachability analysis, yielding 2889 facts and 361911 actions
               0.07 seconds creating final representation with 2889 relevant facts, 0 relevant fluents
               0.47 seconds computing LNF
               0.15 seconds building connectivity graph
               0.45 seconds searching, evaluating 20 states, to a max depth of 1
               1.18 seconds total time

