
ff: parsing domain file
domain 'SATELLITE' defined
 ... done.
ff: parsing problem file
problem 'STRIPS-SAT-X-1' defined
 ... done.


no metric specified. plan length assumed.

checking for cyclic := effects --- OK.

ff: search configuration is EHC, if that fails then  best-first on 1*g(s) + 5*h(s) where
    metric is  plan length

Cueing down from goal distance:   14 into depth [1]
                                  13            [1]
                                  12            [1]
                                  11            [1]
                                  10            [1]
                                   9            [1]
                                   8            [1]
                                   7            [1]
                                   6            [1]
                                   5            [1]
                                   4            [1]
                                   3            [1]
                                   2            [1]
                                   1            [1]
                                   0            

ff: found legal plan as follows

step    0: TURN_TO SATELLITE0 STAR32 GROUNDSTATION104
        1: SWITCH_ON INSTRUMENT2 SATELLITE0
        2: TURN_TO SATELLITE1 STAR178 GROUNDSTATION69
        3: CALIBRATE SATELLITE0 INSTRUMENT2 STAR32
        4: TURN_TO SATELLITE0 PHENOMENON181 STAR32
        5: SWITCH_ON INSTRUMENT12 SATELLITE1
        6: CALIBRATE SATELLITE1 INSTRUMENT12 STAR178
        7: TURN_TO SATELLITE1 PHENOMENON182 STAR178
        8: TURN_TO SATELLITE2 GROUNDSTATION18 GROUNDSTATION165
        9: TURN_TO SATELLITE3 GROUNDSTATION159 STAR136
       10: TURN_TO SATELLITE8 STAR60 STAR118
       11: TURN_TO SATELLITE9 STAR11 GROUNDSTATION156
       12: TAKE_IMAGE SATELLITE0 PHENOMENON181 INSTRUMENT2 SPECTROGRAPH1
       13: TAKE_IMAGE SATELLITE1 PHENOMENON182 INSTRUMENT12 INFRARED3
     

time spent:    0.00 seconds instantiating 356604 easy, 0 hard action templates
               0.04 seconds reachability analysis, yielding 2855 facts and 356604 actions
               0.05 seconds creating final representation with 2855 relevant facts, 0 relevant fluents
               0.43 seconds computing LNF
               0.13 seconds building connectivity graph
               0.26 seconds searching, evaluating 16 states, to a max depth of 1
               0.91 seconds total time

