
ff: parsing domain file
domain 'SATELLITE' defined
 ... done.
ff: parsing problem file
problem 'STRIPS-SAT-X-1' defined
 ... done.


no metric specified. plan length assumed.

checking for cyclic := effects --- OK.

ff: search configuration is EHC, if that fails then  best-first on 1*g(s) + 5*h(s) where
    metric is  plan length

Cueing down from goal distance:   15 into depth [1]
                                  14            [1]
                                  13            [1]
                                  12            [1]
                                  11            [1]
                                  10            [1]
                                   9            [1]
                                   8            [1]
                                   7            [1]
                                   6            [1]
                                   5            [1]
                                   4            [1]
                                   3            [1]
                                   2            [1]
                                   1            [1]
                                   0            

ff: found legal plan as follows

step    0: TURN_TO SATELLITE0 STAR99 STAR95
        1: SWITCH_ON INSTRUMENT2 SATELLITE0
        2: TURN_TO SATELLITE1 GROUNDSTATION92 GROUNDSTATION96
        3: CALIBRATE SATELLITE0 INSTRUMENT2 STAR99
        4: TURN_TO SATELLITE0 PLANET181 STAR99
        5: SWITCH_ON INSTRUMENT10 SATELLITE1
        6: CALIBRATE SATELLITE1 INSTRUMENT10 GROUNDSTATION92
        7: TURN_TO SATELLITE1 STAR182 GROUNDSTATION92
        8: TURN_TO SATELLITE3 STAR82 GROUNDSTATION159
        9: TURN_TO SATELLITE4 STAR45 STAR162
       10: TURN_TO SATELLITE7 GROUNDSTATION120 STAR9
       11: TURN_TO SATELLITE8 GROUNDSTATION145 GROUNDSTATION125
       12: TAKE_IMAGE SATELLITE0 PLANET181 INSTRUMENT2 THERMOGRAPH4
       13: TAKE_IMAGE SATELLITE1 STAR182 INSTRUMENT10 THERMOGRAPH0
       14: TURN_TO SATELLITE1 STAR58 STAR182
     

time spent:    0.01 seconds instantiating 362077 easy, 0 hard action templates
               0.03 seconds reachability analysis, yielding 2891 facts and 362077 actions
               0.07 seconds creating final representation with 2891 relevant facts, 0 relevant fluents
               0.42 seconds computing LNF
               0.16 seconds building connectivity graph
               0.42 seconds searching, evaluating 23 states, to a max depth of 1
               1.11 seconds total time

