
ff: parsing domain file
domain 'SATELLITE' defined
 ... done.
ff: parsing problem file
problem 'STRIPS-SAT-X-1' defined
 ... done.


no metric specified. plan length assumed.

checking for cyclic := effects --- OK.

ff: search configuration is EHC, if that fails then  best-first on 1*g(s) + 5*h(s) where
    metric is  plan length

Cueing down from goal distance:    9 into depth [1]
                                   8            [1]
                                   7            [1]
                                   6            [1]
                                   5            [1]
                                   4            [1]
                                   3            [1]
                                   2            [1]
                                   1            [1]
                                   0            

ff: found legal plan as follows

step    0: TURN_TO SATELLITE1 GROUNDSTATION26 GROUNDSTATION169
        1: SWITCH_ON INSTRUMENT2 SATELLITE1
        2: CALIBRATE SATELLITE1 INSTRUMENT2 GROUNDSTATION26
        3: TURN_TO SATELLITE1 PLANET182 GROUNDSTATION26
        4: TURN_TO SATELLITE0 GROUNDSTATION89 STAR57
        5: TURN_TO SATELLITE2 GROUNDSTATION23 STAR139
        6: TURN_TO SATELLITE6 STAR85 GROUNDSTATION37
        7: TURN_TO SATELLITE8 STAR43 GROUNDSTATION20
        8: TAKE_IMAGE SATELLITE1 PLANET182 INSTRUMENT2 IMAGE0
     

time spent:    0.00 seconds instantiating 360262 easy, 0 hard action templates
               0.04 seconds reachability analysis, yielding 2873 facts and 360262 actions
               0.07 seconds creating final representation with 2873 relevant facts, 0 relevant fluents
               0.44 seconds computing LNF
               0.14 seconds building connectivity graph
               0.12 seconds searching, evaluating 10 states, to a max depth of 1
               0.81 seconds total time

