
ff: parsing domain file
domain 'SATELLITE' defined
 ... done.
ff: parsing problem file
problem 'STRIPS-SAT-X-1' defined
 ... done.


no metric specified. plan length assumed.

checking for cyclic := effects --- OK.

ff: search configuration is EHC, if that fails then  best-first on 1*g(s) + 5*h(s) where
    metric is  plan length

Cueing down from goal distance:   10 into depth [1]
                                   9            [1]
                                   8            [1]
                                   7            [1]
                                   6            [1]
                                   5            [1]
                                   4            [1]
                                   3            [1]
                                   2            [1]
                                   1            [1]
                                   0            

ff: found legal plan as follows

step    0: TURN_TO SATELLITE0 STAR102 GROUNDSTATION138
        1: SWITCH_ON INSTRUMENT0 SATELLITE0
        2: CALIBRATE SATELLITE0 INSTRUMENT0 STAR102
        3: TURN_TO SATELLITE0 PLANET153 STAR102
        4: TURN_TO SATELLITE5 STAR140 GROUNDSTATION149
        5: TURN_TO SATELLITE7 STAR104 GROUNDSTATION73
        6: TURN_TO SATELLITE9 GROUNDSTATION61 GROUNDSTATION70
        7: TAKE_IMAGE SATELLITE0 PLANET153 INSTRUMENT0 IMAGE0
        8: TURN_TO SATELLITE0 PLANET154 PLANET153
        9: TAKE_IMAGE SATELLITE0 PLANET154 INSTRUMENT0 IMAGE0
     

time spent:    0.00 seconds instantiating 264461 easy, 0 hard action templates
               0.03 seconds reachability analysis, yielding 2465 facts and 264461 actions
               0.05 seconds creating final representation with 2465 relevant facts, 0 relevant fluents
               0.33 seconds computing LNF
               0.11 seconds building connectivity graph
               0.32 seconds searching, evaluating 17 states, to a max depth of 1
               0.84 seconds total time

