
ff: parsing domain file
domain 'SATELLITE' defined
 ... done.
ff: parsing problem file
problem 'STRIPS-SAT-X-1' defined
 ... done.


no metric specified. plan length assumed.

checking for cyclic := effects --- OK.

ff: search configuration is EHC, if that fails then  best-first on 1*g(s) + 5*h(s) where
    metric is  plan length

Cueing down from goal distance:   14 into depth [1]
                                  13            [1]
                                  12            [1]
                                  11            [1]
                                  10            [1]
                                   9            [1]
                                   8            [1]
                                   7            [1]
                                   6            [1]
                                   5            [1]
                                   4            [1]
                                   3            [1]
                                   2            [1]
                                   1            [1]
                                   0            

ff: found legal plan as follows

step    0: TURN_TO SATELLITE0 STAR25 GROUNDSTATION142
        1: SWITCH_ON INSTRUMENT0 SATELLITE0
        2: TURN_TO SATELLITE1 GROUNDSTATION40 STAR105
        3: CALIBRATE SATELLITE0 INSTRUMENT0 STAR25
        4: TURN_TO SATELLITE0 STAR153 STAR25
        5: SWITCH_ON INSTRUMENT4 SATELLITE1
        6: CALIBRATE SATELLITE1 INSTRUMENT4 GROUNDSTATION40
        7: TURN_TO SATELLITE1 PHENOMENON154 GROUNDSTATION40
        8: TURN_TO SATELLITE2 GROUNDSTATION106 STAR132
        9: TURN_TO SATELLITE7 GROUNDSTATION145 STAR52
       10: TURN_TO SATELLITE8 STAR124 GROUNDSTATION91
       11: TAKE_IMAGE SATELLITE0 STAR153 INSTRUMENT0 THERMOGRAPH0
       12: TAKE_IMAGE SATELLITE1 PHENOMENON154 INSTRUMENT4 INFRARED3
       13: TURN_TO SATELLITE1 STAR116 PHENOMENON154
     

time spent:    0.00 seconds instantiating 257015 easy, 0 hard action templates
               0.03 seconds reachability analysis, yielding 2429 facts and 257015 actions
               0.04 seconds creating final representation with 2429 relevant facts, 0 relevant fluents
               0.31 seconds computing LNF
               0.11 seconds building connectivity graph
               0.26 seconds searching, evaluating 21 states, to a max depth of 1
               0.75 seconds total time

