
ff: parsing domain file
domain 'SATELLITE' defined
 ... done.
ff: parsing problem file
problem 'STRIPS-SAT-X-1' defined
 ... done.


no metric specified. plan length assumed.

checking for cyclic := effects --- OK.

ff: search configuration is EHC, if that fails then  best-first on 1*g(s) + 5*h(s) where
    metric is  plan length

Cueing down from goal distance:    9 into depth [1]
                                   8            [1]
                                   7            [1]
                                   6            [1]
                                   5            [1]
                                   4            [1]
                                   3            [1][2]
                                   2            [1]
                                   1            [1]
                                   0            

ff: found legal plan as follows

step    0: TURN_TO SATELLITE0 GROUNDSTATION43 STAR131
        1: SWITCH_ON INSTRUMENT0 SATELLITE0
        2: CALIBRATE SATELLITE0 INSTRUMENT0 GROUNDSTATION43
        3: TURN_TO SATELLITE0 STAR153 GROUNDSTATION43
        4: SWITCH_ON INSTRUMENT20 SATELLITE3
        5: TAKE_IMAGE SATELLITE0 STAR153 INSTRUMENT0 INFRARED2
        6: TURN_TO SATELLITE3 GROUNDSTATION78 PLANET154
        7: CALIBRATE SATELLITE3 INSTRUMENT20 GROUNDSTATION78
        8: TURN_TO SATELLITE3 PLANET154 GROUNDSTATION78
        9: TAKE_IMAGE SATELLITE3 PLANET154 INSTRUMENT20 THERMOGRAPH0
     

time spent:    0.01 seconds instantiating 259611 easy, 0 hard action templates
               0.02 seconds reachability analysis, yielding 2451 facts and 259611 actions
               0.05 seconds creating final representation with 2451 relevant facts, 0 relevant fluents
               0.32 seconds computing LNF
               0.11 seconds building connectivity graph
               0.27 seconds searching, evaluating 16 states, to a max depth of 2
               0.78 seconds total time

