
ff: parsing domain file
domain 'SATELLITE' defined
 ... done.
ff: parsing problem file
problem 'STRIPS-SAT-X-1' defined
 ... done.


no metric specified. plan length assumed.

checking for cyclic := effects --- OK.

ff: search configuration is EHC, if that fails then  best-first on 1*g(s) + 5*h(s) where
    metric is  plan length

Cueing down from goal distance:   12 into depth [1]
                                  11            [1]
                                  10            [1]
                                   9            [1]
                                   8            [1]
                                   7            [1]
                                   6            [1]
                                   5            [1]
                                   4            [1]
                                   3            [1]
                                   2            [1]
                                   1            [1]
                                   0            

ff: found legal plan as follows

step    0: TURN_TO SATELLITE0 GROUNDSTATION13 STAR123
        1: SWITCH_ON INSTRUMENT1 SATELLITE0
        2: CALIBRATE SATELLITE0 INSTRUMENT1 GROUNDSTATION13
        3: TURN_TO SATELLITE0 STAR153 GROUNDSTATION13
        4: TURN_TO SATELLITE1 STAR15 GROUNDSTATION26
        5: TURN_TO SATELLITE4 STAR124 STAR50
        6: TURN_TO SATELLITE6 GROUNDSTATION115 STAR68
        7: TURN_TO SATELLITE8 STAR22 STAR36
        8: TAKE_IMAGE SATELLITE0 STAR153 INSTRUMENT1 INFRARED1
        9: TURN_TO SATELLITE0 PHENOMENON154 STAR153
       10: TAKE_IMAGE SATELLITE0 PHENOMENON154 INSTRUMENT1 IMAGE3
       11: TURN_TO SATELLITE0 GROUNDSTATION8 PHENOMENON154
     

time spent:    0.00 seconds instantiating 258358 easy, 0 hard action templates
               0.03 seconds reachability analysis, yielding 2439 facts and 258358 actions
               0.04 seconds creating final representation with 2439 relevant facts, 0 relevant fluents
               0.29 seconds computing LNF
               0.10 seconds building connectivity graph
               0.44 seconds searching, evaluating 26 states, to a max depth of 1
               0.90 seconds total time

