
ff: parsing domain file
domain 'SATELLITE' defined
 ... done.
ff: parsing problem file
problem 'STRIPS-SAT-X-1' defined
 ... done.


no metric specified. plan length assumed.

checking for cyclic := effects --- OK.

ff: search configuration is EHC, if that fails then  best-first on 1*g(s) + 5*h(s) where
    metric is  plan length

Cueing down from goal distance:   12 into depth [1]
                                  11            [1]
                                   9            [1]
                                   8            [1]
                                   7            [1]
                                   6            [1]
                                   5            [1]
                                   4            [1]
                                   3            [1]
                                   2            [1]
                                   1            [1]
                                   0            

ff: found legal plan as follows

step    0: TURN_TO SATELLITE0 STAR48 STAR152
        1: TURN_TO SATELLITE2 GROUNDSTATION22 PLANET154
        2: SWITCH_ON INSTRUMENT2 SATELLITE0
        3: CALIBRATE SATELLITE0 INSTRUMENT2 STAR48
        4: TURN_TO SATELLITE0 STAR153 STAR48
        5: TURN_TO SATELLITE5 STAR116 GROUNDSTATION56
        6: TURN_TO SATELLITE6 GROUNDSTATION62 GROUNDSTATION130
        7: TURN_TO SATELLITE9 GROUNDSTATION123 STAR49
        8: TAKE_IMAGE SATELLITE0 STAR153 INSTRUMENT2 THERMOGRAPH1
        9: TURN_TO SATELLITE0 PLANET154 STAR153
       10: TAKE_IMAGE SATELLITE0 PLANET154 INSTRUMENT2 THERMOGRAPH1
     

time spent:    0.01 seconds instantiating 260484 easy, 0 hard action templates
               0.02 seconds reachability analysis, yielding 2455 facts and 260484 actions
               0.05 seconds creating final representation with 2455 relevant facts, 0 relevant fluents
               0.32 seconds computing LNF
               0.12 seconds building connectivity graph
               0.34 seconds searching, evaluating 18 states, to a max depth of 1
               0.86 seconds total time

