
ff: parsing domain file
domain 'SATELLITE' defined
 ... done.
ff: parsing problem file
problem 'STRIPS-SAT-X-1' defined
 ... done.


no metric specified. plan length assumed.

checking for cyclic := effects --- OK.

ff: search configuration is EHC, if that fails then  best-first on 1*g(s) + 5*h(s) where
    metric is  plan length

Cueing down from goal distance:   10 into depth [1]
                                   9            [1]
                                   8            [1]
                                   7            [1]
                                   6            [1]
                                   5            [1]
                                   4            [1]
                                   3            [1]
                                   2            [1]
                                   1            [1]
                                   0            

ff: found legal plan as follows

step    0: TURN_TO SATELLITE0 GROUNDSTATION100 STAR76
        1: SWITCH_ON INSTRUMENT0 SATELLITE0
        2: CALIBRATE SATELLITE0 INSTRUMENT0 GROUNDSTATION100
        3: TURN_TO SATELLITE0 PHENOMENON153 GROUNDSTATION100
        4: TURN_TO SATELLITE4 GROUNDSTATION112 GROUNDSTATION91
        5: TURN_TO SATELLITE8 GROUNDSTATION86 STAR133
        6: TURN_TO SATELLITE9 GROUNDSTATION111 STAR73
        7: TAKE_IMAGE SATELLITE0 PHENOMENON153 INSTRUMENT0 IMAGE4
        8: TURN_TO SATELLITE0 STAR154 PHENOMENON153
        9: TAKE_IMAGE SATELLITE0 STAR154 INSTRUMENT0 THERMOGRAPH1
     

time spent:    0.00 seconds instantiating 258685 easy, 0 hard action templates
               0.03 seconds reachability analysis, yielding 2439 facts and 258685 actions
               0.04 seconds creating final representation with 2439 relevant facts, 0 relevant fluents
               0.29 seconds computing LNF
               0.10 seconds building connectivity graph
               0.32 seconds searching, evaluating 17 states, to a max depth of 1
               0.78 seconds total time

