
ff: parsing domain file
domain 'BLOCKS' defined
 ... done.
ff: parsing problem file
problem 'PB8' defined
 ... done.


no metric specified. plan length assumed.

checking for cyclic := effects --- OK.

ff: search configuration is EHC, if that fails then  best-first on 1*g(s) + 5*h(s) where
    metric is  plan length

Cueing down from goal distance:    4 into depth [1]
                                   3            [1]
                                   2            [1]
                                   1            [1]
                                   0            

ff: found legal plan as follows

step    0: UNSTACK BLOCK2 BLOCK1
        1: PUT-DOWN BLOCK2
        2: PICK-UP BLOCK1
        3: STACK BLOCK1 BLOCK2
     

time spent:    0.00 seconds instantiating 12 easy, 0 hard action templates
               0.00 seconds reachability analysis, yielding 11 facts and 12 actions
               0.00 seconds creating final representation with 11 relevant facts, 0 relevant fluents
               0.00 seconds computing LNF
               0.00 seconds building connectivity graph
               0.00 seconds searching, evaluating 6 states, to a max depth of 1
               0.00 seconds total time

