
ff: parsing domain file
domain 'SATELLITE' defined
 ... done.
ff: parsing problem file
problem 'STRIPS-SAT-X-1' defined
 ... done.


no metric specified. plan length assumed.

checking for cyclic := effects --- OK.

ff: search configuration is EHC, if that fails then  best-first on 1*g(s) + 5*h(s) where
    metric is  plan length

Cueing down from goal distance:   11 into depth [1]
                                  10            [1]
                                   9            [1]
                                   8            [1]
                                   7            [1]
                                   6            [1]
                                   5            [1]
                                   4            [1]
                                   3            [1]
                                   2            [1]
                                   1            [1]
                                   0            

ff: found legal plan as follows

step    0: TURN_TO SATELLITE0 STAR89 GROUNDSTATION24
        1: SWITCH_ON INSTRUMENT0 SATELLITE0
        2: CALIBRATE SATELLITE0 INSTRUMENT0 STAR89
        3: TURN_TO SATELLITE0 PHENOMENON98 STAR89
        4: TURN_TO SATELLITE2 STAR60 GROUNDSTATION3
        5: TURN_TO SATELLITE3 STAR58 STAR55
        6: TURN_TO SATELLITE4 STAR70 STAR55
        7: TURN_TO SATELLITE9 STAR85 GROUNDSTATION27
        8: TAKE_IMAGE SATELLITE0 PHENOMENON98 INSTRUMENT0 SPECTROGRAPH2
        9: TURN_TO SATELLITE0 PLANET99 PHENOMENON98
       10: TAKE_IMAGE SATELLITE0 PLANET99 INSTRUMENT0 INFRARED3
     

time spent:    0.00 seconds instantiating 111639 easy, 0 hard action templates
               0.01 seconds reachability analysis, yielding 1610 facts and 111639 actions
               0.02 seconds creating final representation with 1610 relevant facts, 0 relevant fluents
               0.14 seconds computing LNF
               0.04 seconds building connectivity graph
               0.10 seconds searching, evaluating 19 states, to a max depth of 1
               0.31 seconds total time

