
ff: parsing domain file
domain 'SATELLITE' defined
 ... done.
ff: parsing problem file
problem 'STRIPS-SAT-X-1' defined
 ... done.


no metric specified. plan length assumed.

checking for cyclic := effects --- OK.

ff: search configuration is EHC, if that fails then  best-first on 1*g(s) + 5*h(s) where
    metric is  plan length

Cueing down from goal distance:    7 into depth [1]
                                   6            [1]
                                   5            [1]
                                   4            [1]
                                   3            [1]
                                   2            [1]
                                   1            [1]
                                   0            

ff: found legal plan as follows

step    0: SWITCH_ON INSTRUMENT0 SATELLITE0
        1: CALIBRATE SATELLITE0 INSTRUMENT0 GROUNDSTATION15
        2: TURN_TO SATELLITE0 STAR98 GROUNDSTATION15
        3: TURN_TO SATELLITE7 STAR2 GROUNDSTATION34
        4: TAKE_IMAGE SATELLITE0 STAR98 INSTRUMENT0 INFRARED3
        5: TURN_TO SATELLITE0 PHENOMENON99 STAR98
        6: TAKE_IMAGE SATELLITE0 PHENOMENON99 INSTRUMENT0 INFRARED3
     

time spent:    0.00 seconds instantiating 114395 easy, 0 hard action templates
               0.01 seconds reachability analysis, yielding 1636 facts and 114395 actions
               0.03 seconds creating final representation with 1636 relevant facts, 0 relevant fluents
               0.13 seconds computing LNF
               0.05 seconds building connectivity graph
               0.11 seconds searching, evaluating 12 states, to a max depth of 1
               0.33 seconds total time

