
ff: parsing domain file
domain 'SATELLITE' defined
 ... done.
ff: parsing problem file
problem 'STRIPS-SAT-X-1' defined
 ... done.


no metric specified. plan length assumed.

checking for cyclic := effects --- OK.

ff: search configuration is EHC, if that fails then  best-first on 1*g(s) + 5*h(s) where
    metric is  plan length

Cueing down from goal distance:   17 into depth [1]
                                  15            [1]
                                  14            [1]
                                  13            [1]
                                  12            [1]
                                  11            [1]
                                  10            [1]
                                   9            [1][2]
                                   8            [1]
                                   7            [1]
                                   6            [1]
                                   5            [1]
                                   4            [1]
                                   3            [1]
                                   2            [1]
                                   1            [1]
                                   0            

ff: found legal plan as follows

step    0: TURN_TO SATELLITE0 GROUNDSTATION50 STAR16
        1: TURN_TO SATELLITE2 STAR76 STAR9
        2: TURN_TO SATELLITE3 GROUNDSTATION34 STAR1
        3: TURN_TO SATELLITE5 STAR66 STAR17
        4: TURN_TO SATELLITE6 GROUNDSTATION12 GROUNDSTATION90
        5: TURN_TO SATELLITE7 STAR82 STAR63
        6: TURN_TO SATELLITE9 GROUNDSTATION89 GROUNDSTATION30
        7: SWITCH_ON INSTRUMENT0 SATELLITE0
        8: TURN_TO SATELLITE1 STAR9 STAR75
        9: CALIBRATE SATELLITE0 INSTRUMENT0 GROUNDSTATION50
       10: TURN_TO SATELLITE0 PHENOMENON103 GROUNDSTATION50
       11: SWITCH_ON INSTRUMENT8 SATELLITE1
       12: CALIBRATE SATELLITE1 INSTRUMENT8 STAR9
       13: TURN_TO SATELLITE1 STAR104 STAR9
       14: TAKE_IMAGE SATELLITE0 PHENOMENON103 INSTRUMENT0 INFRARED3
       15: TURN_TO SATELLITE0 STAR22 PHENOMENON103
       16: TAKE_IMAGE SATELLITE1 STAR104 INSTRUMENT8 THERMOGRAPH2
     

time spent:    0.00 seconds instantiating 121032 easy, 0 hard action templates
               0.01 seconds reachability analysis, yielding 1681 facts and 121032 actions
               0.02 seconds creating final representation with 1681 relevant facts, 0 relevant fluents
               0.15 seconds computing LNF
               0.05 seconds building connectivity graph
               0.38 seconds searching, evaluating 53 states, to a max depth of 2
               0.61 seconds total time

