
ff: parsing domain file
domain 'SATELLITE' defined
 ... done.
ff: parsing problem file
problem 'STRIPS-SAT-X-1' defined
 ... done.


no metric specified. plan length assumed.

checking for cyclic := effects --- OK.

ff: search configuration is EHC, if that fails then  best-first on 1*g(s) + 5*h(s) where
    metric is  plan length

Cueing down from goal distance:    9 into depth [1]
                                   8            [1]
                                   7            [1]
                                   6            [1]
                                   5            [1]
                                   4            [1]
                                   3            [1]
                                   2            [1]
                                   1            [1]
                                   0            

ff: found legal plan as follows

step    0: SWITCH_ON INSTRUMENT1 SATELLITE0
        1: CALIBRATE SATELLITE0 INSTRUMENT1 GROUNDSTATION31
        2: TURN_TO SATELLITE0 PLANET103 GROUNDSTATION31
        3: TURN_TO SATELLITE3 STAR6 GROUNDSTATION47
        4: TURN_TO SATELLITE4 GROUNDSTATION96 STAR24
        5: TAKE_IMAGE SATELLITE0 PLANET103 INSTRUMENT1 THERMOGRAPH2
        6: TURN_TO SATELLITE0 PHENOMENON104 PLANET103
        7: TAKE_IMAGE SATELLITE0 PHENOMENON104 INSTRUMENT1 THERMOGRAPH2
        8: TURN_TO SATELLITE0 STAR75 PHENOMENON104
     

time spent:    0.00 seconds instantiating 121475 easy, 0 hard action templates
               0.01 seconds reachability analysis, yielding 1691 facts and 121475 actions
               0.02 seconds creating final representation with 1691 relevant facts, 0 relevant fluents
               0.17 seconds computing LNF
               0.05 seconds building connectivity graph
               0.15 seconds searching, evaluating 19 states, to a max depth of 1
               0.40 seconds total time

