
ff: parsing domain file
domain 'SATELLITE' defined
 ... done.
ff: parsing problem file
problem 'STRIPS-SAT-X-1' defined
 ... done.


no metric specified. plan length assumed.

checking for cyclic := effects --- OK.

ff: search configuration is EHC, if that fails then  best-first on 1*g(s) + 5*h(s) where
    metric is  plan length

Cueing down from goal distance:   10 into depth [1]
                                   8            [1]
                                   7            [1]
                                   6            [1]
                                   5            [1]
                                   4            [1]
                                   3            [1]
                                   2            [1]
                                   1            [1]
                                   0            

ff: found legal plan as follows

step    0: TURN_TO SATELLITE8 GROUNDSTATION10 PHENOMENON65
        1: SWITCH_ON INSTRUMENT0 SATELLITE0
        2: CALIBRATE SATELLITE0 INSTRUMENT0 STAR15
        3: TURN_TO SATELLITE0 PHENOMENON64 STAR15
        4: TURN_TO SATELLITE2 STAR43 GROUNDSTATION59
        5: TURN_TO SATELLITE7 GROUNDSTATION4 GROUNDSTATION59
        6: TAKE_IMAGE SATELLITE0 PHENOMENON64 INSTRUMENT0 IMAGE0
        7: TURN_TO SATELLITE0 PHENOMENON65 PHENOMENON64
        8: TAKE_IMAGE SATELLITE0 PHENOMENON65 INSTRUMENT0 IMAGE0
     

time spent:    0.00 seconds instantiating 50003 easy, 0 hard action templates
               0.00 seconds reachability analysis, yielding 1092 facts and 50003 actions
               0.00 seconds creating final representation with 1092 relevant facts, 0 relevant fluents
               0.07 seconds computing LNF
               0.01 seconds building connectivity graph
               0.03 seconds searching, evaluating 15 states, to a max depth of 1
               0.11 seconds total time

