
ff: parsing domain file
domain 'SATELLITE' defined
 ... done.
ff: parsing problem file
problem 'STRIPS-SAT-X-1' defined
 ... done.


no metric specified. plan length assumed.

checking for cyclic := effects --- OK.

ff: search configuration is EHC, if that fails then  best-first on 1*g(s) + 5*h(s) where
    metric is  plan length

Cueing down from goal distance:   11 into depth [1]
                                  10            [1]
                                   8            [1]
                                   7            [1]
                                   6            [1]
                                   5            [1]
                                   4            [1]
                                   3            [1]
                                   2            [1]
                                   1            [1]
                                   0            

ff: found legal plan as follows

step    0: TURN_TO SATELLITE0 GROUNDSTATION33 STAR45
        1: TURN_TO SATELLITE8 GROUNDSTATION21 PLANET65
        2: SWITCH_ON INSTRUMENT1 SATELLITE0
        3: CALIBRATE SATELLITE0 INSTRUMENT1 GROUNDSTATION33
        4: TURN_TO SATELLITE0 PLANET64 GROUNDSTATION33
        5: TURN_TO SATELLITE1 GROUNDSTATION11 GROUNDSTATION41
        6: TURN_TO SATELLITE3 STAR13 GROUNDSTATION27
        7: TAKE_IMAGE SATELLITE0 PLANET64 INSTRUMENT1 INFRARED1
        8: TURN_TO SATELLITE0 PLANET65 PLANET64
        9: TAKE_IMAGE SATELLITE0 PLANET65 INSTRUMENT1 IMAGE2
     

time spent:    0.00 seconds instantiating 52749 easy, 0 hard action templates
               0.00 seconds reachability analysis, yielding 1128 facts and 52749 actions
               0.01 seconds creating final representation with 1128 relevant facts, 0 relevant fluents
               0.07 seconds computing LNF
               0.03 seconds building connectivity graph
               0.04 seconds searching, evaluating 16 states, to a max depth of 1
               0.15 seconds total time

