
ff: parsing domain file
domain 'SATELLITE' defined
 ... done.
ff: parsing problem file
problem 'STRIPS-SAT-X-1' defined
 ... done.


no metric specified. plan length assumed.

checking for cyclic := effects --- OK.

ff: search configuration is EHC, if that fails then  best-first on 1*g(s) + 5*h(s) where
    metric is  plan length

Cueing down from goal distance:   11 into depth [1]
                                  10            [1]
                                   9            [1]
                                   8            [1]
                                   7            [1]
                                   6            [1]
                                   5            [1]
                                   4            [1]
                                   3            [1]
                                   2            [1]
                                   1            [1]
                                   0            

ff: found legal plan as follows

step    0: TURN_TO SATELLITE0 GROUNDSTATION28 STAR11
        1: SWITCH_ON INSTRUMENT3 SATELLITE0
        2: CALIBRATE SATELLITE0 INSTRUMENT3 GROUNDSTATION28
        3: TURN_TO SATELLITE0 PLANET64 GROUNDSTATION28
        4: TURN_TO SATELLITE3 GROUNDSTATION13 STAR63
        5: TURN_TO SATELLITE6 GROUNDSTATION38 STAR1
        6: TURN_TO SATELLITE8 GROUNDSTATION8 STAR42
        7: TAKE_IMAGE SATELLITE0 PLANET64 INSTRUMENT3 THERMOGRAPH4
        8: TURN_TO SATELLITE0 STAR65 PLANET64
        9: TAKE_IMAGE SATELLITE0 STAR65 INSTRUMENT3 THERMOGRAPH4
       10: TURN_TO SATELLITE0 STAR46 STAR65
     

time spent:    0.00 seconds instantiating 50193 easy, 0 hard action templates
               0.00 seconds reachability analysis, yielding 1092 facts and 50193 actions
               0.01 seconds creating final representation with 1092 relevant facts, 0 relevant fluents
               0.06 seconds computing LNF
               0.01 seconds building connectivity graph
               0.04 seconds searching, evaluating 23 states, to a max depth of 1
               0.12 seconds total time

