
ff: parsing domain file
domain 'SATELLITE' defined
 ... done.
ff: parsing problem file
problem 'STRIPS-SAT-X-1' defined
 ... done.


no metric specified. plan length assumed.

checking for cyclic := effects --- OK.

ff: search configuration is EHC, if that fails then  best-first on 1*g(s) + 5*h(s) where
    metric is  plan length

Cueing down from goal distance:   12 into depth [1]
                                  11            [1]
                                  10            [1]
                                   9            [1]
                                   8            [1]
                                   7            [1]
                                   6            [1]
                                   5            [1]
                                   4            [1]
                                   3            [1][2]
                                   2            [1]
                                   1            [1]
                                   0            

ff: found legal plan as follows

step    0: TURN_TO SATELLITE0 STAR2 STAR13
        1: SWITCH_ON INSTRUMENT0 SATELLITE0
        2: CALIBRATE SATELLITE0 INSTRUMENT0 STAR2
        3: TURN_TO SATELLITE0 PLANET64 STAR2
        4: SWITCH_ON INSTRUMENT34 SATELLITE5
        5: TURN_TO SATELLITE3 GROUNDSTATION51 STAR26
        6: TURN_TO SATELLITE9 STAR46 GROUNDSTATION12
        7: TAKE_IMAGE SATELLITE0 PLANET64 INSTRUMENT0 THERMOGRAPH4
        8: TURN_TO SATELLITE0 GROUNDSTATION28 PLANET64
        9: TURN_TO SATELLITE5 STAR8 PHENOMENON65
       10: CALIBRATE SATELLITE5 INSTRUMENT34 STAR8
       11: TURN_TO SATELLITE5 PHENOMENON65 STAR8
       12: TAKE_IMAGE SATELLITE5 PHENOMENON65 INSTRUMENT34 IMAGE2
     

time spent:    0.00 seconds instantiating 52607 easy, 0 hard action templates
               0.00 seconds reachability analysis, yielding 1126 facts and 52607 actions
               0.01 seconds creating final representation with 1126 relevant facts, 0 relevant fluents
               0.07 seconds computing LNF
               0.02 seconds building connectivity graph
               0.07 seconds searching, evaluating 25 states, to a max depth of 2
               0.17 seconds total time

