
ff: parsing domain file
domain 'SATELLITE' defined
 ... done.
ff: parsing problem file
problem 'STRIPS-SAT-X-1' defined
 ... done.


no metric specified. plan length assumed.

checking for cyclic := effects --- OK.

ff: search configuration is EHC, if that fails then  best-first on 1*g(s) + 5*h(s) where
    metric is  plan length

Cueing down from goal distance:    8 into depth [1]
                                   7            [1]
                                   6            [1]
                                   5            [1]
                                   4            [1]
                                   3            [1]
                                   2            [1]
                                   1            [1]
                                   0            

ff: found legal plan as follows

step    0: TURN_TO SATELLITE0 STAR52 GROUNDSTATION41
        1: SWITCH_ON INSTRUMENT1 SATELLITE0
        2: CALIBRATE SATELLITE0 INSTRUMENT1 STAR52
        3: TURN_TO SATELLITE0 PHENOMENON64 STAR52
        4: TURN_TO SATELLITE6 STAR25 GROUNDSTATION46
        5: TAKE_IMAGE SATELLITE0 PHENOMENON64 INSTRUMENT1 IMAGE0
        6: TURN_TO SATELLITE0 PHENOMENON65 PHENOMENON64
        7: TAKE_IMAGE SATELLITE0 PHENOMENON65 INSTRUMENT1 IMAGE0
     

time spent:    0.00 seconds instantiating 53901 easy, 0 hard action templates
               0.01 seconds reachability analysis, yielding 1136 facts and 53901 actions
               0.00 seconds creating final representation with 1136 relevant facts, 0 relevant fluents
               0.08 seconds computing LNF
               0.03 seconds building connectivity graph
               0.04 seconds searching, evaluating 13 states, to a max depth of 1
               0.16 seconds total time

