
ff: parsing domain file
domain 'SATELLITE' defined
 ... done.
ff: parsing problem file
problem 'STRIPS-SAT-X-1' defined
 ... done.


no metric specified. plan length assumed.

checking for cyclic := effects --- OK.

ff: search configuration is EHC, if that fails then  best-first on 1*g(s) + 5*h(s) where
    metric is  plan length

Cueing down from goal distance:   13 into depth [1]
                                  12            [1]
                                  11            [1]
                                  10            [1]
                                   9            [1]
                                   8            [1]
                                   7            [1]
                                   6            [1]
                                   5            [1]
                                   4            [1]
                                   3            [1]
                                   2            [1]
                                   1            [1]
                                   0            

ff: found legal plan as follows

step    0: SWITCH_ON INSTRUMENT2 SATELLITE0
        1: TURN_TO SATELLITE1 GROUNDSTATION18 STAR24
        2: CALIBRATE SATELLITE0 INSTRUMENT2 STAR24
        3: TURN_TO SATELLITE0 STAR64 STAR24
        4: SWITCH_ON INSTRUMENT11 SATELLITE1
        5: CALIBRATE SATELLITE1 INSTRUMENT11 GROUNDSTATION18
        6: TURN_TO SATELLITE1 STAR65 GROUNDSTATION18
        7: TURN_TO SATELLITE4 GROUNDSTATION25 STAR34
        8: TURN_TO SATELLITE5 GROUNDSTATION36 GROUNDSTATION57
        9: TURN_TO SATELLITE6 STAR9 GROUNDSTATION60
       10: TURN_TO SATELLITE7 STAR42 GROUNDSTATION33
       11: TAKE_IMAGE SATELLITE0 STAR64 INSTRUMENT2 SPECTROGRAPH1
       12: TAKE_IMAGE SATELLITE1 STAR65 INSTRUMENT11 THERMOGRAPH4
     

time spent:    0.00 seconds instantiating 51408 easy, 0 hard action templates
               0.00 seconds reachability analysis, yielding 1112 facts and 51408 actions
               0.01 seconds creating final representation with 1112 relevant facts, 0 relevant fluents
               0.08 seconds computing LNF
               0.01 seconds building connectivity graph
               0.02 seconds searching, evaluating 15 states, to a max depth of 1
               0.12 seconds total time

