
ff: parsing domain file
domain 'SATELLITE' defined
 ... done.
ff: parsing problem file
problem 'STRIPS-SAT-X-1' defined
 ... done.


no metric specified. plan length assumed.

checking for cyclic := effects --- OK.

ff: search configuration is EHC, if that fails then  best-first on 1*g(s) + 5*h(s) where
    metric is  plan length

Cueing down from goal distance:   14 into depth [1]
                                  13            [1]
                                  11            [1]
                                  10            [1]
                                   9            [1]
                                   8            [1]
                                   7            [1]
                                   6            [1]
                                   5            [1]
                                   4            [1]
                                   3            [1]
                                   2            [1]
                                   1            [1]
                                   0            

ff: found legal plan as follows

step    0: TURN_TO SATELLITE0 STAR18 GROUNDSTATION7
        1: SWITCH_ON INSTRUMENT0 SATELLITE0
        2: CALIBRATE SATELLITE0 INSTRUMENT0 STAR18
        3: TURN_TO SATELLITE0 PHENOMENON64 STAR18
        4: SWITCH_ON INSTRUMENT11 SATELLITE1
        5: CALIBRATE SATELLITE1 INSTRUMENT11 STAR32
        6: TURN_TO SATELLITE1 PLANET65 STAR32
        7: TURN_TO SATELLITE2 STAR35 STAR59
        8: TURN_TO SATELLITE5 STAR36 STAR4
        9: TURN_TO SATELLITE6 STAR8 GROUNDSTATION62
       10: TAKE_IMAGE SATELLITE0 PHENOMENON64 INSTRUMENT0 THERMOGRAPH3
       11: TAKE_IMAGE SATELLITE1 PLANET65 INSTRUMENT11 IMAGE1
       12: TURN_TO SATELLITE1 STAR22 PLANET65
     

time spent:    0.00 seconds instantiating 52485 easy, 0 hard action templates
               0.00 seconds reachability analysis, yielding 1122 facts and 52485 actions
               0.00 seconds creating final representation with 1122 relevant facts, 0 relevant fluents
               0.07 seconds computing LNF
               0.02 seconds building connectivity graph
               0.03 seconds searching, evaluating 20 states, to a max depth of 1
               0.12 seconds total time

