
ff: parsing domain file
domain 'SATELLITE' defined
 ... done.
ff: parsing problem file
problem 'STRIPS-SAT-X-1' defined
 ... done.


no metric specified. plan length assumed.

checking for cyclic := effects --- OK.

ff: search configuration is EHC, if that fails then  best-first on 1*g(s) + 5*h(s) where
    metric is  plan length

Cueing down from goal distance:   13 into depth [1]
                                  12            [1]
                                  11            [1]
                                  10            [1]
                                   9            [1]
                                   8            [1]
                                   7            [1]
                                   6            [1]
                                   5            [1]
                                   4            [1]
                                   3            [1]
                                   2            [1]
                                   1            [1]
                                   0            

ff: found legal plan as follows

step    0: TURN_TO SATELLITE0 GROUNDSTATION38 GROUNDSTATION36
        1: SWITCH_ON INSTRUMENT0 SATELLITE0
        2: CALIBRATE SATELLITE0 INSTRUMENT0 GROUNDSTATION38
        3: TURN_TO SATELLITE0 PLANET65 GROUNDSTATION38
        4: SWITCH_ON INSTRUMENT8 SATELLITE1
        5: CALIBRATE SATELLITE1 INSTRUMENT8 STAR52
        6: TURN_TO SATELLITE1 PLANET64 STAR52
        7: TURN_TO SATELLITE3 GROUNDSTATION38 STAR30
        8: TURN_TO SATELLITE6 STAR4 STAR51
        9: TURN_TO SATELLITE8 STAR41 GROUNDSTATION32
       10: TAKE_IMAGE SATELLITE1 PLANET64 INSTRUMENT8 SPECTROGRAPH0
       11: TURN_TO SATELLITE1 GROUNDSTATION55 PLANET64
       12: TAKE_IMAGE SATELLITE0 PLANET65 INSTRUMENT0 INFRARED1
     

time spent:    0.00 seconds instantiating 52886 easy, 0 hard action templates
               0.00 seconds reachability analysis, yielding 1128 facts and 52886 actions
               0.01 seconds creating final representation with 1128 relevant facts, 0 relevant fluents
               0.06 seconds computing LNF
               0.03 seconds building connectivity graph
               0.02 seconds searching, evaluating 20 states, to a max depth of 1
               0.12 seconds total time

