
ff: parsing domain file
domain 'SATELLITE' defined
 ... done.
ff: parsing problem file
problem 'STRIPS-SAT-X-1' defined
 ... done.


no metric specified. plan length assumed.

checking for cyclic := effects --- OK.

ff: search configuration is EHC, if that fails then  best-first on 1*g(s) + 5*h(s) where
    metric is  plan length

Cueing down from goal distance:    8 into depth [1]
                                   7            [1]
                                   6            [1]
                                   5            [1]
                                   4            [1]
                                   3            [1]
                                   2            [1]
                                   1            [1]
                                   0            

ff: found legal plan as follows

step    0: TURN_TO SATELLITE0 STAR5 GROUNDSTATION36
        1: SWITCH_ON INSTRUMENT0 SATELLITE0
        2: CALIBRATE SATELLITE0 INSTRUMENT0 STAR5
        3: TURN_TO SATELLITE0 PLANET40 STAR5
        4: TURN_TO SATELLITE9 GROUNDSTATION10 GROUNDSTATION25
        5: TAKE_IMAGE SATELLITE0 PLANET40 INSTRUMENT0 SPECTROGRAPH4
        6: TURN_TO SATELLITE0 PHENOMENON41 PLANET40
        7: TAKE_IMAGE SATELLITE0 PHENOMENON41 INSTRUMENT0 SPECTROGRAPH4
     

time spent:    0.00 seconds instantiating 24031 easy, 0 hard action templates
               0.00 seconds reachability analysis, yielding 776 facts and 24031 actions
               0.00 seconds creating final representation with 776 relevant facts, 0 relevant fluents
               0.02 seconds computing LNF
               0.02 seconds building connectivity graph
               0.00 seconds searching, evaluating 13 states, to a max depth of 1
               0.04 seconds total time

