
ff: parsing domain file
domain 'SATELLITE' defined
 ... done.
ff: parsing problem file
problem 'STRIPS-SAT-X-1' defined
 ... done.


no metric specified. plan length assumed.

checking for cyclic := effects --- OK.

ff: search configuration is EHC, if that fails then  best-first on 1*g(s) + 5*h(s) where
    metric is  plan length

Cueing down from goal distance:   10 into depth [1]
                                   9            [1]
                                   8            [1]
                                   7            [1]
                                   6            [1]
                                   5            [1]
                                   4            [1]
                                   3            [1]
                                   2            [1]
                                   1            [1]
                                   0            

ff: found legal plan as follows

step    0: TURN_TO SATELLITE0 GROUNDSTATION37 GROUNDSTATION8
        1: SWITCH_ON INSTRUMENT2 SATELLITE0
        2: CALIBRATE SATELLITE0 INSTRUMENT2 GROUNDSTATION37
        3: TURN_TO SATELLITE0 PLANET41 GROUNDSTATION37
        4: TURN_TO SATELLITE1 GROUNDSTATION11 STAR3
        5: TURN_TO SATELLITE5 GROUNDSTATION18 GROUNDSTATION28
        6: TURN_TO SATELLITE8 STAR14 PHENOMENON40
        7: TURN_TO SATELLITE9 STAR3 GROUNDSTATION13
        8: TAKE_IMAGE SATELLITE0 PLANET41 INSTRUMENT2 INFRARED0
        9: TURN_TO SATELLITE0 GROUNDSTATION30 PLANET41
     

time spent:    0.00 seconds instantiating 23370 easy, 0 hard action templates
               0.00 seconds reachability analysis, yielding 758 facts and 23370 actions
               0.00 seconds creating final representation with 758 relevant facts, 0 relevant fluents
               0.03 seconds computing LNF
               0.01 seconds building connectivity graph
               0.01 seconds searching, evaluating 16 states, to a max depth of 1
               0.05 seconds total time

