
ff: parsing domain file
domain 'SATELLITE' defined
 ... done.
ff: parsing problem file
problem 'STRIPS-SAT-X-1' defined
 ... done.


no metric specified. plan length assumed.

checking for cyclic := effects --- OK.

ff: search configuration is EHC, if that fails then  best-first on 1*g(s) + 5*h(s) where
    metric is  plan length

Cueing down from goal distance:   10 into depth [1]
                                   9            [1]
                                   8            [1]
                                   7            [1]
                                   6            [1]
                                   5            [1]
                                   4            [1]
                                   3            [1]
                                   2            [1]
                                   1            [1]
                                   0            

ff: found legal plan as follows

step    0: TURN_TO SATELLITE0 GROUNDSTATION14 STAR4
        1: SWITCH_ON INSTRUMENT1 SATELLITE0
        2: CALIBRATE SATELLITE0 INSTRUMENT1 GROUNDSTATION14
        3: TURN_TO SATELLITE0 STAR41 GROUNDSTATION14
        4: TURN_TO SATELLITE1 STAR22 STAR39
        5: TURN_TO SATELLITE2 GROUNDSTATION19 GROUNDSTATION16
        6: TURN_TO SATELLITE3 STAR27 GROUNDSTATION5
        7: TURN_TO SATELLITE4 STAR34 GROUNDSTATION14
        8: TURN_TO SATELLITE6 STAR0 STAR1
        9: TAKE_IMAGE SATELLITE0 STAR41 INSTRUMENT1 IMAGE1
     

time spent:    0.00 seconds instantiating 22983 easy, 0 hard action templates
               0.00 seconds reachability analysis, yielding 756 facts and 22983 actions
               0.00 seconds creating final representation with 756 relevant facts, 0 relevant fluents
               0.03 seconds computing LNF
               0.01 seconds building connectivity graph
               0.00 seconds searching, evaluating 11 states, to a max depth of 1
               0.04 seconds total time

