
ff: parsing domain file
domain 'SATELLITE' defined
 ... done.
ff: parsing problem file
problem 'STRIPS-SAT-X-1' defined
 ... done.


no metric specified. plan length assumed.

checking for cyclic := effects --- OK.

ff: search configuration is EHC, if that fails then  best-first on 1*g(s) + 5*h(s) where
    metric is  plan length

Cueing down from goal distance:   14 into depth [1]
                                  13            [1]
                                  12            [1]
                                  11            [1]
                                  10            [1]
                                   9            [1]
                                   8            [1]
                                   7            [1]
                                   6            [1]
                                   5            [1]
                                   4            [1]
                                   3            [1]
                                   2            [1]
                                   1            [1]
                                   0            

ff: found legal plan as follows

step    0: TURN_TO SATELLITE0 GROUNDSTATION23 STAR6
        1: SWITCH_ON INSTRUMENT2 SATELLITE0
        2: TURN_TO SATELLITE1 GROUNDSTATION19 STAR24
        3: CALIBRATE SATELLITE0 INSTRUMENT2 GROUNDSTATION23
        4: TURN_TO SATELLITE0 PLANET40 GROUNDSTATION23
        5: SWITCH_ON INSTRUMENT9 SATELLITE1
        6: CALIBRATE SATELLITE1 INSTRUMENT9 GROUNDSTATION19
        7: TURN_TO SATELLITE1 PLANET41 GROUNDSTATION19
        8: TURN_TO SATELLITE3 GROUNDSTATION34 STAR39
        9: TURN_TO SATELLITE5 STAR35 GROUNDSTATION0
       10: TURN_TO SATELLITE6 GROUNDSTATION26 STAR28
       11: TURN_TO SATELLITE8 GROUNDSTATION26 GROUNDSTATION38
       12: TAKE_IMAGE SATELLITE0 PLANET40 INSTRUMENT2 INFRARED3
       13: TAKE_IMAGE SATELLITE1 PLANET41 INSTRUMENT9 THERMOGRAPH0
     

time spent:    0.00 seconds instantiating 23257 easy, 0 hard action templates
               0.00 seconds reachability analysis, yielding 766 facts and 23257 actions
               0.00 seconds creating final representation with 766 relevant facts, 0 relevant fluents
               0.03 seconds computing LNF
               0.01 seconds building connectivity graph
               0.00 seconds searching, evaluating 16 states, to a max depth of 1
               0.04 seconds total time

