
ff: parsing domain file
domain 'SATELLITE' defined
 ... done.
ff: parsing problem file
problem 'STRIPS-SAT-X-1' defined
 ... done.


no metric specified. plan length assumed.

checking for cyclic := effects --- OK.

ff: search configuration is EHC, if that fails then  best-first on 1*g(s) + 5*h(s) where
    metric is  plan length

Cueing down from goal distance:    8 into depth [1]
                                   7            [1]
                                   6            [1]
                                   5            [1]
                                   4            [1]
                                   3            [1]
                                   2            [1]
                                   1            [1]
                                   0            

ff: found legal plan as follows

step    0: TURN_TO SATELLITE0 GROUNDSTATION20 STAR21
        1: SWITCH_ON INSTRUMENT1 SATELLITE0
        2: CALIBRATE SATELLITE0 INSTRUMENT1 GROUNDSTATION20
        3: TURN_TO SATELLITE0 PHENOMENON41 GROUNDSTATION20
        4: TURN_TO SATELLITE3 GROUNDSTATION20 STAR12
        5: TURN_TO SATELLITE9 STAR3 STAR29
        6: TAKE_IMAGE SATELLITE0 PHENOMENON41 INSTRUMENT1 THERMOGRAPH0
        7: TURN_TO SATELLITE0 STAR38 PHENOMENON41
     

time spent:    0.00 seconds instantiating 23440 easy, 0 hard action templates
               0.00 seconds reachability analysis, yielding 768 facts and 23440 actions
               0.00 seconds creating final representation with 768 relevant facts, 0 relevant fluents
               0.03 seconds computing LNF
               0.01 seconds building connectivity graph
               0.00 seconds searching, evaluating 12 states, to a max depth of 1
               0.04 seconds total time

