
ff: parsing domain file
domain 'SATELLITE' defined
 ... done.
ff: parsing problem file
problem 'STRIPS-SAT-X-1' defined
 ... done.


no metric specified. plan length assumed.

checking for cyclic := effects --- OK.

ff: search configuration is EHC, if that fails then  best-first on 1*g(s) + 5*h(s) where
    metric is  plan length

Cueing down from goal distance:   12 into depth [1]
                                  11            [1]
                                  10            [1]
                                   9            [1]
                                   8            [1]
                                   7            [1]
                                   6            [1]
                                   5            [1]
                                   4            [1]
                                   3            [1]
                                   2            [1]
                                   1            [1]
                                   0            

ff: found legal plan as follows

step    0: TURN_TO SATELLITE0 STAR84 GROUNDSTATION44
        1: SWITCH_ON INSTRUMENT2 SATELLITE0
        2: CALIBRATE SATELLITE0 INSTRUMENT2 STAR84
        3: TURN_TO SATELLITE0 STAR151 STAR84
        4: SWITCH_ON INSTRUMENT8 SATELLITE1
        5: CALIBRATE SATELLITE1 INSTRUMENT8 STAR71
        6: TURN_TO SATELLITE1 PHENOMENON152 STAR71
        7: TURN_TO SATELLITE2 STAR102 STAR101
        8: TURN_TO SATELLITE3 GROUNDSTATION6 GROUNDSTATION50
        9: TURN_TO SATELLITE7 GROUNDSTATION39 GROUNDSTATION90
       10: TAKE_IMAGE SATELLITE0 STAR151 INSTRUMENT2 INFRARED3
       11: TAKE_IMAGE SATELLITE1 PHENOMENON152 INSTRUMENT8 INFRARED2
     

time spent:    0.00 seconds instantiating 254310 easy, 0 hard action templates
               0.03 seconds reachability analysis, yielding 2421 facts and 254310 actions
               0.06 seconds creating final representation with 2421 relevant facts, 0 relevant fluents
               0.32 seconds computing LNF
               0.11 seconds building connectivity graph
               0.18 seconds searching, evaluating 13 states, to a max depth of 1
               0.70 seconds total time

