
ff: parsing domain file
domain 'SATELLITE' defined
 ... done.
ff: parsing problem file
problem 'STRIPS-SAT-X-1' defined
 ... done.


no metric specified. plan length assumed.

checking for cyclic := effects --- OK.

ff: search configuration is EHC, if that fails then  best-first on 1*g(s) + 5*h(s) where
    metric is  plan length

Cueing down from goal distance:   15 into depth [1]
                                  14            [1]
                                  10            [1]
                                   9            [1]
                                   8            [1]
                                   7            [1]
                                   6            [1]
                                   5            [1]
                                   4            [1]
                                   3            [1]
                                   2            [1]
                                   1            [1]
                                   0            

ff: found legal plan as follows

step    0: TURN_TO SATELLITE0 STAR63 GROUNDSTATION41
        1: SWITCH_ON INSTRUMENT2 SATELLITE0
        2: CALIBRATE SATELLITE0 INSTRUMENT2 STAR63
        3: TURN_TO SATELLITE0 PHENOMENON151 STAR63
        4: TURN_TO SATELLITE3 GROUNDSTATION100 GROUNDSTATION85
        5: TURN_TO SATELLITE4 GROUNDSTATION42 STAR3
        6: TURN_TO SATELLITE6 STAR55 STAR46
        7: TURN_TO SATELLITE7 GROUNDSTATION135 STAR43
        8: TAKE_IMAGE SATELLITE0 PHENOMENON151 INSTRUMENT2 INFRARED2
        9: TURN_TO SATELLITE0 PLANET152 PHENOMENON151
       10: TAKE_IMAGE SATELLITE0 PLANET152 INSTRUMENT2 INFRARED4
       11: TURN_TO SATELLITE0 STAR90 PLANET152
     

time spent:    0.01 seconds instantiating 251293 easy, 0 hard action templates
               0.01 seconds reachability analysis, yielding 2407 facts and 251293 actions
               0.04 seconds creating final representation with 2407 relevant facts, 0 relevant fluents
               0.29 seconds computing LNF
               0.10 seconds building connectivity graph
               0.38 seconds searching, evaluating 26 states, to a max depth of 1
               0.83 seconds total time

