
ff: parsing domain file
domain 'SATELLITE' defined
 ... done.
ff: parsing problem file
problem 'STRIPS-SAT-X-1' defined
 ... done.


no metric specified. plan length assumed.

checking for cyclic := effects --- OK.

ff: search configuration is EHC, if that fails then  best-first on 1*g(s) + 5*h(s) where
    metric is  plan length

Cueing down from goal distance:   10 into depth [1]
                                   9            [1]
                                   8            [1]
                                   7            [1]
                                   6            [1]
                                   5            [1]
                                   4            [1]
                                   3            [1]
                                   2            [1]
                                   1            [1]
                                   0            

ff: found legal plan as follows

step    0: TURN_TO SATELLITE1 STAR74 STAR43
        1: SWITCH_ON INSTRUMENT2 SATELLITE1
        2: CALIBRATE SATELLITE1 INSTRUMENT2 STAR74
        3: TURN_TO SATELLITE1 PHENOMENON151 STAR74
        4: TURN_TO SATELLITE2 GROUNDSTATION138 GROUNDSTATION72
        5: TURN_TO SATELLITE3 STAR55 GROUNDSTATION80
        6: TURN_TO SATELLITE7 GROUNDSTATION23 GROUNDSTATION10
        7: TAKE_IMAGE SATELLITE1 PHENOMENON151 INSTRUMENT2 THERMOGRAPH2
        8: TURN_TO SATELLITE1 STAR152 PHENOMENON151
        9: TAKE_IMAGE SATELLITE1 STAR152 INSTRUMENT2 THERMOGRAPH2
     

time spent:    0.00 seconds instantiating 251327 easy, 0 hard action templates
               0.03 seconds reachability analysis, yielding 2407 facts and 251327 actions
               0.04 seconds creating final representation with 2407 relevant facts, 0 relevant fluents
               0.33 seconds computing LNF
               0.11 seconds building connectivity graph
               0.37 seconds searching, evaluating 17 states, to a max depth of 1
               0.88 seconds total time

