
ff: parsing domain file
domain 'BLOCKS' defined
 ... done.
ff: parsing problem file
problem 'PB7' defined
 ... done.


no metric specified. plan length assumed.

checking for cyclic := effects --- OK.

ff: search configuration is EHC, if that fails then  best-first on 1*g(s) + 5*h(s) where
    metric is  plan length

Cueing down from goal distance:   22 into depth [1][2][3]
                                  21            [1]
                                  20            [1]
                                  19            [1]
                                  18            [1]
                                  17            [1]
                                  16            [1]
                                  15            [1][2][3][4]
                                  14            [1]
                                  13            [1][2][3][4][5][6][7][8]
                                  12            [1][2]
                                  10            [1][2][3][4][5][6][7][8][9]
                                   9            [1]
                                   8            [1]
                                   7            [1]
                                   6            [1]
                                   5            [1]
                                   4            [1][2][3][4][5][6][7]
                                   3            [1]
                                   2            [1][2]
                                   0            

ff: found legal plan as follows

step    0: UNSTACK BLOCK11 BLOCK5
        1: STACK BLOCK11 BLOCK13
        2: UNSTACK BLOCK5 BLOCK6
        3: PUT-DOWN BLOCK5
        4: UNSTACK BLOCK6 BLOCK9
        5: PUT-DOWN BLOCK6
        6: UNSTACK BLOCK9 BLOCK12
        7: PUT-DOWN BLOCK9
        8: PICK-UP BLOCK4
        9: STACK BLOCK4 BLOCK12
       10: UNSTACK BLOCK11 BLOCK13
       11: STACK BLOCK11 BLOCK9
       12: PICK-UP BLOCK13
       13: STACK BLOCK13 BLOCK6
       14: UNSTACK BLOCK4 BLOCK12
       15: STACK BLOCK4 BLOCK5
       16: UNSTACK BLOCK12 BLOCK8
       17: STACK BLOCK12 BLOCK13
       18: UNSTACK BLOCK4 BLOCK5
       19: STACK BLOCK4 BLOCK12
       20: UNSTACK BLOCK8 BLOCK1
       21: STACK BLOCK8 BLOCK4
       22: UNSTACK BLOCK1 BLOCK3
       23: STACK BLOCK1 BLOCK5
       24: UNSTACK BLOCK3 BLOCK10
       25: STACK BLOCK3 BLOCK8
       26: UNSTACK BLOCK10 BLOCK2
       27: STACK BLOCK10 BLOCK3
       28: UNSTACK BLOCK2 BLOCK7
       29: STACK BLOCK2 BLOCK10
       30: UNSTACK BLOCK11 BLOCK9
       31: STACK BLOCK11 BLOCK7
       32: UNSTACK BLOCK2 BLOCK10
       33: STACK BLOCK2 BLOCK9
       34: UNSTACK BLOCK10 BLOCK3
       35: STACK BLOCK10 BLOCK2
       36: UNSTACK BLOCK3 BLOCK8
       37: STACK BLOCK3 BLOCK10
       38: UNSTACK BLOCK8 BLOCK4
       39: STACK BLOCK8 BLOCK11
       40: UNSTACK BLOCK4 BLOCK12
       41: STACK BLOCK4 BLOCK1
       42: UNSTACK BLOCK12 BLOCK13
       43: STACK BLOCK12 BLOCK3
       44: UNSTACK BLOCK4 BLOCK1
       45: STACK BLOCK4 BLOCK12
       46: UNSTACK BLOCK8 BLOCK11
       47: STACK BLOCK8 BLOCK4
     

time spent:    0.00 seconds instantiating 364 easy, 0 hard action templates
               0.00 seconds reachability analysis, yielding 209 facts and 364 actions
               0.00 seconds creating final representation with 209 relevant facts, 0 relevant fluents
               0.00 seconds computing LNF
               0.00 seconds building connectivity graph
               0.07 seconds searching, evaluating 7726 states, to a max depth of 9
               0.07 seconds total time

