
ff: parsing domain file
domain 'BLOCKS' defined
 ... done.
ff: parsing problem file
problem 'PB2' defined
 ... done.


no metric specified. plan length assumed.

checking for cyclic := effects --- OK.

ff: search configuration is EHC, if that fails then  best-first on 1*g(s) + 5*h(s) where
    metric is  plan length

Cueing down from goal distance:   22 into depth [1]
                                  21            [1][2][3][4][5]
                                  20            [1]
                                  19            [1]
                                  18            [1]
                                  17            [1][2]
                                  16            [1]
                                  15            [1][2][3]
                                  14            [1][2][3][4][5]
                                  13            [1]
                                  12            [1]
                                  11            [1]
                                  10            [1]
                                   9            [1][2][3][4]
                                   8            [1]
                                   7            [1]
                                   6            [1][2][3]
                                   5            [1]
                                   4            [1][2]
                                   3            [1][2][3][4]
                                   2            [1][2]
                                   0            

ff: found legal plan as follows

step    0: PICK-UP BLOCK13
        1: STACK BLOCK13 BLOCK6
        2: UNSTACK BLOCK8 BLOCK4
        3: STACK BLOCK8 BLOCK13
        4: UNSTACK BLOCK4 BLOCK12
        5: PUT-DOWN BLOCK4
        6: UNSTACK BLOCK12 BLOCK10
        7: STACK BLOCK12 BLOCK4
        8: UNSTACK BLOCK10 BLOCK2
        9: STACK BLOCK10 BLOCK3
       10: UNSTACK BLOCK2 BLOCK7
       11: PUT-DOWN BLOCK2
       12: UNSTACK BLOCK8 BLOCK13
       13: STACK BLOCK8 BLOCK7
       14: UNSTACK BLOCK13 BLOCK6
       15: STACK BLOCK13 BLOCK8
       16: UNSTACK BLOCK10 BLOCK3
       17: STACK BLOCK10 BLOCK13
       18: UNSTACK BLOCK3 BLOCK1
       19: STACK BLOCK3 BLOCK2
       20: PICK-UP BLOCK1
       21: STACK BLOCK1 BLOCK12
       22: UNSTACK BLOCK10 BLOCK13
       23: STACK BLOCK10 BLOCK3
       24: UNSTACK BLOCK13 BLOCK8
       25: STACK BLOCK13 BLOCK10
       26: UNSTACK BLOCK8 BLOCK7
       27: STACK BLOCK8 BLOCK1
       28: UNSTACK BLOCK13 BLOCK10
       29: STACK BLOCK13 BLOCK8
       30: UNSTACK BLOCK7 BLOCK11
       31: STACK BLOCK7 BLOCK10
       32: UNSTACK BLOCK11 BLOCK9
       33: STACK BLOCK11 BLOCK13
       34: UNSTACK BLOCK7 BLOCK10
       35: STACK BLOCK7 BLOCK11
       36: PICK-UP BLOCK9
       37: STACK BLOCK9 BLOCK10
       38: UNSTACK BLOCK7 BLOCK11
       39: STACK BLOCK7 BLOCK9
     

time spent:    0.00 seconds instantiating 364 easy, 0 hard action templates
               0.00 seconds reachability analysis, yielding 209 facts and 364 actions
               0.00 seconds creating final representation with 209 relevant facts, 0 relevant fluents
               0.00 seconds computing LNF
               0.00 seconds building connectivity graph
               0.01 seconds searching, evaluating 797 states, to a max depth of 5
               0.01 seconds total time

