
ff: parsing domain file
domain 'BLOCKS' defined
 ... done.
ff: parsing problem file
problem 'PB6' defined
 ... done.


no metric specified. plan length assumed.

checking for cyclic := effects --- OK.

ff: search configuration is EHC, if that fails then  best-first on 1*g(s) + 5*h(s) where
    metric is  plan length

Cueing down from goal distance:   23 into depth [1]
                                  22            [1]
                                  21            [1]
                                  20            [1]
                                  19            [1][2][3]
                                  18            [1][2][3][4][5]
                                  17            [1][2][3]
                                  16            [1][2][3][4][5][6][7][8]
                                  15            [1][2][3][4][5][6]
                                  14            [1][2]
                                  13            [1][2][3][4][5][6]
                                  12            [1][2][3][4][5]
                                  11            [1]
                                  10            [1]
                                   9            [1]
                                   8            [1]
                                   7            [1][2][3][4][5][6][7][8][9][10][11][12][13][14][15][16]
                                   6            [1]
                                   5            [1]
                                   4            [1]
                                   3            [1]
                                   2            [1]
                                   1            [1]
                                   0            

ff: found legal plan as follows

step    0: UNSTACK BLOCK6 BLOCK5
        1: PUT-DOWN BLOCK6
        2: UNSTACK BLOCK11 BLOCK2
        3: STACK BLOCK11 BLOCK6
        4: UNSTACK BLOCK13 BLOCK8
        5: STACK BLOCK13 BLOCK11
        6: UNSTACK BLOCK8 BLOCK1
        7: STACK BLOCK8 BLOCK5
        8: UNSTACK BLOCK13 BLOCK11
        9: STACK BLOCK13 BLOCK8
       10: UNSTACK BLOCK1 BLOCK3
       11: STACK BLOCK1 BLOCK11
       12: UNSTACK BLOCK13 BLOCK8
       13: STACK BLOCK13 BLOCK1
       14: UNSTACK BLOCK8 BLOCK5
       15: STACK BLOCK8 BLOCK13
       16: UNSTACK BLOCK5 BLOCK7
       17: STACK BLOCK5 BLOCK8
       18: UNSTACK BLOCK3 BLOCK4
       19: STACK BLOCK3 BLOCK7
       20: UNSTACK BLOCK4 BLOCK10
       21: STACK BLOCK4 BLOCK5
       22: UNSTACK BLOCK10 BLOCK9
       23: STACK BLOCK10 BLOCK3
       24: UNSTACK BLOCK4 BLOCK5
       25: STACK BLOCK4 BLOCK10
       26: UNSTACK BLOCK5 BLOCK8
       27: STACK BLOCK5 BLOCK9
       28: UNSTACK BLOCK8 BLOCK13
       29: STACK BLOCK8 BLOCK5
       30: UNSTACK BLOCK13 BLOCK1
       31: STACK BLOCK13 BLOCK4
       32: UNSTACK BLOCK8 BLOCK5
       33: STACK BLOCK8 BLOCK13
       34: UNSTACK BLOCK5 BLOCK9
       35: STACK BLOCK5 BLOCK8
       36: UNSTACK BLOCK9 BLOCK12
       37: STACK BLOCK9 BLOCK1
       38: UNSTACK BLOCK5 BLOCK8
       39: STACK BLOCK5 BLOCK9
       40: PICK-UP BLOCK12
       41: STACK BLOCK12 BLOCK5
       42: UNSTACK BLOCK8 BLOCK13
       43: STACK BLOCK8 BLOCK2
       44: UNSTACK BLOCK13 BLOCK4
       45: STACK BLOCK13 BLOCK8
       46: UNSTACK BLOCK4 BLOCK10
       47: STACK BLOCK4 BLOCK13
       48: UNSTACK BLOCK10 BLOCK3
       49: STACK BLOCK10 BLOCK4
       50: UNSTACK BLOCK3 BLOCK7
       51: STACK BLOCK3 BLOCK10
       52: PICK-UP BLOCK7
       53: STACK BLOCK7 BLOCK12
       54: UNSTACK BLOCK3 BLOCK10
       55: STACK BLOCK3 BLOCK7
       56: UNSTACK BLOCK10 BLOCK4
       57: STACK BLOCK10 BLOCK3
       58: UNSTACK BLOCK4 BLOCK13
       59: STACK BLOCK4 BLOCK10
       60: UNSTACK BLOCK13 BLOCK8
       61: STACK BLOCK13 BLOCK4
       62: UNSTACK BLOCK8 BLOCK2
       63: STACK BLOCK8 BLOCK13
     

time spent:    0.00 seconds instantiating 364 easy, 0 hard action templates
               0.00 seconds reachability analysis, yielding 209 facts and 364 actions
               0.00 seconds creating final representation with 209 relevant facts, 0 relevant fluents
               0.00 seconds computing LNF
               0.00 seconds building connectivity graph
               0.37 seconds searching, evaluating 43511 states, to a max depth of 16
               0.37 seconds total time

