
ff: parsing domain file
domain 'BLOCKS' defined
 ... done.
ff: parsing problem file
problem 'PB3' defined
 ... done.


no metric specified. plan length assumed.

checking for cyclic := effects --- OK.

ff: search configuration is EHC, if that fails then  best-first on 1*g(s) + 5*h(s) where
    metric is  plan length

Cueing down from goal distance:   24 into depth [1]
                                  23            [1][2][3][4]
                                  22            [1][2][3][4]
                                  21            [1][2][3][4][5][6][7][8][9][10][11][12][13]
                                  20            [1]
                                  19            [1]
                                  18            [1][2][3]
                                  17            [1][2]
                                  16            [1][2]
                                  15            [1][2][3][4][5][6][7][8][9][10]
                                  14            [1][2][3]
                                  13            [1][2][3][4][5][6][7][8][9][10][11][12][13]
                                  12            [1][2][3][4][5]
                                  11            [1]
                                  10            [1][2]
                                   9            [1]
                                   8            [1][2][3][4][5][6][7]
                                   7            [1]
                                   6            [1]
                                   5            [1]
                                   4            [1][2][3][4][5][6][7]
                                   3            [1]
                                   2            [1][2]
                                   0            

ff: found legal plan as follows

step    0: UNSTACK BLOCK10 BLOCK12
        1: STACK BLOCK10 BLOCK3
        2: UNSTACK BLOCK12 BLOCK7
        3: PUT-DOWN BLOCK12
        4: UNSTACK BLOCK7 BLOCK13
        5: STACK BLOCK7 BLOCK10
        6: UNSTACK BLOCK13 BLOCK6
        7: STACK BLOCK13 BLOCK12
        8: UNSTACK BLOCK7 BLOCK10
        9: STACK BLOCK7 BLOCK6
       10: UNSTACK BLOCK10 BLOCK3
       11: STACK BLOCK10 BLOCK7
       12: UNSTACK BLOCK3 BLOCK8
       13: STACK BLOCK3 BLOCK10
       14: UNSTACK BLOCK8 BLOCK5
       15: STACK BLOCK8 BLOCK13
       16: UNSTACK BLOCK5 BLOCK9
       17: STACK BLOCK5 BLOCK8
       18: UNSTACK BLOCK9 BLOCK1
       19: PUT-DOWN BLOCK9
       20: UNSTACK BLOCK1 BLOCK2
       21: STACK BLOCK1 BLOCK9
       22: UNSTACK BLOCK3 BLOCK10
       23: STACK BLOCK3 BLOCK2
       24: UNSTACK BLOCK10 BLOCK7
       25: STACK BLOCK10 BLOCK3
       26: UNSTACK BLOCK7 BLOCK6
       27: STACK BLOCK7 BLOCK10
       28: PICK-UP BLOCK6
       29: STACK BLOCK6 BLOCK7
       30: UNSTACK BLOCK5 BLOCK8
       31: STACK BLOCK5 BLOCK6
       32: UNSTACK BLOCK8 BLOCK13
       33: STACK BLOCK8 BLOCK5
       34: UNSTACK BLOCK13 BLOCK12
       35: PUT-DOWN BLOCK13
       36: PICK-UP BLOCK12
       37: STACK BLOCK12 BLOCK1
       38: UNSTACK BLOCK8 BLOCK5
       39: STACK BLOCK8 BLOCK13
       40: UNSTACK BLOCK5 BLOCK6
       41: STACK BLOCK5 BLOCK8
       42: UNSTACK BLOCK6 BLOCK7
       43: STACK BLOCK6 BLOCK12
       44: UNSTACK BLOCK7 BLOCK10
       45: STACK BLOCK7 BLOCK5
       46: UNSTACK BLOCK10 BLOCK3
       47: PUT-DOWN BLOCK10
       48: UNSTACK BLOCK6 BLOCK12
       49: STACK BLOCK6 BLOCK7
       50: UNSTACK BLOCK3 BLOCK2
       51: STACK BLOCK3 BLOCK6
       52: UNSTACK BLOCK2 BLOCK11
       53: STACK BLOCK2 BLOCK12
       54: PICK-UP BLOCK10
       55: STACK BLOCK10 BLOCK2
       56: UNSTACK BLOCK11 BLOCK4
       57: STACK BLOCK11 BLOCK10
       58: UNSTACK BLOCK3 BLOCK6
       59: STACK BLOCK3 BLOCK4
       60: UNSTACK BLOCK11 BLOCK10
       61: STACK BLOCK11 BLOCK6
       62: UNSTACK BLOCK10 BLOCK2
       63: STACK BLOCK10 BLOCK3
       64: UNSTACK BLOCK11 BLOCK6
       65: STACK BLOCK11 BLOCK2
       66: UNSTACK BLOCK6 BLOCK7
       67: STACK BLOCK6 BLOCK11
       68: UNSTACK BLOCK7 BLOCK5
       69: STACK BLOCK7 BLOCK10
       70: UNSTACK BLOCK6 BLOCK11
       71: STACK BLOCK6 BLOCK7
       72: UNSTACK BLOCK11 BLOCK2
       73: STACK BLOCK11 BLOCK6
       74: UNSTACK BLOCK5 BLOCK8
       75: STACK BLOCK5 BLOCK2
       76: UNSTACK BLOCK8 BLOCK13
       77: STACK BLOCK8 BLOCK5
       78: PICK-UP BLOCK13
       79: STACK BLOCK13 BLOCK11
       80: UNSTACK BLOCK8 BLOCK5
       81: STACK BLOCK8 BLOCK13
       82: UNSTACK BLOCK5 BLOCK2
       83: STACK BLOCK5 BLOCK8
     

time spent:    0.00 seconds instantiating 364 easy, 0 hard action templates
               0.00 seconds reachability analysis, yielding 209 facts and 364 actions
               0.00 seconds creating final representation with 209 relevant facts, 0 relevant fluents
               0.00 seconds computing LNF
               0.00 seconds building connectivity graph
               1.05 seconds searching, evaluating 80466 states, to a max depth of 13
               1.05 seconds total time

