
ff: parsing domain file
domain 'BLOCKS' defined
 ... done.
ff: parsing problem file
problem 'PB0' defined
 ... done.


no metric specified. plan length assumed.

checking for cyclic := effects --- OK.

ff: search configuration is EHC, if that fails then  best-first on 1*g(s) + 5*h(s) where
    metric is  plan length

Cueing down from goal distance:   18 into depth [1]
                                  17            [1][2]
                                  16            [1]
                                  15            [1]
                                  14            [1][2]
                                  13            [1][2]
                                  12            [1][2][3][4][5][6][7][8][9]
                                  11            [1]
                                  10            [1]
                                   9            [1][2]
                                   7            [1]
                                   6            [1]
                                   5            [1][2][3][4][5][6][7][8][9][10]
                                   4            [1]
                                   3            [1]
                                   2            [1]
                                   1            [1]
                                   0            

ff: found legal plan as follows

step    0: UNSTACK BLOCK1 BLOCK12
        1: STACK BLOCK1 BLOCK8
        2: UNSTACK BLOCK11 BLOCK6
        3: PUT-DOWN BLOCK11
        4: UNSTACK BLOCK13 BLOCK4
        5: STACK BLOCK13 BLOCK1
        6: PICK-UP BLOCK4
        7: STACK BLOCK4 BLOCK13
        8: PICK-UP BLOCK6
        9: STACK BLOCK6 BLOCK9
       10: UNSTACK BLOCK12 BLOCK3
       11: STACK BLOCK12 BLOCK6
       12: UNSTACK BLOCK3 BLOCK5
       13: STACK BLOCK3 BLOCK12
       14: UNSTACK BLOCK5 BLOCK2
       15: STACK BLOCK5 BLOCK11
       16: UNSTACK BLOCK3 BLOCK12
       17: STACK BLOCK3 BLOCK5
       18: UNSTACK BLOCK12 BLOCK6
       19: STACK BLOCK12 BLOCK3
       20: UNSTACK BLOCK6 BLOCK9
       21: STACK BLOCK6 BLOCK12
       22: PICK-UP BLOCK2
       23: STACK BLOCK2 BLOCK9
       24: UNSTACK BLOCK4 BLOCK13
       25: STACK BLOCK4 BLOCK6
       26: UNSTACK BLOCK13 BLOCK1
       27: STACK BLOCK13 BLOCK4
       28: UNSTACK BLOCK1 BLOCK8
       29: STACK BLOCK1 BLOCK13
       30: PICK-UP BLOCK8
       31: STACK BLOCK8 BLOCK2
       32: UNSTACK BLOCK1 BLOCK13
       33: STACK BLOCK1 BLOCK8
       34: UNSTACK BLOCK13 BLOCK4
       35: STACK BLOCK13 BLOCK1
       36: UNSTACK BLOCK4 BLOCK6
       37: STACK BLOCK4 BLOCK13
     

time spent:    0.00 seconds instantiating 364 easy, 0 hard action templates
               0.00 seconds reachability analysis, yielding 209 facts and 364 actions
               0.00 seconds creating final representation with 209 relevant facts, 0 relevant fluents
               0.00 seconds computing LNF
               0.00 seconds building connectivity graph
               0.14 seconds searching, evaluating 12595 states, to a max depth of 10
               0.14 seconds total time

