
ff: parsing domain file
domain 'BLOCKS' defined
 ... done.
ff: parsing problem file
problem 'PB9' defined
 ... done.


no metric specified. plan length assumed.

checking for cyclic := effects --- OK.

ff: search configuration is EHC, if that fails then  best-first on 1*g(s) + 5*h(s) where
    metric is  plan length

Cueing down from goal distance:   26 into depth [1][2][3][4][5]
                                  25            [1]
                                  24            [1]
                                  23            [1][2][3][4][5][6]
                                  22            [1][2][3][4]
                                  21            [1][2][3]
                                  20            [1]
                                  19            [1]
                                  18            [1]
                                  17            [1]
                                  16            [1][2]
                                  15            [1][2][3][4][5][6][7][8][9][10][11][12][13]
                                  14            [1][2][3]
                                  13            [1][2][3][4]
                                  12            [1][2]
                                  10            [1]
                                   9            [1]
                                   8            [1]
                                   7            [1]
                                   6            [1][2][3][4][5][6][7][8][9][10][11][12][13]
                                   5            [1]
                                   4            [1]
                                   3            [1]
                                   2            [1][2]
                                   0            

ff: found legal plan as follows

step    0: UNSTACK BLOCK5 BLOCK2
        1: STACK BLOCK5 BLOCK7
        2: UNSTACK BLOCK2 BLOCK13
        3: STACK BLOCK2 BLOCK5
        4: UNSTACK BLOCK13 BLOCK9
        5: PUT-DOWN BLOCK13
        6: UNSTACK BLOCK2 BLOCK5
        7: STACK BLOCK2 BLOCK13
        8: UNSTACK BLOCK5 BLOCK7
        9: PUT-DOWN BLOCK5
       10: UNSTACK BLOCK9 BLOCK4
       11: STACK BLOCK9 BLOCK7
       12: UNSTACK BLOCK2 BLOCK13
       13: STACK BLOCK2 BLOCK9
       14: UNSTACK BLOCK4 BLOCK11
       15: STACK BLOCK4 BLOCK13
       16: PICK-UP BLOCK5
       17: STACK BLOCK5 BLOCK4
       18: UNSTACK BLOCK11 BLOCK12
       19: PUT-DOWN BLOCK11
       20: UNSTACK BLOCK5 BLOCK4
       21: STACK BLOCK5 BLOCK11
       22: UNSTACK BLOCK12 BLOCK6
       23: STACK BLOCK12 BLOCK5
       24: UNSTACK BLOCK6 BLOCK1
       25: STACK BLOCK6 BLOCK12
       26: UNSTACK BLOCK2 BLOCK9
       27: STACK BLOCK2 BLOCK6
       28: UNSTACK BLOCK9 BLOCK7
       29: STACK BLOCK9 BLOCK4
       30: UNSTACK BLOCK7 BLOCK10
       31: STACK BLOCK7 BLOCK1
       32: UNSTACK BLOCK9 BLOCK4
       33: STACK BLOCK9 BLOCK7
       34: UNSTACK BLOCK4 BLOCK13
       35: STACK BLOCK4 BLOCK10
       36: UNSTACK BLOCK2 BLOCK6
       37: STACK BLOCK2 BLOCK9
       38: UNSTACK BLOCK6 BLOCK12
       39: STACK BLOCK6 BLOCK2
       40: UNSTACK BLOCK4 BLOCK10
       41: STACK BLOCK4 BLOCK12
       42: UNSTACK BLOCK10 BLOCK3
       43: STACK BLOCK10 BLOCK13
       44: UNSTACK BLOCK4 BLOCK12
       45: STACK BLOCK4 BLOCK10
       46: UNSTACK BLOCK3 BLOCK8
       47: STACK BLOCK3 BLOCK12
       48: PICK-UP BLOCK8
       49: STACK BLOCK8 BLOCK3
       50: UNSTACK BLOCK6 BLOCK2
       51: STACK BLOCK6 BLOCK4
       52: UNSTACK BLOCK2 BLOCK9
       53: STACK BLOCK2 BLOCK6
       54: UNSTACK BLOCK9 BLOCK7
       55: STACK BLOCK9 BLOCK2
       56: UNSTACK BLOCK7 BLOCK1
       57: STACK BLOCK7 BLOCK9
       58: PICK-UP BLOCK1
       59: STACK BLOCK1 BLOCK8
       60: UNSTACK BLOCK7 BLOCK9
       61: STACK BLOCK7 BLOCK1
       62: UNSTACK BLOCK9 BLOCK2
       63: STACK BLOCK9 BLOCK7
       64: UNSTACK BLOCK2 BLOCK6
       65: STACK BLOCK2 BLOCK9
       66: UNSTACK BLOCK6 BLOCK4
       67: STACK BLOCK6 BLOCK2
     

time spent:    0.00 seconds instantiating 364 easy, 0 hard action templates
               0.00 seconds reachability analysis, yielding 209 facts and 364 actions
               0.00 seconds creating final representation with 209 relevant facts, 0 relevant fluents
               0.00 seconds computing LNF
               0.00 seconds building connectivity graph
               1.67 seconds searching, evaluating 95562 states, to a max depth of 13
               1.67 seconds total time

