
ff: parsing domain file
domain 'SATELLITE' defined
 ... done.
ff: parsing problem file
problem 'STRIPS-SAT-X-1' defined
 ... done.


no metric specified. plan length assumed.

checking for cyclic := effects --- OK.

ff: search configuration is EHC, if that fails then  best-first on 1*g(s) + 5*h(s) where
    metric is  plan length

Cueing down from goal distance:   10 into depth [1]
                                   9            [1]
                                   8            [1]
                                   7            [1]
                                   6            [1][2]
                                   5            [1]
                                   4            [1]
                                   3            [1][2]
                                   2            [1]
                                   1            [1]
                                   0            

ff: found legal plan as follows

step    0: SWITCH_ON INSTRUMENT37 SATELLITE6
        1: SWITCH_ON INSTRUMENT2 SATELLITE0
        2: TURN_TO SATELLITE2 PHENOMENON7 GROUNDSTATION6
        3: TURN_TO SATELLITE8 GROUNDSTATION5 STAR1
        4: TURN_TO SATELLITE6 GROUNDSTATION5 PHENOMENON7
        5: CALIBRATE SATELLITE6 INSTRUMENT37 GROUNDSTATION5
        6: TURN_TO SATELLITE6 PHENOMENON7 GROUNDSTATION5
        7: TAKE_IMAGE SATELLITE6 PHENOMENON7 INSTRUMENT37 THERMOGRAPH0
        8: TURN_TO SATELLITE0 GROUNDSTATION2 PLANET8
        9: CALIBRATE SATELLITE0 INSTRUMENT2 GROUNDSTATION2
       10: TURN_TO SATELLITE0 PLANET8 GROUNDSTATION2
       11: TAKE_IMAGE SATELLITE0 PLANET8 INSTRUMENT2 THERMOGRAPH2
     

time spent:    0.00 seconds instantiating 2076 easy, 0 hard action templates
               0.00 seconds reachability analysis, yielding 263 facts and 2076 actions
               0.00 seconds creating final representation with 263 relevant facts, 0 relevant fluents
               0.00 seconds computing LNF
               0.00 seconds building connectivity graph
               0.00 seconds searching, evaluating 25 states, to a max depth of 2
               0.00 seconds total time

