
ff: parsing domain file
domain 'SATELLITE' defined
 ... done.
ff: parsing problem file
problem 'STRIPS-SAT-X-1' defined
 ... done.


no metric specified. plan length assumed.

checking for cyclic := effects --- OK.

ff: search configuration is EHC, if that fails then  best-first on 1*g(s) + 5*h(s) where
    metric is  plan length

Cueing down from goal distance:   12 into depth [1]
                                   9            [1]
                                   8            [1]
                                   7            [1]
                                   6            [1][2]
                                   5            [1]
                                   4            [1]
                                   3            [1]
                                   2            [1]
                                   1            [1]
                                   0            

ff: found legal plan as follows

step    0: SWITCH_ON INSTRUMENT28 SATELLITE7
        1: TURN_TO SATELLITE0 STAR6 STAR3
        2: TURN_TO SATELLITE1 STAR1 GROUNDSTATION2
        3: TURN_TO SATELLITE9 STAR1 STAR8
        4: TURN_TO SATELLITE7 GROUNDSTATION0 STAR7
        5: CALIBRATE SATELLITE7 INSTRUMENT28 GROUNDSTATION0
        6: TURN_TO SATELLITE7 STAR7 GROUNDSTATION0
        7: TAKE_IMAGE SATELLITE7 STAR7 INSTRUMENT28 THERMOGRAPH1
        8: TURN_TO SATELLITE7 STAR8 STAR7
        9: TAKE_IMAGE SATELLITE7 STAR8 INSTRUMENT28 THERMOGRAPH2
       10: TURN_TO SATELLITE7 GROUNDSTATION4 STAR8
     

time spent:    0.00 seconds instantiating 1654 easy, 0 hard action templates
               0.00 seconds reachability analysis, yielding 227 facts and 1654 actions
               0.00 seconds creating final representation with 227 relevant facts, 0 relevant fluents
               0.00 seconds computing LNF
               0.00 seconds building connectivity graph
               0.00 seconds searching, evaluating 25 states, to a max depth of 2
               0.00 seconds total time

