
ff: parsing domain file
domain 'SATELLITE' defined
 ... done.
ff: parsing problem file
problem 'STRIPS-SAT-X-1' defined
 ... done.


no metric specified. plan length assumed.

checking for cyclic := effects --- OK.

ff: search configuration is EHC, if that fails then  best-first on 1*g(s) + 5*h(s) where
    metric is  plan length

Cueing down from goal distance:   10 into depth [1]
                                   9            [1]
                                   8            [1]
                                   7            [1]
                                   6            [1]
                                   5            [1]
                                   4            [1]
                                   3            [1][2]
                                   2            [1]
                                   1            [1]
                                   0            

ff: found legal plan as follows

step    0: SWITCH_ON INSTRUMENT38 SATELLITE8
        1: TURN_TO SATELLITE1 GROUNDSTATION1 GROUNDSTATION4
        2: TURN_TO SATELLITE2 GROUNDSTATION4 STAR3
        3: TURN_TO SATELLITE3 STAR2 GROUNDSTATION1
        4: TURN_TO SATELLITE4 STAR7 STAR2
        5: TURN_TO SATELLITE7 STAR3 GROUNDSTATION1
        6: TURN_TO SATELLITE9 GROUNDSTATION4 GROUNDSTATION1
        7: TURN_TO SATELLITE8 STAR0 STAR7
        8: CALIBRATE SATELLITE8 INSTRUMENT38 STAR0
        9: TURN_TO SATELLITE8 STAR7 STAR0
       10: TAKE_IMAGE SATELLITE8 STAR7 INSTRUMENT38 SPECTROGRAPH3
     

time spent:    0.00 seconds instantiating 1838 easy, 0 hard action templates
               0.00 seconds reachability analysis, yielding 237 facts and 1838 actions
               0.00 seconds creating final representation with 237 relevant facts, 0 relevant fluents
               0.00 seconds computing LNF
               0.00 seconds building connectivity graph
               0.00 seconds searching, evaluating 19 states, to a max depth of 2
               0.00 seconds total time

