
ff: parsing domain file
domain 'SATELLITE' defined
 ... done.
ff: parsing problem file
problem 'STRIPS-SAT-X-1' defined
 ... done.


no metric specified. plan length assumed.

checking for cyclic := effects --- OK.

ff: search configuration is EHC, if that fails then  best-first on 1*g(s) + 5*h(s) where
    metric is  plan length

Cueing down from goal distance:    9 into depth [1]
                                   8            [1]
                                   7            [1]
                                   6            [1]
                                   5            [1]
                                   4            [1]
                                   3            [1][2]
                                   2            [1]
                                   1            [1]
                                   0            

ff: found legal plan as follows

step    0: TURN_TO SATELLITE0 GROUNDSTATION6 GROUNDSTATION4
        1: SWITCH_ON INSTRUMENT55 SATELLITE9
        2: SWITCH_ON INSTRUMENT1 SATELLITE0
        3: CALIBRATE SATELLITE0 INSTRUMENT1 GROUNDSTATION6
        4: TURN_TO SATELLITE0 STAR8 GROUNDSTATION6
        5: TAKE_IMAGE SATELLITE0 STAR8 INSTRUMENT1 INFRARED3
        6: TURN_TO SATELLITE9 STAR3 PHENOMENON7
        7: CALIBRATE SATELLITE9 INSTRUMENT55 STAR3
        8: TURN_TO SATELLITE9 PHENOMENON7 STAR3
        9: TAKE_IMAGE SATELLITE9 PHENOMENON7 INSTRUMENT55 THERMOGRAPH2
     

time spent:    0.00 seconds instantiating 1994 easy, 0 hard action templates
               0.00 seconds reachability analysis, yielding 261 facts and 1994 actions
               0.00 seconds creating final representation with 261 relevant facts, 0 relevant fluents
               0.00 seconds computing LNF
               0.00 seconds building connectivity graph
               0.00 seconds searching, evaluating 17 states, to a max depth of 2
               0.00 seconds total time

