
ff: parsing domain file
domain 'SATELLITE' defined
 ... done.
ff: parsing problem file
problem 'STRIPS-SAT-X-1' defined
 ... done.


no metric specified. plan length assumed.

checking for cyclic := effects --- OK.

ff: search configuration is EHC, if that fails then  best-first on 1*g(s) + 5*h(s) where
    metric is  plan length

Cueing down from goal distance:   13 into depth [1]
                                  12            [1]
                                  11            [1]
                                  10            [1]
                                   9            [1]
                                   8            [1]
                                   7            [1][2]
                                   6            [1]
                                   5            [1]
                                   4            [1][2]
                                   3            [1]
                                   2            [1]
                                   1            [1]
                                   0            

ff: found legal plan as follows

step    0: SWITCH_ON INSTRUMENT24 SATELLITE7
        1: SWITCH_ON INSTRUMENT8 SATELLITE3
        2: TURN_TO SATELLITE0 STAR6 STAR0
        3: TURN_TO SATELLITE1 STAR0 STAR1
        4: TURN_TO SATELLITE4 STAR6 GROUNDSTATION4
        5: TURN_TO SATELLITE5 STAR1 PHENOMENON7
        6: TURN_TO SATELLITE7 GROUNDSTATION2 PHENOMENON7
        7: CALIBRATE SATELLITE7 INSTRUMENT24 GROUNDSTATION2
        8: TURN_TO SATELLITE7 PHENOMENON7 GROUNDSTATION2
        9: TAKE_IMAGE SATELLITE7 PHENOMENON7 INSTRUMENT24 IMAGE3
       10: TURN_TO SATELLITE3 STAR0 PHENOMENON8
       11: CALIBRATE SATELLITE3 INSTRUMENT8 STAR0
       12: TURN_TO SATELLITE3 PHENOMENON8 STAR0
       13: TAKE_IMAGE SATELLITE3 PHENOMENON8 INSTRUMENT8 INFRARED1
       14: TURN_TO SATELLITE3 STAR1 PHENOMENON8
     

time spent:    0.00 seconds instantiating 1546 easy, 0 hard action templates
               0.00 seconds reachability analysis, yielding 215 facts and 1546 actions
               0.00 seconds creating final representation with 215 relevant facts, 0 relevant fluents
               0.00 seconds computing LNF
               0.00 seconds building connectivity graph
               0.00 seconds searching, evaluating 38 states, to a max depth of 2
               0.00 seconds total time

