
ff: parsing domain file
domain 'SATELLITE' defined
 ... done.
ff: parsing problem file
problem 'STRIPS-SAT-X-1' defined
 ... done.


no metric specified. plan length assumed.

checking for cyclic := effects --- OK.

ff: search configuration is EHC, if that fails then  best-first on 1*g(s) + 5*h(s) where
    metric is  plan length

Cueing down from goal distance:   12 into depth [1]
                                  11            [1]
                                   9            [1]
                                   8            [1]
                                   7            [1]
                                   6            [1]
                                   5            [1]
                                   4            [1]
                                   3            [1]
                                   2            [1]
                                   1            [1]
                                   0            

ff: found legal plan as follows

step    0: TURN_TO SATELLITE0 STAR0 GROUNDSTATION2
        1: TURN_TO SATELLITE3 GROUNDSTATION3 STAR8
        2: SWITCH_ON INSTRUMENT1 SATELLITE0
        3: CALIBRATE SATELLITE0 INSTRUMENT1 STAR0
        4: TURN_TO SATELLITE0 PHENOMENON7 STAR0
        5: TURN_TO SATELLITE6 GROUNDSTATION4 STAR6
        6: TURN_TO SATELLITE7 GROUNDSTATION5 STAR1
        7: TAKE_IMAGE SATELLITE0 PHENOMENON7 INSTRUMENT1 SPECTROGRAPH1
        8: TURN_TO SATELLITE0 STAR8 PHENOMENON7
        9: TAKE_IMAGE SATELLITE0 STAR8 INSTRUMENT1 SPECTROGRAPH1
       10: TURN_TO SATELLITE0 STAR6 STAR8
     

time spent:    0.00 seconds instantiating 1900 easy, 0 hard action templates
               0.00 seconds reachability analysis, yielding 239 facts and 1900 actions
               0.00 seconds creating final representation with 239 relevant facts, 0 relevant fluents
               0.00 seconds computing LNF
               0.00 seconds building connectivity graph
               0.00 seconds searching, evaluating 21 states, to a max depth of 1
               0.00 seconds total time

