
ff: parsing domain file
domain 'SATELLITE' defined
 ... done.
ff: parsing problem file
problem 'STRIPS-SAT-X-1' defined
 ... done.


no metric specified. plan length assumed.

checking for cyclic := effects --- OK.

ff: search configuration is EHC, if that fails then  best-first on 1*g(s) + 5*h(s) where
    metric is  plan length

Cueing down from goal distance:   12 into depth [1]
                                  11            [1]
                                  10            [1]
                                   9            [1]
                                   8            [1]
                                   7            [1]
                                   6            [1]
                                   5            [1]
                                   4            [1]
                                   3            [1][2]
                                   2            [1]
                                   1            [1]
                                   0            

ff: found legal plan as follows

step    0: TURN_TO SATELLITE0 STAR2 STAR6
        1: SWITCH_ON INSTRUMENT7 SATELLITE2
        2: SWITCH_ON INSTRUMENT1 SATELLITE0
        3: CALIBRATE SATELLITE0 INSTRUMENT1 STAR2
        4: TURN_TO SATELLITE0 PHENOMENON8 STAR2
        5: TURN_TO SATELLITE1 STAR3 STAR6
        6: TURN_TO SATELLITE5 STAR2 STAR6
        7: TURN_TO SATELLITE7 STAR3 GROUNDSTATION5
        8: TAKE_IMAGE SATELLITE0 PHENOMENON8 INSTRUMENT1 THERMOGRAPH4
        9: TURN_TO SATELLITE2 STAR3 STAR7
       10: CALIBRATE SATELLITE2 INSTRUMENT7 STAR3
       11: TURN_TO SATELLITE2 STAR7 STAR3
       12: TAKE_IMAGE SATELLITE2 STAR7 INSTRUMENT7 INFRARED0
     

time spent:    0.00 seconds instantiating 1573 easy, 0 hard action templates
               0.00 seconds reachability analysis, yielding 213 facts and 1573 actions
               0.00 seconds creating final representation with 213 relevant facts, 0 relevant fluents
               0.00 seconds computing LNF
               0.00 seconds building connectivity graph
               0.00 seconds searching, evaluating 23 states, to a max depth of 2
               0.00 seconds total time

