
ff: parsing domain file
domain 'SATELLITE' defined
 ... done.
ff: parsing problem file
problem 'STRIPS-SAT-X-1' defined
 ... done.


no metric specified. plan length assumed.

checking for cyclic := effects --- OK.

ff: search configuration is EHC, if that fails then  best-first on 1*g(s) + 5*h(s) where
    metric is  plan length

Cueing down from goal distance:   10 into depth [1]
                                   9            [1]
                                   8            [1]
                                   7            [1]
                                   6            [1]
                                   5            [1]
                                   4            [1]
                                   3            [1]
                                   2            [1]
                                   1            [1]
                                   0            

ff: found legal plan as follows

step    0: SWITCH_ON INSTRUMENT1 SATELLITE0
        1: TURN_TO SATELLITE1 GROUNDSTATION105 GROUNDSTATION14
        2: CALIBRATE SATELLITE0 INSTRUMENT1 GROUNDSTATION44
        3: TURN_TO SATELLITE0 PLANET148 GROUNDSTATION44
        4: SWITCH_ON INSTRUMENT6 SATELLITE1
        5: CALIBRATE SATELLITE1 INSTRUMENT6 GROUNDSTATION105
        6: TURN_TO SATELLITE1 PHENOMENON149 GROUNDSTATION105
        7: TURN_TO SATELLITE5 GROUNDSTATION92 STAR93
        8: TAKE_IMAGE SATELLITE0 PLANET148 INSTRUMENT1 INFRARED4
        9: TAKE_IMAGE SATELLITE1 PHENOMENON149 INSTRUMENT6 THERMOGRAPH0
     

time spent:    0.00 seconds instantiating 245799 easy, 0 hard action templates
               0.03 seconds reachability analysis, yielding 2382 facts and 245799 actions
               0.05 seconds creating final representation with 2382 relevant facts, 0 relevant fluents
               0.30 seconds computing LNF
               0.11 seconds building connectivity graph
               0.20 seconds searching, evaluating 12 states, to a max depth of 1
               0.69 seconds total time

