
ff: parsing domain file
domain 'SATELLITE' defined
 ... done.
ff: parsing problem file
problem 'STRIPS-SAT-X-1' defined
 ... done.


no metric specified. plan length assumed.

checking for cyclic := effects --- OK.

ff: search configuration is EHC, if that fails then  best-first on 1*g(s) + 5*h(s) where
    metric is  plan length

Cueing down from goal distance:    9 into depth [1]
                                   8            [1]
                                   7            [1]
                                   6            [1]
                                   5            [1]
                                   4            [1]
                                   3            [1]
                                   2            [1]
                                   1            [1]
                                   0            

ff: found legal plan as follows

step    0: TURN_TO SATELLITE0 GROUNDSTATION135 GROUNDSTATION74
        1: SWITCH_ON INSTRUMENT1 SATELLITE0
        2: CALIBRATE SATELLITE0 INSTRUMENT1 GROUNDSTATION135
        3: TURN_TO SATELLITE0 PHENOMENON148 GROUNDSTATION135
        4: TURN_TO SATELLITE5 STAR62 GROUNDSTATION109
        5: TAKE_IMAGE SATELLITE0 PHENOMENON148 INSTRUMENT1 THERMOGRAPH4
        6: TURN_TO SATELLITE0 STAR149 PHENOMENON148
        7: TAKE_IMAGE SATELLITE0 STAR149 INSTRUMENT1 THERMOGRAPH4
        8: TURN_TO SATELLITE0 STAR14 STAR149
     

time spent:    0.01 seconds instantiating 245964 easy, 0 hard action templates
               0.02 seconds reachability analysis, yielding 2388 facts and 245964 actions
               0.05 seconds creating final representation with 2388 relevant facts, 0 relevant fluents
               0.27 seconds computing LNF
               0.10 seconds building connectivity graph
               0.28 seconds searching, evaluating 17 states, to a max depth of 1
               0.73 seconds total time

