
ff: parsing domain file
domain 'SATELLITE' defined
 ... done.
ff: parsing problem file
problem 'STRIPS-SAT-X-1' defined
 ... done.


no metric specified. plan length assumed.

checking for cyclic := effects --- OK.

ff: search configuration is EHC, if that fails then  best-first on 1*g(s) + 5*h(s) where
    metric is  plan length

Cueing down from goal distance:   15 into depth [1]
                                  14            [1]
                                  13            [1]
                                  12            [1]
                                  11            [1]
                                  10            [1]
                                   9            [1]
                                   8            [1]
                                   7            [1]
                                   6            [1]
                                   5            [1]
                                   4            [1]
                                   3            [1]
                                   2            [1]
                                   1            [1]
                                   0            

ff: found legal plan as follows

step    0: TURN_TO SATELLITE0 GROUNDSTATION93 GROUNDSTATION131
        1: TURN_TO SATELLITE1 STAR0 GROUNDSTATION64
        2: SWITCH_ON INSTRUMENT0 SATELLITE0
        3: CALIBRATE SATELLITE0 INSTRUMENT0 GROUNDSTATION93
        4: TURN_TO SATELLITE0 PHENOMENON148 GROUNDSTATION93
        5: SWITCH_ON INSTRUMENT2 SATELLITE1
        6: CALIBRATE SATELLITE1 INSTRUMENT2 STAR0
        7: TURN_TO SATELLITE1 PLANET149 STAR0
        8: TURN_TO SATELLITE2 GROUNDSTATION78 STAR135
        9: TURN_TO SATELLITE5 GROUNDSTATION103 GROUNDSTATION93
       10: TURN_TO SATELLITE6 GROUNDSTATION136 GROUNDSTATION138
       11: TURN_TO SATELLITE7 GROUNDSTATION62 STAR9
       12: TURN_TO SATELLITE9 STAR113 GROUNDSTATION63
       13: TAKE_IMAGE SATELLITE0 PHENOMENON148 INSTRUMENT0 THERMOGRAPH2
       14: TAKE_IMAGE SATELLITE1 PLANET149 INSTRUMENT2 INFRARED1
     

time spent:    0.00 seconds instantiating 239085 easy, 0 hard action templates
               0.03 seconds reachability analysis, yielding 2356 facts and 239085 actions
               0.03 seconds creating final representation with 2356 relevant facts, 0 relevant fluents
               0.28 seconds computing LNF
               0.09 seconds building connectivity graph
               0.17 seconds searching, evaluating 16 states, to a max depth of 1
               0.60 seconds total time

