
ff: parsing domain file
domain 'SATELLITE' defined
 ... done.
ff: parsing problem file
problem 'STRIPS-SAT-X-1' defined
 ... done.


no metric specified. plan length assumed.

checking for cyclic := effects --- OK.

ff: search configuration is EHC, if that fails then  best-first on 1*g(s) + 5*h(s) where
    metric is  plan length

Cueing down from goal distance:   16 into depth [1]
                                  15            [1]
                                  13            [1]
                                  12            [1]
                                  11            [1]
                                  10            [1]
                                   9            [1]
                                   8            [1]
                                   7            [1]
                                   6            [1]
                                   5            [1]
                                   4            [1]
                                   3            [1]
                                   2            [1]
                                   1            [1]
                                   0            

ff: found legal plan as follows

step    0: TURN_TO SATELLITE0 GROUNDSTATION76 STAR12
        1: SWITCH_ON INSTRUMENT1 SATELLITE0
        2: CALIBRATE SATELLITE0 INSTRUMENT1 GROUNDSTATION76
        3: TURN_TO SATELLITE0 PLANET148 GROUNDSTATION76
        4: SWITCH_ON INSTRUMENT7 SATELLITE1
        5: CALIBRATE SATELLITE1 INSTRUMENT7 STAR64
        6: TURN_TO SATELLITE1 PHENOMENON149 STAR64
        7: TURN_TO SATELLITE2 GROUNDSTATION1 STAR58
        8: TURN_TO SATELLITE3 GROUNDSTATION39 STAR6
        9: TURN_TO SATELLITE4 GROUNDSTATION116 STAR138
       10: TURN_TO SATELLITE7 GROUNDSTATION102 STAR122
       11: TURN_TO SATELLITE9 GROUNDSTATION82 GROUNDSTATION107
       12: TAKE_IMAGE SATELLITE0 PLANET148 INSTRUMENT1 SPECTROGRAPH0
       13: TURN_TO SATELLITE0 GROUNDSTATION131 PLANET148
       14: TAKE_IMAGE SATELLITE1 PHENOMENON149 INSTRUMENT7 IMAGE1
     

time spent:    0.00 seconds instantiating 242090 easy, 0 hard action templates
               0.03 seconds reachability analysis, yielding 2364 facts and 242090 actions
               0.03 seconds creating final representation with 2364 relevant facts, 0 relevant fluents
               0.30 seconds computing LNF
               0.09 seconds building connectivity graph
               0.22 seconds searching, evaluating 23 states, to a max depth of 1
               0.67 seconds total time

