
ff: parsing domain file
domain 'SATELLITE' defined
 ... done.
ff: parsing problem file
problem 'STRIPS-SAT-X-1' defined
 ... done.


no metric specified. plan length assumed.

checking for cyclic := effects --- OK.

ff: search configuration is EHC, if that fails then  best-first on 1*g(s) + 5*h(s) where
    metric is  plan length

Cueing down from goal distance:   11 into depth [1]
                                  10            [1]
                                   9            [1]
                                   8            [1]
                                   7            [1]
                                   6            [1]
                                   5            [1]
                                   4            [1]
                                   3            [1][2]
                                   2            [1]
                                   1            [1]
                                   0            

ff: found legal plan as follows

step    0: SWITCH_ON INSTRUMENT25 SATELLITE5
        1: SWITCH_ON INSTRUMENT2 SATELLITE0
        2: CALIBRATE SATELLITE0 INSTRUMENT2 STAR81
        3: TURN_TO SATELLITE0 PLANET93 STAR81
        4: TURN_TO SATELLITE2 GROUNDSTATION29 GROUNDSTATION53
        5: TURN_TO SATELLITE3 STAR28 STAR35
        6: TURN_TO SATELLITE6 GROUNDSTATION4 STAR19
        7: TAKE_IMAGE SATELLITE0 PLANET93 INSTRUMENT2 THERMOGRAPH4
        8: TURN_TO SATELLITE5 STAR28 PLANET92
        9: CALIBRATE SATELLITE5 INSTRUMENT25 STAR28
       10: TURN_TO SATELLITE5 PLANET92 STAR28
       11: TAKE_IMAGE SATELLITE5 PLANET92 INSTRUMENT25 THERMOGRAPH2
     

time spent:    0.00 seconds instantiating 97929 easy, 0 hard action templates
               0.00 seconds reachability analysis, yielding 1518 facts and 97929 actions
               0.02 seconds creating final representation with 1518 relevant facts, 0 relevant fluents
               0.13 seconds computing LNF
               0.04 seconds building connectivity graph
               0.15 seconds searching, evaluating 21 states, to a max depth of 2
               0.34 seconds total time

