
ff: parsing domain file
domain 'SATELLITE' defined
 ... done.
ff: parsing problem file
problem 'STRIPS-SAT-X-1' defined
 ... done.


no metric specified. plan length assumed.

checking for cyclic := effects --- OK.

ff: search configuration is EHC, if that fails then  best-first on 1*g(s) + 5*h(s) where
    metric is  plan length

Cueing down from goal distance:   10 into depth [1]
                                   9            [1]
                                   8            [1]
                                   7            [1]
                                   6            [1]
                                   5            [1]
                                   4            [1]
                                   3            [1]
                                   2            [1]
                                   1            [1]
                                   0            

ff: found legal plan as follows

step    0: TURN_TO SATELLITE0 STAR53 STAR74
        1: SWITCH_ON INSTRUMENT1 SATELLITE0
        2: CALIBRATE SATELLITE0 INSTRUMENT1 STAR53
        3: TURN_TO SATELLITE0 STAR92 STAR53
        4: TURN_TO SATELLITE3 GROUNDSTATION35 STAR22
        5: TURN_TO SATELLITE4 STAR18 STAR30
        6: TURN_TO SATELLITE5 GROUNDSTATION38 GROUNDSTATION13
        7: TAKE_IMAGE SATELLITE0 STAR92 INSTRUMENT1 INFRARED3
        8: TURN_TO SATELLITE0 PHENOMENON93 STAR92
        9: TAKE_IMAGE SATELLITE0 PHENOMENON93 INSTRUMENT1 INFRARED2
     

time spent:    0.00 seconds instantiating 99457 easy, 0 hard action templates
               0.01 seconds reachability analysis, yielding 1538 facts and 99457 actions
               0.01 seconds creating final representation with 1538 relevant facts, 0 relevant fluents
               0.13 seconds computing LNF
               0.05 seconds building connectivity graph
               0.07 seconds searching, evaluating 17 states, to a max depth of 1
               0.27 seconds total time

