
ff: parsing domain file
domain 'SATELLITE' defined
 ... done.
ff: parsing problem file
problem 'STRIPS-SAT-X-1' defined
 ... done.


no metric specified. plan length assumed.

checking for cyclic := effects --- OK.

ff: search configuration is EHC, if that fails then  best-first on 1*g(s) + 5*h(s) where
    metric is  plan length

Cueing down from goal distance:   10 into depth [1]
                                   9            [1]
                                   8            [1]
                                   7            [1]
                                   6            [1]
                                   5            [1]
                                   4            [1]
                                   3            [1]
                                   2            [1]
                                   1            [1]
                                   0            

ff: found legal plan as follows

step    0: TURN_TO SATELLITE0 GROUNDSTATION12 STAR54
        1: SWITCH_ON INSTRUMENT1 SATELLITE0
        2: TURN_TO SATELLITE2 GROUNDSTATION68 GROUNDSTATION69
        3: CALIBRATE SATELLITE0 INSTRUMENT1 GROUNDSTATION12
        4: TURN_TO SATELLITE0 PLANET92 GROUNDSTATION12
        5: SWITCH_ON INSTRUMENT12 SATELLITE2
        6: CALIBRATE SATELLITE2 INSTRUMENT12 GROUNDSTATION68
        7: TURN_TO SATELLITE2 STAR93 GROUNDSTATION68
        8: TAKE_IMAGE SATELLITE0 PLANET92 INSTRUMENT1 IMAGE1
        9: TAKE_IMAGE SATELLITE2 STAR93 INSTRUMENT12 THERMOGRAPH3
     

time spent:    0.00 seconds instantiating 97201 easy, 0 hard action templates
               0.01 seconds reachability analysis, yielding 1524 facts and 97201 actions
               0.02 seconds creating final representation with 1524 relevant facts, 0 relevant fluents
               0.10 seconds computing LNF
               0.05 seconds building connectivity graph
               0.04 seconds searching, evaluating 12 states, to a max depth of 1
               0.22 seconds total time

