
ff: parsing domain file
domain 'SATELLITE' defined
 ... done.
ff: parsing problem file
problem 'STRIPS-SAT-X-1' defined
 ... done.


no metric specified. plan length assumed.

checking for cyclic := effects --- OK.

ff: search configuration is EHC, if that fails then  best-first on 1*g(s) + 5*h(s) where
    metric is  plan length

Cueing down from goal distance:   10 into depth [1]
                                   9            [1]
                                   8            [1]
                                   7            [1]
                                   6            [1]
                                   5            [1]
                                   4            [1]
                                   3            [1]
                                   2            [1]
                                   1            [1]
                                   0            

ff: found legal plan as follows

step    0: TURN_TO SATELLITE0 GROUNDSTATION18 STAR67
        1: SWITCH_ON INSTRUMENT2 SATELLITE0
        2: CALIBRATE SATELLITE0 INSTRUMENT2 GROUNDSTATION18
        3: TURN_TO SATELLITE0 STAR93 GROUNDSTATION18
        4: TURN_TO SATELLITE3 STAR67 GROUNDSTATION85
        5: TURN_TO SATELLITE5 STAR71 GROUNDSTATION69
        6: TURN_TO SATELLITE6 GROUNDSTATION70 GROUNDSTATION10
        7: TURN_TO SATELLITE8 STAR46 STAR72
        8: TURN_TO SATELLITE9 GROUNDSTATION48 STAR26
        9: TAKE_IMAGE SATELLITE0 STAR93 INSTRUMENT2 THERMOGRAPH3
     

time spent:    0.00 seconds instantiating 101005 easy, 0 hard action templates
               0.01 seconds reachability analysis, yielding 1540 facts and 101005 actions
               0.02 seconds creating final representation with 1540 relevant facts, 0 relevant fluents
               0.12 seconds computing LNF
               0.05 seconds building connectivity graph
               0.02 seconds searching, evaluating 11 states, to a max depth of 1
               0.22 seconds total time

