
ff: parsing domain file
domain 'SATELLITE' defined
 ... done.
ff: parsing problem file
problem 'STRIPS-SAT-X-1' defined
 ... done.


no metric specified. plan length assumed.

checking for cyclic := effects --- OK.

ff: search configuration is EHC, if that fails then  best-first on 1*g(s) + 5*h(s) where
    metric is  plan length

Cueing down from goal distance:   14 into depth [1]
                                  13            [1]
                                  12            [1]
                                   9            [1]
                                   8            [1]
                                   7            [1]
                                   6            [1]
                                   5            [1]
                                   4            [1]
                                   3            [1]
                                   2            [1]
                                   1            [1]
                                   0            

ff: found legal plan as follows

step    0: TURN_TO SATELLITE1 GROUNDSTATION78 STAR91
        1: TURN_TO SATELLITE0 STAR6 GROUNDSTATION33
        2: SWITCH_ON INSTRUMENT5 SATELLITE1
        3: CALIBRATE SATELLITE1 INSTRUMENT5 GROUNDSTATION78
        4: TURN_TO SATELLITE1 PHENOMENON115 GROUNDSTATION78
        5: TURN_TO SATELLITE0 STAR52 STAR6
        6: TURN_TO SATELLITE2 GROUNDSTATION90 STAR7
        7: TURN_TO SATELLITE7 STAR60 GROUNDSTATION102
        8: TURN_TO SATELLITE9 GROUNDSTATION26 STAR55
        9: TAKE_IMAGE SATELLITE1 PHENOMENON115 INSTRUMENT5 INFRARED3
       10: TURN_TO SATELLITE1 STAR116 PHENOMENON115
       11: TAKE_IMAGE SATELLITE1 STAR116 INSTRUMENT5 THERMOGRAPH4
     

time spent:    0.00 seconds instantiating 148285 easy, 0 hard action templates
               0.01 seconds reachability analysis, yielding 1857 facts and 148285 actions
               0.03 seconds creating final representation with 1857 relevant facts, 0 relevant fluents
               0.19 seconds computing LNF
               0.06 seconds building connectivity graph
               0.14 seconds searching, evaluating 19 states, to a max depth of 1
               0.43 seconds total time

