
ff: parsing domain file
domain 'SATELLITE' defined
 ... done.
ff: parsing problem file
problem 'STRIPS-SAT-X-1' defined
 ... done.


no metric specified. plan length assumed.

checking for cyclic := effects --- OK.

ff: search configuration is EHC, if that fails then  best-first on 1*g(s) + 5*h(s) where
    metric is  plan length

Cueing down from goal distance:   14 into depth [1]
                                  12            [1]
                                  11            [1]
                                  10            [1]
                                   9            [1]
                                   8            [1]
                                   7            [1]
                                   6            [1]
                                   5            [1]
                                   4            [1]
                                   3            [1]
                                   2            [1]
                                   1            [1]
                                   0            

ff: found legal plan as follows

step    0: SWITCH_ON INSTRUMENT3 SATELLITE0
        1: CALIBRATE SATELLITE0 INSTRUMENT3 STAR75
        2: TURN_TO SATELLITE0 PLANET116 STAR75
        3: SWITCH_ON INSTRUMENT13 SATELLITE3
        4: CALIBRATE SATELLITE3 INSTRUMENT13 GROUNDSTATION78
        5: TURN_TO SATELLITE3 STAR115 GROUNDSTATION78
        6: TURN_TO SATELLITE1 STAR98 STAR72
        7: TURN_TO SATELLITE4 GROUNDSTATION46 GROUNDSTATION42
        8: TURN_TO SATELLITE7 STAR28 GROUNDSTATION33
        9: TURN_TO SATELLITE9 STAR28 STAR73
       10: TAKE_IMAGE SATELLITE3 STAR115 INSTRUMENT13 THERMOGRAPH1
       11: TURN_TO SATELLITE3 STAR71 STAR115
       12: TAKE_IMAGE SATELLITE0 PLANET116 INSTRUMENT3 INFRARED2
     

time spent:    0.00 seconds instantiating 154184 easy, 0 hard action templates
               0.02 seconds reachability analysis, yielding 1887 facts and 154184 actions
               0.04 seconds creating final representation with 1887 relevant facts, 0 relevant fluents
               0.21 seconds computing LNF
               0.07 seconds building connectivity graph
               0.15 seconds searching, evaluating 21 states, to a max depth of 1
               0.49 seconds total time

