
ff: parsing domain file
domain 'SATELLITE' defined
 ... done.
ff: parsing problem file
problem 'STRIPS-SAT-X-1' defined
 ... done.


no metric specified. plan length assumed.

checking for cyclic := effects --- OK.

ff: search configuration is EHC, if that fails then  best-first on 1*g(s) + 5*h(s) where
    metric is  plan length

Cueing down from goal distance:   14 into depth [1]
                                  13            [1]
                                  12            [1]
                                  11            [1]
                                  10            [1]
                                   9            [1]
                                   8            [1]
                                   7            [1]
                                   6            [1]
                                   5            [1]
                                   4            [1]
                                   3            [1]
                                   2            [1]
                                   1            [1]
                                   0            

ff: found legal plan as follows

step    0: TURN_TO SATELLITE0 STAR20 STAR58
        1: SWITCH_ON INSTRUMENT0 SATELLITE0
        2: TURN_TO SATELLITE1 STAR71 STAR152
        3: CALIBRATE SATELLITE0 INSTRUMENT0 STAR20
        4: TURN_TO SATELLITE0 PLANET196 STAR20
        5: SWITCH_ON INSTRUMENT3 SATELLITE1
        6: CALIBRATE SATELLITE1 INSTRUMENT3 STAR71
        7: TURN_TO SATELLITE1 PHENOMENON197 STAR71
        8: TURN_TO SATELLITE2 STAR10 GROUNDSTATION27
        9: TURN_TO SATELLITE4 STAR77 GROUNDSTATION161
       10: TURN_TO SATELLITE6 GROUNDSTATION33 STAR110
       11: TAKE_IMAGE SATELLITE0 PLANET196 INSTRUMENT0 THERMOGRAPH4
       12: TURN_TO SATELLITE0 GROUNDSTATION46 PLANET196
       13: TAKE_IMAGE SATELLITE1 PHENOMENON197 INSTRUMENT3 INFRARED3
     

time spent:    0.01 seconds instantiating 421065 easy, 0 hard action templates
               0.03 seconds reachability analysis, yielding 3108 facts and 421065 actions
               0.07 seconds creating final representation with 3108 relevant facts, 0 relevant fluents
               0.49 seconds computing LNF
               0.18 seconds building connectivity graph
               0.44 seconds searching, evaluating 20 states, to a max depth of 1
               1.22 seconds total time

