
ff: parsing domain file
domain 'SATELLITE' defined
 ... done.
ff: parsing problem file
problem 'STRIPS-SAT-X-1' defined
 ... done.


no metric specified. plan length assumed.

checking for cyclic := effects --- OK.

ff: search configuration is EHC, if that fails then  best-first on 1*g(s) + 5*h(s) where
    metric is  plan length

Cueing down from goal distance:   10 into depth [1]
                                   8            [1]
                                   7            [1]
                                   6            [1]
                                   5            [1]
                                   4            [1]
                                   3            [1]
                                   2            [1]
                                   1            [1]
                                   0            

ff: found legal plan as follows

step    0: TURN_TO SATELLITE5 GROUNDSTATION41 STAR196
        1: SWITCH_ON INSTRUMENT1 SATELLITE0
        2: CALIBRATE SATELLITE0 INSTRUMENT1 GROUNDSTATION100
        3: TURN_TO SATELLITE0 STAR196 GROUNDSTATION100
        4: TURN_TO SATELLITE2 STAR111 GROUNDSTATION24
        5: TURN_TO SATELLITE6 STAR196 STAR63
        6: TAKE_IMAGE SATELLITE0 STAR196 INSTRUMENT1 INFRARED4
        7: TURN_TO SATELLITE0 STAR197 STAR196
        8: TAKE_IMAGE SATELLITE0 STAR197 INSTRUMENT1 INFRARED4
     

time spent:    0.01 seconds instantiating 417503 easy, 0 hard action templates
               0.04 seconds reachability analysis, yielding 3098 facts and 417503 actions
               0.08 seconds creating final representation with 3098 relevant facts, 0 relevant fluents
               0.49 seconds computing LNF
               0.17 seconds building connectivity graph
               0.41 seconds searching, evaluating 15 states, to a max depth of 1
               1.20 seconds total time

