
ff: parsing domain file
domain 'SATELLITE' defined
 ... done.
ff: parsing problem file
problem 'STRIPS-SAT-X-1' defined
 ... done.


no metric specified. plan length assumed.

checking for cyclic := effects --- OK.

ff: search configuration is EHC, if that fails then  best-first on 1*g(s) + 5*h(s) where
    metric is  plan length

Cueing down from goal distance:   11 into depth [1]
                                  10            [1]
                                   9            [1]
                                   8            [1]
                                   7            [1]
                                   6            [1]
                                   5            [1]
                                   4            [1]
                                   3            [1]
                                   2            [1]
                                   1            [1]
                                   0            

ff: found legal plan as follows

step    0: TURN_TO SATELLITE0 STAR81 STAR77
        1: SWITCH_ON INSTRUMENT0 SATELLITE0
        2: CALIBRATE SATELLITE0 INSTRUMENT0 STAR81
        3: TURN_TO SATELLITE0 STAR197 STAR81
        4: TURN_TO SATELLITE1 GROUNDSTATION39 GROUNDSTATION128
        5: TURN_TO SATELLITE3 GROUNDSTATION194 GROUNDSTATION36
        6: TURN_TO SATELLITE6 STAR37 GROUNDSTATION103
        7: TURN_TO SATELLITE7 STAR16 STAR153
        8: TAKE_IMAGE SATELLITE0 STAR197 INSTRUMENT0 INFRARED3
        9: TURN_TO SATELLITE0 PLANET196 STAR197
       10: TAKE_IMAGE SATELLITE0 PLANET196 INSTRUMENT0 INFRARED3
     

time spent:    0.01 seconds instantiating 413884 easy, 0 hard action templates
               0.04 seconds reachability analysis, yielding 3076 facts and 413884 actions
               0.06 seconds creating final representation with 3076 relevant facts, 0 relevant fluents
               0.49 seconds computing LNF
               0.16 seconds building connectivity graph
               0.45 seconds searching, evaluating 17 states, to a max depth of 1
               1.21 seconds total time

