
ff: parsing domain file
domain 'SATELLITE' defined
 ... done.
ff: parsing problem file
problem 'STRIPS-SAT-X-1' defined
 ... done.


no metric specified. plan length assumed.

checking for cyclic := effects --- OK.

ff: search configuration is EHC, if that fails then  best-first on 1*g(s) + 5*h(s) where
    metric is  plan length

Cueing down from goal distance:   12 into depth [1]
                                  11            [1]
                                  10            [1]
                                   9            [1]
                                   8            [1]
                                   7            [1]
                                   6            [1]
                                   5            [1]
                                   4            [1]
                                   3            [1]
                                   2            [1]
                                   1            [1]
                                   0            

ff: found legal plan as follows

step    0: SWITCH_ON INSTRUMENT0 SATELLITE0
        1: CALIBRATE SATELLITE0 INSTRUMENT0 STAR40
        2: TURN_TO SATELLITE0 STAR196 STAR40
        3: TURN_TO SATELLITE1 GROUNDSTATION107 GROUNDSTATION155
        4: TURN_TO SATELLITE3 STAR151 STAR1
        5: TURN_TO SATELLITE4 GROUNDSTATION90 GROUNDSTATION127
        6: TURN_TO SATELLITE6 GROUNDSTATION77 STAR167
        7: TURN_TO SATELLITE7 GROUNDSTATION107 STAR92
        8: TURN_TO SATELLITE9 GROUNDSTATION93 GROUNDSTATION140
        9: TAKE_IMAGE SATELLITE0 STAR196 INSTRUMENT0 THERMOGRAPH4
       10: TURN_TO SATELLITE0 PHENOMENON197 STAR196
       11: TAKE_IMAGE SATELLITE0 PHENOMENON197 INSTRUMENT0 IMAGE0
     

time spent:    0.01 seconds instantiating 411196 easy, 0 hard action templates
               0.04 seconds reachability analysis, yielding 3076 facts and 411196 actions
               0.06 seconds creating final representation with 3076 relevant facts, 0 relevant fluents
               0.48 seconds computing LNF
               0.17 seconds building connectivity graph
               0.59 seconds searching, evaluating 22 states, to a max depth of 1
               1.35 seconds total time

