
ff: parsing domain file
domain 'SATELLITE' defined
 ... done.
ff: parsing problem file
problem 'STRIPS-SAT-X-1' defined
 ... done.


no metric specified. plan length assumed.

checking for cyclic := effects --- OK.

ff: search configuration is EHC, if that fails then  best-first on 1*g(s) + 5*h(s) where
    metric is  plan length

Cueing down from goal distance:    8 into depth [1]
                                   7            [1]
                                   6            [1]
                                   5            [1]
                                   4            [1]
                                   3            [1]
                                   2            [1]
                                   1            [1]
                                   0            

ff: found legal plan as follows

step    0: TURN_TO SATELLITE0 STAR8 STAR12
        1: SWITCH_ON INSTRUMENT0 SATELLITE0
        2: CALIBRATE SATELLITE0 INSTRUMENT0 STAR8
        3: TURN_TO SATELLITE0 PLANET25 STAR8
        4: TURN_TO SATELLITE3 STAR8 GROUNDSTATION20
        5: TURN_TO SATELLITE4 GROUNDSTATION22 GROUNDSTATION4
        6: TAKE_IMAGE SATELLITE0 PLANET25 INSTRUMENT0 IMAGE4
        7: TURN_TO SATELLITE0 GROUNDSTATION2 PLANET25
     

time spent:    0.00 seconds instantiating 10969 easy, 0 hard action templates
               0.00 seconds reachability analysis, yielding 543 facts and 10969 actions
               0.00 seconds creating final representation with 543 relevant facts, 0 relevant fluents
               0.01 seconds computing LNF
               0.00 seconds building connectivity graph
               0.00 seconds searching, evaluating 12 states, to a max depth of 1
               0.01 seconds total time

