
ff: parsing domain file
domain 'SATELLITE' defined
 ... done.
ff: parsing problem file
problem 'STRIPS-SAT-X-1' defined
 ... done.


no metric specified. plan length assumed.

checking for cyclic := effects --- OK.

ff: search configuration is EHC, if that fails then  best-first on 1*g(s) + 5*h(s) where
    metric is  plan length

Cueing down from goal distance:   12 into depth [1]
                                  11            [1]
                                   8            [1]
                                   7            [1]
                                   6            [1]
                                   5            [1]
                                   4            [1]
                                   3            [1]
                                   2            [1]
                                   1            [1]
                                   0            

ff: found legal plan as follows

step    0: TURN_TO SATELLITE0 STAR16 STAR11
        1: SWITCH_ON INSTRUMENT2 SATELLITE0
        2: CALIBRATE SATELLITE0 INSTRUMENT2 STAR16
        3: TURN_TO SATELLITE0 PLANET26 STAR16
        4: TURN_TO SATELLITE5 GROUNDSTATION5 STAR7
        5: TURN_TO SATELLITE7 STAR16 GROUNDSTATION22
        6: TURN_TO SATELLITE8 GROUNDSTATION0 STAR10
        7: TAKE_IMAGE SATELLITE0 PLANET26 INSTRUMENT2 THERMOGRAPH0
        8: TURN_TO SATELLITE0 PLANET25 PLANET26
        9: TAKE_IMAGE SATELLITE0 PLANET25 INSTRUMENT2 INFRARED4
     

time spent:    0.00 seconds instantiating 10598 easy, 0 hard action templates
               0.00 seconds reachability analysis, yielding 525 facts and 10598 actions
               0.00 seconds creating final representation with 525 relevant facts, 0 relevant fluents
               0.01 seconds computing LNF
               0.00 seconds building connectivity graph
               0.01 seconds searching, evaluating 15 states, to a max depth of 1
               0.02 seconds total time

