
ff: parsing domain file
domain 'SATELLITE' defined
 ... done.
ff: parsing problem file
problem 'STRIPS-SAT-X-1' defined
 ... done.


no metric specified. plan length assumed.

checking for cyclic := effects --- OK.

ff: search configuration is EHC, if that fails then  best-first on 1*g(s) + 5*h(s) where
    metric is  plan length

Cueing down from goal distance:   11 into depth [1]
                                  10            [1]
                                   9            [1][2]
                                   8            [1]
                                   7            [1]
                                   6            [1]
                                   5            [1]
                                   4            [1][2]
                                   3            [1]
                                   2            [1]
                                   1            [1]
                                   0            

ff: found legal plan as follows

step    0: TURN_TO SATELLITE0 GROUNDSTATION0 STAR18
        1: TURN_TO SATELLITE1 STAR22 GROUNDSTATION0
        2: SWITCH_ON INSTRUMENT0 SATELLITE0
        3: CALIBRATE SATELLITE0 INSTRUMENT0 GROUNDSTATION0
        4: TURN_TO SATELLITE0 STAR25 GROUNDSTATION0
        5: SWITCH_ON INSTRUMENT6 SATELLITE1
        6: TAKE_IMAGE SATELLITE0 STAR25 INSTRUMENT0 INFRARED4
        7: TURN_TO SATELLITE0 STAR11 STAR25
        8: TURN_TO SATELLITE1 STAR7 STAR22
        9: CALIBRATE SATELLITE1 INSTRUMENT6 STAR7
       10: TURN_TO SATELLITE1 STAR26 STAR7
       11: TAKE_IMAGE SATELLITE1 STAR26 INSTRUMENT6 IMAGE0
       12: TURN_TO SATELLITE1 STAR22 STAR26
     

time spent:    0.00 seconds instantiating 10064 easy, 0 hard action templates
               0.00 seconds reachability analysis, yielding 507 facts and 10064 actions
               0.00 seconds creating final representation with 507 relevant facts, 0 relevant fluents
               0.01 seconds computing LNF
               0.00 seconds building connectivity graph
               0.01 seconds searching, evaluating 33 states, to a max depth of 2
               0.02 seconds total time

