
ff: parsing domain file
domain 'SATELLITE' defined
 ... done.
ff: parsing problem file
problem 'STRIPS-SAT-X-1' defined
 ... done.


no metric specified. plan length assumed.

checking for cyclic := effects --- OK.

ff: search configuration is EHC, if that fails then  best-first on 1*g(s) + 5*h(s) where
    metric is  plan length

Cueing down from goal distance:   11 into depth [1]
                                  10            [1]
                                   8            [1]
                                   7            [1]
                                   6            [1]
                                   5            [1]
                                   4            [1]
                                   3            [1]
                                   2            [1]
                                   1            [1]
                                   0            

ff: found legal plan as follows

step    0: TURN_TO SATELLITE0 GROUNDSTATION10 GROUNDSTATION1
        1: TURN_TO SATELLITE1 STAR22 PLANET26
        2: SWITCH_ON INSTRUMENT0 SATELLITE0
        3: CALIBRATE SATELLITE0 INSTRUMENT0 GROUNDSTATION10
        4: TURN_TO SATELLITE0 PHENOMENON25 GROUNDSTATION10
        5: TURN_TO SATELLITE7 STAR5 GROUNDSTATION12
        6: TURN_TO SATELLITE9 PLANET26 STAR8
        7: TAKE_IMAGE SATELLITE0 PHENOMENON25 INSTRUMENT0 SPECTROGRAPH1
        8: TURN_TO SATELLITE0 PLANET26 PHENOMENON25
        9: TAKE_IMAGE SATELLITE0 PLANET26 INSTRUMENT0 SPECTROGRAPH2
     

time spent:    0.00 seconds instantiating 10791 easy, 0 hard action templates
               0.00 seconds reachability analysis, yielding 531 facts and 10791 actions
               0.00 seconds creating final representation with 531 relevant facts, 0 relevant fluents
               0.01 seconds computing LNF
               0.00 seconds building connectivity graph
               0.00 seconds searching, evaluating 16 states, to a max depth of 1
               0.01 seconds total time

