
ff: parsing domain file
domain 'SATELLITE' defined
 ... done.
ff: parsing problem file
problem 'STRIPS-SAT-X-1' defined
 ... done.


no metric specified. plan length assumed.

checking for cyclic := effects --- OK.

ff: search configuration is EHC, if that fails then  best-first on 1*g(s) + 5*h(s) where
    metric is  plan length

Cueing down from goal distance:   15 into depth [1]
                                  14            [1]
                                  12            [1]
                                  11            [1]
                                  10            [1]
                                   9            [1]
                                   8            [1]
                                   7            [1]
                                   6            [1]
                                   5            [1]
                                   4            [1]
                                   3            [1]
                                   2            [1]
                                   1            [1]
                                   0            

ff: found legal plan as follows

step    0: TURN_TO SATELLITE0 GROUNDSTATION0 GROUNDSTATION4
        1: TURN_TO SATELLITE6 STAR31 PLANET43
        2: SWITCH_ON INSTRUMENT0 SATELLITE0
        3: CALIBRATE SATELLITE0 INSTRUMENT0 GROUNDSTATION0
        4: TURN_TO SATELLITE0 PHENOMENON42 GROUNDSTATION0
        5: TURN_TO SATELLITE3 GROUNDSTATION10 STAR41
        6: TURN_TO SATELLITE5 GROUNDSTATION26 STAR30
        7: TURN_TO SATELLITE6 GROUNDSTATION23 STAR31
        8: TURN_TO SATELLITE8 STAR25 STAR9
        9: TURN_TO SATELLITE9 STAR27 STAR12
       10: TAKE_IMAGE SATELLITE0 PHENOMENON42 INSTRUMENT0 SPECTROGRAPH2
       11: TURN_TO SATELLITE0 PLANET43 PHENOMENON42
       12: TAKE_IMAGE SATELLITE0 PLANET43 INSTRUMENT0 SPECTROGRAPH1
       13: TURN_TO SATELLITE0 GROUNDSTATION3 PLANET43
     

time spent:    0.00 seconds instantiating 25264 easy, 0 hard action templates
               0.00 seconds reachability analysis, yielding 798 facts and 25264 actions
               0.00 seconds creating final representation with 798 relevant facts, 0 relevant fluents
               0.03 seconds computing LNF
               0.01 seconds building connectivity graph
               0.02 seconds searching, evaluating 30 states, to a max depth of 1
               0.06 seconds total time

