
ff: parsing domain file
domain 'SATELLITE' defined
 ... done.
ff: parsing problem file
problem 'STRIPS-SAT-X-1' defined
 ... done.


no metric specified. plan length assumed.

checking for cyclic := effects --- OK.

ff: search configuration is EHC, if that fails then  best-first on 1*g(s) + 5*h(s) where
    metric is  plan length

Cueing down from goal distance:   14 into depth [1]
                                  13            [1]
                                  12            [1]
                                  11            [1]
                                  10            [1]
                                   9            [1]
                                   8            [1]
                                   7            [1]
                                   6            [1]
                                   5            [1]
                                   4            [1]
                                   3            [1]
                                   2            [1]
                                   1            [1]
                                   0            

ff: found legal plan as follows

step    0: TURN_TO SATELLITE0 STAR16 STAR21
        1: SWITCH_ON INSTRUMENT0 SATELLITE0
        2: TURN_TO SATELLITE1 GROUNDSTATION14 STAR11
        3: CALIBRATE SATELLITE0 INSTRUMENT0 STAR16
        4: TURN_TO SATELLITE0 PHENOMENON42 STAR16
        5: SWITCH_ON INSTRUMENT11 SATELLITE1
        6: CALIBRATE SATELLITE1 INSTRUMENT11 GROUNDSTATION14
        7: TURN_TO SATELLITE1 STAR43 GROUNDSTATION14
        8: TURN_TO SATELLITE3 STAR30 GROUNDSTATION32
        9: TURN_TO SATELLITE5 GROUNDSTATION39 STAR16
       10: TURN_TO SATELLITE6 GROUNDSTATION33 STAR11
       11: TURN_TO SATELLITE9 STAR41 STAR31
       12: TAKE_IMAGE SATELLITE0 PHENOMENON42 INSTRUMENT0 SPECTROGRAPH0
       13: TAKE_IMAGE SATELLITE1 STAR43 INSTRUMENT11 THERMOGRAPH1
     

time spent:    0.00 seconds instantiating 24689 easy, 0 hard action templates
               0.00 seconds reachability analysis, yielding 778 facts and 24689 actions
               0.00 seconds creating final representation with 778 relevant facts, 0 relevant fluents
               0.03 seconds computing LNF
               0.01 seconds building connectivity graph
               0.01 seconds searching, evaluating 16 states, to a max depth of 1
               0.05 seconds total time

