
ff: parsing domain file
domain 'SATELLITE' defined
 ... done.
ff: parsing problem file
problem 'STRIPS-SAT-X-1' defined
 ... done.


no metric specified. plan length assumed.

checking for cyclic := effects --- OK.

ff: search configuration is EHC, if that fails then  best-first on 1*g(s) + 5*h(s) where
    metric is  plan length

Cueing down from goal distance:    7 into depth [1]
                                   6            [1]
                                   5            [1]
                                   4            [1]
                                   3            [1]
                                   2            [1]
                                   1            [1]
                                   0            

ff: found legal plan as follows

step    0: TURN_TO SATELLITE1 GROUNDSTATION31 STAR14
        1: SWITCH_ON INSTRUMENT1 SATELLITE1
        2: CALIBRATE SATELLITE1 INSTRUMENT1 GROUNDSTATION31
        3: TURN_TO SATELLITE1 PHENOMENON43 GROUNDSTATION31
        4: TURN_TO SATELLITE2 GROUNDSTATION34 STAR41
        5: TURN_TO SATELLITE3 PLANET42 GROUNDSTATION16
        6: TAKE_IMAGE SATELLITE1 PHENOMENON43 INSTRUMENT1 THERMOGRAPH3
     

time spent:    0.00 seconds instantiating 23340 easy, 0 hard action templates
               0.00 seconds reachability analysis, yielding 746 facts and 23340 actions
               0.00 seconds creating final representation with 746 relevant facts, 0 relevant fluents
               0.03 seconds computing LNF
               0.01 seconds building connectivity graph
               0.00 seconds searching, evaluating 8 states, to a max depth of 1
               0.04 seconds total time

