
ff: parsing domain file
domain 'SATELLITE' defined
 ... done.
ff: parsing problem file
problem 'STRIPS-SAT-X-1' defined
 ... done.


no metric specified. plan length assumed.

checking for cyclic := effects --- OK.

ff: search configuration is EHC, if that fails then  best-first on 1*g(s) + 5*h(s) where
    metric is  plan length

Cueing down from goal distance:   10 into depth [1]
                                   9            [1]
                                   8            [1]
                                   7            [1]
                                   6            [1]
                                   5            [1]
                                   4            [1]
                                   3            [1]
                                   2            [1]
                                   1            [1]
                                   0            

ff: found legal plan as follows

step    0: TURN_TO SATELLITE0 GROUNDSTATION22 STAR10
        1: SWITCH_ON INSTRUMENT1 SATELLITE0
        2: CALIBRATE SATELLITE0 INSTRUMENT1 GROUNDSTATION22
        3: TURN_TO SATELLITE0 PHENOMENON43 GROUNDSTATION22
        4: TURN_TO SATELLITE1 STAR1 GROUNDSTATION27
        5: TURN_TO SATELLITE4 STAR13 GROUNDSTATION16
        6: TURN_TO SATELLITE6 GROUNDSTATION36 GROUNDSTATION27
        7: TURN_TO SATELLITE8 STAR8 STAR30
        8: TURN_TO SATELLITE9 STAR0 STAR8
        9: TAKE_IMAGE SATELLITE0 PHENOMENON43 INSTRUMENT1 INFRARED3
     

time spent:    0.00 seconds instantiating 24367 easy, 0 hard action templates
               0.00 seconds reachability analysis, yielding 770 facts and 24367 actions
               0.00 seconds creating final representation with 770 relevant facts, 0 relevant fluents
               0.03 seconds computing LNF
               0.01 seconds building connectivity graph
               0.00 seconds searching, evaluating 11 states, to a max depth of 1
               0.04 seconds total time

