
ff: parsing domain file
domain 'SATELLITE' defined
 ... done.
ff: parsing problem file
problem 'STRIPS-SAT-X-1' defined
 ... done.


no metric specified. plan length assumed.

checking for cyclic := effects --- OK.

ff: search configuration is EHC, if that fails then  best-first on 1*g(s) + 5*h(s) where
    metric is  plan length

Cueing down from goal distance:   12 into depth [1]
                                  11            [1]
                                  10            [1]
                                   9            [1]
                                   8            [1]
                                   7            [1]
                                   6            [1]
                                   5            [1]
                                   4            [1]
                                   3            [1]
                                   2            [1]
                                   1            [1]
                                   0            

ff: found legal plan as follows

step    0: TURN_TO SATELLITE0 STAR12 STAR38
        1: SWITCH_ON INSTRUMENT0 SATELLITE0
        2: CALIBRATE SATELLITE0 INSTRUMENT0 STAR12
        3: TURN_TO SATELLITE0 STAR42 STAR12
        4: TURN_TO SATELLITE2 STAR5 GROUNDSTATION24
        5: TURN_TO SATELLITE5 GROUNDSTATION32 STAR5
        6: TURN_TO SATELLITE6 STAR10 STAR21
        7: TURN_TO SATELLITE8 STAR36 GROUNDSTATION1
        8: TAKE_IMAGE SATELLITE0 STAR42 INSTRUMENT0 THERMOGRAPH4
        9: TURN_TO SATELLITE0 PLANET43 STAR42
       10: TAKE_IMAGE SATELLITE0 PLANET43 INSTRUMENT0 THERMOGRAPH4
       11: TURN_TO SATELLITE0 STAR30 PLANET43
     

time spent:    0.00 seconds instantiating 23629 easy, 0 hard action templates
               0.00 seconds reachability analysis, yielding 756 facts and 23629 actions
               0.00 seconds creating final representation with 756 relevant facts, 0 relevant fluents
               0.02 seconds computing LNF
               0.01 seconds building connectivity graph
               0.01 seconds searching, evaluating 26 states, to a max depth of 1
               0.04 seconds total time

