
ff: parsing domain file
domain 'SATELLITE' defined
 ... done.
ff: parsing problem file
problem 'STRIPS-SAT-X-1' defined
 ... done.


no metric specified. plan length assumed.

checking for cyclic := effects --- OK.

ff: search configuration is EHC, if that fails then  best-first on 1*g(s) + 5*h(s) where
    metric is  plan length

Cueing down from goal distance:   12 into depth [1]
                                  11            [1]
                                  10            [1]
                                   9            [1]
                                   8            [1]
                                   7            [1]
                                   6            [1]
                                   5            [1]
                                   4            [1]
                                   3            [1]
                                   2            [1]
                                   1            [1]
                                   0            

ff: found legal plan as follows

step    0: TURN_TO SATELLITE0 STAR14 STAR12
        1: SWITCH_ON INSTRUMENT1 SATELLITE0
        2: CALIBRATE SATELLITE0 INSTRUMENT1 STAR14
        3: TURN_TO SATELLITE0 STAR32 STAR14
        4: TURN_TO SATELLITE2 STAR33 GROUNDSTATION22
        5: TURN_TO SATELLITE3 GROUNDSTATION16 STAR2
        6: TURN_TO SATELLITE6 STAR19 STAR31
        7: TURN_TO SATELLITE7 STAR28 GROUNDSTATION0
        8: TURN_TO SATELLITE8 STAR8 STAR2
        9: TAKE_IMAGE SATELLITE0 STAR32 INSTRUMENT1 SPECTROGRAPH0
       10: TURN_TO SATELLITE0 STAR33 STAR32
       11: TAKE_IMAGE SATELLITE0 STAR33 INSTRUMENT1 SPECTROGRAPH0
     

time spent:    0.00 seconds instantiating 15776 easy, 0 hard action templates
               0.00 seconds reachability analysis, yielding 628 facts and 15776 actions
               0.00 seconds creating final representation with 628 relevant facts, 0 relevant fluents
               0.02 seconds computing LNF
               0.00 seconds building connectivity graph
               0.01 seconds searching, evaluating 21 states, to a max depth of 1
               0.03 seconds total time

