
ff: parsing domain file
domain 'SATELLITE' defined
 ... done.
ff: parsing problem file
problem 'STRIPS-SAT-X-1' defined
 ... done.


no metric specified. plan length assumed.

checking for cyclic := effects --- OK.

ff: search configuration is EHC, if that fails then  best-first on 1*g(s) + 5*h(s) where
    metric is  plan length

Cueing down from goal distance:   13 into depth [1]
                                  11            [1]
                                  10            [1]
                                   9            [1]
                                   8            [1]
                                   7            [1]
                                   6            [1]
                                   5            [1]
                                   4            [1]
                                   3            [1]
                                   2            [1]
                                   1            [1]
                                   0            

ff: found legal plan as follows

step    0: TURN_TO SATELLITE2 STAR13 STAR32
        1: TURN_TO SATELLITE0 STAR3 GROUNDSTATION31
        2: SWITCH_ON INSTRUMENT1 SATELLITE0
        3: CALIBRATE SATELLITE0 INSTRUMENT1 STAR3
        4: TURN_TO SATELLITE0 STAR32 STAR3
        5: TURN_TO SATELLITE1 GROUNDSTATION14 GROUNDSTATION20
        6: TURN_TO SATELLITE5 STAR0 GROUNDSTATION4
        7: TURN_TO SATELLITE6 GROUNDSTATION28 GROUNDSTATION5
        8: TURN_TO SATELLITE7 GROUNDSTATION5 GROUNDSTATION31
        9: TAKE_IMAGE SATELLITE0 STAR32 INSTRUMENT1 IMAGE2
       10: TURN_TO SATELLITE0 PHENOMENON33 STAR32
       11: TAKE_IMAGE SATELLITE0 PHENOMENON33 INSTRUMENT1 IMAGE2
     

time spent:    0.00 seconds instantiating 16305 easy, 0 hard action templates
               0.00 seconds reachability analysis, yielding 640 facts and 16305 actions
               0.00 seconds creating final representation with 640 relevant facts, 0 relevant fluents
               0.01 seconds computing LNF
               0.01 seconds building connectivity graph
               0.01 seconds searching, evaluating 20 states, to a max depth of 1
               0.03 seconds total time

