
ff: parsing domain file
domain 'SATELLITE' defined
 ... done.
ff: parsing problem file
problem 'STRIPS-SAT-X-1' defined
 ... done.


no metric specified. plan length assumed.

checking for cyclic := effects --- OK.

ff: search configuration is EHC, if that fails then  best-first on 1*g(s) + 5*h(s) where
    metric is  plan length

Cueing down from goal distance:   11 into depth [1]
                                   9            [1]
                                   8            [1]
                                   7            [1]
                                   6            [1]
                                   5            [1]
                                   4            [1]
                                   3            [1]
                                   2            [1]
                                   1            [1]
                                   0            

ff: found legal plan as follows

step    0: TURN_TO SATELLITE1 GROUNDSTATION15 PHENOMENON32
        1: SWITCH_ON INSTRUMENT0 SATELLITE0
        2: CALIBRATE SATELLITE0 INSTRUMENT0 STAR20
        3: TURN_TO SATELLITE0 PHENOMENON32 STAR20
        4: TURN_TO SATELLITE3 GROUNDSTATION13 GROUNDSTATION29
        5: TURN_TO SATELLITE4 GROUNDSTATION31 STAR6
        6: TAKE_IMAGE SATELLITE0 PHENOMENON32 INSTRUMENT0 INFRARED3
        7: TURN_TO SATELLITE0 STAR33 PHENOMENON32
        8: TAKE_IMAGE SATELLITE0 STAR33 INSTRUMENT0 SPECTROGRAPH0
        9: TURN_TO SATELLITE0 STAR3 STAR33
     

time spent:    0.00 seconds instantiating 15928 easy, 0 hard action templates
               0.00 seconds reachability analysis, yielding 636 facts and 15928 actions
               0.00 seconds creating final representation with 636 relevant facts, 0 relevant fluents
               0.02 seconds computing LNF
               0.00 seconds building connectivity graph
               0.01 seconds searching, evaluating 20 states, to a max depth of 1
               0.03 seconds total time

