
ff: parsing domain file
domain 'SATELLITE' defined
 ... done.
ff: parsing problem file
problem 'STRIPS-SAT-X-1' defined
 ... done.


no metric specified. plan length assumed.

checking for cyclic := effects --- OK.

ff: search configuration is EHC, if that fails then  best-first on 1*g(s) + 5*h(s) where
    metric is  plan length

Cueing down from goal distance:   16 into depth [1]
                                  15            [1]
                                  14            [1]
                                  13            [1]
                                  12            [1]
                                  11            [1]
                                  10            [1]
                                   9            [1]
                                   8            [1]
                                   7            [1]
                                   6            [1]
                                   5            [1]
                                   4            [1]
                                   3            [1]
                                   2            [1]
                                   1            [1]
                                   0            

ff: found legal plan as follows

step    0: TURN_TO SATELLITE1 STAR14 STAR15
        1: SWITCH_ON INSTRUMENT1 SATELLITE1
        2: TURN_TO SATELLITE2 STAR8 STAR30
        3: CALIBRATE SATELLITE1 INSTRUMENT1 STAR14
        4: TURN_TO SATELLITE1 STAR32 STAR14
        5: SWITCH_ON INSTRUMENT11 SATELLITE2
        6: CALIBRATE SATELLITE2 INSTRUMENT11 STAR8
        7: TURN_TO SATELLITE2 PLANET33 STAR8
        8: TURN_TO SATELLITE0 STAR8 GROUNDSTATION29
        9: TURN_TO SATELLITE4 STAR8 STAR9
       10: TURN_TO SATELLITE5 GROUNDSTATION24 GROUNDSTATION20
       11: TURN_TO SATELLITE6 STAR27 GROUNDSTATION5
       12: TURN_TO SATELLITE8 STAR11 GROUNDSTATION2
       13: TURN_TO SATELLITE9 GROUNDSTATION26 GROUNDSTATION17
       14: TAKE_IMAGE SATELLITE1 STAR32 INSTRUMENT1 INFRARED2
       15: TAKE_IMAGE SATELLITE2 PLANET33 INSTRUMENT11 INFRARED4
     

time spent:    0.00 seconds instantiating 15581 easy, 0 hard action templates
               0.00 seconds reachability analysis, yielding 622 facts and 15581 actions
               0.00 seconds creating final representation with 622 relevant facts, 0 relevant fluents
               0.02 seconds computing LNF
               0.00 seconds building connectivity graph
               0.01 seconds searching, evaluating 18 states, to a max depth of 1
               0.03 seconds total time

