
ff: parsing domain file
domain 'SATELLITE' defined
 ... done.
ff: parsing problem file
problem 'STRIPS-SAT-X-1' defined
 ... done.


no metric specified. plan length assumed.

checking for cyclic := effects --- OK.

ff: search configuration is EHC, if that fails then  best-first on 1*g(s) + 5*h(s) where
    metric is  plan length

Cueing down from goal distance:   18 into depth [1]
                                  17            [1]
                                  16            [1]
                                  15            [1]
                                  14            [1]
                                  13            [1]
                                  12            [1]
                                  11            [1]
                                  10            [1]
                                   9            [1]
                                   8            [1]
                                   7            [1]
                                   6            [1]
                                   5            [1]
                                   4            [1]
                                   3            [1]
                                   2            [1]
                                   1            [1]
                                   0            

ff: found legal plan as follows

step    0: TURN_TO SATELLITE1 STAR11 STAR18
        1: TURN_TO SATELLITE0 STAR7 GROUNDSTATION27
        2: SWITCH_ON INSTRUMENT4 SATELLITE1
        3: CALIBRATE SATELLITE1 INSTRUMENT4 STAR11
        4: TURN_TO SATELLITE1 PLANET32 STAR11
        5: SWITCH_ON INSTRUMENT1 SATELLITE0
        6: CALIBRATE SATELLITE0 INSTRUMENT1 STAR7
        7: TURN_TO SATELLITE0 PLANET33 STAR7
        8: TURN_TO SATELLITE2 STAR9 GROUNDSTATION27
        9: TURN_TO SATELLITE3 STAR18 GROUNDSTATION19
       10: TURN_TO SATELLITE4 STAR30 STAR24
       11: TURN_TO SATELLITE7 GROUNDSTATION8 GROUNDSTATION17
       12: TURN_TO SATELLITE8 GROUNDSTATION29 STAR21
       13: TURN_TO SATELLITE9 STAR9 GROUNDSTATION22
       14: TAKE_IMAGE SATELLITE1 PLANET32 INSTRUMENT4 THERMOGRAPH1
       15: TURN_TO SATELLITE1 STAR7 PLANET32
       16: TAKE_IMAGE SATELLITE0 PLANET33 INSTRUMENT1 INFRARED2
       17: TURN_TO SATELLITE0 STAR16 PLANET33
     

time spent:    0.00 seconds instantiating 16413 easy, 0 hard action templates
               0.00 seconds reachability analysis, yielding 642 facts and 16413 actions
               0.00 seconds creating final representation with 642 relevant facts, 0 relevant fluents
               0.02 seconds computing LNF
               0.00 seconds building connectivity graph
               0.01 seconds searching, evaluating 35 states, to a max depth of 1
               0.03 seconds total time

