
ff: parsing domain file
domain 'BLOCKS' defined
 ... done.
ff: parsing problem file
problem 'PB6' defined
 ... done.


no metric specified. plan length assumed.

checking for cyclic := effects --- OK.

ff: search configuration is EHC, if that fails then  best-first on 1*g(s) + 5*h(s) where
    metric is  plan length

Cueing down from goal distance:   15 into depth [1]
                                  14            [1]
                                  13            [1][2][3][4][5]
                                  12            [1][2]
                                  11            [1][2][3][4][5][6]
                                  10            [1][2][3][4][5][6][7][8][9][10]
                                   9            [1][2]
                                   8            [1][2][3]
                                   7            [1][2][3][4][5][6][7][8][9][10][11][12][13][14][15][16]
                                   6            [1]
                                   5            [1]
                                   4            [1]
                                   3            [1]
                                   2            [1]
                                   1            [1]
                                   0            

ff: found legal plan as follows

step    0: UNSTACK BLOCK7 BLOCK1
        1: PUT-DOWN BLOCK7
        2: UNSTACK BLOCK3 BLOCK5
        3: STACK BLOCK3 BLOCK7
        4: UNSTACK BLOCK5 BLOCK8
        5: STACK BLOCK5 BLOCK3
        6: UNSTACK BLOCK8 BLOCK4
        7: STACK BLOCK8 BLOCK1
        8: PICK-UP BLOCK4
        9: STACK BLOCK4 BLOCK8
       10: UNSTACK BLOCK5 BLOCK3
       11: PUT-DOWN BLOCK5
       12: UNSTACK BLOCK4 BLOCK8
       13: STACK BLOCK4 BLOCK5
       14: UNSTACK BLOCK3 BLOCK7
       15: PUT-DOWN BLOCK3
       16: UNSTACK BLOCK8 BLOCK1
       17: STACK BLOCK8 BLOCK3
       18: UNSTACK BLOCK1 BLOCK2
       19: STACK BLOCK1 BLOCK8
       20: UNSTACK BLOCK2 BLOCK6
       21: STACK BLOCK2 BLOCK4
       22: PICK-UP BLOCK6
       23: STACK BLOCK6 BLOCK7
       24: UNSTACK BLOCK2 BLOCK4
       25: STACK BLOCK2 BLOCK1
       26: UNSTACK BLOCK4 BLOCK5
       27: STACK BLOCK4 BLOCK2
       28: PICK-UP BLOCK5
       29: STACK BLOCK5 BLOCK6
       30: UNSTACK BLOCK4 BLOCK2
       31: STACK BLOCK4 BLOCK5
       32: UNSTACK BLOCK2 BLOCK1
       33: STACK BLOCK2 BLOCK4
       34: UNSTACK BLOCK1 BLOCK8
       35: STACK BLOCK1 BLOCK2
       36: UNSTACK BLOCK8 BLOCK3
       37: STACK BLOCK8 BLOCK1
       38: PICK-UP BLOCK3
       39: STACK BLOCK3 BLOCK8
     

time spent:    0.00 seconds instantiating 144 easy, 0 hard action templates
               0.00 seconds reachability analysis, yielding 89 facts and 144 actions
               0.00 seconds creating final representation with 89 relevant facts, 0 relevant fluents
               0.00 seconds computing LNF
               0.00 seconds building connectivity graph
               0.10 seconds searching, evaluating 21307 states, to a max depth of 16
               0.10 seconds total time

