
ff: parsing domain file
domain 'BLOCKS' defined
 ... done.
ff: parsing problem file
problem 'PB7' defined
 ... done.


no metric specified. plan length assumed.

checking for cyclic := effects --- OK.

ff: search configuration is EHC, if that fails then  best-first on 1*g(s) + 5*h(s) where
    metric is  plan length

Cueing down from goal distance:   14 into depth [1][2]
                                  12            [1]
                                  11            [1]
                                  10            [1]
                                   9            [1]
                                   8            [1]
                                   7            [1]
                                   6            [1]
                                   5            [1]
                                   4            [1]
                                   3            [1]
                                   2            [1]
                                   1            [1]
                                   0            

ff: found legal plan as follows

step    0: UNSTACK BLOCK6 BLOCK2
        1: PUT-DOWN BLOCK6
        2: UNSTACK BLOCK2 BLOCK5
        3: PUT-DOWN BLOCK2
        4: UNSTACK BLOCK5 BLOCK8
        5: PUT-DOWN BLOCK5
        6: UNSTACK BLOCK8 BLOCK7
        7: STACK BLOCK8 BLOCK2
        8: PICK-UP BLOCK7
        9: STACK BLOCK7 BLOCK8
       10: UNSTACK BLOCK3 BLOCK4
       11: STACK BLOCK3 BLOCK7
       12: UNSTACK BLOCK4 BLOCK1
       13: STACK BLOCK4 BLOCK5
     

time spent:    0.00 seconds instantiating 144 easy, 0 hard action templates
               0.00 seconds reachability analysis, yielding 89 facts and 144 actions
               0.00 seconds creating final representation with 89 relevant facts, 0 relevant fluents
               0.00 seconds computing LNF
               0.00 seconds building connectivity graph
               0.00 seconds searching, evaluating 30 states, to a max depth of 2
               0.00 seconds total time

