
ff: parsing domain file
domain 'SATELLITE' defined
 ... done.
ff: parsing problem file
problem 'STRIPS-SAT-X-1' defined
 ... done.


no metric specified. plan length assumed.

checking for cyclic := effects --- OK.

ff: search configuration is EHC, if that fails then  best-first on 1*g(s) + 5*h(s) where
    metric is  plan length

Cueing down from goal distance:   14 into depth [1]
                                  13            [1]
                                  12            [1]
                                  11            [1]
                                  10            [1]
                                   9            [1]
                                   8            [1]
                                   7            [1]
                                   6            [1]
                                   5            [1]
                                   4            [1]
                                   3            [1]
                                   2            [1]
                                   1            [1]
                                   0            

ff: found legal plan as follows

step    0: TURN_TO SATELLITE2 GROUNDSTATION13 STAR57
        1: TURN_TO SATELLITE1 STAR80 PHENOMENON83
        2: SWITCH_ON INSTRUMENT6 SATELLITE2
        3: CALIBRATE SATELLITE2 INSTRUMENT6 GROUNDSTATION13
        4: TURN_TO SATELLITE2 PHENOMENON83 GROUNDSTATION13
        5: SWITCH_ON INSTRUMENT1 SATELLITE1
        6: CALIBRATE SATELLITE1 INSTRUMENT1 STAR80
        7: TURN_TO SATELLITE1 PHENOMENON84 STAR80
        8: TURN_TO SATELLITE3 STAR66 GROUNDSTATION64
        9: TURN_TO SATELLITE5 STAR42 GROUNDSTATION34
       10: TURN_TO SATELLITE8 GROUNDSTATION56 GROUNDSTATION4
       11: TAKE_IMAGE SATELLITE2 PHENOMENON83 INSTRUMENT6 IMAGE3
       12: TURN_TO SATELLITE2 GROUNDSTATION2 PHENOMENON83
       13: TAKE_IMAGE SATELLITE1 PHENOMENON84 INSTRUMENT1 THERMOGRAPH1
     

time spent:    0.00 seconds instantiating 82966 easy, 0 hard action templates
               0.01 seconds reachability analysis, yielding 1407 facts and 82966 actions
               0.01 seconds creating final representation with 1407 relevant facts, 0 relevant fluents
               0.11 seconds computing LNF
               0.03 seconds building connectivity graph
               0.05 seconds searching, evaluating 19 states, to a max depth of 1
               0.21 seconds total time

