
ff: parsing domain file
domain 'SATELLITE' defined
 ... done.
ff: parsing problem file
problem 'STRIPS-SAT-X-1' defined
 ... done.


no metric specified. plan length assumed.

checking for cyclic := effects --- OK.

ff: search configuration is EHC, if that fails then  best-first on 1*g(s) + 5*h(s) where
    metric is  plan length

Cueing down from goal distance:   15 into depth [1]
                                  14            [1]
                                  13            [1]
                                  12            [1]
                                  11            [1]
                                  10            [1]
                                   9            [1]
                                   8            [1]
                                   7            [1]
                                   6            [1]
                                   5            [1]
                                   4            [1]
                                   3            [1]
                                   2            [1]
                                   1            [1]
                                   0            

ff: found legal plan as follows

step    0: TURN_TO SATELLITE1 STAR10 GROUNDSTATION30
        1: TURN_TO SATELLITE2 GROUNDSTATION6 GROUNDSTATION59
        2: SWITCH_ON INSTRUMENT2 SATELLITE1
        3: CALIBRATE SATELLITE1 INSTRUMENT2 STAR10
        4: TURN_TO SATELLITE1 PLANET83 STAR10
        5: SWITCH_ON INSTRUMENT5 SATELLITE2
        6: CALIBRATE SATELLITE2 INSTRUMENT5 GROUNDSTATION6
        7: TURN_TO SATELLITE2 PLANET84 GROUNDSTATION6
        8: TURN_TO SATELLITE3 GROUNDSTATION44 GROUNDSTATION5
        9: TURN_TO SATELLITE4 STAR50 GROUNDSTATION57
       10: TURN_TO SATELLITE5 STAR61 GROUNDSTATION46
       11: TURN_TO SATELLITE9 STAR35 GROUNDSTATION36
       12: TAKE_IMAGE SATELLITE1 PLANET83 INSTRUMENT2 INFRARED0
       13: TURN_TO SATELLITE1 STAR9 PLANET83
       14: TAKE_IMAGE SATELLITE2 PLANET84 INSTRUMENT5 THERMOGRAPH4
     

time spent:    0.00 seconds instantiating 80190 easy, 0 hard action templates
               0.00 seconds reachability analysis, yielding 1377 facts and 80190 actions
               0.02 seconds creating final representation with 1377 relevant facts, 0 relevant fluents
               0.09 seconds computing LNF
               0.04 seconds building connectivity graph
               0.07 seconds searching, evaluating 21 states, to a max depth of 1
               0.22 seconds total time

