
ff: parsing domain file
domain 'SATELLITE' defined
 ... done.
ff: parsing problem file
problem 'STRIPS-SAT-X-1' defined
 ... done.


no metric specified. plan length assumed.

checking for cyclic := effects --- OK.

ff: search configuration is EHC, if that fails then  best-first on 1*g(s) + 5*h(s) where
    metric is  plan length

Cueing down from goal distance:    9 into depth [1]
                                   8            [1]
                                   7            [1]
                                   6            [1]
                                   5            [1]
                                   4            [1]
                                   3            [1]
                                   2            [1]
                                   1            [1]
                                   0            

ff: found legal plan as follows

step    0: TURN_TO SATELLITE0 STAR45 STAR77
        1: SWITCH_ON INSTRUMENT4 SATELLITE0
        2: CALIBRATE SATELLITE0 INSTRUMENT4 STAR45
        3: TURN_TO SATELLITE0 PLANET84 STAR45
        4: TURN_TO SATELLITE2 GROUNDSTATION36 GROUNDSTATION27
        5: TURN_TO SATELLITE3 GROUNDSTATION48 GROUNDSTATION62
        6: TURN_TO SATELLITE6 STAR1 STAR41
        7: TURN_TO SATELLITE8 PLANET83 STAR23
        8: TAKE_IMAGE SATELLITE0 PLANET84 INSTRUMENT4 SPECTROGRAPH1
     

time spent:    0.00 seconds instantiating 85519 easy, 0 hard action templates
               0.00 seconds reachability analysis, yielding 1439 facts and 85519 actions
               0.02 seconds creating final representation with 1439 relevant facts, 0 relevant fluents
               0.10 seconds computing LNF
               0.03 seconds building connectivity graph
               0.02 seconds searching, evaluating 10 states, to a max depth of 1
               0.17 seconds total time

