
ff: parsing domain file
domain 'SATELLITE' defined
 ... done.
ff: parsing problem file
problem 'STRIPS-SAT-X-1' defined
 ... done.


no metric specified. plan length assumed.

checking for cyclic := effects --- OK.

ff: search configuration is EHC, if that fails then  best-first on 1*g(s) + 5*h(s) where
    metric is  plan length

Cueing down from goal distance:   14 into depth [1]
                                  13            [1]
                                   9            [1]
                                   8            [1]
                                   7            [1]
                                   6            [1]
                                   5            [1]
                                   4            [1]
                                   3            [1]
                                   2            [1]
                                   1            [1]
                                   0            

ff: found legal plan as follows

step    0: TURN_TO SATELLITE0 STAR46 GROUNDSTATION59
        1: SWITCH_ON INSTRUMENT2 SATELLITE0
        2: CALIBRATE SATELLITE0 INSTRUMENT2 STAR46
        3: TURN_TO SATELLITE0 STAR83 STAR46
        4: TURN_TO SATELLITE3 GROUNDSTATION39 STAR23
        5: TURN_TO SATELLITE5 GROUNDSTATION22 STAR7
        6: TURN_TO SATELLITE7 GROUNDSTATION17 STAR81
        7: TURN_TO SATELLITE8 STAR48 STAR0
        8: TAKE_IMAGE SATELLITE0 STAR83 INSTRUMENT2 IMAGE2
        9: TURN_TO SATELLITE0 PHENOMENON84 STAR83
       10: TAKE_IMAGE SATELLITE0 PHENOMENON84 INSTRUMENT2 THERMOGRAPH4
     

time spent:    0.00 seconds instantiating 83036 easy, 0 hard action templates
               0.01 seconds reachability analysis, yielding 1401 facts and 83036 actions
               0.01 seconds creating final representation with 1401 relevant facts, 0 relevant fluents
               0.11 seconds computing LNF
               0.03 seconds building connectivity graph
               0.09 seconds searching, evaluating 19 states, to a max depth of 1
               0.25 seconds total time

