
ff: parsing domain file
domain 'SATELLITE' defined
 ... done.
ff: parsing problem file
problem 'STRIPS-SAT-X-1' defined
 ... done.


no metric specified. plan length assumed.

checking for cyclic := effects --- OK.

ff: search configuration is EHC, if that fails then  best-first on 1*g(s) + 5*h(s) where
    metric is  plan length

Cueing down from goal distance:   13 into depth [1]
                                  12            [1]
                                  11            [1]
                                  10            [1]
                                   9            [1]
                                   8            [1]
                                   7            [1]
                                   6            [1]
                                   5            [1]
                                   4            [1]
                                   3            [1]
                                   2            [1]
                                   1            [1]
                                   0            

ff: found legal plan as follows

step    0: TURN_TO SATELLITE0 STAR12 STAR19
        1: SWITCH_ON INSTRUMENT0 SATELLITE0
        2: CALIBRATE SATELLITE0 INSTRUMENT0 STAR12
        3: TURN_TO SATELLITE0 PLANET83 STAR12
        4: TURN_TO SATELLITE2 STAR14 GROUNDSTATION20
        5: TURN_TO SATELLITE4 GROUNDSTATION68 STAR52
        6: TURN_TO SATELLITE6 GROUNDSTATION70 GROUNDSTATION53
        7: TURN_TO SATELLITE8 STAR42 STAR2
        8: TURN_TO SATELLITE9 PLANET83 STAR42
        9: TAKE_IMAGE SATELLITE0 PLANET83 INSTRUMENT0 INFRARED1
       10: TURN_TO SATELLITE0 PLANET84 PLANET83
       11: TAKE_IMAGE SATELLITE0 PLANET84 INSTRUMENT0 INFRARED4
       12: TURN_TO SATELLITE0 STAR23 PLANET84
     

time spent:    0.00 seconds instantiating 84176 easy, 0 hard action templates
               0.00 seconds reachability analysis, yielding 1415 facts and 84176 actions
               0.02 seconds creating final representation with 1415 relevant facts, 0 relevant fluents
               0.10 seconds computing LNF
               0.03 seconds building connectivity graph
               0.09 seconds searching, evaluating 29 states, to a max depth of 1
               0.24 seconds total time

