
ff: parsing domain file
domain 'BLOCKS' defined
 ... done.
ff: parsing problem file
problem 'PB6' defined
 ... done.


no metric specified. plan length assumed.

checking for cyclic := effects --- OK.

ff: search configuration is EHC, if that fails then  best-first on 1*g(s) + 5*h(s) where
    metric is  plan length

Cueing down from goal distance:   18 into depth [1]
                                  17            [1][2]
                                  16            [1][2][3]
                                  15            [1][2]
                                  14            [1][2][3][4][5][6][7]
                                  13            [1]
                                  12            [1][2]
                                  10            [1][2]
                                   9            [1]
                                   8            [1]
                                   7            [1][2][3][4]
                                   6            [1][2]
                                   4            [1][2][3][4][5][6][7]
                                   3            [1]
                                   2            [1][2]
                                   0            

ff: found legal plan as follows

step    0: UNSTACK BLOCK2 BLOCK10
        1: STACK BLOCK2 BLOCK3
        2: UNSTACK BLOCK10 BLOCK6
        3: STACK BLOCK10 BLOCK1
        4: UNSTACK BLOCK6 BLOCK4
        5: STACK BLOCK6 BLOCK5
        6: PICK-UP BLOCK4
        7: STACK BLOCK4 BLOCK10
        8: UNSTACK BLOCK2 BLOCK3
        9: STACK BLOCK2 BLOCK4
       10: UNSTACK BLOCK3 BLOCK8
       11: PUT-DOWN BLOCK3
       12: UNSTACK BLOCK2 BLOCK4
       13: STACK BLOCK2 BLOCK3
       14: UNSTACK BLOCK4 BLOCK10
       15: STACK BLOCK4 BLOCK2
       16: UNSTACK BLOCK8 BLOCK9
       17: STACK BLOCK8 BLOCK10
       18: UNSTACK BLOCK9 BLOCK7
       19: PUT-DOWN BLOCK9
       20: UNSTACK BLOCK6 BLOCK5
       21: STACK BLOCK6 BLOCK8
       22: PICK-UP BLOCK5
       23: STACK BLOCK5 BLOCK9
       24: UNSTACK BLOCK6 BLOCK8
       25: STACK BLOCK6 BLOCK5
       26: UNSTACK BLOCK8 BLOCK10
       27: STACK BLOCK8 BLOCK4
       28: UNSTACK BLOCK10 BLOCK1
       29: STACK BLOCK10 BLOCK8
       30: PICK-UP BLOCK1
       31: STACK BLOCK1 BLOCK7
       32: UNSTACK BLOCK10 BLOCK8
       33: STACK BLOCK10 BLOCK1
       34: UNSTACK BLOCK8 BLOCK4
       35: STACK BLOCK8 BLOCK10
     

time spent:    0.00 seconds instantiating 220 easy, 0 hard action templates
               0.00 seconds reachability analysis, yielding 131 facts and 220 actions
               0.00 seconds creating final representation with 131 relevant facts, 0 relevant fluents
               0.00 seconds computing LNF
               0.00 seconds building connectivity graph
               0.00 seconds searching, evaluating 866 states, to a max depth of 7
               0.00 seconds total time

