
ff: parsing domain file
domain 'BLOCKS' defined
 ... done.
ff: parsing problem file
problem 'PB3' defined
 ... done.


no metric specified. plan length assumed.

checking for cyclic := effects --- OK.

ff: search configuration is EHC, if that fails then  best-first on 1*g(s) + 5*h(s) where
    metric is  plan length

Cueing down from goal distance:   15 into depth [1][2]
                                  13            [1][2][3]
                                  12            [1][2]
                                  11            [1][2][3][4][5]
                                   9            [1]
                                   8            [1]
                                   7            [1][2][3][4][5][6]
                                   6            [1][2][3][4][5][6][7][8][9][10][11][12][13]
                                   5            [1]
                                   4            [1]
                                   3            [1]
                                   2            [1][2]
                                   0            

ff: found legal plan as follows

step    0: UNSTACK BLOCK8 BLOCK2
        1: PUT-DOWN BLOCK8
        2: UNSTACK BLOCK2 BLOCK3
        3: STACK BLOCK2 BLOCK8
        4: PICK-UP BLOCK3
        5: STACK BLOCK3 BLOCK2
        6: UNSTACK BLOCK4 BLOCK7
        7: STACK BLOCK4 BLOCK3
        8: UNSTACK BLOCK7 BLOCK10
        9: STACK BLOCK7 BLOCK5
       10: UNSTACK BLOCK10 BLOCK9
       11: PUT-DOWN BLOCK10
       12: UNSTACK BLOCK7 BLOCK5
       13: STACK BLOCK7 BLOCK9
       14: UNSTACK BLOCK5 BLOCK6
       15: STACK BLOCK5 BLOCK10
       16: UNSTACK BLOCK6 BLOCK1
       17: STACK BLOCK6 BLOCK5
       18: UNSTACK BLOCK4 BLOCK3
       19: STACK BLOCK4 BLOCK6
       20: UNSTACK BLOCK3 BLOCK2
       21: STACK BLOCK3 BLOCK4
       22: UNSTACK BLOCK2 BLOCK8
       23: STACK BLOCK2 BLOCK7
       24: UNSTACK BLOCK3 BLOCK4
       25: STACK BLOCK3 BLOCK2
       26: UNSTACK BLOCK4 BLOCK6
       27: STACK BLOCK4 BLOCK3
       28: UNSTACK BLOCK6 BLOCK5
       29: STACK BLOCK6 BLOCK4
       30: UNSTACK BLOCK5 BLOCK10
       31: STACK BLOCK5 BLOCK6
     

time spent:    0.00 seconds instantiating 220 easy, 0 hard action templates
               0.00 seconds reachability analysis, yielding 131 facts and 220 actions
               0.00 seconds creating final representation with 131 relevant facts, 0 relevant fluents
               0.00 seconds computing LNF
               0.00 seconds building connectivity graph
               0.08 seconds searching, evaluating 13273 states, to a max depth of 13
               0.08 seconds total time

