
ff: parsing domain file
domain 'SATELLITE' defined
 ... done.
ff: parsing problem file
problem 'STRIPS-SAT-X-1' defined
 ... done.


no metric specified. plan length assumed.

checking for cyclic := effects --- OK.

ff: search configuration is EHC, if that fails then  best-first on 1*g(s) + 5*h(s) where
    metric is  plan length

Cueing down from goal distance:   10 into depth [1]
                                   9            [1]
                                   8            [1]
                                   7            [1]
                                   6            [1]
                                   5            [1]
                                   4            [1]
                                   3            [1]
                                   2            [1]
                                   1            [1]
                                   0            

ff: found legal plan as follows

step    0: TURN_TO SATELLITE0 GROUNDSTATION121 GROUNDSTATION119
        1: SWITCH_ON INSTRUMENT0 SATELLITE0
        2: CALIBRATE SATELLITE0 INSTRUMENT0 GROUNDSTATION121
        3: TURN_TO SATELLITE0 PLANET155 GROUNDSTATION121
        4: TURN_TO SATELLITE2 STAR110 GROUNDSTATION54
        5: TURN_TO SATELLITE5 GROUNDSTATION13 STAR12
        6: TURN_TO SATELLITE8 GROUNDSTATION94 STAR104
        7: TAKE_IMAGE SATELLITE0 PLANET155 INSTRUMENT0 IMAGE1
        8: TURN_TO SATELLITE0 STAR156 PLANET155
        9: TAKE_IMAGE SATELLITE0 STAR156 INSTRUMENT0 INFRARED4
     

time spent:    0.01 seconds instantiating 263234 easy, 0 hard action templates
               0.03 seconds reachability analysis, yielding 2467 facts and 263234 actions
               0.03 seconds creating final representation with 2467 relevant facts, 0 relevant fluents
               0.30 seconds computing LNF
               0.11 seconds building connectivity graph
               0.32 seconds searching, evaluating 17 states, to a max depth of 1
               0.80 seconds total time

