
ff: parsing domain file
domain 'SATELLITE' defined
 ... done.
ff: parsing problem file
problem 'STRIPS-SAT-X-1' defined
 ... done.


no metric specified. plan length assumed.

checking for cyclic := effects --- OK.

ff: search configuration is EHC, if that fails then  best-first on 1*g(s) + 5*h(s) where
    metric is  plan length

Cueing down from goal distance:    8 into depth [1]
                                   7            [1]
                                   6            [1]
                                   5            [1]
                                   4            [1]
                                   3            [1]
                                   2            [1]
                                   1            [1]
                                   0            

ff: found legal plan as follows

step    0: TURN_TO SATELLITE1 GROUNDSTATION94 STAR43
        1: SWITCH_ON INSTRUMENT1 SATELLITE1
        2: CALIBRATE SATELLITE1 INSTRUMENT1 GROUNDSTATION94
        3: TURN_TO SATELLITE1 STAR155 GROUNDSTATION94
        4: TURN_TO SATELLITE0 STAR117 GROUNDSTATION139
        5: TURN_TO SATELLITE2 STAR141 GROUNDSTATION49
        6: TURN_TO SATELLITE5 GROUNDSTATION148 STAR123
        7: TAKE_IMAGE SATELLITE1 STAR155 INSTRUMENT1 INFRARED1
     

time spent:    0.00 seconds instantiating 261183 easy, 0 hard action templates
               0.03 seconds reachability analysis, yielding 2451 facts and 261183 actions
               0.04 seconds creating final representation with 2451 relevant facts, 0 relevant fluents
               0.29 seconds computing LNF
               0.11 seconds building connectivity graph
               0.08 seconds searching, evaluating 9 states, to a max depth of 1
               0.55 seconds total time

