
ff: parsing domain file
domain 'SATELLITE' defined
 ... done.
ff: parsing problem file
problem 'STRIPS-SAT-X-1' defined
 ... done.


no metric specified. plan length assumed.

checking for cyclic := effects --- OK.

ff: search configuration is EHC, if that fails then  best-first on 1*g(s) + 5*h(s) where
    metric is  plan length

Cueing down from goal distance:   16 into depth [1]
                                  14            [1]
                                  13            [1]
                                  12            [1]
                                  11            [1]
                                  10            [1]
                                   9            [1]
                                   8            [1]
                                   7            [1]
                                   6            [1]
                                   5            [1]
                                   4            [1]
                                   3            [1]
                                   2            [1]
                                   1            [1]
                                   0            

ff: found legal plan as follows

step    0: TURN_TO SATELLITE0 STAR37 STAR114
        1: SWITCH_ON INSTRUMENT4 SATELLITE0
        2: CALIBRATE SATELLITE0 INSTRUMENT4 STAR37
        3: TURN_TO SATELLITE0 STAR155 STAR37
        4: SWITCH_ON INSTRUMENT12 SATELLITE1
        5: CALIBRATE SATELLITE1 INSTRUMENT12 STAR49
        6: TURN_TO SATELLITE1 PHENOMENON156 STAR49
        7: TURN_TO SATELLITE3 STAR143 GROUNDSTATION68
        8: TURN_TO SATELLITE4 GROUNDSTATION64 STAR96
        9: TURN_TO SATELLITE7 GROUNDSTATION32 STAR19
       10: TURN_TO SATELLITE8 STAR39 GROUNDSTATION124
       11: TURN_TO SATELLITE9 GROUNDSTATION86 STAR41
       12: TAKE_IMAGE SATELLITE0 STAR155 INSTRUMENT4 IMAGE0
       13: TURN_TO SATELLITE0 STAR1 STAR155
       14: TAKE_IMAGE SATELLITE1 PHENOMENON156 INSTRUMENT12 INFRARED3
     

time spent:    0.01 seconds instantiating 267749 easy, 0 hard action templates
               0.02 seconds reachability analysis, yielding 2491 facts and 267749 actions
               0.07 seconds creating final representation with 2491 relevant facts, 0 relevant fluents
               0.33 seconds computing LNF
               0.12 seconds building connectivity graph
               0.29 seconds searching, evaluating 22 states, to a max depth of 1
               0.84 seconds total time

