
ff: parsing domain file
domain 'SATELLITE' defined
 ... done.
ff: parsing problem file
problem 'STRIPS-SAT-X-1' defined
 ... done.


no metric specified. plan length assumed.

checking for cyclic := effects --- OK.

ff: search configuration is EHC, if that fails then  best-first on 1*g(s) + 5*h(s) where
    metric is  plan length

Cueing down from goal distance:    6 into depth [1]
                                   5            [1]
                                   4            [1]
                                   3            [1]
                                   2            [1]
                                   1            [1]
                                   0            

ff: found legal plan as follows

step    0: TURN_TO SATELLITE0 GROUNDSTATION105 STAR88
        1: SWITCH_ON INSTRUMENT0 SATELLITE0
        2: CALIBRATE SATELLITE0 INSTRUMENT0 GROUNDSTATION105
        3: TURN_TO SATELLITE0 STAR155 GROUNDSTATION105
        4: TURN_TO SATELLITE1 GROUNDSTATION134 STAR88
        5: TAKE_IMAGE SATELLITE0 STAR155 INSTRUMENT0 THERMOGRAPH0
     

time spent:    0.00 seconds instantiating 264786 easy, 0 hard action templates
               0.03 seconds reachability analysis, yielding 2467 facts and 264786 actions
               0.04 seconds creating final representation with 2467 relevant facts, 0 relevant fluents
               0.31 seconds computing LNF
               0.11 seconds building connectivity graph
               0.08 seconds searching, evaluating 7 states, to a max depth of 1
               0.57 seconds total time

