
ff: parsing domain file
domain 'SATELLITE' defined
 ... done.
ff: parsing problem file
problem 'STRIPS-SAT-X-1' defined
 ... done.


no metric specified. plan length assumed.

checking for cyclic := effects --- OK.

ff: search configuration is EHC, if that fails then  best-first on 1*g(s) + 5*h(s) where
    metric is  plan length

Cueing down from goal distance:   16 into depth [1]
                                  15            [1]
                                  14            [1]
                                  13            [1]
                                  12            [1]
                                  11            [1]
                                  10            [1]
                                   9            [1]
                                   8            [1]
                                   7            [1]
                                   6            [1]
                                   5            [1]
                                   4            [1]
                                   3            [1]
                                   2            [1]
                                   1            [1]
                                   0            

ff: found legal plan as follows

step    0: TURN_TO SATELLITE0 STAR96 STAR128
        1: SWITCH_ON INSTRUMENT0 SATELLITE0
        2: TURN_TO SATELLITE1 STAR44 STAR46
        3: CALIBRATE SATELLITE0 INSTRUMENT0 STAR96
        4: TURN_TO SATELLITE0 STAR185 STAR96
        5: SWITCH_ON INSTRUMENT6 SATELLITE1
        6: CALIBRATE SATELLITE1 INSTRUMENT6 STAR44
        7: TURN_TO SATELLITE1 PHENOMENON186 STAR44
        8: TURN_TO SATELLITE2 GROUNDSTATION9 STAR50
        9: TURN_TO SATELLITE4 STAR87 STAR98
       10: TURN_TO SATELLITE5 STAR35 GROUNDSTATION116
       11: TURN_TO SATELLITE7 GROUNDSTATION150 STAR54
       12: TAKE_IMAGE SATELLITE0 STAR185 INSTRUMENT0 THERMOGRAPH4
       13: TURN_TO SATELLITE0 STAR123 STAR185
       14: TAKE_IMAGE SATELLITE1 PHENOMENON186 INSTRUMENT6 SPECTROGRAPH3
       15: TURN_TO SATELLITE1 GROUNDSTATION105 PHENOMENON186
     

time spent:    0.01 seconds instantiating 370109 easy, 0 hard action templates
               0.04 seconds reachability analysis, yielding 2915 facts and 370109 actions
               0.06 seconds creating final representation with 2915 relevant facts, 0 relevant fluents
               0.43 seconds computing LNF
               0.15 seconds building connectivity graph
               0.54 seconds searching, evaluating 29 states, to a max depth of 1
               1.23 seconds total time

