
ff: parsing domain file
domain 'SATELLITE' defined
 ... done.
ff: parsing problem file
problem 'STRIPS-SAT-X-1' defined
 ... done.


no metric specified. plan length assumed.

checking for cyclic := effects --- OK.

ff: search configuration is EHC, if that fails then  best-first on 1*g(s) + 5*h(s) where
    metric is  plan length

Cueing down from goal distance:   12 into depth [1]
                                  11            [1]
                                  10            [1]
                                   9            [1]
                                   8            [1]
                                   7            [1]
                                   6            [1]
                                   5            [1]
                                   4            [1]
                                   3            [1]
                                   2            [1]
                                   1            [1]
                                   0            

ff: found legal plan as follows

step    0: TURN_TO SATELLITE0 GROUNDSTATION74 STAR55
        1: SWITCH_ON INSTRUMENT0 SATELLITE0
        2: CALIBRATE SATELLITE0 INSTRUMENT0 GROUNDSTATION74
        3: TURN_TO SATELLITE0 PHENOMENON81 GROUNDSTATION74
        4: TURN_TO SATELLITE4 STAR3 GROUNDSTATION1
        5: TURN_TO SATELLITE6 GROUNDSTATION77 STAR64
        6: TURN_TO SATELLITE7 STAR56 GROUNDSTATION48
        7: TURN_TO SATELLITE9 GROUNDSTATION68 GROUNDSTATION62
        8: TAKE_IMAGE SATELLITE0 PHENOMENON81 INSTRUMENT0 INFRARED3
        9: TURN_TO SATELLITE0 STAR82 PHENOMENON81
       10: TAKE_IMAGE SATELLITE0 STAR82 INSTRUMENT0 INFRARED3
       11: TURN_TO SATELLITE0 GROUNDSTATION54 STAR82
     

time spent:    0.00 seconds instantiating 79587 easy, 0 hard action templates
               0.01 seconds reachability analysis, yielding 1369 facts and 79587 actions
               0.01 seconds creating final representation with 1369 relevant facts, 0 relevant fluents
               0.10 seconds computing LNF
               0.03 seconds building connectivity graph
               0.09 seconds searching, evaluating 26 states, to a max depth of 1
               0.24 seconds total time

