
ff: parsing domain file
domain 'SATELLITE' defined
 ... done.
ff: parsing problem file
problem 'STRIPS-SAT-X-1' defined
 ... done.


no metric specified. plan length assumed.

checking for cyclic := effects --- OK.

ff: search configuration is EHC, if that fails then  best-first on 1*g(s) + 5*h(s) where
    metric is  plan length

Cueing down from goal distance:   12 into depth [1]
                                   8            [1]
                                   7            [1]
                                   6            [1]
                                   5            [1]
                                   4            [1]
                                   3            [1]
                                   2            [1]
                                   1            [1]
                                   0            

ff: found legal plan as follows

step    0: SWITCH_ON INSTRUMENT2 SATELLITE0
        1: CALIBRATE SATELLITE0 INSTRUMENT2 STAR21
        2: TURN_TO SATELLITE0 PLANET81 STAR21
        3: TURN_TO SATELLITE5 STAR37 STAR32
        4: TURN_TO SATELLITE6 GROUNDSTATION67 GROUNDSTATION45
        5: TURN_TO SATELLITE8 GROUNDSTATION20 GROUNDSTATION67
        6: TAKE_IMAGE SATELLITE0 PLANET81 INSTRUMENT2 SPECTROGRAPH0
        7: TURN_TO SATELLITE0 STAR82 PLANET81
        8: TAKE_IMAGE SATELLITE0 STAR82 INSTRUMENT2 IMAGE2
     

time spent:    0.00 seconds instantiating 79618 easy, 0 hard action templates
               0.01 seconds reachability analysis, yielding 1381 facts and 79618 actions
               0.01 seconds creating final representation with 1381 relevant facts, 0 relevant fluents
               0.09 seconds computing LNF
               0.03 seconds building connectivity graph
               0.06 seconds searching, evaluating 16 states, to a max depth of 1
               0.20 seconds total time

