
ff: parsing domain file
domain 'SATELLITE' defined
 ... done.
ff: parsing problem file
problem 'STRIPS-SAT-X-1' defined
 ... done.


no metric specified. plan length assumed.

checking for cyclic := effects --- OK.

ff: search configuration is EHC, if that fails then  best-first on 1*g(s) + 5*h(s) where
    metric is  plan length

Cueing down from goal distance:   14 into depth [1]
                                  13            [1]
                                  12            [1]
                                  11            [1]
                                  10            [1]
                                   9            [1]
                                   8            [1]
                                   7            [1]
                                   6            [1]
                                   5            [1]
                                   4            [1]
                                   3            [1]
                                   2            [1]
                                   1            [1]
                                   0            

ff: found legal plan as follows

step    0: TURN_TO SATELLITE0 GROUNDSTATION30 STAR14
        1: SWITCH_ON INSTRUMENT0 SATELLITE0
        2: CALIBRATE SATELLITE0 INSTRUMENT0 GROUNDSTATION30
        3: TURN_TO SATELLITE0 STAR81 GROUNDSTATION30
        4: TURN_TO SATELLITE1 GROUNDSTATION29 STAR35
        5: TURN_TO SATELLITE2 GROUNDSTATION13 STAR75
        6: TURN_TO SATELLITE3 STAR49 GROUNDSTATION29
        7: TURN_TO SATELLITE4 GROUNDSTATION76 GROUNDSTATION18
        8: TURN_TO SATELLITE5 GROUNDSTATION27 STAR10
        9: TURN_TO SATELLITE8 GROUNDSTATION17 STAR59
       10: TAKE_IMAGE SATELLITE0 STAR81 INSTRUMENT0 THERMOGRAPH1
       11: TURN_TO SATELLITE0 PHENOMENON82 STAR81
       12: TAKE_IMAGE SATELLITE0 PHENOMENON82 INSTRUMENT0 IMAGE3
       13: TURN_TO SATELLITE0 STAR48 PHENOMENON82
     

time spent:    0.00 seconds instantiating 80175 easy, 0 hard action templates
               0.00 seconds reachability analysis, yielding 1381 facts and 80175 actions
               0.02 seconds creating final representation with 1381 relevant facts, 0 relevant fluents
               0.12 seconds computing LNF
               0.03 seconds building connectivity graph
               0.13 seconds searching, evaluating 32 states, to a max depth of 1
               0.30 seconds total time

