
ff: parsing domain file
domain 'SATELLITE' defined
 ... done.
ff: parsing problem file
problem 'STRIPS-SAT-X-1' defined
 ... done.


no metric specified. plan length assumed.

checking for cyclic := effects --- OK.

ff: search configuration is EHC, if that fails then  best-first on 1*g(s) + 5*h(s) where
    metric is  plan length

Cueing down from goal distance:   14 into depth [1]
                                  13            [1]
                                  12            [1]
                                  11            [1]
                                  10            [1]
                                   9            [1]
                                   8            [1]
                                   7            [1]
                                   6            [1]
                                   5            [1]
                                   4            [1]
                                   3            [1]
                                   2            [1]
                                   1            [1]
                                   0            

ff: found legal plan as follows

step    0: TURN_TO SATELLITE1 STAR74 GROUNDSTATION27
        1: SWITCH_ON INSTRUMENT3 SATELLITE1
        2: CALIBRATE SATELLITE1 INSTRUMENT3 STAR74
        3: TURN_TO SATELLITE1 STAR81 STAR74
        4: TURN_TO SATELLITE0 STAR3 STAR35
        5: TURN_TO SATELLITE2 GROUNDSTATION59 STAR49
        6: TURN_TO SATELLITE3 STAR0 GROUNDSTATION20
        7: TURN_TO SATELLITE4 GROUNDSTATION21 GROUNDSTATION11
        8: TURN_TO SATELLITE5 STAR63 STAR55
        9: TURN_TO SATELLITE6 GROUNDSTATION38 GROUNDSTATION6
       10: TURN_TO SATELLITE7 STAR31 STAR5
       11: TAKE_IMAGE SATELLITE1 STAR81 INSTRUMENT3 SPECTROGRAPH2
       12: TURN_TO SATELLITE1 PLANET82 STAR81
       13: TAKE_IMAGE SATELLITE1 PLANET82 INSTRUMENT3 SPECTROGRAPH2
     

time spent:    0.00 seconds instantiating 76507 easy, 0 hard action templates
               0.00 seconds reachability analysis, yielding 1335 facts and 76507 actions
               0.02 seconds creating final representation with 1335 relevant facts, 0 relevant fluents
               0.08 seconds computing LNF
               0.03 seconds building connectivity graph
               0.09 seconds searching, evaluating 25 states, to a max depth of 1
               0.22 seconds total time

