
ff: parsing domain file
domain 'SATELLITE' defined
 ... done.
ff: parsing problem file
problem 'STRIPS-SAT-X-1' defined
 ... done.


no metric specified. plan length assumed.

checking for cyclic := effects --- OK.

ff: search configuration is EHC, if that fails then  best-first on 1*g(s) + 5*h(s) where
    metric is  plan length

Cueing down from goal distance:   10 into depth [1]
                                   9            [1]
                                   7            [1]
                                   6            [1]
                                   5            [1]
                                   4            [1]
                                   3            [1]
                                   2            [1]
                                   1            [1]
                                   0            

ff: found legal plan as follows

step    0: SWITCH_ON INSTRUMENT38 SATELLITE6
        1: TURN_TO SATELLITE6 STAR0 STAR5
        2: CALIBRATE SATELLITE6 INSTRUMENT38 STAR0
        3: TURN_TO SATELLITE6 STAR5 STAR0
        4: TURN_TO SATELLITE4 STAR5 GROUNDSTATION4
        5: TURN_TO SATELLITE8 GROUNDSTATION1 STAR3
        6: TAKE_IMAGE SATELLITE6 STAR5 INSTRUMENT38 SPECTROGRAPH0
        7: TURN_TO SATELLITE6 PLANET6 STAR5
        8: TAKE_IMAGE SATELLITE6 PLANET6 INSTRUMENT38 INFRARED1
     

time spent:    0.00 seconds instantiating 1534 easy, 0 hard action templates
               0.00 seconds reachability analysis, yielding 237 facts and 1534 actions
               0.00 seconds creating final representation with 237 relevant facts, 0 relevant fluents
               0.00 seconds computing LNF
               0.00 seconds building connectivity graph
               0.00 seconds searching, evaluating 16 states, to a max depth of 1
               0.00 seconds total time

