
ff: parsing domain file
domain 'SATELLITE' defined
 ... done.
ff: parsing problem file
problem 'STRIPS-SAT-X-1' defined
 ... done.


no metric specified. plan length assumed.

checking for cyclic := effects --- OK.

ff: search configuration is EHC, if that fails then  best-first on 1*g(s) + 5*h(s) where
    metric is  plan length

Cueing down from goal distance:    7 into depth [1]
                                   6            [1]
                                   5            [1]
                                   4            [1]
                                   3            [1][2]
                                   2            [1][2]
                                   1            [1]
                                   0            

ff: found legal plan as follows

step    0: SWITCH_ON INSTRUMENT13 SATELLITE2
        1: TURN_TO SATELLITE1 PHENOMENON5 PLANET6
        2: TURN_TO SATELLITE8 GROUNDSTATION2 STAR1
        3: TURN_TO SATELLITE9 GROUNDSTATION2 PHENOMENON5
        4: TURN_TO SATELLITE2 STAR4 PHENOMENON5
        5: CALIBRATE SATELLITE2 INSTRUMENT13 STAR4
        6: TURN_TO SATELLITE2 PHENOMENON5 STAR4
        7: TAKE_IMAGE SATELLITE2 PHENOMENON5 INSTRUMENT13 THERMOGRAPH4
        8: TURN_TO SATELLITE2 STAR4 PHENOMENON5
     

time spent:    0.00 seconds instantiating 1386 easy, 0 hard action templates
               0.00 seconds reachability analysis, yielding 227 facts and 1386 actions
               0.00 seconds creating final representation with 227 relevant facts, 0 relevant fluents
               0.00 seconds computing LNF
               0.00 seconds building connectivity graph
               0.00 seconds searching, evaluating 12 states, to a max depth of 2
               0.00 seconds total time

