
ff: parsing domain file
domain 'SATELLITE' defined
 ... done.
ff: parsing problem file
problem 'STRIPS-SAT-X-1' defined
 ... done.


no metric specified. plan length assumed.

checking for cyclic := effects --- OK.

ff: search configuration is EHC, if that fails then  best-first on 1*g(s) + 5*h(s) where
    metric is  plan length

Cueing down from goal distance:   12 into depth [1]
                                  11            [1]
                                  10            [1]
                                   9            [1]
                                   8            [1]
                                   7            [1][2]
                                   6            [1]
                                   5            [1]
                                   4            [1]
                                   3            [1][2]
                                   2            [1]
                                   1            [1]
                                   0            

ff: found legal plan as follows

step    0: SWITCH_ON INSTRUMENT20 SATELLITE4
        1: SWITCH_ON INSTRUMENT13 SATELLITE2
        2: TURN_TO SATELLITE0 STAR0 STAR2
        3: TURN_TO SATELLITE6 PHENOMENON6 PHENOMENON5
        4: TURN_TO SATELLITE8 PHENOMENON6 PHENOMENON5
        5: TURN_TO SATELLITE4 GROUNDSTATION3 PHENOMENON5
        6: CALIBRATE SATELLITE4 INSTRUMENT20 GROUNDSTATION3
        7: TURN_TO SATELLITE4 PHENOMENON5 GROUNDSTATION3
        8: TAKE_IMAGE SATELLITE4 PHENOMENON5 INSTRUMENT20 THERMOGRAPH3
        9: TURN_TO SATELLITE4 GROUNDSTATION4 PHENOMENON5
       10: TURN_TO SATELLITE2 GROUNDSTATION4 PHENOMENON6
       11: CALIBRATE SATELLITE2 INSTRUMENT13 GROUNDSTATION4
       12: TURN_TO SATELLITE2 PHENOMENON6 GROUNDSTATION4
       13: TAKE_IMAGE SATELLITE2 PHENOMENON6 INSTRUMENT13 IMAGE1
     

time spent:    0.00 seconds instantiating 1334 easy, 0 hard action templates
               0.00 seconds reachability analysis, yielding 211 facts and 1334 actions
               0.00 seconds creating final representation with 211 relevant facts, 0 relevant fluents
               0.00 seconds computing LNF
               0.00 seconds building connectivity graph
               0.00 seconds searching, evaluating 34 states, to a max depth of 2
               0.00 seconds total time

