
ff: parsing domain file
domain 'SATELLITE' defined
 ... done.
ff: parsing problem file
problem 'STRIPS-SAT-X-1' defined
 ... done.


no metric specified. plan length assumed.

checking for cyclic := effects --- OK.

ff: search configuration is EHC, if that fails then  best-first on 1*g(s) + 5*h(s) where
    metric is  plan length

Cueing down from goal distance:   11 into depth [1]
                                  10            [1]
                                   9            [1]
                                   8            [1]
                                   7            [1][2]
                                   6            [1]
                                   5            [1]
                                   4            [1][2]
                                   3            [1]
                                   2            [1]
                                   1            [1]
                                   0            

ff: found legal plan as follows

step    0: SWITCH_ON INSTRUMENT28 SATELLITE4
        1: SWITCH_ON INSTRUMENT38 SATELLITE5
        2: TURN_TO SATELLITE0 GROUNDSTATION2 STAR1
        3: TURN_TO SATELLITE3 GROUNDSTATION2 GROUNDSTATION4
        4: TURN_TO SATELLITE4 STAR1 PLANET5
        5: CALIBRATE SATELLITE4 INSTRUMENT28 STAR1
        6: TURN_TO SATELLITE4 PLANET5 STAR1
        7: TAKE_IMAGE SATELLITE4 PLANET5 INSTRUMENT28 THERMOGRAPH4
        8: TURN_TO SATELLITE5 STAR1 PHENOMENON6
        9: CALIBRATE SATELLITE5 INSTRUMENT38 STAR1
       10: TURN_TO SATELLITE5 PHENOMENON6 STAR1
       11: TAKE_IMAGE SATELLITE5 PHENOMENON6 INSTRUMENT38 SPECTROGRAPH2
       12: TURN_TO SATELLITE5 GROUNDSTATION2 PHENOMENON6
     

time spent:    0.00 seconds instantiating 1520 easy, 0 hard action templates
               0.00 seconds reachability analysis, yielding 237 facts and 1520 actions
               0.00 seconds creating final representation with 237 relevant facts, 0 relevant fluents
               0.00 seconds computing LNF
               0.00 seconds building connectivity graph
               0.00 seconds searching, evaluating 30 states, to a max depth of 2
               0.00 seconds total time

