
ff: parsing domain file
domain 'SATELLITE' defined
 ... done.
ff: parsing problem file
problem 'STRIPS-SAT-X-1' defined
 ... done.


no metric specified. plan length assumed.

checking for cyclic := effects --- OK.

ff: search configuration is EHC, if that fails then  best-first on 1*g(s) + 5*h(s) where
    metric is  plan length

Cueing down from goal distance:   11 into depth [1]
                                  10            [1]
                                   9            [1]
                                   8            [1]
                                   7            [1]
                                   6            [1]
                                   5            [1]
                                   4            [1][2]
                                   3            [1]
                                   2            [1]
                                   1            [1]
                                   0            

ff: found legal plan as follows

step    0: SWITCH_ON INSTRUMENT0 SATELLITE0
        1: SWITCH_ON INSTRUMENT2 SATELLITE1
        2: CALIBRATE SATELLITE1 INSTRUMENT2 STAR1
        3: TURN_TO SATELLITE1 PLANET6 STAR1
        4: TURN_TO SATELLITE2 GROUNDSTATION4 STAR5
        5: TURN_TO SATELLITE9 STAR1 GROUNDSTATION4
        6: TAKE_IMAGE SATELLITE1 PLANET6 INSTRUMENT2 THERMOGRAPH1
        7: TURN_TO SATELLITE0 GROUNDSTATION0 STAR5
        8: CALIBRATE SATELLITE0 INSTRUMENT0 GROUNDSTATION0
        9: TURN_TO SATELLITE0 STAR5 GROUNDSTATION0
       10: TAKE_IMAGE SATELLITE0 STAR5 INSTRUMENT0 INFRARED0
       11: TURN_TO SATELLITE0 STAR1 STAR5
     

time spent:    0.00 seconds instantiating 1514 easy, 0 hard action templates
               0.00 seconds reachability analysis, yielding 233 facts and 1514 actions
               0.00 seconds creating final representation with 233 relevant facts, 0 relevant fluents
               0.00 seconds computing LNF
               0.00 seconds building connectivity graph
               0.00 seconds searching, evaluating 25 states, to a max depth of 2
               0.00 seconds total time

