
ff: parsing domain file
domain 'SATELLITE' defined
 ... done.
ff: parsing problem file
problem 'STRIPS-SAT-X-1' defined
 ... done.


no metric specified. plan length assumed.

checking for cyclic := effects --- OK.

ff: search configuration is EHC, if that fails then  best-first on 1*g(s) + 5*h(s) where
    metric is  plan length

Cueing down from goal distance:   11 into depth [1]
                                   9            [1]
                                   8            [1]
                                   7            [1]
                                   6            [1]
                                   5            [1][2]
                                   4            [1]
                                   3            [1]
                                   2            [1]
                                   1            [1]
                                   0            

ff: found legal plan as follows

step    0: TURN_TO SATELLITE8 GROUNDSTATION4 STAR5
        1: SWITCH_ON INSTRUMENT0 SATELLITE0
        2: TURN_TO SATELLITE1 STAR0 PLANET6
        3: TURN_TO SATELLITE2 STAR0 STAR1
        4: TURN_TO SATELLITE8 PLANET6 GROUNDSTATION4
        5: TURN_TO SATELLITE0 STAR1 PLANET6
        6: CALIBRATE SATELLITE0 INSTRUMENT0 STAR1
        7: TURN_TO SATELLITE0 STAR5 STAR1
        8: TAKE_IMAGE SATELLITE0 STAR5 INSTRUMENT0 IMAGE3
        9: TURN_TO SATELLITE0 PLANET6 STAR5
       10: TAKE_IMAGE SATELLITE0 PLANET6 INSTRUMENT0 IMAGE3
     

time spent:    0.00 seconds instantiating 1479 easy, 0 hard action templates
               0.00 seconds reachability analysis, yielding 233 facts and 1479 actions
               0.00 seconds creating final representation with 233 relevant facts, 0 relevant fluents
               0.00 seconds computing LNF
               0.00 seconds building connectivity graph
               0.00 seconds searching, evaluating 22 states, to a max depth of 2
               0.00 seconds total time

