
ff: parsing domain file
domain 'SATELLITE' defined
 ... done.
ff: parsing problem file
problem 'STRIPS-SAT-X-1' defined
 ... done.


no metric specified. plan length assumed.

checking for cyclic := effects --- OK.

ff: search configuration is EHC, if that fails then  best-first on 1*g(s) + 5*h(s) where
    metric is  plan length

Cueing down from goal distance:   12 into depth [1]
                                  11            [1]
                                  10            [1]
                                   9            [1]
                                   8            [1]
                                   7            [1]
                                   6            [1]
                                   5            [1]
                                   4            [1]
                                   3            [1]
                                   2            [1]
                                   1            [1]
                                   0            

ff: found legal plan as follows

step    0: TURN_TO SATELLITE0 GROUNDSTATION1 STAR32
        1: SWITCH_ON INSTRUMENT2 SATELLITE0
        2: CALIBRATE SATELLITE0 INSTRUMENT2 GROUNDSTATION1
        3: TURN_TO SATELLITE0 PHENOMENON90 GROUNDSTATION1
        4: TURN_TO SATELLITE1 GROUNDSTATION41 STAR59
        5: TURN_TO SATELLITE4 STAR18 GROUNDSTATION19
        6: TURN_TO SATELLITE5 STAR18 STAR85
        7: TURN_TO SATELLITE7 STAR88 STAR85
        8: TURN_TO SATELLITE9 STAR89 GROUNDSTATION3
        9: TAKE_IMAGE SATELLITE0 PHENOMENON90 INSTRUMENT2 IMAGE1
       10: TURN_TO SATELLITE0 PHENOMENON91 PHENOMENON90
       11: TAKE_IMAGE SATELLITE0 PHENOMENON91 INSTRUMENT2 IMAGE1
     

time spent:    0.00 seconds instantiating 95330 easy, 0 hard action templates
               0.01 seconds reachability analysis, yielding 1502 facts and 95330 actions
               0.02 seconds creating final representation with 1502 relevant facts, 0 relevant fluents
               0.12 seconds computing LNF
               0.05 seconds building connectivity graph
               0.08 seconds searching, evaluating 21 states, to a max depth of 1
               0.28 seconds total time

