
ff: parsing domain file
domain 'SATELLITE' defined
 ... done.
ff: parsing problem file
problem 'STRIPS-SAT-X-1' defined
 ... done.


no metric specified. plan length assumed.

checking for cyclic := effects --- OK.

ff: search configuration is EHC, if that fails then  best-first on 1*g(s) + 5*h(s) where
    metric is  plan length

Cueing down from goal distance:   14 into depth [1]
                                  13            [1]
                                  12            [1]
                                  11            [1]
                                  10            [1]
                                   9            [1]
                                   8            [1]
                                   7            [1]
                                   6            [1]
                                   5            [1]
                                   4            [1]
                                   3            [1]
                                   2            [1]
                                   1            [1]
                                   0            

ff: found legal plan as follows

step    0: TURN_TO SATELLITE0 STAR24 STAR2
        1: TURN_TO SATELLITE2 STAR78 GROUNDSTATION1
        2: SWITCH_ON INSTRUMENT0 SATELLITE0
        3: CALIBRATE SATELLITE0 INSTRUMENT0 STAR24
        4: TURN_TO SATELLITE0 PLANET90 STAR24
        5: SWITCH_ON INSTRUMENT7 SATELLITE2
        6: CALIBRATE SATELLITE2 INSTRUMENT7 STAR78
        7: TURN_TO SATELLITE2 PHENOMENON91 STAR78
        8: TURN_TO SATELLITE1 STAR21 GROUNDSTATION32
        9: TURN_TO SATELLITE5 GROUNDSTATION69 GROUNDSTATION50
       10: TURN_TO SATELLITE9 STAR38 STAR27
       11: TAKE_IMAGE SATELLITE0 PLANET90 INSTRUMENT0 THERMOGRAPH2
       12: TAKE_IMAGE SATELLITE2 PHENOMENON91 INSTRUMENT7 IMAGE1
       13: TURN_TO SATELLITE2 STAR22 PHENOMENON91
     

time spent:    0.00 seconds instantiating 95325 easy, 0 hard action templates
               0.00 seconds reachability analysis, yielding 1494 facts and 95325 actions
               0.03 seconds creating final representation with 1494 relevant facts, 0 relevant fluents
               0.13 seconds computing LNF
               0.06 seconds building connectivity graph
               0.08 seconds searching, evaluating 19 states, to a max depth of 1
               0.30 seconds total time

