
ff: parsing domain file
domain 'SATELLITE' defined
 ... done.
ff: parsing problem file
problem 'STRIPS-SAT-X-1' defined
 ... done.


no metric specified. plan length assumed.

checking for cyclic := effects --- OK.

ff: search configuration is EHC, if that fails then  best-first on 1*g(s) + 5*h(s) where
    metric is  plan length

Cueing down from goal distance:    8 into depth [1]
                                   7            [1]
                                   6            [1]
                                   5            [1]
                                   4            [1]
                                   3            [1]
                                   2            [1]
                                   1            [1]
                                   0            

ff: found legal plan as follows

step    0: TURN_TO SATELLITE0 STAR58 STAR14
        1: SWITCH_ON INSTRUMENT4 SATELLITE0
        2: CALIBRATE SATELLITE0 INSTRUMENT4 STAR58
        3: TURN_TO SATELLITE0 PHENOMENON91 STAR58
        4: TURN_TO SATELLITE2 GROUNDSTATION69 STAR30
        5: TURN_TO SATELLITE5 GROUNDSTATION75 GROUNDSTATION32
        6: TURN_TO SATELLITE9 STAR0 GROUNDSTATION71
        7: TAKE_IMAGE SATELLITE0 PHENOMENON91 INSTRUMENT4 INFRARED4
     

time spent:    0.00 seconds instantiating 96885 easy, 0 hard action templates
               0.00 seconds reachability analysis, yielding 1506 facts and 96885 actions
               0.02 seconds creating final representation with 1506 relevant facts, 0 relevant fluents
               0.11 seconds computing LNF
               0.05 seconds building connectivity graph
               0.02 seconds searching, evaluating 9 states, to a max depth of 1
               0.20 seconds total time

