
ff: parsing domain file
domain 'SATELLITE' defined
 ... done.
ff: parsing problem file
problem 'STRIPS-SAT-X-1' defined
 ... done.


no metric specified. plan length assumed.

checking for cyclic := effects --- OK.

ff: search configuration is EHC, if that fails then  best-first on 1*g(s) + 5*h(s) where
    metric is  plan length

Cueing down from goal distance:   14 into depth [1]
                                  13            [1]
                                  12            [1]
                                  11            [1]
                                  10            [1]
                                   9            [1]
                                   8            [1]
                                   7            [1]
                                   6            [1]
                                   5            [1]
                                   4            [1]
                                   3            [1]
                                   2            [1]
                                   1            [1]
                                   0            

ff: found legal plan as follows

step    0: SWITCH_ON INSTRUMENT6 SATELLITE0
        1: TURN_TO SATELLITE1 STAR64 STAR24
        2: CALIBRATE SATELLITE0 INSTRUMENT6 STAR61
        3: TURN_TO SATELLITE0 STAR90 STAR61
        4: SWITCH_ON INSTRUMENT10 SATELLITE1
        5: CALIBRATE SATELLITE1 INSTRUMENT10 STAR64
        6: TURN_TO SATELLITE1 PHENOMENON91 STAR64
        7: TURN_TO SATELLITE2 GROUNDSTATION32 STAR46
        8: TURN_TO SATELLITE3 STAR53 GROUNDSTATION75
        9: TURN_TO SATELLITE4 STAR42 STAR24
       10: TURN_TO SATELLITE7 STAR61 GROUNDSTATION36
       11: TURN_TO SATELLITE8 GROUNDSTATION9 GROUNDSTATION41
       12: TAKE_IMAGE SATELLITE0 STAR90 INSTRUMENT6 SPECTROGRAPH2
       13: TAKE_IMAGE SATELLITE1 PHENOMENON91 INSTRUMENT10 IMAGE3
     

time spent:    0.00 seconds instantiating 95781 easy, 0 hard action templates
               0.00 seconds reachability analysis, yielding 1504 facts and 95781 actions
               0.02 seconds creating final representation with 1504 relevant facts, 0 relevant fluents
               0.13 seconds computing LNF
               0.04 seconds building connectivity graph
               0.06 seconds searching, evaluating 16 states, to a max depth of 1
               0.25 seconds total time

