
ff: parsing domain file
domain 'BLOCKS' defined
 ... done.
ff: parsing problem file
problem 'PB9' defined
 ... done.


no metric specified. plan length assumed.

checking for cyclic := effects --- OK.

ff: search configuration is EHC, if that fails then  best-first on 1*g(s) + 5*h(s) where
    metric is  plan length

Cueing down from goal distance:   38 into depth [1][2][3]
                                  37            [1]
                                  36            [1][2][3][4][5]
                                  35            [1][2]
                                  34            [1][2]
                                  33            [1]
                                  32            [1][2][3]
                                  31            [1][2][3]
                                  30            [1]
                                  29            [1]
                                  28            [1][2][3][4]
                                  27            [1]
                                  26            [1][2][3]
                                  25            [1]
                                  24            [1][2][3][4][5]
                                  23            [1]
                                  22            [1]
                                  21            [1]
                                  20            [1]
                                  19            [1][2][3]
                                  18            [1][2][3][4][5]
                                  17            [1]
                                  16            [1][2]
                                  15            [1][2][3]
                                  14            [1]
                                  13            [1]
                                  12            [1][2][3][4]
                                  11            [1]
                                  10            [1]
                                   9            [1][2]
                                   7            [1][2][3][4][5][6][7]
                                   6            [1]
                                   5            [1][2]
                                   3            [1][2][3][4]
                                   2            [1][2]
                                   0            

ff: found legal plan as follows

step    0: UNSTACK BLOCK19 BLOCK2
        1: STACK BLOCK19 BLOCK18
        2: UNSTACK BLOCK2 BLOCK20
        3: PUT-DOWN BLOCK2
        4: UNSTACK BLOCK19 BLOCK18
        5: STACK BLOCK19 BLOCK20
        6: UNSTACK BLOCK5 BLOCK8
        7: STACK BLOCK5 BLOCK19
        8: UNSTACK BLOCK8 BLOCK13
        9: STACK BLOCK8 BLOCK18
       10: UNSTACK BLOCK13 BLOCK3
       11: STACK BLOCK13 BLOCK15
       12: UNSTACK BLOCK3 BLOCK12
       13: PUT-DOWN BLOCK3
       14: UNSTACK BLOCK12 BLOCK10
       15: STACK BLOCK12 BLOCK13
       16: UNSTACK BLOCK5 BLOCK19
       17: STACK BLOCK5 BLOCK12
       18: UNSTACK BLOCK10 BLOCK6
       19: PUT-DOWN BLOCK10
       20: UNSTACK BLOCK5 BLOCK12
       21: STACK BLOCK5 BLOCK10
       22: UNSTACK BLOCK8 BLOCK18
       23: STACK BLOCK8 BLOCK6
       24: UNSTACK BLOCK18 BLOCK16
       25: STACK BLOCK18 BLOCK3
       26: UNSTACK BLOCK12 BLOCK13
       27: STACK BLOCK12 BLOCK19
       28: UNSTACK BLOCK8 BLOCK6
       29: STACK BLOCK8 BLOCK18
       30: UNSTACK BLOCK6 BLOCK11
       31: STACK BLOCK6 BLOCK16
       32: UNSTACK BLOCK11 BLOCK4
       33: STACK BLOCK11 BLOCK5
       34: UNSTACK BLOCK4 BLOCK14
       35: STACK BLOCK4 BLOCK2
       36: UNSTACK BLOCK14 BLOCK9
       37: PUT-DOWN BLOCK14
       38: UNSTACK BLOCK6 BLOCK16
       39: STACK BLOCK6 BLOCK14
       40: UNSTACK BLOCK12 BLOCK19
       41: STACK BLOCK12 BLOCK9
       42: UNSTACK BLOCK16 BLOCK17
       43: STACK BLOCK16 BLOCK11
       44: UNSTACK BLOCK17 BLOCK7
       45: STACK BLOCK17 BLOCK4
       46: UNSTACK BLOCK7 BLOCK1
       47: STACK BLOCK7 BLOCK12
       48: PICK-UP BLOCK1
       49: STACK BLOCK1 BLOCK19
       50: UNSTACK BLOCK6 BLOCK14
       51: STACK BLOCK6 BLOCK7
       52: UNSTACK BLOCK16 BLOCK11
       53: STACK BLOCK16 BLOCK14
       54: UNSTACK BLOCK1 BLOCK19
       55: STACK BLOCK1 BLOCK11
       56: UNSTACK BLOCK19 BLOCK20
       57: STACK BLOCK19 BLOCK17
       58: UNSTACK BLOCK1 BLOCK11
       59: STACK BLOCK1 BLOCK19
       60: PICK-UP BLOCK20
       61: STACK BLOCK20 BLOCK1
       62: UNSTACK BLOCK6 BLOCK7
       63: STACK BLOCK6 BLOCK20
       64: UNSTACK BLOCK7 BLOCK12
       65: STACK BLOCK7 BLOCK11
       66: UNSTACK BLOCK12 BLOCK9
       67: STACK BLOCK12 BLOCK16
       68: UNSTACK BLOCK7 BLOCK11
       69: STACK BLOCK7 BLOCK12
       70: UNSTACK BLOCK6 BLOCK20
       71: STACK BLOCK6 BLOCK7
       72: UNSTACK BLOCK13 BLOCK15
       73: STACK BLOCK13 BLOCK11
       74: PICK-UP BLOCK15
       75: STACK BLOCK15 BLOCK9
       76: UNSTACK BLOCK13 BLOCK11
       77: STACK BLOCK13 BLOCK15
     

time spent:    0.00 seconds instantiating 840 easy, 0 hard action templates
               0.00 seconds reachability analysis, yielding 461 facts and 840 actions
               0.00 seconds creating final representation with 461 relevant facts, 0 relevant fluents
               0.00 seconds computing LNF
               0.00 seconds building connectivity graph
               0.10 seconds searching, evaluating 5184 states, to a max depth of 7
               0.10 seconds total time

