
ff: parsing domain file
domain 'BLOCKS' defined
 ... done.
ff: parsing problem file
problem 'PB6' defined
 ... done.


no metric specified. plan length assumed.

checking for cyclic := effects --- OK.

ff: search configuration is EHC, if that fails then  best-first on 1*g(s) + 5*h(s) where
    metric is  plan length

Cueing down from goal distance:   38 into depth [1]
                                  37            [1]
                                  36            [1]
                                  35            [1]
                                  34            [1]
                                  33            [1][2]
                                  32            [1]
                                  31            [1]
                                  30            [1][2][3]
                                  29            [1]
                                  28            [1][2][3]
                                  27            [1][2]
                                  26            [1][2]
                                  25            [1][2][3][4][5]
                                  24            [1][2]
                                  23            [1]
                                  22            [1]
                                  21            [1][2]
                                  20            [1]
                                  19            [1]
                                  18            [1]
                                  17            [1][2][3][4][5]
                                  16            [1]
                                  15            [1][2]
                                  14            [1][2][3][4]
                                  13            [1][2]
                                  11            [1][2][3][4][5][6][7]
                                  10            [1]
                                   9            [1][2]
                                   7            [1][2][3][4][5][6][7][8][9][10][11][12][13][14][15][16]
                                   6            [1]
                                   5            [1]
                                   4            [1]
                                   3            [1]
                                   2            [1]
                                   1            [1]
                                   0            

ff: found legal plan as follows

step    0: UNSTACK BLOCK3 BLOCK2
        1: PUT-DOWN BLOCK3
        2: UNSTACK BLOCK4 BLOCK14
        3: PUT-DOWN BLOCK4
        4: UNSTACK BLOCK11 BLOCK7
        5: STACK BLOCK11 BLOCK1
        6: UNSTACK BLOCK7 BLOCK8
        7: PUT-DOWN BLOCK7
        8: UNSTACK BLOCK19 BLOCK10
        9: STACK BLOCK19 BLOCK8
       10: UNSTACK BLOCK16 BLOCK20
       11: STACK BLOCK16 BLOCK3
       12: UNSTACK BLOCK19 BLOCK8
       13: STACK BLOCK19 BLOCK14
       14: PICK-UP BLOCK2
       15: STACK BLOCK2 BLOCK12
       16: PICK-UP BLOCK5
       17: STACK BLOCK5 BLOCK19
       18: PICK-UP BLOCK13
       19: STACK BLOCK13 BLOCK10
       20: UNSTACK BLOCK11 BLOCK1
       21: STACK BLOCK11 BLOCK20
       22: UNSTACK BLOCK1 BLOCK15
       23: STACK BLOCK1 BLOCK8
       24: UNSTACK BLOCK11 BLOCK20
       25: STACK BLOCK11 BLOCK1
       26: UNSTACK BLOCK15 BLOCK9
       27: STACK BLOCK15 BLOCK20
       28: UNSTACK BLOCK9 BLOCK6
       29: STACK BLOCK9 BLOCK11
       30: UNSTACK BLOCK6 BLOCK17
       31: STACK BLOCK6 BLOCK4
       32: PICK-UP BLOCK17
       33: STACK BLOCK17 BLOCK7
       34: UNSTACK BLOCK13 BLOCK10
       35: STACK BLOCK13 BLOCK17
       36: UNSTACK BLOCK10 BLOCK18
       37: STACK BLOCK10 BLOCK9
       38: PICK-UP BLOCK18
       39: STACK BLOCK18 BLOCK15
       40: UNSTACK BLOCK13 BLOCK17
       41: STACK BLOCK13 BLOCK10
       42: UNSTACK BLOCK2 BLOCK12
       43: STACK BLOCK2 BLOCK17
       44: PICK-UP BLOCK12
       45: STACK BLOCK12 BLOCK18
       46: UNSTACK BLOCK2 BLOCK17
       47: STACK BLOCK2 BLOCK12
       48: UNSTACK BLOCK5 BLOCK19
       49: STACK BLOCK5 BLOCK17
       50: UNSTACK BLOCK19 BLOCK14
       51: STACK BLOCK19 BLOCK16
       52: PICK-UP BLOCK14
       53: STACK BLOCK14 BLOCK6
       54: UNSTACK BLOCK19 BLOCK16
       55: STACK BLOCK19 BLOCK14
       56: UNSTACK BLOCK5 BLOCK17
       57: STACK BLOCK5 BLOCK19
       58: UNSTACK BLOCK13 BLOCK10
       59: STACK BLOCK13 BLOCK2
       60: UNSTACK BLOCK10 BLOCK9
       61: STACK BLOCK10 BLOCK16
       62: UNSTACK BLOCK9 BLOCK11
       63: STACK BLOCK9 BLOCK13
       64: UNSTACK BLOCK11 BLOCK1
       65: STACK BLOCK11 BLOCK10
       66: UNSTACK BLOCK1 BLOCK8
       67: STACK BLOCK1 BLOCK11
       68: PICK-UP BLOCK8
       69: STACK BLOCK8 BLOCK17
       70: UNSTACK BLOCK1 BLOCK11
       71: STACK BLOCK1 BLOCK8
       72: UNSTACK BLOCK11 BLOCK10
       73: STACK BLOCK11 BLOCK1
       74: UNSTACK BLOCK9 BLOCK13
       75: STACK BLOCK9 BLOCK11
       76: UNSTACK BLOCK10 BLOCK16
       77: STACK BLOCK10 BLOCK9
       78: UNSTACK BLOCK13 BLOCK2
       79: STACK BLOCK13 BLOCK10
     

time spent:    0.00 seconds instantiating 840 easy, 0 hard action templates
               0.00 seconds reachability analysis, yielding 461 facts and 840 actions
               0.00 seconds creating final representation with 461 relevant facts, 0 relevant fluents
               0.00 seconds computing LNF
               0.00 seconds building connectivity graph
               6.37 seconds searching, evaluating 246890 states, to a max depth of 16
               6.37 seconds total time

