
ff: parsing domain file
domain 'BLOCKS' defined
 ... done.
ff: parsing problem file
problem 'PB4' defined
 ... done.


no metric specified. plan length assumed.

checking for cyclic := effects --- OK.

ff: search configuration is EHC, if that fails then  best-first on 1*g(s) + 5*h(s) where
    metric is  plan length

Cueing down from goal distance:   37 into depth [1]
                                  36            [1]
                                  35            [1][2][3][4]
                                  33            [1][2][3]
                                  32            [1]
                                  31            [1][2][3][4][5]
                                  30            [1][2][3][4][5][6][7][8]
                                  29            [1][2][3][4][5][6][7][8][9][10]
                                  28            [1]
                                  27            [1]
                                  26            [1]
                                  25            [1]
                                  24            [1]
                                  23            [1][2][3][4][5]
                                  22            [1][2]
                                  21            [1][2][3][4][5][6][7][8]
                                  20            [1][2][3]
                                  19            [1]
                                  18            [1]
                                  17            [1][2][3][4][5]
                                  16            [1]
                                  15            [1][2][3]
                                  14            [1][2][3][4][5][6]
                                  13            [1][2][3][4][5][6]
                                  12            [1][2][3][4][5][6][7][8]
                                  11            [1][2]
                                  10            [1][2][3]
                                   9            [1][2][3][4][5][6][7]
                                   8            [1]
                                   7            [1]
                                   6            [1]
                                   5            [1][2][3][4][5][6][7][8][9][10]
                                   4            [1]
                                   3            [1]
                                   2            [1]
                                   1            [1]
                                   0            

ff: found legal plan as follows

step    0: UNSTACK BLOCK5 BLOCK6
        1: PUT-DOWN BLOCK5
        2: UNSTACK BLOCK6 BLOCK13
        3: STACK BLOCK6 BLOCK8
        4: UNSTACK BLOCK13 BLOCK3
        5: STACK BLOCK13 BLOCK5
        6: UNSTACK BLOCK3 BLOCK12
        7: STACK BLOCK3 BLOCK13
        8: UNSTACK BLOCK6 BLOCK8
        9: STACK BLOCK6 BLOCK12
       10: UNSTACK BLOCK8 BLOCK1
       11: STACK BLOCK8 BLOCK6
       12: UNSTACK BLOCK1 BLOCK16
       13: STACK BLOCK1 BLOCK3
       14: UNSTACK BLOCK16 BLOCK20
       15: STACK BLOCK16 BLOCK8
       16: UNSTACK BLOCK20 BLOCK14
       17: STACK BLOCK20 BLOCK1
       18: UNSTACK BLOCK16 BLOCK8
       19: STACK BLOCK16 BLOCK14
       20: UNSTACK BLOCK8 BLOCK6
       21: STACK BLOCK8 BLOCK20
       22: UNSTACK BLOCK16 BLOCK14
       23: STACK BLOCK16 BLOCK8
       24: UNSTACK BLOCK14 BLOCK7
       25: STACK BLOCK14 BLOCK16
       26: UNSTACK BLOCK7 BLOCK15
       27: STACK BLOCK7 BLOCK6
       28: UNSTACK BLOCK15 BLOCK17
       29: PUT-DOWN BLOCK15
       30: UNSTACK BLOCK14 BLOCK16
       31: STACK BLOCK14 BLOCK15
       32: UNSTACK BLOCK16 BLOCK8
       33: STACK BLOCK16 BLOCK14
       34: UNSTACK BLOCK8 BLOCK20
       35: STACK BLOCK8 BLOCK16
       36: UNSTACK BLOCK17 BLOCK11
       37: STACK BLOCK17 BLOCK8
       38: UNSTACK BLOCK20 BLOCK1
       39: STACK BLOCK20 BLOCK17
       40: UNSTACK BLOCK1 BLOCK3
       41: STACK BLOCK1 BLOCK11
       42: UNSTACK BLOCK7 BLOCK6
       43: STACK BLOCK7 BLOCK3
       44: UNSTACK BLOCK1 BLOCK11
       45: STACK BLOCK1 BLOCK7
       46: UNSTACK BLOCK11 BLOCK19
       47: STACK BLOCK11 BLOCK20
       48: UNSTACK BLOCK19 BLOCK10
       49: STACK BLOCK19 BLOCK6
       50: UNSTACK BLOCK1 BLOCK7
       51: STACK BLOCK1 BLOCK10
       52: UNSTACK BLOCK11 BLOCK20
       53: STACK BLOCK11 BLOCK19
       54: UNSTACK BLOCK1 BLOCK10
       55: STACK BLOCK1 BLOCK11
       56: UNSTACK BLOCK10 BLOCK2
       57: STACK BLOCK10 BLOCK20
       58: UNSTACK BLOCK2 BLOCK18
       59: STACK BLOCK2 BLOCK10
       60: UNSTACK BLOCK18 BLOCK4
       61: STACK BLOCK18 BLOCK1
       62: UNSTACK BLOCK4 BLOCK9
       63: STACK BLOCK4 BLOCK18
       64: PICK-UP BLOCK9
       65: STACK BLOCK9 BLOCK7
       66: UNSTACK BLOCK2 BLOCK10
       67: STACK BLOCK2 BLOCK9
       68: UNSTACK BLOCK10 BLOCK20
       69: STACK BLOCK10 BLOCK2
       70: UNSTACK BLOCK20 BLOCK17
       71: STACK BLOCK20 BLOCK10
       72: UNSTACK BLOCK4 BLOCK18
       73: STACK BLOCK4 BLOCK20
       74: UNSTACK BLOCK17 BLOCK8
       75: STACK BLOCK17 BLOCK18
       76: UNSTACK BLOCK4 BLOCK20
       77: STACK BLOCK4 BLOCK17
       78: UNSTACK BLOCK20 BLOCK10
       79: PUT-DOWN BLOCK20
       80: UNSTACK BLOCK10 BLOCK2
       81: STACK BLOCK10 BLOCK8
       82: UNSTACK BLOCK4 BLOCK17
       83: STACK BLOCK4 BLOCK20
       84: UNSTACK BLOCK17 BLOCK18
       85: STACK BLOCK17 BLOCK4
       86: UNSTACK BLOCK2 BLOCK9
       87: STACK BLOCK2 BLOCK17
       88: UNSTACK BLOCK9 BLOCK7
       89: STACK BLOCK9 BLOCK10
       90: UNSTACK BLOCK7 BLOCK3
       91: STACK BLOCK7 BLOCK9
       92: UNSTACK BLOCK3 BLOCK13
       93: STACK BLOCK3 BLOCK18
       94: UNSTACK BLOCK7 BLOCK9
       95: STACK BLOCK7 BLOCK3
       96: UNSTACK BLOCK9 BLOCK10
       97: STACK BLOCK9 BLOCK7
       98: UNSTACK BLOCK2 BLOCK17
       99: STACK BLOCK2 BLOCK13
      100: UNSTACK BLOCK17 BLOCK4
      101: STACK BLOCK17 BLOCK2
      102: UNSTACK BLOCK4 BLOCK20
      103: STACK BLOCK4 BLOCK17
      104: PICK-UP BLOCK20
      105: STACK BLOCK20 BLOCK9
      106: UNSTACK BLOCK4 BLOCK17
      107: STACK BLOCK4 BLOCK20
      108: UNSTACK BLOCK17 BLOCK2
      109: STACK BLOCK17 BLOCK4
      110: UNSTACK BLOCK2 BLOCK13
      111: STACK BLOCK2 BLOCK17
     

time spent:    0.00 seconds instantiating 840 easy, 0 hard action templates
               0.00 seconds reachability analysis, yielding 461 facts and 840 actions
               0.00 seconds creating final representation with 461 relevant facts, 0 relevant fluents
               0.00 seconds computing LNF
               0.00 seconds building connectivity graph
               0.39 seconds searching, evaluating 17173 states, to a max depth of 10
               0.39 seconds total time

