
ff: parsing domain file
domain 'BLOCKS' defined
 ... done.
ff: parsing problem file
problem 'PB8' defined
 ... done.


no metric specified. plan length assumed.

checking for cyclic := effects --- OK.

ff: search configuration is EHC, if that fails then  best-first on 1*g(s) + 5*h(s) where
    metric is  plan length

Cueing down from goal distance:   34 into depth [1]
                                  33            [1][2]
                                  32            [1][2]
                                  31            [1]
                                  30            [1][2]
                                  28            [1][2][3][4][5]
                                  27            [1][2][3][4][5]
                                  26            [1][2][3][4][5][6]
                                  25            [1]
                                  24            [1][2]
                                  23            [1]
                                  22            [1]
                                  21            [1][2][3]
                                  20            [1][2]
                                  18            [1][2][3][4][5]
                                  17            [1]
                                  16            [1][2]
                                  15            [1][2][3][4][5][6][7]
                                  14            [1]
                                  13            [1]
                                  12            [1]
                                  11            [1]
                                  10            [1]
                                   9            [1][2][3][4]
                                   8            [1][2]
                                   6            [1][2][3][4][5][6][7][8][9][10][11][12][13]
                                   5            [1]
                                   4            [1]
                                   3            [1]
                                   2            [1][2]
                                   0            

ff: found legal plan as follows

step    0: UNSTACK BLOCK11 BLOCK7
        1: STACK BLOCK11 BLOCK14
        2: UNSTACK BLOCK13 BLOCK6
        3: STACK BLOCK13 BLOCK16
        4: UNSTACK BLOCK18 BLOCK3
        5: PUT-DOWN BLOCK18
        6: UNSTACK BLOCK17 BLOCK2
        7: STACK BLOCK17 BLOCK7
        8: UNSTACK BLOCK13 BLOCK16
        9: STACK BLOCK13 BLOCK18
       10: UNSTACK BLOCK16 BLOCK20
       11: STACK BLOCK16 BLOCK2
       12: UNSTACK BLOCK13 BLOCK18
       13: STACK BLOCK13 BLOCK16
       14: UNSTACK BLOCK20 BLOCK19
       15: STACK BLOCK20 BLOCK18
       16: UNSTACK BLOCK6 BLOCK1
       17: STACK BLOCK6 BLOCK20
       18: UNSTACK BLOCK19 BLOCK4
       19: STACK BLOCK19 BLOCK17
       20: UNSTACK BLOCK4 BLOCK12
       21: PUT-DOWN BLOCK4
       22: UNSTACK BLOCK12 BLOCK5
       23: STACK BLOCK12 BLOCK11
       24: UNSTACK BLOCK5 BLOCK8
       25: PUT-DOWN BLOCK5
       26: PICK-UP BLOCK3
       27: STACK BLOCK3 BLOCK8
       28: UNSTACK BLOCK6 BLOCK20
       29: STACK BLOCK6 BLOCK19
       30: UNSTACK BLOCK20 BLOCK18
       31: STACK BLOCK20 BLOCK5
       32: UNSTACK BLOCK3 BLOCK8
       33: STACK BLOCK3 BLOCK20
       34: UNSTACK BLOCK8 BLOCK9
       35: STACK BLOCK8 BLOCK13
       36: UNSTACK BLOCK9 BLOCK10
       37: STACK BLOCK9 BLOCK18
       38: UNSTACK BLOCK3 BLOCK20
       39: STACK BLOCK3 BLOCK8
       40: UNSTACK BLOCK12 BLOCK11
       41: STACK BLOCK12 BLOCK10
       42: UNSTACK BLOCK11 BLOCK14
       43: STACK BLOCK11 BLOCK9
       44: UNSTACK BLOCK14 BLOCK15
       45: STACK BLOCK14 BLOCK4
       46: UNSTACK BLOCK11 BLOCK9
       47: STACK BLOCK11 BLOCK14
       48: UNSTACK BLOCK12 BLOCK10
       49: STACK BLOCK12 BLOCK11
       50: PICK-UP BLOCK15
       51: STACK BLOCK15 BLOCK10
       52: UNSTACK BLOCK6 BLOCK19
       53: STACK BLOCK6 BLOCK9
       54: UNSTACK BLOCK19 BLOCK17
       55: STACK BLOCK19 BLOCK15
       56: UNSTACK BLOCK6 BLOCK9
       57: STACK BLOCK6 BLOCK19
       58: UNSTACK BLOCK3 BLOCK8
       59: STACK BLOCK3 BLOCK9
       60: UNSTACK BLOCK8 BLOCK13
       61: STACK BLOCK8 BLOCK20
       62: UNSTACK BLOCK13 BLOCK16
       63: STACK BLOCK13 BLOCK8
       64: UNSTACK BLOCK16 BLOCK2
       65: STACK BLOCK16 BLOCK1
       66: PICK-UP BLOCK2
       67: STACK BLOCK2 BLOCK12
       68: UNSTACK BLOCK16 BLOCK1
       69: STACK BLOCK16 BLOCK2
       70: UNSTACK BLOCK13 BLOCK8
       71: STACK BLOCK13 BLOCK16
       72: UNSTACK BLOCK8 BLOCK20
       73: STACK BLOCK8 BLOCK13
       74: UNSTACK BLOCK3 BLOCK9
       75: STACK BLOCK3 BLOCK8
     

time spent:    0.00 seconds instantiating 840 easy, 0 hard action templates
               0.00 seconds reachability analysis, yielding 461 facts and 840 actions
               0.00 seconds creating final representation with 461 relevant facts, 0 relevant fluents
               0.00 seconds computing LNF
               0.00 seconds building connectivity graph
               1.90 seconds searching, evaluating 96437 states, to a max depth of 13
               1.90 seconds total time

