
ff: parsing domain file
domain 'SATELLITE' defined
 ... done.
ff: parsing problem file
problem 'STRIPS-SAT-X-1' defined
 ... done.


no metric specified. plan length assumed.

checking for cyclic := effects --- OK.

ff: search configuration is EHC, if that fails then  best-first on 1*g(s) + 5*h(s) where
    metric is  plan length

Cueing down from goal distance:   14 into depth [1]
                                  13            [1]
                                  12            [1]
                                  11            [1]
                                  10            [1]
                                   9            [1]
                                   8            [1]
                                   7            [1]
                                   6            [1]
                                   5            [1]
                                   4            [1]
                                   3            [1]
                                   2            [1]
                                   1            [1]
                                   0            

ff: found legal plan as follows

step    0: TURN_TO SATELLITE0 GROUNDSTATION49 GROUNDSTATION7
        1: SWITCH_ON INSTRUMENT1 SATELLITE0
        2: CALIBRATE SATELLITE0 INSTRUMENT1 GROUNDSTATION49
        3: TURN_TO SATELLITE0 PLANET136 GROUNDSTATION49
        4: TURN_TO SATELLITE1 GROUNDSTATION110 GROUNDSTATION100
        5: TURN_TO SATELLITE3 GROUNDSTATION70 GROUNDSTATION49
        6: TURN_TO SATELLITE4 GROUNDSTATION73 STAR53
        7: TURN_TO SATELLITE5 STAR29 STAR86
        8: TURN_TO SATELLITE6 STAR78 STAR24
        9: TURN_TO SATELLITE9 GROUNDSTATION44 STAR54
       10: TAKE_IMAGE SATELLITE0 PLANET136 INSTRUMENT1 THERMOGRAPH4
       11: TURN_TO SATELLITE0 STAR137 PLANET136
       12: TAKE_IMAGE SATELLITE0 STAR137 INSTRUMENT1 THERMOGRAPH4
       13: TURN_TO SATELLITE0 GROUNDSTATION11 STAR137
     

time spent:    0.00 seconds instantiating 206871 easy, 0 hard action templates
               0.03 seconds reachability analysis, yielding 2190 facts and 206871 actions
               0.03 seconds creating final representation with 2190 relevant facts, 0 relevant fluents
               0.25 seconds computing LNF
               0.08 seconds building connectivity graph
               0.35 seconds searching, evaluating 32 states, to a max depth of 1
               0.74 seconds total time

