
ff: parsing domain file
domain 'SATELLITE' defined
 ... done.
ff: parsing problem file
problem 'STRIPS-SAT-X-1' defined
 ... done.


no metric specified. plan length assumed.

checking for cyclic := effects --- OK.

ff: search configuration is EHC, if that fails then  best-first on 1*g(s) + 5*h(s) where
    metric is  plan length

Cueing down from goal distance:   13 into depth [1]
                                  12            [1]
                                  11            [1]
                                  10            [1]
                                   9            [1]
                                   8            [1]
                                   7            [1]
                                   6            [1]
                                   5            [1]
                                   4            [1]
                                   3            [1]
                                   2            [1]
                                   1            [1]
                                   0            

ff: found legal plan as follows

step    0: TURN_TO SATELLITE1 STAR117 STAR14
        1: SWITCH_ON INSTRUMENT0 SATELLITE0
        2: CALIBRATE SATELLITE0 INSTRUMENT0 STAR117
        3: TURN_TO SATELLITE0 PLANET136 STAR117
        4: SWITCH_ON INSTRUMENT4 SATELLITE1
        5: CALIBRATE SATELLITE1 INSTRUMENT4 STAR117
        6: TURN_TO SATELLITE1 PLANET137 STAR117
        7: TURN_TO SATELLITE2 GROUNDSTATION29 STAR69
        8: TURN_TO SATELLITE3 STAR63 STAR87
        9: TURN_TO SATELLITE4 GROUNDSTATION70 STAR39
       10: TAKE_IMAGE SATELLITE0 PLANET136 INSTRUMENT0 IMAGE1
       11: TAKE_IMAGE SATELLITE1 PLANET137 INSTRUMENT4 INFRARED2
       12: TURN_TO SATELLITE1 GROUNDSTATION108 PLANET137
     

time spent:    0.00 seconds instantiating 203267 easy, 0 hard action templates
               0.02 seconds reachability analysis, yielding 2164 facts and 203267 actions
               0.03 seconds creating final representation with 2164 relevant facts, 0 relevant fluents
               0.23 seconds computing LNF
               0.08 seconds building connectivity graph
               0.16 seconds searching, evaluating 19 states, to a max depth of 1
               0.52 seconds total time

