
ff: parsing domain file
domain 'SATELLITE' defined
 ... done.
ff: parsing problem file
problem 'STRIPS-SAT-X-1' defined
 ... done.


no metric specified. plan length assumed.

checking for cyclic := effects --- OK.

ff: search configuration is EHC, if that fails then  best-first on 1*g(s) + 5*h(s) where
    metric is  plan length

Cueing down from goal distance:   14 into depth [1]
                                  13            [1]
                                  12            [1]
                                  11            [1]
                                  10            [1]
                                   9            [1]
                                   8            [1]
                                   7            [1]
                                   6            [1]
                                   5            [1]
                                   4            [1]
                                   3            [1]
                                   2            [1]
                                   1            [1]
                                   0            

ff: found legal plan as follows

step    0: TURN_TO SATELLITE0 STAR18 GROUNDSTATION0
        1: SWITCH_ON INSTRUMENT1 SATELLITE0
        2: TURN_TO SATELLITE2 STAR9 STAR11
        3: CALIBRATE SATELLITE0 INSTRUMENT1 STAR18
        4: TURN_TO SATELLITE0 PHENOMENON38 STAR18
        5: SWITCH_ON INSTRUMENT12 SATELLITE2
        6: CALIBRATE SATELLITE2 INSTRUMENT12 STAR9
        7: TURN_TO SATELLITE2 STAR39 STAR9
        8: TURN_TO SATELLITE1 STAR18 STAR3
        9: TURN_TO SATELLITE3 STAR27 GROUNDSTATION35
       10: TURN_TO SATELLITE4 STAR11 GROUNDSTATION5
       11: TURN_TO SATELLITE9 GROUNDSTATION6 GROUNDSTATION31
       12: TAKE_IMAGE SATELLITE0 PHENOMENON38 INSTRUMENT1 INFRARED4
       13: TAKE_IMAGE SATELLITE2 STAR39 INSTRUMENT12 IMAGE1
     

time spent:    0.00 seconds instantiating 20475 easy, 0 hard action templates
               0.00 seconds reachability analysis, yielding 720 facts and 20475 actions
               0.00 seconds creating final representation with 720 relevant facts, 0 relevant fluents
               0.03 seconds computing LNF
               0.00 seconds building connectivity graph
               0.01 seconds searching, evaluating 16 states, to a max depth of 1
               0.04 seconds total time

