
ff: parsing domain file
domain 'SATELLITE' defined
 ... done.
ff: parsing problem file
problem 'STRIPS-SAT-X-1' defined
 ... done.


no metric specified. plan length assumed.

checking for cyclic := effects --- OK.

ff: search configuration is EHC, if that fails then  best-first on 1*g(s) + 5*h(s) where
    metric is  plan length

Cueing down from goal distance:    9 into depth [1]
                                   8            [1]
                                   7            [1]
                                   6            [1]
                                   5            [1]
                                   4            [1]
                                   3            [1]
                                   2            [1]
                                   1            [1]
                                   0            

ff: found legal plan as follows

step    0: TURN_TO SATELLITE0 GROUNDSTATION34 GROUNDSTATION16
        1: SWITCH_ON INSTRUMENT1 SATELLITE0
        2: CALIBRATE SATELLITE0 INSTRUMENT1 GROUNDSTATION34
        3: TURN_TO SATELLITE0 PLANET39 GROUNDSTATION34
        4: TURN_TO SATELLITE3 STAR32 GROUNDSTATION37
        5: TURN_TO SATELLITE5 GROUNDSTATION37 GROUNDSTATION14
        6: TURN_TO SATELLITE7 GROUNDSTATION26 GROUNDSTATION27
        7: TAKE_IMAGE SATELLITE0 PLANET39 INSTRUMENT1 SPECTROGRAPH0
        8: TURN_TO SATELLITE0 GROUNDSTATION31 PLANET39
     

time spent:    0.00 seconds instantiating 21773 easy, 0 hard action templates
               0.00 seconds reachability analysis, yielding 744 facts and 21773 actions
               0.00 seconds creating final representation with 744 relevant facts, 0 relevant fluents
               0.02 seconds computing LNF
               0.02 seconds building connectivity graph
               0.00 seconds searching, evaluating 14 states, to a max depth of 1
               0.04 seconds total time

