
ff: parsing domain file
domain 'SATELLITE' defined
 ... done.
ff: parsing problem file
problem 'STRIPS-SAT-X-1' defined
 ... done.


no metric specified. plan length assumed.

checking for cyclic := effects --- OK.

ff: search configuration is EHC, if that fails then  best-first on 1*g(s) + 5*h(s) where
    metric is  plan length

Cueing down from goal distance:   10 into depth [1]
                                   9            [1]
                                   8            [1]
                                   7            [1]
                                   6            [1]
                                   5            [1]
                                   4            [1]
                                   3            [1]
                                   2            [1]
                                   1            [1]
                                   0            

ff: found legal plan as follows

step    0: TURN_TO SATELLITE0 GROUNDSTATION6 GROUNDSTATION32
        1: SWITCH_ON INSTRUMENT2 SATELLITE0
        2: CALIBRATE SATELLITE0 INSTRUMENT2 GROUNDSTATION6
        3: TURN_TO SATELLITE0 STAR38 GROUNDSTATION6
        4: TURN_TO SATELLITE1 STAR22 STAR15
        5: TURN_TO SATELLITE3 STAR37 GROUNDSTATION1
        6: TURN_TO SATELLITE4 GROUNDSTATION18 STAR2
        7: TURN_TO SATELLITE5 STAR14 STAR13
        8: TURN_TO SATELLITE9 STAR15 GROUNDSTATION32
        9: TAKE_IMAGE SATELLITE0 STAR38 INSTRUMENT2 IMAGE0
     

time spent:    0.00 seconds instantiating 21652 easy, 0 hard action templates
               0.00 seconds reachability analysis, yielding 732 facts and 21652 actions
               0.00 seconds creating final representation with 732 relevant facts, 0 relevant fluents
               0.02 seconds computing LNF
               0.01 seconds building connectivity graph
               0.01 seconds searching, evaluating 11 states, to a max depth of 1
               0.04 seconds total time

