
ff: parsing domain file
domain 'SATELLITE' defined
 ... done.
ff: parsing problem file
problem 'STRIPS-SAT-X-1' defined
 ... done.


no metric specified. plan length assumed.

checking for cyclic := effects --- OK.

ff: search configuration is EHC, if that fails then  best-first on 1*g(s) + 5*h(s) where
    metric is  plan length

Cueing down from goal distance:   13 into depth [1]
                                  12            [1]
                                  11            [1]
                                  10            [1]
                                   9            [1]
                                   8            [1]
                                   7            [1]
                                   6            [1]
                                   5            [1]
                                   4            [1]
                                   3            [1]
                                   2            [1]
                                   1            [1]
                                   0            

ff: found legal plan as follows

step    0: TURN_TO SATELLITE0 STAR14 STAR29
        1: SWITCH_ON INSTRUMENT0 SATELLITE0
        2: CALIBRATE SATELLITE0 INSTRUMENT0 STAR14
        3: TURN_TO SATELLITE0 PLANET38 STAR14
        4: SWITCH_ON INSTRUMENT2 SATELLITE1
        5: CALIBRATE SATELLITE1 INSTRUMENT2 STAR6
        6: TURN_TO SATELLITE1 STAR39 STAR6
        7: TURN_TO SATELLITE3 GROUNDSTATION31 STAR0
        8: TURN_TO SATELLITE8 GROUNDSTATION15 STAR6
        9: TURN_TO SATELLITE9 STAR3 STAR14
       10: TAKE_IMAGE SATELLITE0 PLANET38 INSTRUMENT0 INFRARED2
       11: TURN_TO SATELLITE0 STAR25 PLANET38
       12: TAKE_IMAGE SATELLITE1 STAR39 INSTRUMENT2 SPECTROGRAPH0
     

time spent:    0.00 seconds instantiating 20684 easy, 0 hard action templates
               0.00 seconds reachability analysis, yielding 712 facts and 20684 actions
               0.00 seconds creating final representation with 712 relevant facts, 0 relevant fluents
               0.03 seconds computing LNF
               0.01 seconds building connectivity graph
               0.00 seconds searching, evaluating 18 states, to a max depth of 1
               0.04 seconds total time

