
ff: parsing domain file
domain 'SATELLITE' defined
 ... done.
ff: parsing problem file
problem 'STRIPS-SAT-X-1' defined
 ... done.


no metric specified. plan length assumed.

checking for cyclic := effects --- OK.

ff: search configuration is EHC, if that fails then  best-first on 1*g(s) + 5*h(s) where
    metric is  plan length

Cueing down from goal distance:    9 into depth [1]
                                   8            [1]
                                   7            [1]
                                   6            [1]
                                   5            [1]
                                   4            [1]
                                   3            [1]
                                   2            [1]
                                   1            [1]
                                   0            

ff: found legal plan as follows

step    0: TURN_TO SATELLITE0 GROUNDSTATION25 GROUNDSTATION23
        1: SWITCH_ON INSTRUMENT0 SATELLITE0
        2: CALIBRATE SATELLITE0 INSTRUMENT0 GROUNDSTATION25
        3: TURN_TO SATELLITE0 PHENOMENON36 GROUNDSTATION25
        4: TURN_TO SATELLITE4 GROUNDSTATION31 GROUNDSTATION2
        5: TURN_TO SATELLITE6 STAR24 STAR17
        6: TURN_TO SATELLITE7 GROUNDSTATION2 STAR37
        7: TURN_TO SATELLITE9 GROUNDSTATION10 STAR30
        8: TAKE_IMAGE SATELLITE0 PHENOMENON36 INSTRUMENT0 IMAGE4
     

time spent:    0.00 seconds instantiating 19488 easy, 0 hard action templates
               0.00 seconds reachability analysis, yielding 702 facts and 19488 actions
               0.00 seconds creating final representation with 702 relevant facts, 0 relevant fluents
               0.02 seconds computing LNF
               0.01 seconds building connectivity graph
               0.00 seconds searching, evaluating 10 states, to a max depth of 1
               0.03 seconds total time

