
ff: parsing domain file
domain 'SATELLITE' defined
 ... done.
ff: parsing problem file
problem 'STRIPS-SAT-X-1' defined
 ... done.


no metric specified. plan length assumed.

checking for cyclic := effects --- OK.

ff: search configuration is EHC, if that fails then  best-first on 1*g(s) + 5*h(s) where
    metric is  plan length

Cueing down from goal distance:    7 into depth [1]
                                   6            [1]
                                   5            [1]
                                   4            [1]
                                   3            [1]
                                   2            [1]
                                   1            [1]
                                   0            

ff: found legal plan as follows

step    0: TURN_TO SATELLITE0 STAR0 GROUNDSTATION31
        1: SWITCH_ON INSTRUMENT3 SATELLITE0
        2: CALIBRATE SATELLITE0 INSTRUMENT3 STAR0
        3: TURN_TO SATELLITE0 PHENOMENON37 STAR0
        4: TURN_TO SATELLITE2 STAR34 STAR24
        5: TAKE_IMAGE SATELLITE0 PHENOMENON37 INSTRUMENT3 INFRARED2
        6: TURN_TO SATELLITE0 STAR24 PHENOMENON37
     

time spent:    0.00 seconds instantiating 20196 easy, 0 hard action templates
               0.00 seconds reachability analysis, yielding 724 facts and 20196 actions
               0.00 seconds creating final representation with 724 relevant facts, 0 relevant fluents
               0.03 seconds computing LNF
               0.00 seconds building connectivity graph
               0.01 seconds searching, evaluating 10 states, to a max depth of 1
               0.04 seconds total time

