
ff: parsing domain file
domain 'SATELLITE' defined
 ... done.
ff: parsing problem file
problem 'STRIPS-SAT-X-1' defined
 ... done.


no metric specified. plan length assumed.

checking for cyclic := effects --- OK.

ff: search configuration is EHC, if that fails then  best-first on 1*g(s) + 5*h(s) where
    metric is  plan length

Cueing down from goal distance:   14 into depth [1]
                                  13            [1]
                                   9            [1]
                                   8            [1]
                                   7            [1]
                                   6            [1]
                                   5            [1]
                                   4            [1]
                                   3            [1]
                                   2            [1]
                                   1            [1]
                                   0            

ff: found legal plan as follows

step    0: TURN_TO SATELLITE0 STAR39 STAR9
        1: SWITCH_ON INSTRUMENT2 SATELLITE0
        2: CALIBRATE SATELLITE0 INSTRUMENT2 STAR39
        3: TURN_TO SATELLITE0 PLANET117 STAR39
        4: TURN_TO SATELLITE3 GROUNDSTATION70 STAR71
        5: TURN_TO SATELLITE7 GROUNDSTATION82 GROUNDSTATION90
        6: TURN_TO SATELLITE9 STAR20 GROUNDSTATION90
        7: TAKE_IMAGE SATELLITE0 PLANET117 INSTRUMENT2 IMAGE3
        8: TURN_TO SATELLITE0 STAR118 PLANET117
        9: TAKE_IMAGE SATELLITE0 STAR118 INSTRUMENT2 THERMOGRAPH0
       10: TURN_TO SATELLITE0 GROUNDSTATION90 STAR118
     

time spent:    0.00 seconds instantiating 159763 easy, 0 hard action templates
               0.02 seconds reachability analysis, yielding 1929 facts and 159763 actions
               0.03 seconds creating final representation with 1929 relevant facts, 0 relevant fluents
               0.22 seconds computing LNF
               0.08 seconds building connectivity graph
               0.24 seconds searching, evaluating 23 states, to a max depth of 1
               0.59 seconds total time

