
ff: parsing domain file
domain 'SATELLITE' defined
 ... done.
ff: parsing problem file
problem 'STRIPS-SAT-X-1' defined
 ... done.


no metric specified. plan length assumed.

checking for cyclic := effects --- OK.

ff: search configuration is EHC, if that fails then  best-first on 1*g(s) + 5*h(s) where
    metric is  plan length

Cueing down from goal distance:   10 into depth [1]
                                   9            [1]
                                   8            [1]
                                   7            [1]
                                   6            [1]
                                   5            [1]
                                   4            [1]
                                   3            [1]
                                   2            [1]
                                   1            [1]
                                   0            

ff: found legal plan as follows

step    0: SWITCH_ON INSTRUMENT4 SATELLITE1
        1: CALIBRATE SATELLITE1 INSTRUMENT4 STAR25
        2: TURN_TO SATELLITE1 PLANET117 STAR25
        3: TURN_TO SATELLITE2 GROUNDSTATION8 GROUNDSTATION77
        4: TURN_TO SATELLITE3 GROUNDSTATION37 GROUNDSTATION50
        5: TURN_TO SATELLITE6 STAR33 STAR101
        6: TURN_TO SATELLITE8 GROUNDSTATION97 STAR102
        7: TAKE_IMAGE SATELLITE1 PLANET117 INSTRUMENT4 SPECTROGRAPH1
        8: TURN_TO SATELLITE1 STAR118 PLANET117
        9: TAKE_IMAGE SATELLITE1 STAR118 INSTRUMENT4 SPECTROGRAPH1
     

time spent:    0.00 seconds instantiating 153031 easy, 0 hard action templates
               0.01 seconds reachability analysis, yielding 1887 facts and 153031 actions
               0.03 seconds creating final representation with 1887 relevant facts, 0 relevant fluents
               0.16 seconds computing LNF
               0.05 seconds building connectivity graph
               0.13 seconds searching, evaluating 18 states, to a max depth of 1
               0.38 seconds total time

