
ff: parsing domain file
domain 'SATELLITE' defined
 ... done.
ff: parsing problem file
problem 'STRIPS-SAT-X-1' defined
 ... done.


no metric specified. plan length assumed.

checking for cyclic := effects --- OK.

ff: search configuration is EHC, if that fails then  best-first on 1*g(s) + 5*h(s) where
    metric is  plan length

Cueing down from goal distance:   13 into depth [1]
                                  12            [1]
                                   8            [1]
                                   7            [1]
                                   6            [1]
                                   5            [1]
                                   4            [1]
                                   3            [1]
                                   2            [1]
                                   1            [1]
                                   0            

ff: found legal plan as follows

step    0: TURN_TO SATELLITE0 GROUNDSTATION122 STAR59
        1: SWITCH_ON INSTRUMENT4 SATELLITE0
        2: CALIBRATE SATELLITE0 INSTRUMENT4 GROUNDSTATION122
        3: TURN_TO SATELLITE0 PHENOMENON158 GROUNDSTATION122
        4: TURN_TO SATELLITE4 GROUNDSTATION100 STAR4
        5: TURN_TO SATELLITE7 GROUNDSTATION3 GROUNDSTATION83
        6: TURN_TO SATELLITE9 STAR103 STAR4
        7: TAKE_IMAGE SATELLITE0 PHENOMENON158 INSTRUMENT4 INFRARED2
        8: TURN_TO SATELLITE0 PLANET159 PHENOMENON158
        9: TAKE_IMAGE SATELLITE0 PLANET159 INSTRUMENT4 IMAGE4
     

time spent:    0.01 seconds instantiating 281710 easy, 0 hard action templates
               0.03 seconds reachability analysis, yielding 2552 facts and 281710 actions
               0.05 seconds creating final representation with 2552 relevant facts, 0 relevant fluents
               0.32 seconds computing LNF
               0.12 seconds building connectivity graph
               0.34 seconds searching, evaluating 17 states, to a max depth of 1
               0.87 seconds total time

