
ff: parsing domain file
domain 'SATELLITE' defined
 ... done.
ff: parsing problem file
problem 'STRIPS-SAT-X-1' defined
 ... done.


no metric specified. plan length assumed.

checking for cyclic := effects --- OK.

ff: search configuration is EHC, if that fails then  best-first on 1*g(s) + 5*h(s) where
    metric is  plan length

Cueing down from goal distance:    8 into depth [1]
                                   7            [1]
                                   6            [1]
                                   5            [1]
                                   4            [1]
                                   3            [1]
                                   2            [1]
                                   1            [1]
                                   0            

ff: found legal plan as follows

step    0: SWITCH_ON INSTRUMENT0 SATELLITE0
        1: CALIBRATE SATELLITE0 INSTRUMENT0 STAR10
        2: TURN_TO SATELLITE0 STAR158 STAR10
        3: TURN_TO SATELLITE2 GROUNDSTATION21 STAR26
        4: TURN_TO SATELLITE7 STAR118 STAR11
        5: TAKE_IMAGE SATELLITE0 STAR158 INSTRUMENT0 INFRARED2
        6: TURN_TO SATELLITE0 STAR159 STAR158
        7: TAKE_IMAGE SATELLITE0 STAR159 INSTRUMENT0 INFRARED2
     

time spent:    0.01 seconds instantiating 275904 easy, 0 hard action templates
               0.02 seconds reachability analysis, yielding 2526 facts and 275904 actions
               0.05 seconds creating final representation with 2526 relevant facts, 0 relevant fluents
               0.35 seconds computing LNF
               0.12 seconds building connectivity graph
               0.23 seconds searching, evaluating 14 states, to a max depth of 1
               0.78 seconds total time

