
ff: parsing domain file
domain 'SATELLITE' defined
 ... done.
ff: parsing problem file
problem 'STRIPS-SAT-X-1' defined
 ... done.


no metric specified. plan length assumed.

checking for cyclic := effects --- OK.

ff: search configuration is EHC, if that fails then  best-first on 1*g(s) + 5*h(s) where
    metric is  plan length

Cueing down from goal distance:   11 into depth [1]
                                  10            [1]
                                   9            [1]
                                   8            [1]
                                   7            [1]
                                   6            [1]
                                   5            [1]
                                   4            [1]
                                   3            [1]
                                   2            [1]
                                   1            [1]
                                   0            

ff: found legal plan as follows

step    0: TURN_TO SATELLITE0 STAR133 STAR108
        1: SWITCH_ON INSTRUMENT1 SATELLITE0
        2: CALIBRATE SATELLITE0 INSTRUMENT1 STAR133
        3: TURN_TO SATELLITE0 STAR158 STAR133
        4: TURN_TO SATELLITE5 STAR133 GROUNDSTATION49
        5: TURN_TO SATELLITE6 STAR72 STAR119
        6: TURN_TO SATELLITE7 GROUNDSTATION36 GROUNDSTATION53
        7: TURN_TO SATELLITE8 GROUNDSTATION30 GROUNDSTATION148
        8: TAKE_IMAGE SATELLITE0 STAR158 INSTRUMENT1 INFRARED0
        9: TURN_TO SATELLITE0 PHENOMENON159 STAR158
       10: TAKE_IMAGE SATELLITE0 PHENOMENON159 INSTRUMENT1 INFRARED0
     

time spent:    0.00 seconds instantiating 274723 easy, 0 hard action templates
               0.03 seconds reachability analysis, yielding 2516 facts and 274723 actions
               0.06 seconds creating final representation with 2516 relevant facts, 0 relevant fluents
               0.33 seconds computing LNF
               0.11 seconds building connectivity graph
               0.31 seconds searching, evaluating 19 states, to a max depth of 1
               0.84 seconds total time

