
ff: parsing domain file
domain 'SATELLITE' defined
 ... done.
ff: parsing problem file
problem 'STRIPS-SAT-X-1' defined
 ... done.


no metric specified. plan length assumed.

checking for cyclic := effects --- OK.

ff: search configuration is EHC, if that fails then  best-first on 1*g(s) + 5*h(s) where
    metric is  plan length

Cueing down from goal distance:   11 into depth [1]
                                  10            [1]
                                   9            [1]
                                   8            [1]
                                   7            [1]
                                   6            [1]
                                   5            [1]
                                   4            [1]
                                   3            [1]
                                   2            [1]
                                   1            [1]
                                   0            

ff: found legal plan as follows

step    0: TURN_TO SATELLITE0 GROUNDSTATION29 GROUNDSTATION10
        1: SWITCH_ON INSTRUMENT0 SATELLITE0
        2: CALIBRATE SATELLITE0 INSTRUMENT0 GROUNDSTATION29
        3: TURN_TO SATELLITE0 PHENOMENON158 GROUNDSTATION29
        4: TURN_TO SATELLITE4 GROUNDSTATION48 GROUNDSTATION136
        5: TURN_TO SATELLITE7 STAR142 STAR77
        6: TURN_TO SATELLITE8 GROUNDSTATION41 STAR86
        7: TAKE_IMAGE SATELLITE0 PHENOMENON158 INSTRUMENT0 INFRARED4
        8: TURN_TO SATELLITE0 STAR159 PHENOMENON158
        9: TAKE_IMAGE SATELLITE0 STAR159 INSTRUMENT0 INFRARED4
       10: TURN_TO SATELLITE0 STAR46 STAR159
     

time spent:    0.00 seconds instantiating 271611 easy, 0 hard action templates
               0.02 seconds reachability analysis, yielding 2502 facts and 271611 actions
               0.05 seconds creating final representation with 2502 relevant facts, 0 relevant fluents
               0.32 seconds computing LNF
               0.11 seconds building connectivity graph
               0.38 seconds searching, evaluating 23 states, to a max depth of 1
               0.88 seconds total time

