
ff: parsing domain file
domain 'SATELLITE' defined
 ... done.
ff: parsing problem file
problem 'STRIPS-SAT-X-1' defined
 ... done.


no metric specified. plan length assumed.

checking for cyclic := effects --- OK.

ff: search configuration is EHC, if that fails then  best-first on 1*g(s) + 5*h(s) where
    metric is  plan length

Cueing down from goal distance:   10 into depth [1]
                                   9            [1]
                                   8            [1]
                                   7            [1]
                                   6            [1]
                                   5            [1]
                                   4            [1]
                                   3            [1]
                                   2            [1]
                                   1            [1]
                                   0            

ff: found legal plan as follows

step    0: SWITCH_ON INSTRUMENT1 SATELLITE0
        1: CALIBRATE SATELLITE0 INSTRUMENT1 GROUNDSTATION131
        2: TURN_TO SATELLITE0 PLANET158 GROUNDSTATION131
        3: TURN_TO SATELLITE3 GROUNDSTATION95 GROUNDSTATION143
        4: TURN_TO SATELLITE4 GROUNDSTATION9 STAR30
        5: TURN_TO SATELLITE6 STAR52 PLANET158
        6: TURN_TO SATELLITE9 STAR139 STAR80
        7: TAKE_IMAGE SATELLITE0 PLANET158 INSTRUMENT1 INFRARED3
        8: TURN_TO SATELLITE0 PLANET159 PLANET158
        9: TAKE_IMAGE SATELLITE0 PLANET159 INSTRUMENT1 SPECTROGRAPH1
     

time spent:    0.00 seconds instantiating 267120 easy, 0 hard action templates
               0.03 seconds reachability analysis, yielding 2476 facts and 267120 actions
               0.05 seconds creating final representation with 2476 relevant facts, 0 relevant fluents
               0.32 seconds computing LNF
               0.11 seconds building connectivity graph
               0.29 seconds searching, evaluating 18 states, to a max depth of 1
               0.80 seconds total time

