
ff: parsing domain file
domain 'SATELLITE' defined
 ... done.
ff: parsing problem file
problem 'STRIPS-SAT-X-1' defined
 ... done.


no metric specified. plan length assumed.

checking for cyclic := effects --- OK.

ff: search configuration is EHC, if that fails then  best-first on 1*g(s) + 5*h(s) where
    metric is  plan length

Cueing down from goal distance:   16 into depth [1]
                                  15            [1]
                                  14            [1]
                                  13            [1]
                                  12            [1]
                                  11            [1]
                                  10            [1]
                                   9            [1]
                                   8            [1]
                                   7            [1]
                                   6            [1]
                                   5            [1]
                                   4            [1]
                                   3            [1]
                                   2            [1]
                                   1            [1]
                                   0            

ff: found legal plan as follows

step    0: TURN_TO SATELLITE0 GROUNDSTATION13 STAR60
        1: SWITCH_ON INSTRUMENT0 SATELLITE0
        2: TURN_TO SATELLITE1 GROUNDSTATION111 STAR83
        3: CALIBRATE SATELLITE0 INSTRUMENT0 GROUNDSTATION13
        4: TURN_TO SATELLITE0 PHENOMENON158 GROUNDSTATION13
        5: SWITCH_ON INSTRUMENT11 SATELLITE1
        6: CALIBRATE SATELLITE1 INSTRUMENT11 GROUNDSTATION111
        7: TURN_TO SATELLITE1 STAR159 GROUNDSTATION111
        8: TURN_TO SATELLITE2 GROUNDSTATION136 STAR22
        9: TURN_TO SATELLITE3 STAR23 STAR72
       10: TURN_TO SATELLITE4 STAR50 STAR40
       11: TURN_TO SATELLITE6 STAR110 GROUNDSTATION100
       12: TURN_TO SATELLITE9 STAR45 STAR37
       13: TAKE_IMAGE SATELLITE0 PHENOMENON158 INSTRUMENT0 THERMOGRAPH0
       14: TURN_TO SATELLITE0 STAR140 PHENOMENON158
       15: TAKE_IMAGE SATELLITE1 STAR159 INSTRUMENT11 INFRARED2
     

time spent:    0.00 seconds instantiating 277363 easy, 0 hard action templates
               0.03 seconds reachability analysis, yielding 2530 facts and 277363 actions
               0.05 seconds creating final representation with 2530 relevant facts, 0 relevant fluents
               0.31 seconds computing LNF
               0.10 seconds building connectivity graph
               0.36 seconds searching, evaluating 24 states, to a max depth of 1
               0.85 seconds total time

