
ff: parsing domain file
domain 'SATELLITE' defined
 ... done.
ff: parsing problem file
problem 'STRIPS-SAT-X-1' defined
 ... done.


no metric specified. plan length assumed.

checking for cyclic := effects --- OK.

ff: search configuration is EHC, if that fails then  best-first on 1*g(s) + 5*h(s) where
    metric is  plan length

Cueing down from goal distance:   10 into depth [1]
                                   9            [1]
                                   8            [1]
                                   7            [1]
                                   6            [1]
                                   5            [1]
                                   4            [1]
                                   3            [1]
                                   2            [1]
                                   1            [1]
                                   0            

ff: found legal plan as follows

step    0: TURN_TO SATELLITE0 GROUNDSTATION81 GROUNDSTATION59
        1: SWITCH_ON INSTRUMENT1 SATELLITE0
        2: CALIBRATE SATELLITE0 INSTRUMENT1 GROUNDSTATION81
        3: TURN_TO SATELLITE0 PLANET158 GROUNDSTATION81
        4: TURN_TO SATELLITE3 GROUNDSTATION114 STAR133
        5: TURN_TO SATELLITE4 GROUNDSTATION33 STAR109
        6: TURN_TO SATELLITE6 GROUNDSTATION79 GROUNDSTATION116
        7: TAKE_IMAGE SATELLITE0 PLANET158 INSTRUMENT1 SPECTROGRAPH0
        8: TURN_TO SATELLITE0 PHENOMENON159 PLANET158
        9: TAKE_IMAGE SATELLITE0 PHENOMENON159 INSTRUMENT1 SPECTROGRAPH0
     

time spent:    0.01 seconds instantiating 276852 easy, 0 hard action templates
               0.02 seconds reachability analysis, yielding 2526 facts and 276852 actions
               0.05 seconds creating final representation with 2526 relevant facts, 0 relevant fluents
               0.35 seconds computing LNF
               0.12 seconds building connectivity graph
               0.34 seconds searching, evaluating 17 states, to a max depth of 1
               0.89 seconds total time

