
ff: parsing domain file
domain 'SATELLITE' defined
 ... done.
ff: parsing problem file
problem 'STRIPS-SAT-X-1' defined
 ... done.


no metric specified. plan length assumed.

checking for cyclic := effects --- OK.

ff: search configuration is EHC, if that fails then  best-first on 1*g(s) + 5*h(s) where
    metric is  plan length

Cueing down from goal distance:   12 into depth [1]
                                  11            [1]
                                  10            [1]
                                   9            [1]
                                   8            [1]
                                   7            [1]
                                   6            [1]
                                   5            [1]
                                   4            [1]
                                   3            [1]
                                   2            [1]
                                   1            [1]
                                   0            

ff: found legal plan as follows

step    0: TURN_TO SATELLITE0 STAR17 STAR53
        1: SWITCH_ON INSTRUMENT0 SATELLITE0
        2: CALIBRATE SATELLITE0 INSTRUMENT0 STAR17
        3: TURN_TO SATELLITE0 PHENOMENON134 STAR17
        4: TURN_TO SATELLITE1 GROUNDSTATION18 GROUNDSTATION13
        5: TURN_TO SATELLITE2 GROUNDSTATION103 GROUNDSTATION35
        6: TURN_TO SATELLITE3 GROUNDSTATION123 GROUNDSTATION61
        7: TURN_TO SATELLITE7 GROUNDSTATION39 GROUNDSTATION87
        8: TURN_TO SATELLITE9 STAR36 GROUNDSTATION1
        9: TAKE_IMAGE SATELLITE0 PHENOMENON134 INSTRUMENT0 INFRARED2
       10: TURN_TO SATELLITE0 PLANET135 PHENOMENON134
       11: TAKE_IMAGE SATELLITE0 PLANET135 INSTRUMENT0 SPECTROGRAPH4
     

time spent:    0.00 seconds instantiating 199781 easy, 0 hard action templates
               0.02 seconds reachability analysis, yielding 2152 facts and 199781 actions
               0.03 seconds creating final representation with 2152 relevant facts, 0 relevant fluents
               0.24 seconds computing LNF
               0.09 seconds building connectivity graph
               0.23 seconds searching, evaluating 21 states, to a max depth of 1
               0.61 seconds total time

