
ff: parsing domain file
domain 'SATELLITE' defined
 ... done.
ff: parsing problem file
problem 'STRIPS-SAT-X-1' defined
 ... done.


no metric specified. plan length assumed.

checking for cyclic := effects --- OK.

ff: search configuration is EHC, if that fails then  best-first on 1*g(s) + 5*h(s) where
    metric is  plan length

Cueing down from goal distance:   19 into depth [1]
                                  18            [1]
                                  16            [1]
                                  15            [1]
                                  14            [1]
                                  13            [1]
                                  12            [1]
                                  11            [1]
                                  10            [1]
                                   9            [1]
                                   8            [1]
                                   7            [1]
                                   6            [1]
                                   5            [1]
                                   4            [1]
                                   3            [1]
                                   2            [1]
                                   1            [1]
                                   0            

ff: found legal plan as follows

step    0: TURN_TO SATELLITE0 GROUNDSTATION99 GROUNDSTATION162
        1: SWITCH_ON INSTRUMENT4 SATELLITE0
        2: CALIBRATE SATELLITE0 INSTRUMENT4 GROUNDSTATION99
        3: TURN_TO SATELLITE0 PHENOMENON171 GROUNDSTATION99
        4: SWITCH_ON INSTRUMENT8 SATELLITE1
        5: CALIBRATE SATELLITE1 INSTRUMENT8 GROUNDSTATION125
        6: TURN_TO SATELLITE1 PHENOMENON172 GROUNDSTATION125
        7: TURN_TO SATELLITE2 STAR30 STAR127
        8: TURN_TO SATELLITE3 STAR9 GROUNDSTATION74
        9: TURN_TO SATELLITE4 GROUNDSTATION93 STAR166
       10: TURN_TO SATELLITE5 STAR19 GROUNDSTATION13
       11: TURN_TO SATELLITE6 STAR166 GROUNDSTATION129
       12: TURN_TO SATELLITE8 GROUNDSTATION104 STAR88
       13: TURN_TO SATELLITE9 STAR116 GROUNDSTATION21
       14: TAKE_IMAGE SATELLITE0 PHENOMENON171 INSTRUMENT4 THERMOGRAPH0
       15: TURN_TO SATELLITE0 GROUNDSTATION32 PHENOMENON171
       16: TAKE_IMAGE SATELLITE1 PHENOMENON172 INSTRUMENT8 SPECTROGRAPH3
       17: TURN_TO SATELLITE1 GROUNDSTATION99 PHENOMENON172
     

time spent:    0.00 seconds instantiating 329487 easy, 0 hard action templates
               0.04 seconds reachability analysis, yielding 2755 facts and 329487 actions
               0.06 seconds creating final representation with 2755 relevant facts, 0 relevant fluents
               0.44 seconds computing LNF
               0.15 seconds building connectivity graph
               0.61 seconds searching, evaluating 37 states, to a max depth of 1
               1.30 seconds total time

