
ff: parsing domain file
domain 'SATELLITE' defined
 ... done.
ff: parsing problem file
problem 'STRIPS-SAT-X-1' defined
 ... done.


no metric specified. plan length assumed.

checking for cyclic := effects --- OK.

ff: search configuration is EHC, if that fails then  best-first on 1*g(s) + 5*h(s) where
    metric is  plan length

Cueing down from goal distance:   12 into depth [1]
                                   8            [1]
                                   7            [1]
                                   6            [1]
                                   5            [1][2]
                                   4            [1]
                                   3            [1]
                                   2            [1]
                                   1            [1]
                                   0            

ff: found legal plan as follows

step    0: SWITCH_ON INSTRUMENT2 SATELLITE1
        1: TURN_TO SATELLITE3 GROUNDSTATION122 STAR61
        2: TURN_TO SATELLITE8 STAR67 GROUNDSTATION131
        3: TURN_TO SATELLITE9 STAR71 STAR21
        4: TURN_TO SATELLITE1 STAR163 PLANET172
        5: CALIBRATE SATELLITE1 INSTRUMENT2 STAR163
        6: TURN_TO SATELLITE1 PLANET171 STAR163
        7: TAKE_IMAGE SATELLITE1 PLANET171 INSTRUMENT2 SPECTROGRAPH0
        8: TURN_TO SATELLITE1 PLANET172 PLANET171
        9: TAKE_IMAGE SATELLITE1 PLANET172 INSTRUMENT2 INFRARED2
     

time spent:    0.01 seconds instantiating 315210 easy, 0 hard action templates
               0.03 seconds reachability analysis, yielding 2695 facts and 315210 actions
               0.05 seconds creating final representation with 2695 relevant facts, 0 relevant fluents
               0.35 seconds computing LNF
               0.13 seconds building connectivity graph
               0.54 seconds searching, evaluating 23 states, to a max depth of 2
               1.11 seconds total time

