
ff: parsing domain file
domain 'SATELLITE' defined
 ... done.
ff: parsing problem file
problem 'STRIPS-SAT-X-1' defined
 ... done.


no metric specified. plan length assumed.

checking for cyclic := effects --- OK.

ff: search configuration is EHC, if that fails then  best-first on 1*g(s) + 5*h(s) where
    metric is  plan length

Cueing down from goal distance:   15 into depth [1]
                                  14            [1]
                                  12            [1]
                                  11            [1]
                                  10            [1]
                                   9            [1]
                                   8            [1]
                                   7            [1]
                                   6            [1]
                                   5            [1]
                                   4            [1]
                                   3            [1]
                                   2            [1]
                                   1            [1]
                                   0            

ff: found legal plan as follows

step    0: TURN_TO SATELLITE0 STAR115 STAR73
        1: SWITCH_ON INSTRUMENT1 SATELLITE0
        2: CALIBRATE SATELLITE0 INSTRUMENT1 STAR115
        3: TURN_TO SATELLITE0 PHENOMENON171 STAR115
        4: SWITCH_ON INSTRUMENT4 SATELLITE1
        5: CALIBRATE SATELLITE1 INSTRUMENT4 GROUNDSTATION87
        6: TURN_TO SATELLITE1 STAR172 GROUNDSTATION87
        7: TURN_TO SATELLITE2 GROUNDSTATION116 STAR69
        8: TURN_TO SATELLITE4 STAR64 GROUNDSTATION130
        9: TURN_TO SATELLITE5 PHENOMENON171 STAR111
       10: TURN_TO SATELLITE8 GROUNDSTATION135 GROUNDSTATION144
       11: TAKE_IMAGE SATELLITE0 PHENOMENON171 INSTRUMENT1 IMAGE3
       12: TAKE_IMAGE SATELLITE1 STAR172 INSTRUMENT4 SPECTROGRAPH4
       13: TURN_TO SATELLITE1 STAR143 STAR172
     

time spent:    0.01 seconds instantiating 321245 easy, 0 hard action templates
               0.03 seconds reachability analysis, yielding 2727 facts and 321245 actions
               0.06 seconds creating final representation with 2727 relevant facts, 0 relevant fluents
               0.37 seconds computing LNF
               0.13 seconds building connectivity graph
               0.33 seconds searching, evaluating 22 states, to a max depth of 1
               0.93 seconds total time

