
ff: parsing domain file
domain 'SATELLITE' defined
 ... done.
ff: parsing problem file
problem 'STRIPS-SAT-X-1' defined
 ... done.


no metric specified. plan length assumed.

checking for cyclic := effects --- OK.

ff: search configuration is EHC, if that fails then  best-first on 1*g(s) + 5*h(s) where
    metric is  plan length

Cueing down from goal distance:   14 into depth [1]
                                  13            [1]
                                  12            [1]
                                  11            [1]
                                  10            [1]
                                   9            [1]
                                   8            [1]
                                   7            [1]
                                   6            [1]
                                   5            [1]
                                   4            [1]
                                   3            [1][2]
                                   2            [1]
                                   1            [1]
                                   0            

ff: found legal plan as follows

step    0: SWITCH_ON INSTRUMENT56 SATELLITE9
        1: SWITCH_ON INSTRUMENT1 SATELLITE0
        2: CALIBRATE SATELLITE0 INSTRUMENT1 GROUNDSTATION168
        3: TURN_TO SATELLITE0 PLANET172 GROUNDSTATION168
        4: TURN_TO SATELLITE1 STAR161 STAR55
        5: TURN_TO SATELLITE3 STAR127 GROUNDSTATION70
        6: TURN_TO SATELLITE4 GROUNDSTATION74 GROUNDSTATION48
        7: TURN_TO SATELLITE5 GROUNDSTATION85 GROUNDSTATION140
        8: TURN_TO SATELLITE6 STAR126 STAR97
        9: TAKE_IMAGE SATELLITE0 PLANET172 INSTRUMENT1 INFRARED4
       10: TURN_TO SATELLITE0 GROUNDSTATION84 PLANET172
       11: TURN_TO SATELLITE9 STAR150 PHENOMENON171
       12: CALIBRATE SATELLITE9 INSTRUMENT56 STAR150
       13: TURN_TO SATELLITE9 PHENOMENON171 STAR150
       14: TAKE_IMAGE SATELLITE9 PHENOMENON171 INSTRUMENT56 INFRARED3
     

time spent:    0.01 seconds instantiating 322191 easy, 0 hard action templates
               0.03 seconds reachability analysis, yielding 2721 facts and 322191 actions
               0.04 seconds creating final representation with 2721 relevant facts, 0 relevant fluents
               0.37 seconds computing LNF
               0.13 seconds building connectivity graph
               0.80 seconds searching, evaluating 33 states, to a max depth of 2
               1.38 seconds total time

