
ff: parsing domain file
domain 'SATELLITE' defined
 ... done.
ff: parsing problem file
problem 'STRIPS-SAT-X-1' defined
 ... done.


no metric specified. plan length assumed.

checking for cyclic := effects --- OK.

ff: search configuration is EHC, if that fails then  best-first on 1*g(s) + 5*h(s) where
    metric is  plan length

Cueing down from goal distance:   11 into depth [1]
                                  10            [1]
                                   9            [1]
                                   8            [1]
                                   7            [1]
                                   6            [1]
                                   5            [1]
                                   4            [1]
                                   3            [1]
                                   2            [1]
                                   1            [1]
                                   0            

ff: found legal plan as follows

step    0: TURN_TO SATELLITE0 GROUNDSTATION106 STAR78
        1: SWITCH_ON INSTRUMENT1 SATELLITE0
        2: CALIBRATE SATELLITE0 INSTRUMENT1 GROUNDSTATION106
        3: TURN_TO SATELLITE0 PHENOMENON171 GROUNDSTATION106
        4: TURN_TO SATELLITE2 STAR158 STAR124
        5: TURN_TO SATELLITE3 GROUNDSTATION79 GROUNDSTATION164
        6: TURN_TO SATELLITE6 STAR46 GROUNDSTATION122
        7: TURN_TO SATELLITE8 STAR41 GROUNDSTATION106
        8: TURN_TO SATELLITE9 PHENOMENON171 STAR35
        9: TAKE_IMAGE SATELLITE0 PHENOMENON171 INSTRUMENT1 IMAGE0
       10: TURN_TO SATELLITE0 GROUNDSTATION131 PHENOMENON171
     

time spent:    0.01 seconds instantiating 312831 easy, 0 hard action templates
               0.02 seconds reachability analysis, yielding 2675 facts and 312831 actions
               0.05 seconds creating final representation with 2675 relevant facts, 0 relevant fluents
               0.35 seconds computing LNF
               0.13 seconds building connectivity graph
               0.23 seconds searching, evaluating 18 states, to a max depth of 1
               0.79 seconds total time

