
ff: parsing domain file
domain 'SATELLITE' defined
 ... done.
ff: parsing problem file
problem 'STRIPS-SAT-X-1' defined
 ... done.


no metric specified. plan length assumed.

checking for cyclic := effects --- OK.

ff: search configuration is EHC, if that fails then  best-first on 1*g(s) + 5*h(s) where
    metric is  plan length

Cueing down from goal distance:    7 into depth [1]
                                   6            [1]
                                   5            [1]
                                   4            [1][2]
                                   3            [1]
                                   2            [1]
                                   1            [1]
                                   0            

ff: found legal plan as follows

step    0: SWITCH_ON INSTRUMENT39 SATELLITE8
        1: TURN_TO SATELLITE0 STAR12 GROUNDSTATION110
        2: TURN_TO SATELLITE5 STAR1 STAR88
        3: TURN_TO SATELLITE8 STAR54 PHENOMENON167
        4: CALIBRATE SATELLITE8 INSTRUMENT39 STAR54
        5: TURN_TO SATELLITE8 PHENOMENON167 STAR54
        6: TAKE_IMAGE SATELLITE8 PHENOMENON167 INSTRUMENT39 INFRARED3
        7: TURN_TO SATELLITE8 GROUNDSTATION47 PHENOMENON167
     

time spent:    0.00 seconds instantiating 301122 easy, 0 hard action templates
               0.03 seconds reachability analysis, yielding 2636 facts and 301122 actions
               0.07 seconds creating final representation with 2636 relevant facts, 0 relevant fluents
               0.34 seconds computing LNF
               0.11 seconds building connectivity graph
               0.25 seconds searching, evaluating 14 states, to a max depth of 2
               0.80 seconds total time

