
ff: parsing domain file
domain 'SATELLITE' defined
 ... done.
ff: parsing problem file
problem 'STRIPS-SAT-X-1' defined
 ... done.


no metric specified. plan length assumed.

checking for cyclic := effects --- OK.

ff: search configuration is EHC, if that fails then  best-first on 1*g(s) + 5*h(s) where
    metric is  plan length

Cueing down from goal distance:   10 into depth [1]
                                   9            [1]
                                   8            [1]
                                   7            [1]
                                   6            [1]
                                   5            [1]
                                   4            [1]
                                   3            [1]
                                   2            [1]
                                   1            [1]
                                   0            

ff: found legal plan as follows

step    0: TURN_TO SATELLITE1 STAR126 STAR21
        1: SWITCH_ON INSTRUMENT2 SATELLITE1
        2: CALIBRATE SATELLITE1 INSTRUMENT2 STAR126
        3: TURN_TO SATELLITE1 STAR166 STAR126
        4: TURN_TO SATELLITE0 STAR92 GROUNDSTATION82
        5: TURN_TO SATELLITE2 STAR110 GROUNDSTATION60
        6: TURN_TO SATELLITE6 GROUNDSTATION94 STAR75
        7: TAKE_IMAGE SATELLITE1 STAR166 INSTRUMENT2 INFRARED4
        8: TURN_TO SATELLITE1 PLANET167 STAR166
        9: TAKE_IMAGE SATELLITE1 PLANET167 INSTRUMENT2 INFRARED4
     

time spent:    0.01 seconds instantiating 303796 easy, 0 hard action templates
               0.02 seconds reachability analysis, yielding 2654 facts and 303796 actions
               0.05 seconds creating final representation with 2654 relevant facts, 0 relevant fluents
               0.35 seconds computing LNF
               0.11 seconds building connectivity graph
               0.37 seconds searching, evaluating 17 states, to a max depth of 1
               0.91 seconds total time

