
ff: parsing domain file
domain 'SATELLITE' defined
 ... done.
ff: parsing problem file
problem 'STRIPS-SAT-X-1' defined
 ... done.


no metric specified. plan length assumed.

checking for cyclic := effects --- OK.

ff: search configuration is EHC, if that fails then  best-first on 1*g(s) + 5*h(s) where
    metric is  plan length

Cueing down from goal distance:   12 into depth [1]
                                  11            [1]
                                   8            [1]
                                   7            [1]
                                   6            [1]
                                   5            [1]
                                   4            [1]
                                   3            [1]
                                   2            [1]
                                   1            [1]
                                   0            

ff: found legal plan as follows

step    0: TURN_TO SATELLITE0 STAR76 GROUNDSTATION8
        1: SWITCH_ON INSTRUMENT6 SATELLITE2
        2: CALIBRATE SATELLITE2 INSTRUMENT6 STAR20
        3: TURN_TO SATELLITE2 STAR166 STAR20
        4: TURN_TO SATELLITE4 GROUNDSTATION161 STAR15
        5: TURN_TO SATELLITE5 STAR100 STAR25
        6: TURN_TO SATELLITE7 STAR105 GROUNDSTATION77
        7: TAKE_IMAGE SATELLITE2 STAR166 INSTRUMENT6 THERMOGRAPH4
        8: TURN_TO SATELLITE2 PHENOMENON167 STAR166
        9: TAKE_IMAGE SATELLITE2 PHENOMENON167 INSTRUMENT6 THERMOGRAPH0
     

time spent:    0.01 seconds instantiating 299341 easy, 0 hard action templates
               0.02 seconds reachability analysis, yielding 2622 facts and 299341 actions
               0.06 seconds creating final representation with 2622 relevant facts, 0 relevant fluents
               0.37 seconds computing LNF
               0.13 seconds building connectivity graph
               0.34 seconds searching, evaluating 16 states, to a max depth of 1
               0.93 seconds total time

