
ff: parsing domain file
domain 'SATELLITE' defined
 ... done.
ff: parsing problem file
problem 'STRIPS-SAT-X-1' defined
 ... done.


no metric specified. plan length assumed.

checking for cyclic := effects --- OK.

ff: search configuration is EHC, if that fails then  best-first on 1*g(s) + 5*h(s) where
    metric is  plan length

Cueing down from goal distance:   13 into depth [1]
                                  12            [1]
                                  11            [1]
                                  10            [1]
                                   9            [1]
                                   8            [1]
                                   7            [1]
                                   6            [1]
                                   5            [1]
                                   4            [1]
                                   3            [1]
                                   2            [1]
                                   1            [1]
                                   0            

ff: found legal plan as follows

step    0: TURN_TO SATELLITE0 GROUNDSTATION6 GROUNDSTATION107
        1: SWITCH_ON INSTRUMENT4 SATELLITE0
        2: CALIBRATE SATELLITE0 INSTRUMENT4 GROUNDSTATION6
        3: TURN_TO SATELLITE0 PHENOMENON167 GROUNDSTATION6
        4: TURN_TO SATELLITE1 STAR134 STAR47
        5: TURN_TO SATELLITE3 STAR83 STAR118
        6: TURN_TO SATELLITE5 STAR149 GROUNDSTATION80
        7: TURN_TO SATELLITE6 PHENOMENON167 GROUNDSTATION97
        8: TURN_TO SATELLITE7 GROUNDSTATION10 GROUNDSTATION6
        9: TURN_TO SATELLITE8 GROUNDSTATION80 STAR69
       10: TURN_TO SATELLITE9 GROUNDSTATION0 GROUNDSTATION20
       11: TAKE_IMAGE SATELLITE0 PHENOMENON167 INSTRUMENT4 IMAGE0
       12: TURN_TO SATELLITE0 STAR32 PHENOMENON167
     

time spent:    0.01 seconds instantiating 302799 easy, 0 hard action templates
               0.02 seconds reachability analysis, yielding 2648 facts and 302799 actions
               0.06 seconds creating final representation with 2648 relevant facts, 0 relevant fluents
               0.39 seconds computing LNF
               0.12 seconds building connectivity graph
               0.26 seconds searching, evaluating 22 states, to a max depth of 1
               0.86 seconds total time

