
ff: parsing domain file
domain 'SATELLITE' defined
 ... done.
ff: parsing problem file
problem 'STRIPS-SAT-X-1' defined
 ... done.


no metric specified. plan length assumed.

checking for cyclic := effects --- OK.

ff: search configuration is EHC, if that fails then  best-first on 1*g(s) + 5*h(s) where
    metric is  plan length

Cueing down from goal distance:   14 into depth [1]
                                  13            [1]
                                  12            [1]
                                  11            [1]
                                  10            [1]
                                   9            [1]
                                   8            [1]
                                   7            [1]
                                   6            [1]
                                   5            [1]
                                   4            [1]
                                   3            [1]
                                   2            [1]
                                   1            [1]
                                   0            

ff: found legal plan as follows

step    0: TURN_TO SATELLITE0 STAR60 GROUNDSTATION24
        1: SWITCH_ON INSTRUMENT0 SATELLITE0
        2: CALIBRATE SATELLITE0 INSTRUMENT0 STAR60
        3: TURN_TO SATELLITE0 PHENOMENON75 STAR60
        4: TURN_TO SATELLITE2 GROUNDSTATION6 GROUNDSTATION40
        5: TURN_TO SATELLITE3 STAR49 PLANET76
        6: TURN_TO SATELLITE4 GROUNDSTATION59 GROUNDSTATION3
        7: TURN_TO SATELLITE6 STAR13 GROUNDSTATION20
        8: TURN_TO SATELLITE7 STAR27 GROUNDSTATION65
        9: TURN_TO SATELLITE8 STAR63 STAR62
       10: TAKE_IMAGE SATELLITE0 PHENOMENON75 INSTRUMENT0 INFRARED1
       11: TURN_TO SATELLITE0 PLANET76 PHENOMENON75
       12: TAKE_IMAGE SATELLITE0 PLANET76 INSTRUMENT0 INFRARED1
       13: TURN_TO SATELLITE0 STAR2 PLANET76
     

time spent:    0.00 seconds instantiating 68583 easy, 0 hard action templates
               0.00 seconds reachability analysis, yielding 1273 facts and 68583 actions
               0.02 seconds creating final representation with 1273 relevant facts, 0 relevant fluents
               0.08 seconds computing LNF
               0.03 seconds building connectivity graph
               0.08 seconds searching, evaluating 32 states, to a max depth of 1
               0.21 seconds total time

