
ff: parsing domain file
domain 'SATELLITE' defined
 ... done.
ff: parsing problem file
problem 'STRIPS-SAT-X-1' defined
 ... done.


no metric specified. plan length assumed.

checking for cyclic := effects --- OK.

ff: search configuration is EHC, if that fails then  best-first on 1*g(s) + 5*h(s) where
    metric is  plan length

Cueing down from goal distance:   13 into depth [1]
                                  11            [1]
                                  10            [1]
                                   9            [1][2]
                                   8            [1]
                                   7            [1]
                                   6            [1]
                                   5            [1]
                                   4            [1]
                                   3            [1]
                                   2            [1]
                                   1            [1]
                                   0            

ff: found legal plan as follows

step    0: TURN_TO SATELLITE0 GROUNDSTATION13 GROUNDSTATION23
        1: TURN_TO SATELLITE7 GROUNDSTATION13 STAR5
        2: TURN_TO SATELLITE8 STAR3 GROUNDSTATION37
        3: SWITCH_ON INSTRUMENT2 SATELLITE0
        4: TURN_TO SATELLITE1 GROUNDSTATION7 GROUNDSTATION35
        5: CALIBRATE SATELLITE0 INSTRUMENT2 GROUNDSTATION13
        6: TURN_TO SATELLITE0 STAR75 GROUNDSTATION13
        7: SWITCH_ON INSTRUMENT11 SATELLITE1
        8: CALIBRATE SATELLITE1 INSTRUMENT11 GROUNDSTATION7
        9: TURN_TO SATELLITE1 PHENOMENON76 GROUNDSTATION7
       10: TAKE_IMAGE SATELLITE0 STAR75 INSTRUMENT2 THERMOGRAPH4
       11: TURN_TO SATELLITE0 STAR66 STAR75
       12: TAKE_IMAGE SATELLITE1 PHENOMENON76 INSTRUMENT11 SPECTROGRAPH0
     

time spent:    0.00 seconds instantiating 72789 easy, 0 hard action templates
               0.00 seconds reachability analysis, yielding 1317 facts and 72789 actions
               0.02 seconds creating final representation with 1317 relevant facts, 0 relevant fluents
               0.09 seconds computing LNF
               0.03 seconds building connectivity graph
               0.08 seconds searching, evaluating 29 states, to a max depth of 2
               0.22 seconds total time

