
ff: parsing domain file
domain 'SATELLITE' defined
 ... done.
ff: parsing problem file
problem 'STRIPS-SAT-X-1' defined
 ... done.


no metric specified. plan length assumed.

checking for cyclic := effects --- OK.

ff: search configuration is EHC, if that fails then  best-first on 1*g(s) + 5*h(s) where
    metric is  plan length

Cueing down from goal distance:   10 into depth [1]
                                   9            [1]
                                   8            [1]
                                   7            [1]
                                   6            [1]
                                   5            [1]
                                   4            [1]
                                   3            [1]
                                   2            [1]
                                   1            [1]
                                   0            

ff: found legal plan as follows

step    0: SWITCH_ON INSTRUMENT1 SATELLITE0
        1: CALIBRATE SATELLITE0 INSTRUMENT1 STAR14
        2: TURN_TO SATELLITE0 PLANET75 STAR14
        3: TURN_TO SATELLITE2 GROUNDSTATION64 STAR25
        4: TURN_TO SATELLITE4 STAR41 STAR72
        5: TURN_TO SATELLITE6 GROUNDSTATION39 GROUNDSTATION18
        6: TURN_TO SATELLITE8 GROUNDSTATION64 STAR36
        7: TAKE_IMAGE SATELLITE0 PLANET75 INSTRUMENT1 SPECTROGRAPH1
        8: TURN_TO SATELLITE0 PHENOMENON76 PLANET75
        9: TAKE_IMAGE SATELLITE0 PHENOMENON76 INSTRUMENT1 SPECTROGRAPH1
     

time spent:    0.00 seconds instantiating 67781 easy, 0 hard action templates
               0.00 seconds reachability analysis, yielding 1275 facts and 67781 actions
               0.02 seconds creating final representation with 1275 relevant facts, 0 relevant fluents
               0.09 seconds computing LNF
               0.04 seconds building connectivity graph
               0.07 seconds searching, evaluating 18 states, to a max depth of 1
               0.22 seconds total time

