
ff: parsing domain file
domain 'SATELLITE' defined
 ... done.
ff: parsing problem file
problem 'STRIPS-SAT-X-1' defined
 ... done.


no metric specified. plan length assumed.

checking for cyclic := effects --- OK.

ff: search configuration is EHC, if that fails then  best-first on 1*g(s) + 5*h(s) where
    metric is  plan length

Cueing down from goal distance:   12 into depth [1]
                                  11            [1]
                                  10            [1]
                                   9            [1]
                                   8            [1]
                                   7            [1]
                                   6            [1]
                                   5            [1]
                                   4            [1]
                                   3            [1]
                                   2            [1]
                                   1            [1]
                                   0            

ff: found legal plan as follows

step    0: TURN_TO SATELLITE0 GROUNDSTATION74 GROUNDSTATION73
        1: SWITCH_ON INSTRUMENT2 SATELLITE0
        2: CALIBRATE SATELLITE0 INSTRUMENT2 GROUNDSTATION74
        3: TURN_TO SATELLITE0 PLANET75 GROUNDSTATION74
        4: TURN_TO SATELLITE1 GROUNDSTATION34 GROUNDSTATION36
        5: TURN_TO SATELLITE3 STAR56 GROUNDSTATION58
        6: TURN_TO SATELLITE4 GROUNDSTATION6 STAR67
        7: TURN_TO SATELLITE5 GROUNDSTATION54 STAR57
        8: TURN_TO SATELLITE6 GROUNDSTATION0 GROUNDSTATION36
        9: TURN_TO SATELLITE7 STAR29 STAR14
       10: TURN_TO SATELLITE8 STAR51 GROUNDSTATION26
       11: TAKE_IMAGE SATELLITE0 PLANET75 INSTRUMENT2 SPECTROGRAPH2
     

time spent:    0.00 seconds instantiating 69549 easy, 0 hard action templates
               0.00 seconds reachability analysis, yielding 1281 facts and 69549 actions
               0.02 seconds creating final representation with 1281 relevant facts, 0 relevant fluents
               0.08 seconds computing LNF
               0.04 seconds building connectivity graph
               0.02 seconds searching, evaluating 13 states, to a max depth of 1
               0.16 seconds total time

