
ff: parsing domain file
domain 'SATELLITE' defined
 ... done.
ff: parsing problem file
problem 'STRIPS-SAT-X-1' defined
 ... done.


no metric specified. plan length assumed.

checking for cyclic := effects --- OK.

ff: search configuration is EHC, if that fails then  best-first on 1*g(s) + 5*h(s) where
    metric is  plan length

Cueing down from goal distance:   10 into depth [1]
                                   9            [1]
                                   8            [1]
                                   7            [1]
                                   6            [1]
                                   5            [1]
                                   4            [1]
                                   3            [1]
                                   2            [1]
                                   1            [1]
                                   0            

ff: found legal plan as follows

step    0: TURN_TO SATELLITE0 STAR156 GROUNDSTATION135
        1: SWITCH_ON INSTRUMENT3 SATELLITE0
        2: CALIBRATE SATELLITE0 INSTRUMENT3 STAR156
        3: TURN_TO SATELLITE0 PHENOMENON187 STAR156
        4: TURN_TO SATELLITE2 GROUNDSTATION142 GROUNDSTATION151
        5: TURN_TO SATELLITE4 STAR177 GROUNDSTATION178
        6: TURN_TO SATELLITE7 GROUNDSTATION32 STAR19
        7: TURN_TO SATELLITE9 STAR126 STAR13
        8: TAKE_IMAGE SATELLITE0 PHENOMENON187 INSTRUMENT3 THERMOGRAPH1
        9: TURN_TO SATELLITE0 GROUNDSTATION29 PHENOMENON187
     

time spent:    0.01 seconds instantiating 379831 easy, 0 hard action templates
               0.03 seconds reachability analysis, yielding 2965 facts and 379831 actions
               0.08 seconds creating final representation with 2965 relevant facts, 0 relevant fluents
               0.46 seconds computing LNF
               0.15 seconds building connectivity graph
               0.26 seconds searching, evaluating 16 states, to a max depth of 1
               0.99 seconds total time

