
ff: parsing domain file
domain 'SATELLITE' defined
 ... done.
ff: parsing problem file
problem 'STRIPS-SAT-X-1' defined
 ... done.


no metric specified. plan length assumed.

checking for cyclic := effects --- OK.

ff: search configuration is EHC, if that fails then  best-first on 1*g(s) + 5*h(s) where
    metric is  plan length

Cueing down from goal distance:   14 into depth [1]
                                  13            [1]
                                  12            [1]
                                  11            [1]
                                  10            [1]
                                   9            [1]
                                   8            [1]
                                   7            [1]
                                   6            [1]
                                   5            [1]
                                   4            [1]
                                   3            [1]
                                   2            [1]
                                   1            [1]
                                   0            

ff: found legal plan as follows

step    0: TURN_TO SATELLITE0 STAR117 STAR140
        1: SWITCH_ON INSTRUMENT4 SATELLITE0
        2: CALIBRATE SATELLITE0 INSTRUMENT4 STAR117
        3: TURN_TO SATELLITE0 STAR187 STAR117
        4: TURN_TO SATELLITE1 GROUNDSTATION25 STAR85
        5: TURN_TO SATELLITE2 STAR148 GROUNDSTATION31
        6: TURN_TO SATELLITE4 GROUNDSTATION175 GROUNDSTATION58
        7: TURN_TO SATELLITE6 GROUNDSTATION1 GROUNDSTATION19
        8: TURN_TO SATELLITE7 STAR37 STAR164
        9: TURN_TO SATELLITE8 GROUNDSTATION143 GROUNDSTATION28
       10: TAKE_IMAGE SATELLITE0 STAR187 INSTRUMENT4 IMAGE2
       11: TURN_TO SATELLITE0 PLANET188 STAR187
       12: TAKE_IMAGE SATELLITE0 PLANET188 INSTRUMENT4 IMAGE2
       13: TURN_TO SATELLITE0 GROUNDSTATION154 PLANET188
     

time spent:    0.01 seconds instantiating 381124 easy, 0 hard action templates
               0.04 seconds reachability analysis, yielding 2965 facts and 381124 actions
               0.05 seconds creating final representation with 2965 relevant facts, 0 relevant fluents
               0.45 seconds computing LNF
               0.16 seconds building connectivity graph
               0.80 seconds searching, evaluating 32 states, to a max depth of 1
               1.51 seconds total time

