
ff: parsing domain file
domain 'SATELLITE' defined
 ... done.
ff: parsing problem file
problem 'STRIPS-SAT-X-1' defined
 ... done.


no metric specified. plan length assumed.

checking for cyclic := effects --- OK.

ff: search configuration is EHC, if that fails then  best-first on 1*g(s) + 5*h(s) where
    metric is  plan length

Cueing down from goal distance:    2 into depth [1]
                                   1            [1]
                                   0            

ff: found legal plan as follows

step    0: TURN_TO SATELLITE3 STAR127 GROUNDSTATION113
        1: TURN_TO SATELLITE8 STAR166 GROUNDSTATION55
     

time spent:    0.01 seconds instantiating 377477 easy, 0 hard action templates
               0.04 seconds reachability analysis, yielding 2947 facts and 377477 actions
               0.09 seconds creating final representation with 2947 relevant facts, 0 relevant fluents
               0.53 seconds computing LNF
               0.17 seconds building connectivity graph
               0.01 seconds searching, evaluating 3 states, to a max depth of 1
               0.85 seconds total time

