
ff: parsing domain file
domain 'BLOCKS' defined
 ... done.
ff: parsing problem file
problem 'PB7' defined
 ... done.


no metric specified. plan length assumed.

checking for cyclic := effects --- OK.

ff: search configuration is EHC, if that fails then  best-first on 1*g(s) + 5*h(s) where
    metric is  plan length

Cueing down from goal distance:   20 into depth [1]
                                  19            [1][2][3]
                                  17            [1]
                                  16            [1][2]
                                  15            [1]
                                  14            [1]
                                  13            [1]
                                  12            [1][2][3][4]
                                  11            [1]
                                  10            [1]
                                   9            [1][2]
                                   7            [1]
                                   6            [1]
                                   5            [1][2]
                                   4            [1][2][3][4][5][6][7]
                                   3            [1]
                                   2            [1][2]
                                   0            

ff: found legal plan as follows

step    0: PICK-UP BLOCK9
        1: STACK BLOCK9 BLOCK5
        2: UNSTACK BLOCK7 BLOCK3
        3: PUT-DOWN BLOCK7
        4: UNSTACK BLOCK2 BLOCK8
        5: STACK BLOCK2 BLOCK3
        6: UNSTACK BLOCK8 BLOCK4
        7: PUT-DOWN BLOCK8
        8: PICK-UP BLOCK4
        9: STACK BLOCK4 BLOCK8
       10: UNSTACK BLOCK2 BLOCK3
       11: STACK BLOCK2 BLOCK9
       12: UNSTACK BLOCK3 BLOCK10
       13: PUT-DOWN BLOCK3
       14: UNSTACK BLOCK2 BLOCK9
       15: STACK BLOCK2 BLOCK3
       16: UNSTACK BLOCK10 BLOCK1
       17: STACK BLOCK10 BLOCK4
       18: UNSTACK BLOCK1 BLOCK6
       19: STACK BLOCK1 BLOCK2
       20: PICK-UP BLOCK6
       21: STACK BLOCK6 BLOCK10
       22: UNSTACK BLOCK9 BLOCK5
       23: STACK BLOCK9 BLOCK6
       24: PICK-UP BLOCK5
       25: STACK BLOCK5 BLOCK1
       26: UNSTACK BLOCK9 BLOCK6
       27: STACK BLOCK9 BLOCK5
       28: UNSTACK BLOCK6 BLOCK10
       29: STACK BLOCK6 BLOCK9
     

time spent:    0.00 seconds instantiating 220 easy, 0 hard action templates
               0.00 seconds reachability analysis, yielding 131 facts and 220 actions
               0.00 seconds creating final representation with 131 relevant facts, 0 relevant fluents
               0.00 seconds computing LNF
               0.00 seconds building connectivity graph
               0.00 seconds searching, evaluating 260 states, to a max depth of 7
               0.00 seconds total time

