
ff: parsing domain file
domain 'BLOCKS' defined
 ... done.
ff: parsing problem file
problem 'PB6' defined
 ... done.


no metric specified. plan length assumed.

checking for cyclic := effects --- OK.

ff: search configuration is EHC, if that fails then  best-first on 1*g(s) + 5*h(s) where
    metric is  plan length

Cueing down from goal distance:   16 into depth [1]
                                  15            [1][2]
                                  14            [1][2]
                                  13            [1][2]
                                  12            [1][2]
                                  11            [1]
                                  10            [1][2][3][4][5]
                                   9            [1][2][3]
                                   8            [1][2][3][4][5][6][7][8][9][10][11][12][13][14][15][16][17][18][19]
                                   7            [1]
                                   6            [1]
                                   5            [1]
                                   4            [1]
                                   3            [1]
                                   2            [1][2]
                                   0            

ff: found legal plan as follows

step    0: UNSTACK BLOCK5 BLOCK7
        1: STACK BLOCK5 BLOCK3
        2: UNSTACK BLOCK8 BLOCK10
        3: STACK BLOCK8 BLOCK7
        4: UNSTACK BLOCK10 BLOCK9
        5: STACK BLOCK10 BLOCK8
        6: UNSTACK BLOCK9 BLOCK6
        7: STACK BLOCK9 BLOCK10
        8: UNSTACK BLOCK6 BLOCK4
        9: PUT-DOWN BLOCK6
       10: UNSTACK BLOCK5 BLOCK3
       11: STACK BLOCK5 BLOCK4
       12: UNSTACK BLOCK3 BLOCK2
       13: STACK BLOCK3 BLOCK9
       14: UNSTACK BLOCK5 BLOCK4
       15: STACK BLOCK5 BLOCK3
       16: PICK-UP BLOCK2
       17: STACK BLOCK2 BLOCK4
       18: UNSTACK BLOCK5 BLOCK3
       19: STACK BLOCK5 BLOCK2
       20: UNSTACK BLOCK3 BLOCK9
       21: STACK BLOCK3 BLOCK5
       22: UNSTACK BLOCK9 BLOCK10
       23: STACK BLOCK9 BLOCK3
       24: UNSTACK BLOCK10 BLOCK8
       25: STACK BLOCK10 BLOCK9
       26: UNSTACK BLOCK8 BLOCK7
       27: STACK BLOCK8 BLOCK10
       28: UNSTACK BLOCK7 BLOCK1
       29: STACK BLOCK7 BLOCK6
       30: UNSTACK BLOCK8 BLOCK10
       31: STACK BLOCK8 BLOCK7
       32: UNSTACK BLOCK10 BLOCK9
       33: STACK BLOCK10 BLOCK8
       34: UNSTACK BLOCK9 BLOCK3
       35: STACK BLOCK9 BLOCK10
       36: UNSTACK BLOCK3 BLOCK5
       37: STACK BLOCK3 BLOCK9
       38: UNSTACK BLOCK5 BLOCK2
       39: STACK BLOCK5 BLOCK3
       40: UNSTACK BLOCK2 BLOCK4
       41: STACK BLOCK2 BLOCK5
     

time spent:    0.00 seconds instantiating 220 easy, 0 hard action templates
               0.00 seconds reachability analysis, yielding 131 facts and 220 actions
               0.00 seconds creating final representation with 131 relevant facts, 0 relevant fluents
               0.00 seconds computing LNF
               0.00 seconds building connectivity graph
              17.59 seconds searching, evaluating 583719 states, to a max depth of 19
              17.59 seconds total time

