
ff: parsing domain file
domain 'BLOCKS' defined
 ... done.
ff: parsing problem file
problem 'PB3' defined
 ... done.


no metric specified. plan length assumed.

checking for cyclic := effects --- OK.

ff: search configuration is EHC, if that fails then  best-first on 1*g(s) + 5*h(s) where
    metric is  plan length

Cueing down from goal distance:   15 into depth [1]
                                  14            [1][2][3]
                                  13            [1]
                                  12            [1]
                                  11            [1][2]
                                  10            [1][2][3][4][5][6][7][8][9][10][11]
                                   9            [1]
                                   8            [1]
                                   7            [1]
                                   6            [1][2]
                                   4            [1][2][3][4]
                                   2            [1][2]
                                   0            

ff: found legal plan as follows

step    0: UNSTACK BLOCK1 BLOCK7
        1: STACK BLOCK1 BLOCK10
        2: UNSTACK BLOCK5 BLOCK8
        3: PUT-DOWN BLOCK5
        4: UNSTACK BLOCK1 BLOCK10
        5: STACK BLOCK1 BLOCK5
        6: PICK-UP BLOCK8
        7: STACK BLOCK8 BLOCK10
        8: UNSTACK BLOCK7 BLOCK9
        9: STACK BLOCK7 BLOCK8
       10: UNSTACK BLOCK9 BLOCK2
       11: STACK BLOCK9 BLOCK7
       12: UNSTACK BLOCK2 BLOCK4
       13: STACK BLOCK2 BLOCK1
       14: UNSTACK BLOCK4 BLOCK6
       15: PUT-DOWN BLOCK4
       16: UNSTACK BLOCK9 BLOCK7
       17: STACK BLOCK9 BLOCK4
       18: UNSTACK BLOCK7 BLOCK8
       19: STACK BLOCK7 BLOCK9
       20: UNSTACK BLOCK8 BLOCK10
       21: STACK BLOCK8 BLOCK7
       22: UNSTACK BLOCK2 BLOCK1
       23: STACK BLOCK2 BLOCK10
       24: UNSTACK BLOCK6 BLOCK3
       25: STACK BLOCK6 BLOCK1
       26: UNSTACK BLOCK2 BLOCK10
       27: STACK BLOCK2 BLOCK3
     

time spent:    0.00 seconds instantiating 220 easy, 0 hard action templates
               0.00 seconds reachability analysis, yielding 131 facts and 220 actions
               0.00 seconds creating final representation with 131 relevant facts, 0 relevant fluents
               0.00 seconds computing LNF
               0.00 seconds building connectivity graph
               0.01 seconds searching, evaluating 1760 states, to a max depth of 11
               0.01 seconds total time

