
ff: parsing domain file
domain 'BLOCKS' defined
 ... done.
ff: parsing problem file
problem 'PB8' defined
 ... done.


no metric specified. plan length assumed.

checking for cyclic := effects --- OK.

ff: search configuration is EHC, if that fails then  best-first on 1*g(s) + 5*h(s) where
    metric is  plan length

Cueing down from goal distance:   17 into depth [1]
                                  16            [1][2][3][4]
                                  15            [1][2][3][4][5][6][7][8][9][10][11][12]
                                  14            [1][2]
                                  13            [1][2][3][4][5][6][7][8][9][10][11][12]
                                  12            [1]
                                  11            [1]
                                  10            [1]
                                   9            [1]
                                   8            [1]
                                   7            [1][2][3][4]
                                   6            [1][2]
                                   4            [1][2][3][4][5][6][7]
                                   3            [1]
                                   2            [1][2]
                                   0            

ff: found legal plan as follows

step    0: UNSTACK BLOCK5 BLOCK8
        1: STACK BLOCK5 BLOCK9
        2: UNSTACK BLOCK8 BLOCK1
        3: PUT-DOWN BLOCK8
        4: PICK-UP BLOCK1
        5: STACK BLOCK1 BLOCK8
        6: UNSTACK BLOCK5 BLOCK9
        7: PUT-DOWN BLOCK5
        8: UNSTACK BLOCK9 BLOCK3
        9: STACK BLOCK9 BLOCK5
       10: UNSTACK BLOCK3 BLOCK6
       11: STACK BLOCK3 BLOCK1
       12: UNSTACK BLOCK9 BLOCK5
       13: STACK BLOCK9 BLOCK6
       14: PICK-UP BLOCK5
       15: STACK BLOCK5 BLOCK3
       16: UNSTACK BLOCK9 BLOCK6
       17: PUT-DOWN BLOCK9
       18: UNSTACK BLOCK6 BLOCK4
       19: STACK BLOCK6 BLOCK9
       20: UNSTACK BLOCK4 BLOCK2
       21: STACK BLOCK4 BLOCK6
       22: UNSTACK BLOCK2 BLOCK7
       23: STACK BLOCK2 BLOCK5
       24: UNSTACK BLOCK7 BLOCK10
       25: PUT-DOWN BLOCK7
       26: UNSTACK BLOCK4 BLOCK6
       27: STACK BLOCK4 BLOCK10
       28: UNSTACK BLOCK6 BLOCK9
       29: STACK BLOCK6 BLOCK4
       30: PICK-UP BLOCK9
       31: STACK BLOCK9 BLOCK6
       32: UNSTACK BLOCK2 BLOCK5
       33: STACK BLOCK2 BLOCK7
       34: UNSTACK BLOCK5 BLOCK3
       35: STACK BLOCK5 BLOCK9
       36: UNSTACK BLOCK2 BLOCK7
       37: STACK BLOCK2 BLOCK5
       38: UNSTACK BLOCK3 BLOCK1
       39: STACK BLOCK3 BLOCK2
       40: UNSTACK BLOCK1 BLOCK8
       41: STACK BLOCK1 BLOCK3
       42: PICK-UP BLOCK8
       43: STACK BLOCK8 BLOCK7
       44: UNSTACK BLOCK1 BLOCK3
       45: STACK BLOCK1 BLOCK8
       46: UNSTACK BLOCK3 BLOCK2
       47: STACK BLOCK3 BLOCK1
     

time spent:    0.00 seconds instantiating 220 easy, 0 hard action templates
               0.00 seconds reachability analysis, yielding 131 facts and 220 actions
               0.00 seconds creating final representation with 131 relevant facts, 0 relevant fluents
               0.00 seconds computing LNF
               0.00 seconds building connectivity graph
               0.10 seconds searching, evaluating 12978 states, to a max depth of 12
               0.10 seconds total time

