
ff: parsing domain file
domain 'BLOCKS' defined
 ... done.
ff: parsing problem file
problem 'PB0' defined
 ... done.


no metric specified. plan length assumed.

checking for cyclic := effects --- OK.

ff: search configuration is EHC, if that fails then  best-first on 1*g(s) + 5*h(s) where
    metric is  plan length

Cueing down from goal distance:   17 into depth [1][2][3][4][5]
                                  16            [1]
                                  15            [1][2][3][4]
                                  14            [1]
                                  13            [1][2][3]
                                  12            [1]
                                  11            [1][2][3]
                                  10            [1]
                                   9            [1]
                                   8            [1][2]
                                   6            [1]
                                   5            [1][2][3]
                                   4            [1]
                                   3            [1]
                                   2            [1]
                                   1            [1]
                                   0            

ff: found legal plan as follows

step    0: UNSTACK BLOCK8 BLOCK1
        1: STACK BLOCK8 BLOCK4
        2: UNSTACK BLOCK1 BLOCK3
        3: STACK BLOCK1 BLOCK8
        4: UNSTACK BLOCK3 BLOCK6
        5: PUT-DOWN BLOCK3
        6: UNSTACK BLOCK6 BLOCK2
        7: STACK BLOCK6 BLOCK1
        8: UNSTACK BLOCK2 BLOCK5
        9: STACK BLOCK2 BLOCK3
       10: UNSTACK BLOCK6 BLOCK1
       11: STACK BLOCK6 BLOCK2
       12: UNSTACK BLOCK5 BLOCK7
       13: STACK BLOCK5 BLOCK6
       14: UNSTACK BLOCK1 BLOCK8
       15: STACK BLOCK1 BLOCK5
       16: UNSTACK BLOCK7 BLOCK9
       17: STACK BLOCK7 BLOCK1
       18: UNSTACK BLOCK8 BLOCK4
       19: STACK BLOCK8 BLOCK7
       20: UNSTACK BLOCK9 BLOCK10
       21: PUT-DOWN BLOCK9
       22: UNSTACK BLOCK8 BLOCK7
       23: STACK BLOCK8 BLOCK9
       24: PICK-UP BLOCK10
       25: STACK BLOCK10 BLOCK8
     

time spent:    0.00 seconds instantiating 220 easy, 0 hard action templates
               0.00 seconds reachability analysis, yielding 131 facts and 220 actions
               0.00 seconds creating final representation with 131 relevant facts, 0 relevant fluents
               0.00 seconds computing LNF
               0.00 seconds building connectivity graph
               0.00 seconds searching, evaluating 92 states, to a max depth of 5
               0.00 seconds total time

