
ff: parsing domain file
domain 'BLOCKS' defined
 ... done.
ff: parsing problem file
problem 'PB9' defined
 ... done.


no metric specified. plan length assumed.

checking for cyclic := effects --- OK.

ff: search configuration is EHC, if that fails then  best-first on 1*g(s) + 5*h(s) where
    metric is  plan length

Cueing down from goal distance:   17 into depth [1]
                                  16            [1]
                                  15            [1][2][3][4]
                                  14            [1]
                                  13            [1]
                                  12            [1][2][3][4]
                                  11            [1]
                                  10            [1][2][3]
                                   9            [1]
                                   8            [1]
                                   7            [1]
                                   6            [1][2][3]
                                   5            [1][2][3][4][5][6][7][8][9][10]
                                   4            [1]
                                   3            [1]
                                   2            [1]
                                   1            [1]
                                   0            

ff: found legal plan as follows

step    0: UNSTACK BLOCK9 BLOCK7
        1: PUT-DOWN BLOCK9
        2: UNSTACK BLOCK5 BLOCK10
        3: STACK BLOCK5 BLOCK7
        4: UNSTACK BLOCK10 BLOCK3
        5: STACK BLOCK10 BLOCK9
        6: UNSTACK BLOCK5 BLOCK7
        7: STACK BLOCK5 BLOCK10
        8: UNSTACK BLOCK3 BLOCK1
        9: STACK BLOCK3 BLOCK7
       10: UNSTACK BLOCK1 BLOCK8
       11: STACK BLOCK1 BLOCK5
       12: UNSTACK BLOCK3 BLOCK7
       13: STACK BLOCK3 BLOCK1
       14: UNSTACK BLOCK8 BLOCK4
       15: STACK BLOCK8 BLOCK3
       16: PICK-UP BLOCK4
       17: STACK BLOCK4 BLOCK2
       18: UNSTACK BLOCK7 BLOCK6
       19: STACK BLOCK7 BLOCK4
       20: PICK-UP BLOCK6
       21: STACK BLOCK6 BLOCK8
       22: UNSTACK BLOCK7 BLOCK4
       23: STACK BLOCK7 BLOCK6
       24: UNSTACK BLOCK4 BLOCK2
       25: STACK BLOCK4 BLOCK7
       26: PICK-UP BLOCK2
       27: STACK BLOCK2 BLOCK4
     

time spent:    0.00 seconds instantiating 220 easy, 0 hard action templates
               0.00 seconds reachability analysis, yielding 131 facts and 220 actions
               0.00 seconds creating final representation with 131 relevant facts, 0 relevant fluents
               0.00 seconds computing LNF
               0.00 seconds building connectivity graph
               0.00 seconds searching, evaluating 470 states, to a max depth of 10
               0.00 seconds total time

