
ff: parsing domain file
domain 'BLOCKS' defined
 ... done.
ff: parsing problem file
problem 'PB2' defined
 ... done.


no metric specified. plan length assumed.

checking for cyclic := effects --- OK.

ff: search configuration is EHC, if that fails then  best-first on 1*g(s) + 5*h(s) where
    metric is  plan length

Cueing down from goal distance:   19 into depth [1][2][3]
                                  18            [1]
                                  17            [1]
                                  16            [1][2][3]
                                  15            [1]
                                  14            [1]
                                  13            [1][2][3][4]
                                  12            [1]
                                  11            [1]
                                  10            [1]
                                   9            [1]
                                   8            [1]
                                   7            [1]
                                   6            [1][2]
                                   4            [1][2][3][4][5][6][7]
                                   3            [1]
                                   2            [1][2]
                                   0            

ff: found legal plan as follows

step    0: UNSTACK BLOCK5 BLOCK9
        1: STACK BLOCK5 BLOCK7
        2: UNSTACK BLOCK9 BLOCK6
        3: PUT-DOWN BLOCK9
        4: PICK-UP BLOCK6
        5: STACK BLOCK6 BLOCK2
        6: UNSTACK BLOCK5 BLOCK7
        7: STACK BLOCK5 BLOCK6
        8: UNSTACK BLOCK7 BLOCK1
        9: STACK BLOCK7 BLOCK9
       10: UNSTACK BLOCK1 BLOCK3
       11: STACK BLOCK1 BLOCK7
       12: UNSTACK BLOCK3 BLOCK8
       13: PUT-DOWN BLOCK3
       14: UNSTACK BLOCK1 BLOCK7
       15: STACK BLOCK1 BLOCK3
       16: UNSTACK BLOCK8 BLOCK4
       17: STACK BLOCK8 BLOCK7
       18: UNSTACK BLOCK4 BLOCK10
       19: PUT-DOWN BLOCK4
       20: PICK-UP BLOCK10
       21: STACK BLOCK10 BLOCK1
       22: UNSTACK BLOCK5 BLOCK6
       23: STACK BLOCK5 BLOCK10
       24: UNSTACK BLOCK6 BLOCK2
       25: STACK BLOCK6 BLOCK8
       26: PICK-UP BLOCK2
       27: STACK BLOCK2 BLOCK4
       28: UNSTACK BLOCK6 BLOCK8
       29: STACK BLOCK6 BLOCK2
       30: UNSTACK BLOCK5 BLOCK10
       31: STACK BLOCK5 BLOCK6
     

time spent:    0.00 seconds instantiating 220 easy, 0 hard action templates
               0.00 seconds reachability analysis, yielding 131 facts and 220 actions
               0.00 seconds creating final representation with 131 relevant facts, 0 relevant fluents
               0.00 seconds computing LNF
               0.00 seconds building connectivity graph
               0.00 seconds searching, evaluating 237 states, to a max depth of 7
               0.00 seconds total time

