
ff: parsing domain file
domain 'BLOCKS' defined
 ... done.
ff: parsing problem file
problem 'PB9' defined
 ... done.


no metric specified. plan length assumed.

checking for cyclic := effects --- OK.

ff: search configuration is EHC, if that fails then  best-first on 1*g(s) + 5*h(s) where
    metric is  plan length

Cueing down from goal distance:   36 into depth [1]
                                  35            [1]
                                  34            [1][2]
                                  32            [1][2][3]
                                  31            [1][2][3]
                                  30            [1][2]
                                  29            [1]
                                  28            [1][2]
                                  27            [1][2][3][4][5]
                                  26            [1]
                                  25            [1]
                                  24            [1]
                                  23            [1]
                                  22            [1]
                                  21            [1]
                                  20            [1]
                                  19            [1]
                                  18            [1][2][3][4]
                                  17            [1]
                                  16            [1]
                                  15            [1][2]
                                  13            [1]
                                  12            [1]
                                  11            [1]
                                  10            [1]
                                   9            [1][2]
                                   7            [1][2][3][4]
                                   6            [1][2]
                                   4            [1][2][3][4][5][6][7]
                                   3            [1][2][3]
                                   2            [1]
                                   1            [1]
                                   0            

ff: found legal plan as follows

step    0: UNSTACK BLOCK3 BLOCK1
        1: PUT-DOWN BLOCK3
        2: UNSTACK BLOCK8 BLOCK14
        3: PUT-DOWN BLOCK8
        4: UNSTACK BLOCK7 BLOCK18
        5: STACK BLOCK7 BLOCK8
        6: UNSTACK BLOCK18 BLOCK6
        7: STACK BLOCK18 BLOCK14
        8: UNSTACK BLOCK6 BLOCK9
        9: STACK BLOCK6 BLOCK7
       10: UNSTACK BLOCK9 BLOCK15
       11: STACK BLOCK9 BLOCK5
       12: UNSTACK BLOCK1 BLOCK4
       13: STACK BLOCK1 BLOCK15
       14: UNSTACK BLOCK4 BLOCK13
       15: STACK BLOCK4 BLOCK18
       16: UNSTACK BLOCK1 BLOCK15
       17: STACK BLOCK1 BLOCK13
       18: UNSTACK BLOCK15 BLOCK12
       19: PUT-DOWN BLOCK15
       20: UNSTACK BLOCK1 BLOCK13
       21: STACK BLOCK1 BLOCK15
       22: UNSTACK BLOCK12 BLOCK2
       23: STACK BLOCK12 BLOCK1
       24: UNSTACK BLOCK2 BLOCK17
       25: PUT-DOWN BLOCK2
       26: PICK-UP BLOCK17
       27: STACK BLOCK17 BLOCK2
       28: UNSTACK BLOCK9 BLOCK5
       29: STACK BLOCK9 BLOCK17
       30: UNSTACK BLOCK5 BLOCK19
       31: STACK BLOCK5 BLOCK12
       32: UNSTACK BLOCK19 BLOCK10
       33: STACK BLOCK19 BLOCK3
       34: UNSTACK BLOCK9 BLOCK17
       35: STACK BLOCK9 BLOCK5
       36: UNSTACK BLOCK10 BLOCK16
       37: STACK BLOCK10 BLOCK17
       38: UNSTACK BLOCK16 BLOCK11
       39: STACK BLOCK16 BLOCK19
       40: PICK-UP BLOCK13
       41: STACK BLOCK13 BLOCK10
       42: UNSTACK BLOCK6 BLOCK7
       43: STACK BLOCK6 BLOCK13
       44: UNSTACK BLOCK7 BLOCK8
       45: STACK BLOCK7 BLOCK16
       46: UNSTACK BLOCK6 BLOCK13
       47: STACK BLOCK6 BLOCK7
       48: UNSTACK BLOCK4 BLOCK18
       49: STACK BLOCK4 BLOCK13
       50: UNSTACK BLOCK18 BLOCK14
       51: STACK BLOCK18 BLOCK9
       52: PICK-UP BLOCK14
       53: STACK BLOCK14 BLOCK11
       54: UNSTACK BLOCK18 BLOCK9
       55: STACK BLOCK18 BLOCK14
       56: UNSTACK BLOCK4 BLOCK13
       57: STACK BLOCK4 BLOCK18
     

time spent:    0.00 seconds instantiating 760 easy, 0 hard action templates
               0.00 seconds reachability analysis, yielding 419 facts and 760 actions
               0.00 seconds creating final representation with 419 relevant facts, 0 relevant fluents
               0.00 seconds computing LNF
               0.00 seconds building connectivity graph
               0.03 seconds searching, evaluating 1898 states, to a max depth of 7
               0.03 seconds total time

