
ff: parsing domain file
domain 'BLOCKS' defined
 ... done.
ff: parsing problem file
problem 'PB0' defined
 ... done.


no metric specified. plan length assumed.

checking for cyclic := effects --- OK.

ff: search configuration is EHC, if that fails then  best-first on 1*g(s) + 5*h(s) where
    metric is  plan length

Cueing down from goal distance:   38 into depth [1]
                                  37            [1][2]
                                  36            [1]
                                  35            [1]
                                  34            [1][2]
                                  33            [1]
                                  32            [1]
                                  31            [1][2]
                                  30            [1]
                                  29            [1]
                                  28            [1]
                                  27            [1][2][3][4]
                                  26            [1]
                                  25            [1]
                                  24            [1]
                                  23            [1][2][3][4][5]
                                  22            [1][2]
                                  20            [1][2]
                                  18            [1]
                                  17            [1][2]
                                  16            [1]
                                  15            [1][2][3][4]
                                  13            [1]
                                  12            [1]
                                  11            [1]
                                  10            [1]
                                   9            [1][2]
                                   8            [1][2][3][4][5][6][7]
                                   7            [1][2][3]
                                   6            [1]
                                   5            [1]
                                   4            [1][2][3][4][5][6][7]
                                   3            [1]
                                   2            [1][2]
                                   0            

ff: found legal plan as follows

step    0: UNSTACK BLOCK9 BLOCK4
        1: STACK BLOCK9 BLOCK10
        2: UNSTACK BLOCK4 BLOCK7
        3: PUT-DOWN BLOCK4
        4: UNSTACK BLOCK18 BLOCK16
        5: STACK BLOCK18 BLOCK7
        6: UNSTACK BLOCK16 BLOCK8
        7: PUT-DOWN BLOCK16
        8: UNSTACK BLOCK14 BLOCK15
        9: STACK BLOCK14 BLOCK8
       10: UNSTACK BLOCK15 BLOCK12
       11: PUT-DOWN BLOCK15
       12: UNSTACK BLOCK12 BLOCK13
       13: STACK BLOCK12 BLOCK16
       14: UNSTACK BLOCK9 BLOCK10
       15: STACK BLOCK9 BLOCK13
       16: UNSTACK BLOCK10 BLOCK1
       17: STACK BLOCK10 BLOCK12
       18: UNSTACK BLOCK9 BLOCK13
       19: STACK BLOCK9 BLOCK10
       20: PICK-UP BLOCK13
       21: STACK BLOCK13 BLOCK1
       22: UNSTACK BLOCK18 BLOCK7
       23: STACK BLOCK18 BLOCK13
       24: UNSTACK BLOCK7 BLOCK19
       25: STACK BLOCK7 BLOCK15
       26: UNSTACK BLOCK18 BLOCK13
       27: STACK BLOCK18 BLOCK7
       28: UNSTACK BLOCK19 BLOCK3
       29: STACK BLOCK19 BLOCK4
       30: UNSTACK BLOCK3 BLOCK2
       31: STACK BLOCK3 BLOCK13
       32: UNSTACK BLOCK2 BLOCK17
       33: PUT-DOWN BLOCK2
       34: UNSTACK BLOCK17 BLOCK5
       35: STACK BLOCK17 BLOCK19
       36: UNSTACK BLOCK5 BLOCK11
       37: STACK BLOCK5 BLOCK2
       38: UNSTACK BLOCK11 BLOCK6
       39: STACK BLOCK11 BLOCK9
       40: UNSTACK BLOCK17 BLOCK19
       41: STACK BLOCK17 BLOCK11
       42: PICK-UP BLOCK6
       43: STACK BLOCK6 BLOCK14
       44: UNSTACK BLOCK3 BLOCK13
       45: STACK BLOCK3 BLOCK6
       46: UNSTACK BLOCK13 BLOCK1
       47: STACK BLOCK13 BLOCK5
       48: PICK-UP BLOCK1
       49: STACK BLOCK1 BLOCK17
       50: UNSTACK BLOCK13 BLOCK5
       51: STACK BLOCK13 BLOCK1
       52: UNSTACK BLOCK3 BLOCK6
       53: STACK BLOCK3 BLOCK13
       54: UNSTACK BLOCK6 BLOCK14
       55: STACK BLOCK6 BLOCK19
       56: UNSTACK BLOCK14 BLOCK8
       57: STACK BLOCK14 BLOCK6
       58: PICK-UP BLOCK8
       59: STACK BLOCK8 BLOCK3
       60: UNSTACK BLOCK14 BLOCK6
       61: STACK BLOCK14 BLOCK8
       62: UNSTACK BLOCK6 BLOCK19
       63: STACK BLOCK6 BLOCK14
     

time spent:    0.00 seconds instantiating 760 easy, 0 hard action templates
               0.00 seconds reachability analysis, yielding 419 facts and 760 actions
               0.00 seconds creating final representation with 419 relevant facts, 0 relevant fluents
               0.00 seconds computing LNF
               0.00 seconds building connectivity graph
               0.05 seconds searching, evaluating 3303 states, to a max depth of 7
               0.05 seconds total time

