
ff: parsing domain file
domain 'BLOCKS' defined
 ... done.
ff: parsing problem file
problem 'PB8' defined
 ... done.


no metric specified. plan length assumed.

checking for cyclic := effects --- OK.

ff: search configuration is EHC, if that fails then  best-first on 1*g(s) + 5*h(s) where
    metric is  plan length

Cueing down from goal distance:   35 into depth [1]
                                  34            [1]
                                  33            [1][2][3]
                                  32            [1][2][3][4][5][6][7][8][9][10][11][12]
                                  31            [1][2][3][4][5]
                                  30            [1]
                                  29            [1][2][3][4][5][6][7][8]
                                  28            [1][2]
                                  27            [1]
                                  26            [1][2][3]
                                  25            [1][2][3][4][5]
                                  24            [1]
                                  23            [1]
                                  22            [1][2][3][4][5]
                                  21            [1]
                                  20            [1][2]
                                  19            [1][2][3][4]
                                  18            [1]
                                  17            [1]
                                  16            [1]
                                  15            [1]
                                  14            [1]
                                  13            [1]
                                  12            [1][2][3][4][5][6][7]
                                  11            [1]
                                  10            [1][2]
                                   8            [1][2][3][4][5][6]
                                   7            [1][2][3]
                                   6            [1][2][3][4][5][6][7][8][9]
                                   5            [1][2]
                                   4            [1][2][3][4][5][6][7]
                                   3            [1]
                                   2            [1][2]
                                   0            

ff: found legal plan as follows

step    0: UNSTACK BLOCK1 BLOCK12
        1: STACK BLOCK1 BLOCK17
        2: UNSTACK BLOCK12 BLOCK13
        3: STACK BLOCK12 BLOCK6
        4: UNSTACK BLOCK13 BLOCK7
        5: STACK BLOCK13 BLOCK12
        6: UNSTACK BLOCK7 BLOCK18
        7: STACK BLOCK7 BLOCK13
        8: UNSTACK BLOCK18 BLOCK11
        9: STACK BLOCK18 BLOCK7
       10: UNSTACK BLOCK11 BLOCK10
       11: STACK BLOCK11 BLOCK1
       12: UNSTACK BLOCK18 BLOCK7
       13: STACK BLOCK18 BLOCK11
       14: UNSTACK BLOCK10 BLOCK5
       15: STACK BLOCK10 BLOCK18
       16: UNSTACK BLOCK7 BLOCK13
       17: STACK BLOCK7 BLOCK10
       18: UNSTACK BLOCK5 BLOCK14
       19: STACK BLOCK5 BLOCK13
       20: UNSTACK BLOCK14 BLOCK8
       21: PUT-DOWN BLOCK14
       22: UNSTACK BLOCK7 BLOCK10
       23: STACK BLOCK7 BLOCK5
       24: UNSTACK BLOCK8 BLOCK19
       25: STACK BLOCK8 BLOCK14
       26: UNSTACK BLOCK19 BLOCK9
       27: STACK BLOCK19 BLOCK10
       28: UNSTACK BLOCK9 BLOCK15
       29: STACK BLOCK9 BLOCK8
       30: UNSTACK BLOCK15 BLOCK4
       31: STACK BLOCK15 BLOCK19
       32: UNSTACK BLOCK4 BLOCK2
       33: PUT-DOWN BLOCK4
       34: UNSTACK BLOCK9 BLOCK8
       35: STACK BLOCK9 BLOCK15
       36: UNSTACK BLOCK8 BLOCK14
       37: STACK BLOCK8 BLOCK2
       38: UNSTACK BLOCK7 BLOCK5
       39: STACK BLOCK7 BLOCK9
       40: UNSTACK BLOCK5 BLOCK13
       41: STACK BLOCK5 BLOCK4
       42: UNSTACK BLOCK7 BLOCK9
       43: STACK BLOCK7 BLOCK5
       44: UNSTACK BLOCK13 BLOCK12
       45: STACK BLOCK13 BLOCK8
       46: UNSTACK BLOCK12 BLOCK6
       47: STACK BLOCK12 BLOCK9
       48: PICK-UP BLOCK6
       49: STACK BLOCK6 BLOCK14
       50: UNSTACK BLOCK13 BLOCK8
       51: STACK BLOCK13 BLOCK12
       52: UNSTACK BLOCK8 BLOCK2
       53: STACK BLOCK8 BLOCK13
       54: UNSTACK BLOCK2 BLOCK16
       55: STACK BLOCK2 BLOCK6
       56: UNSTACK BLOCK8 BLOCK13
       57: STACK BLOCK8 BLOCK2
       58: UNSTACK BLOCK16 BLOCK3
       59: STACK BLOCK16 BLOCK8
       60: PICK-UP BLOCK3
       61: STACK BLOCK3 BLOCK7
       62: UNSTACK BLOCK13 BLOCK12
       63: STACK BLOCK13 BLOCK3
       64: UNSTACK BLOCK12 BLOCK9
       65: STACK BLOCK12 BLOCK13
       66: UNSTACK BLOCK9 BLOCK15
       67: STACK BLOCK9 BLOCK16
       68: UNSTACK BLOCK12 BLOCK13
       69: STACK BLOCK12 BLOCK9
       70: UNSTACK BLOCK13 BLOCK3
       71: STACK BLOCK13 BLOCK12
       72: UNSTACK BLOCK15 BLOCK19
       73: STACK BLOCK15 BLOCK13
       74: UNSTACK BLOCK19 BLOCK10
       75: STACK BLOCK19 BLOCK15
       76: UNSTACK BLOCK10 BLOCK18
       77: STACK BLOCK10 BLOCK3
       78: UNSTACK BLOCK19 BLOCK15
       79: STACK BLOCK19 BLOCK10
       80: UNSTACK BLOCK18 BLOCK11
       81: PUT-DOWN BLOCK18
       82: UNSTACK BLOCK11 BLOCK1
       83: STACK BLOCK11 BLOCK15
       84: UNSTACK BLOCK19 BLOCK10
       85: STACK BLOCK19 BLOCK1
       86: PICK-UP BLOCK18
       87: STACK BLOCK18 BLOCK10
       88: UNSTACK BLOCK11 BLOCK15
       89: STACK BLOCK11 BLOCK18
       90: UNSTACK BLOCK15 BLOCK13
       91: STACK BLOCK15 BLOCK19
       92: UNSTACK BLOCK11 BLOCK18
       93: STACK BLOCK11 BLOCK15
       94: UNSTACK BLOCK18 BLOCK10
       95: STACK BLOCK18 BLOCK11
     

time spent:    0.00 seconds instantiating 760 easy, 0 hard action templates
               0.00 seconds reachability analysis, yielding 419 facts and 760 actions
               0.00 seconds creating final representation with 419 relevant facts, 0 relevant fluents
               0.00 seconds computing LNF
               0.00 seconds building connectivity graph
               0.91 seconds searching, evaluating 35781 states, to a max depth of 12
               0.91 seconds total time

