
ff: parsing domain file
domain 'SATELLITE' defined
 ... done.
ff: parsing problem file
problem 'STRIPS-SAT-X-1' defined
 ... done.


no metric specified. plan length assumed.

checking for cyclic := effects --- OK.

ff: search configuration is EHC, if that fails then  best-first on 1*g(s) + 5*h(s) where
    metric is  plan length

Cueing down from goal distance:   14 into depth [1]
                                  12            [1]
                                   9            [1]
                                   8            [1]
                                   7            [1]
                                   6            [1]
                                   5            [1]
                                   4            [1]
                                   3            [1]
                                   2            [1]
                                   1            [1]
                                   0            

ff: found legal plan as follows

step    0: TURN_TO SATELLITE0 STAR30 GROUNDSTATION32
        1: SWITCH_ON INSTRUMENT2 SATELLITE0
        2: CALIBRATE SATELLITE0 INSTRUMENT2 STAR30
        3: TURN_TO SATELLITE0 PLANET126 STAR30
        4: TURN_TO SATELLITE1 GROUNDSTATION125 GROUNDSTATION38
        5: TURN_TO SATELLITE2 GROUNDSTATION64 STAR59
        6: TURN_TO SATELLITE9 GROUNDSTATION76 STAR15
        7: TAKE_IMAGE SATELLITE0 PLANET126 INSTRUMENT2 IMAGE4
        8: TURN_TO SATELLITE0 PLANET127 PLANET126
        9: TAKE_IMAGE SATELLITE0 PLANET127 INSTRUMENT2 IMAGE2
       10: TURN_TO SATELLITE0 GROUNDSTATION20 PLANET127
     

time spent:    0.01 seconds instantiating 182500 easy, 0 hard action templates
               0.01 seconds reachability analysis, yielding 2070 facts and 182500 actions
               0.03 seconds creating final representation with 2070 relevant facts, 0 relevant fluents
               0.21 seconds computing LNF
               0.08 seconds building connectivity graph
               0.23 seconds searching, evaluating 24 states, to a max depth of 1
               0.57 seconds total time

