
ff: parsing domain file
domain 'SATELLITE' defined
 ... done.
ff: parsing problem file
problem 'STRIPS-SAT-X-1' defined
 ... done.


no metric specified. plan length assumed.

checking for cyclic := effects --- OK.

ff: search configuration is EHC, if that fails then  best-first on 1*g(s) + 5*h(s) where
    metric is  plan length

Cueing down from goal distance:   14 into depth [1]
                                  12            [1]
                                  11            [1]
                                  10            [1]
                                   9            [1]
                                   8            [1]
                                   7            [1]
                                   6            [1]
                                   5            [1]
                                   4            [1]
                                   3            [1]
                                   2            [1]
                                   1            [1]
                                   0            

ff: found legal plan as follows

step    0: TURN_TO SATELLITE0 STAR23 STAR68
        1: SWITCH_ON INSTRUMENT1 SATELLITE0
        2: TURN_TO SATELLITE1 GROUNDSTATION48 STAR40
        3: CALIBRATE SATELLITE0 INSTRUMENT1 STAR23
        4: TURN_TO SATELLITE0 PLANET126 STAR23
        5: SWITCH_ON INSTRUMENT11 SATELLITE1
        6: CALIBRATE SATELLITE1 INSTRUMENT11 GROUNDSTATION48
        7: TURN_TO SATELLITE1 PHENOMENON127 GROUNDSTATION48
        8: TURN_TO SATELLITE2 GROUNDSTATION118 STAR50
        9: TURN_TO SATELLITE4 GROUNDSTATION114 GROUNDSTATION120
       10: TURN_TO SATELLITE8 STAR65 STAR122
       11: TAKE_IMAGE SATELLITE0 PLANET126 INSTRUMENT1 THERMOGRAPH3
       12: TAKE_IMAGE SATELLITE1 PHENOMENON127 INSTRUMENT11 SPECTROGRAPH4
     

time spent:    0.00 seconds instantiating 177792 easy, 0 hard action templates
               0.02 seconds reachability analysis, yielding 2040 facts and 177792 actions
               0.04 seconds creating final representation with 2040 relevant facts, 0 relevant fluents
               0.23 seconds computing LNF
               0.08 seconds building connectivity graph
               0.10 seconds searching, evaluating 14 states, to a max depth of 1
               0.47 seconds total time

