
ff: parsing domain file
domain 'SATELLITE' defined
 ... done.
ff: parsing problem file
problem 'STRIPS-SAT-X-1' defined
 ... done.


no metric specified. plan length assumed.

checking for cyclic := effects --- OK.

ff: search configuration is EHC, if that fails then  best-first on 1*g(s) + 5*h(s) where
    metric is  plan length

Cueing down from goal distance:   11 into depth [1]
                                  10            [1]
                                   9            [1]
                                   8            [1]
                                   7            [1]
                                   6            [1]
                                   5            [1]
                                   4            [1]
                                   3            [1]
                                   2            [1]
                                   1            [1]
                                   0            

ff: found legal plan as follows

step    0: SWITCH_ON INSTRUMENT2 SATELLITE0
        1: CALIBRATE SATELLITE0 INSTRUMENT2 STAR92
        2: TURN_TO SATELLITE0 STAR126 STAR92
        3: TURN_TO SATELLITE1 GROUNDSTATION66 GROUNDSTATION19
        4: TURN_TO SATELLITE2 STAR36 GROUNDSTATION44
        5: TURN_TO SATELLITE3 STAR26 GROUNDSTATION13
        6: TURN_TO SATELLITE4 STAR30 GROUNDSTATION10
        7: TURN_TO SATELLITE9 STAR36 STAR59
        8: TAKE_IMAGE SATELLITE0 STAR126 INSTRUMENT2 IMAGE4
        9: TURN_TO SATELLITE0 PHENOMENON127 STAR126
       10: TAKE_IMAGE SATELLITE0 PHENOMENON127 INSTRUMENT2 IMAGE4
     

time spent:    0.00 seconds instantiating 181115 easy, 0 hard action templates
               0.02 seconds reachability analysis, yielding 2060 facts and 181115 actions
               0.03 seconds creating final representation with 2060 relevant facts, 0 relevant fluents
               0.25 seconds computing LNF
               0.07 seconds building connectivity graph
               0.21 seconds searching, evaluating 20 states, to a max depth of 1
               0.58 seconds total time

