
ff: parsing domain file
domain 'SATELLITE' defined
 ... done.
ff: parsing problem file
problem 'STRIPS-SAT-X-1' defined
 ... done.


no metric specified. plan length assumed.

checking for cyclic := effects --- OK.

ff: search configuration is EHC, if that fails then  best-first on 1*g(s) + 5*h(s) where
    metric is  plan length

Cueing down from goal distance:   16 into depth [1]
                                  14            [1]
                                  13            [1]
                                  12            [1]
                                  11            [1]
                                  10            [1]
                                   9            [1]
                                   8            [1]
                                   7            [1]
                                   6            [1]
                                   5            [1]
                                   4            [1]
                                   3            [1]
                                   2            [1]
                                   1            [1]
                                   0            

ff: found legal plan as follows

step    0: TURN_TO SATELLITE8 GROUNDSTATION68 PHENOMENON173
        1: TURN_TO SATELLITE1 STAR167 STAR35
        2: SWITCH_ON INSTRUMENT4 SATELLITE1
        3: CALIBRATE SATELLITE1 INSTRUMENT4 STAR167
        4: TURN_TO SATELLITE1 PHENOMENON173 STAR167
        5: TURN_TO SATELLITE0 STAR157 GROUNDSTATION122
        6: TURN_TO SATELLITE2 GROUNDSTATION5 GROUNDSTATION43
        7: TURN_TO SATELLITE3 STAR113 STAR67
        8: TURN_TO SATELLITE4 STAR20 GROUNDSTATION154
        9: TURN_TO SATELLITE6 GROUNDSTATION104 STAR58
       10: TURN_TO SATELLITE7 GROUNDSTATION152 GROUNDSTATION62
       11: TAKE_IMAGE SATELLITE1 PHENOMENON173 INSTRUMENT4 SPECTROGRAPH3
       12: TURN_TO SATELLITE1 PHENOMENON174 PHENOMENON173
       13: TAKE_IMAGE SATELLITE1 PHENOMENON174 INSTRUMENT4 SPECTROGRAPH1
       14: TURN_TO SATELLITE1 STAR115 PHENOMENON174
     

time spent:    0.01 seconds instantiating 336617 easy, 0 hard action templates
               0.03 seconds reachability analysis, yielding 2783 facts and 336617 actions
               0.06 seconds creating final representation with 2783 relevant facts, 0 relevant fluents
               0.40 seconds computing LNF
               0.13 seconds building connectivity graph
               0.68 seconds searching, evaluating 32 states, to a max depth of 1
               1.31 seconds total time

