
ff: parsing domain file
domain 'SATELLITE' defined
 ... done.
ff: parsing problem file
problem 'STRIPS-SAT-X-1' defined
 ... done.


no metric specified. plan length assumed.

checking for cyclic := effects --- OK.

ff: search configuration is EHC, if that fails then  best-first on 1*g(s) + 5*h(s) where
    metric is  plan length

Cueing down from goal distance:   11 into depth [1]
                                   9            [1]
                                   8            [1]
                                   7            [1]
                                   6            [1]
                                   5            [1]
                                   4            [1]
                                   3            [1]
                                   2            [1]
                                   1            [1]
                                   0            

ff: found legal plan as follows

step    0: TURN_TO SATELLITE6 GROUNDSTATION130 PLANET173
        1: TURN_TO SATELLITE0 GROUNDSTATION82 GROUNDSTATION47
        2: SWITCH_ON INSTRUMENT0 SATELLITE0
        3: CALIBRATE SATELLITE0 INSTRUMENT0 GROUNDSTATION82
        4: TURN_TO SATELLITE0 PLANET173 GROUNDSTATION82
        5: TURN_TO SATELLITE1 STAR117 STAR94
        6: TURN_TO SATELLITE8 GROUNDSTATION72 GROUNDSTATION49
        7: TAKE_IMAGE SATELLITE0 PLANET173 INSTRUMENT0 THERMOGRAPH4
        8: TURN_TO SATELLITE0 PHENOMENON174 PLANET173
        9: TAKE_IMAGE SATELLITE0 PHENOMENON174 INSTRUMENT0 THERMOGRAPH4
     

time spent:    0.01 seconds instantiating 328442 easy, 0 hard action templates
               0.02 seconds reachability analysis, yielding 2755 facts and 328442 actions
               0.05 seconds creating final representation with 2755 relevant facts, 0 relevant fluents
               0.38 seconds computing LNF
               0.13 seconds building connectivity graph
               0.36 seconds searching, evaluating 16 states, to a max depth of 1
               0.95 seconds total time

