
ff: parsing domain file
domain 'SATELLITE' defined
 ... done.
ff: parsing problem file
problem 'STRIPS-SAT-X-1' defined
 ... done.


no metric specified. plan length assumed.

checking for cyclic := effects --- OK.

ff: search configuration is EHC, if that fails then  best-first on 1*g(s) + 5*h(s) where
    metric is  plan length

Cueing down from goal distance:    8 into depth [1]
                                   7            [1]
                                   6            [1]
                                   5            [1]
                                   4            [1]
                                   3            [1]
                                   2            [1]
                                   1            [1]
                                   0            

ff: found legal plan as follows

step    0: SWITCH_ON INSTRUMENT0 SATELLITE0
        1: CALIBRATE SATELLITE0 INSTRUMENT0 STAR28
        2: TURN_TO SATELLITE0 PLANET173 STAR28
        3: TURN_TO SATELLITE1 GROUNDSTATION105 GROUNDSTATION6
        4: TAKE_IMAGE SATELLITE0 PLANET173 INSTRUMENT0 SPECTROGRAPH4
        5: TURN_TO SATELLITE0 PLANET174 PLANET173
        6: TAKE_IMAGE SATELLITE0 PLANET174 INSTRUMENT0 INFRARED0
        7: TURN_TO SATELLITE0 GROUNDSTATION172 PLANET174
     

time spent:    0.00 seconds instantiating 329480 easy, 0 hard action templates
               0.04 seconds reachability analysis, yielding 2749 facts and 329480 actions
               0.06 seconds creating final representation with 2749 relevant facts, 0 relevant fluents
               0.37 seconds computing LNF
               0.14 seconds building connectivity graph
               0.34 seconds searching, evaluating 16 states, to a max depth of 1
               0.95 seconds total time

