
ff: parsing domain file
domain 'SATELLITE' defined
 ... done.
ff: parsing problem file
problem 'STRIPS-SAT-X-1' defined
 ... done.


no metric specified. plan length assumed.

checking for cyclic := effects --- OK.

ff: search configuration is EHC, if that fails then  best-first on 1*g(s) + 5*h(s) where
    metric is  plan length

Cueing down from goal distance:   11 into depth [1]
                                  10            [1]
                                   9            [1]
                                   8            [1]
                                   7            [1]
                                   6            [1]
                                   5            [1]
                                   4            [1]
                                   3            [1]
                                   2            [1]
                                   1            [1]
                                   0            

ff: found legal plan as follows

step    0: TURN_TO SATELLITE0 STAR24 STAR44
        1: SWITCH_ON INSTRUMENT0 SATELLITE0
        2: CALIBRATE SATELLITE0 INSTRUMENT0 STAR24
        3: TURN_TO SATELLITE0 PHENOMENON46 STAR24
        4: SWITCH_ON INSTRUMENT9 SATELLITE1
        5: CALIBRATE SATELLITE1 INSTRUMENT9 GROUNDSTATION26
        6: TURN_TO SATELLITE1 STAR47 GROUNDSTATION26
        7: TURN_TO SATELLITE2 GROUNDSTATION14 GROUNDSTATION7
        8: TURN_TO SATELLITE9 GROUNDSTATION15 STAR41
        9: TAKE_IMAGE SATELLITE0 PHENOMENON46 INSTRUMENT0 INFRARED3
       10: TAKE_IMAGE SATELLITE1 STAR47 INSTRUMENT9 THERMOGRAPH2
     

time spent:    0.00 seconds instantiating 28461 easy, 0 hard action templates
               0.00 seconds reachability analysis, yielding 824 facts and 28461 actions
               0.00 seconds creating final representation with 824 relevant facts, 0 relevant fluents
               0.03 seconds computing LNF
               0.02 seconds building connectivity graph
               0.00 seconds searching, evaluating 12 states, to a max depth of 1
               0.05 seconds total time

