
ff: parsing domain file
domain 'SATELLITE' defined
 ... done.
ff: parsing problem file
problem 'STRIPS-SAT-X-1' defined
 ... done.


no metric specified. plan length assumed.

checking for cyclic := effects --- OK.

ff: search configuration is EHC, if that fails then  best-first on 1*g(s) + 5*h(s) where
    metric is  plan length

Cueing down from goal distance:   11 into depth [1]
                                  10            [1]
                                   9            [1]
                                   8            [1]
                                   7            [1]
                                   6            [1]
                                   5            [1]
                                   4            [1]
                                   3            [1]
                                   2            [1]
                                   1            [1]
                                   0            

ff: found legal plan as follows

step    0: SWITCH_ON INSTRUMENT0 SATELLITE0
        1: TURN_TO SATELLITE1 GROUNDSTATION19 STAR24
        2: CALIBRATE SATELLITE0 INSTRUMENT0 GROUNDSTATION17
        3: TURN_TO SATELLITE0 PLANET47 GROUNDSTATION17
        4: SWITCH_ON INSTRUMENT13 SATELLITE1
        5: CALIBRATE SATELLITE1 INSTRUMENT13 GROUNDSTATION19
        6: TURN_TO SATELLITE1 PHENOMENON46 GROUNDSTATION19
        7: TURN_TO SATELLITE9 GROUNDSTATION44 STAR11
        8: TAKE_IMAGE SATELLITE1 PHENOMENON46 INSTRUMENT13 IMAGE4
        9: TURN_TO SATELLITE1 GROUNDSTATION3 PHENOMENON46
       10: TAKE_IMAGE SATELLITE0 PLANET47 INSTRUMENT0 INFRARED3
     

time spent:    0.00 seconds instantiating 30707 easy, 0 hard action templates
               0.00 seconds reachability analysis, yielding 868 facts and 30707 actions
               0.01 seconds creating final representation with 868 relevant facts, 0 relevant fluents
               0.03 seconds computing LNF
               0.02 seconds building connectivity graph
               0.01 seconds searching, evaluating 17 states, to a max depth of 1
               0.07 seconds total time

