
ff: parsing domain file
domain 'SATELLITE' defined
 ... done.
ff: parsing problem file
problem 'STRIPS-SAT-X-1' defined
 ... done.


no metric specified. plan length assumed.

checking for cyclic := effects --- OK.

ff: search configuration is EHC, if that fails then  best-first on 1*g(s) + 5*h(s) where
    metric is  plan length

Cueing down from goal distance:   14 into depth [1]
                                  13            [1]
                                  12            [1]
                                  11            [1]
                                  10            [1]
                                   9            [1]
                                   8            [1]
                                   7            [1]
                                   6            [1]
                                   5            [1]
                                   4            [1][2]
                                   3            [1]
                                   2            [1]
                                   1            [1]
                                   0            

ff: found legal plan as follows

step    0: TURN_TO SATELLITE0 STAR17 GROUNDSTATION11
        1: SWITCH_ON INSTRUMENT41 SATELLITE8
        2: SWITCH_ON INSTRUMENT0 SATELLITE0
        3: CALIBRATE SATELLITE0 INSTRUMENT0 STAR17
        4: TURN_TO SATELLITE0 PLANET28 STAR17
        5: TURN_TO SATELLITE1 STAR17 STAR18
        6: TURN_TO SATELLITE3 GROUNDSTATION11 GROUNDSTATION0
        7: TURN_TO SATELLITE4 PHENOMENON27 GROUNDSTATION19
        8: TURN_TO SATELLITE5 PLANET28 GROUNDSTATION10
        9: TAKE_IMAGE SATELLITE0 PLANET28 INSTRUMENT0 INFRARED3
       10: TURN_TO SATELLITE8 GROUNDSTATION0 PHENOMENON27
       11: CALIBRATE SATELLITE8 INSTRUMENT41 GROUNDSTATION0
       12: TURN_TO SATELLITE8 PHENOMENON27 GROUNDSTATION0
       13: TAKE_IMAGE SATELLITE8 PHENOMENON27 INSTRUMENT41 THERMOGRAPH0
       14: TURN_TO SATELLITE8 GROUNDSTATION12 PHENOMENON27
     

time spent:    0.00 seconds instantiating 11663 easy, 0 hard action templates
               0.00 seconds reachability analysis, yielding 555 facts and 11663 actions
               0.00 seconds creating final representation with 555 relevant facts, 0 relevant fluents
               0.01 seconds computing LNF
               0.00 seconds building connectivity graph
               0.01 seconds searching, evaluating 29 states, to a max depth of 2
               0.02 seconds total time

