
ff: parsing domain file
domain 'SATELLITE' defined
 ... done.
ff: parsing problem file
problem 'STRIPS-SAT-X-1' defined
 ... done.


no metric specified. plan length assumed.

checking for cyclic := effects --- OK.

ff: search configuration is EHC, if that fails then  best-first on 1*g(s) + 5*h(s) where
    metric is  plan length

Cueing down from goal distance:   14 into depth [1]
                                  13            [1]
                                  12            [1]
                                  11            [1]
                                  10            [1]
                                   9            [1]
                                   8            [1]
                                   7            [1]
                                   6            [1]
                                   5            [1]
                                   4            [1]
                                   3            [1]
                                   2            [1]
                                   1            [1]
                                   0            

ff: found legal plan as follows

step    0: TURN_TO SATELLITE0 STAR11 STAR10
        1: SWITCH_ON INSTRUMENT0 SATELLITE0
        2: CALIBRATE SATELLITE0 INSTRUMENT0 STAR11
        3: TURN_TO SATELLITE0 PHENOMENON27 STAR11
        4: TURN_TO SATELLITE1 GROUNDSTATION17 GROUNDSTATION8
        5: TURN_TO SATELLITE2 STAR10 STAR9
        6: TURN_TO SATELLITE3 STAR16 STAR20
        7: TURN_TO SATELLITE5 GROUNDSTATION23 STAR18
        8: TURN_TO SATELLITE7 STAR2 GROUNDSTATION0
        9: TURN_TO SATELLITE8 STAR24 STAR20
       10: TURN_TO SATELLITE9 GROUNDSTATION3 STAR2
       11: TAKE_IMAGE SATELLITE0 PHENOMENON27 INSTRUMENT0 IMAGE1
       12: TURN_TO SATELLITE0 STAR28 PHENOMENON27
       13: TAKE_IMAGE SATELLITE0 STAR28 INSTRUMENT0 THERMOGRAPH0
     

time spent:    0.00 seconds instantiating 12622 easy, 0 hard action templates
               0.00 seconds reachability analysis, yielding 571 facts and 12622 actions
               0.00 seconds creating final representation with 571 relevant facts, 0 relevant fluents
               0.01 seconds computing LNF
               0.00 seconds building connectivity graph
               0.02 seconds searching, evaluating 25 states, to a max depth of 1
               0.03 seconds total time

