
ff: parsing domain file
domain 'SATELLITE' defined
 ... done.
ff: parsing problem file
problem 'STRIPS-SAT-X-1' defined
 ... done.


no metric specified. plan length assumed.

checking for cyclic := effects --- OK.

ff: search configuration is EHC, if that fails then  best-first on 1*g(s) + 5*h(s) where
    metric is  plan length

Cueing down from goal distance:   12 into depth [1]
                                  11            [1]
                                  10            [1]
                                   9            [1]
                                   8            [1]
                                   7            [1]
                                   6            [1]
                                   5            [1]
                                   4            [1]
                                   3            [1][2]
                                   2            [1]
                                   1            [1]
                                   0            

ff: found legal plan as follows

step    0: TURN_TO SATELLITE1 GROUNDSTATION37 GROUNDSTATION111
        1: SWITCH_ON INSTRUMENT39 SATELLITE6
        2: SWITCH_ON INSTRUMENT14 SATELLITE1
        3: CALIBRATE SATELLITE1 INSTRUMENT14 GROUNDSTATION37
        4: TURN_TO SATELLITE1 STAR114 GROUNDSTATION37
        5: TURN_TO SATELLITE0 STAR104 GROUNDSTATION112
        6: TURN_TO SATELLITE5 GROUNDSTATION51 STAR11
        7: TAKE_IMAGE SATELLITE1 STAR114 INSTRUMENT14 THERMOGRAPH4
        8: TURN_TO SATELLITE1 STAR96 STAR114
        9: TURN_TO SATELLITE6 GROUNDSTATION103 PLANET113
       10: CALIBRATE SATELLITE6 INSTRUMENT39 GROUNDSTATION103
       11: TURN_TO SATELLITE6 PLANET113 GROUNDSTATION103
       12: TAKE_IMAGE SATELLITE6 PLANET113 INSTRUMENT39 INFRARED0
     

time spent:    0.00 seconds instantiating 150082 easy, 0 hard action templates
               0.02 seconds reachability analysis, yielding 1871 facts and 150082 actions
               0.01 seconds creating final representation with 1871 relevant facts, 0 relevant fluents
               0.19 seconds computing LNF
               0.07 seconds building connectivity graph
               0.20 seconds searching, evaluating 25 states, to a max depth of 2
               0.49 seconds total time

