
ff: parsing domain file
domain 'SATELLITE' defined
 ... done.
ff: parsing problem file
problem 'STRIPS-SAT-X-1' defined
 ... done.


no metric specified. plan length assumed.

checking for cyclic := effects --- OK.

ff: search configuration is EHC, if that fails then  best-first on 1*g(s) + 5*h(s) where
    metric is  plan length

Cueing down from goal distance:   11 into depth [1]
                                  10            [1]
                                   9            [1]
                                   8            [1]
                                   7            [1]
                                   6            [1]
                                   5            [1]
                                   4            [1]
                                   3            [1]
                                   2            [1]
                                   1            [1]
                                   0            

ff: found legal plan as follows

step    0: TURN_TO SATELLITE0 GROUNDSTATION103 GROUNDSTATION56
        1: SWITCH_ON INSTRUMENT1 SATELLITE0
        2: CALIBRATE SATELLITE0 INSTRUMENT1 GROUNDSTATION103
        3: TURN_TO SATELLITE0 PLANET113 GROUNDSTATION103
        4: TURN_TO SATELLITE2 STAR2 GROUNDSTATION65
        5: TURN_TO SATELLITE6 STAR19 STAR29
        6: TURN_TO SATELLITE8 GROUNDSTATION77 GROUNDSTATION83
        7: TAKE_IMAGE SATELLITE0 PLANET113 INSTRUMENT1 INFRARED4
        8: TURN_TO SATELLITE0 PHENOMENON114 PLANET113
        9: TAKE_IMAGE SATELLITE0 PHENOMENON114 INSTRUMENT1 IMAGE2
       10: TURN_TO SATELLITE0 STAR14 PHENOMENON114
     

time spent:    0.00 seconds instantiating 141143 easy, 0 hard action templates
               0.01 seconds reachability analysis, yielding 1815 facts and 141143 actions
               0.03 seconds creating final representation with 1815 relevant facts, 0 relevant fluents
               0.16 seconds computing LNF
               0.05 seconds building connectivity graph
               0.15 seconds searching, evaluating 23 states, to a max depth of 1
               0.40 seconds total time

