
ff: parsing domain file
domain 'SATELLITE' defined
 ... done.
ff: parsing problem file
problem 'STRIPS-SAT-X-1' defined
 ... done.


no metric specified. plan length assumed.

checking for cyclic := effects --- OK.

ff: search configuration is EHC, if that fails then  best-first on 1*g(s) + 5*h(s) where
    metric is  plan length

Cueing down from goal distance:   11 into depth [1]
                                  10            [1]
                                   9            [1]
                                   8            [1]
                                   7            [1]
                                   6            [1]
                                   5            [1]
                                   4            [1]
                                   3            [1]
                                   2            [1]
                                   1            [1]
                                   0            

ff: found legal plan as follows

step    0: SWITCH_ON INSTRUMENT7 SATELLITE3
        1: CALIBRATE SATELLITE3 INSTRUMENT7 GROUNDSTATION27
        2: TURN_TO SATELLITE3 PLANET113 GROUNDSTATION27
        3: TURN_TO SATELLITE0 STAR14 STAR42
        4: TURN_TO SATELLITE1 STAR98 GROUNDSTATION58
        5: TURN_TO SATELLITE5 STAR9 STAR55
        6: TURN_TO SATELLITE8 GROUNDSTATION58 STAR102
        7: TURN_TO SATELLITE9 PLANET113 STAR23
        8: TAKE_IMAGE SATELLITE3 PLANET113 INSTRUMENT7 INFRARED4
        9: TURN_TO SATELLITE3 PLANET114 PLANET113
       10: TAKE_IMAGE SATELLITE3 PLANET114 INSTRUMENT7 INFRARED4
     

time spent:    0.00 seconds instantiating 141025 easy, 0 hard action templates
               0.01 seconds reachability analysis, yielding 1799 facts and 141025 actions
               0.02 seconds creating final representation with 1799 relevant facts, 0 relevant fluents
               0.17 seconds computing LNF
               0.05 seconds building connectivity graph
               0.13 seconds searching, evaluating 20 states, to a max depth of 1
               0.38 seconds total time

