
ff: parsing domain file
domain 'SATELLITE' defined
 ... done.
ff: parsing problem file
problem 'STRIPS-SAT-X-1' defined
 ... done.


no metric specified. plan length assumed.

checking for cyclic := effects --- OK.

ff: search configuration is EHC, if that fails then  best-first on 1*g(s) + 5*h(s) where
    metric is  plan length

Cueing down from goal distance:   14 into depth [1]
                                  13            [1]
                                  12            [1]
                                  11            [1]
                                  10            [1]
                                   9            [1]
                                   8            [1]
                                   7            [1]
                                   6            [1]
                                   5            [1]
                                   4            [1]
                                   3            [1]
                                   2            [1]
                                   1            [1]
                                   0            

ff: found legal plan as follows

step    0: TURN_TO SATELLITE0 STAR104 STAR79
        1: SWITCH_ON INSTRUMENT0 SATELLITE0
        2: TURN_TO SATELLITE2 GROUNDSTATION22 STAR71
        3: CALIBRATE SATELLITE0 INSTRUMENT0 STAR104
        4: TURN_TO SATELLITE0 PHENOMENON113 STAR104
        5: SWITCH_ON INSTRUMENT9 SATELLITE2
        6: CALIBRATE SATELLITE2 INSTRUMENT9 GROUNDSTATION22
        7: TURN_TO SATELLITE2 PHENOMENON114 GROUNDSTATION22
        8: TURN_TO SATELLITE1 STAR112 STAR12
        9: TURN_TO SATELLITE5 STAR87 STAR48
       10: TURN_TO SATELLITE6 GROUNDSTATION58 STAR55
       11: TURN_TO SATELLITE8 GROUNDSTATION103 STAR95
       12: TAKE_IMAGE SATELLITE0 PHENOMENON113 INSTRUMENT0 IMAGE2
       13: TAKE_IMAGE SATELLITE2 PHENOMENON114 INSTRUMENT9 IMAGE3
     

time spent:    0.00 seconds instantiating 144276 easy, 0 hard action templates
               0.02 seconds reachability analysis, yielding 1827 facts and 144276 actions
               0.02 seconds creating final representation with 1827 relevant facts, 0 relevant fluents
               0.18 seconds computing LNF
               0.07 seconds building connectivity graph
               0.08 seconds searching, evaluating 16 states, to a max depth of 1
               0.37 seconds total time

