
ff: parsing domain file
domain 'SATELLITE' defined
 ... done.
ff: parsing problem file
problem 'STRIPS-SAT-X-1' defined
 ... done.


no metric specified. plan length assumed.

checking for cyclic := effects --- OK.

ff: search configuration is EHC, if that fails then  best-first on 1*g(s) + 5*h(s) where
    metric is  plan length

Cueing down from goal distance:   15 into depth [1]
                                  14            [1]
                                  12            [1]
                                  11            [1]
                                  10            [1]
                                   9            [1]
                                   8            [1]
                                   7            [1]
                                   6            [1]
                                   5            [1]
                                   4            [1]
                                   3            [1]
                                   2            [1]
                                   1            [1]
                                   0            

ff: found legal plan as follows

step    0: TURN_TO SATELLITE0 STAR97 STAR55
        1: SWITCH_ON INSTRUMENT1 SATELLITE0
        2: CALIBRATE SATELLITE0 INSTRUMENT1 STAR97
        3: TURN_TO SATELLITE0 PLANET113 STAR97
        4: SWITCH_ON INSTRUMENT10 SATELLITE1
        5: CALIBRATE SATELLITE1 INSTRUMENT10 GROUNDSTATION34
        6: TURN_TO SATELLITE1 PLANET114 GROUNDSTATION34
        7: TURN_TO SATELLITE3 STAR60 STAR33
        8: TURN_TO SATELLITE4 GROUNDSTATION93 STAR49
        9: TURN_TO SATELLITE5 STAR65 GROUNDSTATION37
       10: TURN_TO SATELLITE8 GROUNDSTATION66 STAR17
       11: TURN_TO SATELLITE9 STAR33 GROUNDSTATION104
       12: TAKE_IMAGE SATELLITE0 PLANET113 INSTRUMENT1 IMAGE0
       13: TAKE_IMAGE SATELLITE1 PLANET114 INSTRUMENT10 INFRARED4
     

time spent:    0.00 seconds instantiating 147486 easy, 0 hard action templates
               0.01 seconds reachability analysis, yielding 1859 facts and 147486 actions
               0.04 seconds creating final representation with 1859 relevant facts, 0 relevant fluents
               0.18 seconds computing LNF
               0.06 seconds building connectivity graph
               0.08 seconds searching, evaluating 16 states, to a max depth of 1
               0.37 seconds total time

