
ff: parsing domain file
domain 'SATELLITE' defined
 ... done.
ff: parsing problem file
problem 'STRIPS-SAT-X-1' defined
 ... done.


no metric specified. plan length assumed.

checking for cyclic := effects --- OK.

ff: search configuration is EHC, if that fails then  best-first on 1*g(s) + 5*h(s) where
    metric is  plan length

Cueing down from goal distance:   14 into depth [1]
                                  13            [1]
                                  12            [1]
                                  11            [1]
                                  10            [1]
                                   9            [1]
                                   8            [1]
                                   7            [1]
                                   6            [1]
                                   5            [1]
                                   4            [1]
                                   3            [1]
                                   2            [1]
                                   1            [1]
                                   0            

ff: found legal plan as follows

step    0: SWITCH_ON INSTRUMENT0 SATELLITE0
        1: SWITCH_ON INSTRUMENT11 SATELLITE2
        2: TURN_TO SATELLITE2 GROUNDSTATION0 PLANET86
        3: CALIBRATE SATELLITE2 INSTRUMENT11 GROUNDSTATION0
        4: TURN_TO SATELLITE2 STAR85 GROUNDSTATION0
        5: TURN_TO SATELLITE1 STAR63 STAR59
        6: TURN_TO SATELLITE4 STAR70 GROUNDSTATION26
        7: TURN_TO SATELLITE7 STAR19 STAR14
        8: TURN_TO SATELLITE8 STAR11 STAR12
        9: TURN_TO SATELLITE9 STAR85 STAR7
       10: TAKE_IMAGE SATELLITE2 STAR85 INSTRUMENT11 SPECTROGRAPH2
       11: TURN_TO SATELLITE2 PLANET86 STAR85
       12: TAKE_IMAGE SATELLITE2 PLANET86 INSTRUMENT11 SPECTROGRAPH1
       13: TURN_TO SATELLITE2 STAR59 PLANET86
     

time spent:    0.00 seconds instantiating 85661 easy, 0 hard action templates
               0.01 seconds reachability analysis, yielding 1419 facts and 85661 actions
               0.01 seconds creating final representation with 1419 relevant facts, 0 relevant fluents
               0.10 seconds computing LNF
               0.03 seconds building connectivity graph
               0.12 seconds searching, evaluating 33 states, to a max depth of 1
               0.27 seconds total time

