
ff: parsing domain file
domain 'SATELLITE' defined
 ... done.
ff: parsing problem file
problem 'STRIPS-SAT-X-1' defined
 ... done.


no metric specified. plan length assumed.

checking for cyclic := effects --- OK.

ff: search configuration is EHC, if that fails then  best-first on 1*g(s) + 5*h(s) where
    metric is  plan length

Cueing down from goal distance:   12 into depth [1]
                                  11            [1]
                                  10            [1]
                                   9            [1]
                                   8            [1]
                                   7            [1]
                                   6            [1]
                                   5            [1]
                                   4            [1]
                                   3            [1]
                                   2            [1]
                                   1            [1]
                                   0            

ff: found legal plan as follows

step    0: TURN_TO SATELLITE0 GROUNDSTATION53 GROUNDSTATION17
        1: SWITCH_ON INSTRUMENT0 SATELLITE0
        2: CALIBRATE SATELLITE0 INSTRUMENT0 GROUNDSTATION53
        3: TURN_TO SATELLITE0 PHENOMENON85 GROUNDSTATION53
        4: TURN_TO SATELLITE2 STAR42 STAR40
        5: TURN_TO SATELLITE3 GROUNDSTATION32 STAR84
        6: TURN_TO SATELLITE8 STAR54 STAR43
        7: TURN_TO SATELLITE9 GROUNDSTATION47 STAR41
        8: TAKE_IMAGE SATELLITE0 PHENOMENON85 INSTRUMENT0 IMAGE0
        9: TURN_TO SATELLITE0 PHENOMENON86 PHENOMENON85
       10: TAKE_IMAGE SATELLITE0 PHENOMENON86 INSTRUMENT0 THERMOGRAPH4
       11: TURN_TO SATELLITE0 STAR20 PHENOMENON86
     

time spent:    0.00 seconds instantiating 86753 easy, 0 hard action templates
               0.00 seconds reachability analysis, yielding 1431 facts and 86753 actions
               0.02 seconds creating final representation with 1431 relevant facts, 0 relevant fluents
               0.11 seconds computing LNF
               0.04 seconds building connectivity graph
               0.10 seconds searching, evaluating 26 states, to a max depth of 1
               0.27 seconds total time

