
ff: parsing domain file
domain 'SATELLITE' defined
 ... done.
ff: parsing problem file
problem 'STRIPS-SAT-X-1' defined
 ... done.


no metric specified. plan length assumed.

checking for cyclic := effects --- OK.

ff: search configuration is EHC, if that fails then  best-first on 1*g(s) + 5*h(s) where
    metric is  plan length

Cueing down from goal distance:    4 into depth [1]
                                   3            [1]
                                   2            [1]
                                   1            [1]
                                   0            

ff: found legal plan as follows

step    0: TURN_TO SATELLITE3 STAR16 GROUNDSTATION18
        1: TURN_TO SATELLITE4 STAR81 GROUNDSTATION44
        2: TURN_TO SATELLITE6 STAR15 STAR57
        3: TURN_TO SATELLITE9 GROUNDSTATION65 STAR49
     

time spent:    0.00 seconds instantiating 87991 easy, 0 hard action templates
               0.00 seconds reachability analysis, yielding 1447 facts and 87991 actions
               0.02 seconds creating final representation with 1447 relevant facts, 0 relevant fluents
               0.11 seconds computing LNF
               0.04 seconds building connectivity graph
               0.00 seconds searching, evaluating 5 states, to a max depth of 1
               0.17 seconds total time

