
ff: parsing domain file
domain 'SATELLITE' defined
 ... done.
ff: parsing problem file
problem 'STRIPS-SAT-X-1' defined
 ... done.


no metric specified. plan length assumed.

checking for cyclic := effects --- OK.

ff: search configuration is EHC, if that fails then  best-first on 1*g(s) + 5*h(s) where
    metric is  plan length

Cueing down from goal distance:   14 into depth [1]
                                  11            [1]
                                  10            [1]
                                   9            [1]
                                   8            [1]
                                   7            [1]
                                   6            [1]
                                   5            [1][2]
                                   4            [1]
                                   3            [1]
                                   2            [1]
                                   1            [1]
                                   0            

ff: found legal plan as follows

step    0: SWITCH_ON INSTRUMENT18 SATELLITE4
        1: TURN_TO SATELLITE0 STAR8 STAR17
        2: TURN_TO SATELLITE1 STAR53 GROUNDSTATION48
        3: TURN_TO SATELLITE2 GROUNDSTATION5 GROUNDSTATION52
        4: TURN_TO SATELLITE5 GROUNDSTATION48 STAR56
        5: TURN_TO SATELLITE8 GROUNDSTATION58 GROUNDSTATION70
        6: TURN_TO SATELLITE9 GROUNDSTATION2 STAR77
        7: TURN_TO SATELLITE4 GROUNDSTATION44 PHENOMENON85
        8: CALIBRATE SATELLITE4 INSTRUMENT18 GROUNDSTATION44
        9: TURN_TO SATELLITE4 PHENOMENON85 GROUNDSTATION44
       10: TAKE_IMAGE SATELLITE4 PHENOMENON85 INSTRUMENT18 THERMOGRAPH3
       11: TURN_TO SATELLITE4 PLANET86 PHENOMENON85
       12: TAKE_IMAGE SATELLITE4 PLANET86 INSTRUMENT18 THERMOGRAPH2
     

time spent:    0.00 seconds instantiating 85952 easy, 0 hard action templates
               0.00 seconds reachability analysis, yielding 1421 facts and 85952 actions
               0.02 seconds creating final representation with 1421 relevant facts, 0 relevant fluents
               0.10 seconds computing LNF
               0.03 seconds building connectivity graph
               0.11 seconds searching, evaluating 29 states, to a max depth of 2
               0.26 seconds total time

