
ff: parsing domain file
domain 'SATELLITE' defined
 ... done.
ff: parsing problem file
problem 'STRIPS-SAT-X-1' defined
 ... done.


no metric specified. plan length assumed.

checking for cyclic := effects --- OK.

ff: search configuration is EHC, if that fails then  best-first on 1*g(s) + 5*h(s) where
    metric is  plan length

Cueing down from goal distance:   11 into depth [1]
                                  10            [1]
                                   9            [1]
                                   8            [1]
                                   7            [1]
                                   6            [1]
                                   5            [1]
                                   4            [1]
                                   3            [1]
                                   2            [1]
                                   1            [1]
                                   0            

ff: found legal plan as follows

step    0: SWITCH_ON INSTRUMENT4 SATELLITE0
        1: TURN_TO SATELLITE1 GROUNDSTATION76 GROUNDSTATION22
        2: CALIBRATE SATELLITE0 INSTRUMENT4 STAR41
        3: TURN_TO SATELLITE0 PHENOMENON85 STAR41
        4: SWITCH_ON INSTRUMENT9 SATELLITE1
        5: CALIBRATE SATELLITE1 INSTRUMENT9 GROUNDSTATION76
        6: TURN_TO SATELLITE1 PHENOMENON86 GROUNDSTATION76
        7: TURN_TO SATELLITE2 GROUNDSTATION37 STAR55
        8: TURN_TO SATELLITE4 STAR62 GROUNDSTATION7
        9: TAKE_IMAGE SATELLITE0 PHENOMENON85 INSTRUMENT4 IMAGE3
       10: TAKE_IMAGE SATELLITE1 PHENOMENON86 INSTRUMENT9 THERMOGRAPH4
     

time spent:    0.00 seconds instantiating 86828 easy, 0 hard action templates
               0.01 seconds reachability analysis, yielding 1435 facts and 86828 actions
               0.01 seconds creating final representation with 1435 relevant facts, 0 relevant fluents
               0.12 seconds computing LNF
               0.04 seconds building connectivity graph
               0.06 seconds searching, evaluating 13 states, to a max depth of 1
               0.24 seconds total time

