
ff: parsing domain file
domain 'SATELLITE' defined
 ... done.
ff: parsing problem file
problem 'STRIPS-SAT-X-1' defined
 ... done.


no metric specified. plan length assumed.

checking for cyclic := effects --- OK.

ff: search configuration is EHC, if that fails then  best-first on 1*g(s) + 5*h(s) where
    metric is  plan length

Cueing down from goal distance:   12 into depth [1]
                                  11            [1]
                                  10            [1]
                                   9            [1]
                                   8            [1]
                                   7            [1]
                                   6            [1]
                                   5            [1]
                                   4            [1]
                                   3            [1]
                                   2            [1]
                                   1            [1]
                                   0            

ff: found legal plan as follows

step    0: TURN_TO SATELLITE0 GROUNDSTATION73 STAR55
        1: SWITCH_ON INSTRUMENT0 SATELLITE0
        2: CALIBRATE SATELLITE0 INSTRUMENT0 GROUNDSTATION73
        3: TURN_TO SATELLITE0 STAR85 GROUNDSTATION73
        4: TURN_TO SATELLITE4 GROUNDSTATION61 GROUNDSTATION4
        5: TURN_TO SATELLITE5 STAR81 STAR1
        6: TURN_TO SATELLITE6 GROUNDSTATION62 STAR40
        7: TURN_TO SATELLITE7 GROUNDSTATION48 GROUNDSTATION84
        8: TAKE_IMAGE SATELLITE0 STAR85 INSTRUMENT0 IMAGE0
        9: TURN_TO SATELLITE0 STAR86 STAR85
       10: TAKE_IMAGE SATELLITE0 STAR86 INSTRUMENT0 INFRARED4
       11: TURN_TO SATELLITE0 GROUNDSTATION5 STAR86
     

time spent:    0.00 seconds instantiating 86822 easy, 0 hard action templates
               0.01 seconds reachability analysis, yielding 1439 facts and 86822 actions
               0.01 seconds creating final representation with 1439 relevant facts, 0 relevant fluents
               0.11 seconds computing LNF
               0.04 seconds building connectivity graph
               0.09 seconds searching, evaluating 26 states, to a max depth of 1
               0.26 seconds total time

