
ff: parsing domain file
domain 'BLOCKS' defined
 ... done.
ff: parsing problem file
problem 'PB6' defined
 ... done.


no metric specified. plan length assumed.

checking for cyclic := effects --- OK.

ff: search configuration is EHC, if that fails then  best-first on 1*g(s) + 5*h(s) where
    metric is  plan length

Cueing down from goal distance:   32 into depth [1][2][3][4][5]
                                  31            [1][2][3][4][5][6]
                                  30            [1][2][3][4][5][6][7][8][9]
                                  29            [1][2][3]
                                  28            [1][2][3][4][5][6]
                                  27            [1][2][3][4]
                                  26            [1][2][3][4][5][6]
                                  25            [1][2][3][4][5][6][7][8][9][10]
                                  24            [1][2][3][4][5][6]
                                  23            [1][2][3][4][5][6][7][8]
                                  22            [1][2][3][4][5][6][7][8][9][10][11][12][13][14][15][16]