
ff: parsing domain file
domain 'BLOCKS' defined
 ... done.
ff: parsing problem file
problem 'PB8' defined
 ... done.


no metric specified. plan length assumed.

checking for cyclic := effects --- OK.

ff: search configuration is EHC, if that fails then  best-first on 1*g(s) + 5*h(s) where
    metric is  plan length

Cueing down from goal distance:   30 into depth [1]
                                  29            [1][2][3]
                                  28            [1]
                                  27            [1]
                                  26            [1]
                                  25            [1]
                                  24            [1]
                                  23            [1]
                                  22            [1]
                                  21            [1]
                                  20            [1]
                                  19            [1]
                                  18            [1][2]
                                  16            [1][2]
                                  14            [1][2][3]
                                  13            [1]
                                  12            [1][2]
                                  10            [1]
                                   9            [1]
                                   8            [1]
                                   7            [1]
                                   6            [1][2]
                                   4            [1]
                                   3            [1]
                                   2            [1]
                                   1            [1]
                                   0            

ff: found legal plan as follows

step    0: UNSTACK BLOCK1 BLOCK6
        1: STACK BLOCK1 BLOCK9
        2: UNSTACK BLOCK8 BLOCK11
        3: PUT-DOWN BLOCK8
        4: UNSTACK BLOCK1 BLOCK9
        5: STACK BLOCK1 BLOCK8
        6: UNSTACK BLOCK11 BLOCK4
        7: PUT-DOWN BLOCK11
        8: UNSTACK BLOCK4 BLOCK14
        9: STACK BLOCK4 BLOCK1
       10: UNSTACK BLOCK7 BLOCK15
       11: STACK BLOCK7 BLOCK4
       12: PICK-UP BLOCK14
       13: STACK BLOCK14 BLOCK11
       14: PICK-UP BLOCK6
       15: STACK BLOCK6 BLOCK7
       16: PICK-UP BLOCK9
       17: STACK BLOCK9 BLOCK2
       18: UNSTACK BLOCK5 BLOCK10
       19: STACK BLOCK5 BLOCK15
       20: UNSTACK BLOCK10 BLOCK3
       21: STACK BLOCK10 BLOCK14
       22: UNSTACK BLOCK3 BLOCK16
       23: PUT-DOWN BLOCK3
       24: UNSTACK BLOCK16 BLOCK13
       25: PUT-DOWN BLOCK16
       26: UNSTACK BLOCK13 BLOCK12
       27: STACK BLOCK13 BLOCK10
       28: UNSTACK BLOCK5 BLOCK15
       29: STACK BLOCK5 BLOCK13
       30: PICK-UP BLOCK15
       31: STACK BLOCK15 BLOCK16
       32: PICK-UP BLOCK12
       33: STACK BLOCK12 BLOCK15
     

time spent:    0.00 seconds instantiating 544 easy, 0 hard action templates
               0.00 seconds reachability analysis, yielding 305 facts and 544 actions
               0.00 seconds creating final representation with 305 relevant facts, 0 relevant fluents
               0.00 seconds computing LNF
               0.00 seconds building connectivity graph
               0.00 seconds searching, evaluating 154 states, to a max depth of 3
               0.00 seconds total time

