
ff: parsing domain file
domain 'BLOCKS' defined
 ... done.
ff: parsing problem file
problem 'PB0' defined
 ... done.


no metric specified. plan length assumed.

checking for cyclic := effects --- OK.

ff: search configuration is EHC, if that fails then  best-first on 1*g(s) + 5*h(s) where
    metric is  plan length

Cueing down from goal distance:   10 into depth [1]
                                   9            [1]
                                   8            [1][2]
                                   7            [1][2]
                                   5            [1][2]
                                   3            [1][2][3][4]
                                   2            [1][2]
                                   0            

ff: found legal plan as follows

step    0: UNSTACK BLOCK3 BLOCK5
        1: PUT-DOWN BLOCK3
        2: PICK-UP BLOCK4
        3: STACK BLOCK4 BLOCK7
        4: UNSTACK BLOCK5 BLOCK2
        5: PUT-DOWN BLOCK5
        6: PICK-UP BLOCK6
        7: STACK BLOCK6 BLOCK3
        8: UNSTACK BLOCK4 BLOCK7
        9: STACK BLOCK4 BLOCK5
       10: PICK-UP BLOCK7
       11: STACK BLOCK7 BLOCK2
       12: UNSTACK BLOCK4 BLOCK5
       13: STACK BLOCK4 BLOCK7
     

time spent:    0.00 seconds instantiating 112 easy, 0 hard action templates
               0.00 seconds reachability analysis, yielding 71 facts and 112 actions
               0.00 seconds creating final representation with 71 relevant facts, 0 relevant fluents
               0.00 seconds computing LNF
               0.00 seconds building connectivity graph
               0.00 seconds searching, evaluating 53 states, to a max depth of 4
               0.00 seconds total time

