
ff: parsing domain file
domain 'BLOCKS' defined
 ... done.
ff: parsing problem file
problem 'PB5' defined
 ... done.


no metric specified. plan length assumed.

checking for cyclic := effects --- OK.

ff: search configuration is EHC, if that fails then  best-first on 1*g(s) + 5*h(s) where
    metric is  plan length

Cueing down from goal distance:   12 into depth [1]
                                  11            [1][2][3]
                                  10            [1]
                                   9            [1]
                                   8            [1][2][3][4]
                                   7            [1]
                                   6            [1]
                                   5            [1][2][3][4]
                                   4            [1][2]
                                   2            [1][2]
                                   0            

ff: found legal plan as follows

step    0: UNSTACK BLOCK3 BLOCK4
        1: PUT-DOWN BLOCK3
        2: PICK-UP BLOCK1
        3: STACK BLOCK1 BLOCK3
        4: UNSTACK BLOCK4 BLOCK2
        5: PUT-DOWN BLOCK4
        6: UNSTACK BLOCK2 BLOCK7
        7: STACK BLOCK2 BLOCK1
        8: PICK-UP BLOCK4
        9: STACK BLOCK4 BLOCK2
       10: UNSTACK BLOCK7 BLOCK5
       11: STACK BLOCK7 BLOCK4
       12: UNSTACK BLOCK5 BLOCK6
       13: PUT-DOWN BLOCK5
       14: UNSTACK BLOCK7 BLOCK4
       15: STACK BLOCK7 BLOCK5
       16: PICK-UP BLOCK6
       17: STACK BLOCK6 BLOCK4
     

time spent:    0.00 seconds instantiating 112 easy, 0 hard action templates
               0.00 seconds reachability analysis, yielding 71 facts and 112 actions
               0.00 seconds creating final representation with 71 relevant facts, 0 relevant fluents
               0.00 seconds computing LNF
               0.00 seconds building connectivity graph
               0.00 seconds searching, evaluating 37 states, to a max depth of 4
               0.00 seconds total time

