
ff: parsing domain file
domain 'BLOCKS' defined
 ... done.
ff: parsing problem file
problem 'PB2' defined
 ... done.


no metric specified. plan length assumed.

checking for cyclic := effects --- OK.

ff: search configuration is EHC, if that fails then  best-first on 1*g(s) + 5*h(s) where
    metric is  plan length

Cueing down from goal distance:   12 into depth [1][2][3][4]
                                  11            [1][2][3][4]
                                  10            [1][2]
                                   8            [1][2][3][4][5]
                                   7            [1]
                                   6            [1]
                                   5            [1][2]
                                   4            [1]
                                   3            [1][2][3][4]
                                   2            [1]
                                   1            [1]
                                   0            

ff: found legal plan as follows

step    0: UNSTACK BLOCK2 BLOCK1
        1: STACK BLOCK2 BLOCK6
        2: UNSTACK BLOCK1 BLOCK4
        3: PUT-DOWN BLOCK1
        4: UNSTACK BLOCK2 BLOCK6
        5: STACK BLOCK2 BLOCK4
        6: PICK-UP BLOCK1
        7: STACK BLOCK1 BLOCK2
        8: UNSTACK BLOCK6 BLOCK7
        9: STACK BLOCK6 BLOCK1
       10: UNSTACK BLOCK7 BLOCK3
       11: STACK BLOCK7 BLOCK6
       12: UNSTACK BLOCK3 BLOCK5
       13: PUT-DOWN BLOCK3
       14: UNSTACK BLOCK7 BLOCK6
       15: STACK BLOCK7 BLOCK5
       16: UNSTACK BLOCK6 BLOCK1
       17: STACK BLOCK6 BLOCK3
       18: UNSTACK BLOCK7 BLOCK5
       19: STACK BLOCK7 BLOCK1
       20: PICK-UP BLOCK5
       21: STACK BLOCK5 BLOCK6
       22: UNSTACK BLOCK7 BLOCK1
       23: STACK BLOCK7 BLOCK5
     

time spent:    0.00 seconds instantiating 112 easy, 0 hard action templates
               0.00 seconds reachability analysis, yielding 71 facts and 112 actions
               0.00 seconds creating final representation with 71 relevant facts, 0 relevant fluents
               0.00 seconds computing LNF
               0.00 seconds building connectivity graph
               0.00 seconds searching, evaluating 62 states, to a max depth of 5
               0.00 seconds total time

