
ff: parsing domain file
domain 'BLOCKS' defined
 ... done.
ff: parsing problem file
problem 'PB7' defined
 ... done.


no metric specified. plan length assumed.

checking for cyclic := effects --- OK.

ff: search configuration is EHC, if that fails then  best-first on 1*g(s) + 5*h(s) where
    metric is  plan length

Cueing down from goal distance:   13 into depth [1]
                                  12            [1][2][3]
                                  10            [1][2][3][4]
                                   9            [1]
                                   8            [1]
                                   7            [1][2]
                                   5            [1][2]
                                   4            [1][2][3][4][5][6][7]
                                   3            [1]
                                   2            [1][2]
                                   0            

ff: found legal plan as follows

step    0: PICK-UP BLOCK1
        1: STACK BLOCK1 BLOCK3
        2: UNSTACK BLOCK5 BLOCK2
        3: PUT-DOWN BLOCK5
        4: UNSTACK BLOCK2 BLOCK4
        5: STACK BLOCK2 BLOCK5
        6: UNSTACK BLOCK4 BLOCK7
        7: PUT-DOWN BLOCK4
        8: UNSTACK BLOCK7 BLOCK6
        9: PUT-DOWN BLOCK7
       10: UNSTACK BLOCK2 BLOCK5
       11: STACK BLOCK2 BLOCK4
       12: PICK-UP BLOCK6
       13: STACK BLOCK6 BLOCK5
       14: UNSTACK BLOCK1 BLOCK3
       15: STACK BLOCK1 BLOCK6
       16: PICK-UP BLOCK3
       17: STACK BLOCK3 BLOCK7
       18: UNSTACK BLOCK1 BLOCK6
       19: STACK BLOCK1 BLOCK3
       20: UNSTACK BLOCK6 BLOCK5
       21: STACK BLOCK6 BLOCK1
     

time spent:    0.00 seconds instantiating 112 easy, 0 hard action templates
               0.00 seconds reachability analysis, yielding 71 facts and 112 actions
               0.00 seconds creating final representation with 71 relevant facts, 0 relevant fluents
               0.00 seconds computing LNF
               0.00 seconds building connectivity graph
               0.00 seconds searching, evaluating 219 states, to a max depth of 7
               0.00 seconds total time

