
ff: parsing domain file
domain 'SATELLITE' defined
 ... done.
ff: parsing problem file
problem 'STRIPS-SAT-X-1' defined
 ... done.


no metric specified. plan length assumed.

checking for cyclic := effects --- OK.

ff: search configuration is EHC, if that fails then  best-first on 1*g(s) + 5*h(s) where
    metric is  plan length

Cueing down from goal distance:    7 into depth [1]
                                   6            [1]
                                   5            [1]
                                   4            [1]
                                   3            [1]
                                   2            [1]
                                   1            [1]
                                   0            

ff: found legal plan as follows

step    0: SWITCH_ON INSTRUMENT0 SATELLITE0
        1: CALIBRATE SATELLITE0 INSTRUMENT0 GROUNDSTATION37
        2: TURN_TO SATELLITE0 PLANET100 GROUNDSTATION37
        3: TURN_TO SATELLITE1 STAR55 GROUNDSTATION94
        4: TURN_TO SATELLITE3 GROUNDSTATION33 STAR83
        5: TURN_TO SATELLITE8 GROUNDSTATION65 STAR39
        6: TAKE_IMAGE SATELLITE0 PLANET100 INSTRUMENT0 INFRARED2
     

time spent:    0.00 seconds instantiating 112694 easy, 0 hard action templates
               0.01 seconds reachability analysis, yielding 1621 facts and 112694 actions
               0.03 seconds creating final representation with 1621 relevant facts, 0 relevant fluents
               0.12 seconds computing LNF
               0.04 seconds building connectivity graph
               0.02 seconds searching, evaluating 8 states, to a max depth of 1
               0.22 seconds total time

