
ff: parsing domain file
domain 'SATELLITE' defined
 ... done.
ff: parsing problem file
problem 'STRIPS-SAT-X-1' defined
 ... done.


no metric specified. plan length assumed.

checking for cyclic := effects --- OK.

ff: search configuration is EHC, if that fails then  best-first on 1*g(s) + 5*h(s) where
    metric is  plan length

Cueing down from goal distance:    8 into depth [1]
                                   7            [1]
                                   6            [1]
                                   5            [1]
                                   4            [1]
                                   3            [1][2]
                                   2            [1][2]
                                   1            [1]
                                   0            

ff: found legal plan as follows

step    0: TURN_TO SATELLITE2 GROUNDSTATION2 STAR3
        1: SWITCH_ON INSTRUMENT8 SATELLITE3
        2: TURN_TO SATELLITE1 PLANET4 STAR3
        3: TURN_TO SATELLITE7 GROUNDSTATION2 PLANET4
        4: TURN_TO SATELLITE9 GROUNDSTATION2 STAR1
        5: TURN_TO SATELLITE3 STAR1 STAR3
        6: CALIBRATE SATELLITE3 INSTRUMENT8 STAR1
        7: TURN_TO SATELLITE3 STAR3 STAR1
        8: TAKE_IMAGE SATELLITE3 STAR3 INSTRUMENT8 INFRARED2
        9: TURN_TO SATELLITE3 STAR1 STAR3
     

time spent:    0.00 seconds instantiating 767 easy, 0 hard action templates
               0.00 seconds reachability analysis, yielding 163 facts and 767 actions
               0.00 seconds creating final representation with 163 relevant facts, 0 relevant fluents
               0.00 seconds computing LNF
               0.00 seconds building connectivity graph
               0.00 seconds searching, evaluating 13 states, to a max depth of 2
               0.00 seconds total time

