
ff: parsing domain file
domain 'SATELLITE' defined
 ... done.
ff: parsing problem file
problem 'STRIPS-SAT-X-1' defined
 ... done.


no metric specified. plan length assumed.

checking for cyclic := effects --- OK.

ff: search configuration is EHC, if that fails then  best-first on 1*g(s) + 5*h(s) where
    metric is  plan length

Cueing down from goal distance:    7 into depth [1]
                                   6            [1]
                                   5            [1]
                                   4            [1]
                                   3            [1][2]
                                   2            [1]
                                   1            [1]
                                   0            

ff: found legal plan as follows

step    0: SWITCH_ON INSTRUMENT28 SATELLITE3
        1: TURN_TO SATELLITE1 STAR0 GROUNDSTATION2
        2: TURN_TO SATELLITE5 PHENOMENON3 STAR1
        3: TURN_TO SATELLITE6 STAR0 GROUNDSTATION2
        4: TURN_TO SATELLITE3 STAR0 PHENOMENON4
        5: CALIBRATE SATELLITE3 INSTRUMENT28 STAR0
        6: TURN_TO SATELLITE3 PHENOMENON4 STAR0
        7: TAKE_IMAGE SATELLITE3 PHENOMENON4 INSTRUMENT28 SPECTROGRAPH0
     

time spent:    0.00 seconds instantiating 1182 easy, 0 hard action templates
               0.00 seconds reachability analysis, yielding 223 facts and 1182 actions
               0.00 seconds creating final representation with 223 relevant facts, 0 relevant fluents
               0.00 seconds computing LNF
               0.00 seconds building connectivity graph
               0.00 seconds searching, evaluating 13 states, to a max depth of 2
               0.00 seconds total time

