
ff: parsing domain file
domain 'SATELLITE' defined
 ... done.
ff: parsing problem file
problem 'STRIPS-SAT-X-1' defined
 ... done.


no metric specified. plan length assumed.

checking for cyclic := effects --- OK.

ff: search configuration is EHC, if that fails then  best-first on 1*g(s) + 5*h(s) where
    metric is  plan length

Cueing down from goal distance:   12 into depth [1]
                                  11            [1]
                                  10            [1]
                                   9            [1]
                                   8            [1]
                                   7            [1]
                                   6            [1]
                                   5            [1]
                                   4            [1]
                                   3            [1]
                                   2            [1]
                                   1            [1]
                                   0            

ff: found legal plan as follows

step    0: SWITCH_ON INSTRUMENT38 SATELLITE6
        1: SWITCH_ON INSTRUMENT15 SATELLITE3
        2: TURN_TO SATELLITE3 STAR0 PHENOMENON4
        3: CALIBRATE SATELLITE3 INSTRUMENT15 STAR0
        4: TURN_TO SATELLITE3 PHENOMENON3 STAR0
        5: TURN_TO SATELLITE0 PHENOMENON3 GROUNDSTATION1
        6: TURN_TO SATELLITE1 STAR2 GROUNDSTATION1
        7: TURN_TO SATELLITE2 PHENOMENON3 STAR2
        8: TURN_TO SATELLITE7 PHENOMENON4 STAR0
        9: TAKE_IMAGE SATELLITE3 PHENOMENON3 INSTRUMENT15 THERMOGRAPH4
       10: TURN_TO SATELLITE3 PHENOMENON4 PHENOMENON3
       11: TAKE_IMAGE SATELLITE3 PHENOMENON4 INSTRUMENT15 IMAGE0
     

time spent:    0.00 seconds instantiating 992 easy, 0 hard action templates
               0.00 seconds reachability analysis, yielding 203 facts and 992 actions
               0.00 seconds creating final representation with 203 relevant facts, 0 relevant fluents
               0.00 seconds computing LNF
               0.00 seconds building connectivity graph
               0.00 seconds searching, evaluating 24 states, to a max depth of 1
               0.00 seconds total time

