
ff: parsing domain file
domain 'SATELLITE' defined
 ... done.
ff: parsing problem file
problem 'STRIPS-SAT-X-1' defined
 ... done.


no metric specified. plan length assumed.

checking for cyclic := effects --- OK.

ff: search configuration is EHC, if that fails then  best-first on 1*g(s) + 5*h(s) where
    metric is  plan length

Cueing down from goal distance:   13 into depth [1]
                                  10            [1]
                                   9            [1]
                                   8            [1]
                                   7            [1]
                                   6            [1][2]
                                   5            [1]
                                   4            [1]
                                   3            [1]
                                   2            [1]
                                   1            [1]
                                   0            

ff: found legal plan as follows

step    0: SWITCH_ON INSTRUMENT7 SATELLITE1
        1: TURN_TO SATELLITE2 PLANET3 PLANET4
        2: TURN_TO SATELLITE5 PLANET4 PLANET3
        3: TURN_TO SATELLITE7 PLANET4 PLANET3
        4: TURN_TO SATELLITE9 GROUNDSTATION1 PLANET4
        5: TURN_TO SATELLITE1 STAR2 PLANET3
        6: CALIBRATE SATELLITE1 INSTRUMENT7 STAR2
        7: TURN_TO SATELLITE1 PLANET3 STAR2
        8: TURN_TO SATELLITE0 PLANET4 STAR0
        9: TAKE_IMAGE SATELLITE1 PLANET3 INSTRUMENT7 SPECTROGRAPH4
       10: TURN_TO SATELLITE1 PLANET4 PLANET3
       11: TAKE_IMAGE SATELLITE1 PLANET4 INSTRUMENT7 INFRARED2
     

time spent:    0.00 seconds instantiating 951 easy, 0 hard action templates
               0.00 seconds reachability analysis, yielding 199 facts and 951 actions
               0.00 seconds creating final representation with 199 relevant facts, 0 relevant fluents
               0.00 seconds computing LNF
               0.00 seconds building connectivity graph
               0.00 seconds searching, evaluating 31 states, to a max depth of 2
               0.00 seconds total time

