
ff: parsing domain file
domain 'SATELLITE' defined
 ... done.
ff: parsing problem file
problem 'STRIPS-SAT-X-1' defined
 ... done.


no metric specified. plan length assumed.

checking for cyclic := effects --- OK.

ff: search configuration is EHC, if that fails then  best-first on 1*g(s) + 5*h(s) where
    metric is  plan length

Cueing down from goal distance:   13 into depth [1]
                                  12            [1]
                                  11            [1]
                                  10            [1]
                                   9            [1]
                                   8            [1]
                                   7            [1][2]
                                   6            [1]
                                   5            [1]
                                   4            [1][2]
                                   3            [1]
                                   2            [1]
                                   1            [1]
                                   0            

ff: found legal plan as follows

step    0: SWITCH_ON INSTRUMENT5 SATELLITE0
        1: SWITCH_ON INSTRUMENT33 SATELLITE5
        2: TURN_TO SATELLITE3 STAR4 STAR2
        3: TURN_TO SATELLITE4 GROUNDSTATION1 STAR2
        4: TURN_TO SATELLITE7 GROUNDSTATION1 GROUNDSTATION0
        5: TURN_TO SATELLITE9 STAR4 PLANET3
        6: TURN_TO SATELLITE0 GROUNDSTATION0 PLANET3
        7: CALIBRATE SATELLITE0 INSTRUMENT5 GROUNDSTATION0
        8: TURN_TO SATELLITE0 PLANET3 GROUNDSTATION0
        9: TAKE_IMAGE SATELLITE0 PLANET3 INSTRUMENT5 SPECTROGRAPH3
       10: TURN_TO SATELLITE5 GROUNDSTATION0 STAR4
       11: CALIBRATE SATELLITE5 INSTRUMENT33 GROUNDSTATION0
       12: TURN_TO SATELLITE5 STAR4 GROUNDSTATION0
       13: TAKE_IMAGE SATELLITE5 STAR4 INSTRUMENT33 INFRARED1
       14: TURN_TO SATELLITE5 PLANET3 STAR4
     

time spent:    0.00 seconds instantiating 1094 easy, 0 hard action templates
               0.00 seconds reachability analysis, yielding 221 facts and 1094 actions
               0.00 seconds creating final representation with 221 relevant facts, 0 relevant fluents
               0.00 seconds computing LNF
               0.00 seconds building connectivity graph
               0.00 seconds searching, evaluating 38 states, to a max depth of 2
               0.00 seconds total time

