
ff: parsing domain file
domain 'SATELLITE' defined
 ... done.
ff: parsing problem file
problem 'STRIPS-SAT-X-1' defined
 ... done.


no metric specified. plan length assumed.

checking for cyclic := effects --- OK.

ff: search configuration is EHC, if that fails then  best-first on 1*g(s) + 5*h(s) where
    metric is  plan length

Cueing down from goal distance:   10 into depth [1]
                                   9            [1]
                                   8            [1]
                                   7            [1]
                                   6            [1]
                                   5            [1]
                                   4            [1]
                                   3            [1]
                                   2            [1]
                                   1            [1]
                                   0            

ff: found legal plan as follows

step    0: SWITCH_ON INSTRUMENT3 SATELLITE1
        1: SWITCH_ON INSTRUMENT0 SATELLITE0
        2: TURN_TO SATELLITE0 GROUNDSTATION2 STAR4
        3: CALIBRATE SATELLITE0 INSTRUMENT0 GROUNDSTATION2
        4: TURN_TO SATELLITE0 STAR3 GROUNDSTATION2
        5: TURN_TO SATELLITE4 GROUNDSTATION2 STAR4
        6: TURN_TO SATELLITE7 STAR4 GROUNDSTATION1
        7: TAKE_IMAGE SATELLITE0 STAR3 INSTRUMENT0 SPECTROGRAPH1
        8: TURN_TO SATELLITE0 STAR4 STAR3
        9: TAKE_IMAGE SATELLITE0 STAR4 INSTRUMENT0 THERMOGRAPH4
     

time spent:    0.00 seconds instantiating 1083 easy, 0 hard action templates
               0.00 seconds reachability analysis, yielding 207 facts and 1083 actions
               0.00 seconds creating final representation with 207 relevant facts, 0 relevant fluents
               0.00 seconds computing LNF
               0.00 seconds building connectivity graph
               0.00 seconds searching, evaluating 20 states, to a max depth of 1
               0.00 seconds total time

