
ff: parsing domain file
domain 'SATELLITE' defined
 ... done.
ff: parsing problem file
problem 'STRIPS-SAT-X-1' defined
 ... done.


no metric specified. plan length assumed.

checking for cyclic := effects --- OK.

ff: search configuration is EHC, if that fails then  best-first on 1*g(s) + 5*h(s) where
    metric is  plan length

Cueing down from goal distance:   16 into depth [1]
                                  15            [1]
                                  14            [1]
                                  13            [1]
                                  12            [1]
                                  11            [1]
                                  10            [1]
                                   9            [1]
                                   8            [1]
                                   7            [1]
                                   6            [1]
                                   5            [1]
                                   4            [1][2]
                                   3            [1]
                                   2            [1]
                                   1            [1]
                                   0            

ff: found legal plan as follows

step    0: TURN_TO SATELLITE0 GROUNDSTATION3 GROUNDSTATION19
        1: SWITCH_ON INSTRUMENT2 SATELLITE0
        2: CALIBRATE SATELLITE0 INSTRUMENT2 GROUNDSTATION3
        3: TURN_TO SATELLITE0 PLANET33 GROUNDSTATION3
        4: SWITCH_ON INSTRUMENT30 SATELLITE5
        5: TURN_TO SATELLITE2 GROUNDSTATION12 STAR28
        6: TURN_TO SATELLITE3 GROUNDSTATION8 STAR18
        7: TURN_TO SATELLITE4 GROUNDSTATION23 GROUNDSTATION3
        8: TURN_TO SATELLITE6 GROUNDSTATION27 GROUNDSTATION13
        9: TURN_TO SATELLITE7 GROUNDSTATION27 STAR22
       10: TURN_TO SATELLITE8 GROUNDSTATION15 GROUNDSTATION5
       11: TAKE_IMAGE SATELLITE0 PLANET33 INSTRUMENT2 INFRARED3
       12: TURN_TO SATELLITE5 STAR31 PLANET34
       13: CALIBRATE SATELLITE5 INSTRUMENT30 STAR31
       14: TURN_TO SATELLITE5 PLANET34 STAR31
       15: TAKE_IMAGE SATELLITE5 PLANET34 INSTRUMENT30 THERMOGRAPH0
       16: TURN_TO SATELLITE5 GROUNDSTATION30 PLANET34
     

time spent:    0.00 seconds instantiating 17032 easy, 0 hard action templates
               0.00 seconds reachability analysis, yielding 667 facts and 17032 actions
               0.00 seconds creating final representation with 667 relevant facts, 0 relevant fluents
               0.02 seconds computing LNF
               0.00 seconds building connectivity graph
               0.02 seconds searching, evaluating 35 states, to a max depth of 2
               0.04 seconds total time

