
ff: parsing domain file
domain 'SATELLITE' defined
 ... done.
ff: parsing problem file
problem 'STRIPS-SAT-X-1' defined
 ... done.


no metric specified. plan length assumed.

checking for cyclic := effects --- OK.

ff: search configuration is EHC, if that fails then  best-first on 1*g(s) + 5*h(s) where
    metric is  plan length

Cueing down from goal distance:   13 into depth [1]
                                  12            [1]
                                  11            [1]
                                  10            [1]
                                   9            [1]
                                   8            [1]
                                   7            [1]
                                   6            [1]
                                   5            [1]
                                   4            [1]
                                   3            [1]
                                   2            [1]
                                   1            [1]
                                   0            

ff: found legal plan as follows

step    0: TURN_TO SATELLITE0 STAR0 GROUNDSTATION26
        1: SWITCH_ON INSTRUMENT0 SATELLITE0
        2: TURN_TO SATELLITE1 GROUNDSTATION18 GROUNDSTATION13
        3: CALIBRATE SATELLITE0 INSTRUMENT0 STAR0
        4: TURN_TO SATELLITE0 STAR33 STAR0
        5: SWITCH_ON INSTRUMENT8 SATELLITE1
        6: CALIBRATE SATELLITE1 INSTRUMENT8 GROUNDSTATION18
        7: TURN_TO SATELLITE1 PHENOMENON34 GROUNDSTATION18
        8: TURN_TO SATELLITE6 STAR10 GROUNDSTATION20
        9: TURN_TO SATELLITE8 STAR6 GROUNDSTATION8
       10: TAKE_IMAGE SATELLITE0 STAR33 INSTRUMENT0 INFRARED1
       11: TURN_TO SATELLITE0 GROUNDSTATION27 STAR33
       12: TAKE_IMAGE SATELLITE1 PHENOMENON34 INSTRUMENT8 INFRARED4
     

time spent:    0.00 seconds instantiating 17078 easy, 0 hard action templates
               0.00 seconds reachability analysis, yielding 657 facts and 17078 actions
               0.00 seconds creating final representation with 657 relevant facts, 0 relevant fluents
               0.02 seconds computing LNF
               0.01 seconds building connectivity graph
               0.00 seconds searching, evaluating 18 states, to a max depth of 1
               0.03 seconds total time

