
ff: parsing domain file
domain 'SATELLITE' defined
 ... done.
ff: parsing problem file
problem 'STRIPS-SAT-X-1' defined
 ... done.


no metric specified. plan length assumed.

checking for cyclic := effects --- OK.

ff: search configuration is EHC, if that fails then  best-first on 1*g(s) + 5*h(s) where
    metric is  plan length

Cueing down from goal distance:   10 into depth [1]
                                   9            [1]
                                   8            [1]
                                   7            [1]
                                   6            [1]
                                   5            [1]
                                   4            [1]
                                   3            [1]
                                   2            [1]
                                   1            [1]
                                   0            

ff: found legal plan as follows

step    0: TURN_TO SATELLITE0 GROUNDSTATION13 STAR19
        1: SWITCH_ON INSTRUMENT2 SATELLITE0
        2: CALIBRATE SATELLITE0 INSTRUMENT2 GROUNDSTATION13
        3: TURN_TO SATELLITE0 PLANET34 GROUNDSTATION13
        4: TURN_TO SATELLITE1 GROUNDSTATION29 GROUNDSTATION2
        5: TURN_TO SATELLITE3 STAR33 GROUNDSTATION2
        6: TURN_TO SATELLITE7 STAR1 GROUNDSTATION13
        7: TURN_TO SATELLITE8 GROUNDSTATION17 STAR1
        8: TURN_TO SATELLITE9 GROUNDSTATION20 GROUNDSTATION26
        9: TAKE_IMAGE SATELLITE0 PLANET34 INSTRUMENT2 IMAGE3
     

time spent:    0.00 seconds instantiating 16448 easy, 0 hard action templates
               0.00 seconds reachability analysis, yielding 645 facts and 16448 actions
               0.00 seconds creating final representation with 645 relevant facts, 0 relevant fluents
               0.02 seconds computing LNF
               0.01 seconds building connectivity graph
               0.00 seconds searching, evaluating 11 states, to a max depth of 1
               0.03 seconds total time

