
ff: parsing domain file
domain 'SATELLITE' defined
 ... done.
ff: parsing problem file
problem 'STRIPS-SAT-X-1' defined
 ... done.


no metric specified. plan length assumed.

checking for cyclic := effects --- OK.

ff: search configuration is EHC, if that fails then  best-first on 1*g(s) + 5*h(s) where
    metric is  plan length

Cueing down from goal distance:   11 into depth [1]
                                  10            [1]
                                   9            [1]
                                   8            [1]
                                   7            [1]
                                   6            [1]
                                   5            [1]
                                   4            [1]
                                   3            [1]
                                   2            [1]
                                   1            [1]
                                   0            

ff: found legal plan as follows

step    0: TURN_TO SATELLITE0 GROUNDSTATION20 GROUNDSTATION6
        1: SWITCH_ON INSTRUMENT1 SATELLITE0
        2: CALIBRATE SATELLITE0 INSTRUMENT1 GROUNDSTATION20
        3: TURN_TO SATELLITE0 PLANET34 GROUNDSTATION20
        4: TURN_TO SATELLITE2 STAR12 GROUNDSTATION2
        5: TURN_TO SATELLITE5 PLANET34 STAR19
        6: TURN_TO SATELLITE6 STAR32 STAR4
        7: TURN_TO SATELLITE7 STAR30 STAR19
        8: TURN_TO SATELLITE8 GROUNDSTATION11 STAR23
        9: TAKE_IMAGE SATELLITE0 PLANET34 INSTRUMENT1 IMAGE0
       10: TURN_TO SATELLITE0 GROUNDSTATION2 PLANET34
     

time spent:    0.00 seconds instantiating 17334 easy, 0 hard action templates
               0.00 seconds reachability analysis, yielding 665 facts and 17334 actions
               0.00 seconds creating final representation with 665 relevant facts, 0 relevant fluents
               0.02 seconds computing LNF
               0.01 seconds building connectivity graph
               0.01 seconds searching, evaluating 18 states, to a max depth of 1
               0.04 seconds total time

