
ff: parsing domain file
domain 'SATELLITE' defined
 ... done.
ff: parsing problem file
problem 'STRIPS-SAT-X-1' defined
 ... done.


no metric specified. plan length assumed.

checking for cyclic := effects --- OK.

ff: search configuration is EHC, if that fails then  best-first on 1*g(s) + 5*h(s) where
    metric is  plan length

Cueing down from goal distance:   12 into depth [1]
                                  11            [1]
                                  10            [1]
                                   9            [1]
                                   8            [1]
                                   7            [1]
                                   6            [1]
                                   5            [1]
                                   4            [1]
                                   3            [1]
                                   2            [1]
                                   1            [1]
                                   0            

ff: found legal plan as follows

step    0: SWITCH_ON INSTRUMENT0 SATELLITE0
        1: TURN_TO SATELLITE1 STAR24 STAR30
        2: CALIBRATE SATELLITE0 INSTRUMENT0 GROUNDSTATION11
        3: TURN_TO SATELLITE0 PHENOMENON33 GROUNDSTATION11
        4: SWITCH_ON INSTRUMENT6 SATELLITE1
        5: CALIBRATE SATELLITE1 INSTRUMENT6 STAR24
        6: TURN_TO SATELLITE1 STAR34 STAR24
        7: TURN_TO SATELLITE2 GROUNDSTATION6 GROUNDSTATION21
        8: TURN_TO SATELLITE6 STAR25 GROUNDSTATION21
        9: TURN_TO SATELLITE7 GROUNDSTATION7 GROUNDSTATION27
       10: TAKE_IMAGE SATELLITE0 PHENOMENON33 INSTRUMENT0 INFRARED3
       11: TAKE_IMAGE SATELLITE1 STAR34 INSTRUMENT6 THERMOGRAPH2
     

time spent:    0.00 seconds instantiating 16602 easy, 0 hard action templates
               0.00 seconds reachability analysis, yielding 657 facts and 16602 actions
               0.00 seconds creating final representation with 657 relevant facts, 0 relevant fluents
               0.01 seconds computing LNF
               0.02 seconds building connectivity graph
               0.00 seconds searching, evaluating 14 states, to a max depth of 1
               0.03 seconds total time

