
ff: parsing domain file
domain 'SATELLITE' defined
 ... done.
ff: parsing problem file
problem 'STRIPS-SAT-X-1' defined
 ... done.


no metric specified. plan length assumed.

checking for cyclic := effects --- OK.

ff: search configuration is EHC, if that fails then  best-first on 1*g(s) + 5*h(s) where
    metric is  plan length

Cueing down from goal distance:   13 into depth [1]
                                  12            [1]
                                  11            [1]
                                  10            [1]
                                   9            [1]
                                   8            [1]
                                   7            [1]
                                   6            [1]
                                   5            [1]
                                   4            [1]
                                   3            [1]
                                   2            [1]
                                   1            [1]
                                   0            

ff: found legal plan as follows

step    0: TURN_TO SATELLITE1 GROUNDSTATION33 GROUNDSTATION1
        1: TURN_TO SATELLITE0 STAR9 STAR2
        2: SWITCH_ON INSTRUMENT7 SATELLITE1
        3: CALIBRATE SATELLITE1 INSTRUMENT7 GROUNDSTATION33
        4: TURN_TO SATELLITE1 STAR56 GROUNDSTATION33
        5: SWITCH_ON INSTRUMENT0 SATELLITE0
        6: CALIBRATE SATELLITE0 INSTRUMENT0 STAR9
        7: TURN_TO SATELLITE0 PHENOMENON57 STAR9
        8: TURN_TO SATELLITE2 GROUNDSTATION47 STAR26
        9: TURN_TO SATELLITE5 STAR46 STAR31
       10: TURN_TO SATELLITE6 GROUNDSTATION49 STAR7
       11: TAKE_IMAGE SATELLITE1 STAR56 INSTRUMENT7 THERMOGRAPH4
       12: TAKE_IMAGE SATELLITE0 PHENOMENON57 INSTRUMENT0 THERMOGRAPH0
     

time spent:    0.00 seconds instantiating 41073 easy, 0 hard action templates
               0.00 seconds reachability analysis, yielding 994 facts and 41073 actions
               0.01 seconds creating final representation with 994 relevant facts, 0 relevant fluents
               0.05 seconds computing LNF
               0.02 seconds building connectivity graph
               0.01 seconds searching, evaluating 14 states, to a max depth of 1
               0.09 seconds total time

