
ff: parsing domain file
domain 'SATELLITE' defined
 ... done.
ff: parsing problem file
problem 'STRIPS-SAT-X-1' defined
 ... done.


no metric specified. plan length assumed.

checking for cyclic := effects --- OK.

ff: search configuration is EHC, if that fails then  best-first on 1*g(s) + 5*h(s) where
    metric is  plan length

Cueing down from goal distance:   13 into depth [1]
                                  12            [1]
                                  10            [1]
                                   9            [1]
                                   8            [1]
                                   7            [1]
                                   6            [1]
                                   5            [1]
                                   4            [1]
                                   3            [1]
                                   2            [1]
                                   1            [1]
                                   0            

ff: found legal plan as follows

step    0: TURN_TO SATELLITE0 STAR36 STAR53
        1: SWITCH_ON INSTRUMENT1 SATELLITE0
        2: CALIBRATE SATELLITE0 INSTRUMENT1 STAR36
        3: TURN_TO SATELLITE0 PLANET56 STAR36
        4: SWITCH_ON INSTRUMENT12 SATELLITE2
        5: CALIBRATE SATELLITE2 INSTRUMENT12 STAR6
        6: TURN_TO SATELLITE2 PHENOMENON57 STAR6
        7: TURN_TO SATELLITE4 STAR16 STAR36
        8: TAKE_IMAGE SATELLITE0 PLANET56 INSTRUMENT1 INFRARED4
        9: TURN_TO SATELLITE0 STAR41 PLANET56
       10: TAKE_IMAGE SATELLITE2 PHENOMENON57 INSTRUMENT12 IMAGE3
       11: TURN_TO SATELLITE2 GROUNDSTATION45 PHENOMENON57
     

time spent:    0.00 seconds instantiating 40735 easy, 0 hard action templates
               0.00 seconds reachability analysis, yielding 990 facts and 40735 actions
               0.00 seconds creating final representation with 990 relevant facts, 0 relevant fluents
               0.06 seconds computing LNF
               0.01 seconds building connectivity graph
               0.02 seconds searching, evaluating 19 states, to a max depth of 1
               0.09 seconds total time

