
ff: parsing domain file
domain 'SATELLITE' defined
 ... done.
ff: parsing problem file
problem 'STRIPS-SAT-X-1' defined
 ... done.


no metric specified. plan length assumed.

checking for cyclic := effects --- OK.

ff: search configuration is EHC, if that fails then  best-first on 1*g(s) + 5*h(s) where
    metric is  plan length

Cueing down from goal distance:   10 into depth [1]
                                   9            [1]
                                   8            [1]
                                   7            [1]
                                   6            [1]
                                   5            [1]
                                   4            [1]
                                   3            [1]
                                   2            [1]
                                   1            [1]
                                   0            

ff: found legal plan as follows

step    0: TURN_TO SATELLITE1 STAR12 STAR14
        1: SWITCH_ON INSTRUMENT5 SATELLITE1
        2: TURN_TO SATELLITE2 STAR19 STAR29
        3: CALIBRATE SATELLITE1 INSTRUMENT5 STAR12
        4: TURN_TO SATELLITE1 PHENOMENON56 STAR12
        5: SWITCH_ON INSTRUMENT8 SATELLITE2
        6: CALIBRATE SATELLITE2 INSTRUMENT8 STAR19
        7: TURN_TO SATELLITE2 STAR57 STAR19
        8: TAKE_IMAGE SATELLITE1 PHENOMENON56 INSTRUMENT5 SPECTROGRAPH0
        9: TAKE_IMAGE SATELLITE2 STAR57 INSTRUMENT8 THERMOGRAPH3
     

time spent:    0.00 seconds instantiating 39328 easy, 0 hard action templates
               0.00 seconds reachability analysis, yielding 974 facts and 39328 actions
               0.00 seconds creating final representation with 974 relevant facts, 0 relevant fluents
               0.05 seconds computing LNF
               0.02 seconds building connectivity graph
               0.01 seconds searching, evaluating 12 states, to a max depth of 1
               0.08 seconds total time

