
ff: parsing domain file
domain 'SATELLITE' defined
 ... done.
ff: parsing problem file
problem 'STRIPS-SAT-X-1' defined
 ... done.


no metric specified. plan length assumed.

checking for cyclic := effects --- OK.

ff: search configuration is EHC, if that fails then  best-first on 1*g(s) + 5*h(s) where
    metric is  plan length

Cueing down from goal distance:    6 into depth [1]
                                   5            [1]
                                   4            [1]
                                   3            [1][2]
                                   2            [1]
                                   1            [1]
                                   0            

ff: found legal plan as follows

step    0: SWITCH_ON INSTRUMENT21 SATELLITE4
        1: TURN_TO SATELLITE3 STAR28 GROUNDSTATION27
        2: TURN_TO SATELLITE9 STAR18 STAR52
        3: TURN_TO SATELLITE4 GROUNDSTATION9 STAR56
        4: CALIBRATE SATELLITE4 INSTRUMENT21 GROUNDSTATION9
        5: TURN_TO SATELLITE4 STAR56 GROUNDSTATION9
        6: TAKE_IMAGE SATELLITE4 STAR56 INSTRUMENT21 SPECTROGRAPH1
     

time spent:    0.00 seconds instantiating 39582 easy, 0 hard action templates
               0.00 seconds reachability analysis, yielding 976 facts and 39582 actions
               0.01 seconds creating final representation with 976 relevant facts, 0 relevant fluents
               0.05 seconds computing LNF
               0.01 seconds building connectivity graph
               0.01 seconds searching, evaluating 11 states, to a max depth of 2
               0.08 seconds total time

