
ff: parsing domain file
domain 'SATELLITE' defined
 ... done.
ff: parsing problem file
problem 'STRIPS-SAT-X-1' defined
 ... done.


no metric specified. plan length assumed.

checking for cyclic := effects --- OK.

ff: search configuration is EHC, if that fails then  best-first on 1*g(s) + 5*h(s) where
    metric is  plan length

Cueing down from goal distance:   15 into depth [1]
                                  14            [1]
                                  13            [1]
                                  12            [1]
                                  11            [1]
                                  10            [1]
                                   9            [1]
                                   8            [1]
                                   7            [1]
                                   6            [1]
                                   5            [1]
                                   4            [1]
                                   3            [1]
                                   2            [1]
                                   1            [1]
                                   0            

ff: found legal plan as follows

step    0: TURN_TO SATELLITE1 GROUNDSTATION50 STAR54
        1: SWITCH_ON INSTRUMENT2 SATELLITE1
        2: TURN_TO SATELLITE2 GROUNDSTATION51 GROUNDSTATION27
        3: CALIBRATE SATELLITE1 INSTRUMENT2 GROUNDSTATION50
        4: TURN_TO SATELLITE1 PHENOMENON56 GROUNDSTATION50
        5: SWITCH_ON INSTRUMENT9 SATELLITE2
        6: CALIBRATE SATELLITE2 INSTRUMENT9 GROUNDSTATION51
        7: TURN_TO SATELLITE2 PLANET57 GROUNDSTATION51
        8: TURN_TO SATELLITE0 STAR54 STAR41
        9: TURN_TO SATELLITE5 STAR46 GROUNDSTATION47
       10: TURN_TO SATELLITE7 STAR53 GROUNDSTATION23
       11: TURN_TO SATELLITE8 GROUNDSTATION38 GROUNDSTATION40
       12: TURN_TO SATELLITE9 GROUNDSTATION44 GROUNDSTATION5
       13: TAKE_IMAGE SATELLITE1 PHENOMENON56 INSTRUMENT2 THERMOGRAPH0
       14: TAKE_IMAGE SATELLITE2 PLANET57 INSTRUMENT9 INFRARED3
     

time spent:    0.00 seconds instantiating 37988 easy, 0 hard action templates
               0.00 seconds reachability analysis, yielding 954 facts and 37988 actions
               0.01 seconds creating final representation with 954 relevant facts, 0 relevant fluents
               0.05 seconds computing LNF
               0.00 seconds building connectivity graph
               0.02 seconds searching, evaluating 17 states, to a max depth of 1
               0.08 seconds total time

