
ff: parsing domain file
domain 'SATELLITE' defined
 ... done.
ff: parsing problem file
problem 'STRIPS-SAT-X-1' defined
 ... done.


no metric specified. plan length assumed.

checking for cyclic := effects --- OK.

ff: search configuration is EHC, if that fails then  best-first on 1*g(s) + 5*h(s) where
    metric is  plan length

Cueing down from goal distance:   11 into depth [1]
                                  10            [1]
                                   7            [1]
                                   6            [1]
                                   5            [1]
                                   4            [1]
                                   3            [1]
                                   2            [1]
                                   1            [1]
                                   0            

ff: found legal plan as follows

step    0: TURN_TO SATELLITE0 GROUNDSTATION54 STAR43
        1: SWITCH_ON INSTRUMENT2 SATELLITE0
        2: CALIBRATE SATELLITE0 INSTRUMENT2 GROUNDSTATION54
        3: TURN_TO SATELLITE0 STAR56 GROUNDSTATION54
        4: TURN_TO SATELLITE4 STAR44 STAR57
        5: TURN_TO SATELLITE8 GROUNDSTATION16 GROUNDSTATION31
        6: TAKE_IMAGE SATELLITE0 STAR56 INSTRUMENT2 IMAGE2
        7: TURN_TO SATELLITE0 STAR57 STAR56
        8: TAKE_IMAGE SATELLITE0 STAR57 INSTRUMENT2 IMAGE4
     

time spent:    0.00 seconds instantiating 41504 easy, 0 hard action templates
               0.00 seconds reachability analysis, yielding 1000 facts and 41504 actions
               0.01 seconds creating final representation with 1000 relevant facts, 0 relevant fluents
               0.05 seconds computing LNF
               0.03 seconds building connectivity graph
               0.02 seconds searching, evaluating 15 states, to a max depth of 1
               0.11 seconds total time

