
ff: parsing domain file
domain 'SATELLITE' defined
 ... done.
ff: parsing problem file
problem 'STRIPS-SAT-X-1' defined
 ... done.


no metric specified. plan length assumed.

checking for cyclic := effects --- OK.

ff: search configuration is EHC, if that fails then  best-first on 1*g(s) + 5*h(s) where
    metric is  plan length

Cueing down from goal distance:   10 into depth [1]
                                   9            [1]
                                   8            [1]
                                   7            [1]
                                   6            [1]
                                   5            [1]
                                   4            [1]
                                   3            [1]
                                   2            [1]
                                   1            [1]
                                   0            

ff: found legal plan as follows

step    0: TURN_TO SATELLITE0 GROUNDSTATION52 STAR40
        1: SWITCH_ON INSTRUMENT0 SATELLITE0
        2: CALIBRATE SATELLITE0 INSTRUMENT0 GROUNDSTATION52
        3: TURN_TO SATELLITE0 STAR56 GROUNDSTATION52
        4: SWITCH_ON INSTRUMENT7 SATELLITE1
        5: CALIBRATE SATELLITE1 INSTRUMENT7 GROUNDSTATION16
        6: TURN_TO SATELLITE1 STAR57 GROUNDSTATION16
        7: TURN_TO SATELLITE5 GROUNDSTATION41 GROUNDSTATION52
        8: TAKE_IMAGE SATELLITE0 STAR56 INSTRUMENT0 THERMOGRAPH0
        9: TAKE_IMAGE SATELLITE1 STAR57 INSTRUMENT7 THERMOGRAPH2
     

time spent:    0.00 seconds instantiating 42128 easy, 0 hard action templates
               0.00 seconds reachability analysis, yielding 1008 facts and 42128 actions
               0.01 seconds creating final representation with 1008 relevant facts, 0 relevant fluents
               0.06 seconds computing LNF
               0.03 seconds building connectivity graph
               0.01 seconds searching, evaluating 11 states, to a max depth of 1
               0.11 seconds total time

