
ff: parsing domain file
domain 'SATELLITE' defined
 ... done.
ff: parsing problem file
problem 'STRIPS-SAT-X-1' defined
 ... done.


no metric specified. plan length assumed.

checking for cyclic := effects --- OK.

ff: search configuration is EHC, if that fails then  best-first on 1*g(s) + 5*h(s) where
    metric is  plan length

Cueing down from goal distance:   15 into depth [1]
                                  14            [1]
                                  12            [1]
                                  11            [1]
                                  10            [1]
                                   9            [1]
                                   8            [1]
                                   7            [1]
                                   6            [1]
                                   5            [1]
                                   4            [1]
                                   3            [1]
                                   2            [1]
                                   1            [1]
                                   0            

ff: found legal plan as follows

step    0: TURN_TO SATELLITE0 GROUNDSTATION17 GROUNDSTATION45
        1: SWITCH_ON INSTRUMENT0 SATELLITE0
        2: CALIBRATE SATELLITE0 INSTRUMENT0 GROUNDSTATION17
        3: TURN_TO SATELLITE0 PHENOMENON56 GROUNDSTATION17
        4: SWITCH_ON INSTRUMENT11 SATELLITE1
        5: CALIBRATE SATELLITE1 INSTRUMENT11 GROUNDSTATION21
        6: TURN_TO SATELLITE1 PHENOMENON57 GROUNDSTATION21
        7: TURN_TO SATELLITE6 STAR6 GROUNDSTATION45
        8: TURN_TO SATELLITE7 STAR8 STAR18
        9: TURN_TO SATELLITE9 GROUNDSTATION31 GROUNDSTATION12
       10: TAKE_IMAGE SATELLITE0 PHENOMENON56 INSTRUMENT0 SPECTROGRAPH3
       11: TURN_TO SATELLITE0 STAR7 PHENOMENON56
       12: TAKE_IMAGE SATELLITE1 PHENOMENON57 INSTRUMENT11 IMAGE2
       13: TURN_TO SATELLITE1 STAR6 PHENOMENON57
     

time spent:    0.00 seconds instantiating 39348 easy, 0 hard action templates
               0.00 seconds reachability analysis, yielding 974 facts and 39348 actions
               0.00 seconds creating final representation with 974 relevant facts, 0 relevant fluents
               0.05 seconds computing LNF
               0.02 seconds building connectivity graph
               0.02 seconds searching, evaluating 25 states, to a max depth of 1
               0.09 seconds total time

