
ff: parsing domain file
domain 'SATELLITE' defined
 ... done.
ff: parsing problem file
problem 'STRIPS-SAT-X-1' defined
 ... done.


no metric specified. plan length assumed.

checking for cyclic := effects --- OK.

ff: search configuration is EHC, if that fails then  best-first on 1*g(s) + 5*h(s) where
    metric is  plan length

Cueing down from goal distance:    8 into depth [1]
                                   7            [1]
                                   6            [1]
                                   5            [1]
                                   4            [1]
                                   3            [1]
                                   2            [1]
                                   1            [1]
                                   0            

ff: found legal plan as follows

step    0: TURN_TO SATELLITE0 STAR71 GROUNDSTATION87
        1: SWITCH_ON INSTRUMENT3 SATELLITE0
        2: CALIBRATE SATELLITE0 INSTRUMENT3 STAR71
        3: TURN_TO SATELLITE0 PHENOMENON175 STAR71
        4: TURN_TO SATELLITE1 STAR29 GROUNDSTATION84
        5: TURN_TO SATELLITE4 STAR118 STAR29
        6: TURN_TO SATELLITE5 STAR79 STAR76
        7: TAKE_IMAGE SATELLITE0 PHENOMENON175 INSTRUMENT3 THERMOGRAPH3
     

time spent:    0.01 seconds instantiating 337968 easy, 0 hard action templates
               0.03 seconds reachability analysis, yielding 2798 facts and 337968 actions
               0.05 seconds creating final representation with 2798 relevant facts, 0 relevant fluents
               0.40 seconds computing LNF
               0.13 seconds building connectivity graph
               0.13 seconds searching, evaluating 9 states, to a max depth of 1
               0.75 seconds total time

