
ff: parsing domain file
domain 'SATELLITE' defined
 ... done.
ff: parsing problem file
problem 'STRIPS-SAT-X-1' defined
 ... done.


no metric specified. plan length assumed.

checking for cyclic := effects --- OK.

ff: search configuration is EHC, if that fails then  best-first on 1*g(s) + 5*h(s) where
    metric is  plan length

Cueing down from goal distance:   15 into depth [1]
                                  14            [1]
                                  13            [1]
                                  12            [1]
                                  11            [1]
                                  10            [1]
                                   9            [1]
                                   8            [1]
                                   7            [1]
                                   6            [1]
                                   5            [1]
                                   4            [1]
                                   3            [1]
                                   2            [1]
                                   1            [1]
                                   0            

ff: found legal plan as follows

step    0: TURN_TO SATELLITE2 GROUNDSTATION34 GROUNDSTATION63
        1: TURN_TO SATELLITE0 STAR43 GROUNDSTATION117
        2: SWITCH_ON INSTRUMENT5 SATELLITE2
        3: CALIBRATE SATELLITE2 INSTRUMENT5 GROUNDSTATION34
        4: TURN_TO SATELLITE2 STAR174 GROUNDSTATION34
        5: SWITCH_ON INSTRUMENT0 SATELLITE0
        6: CALIBRATE SATELLITE0 INSTRUMENT0 STAR43
        7: TURN_TO SATELLITE0 PLANET175 STAR43
        8: TURN_TO SATELLITE1 STAR10 STAR91
        9: TURN_TO SATELLITE5 GROUNDSTATION4 GROUNDSTATION34
       10: TURN_TO SATELLITE6 GROUNDSTATION92 GROUNDSTATION21
       11: TURN_TO SATELLITE8 STAR0 STAR168
       12: TURN_TO SATELLITE9 GROUNDSTATION73 STAR20
       13: TAKE_IMAGE SATELLITE2 STAR174 INSTRUMENT5 THERMOGRAPH2
       14: TAKE_IMAGE SATELLITE0 PLANET175 INSTRUMENT0 IMAGE0
     

time spent:    0.01 seconds instantiating 328566 easy, 0 hard action templates
               0.03 seconds reachability analysis, yielding 2752 facts and 328566 actions
               0.04 seconds creating final representation with 2752 relevant facts, 0 relevant fluents
               0.38 seconds computing LNF
               0.14 seconds building connectivity graph
               0.25 seconds searching, evaluating 16 states, to a max depth of 1
               0.85 seconds total time

