
ff: parsing domain file
domain 'SATELLITE' defined
 ... done.
ff: parsing problem file
problem 'STRIPS-SAT-X-1' defined
 ... done.


no metric specified. plan length assumed.

checking for cyclic := effects --- OK.

ff: search configuration is EHC, if that fails then  best-first on 1*g(s) + 5*h(s) where
    metric is  plan length

Cueing down from goal distance:   14 into depth [1]
                                  13            [1]
                                  12            [1]
                                  11            [1]
                                  10            [1]
                                   9            [1]
                                   8            [1]
                                   7            [1]
                                   6            [1]
                                   5            [1]
                                   4            [1]
                                   3            [1]
                                   2            [1]
                                   1            [1]
                                   0            

ff: found legal plan as follows

step    0: TURN_TO SATELLITE0 STAR0 GROUNDSTATION164
        1: SWITCH_ON INSTRUMENT5 SATELLITE0
        2: TURN_TO SATELLITE1 GROUNDSTATION50 STAR46
        3: CALIBRATE SATELLITE0 INSTRUMENT5 STAR0
        4: TURN_TO SATELLITE0 STAR174 STAR0
        5: SWITCH_ON INSTRUMENT10 SATELLITE1
        6: CALIBRATE SATELLITE1 INSTRUMENT10 GROUNDSTATION50
        7: TURN_TO SATELLITE1 PLANET175 GROUNDSTATION50
        8: TURN_TO SATELLITE2 STAR97 STAR99
        9: TURN_TO SATELLITE3 GROUNDSTATION136 GROUNDSTATION66
       10: TURN_TO SATELLITE6 STAR30 GROUNDSTATION47
       11: TAKE_IMAGE SATELLITE0 STAR174 INSTRUMENT5 IMAGE0
       12: TAKE_IMAGE SATELLITE1 PLANET175 INSTRUMENT10 THERMOGRAPH4
       13: TURN_TO SATELLITE1 GROUNDSTATION136 PLANET175
     

time spent:    0.01 seconds instantiating 338204 easy, 0 hard action templates
               0.03 seconds reachability analysis, yielding 2806 facts and 338204 actions
               0.05 seconds creating final representation with 2806 relevant facts, 0 relevant fluents
               0.39 seconds computing LNF
               0.13 seconds building connectivity graph
               0.38 seconds searching, evaluating 21 states, to a max depth of 1
               0.99 seconds total time

