
ff: parsing domain file
domain 'SATELLITE' defined
 ... done.
ff: parsing problem file
problem 'STRIPS-SAT-X-1' defined
 ... done.


no metric specified. plan length assumed.

checking for cyclic := effects --- OK.

ff: search configuration is EHC, if that fails then  best-first on 1*g(s) + 5*h(s) where
    metric is  plan length

Cueing down from goal distance:   12 into depth [1]
                                  11            [1]
                                  10            [1]
                                   9            [1]
                                   8            [1]
                                   7            [1]
                                   6            [1]
                                   5            [1]
                                   4            [1]
                                   3            [1]
                                   2            [1]
                                   1            [1]
                                   0            

ff: found legal plan as follows

step    0: TURN_TO SATELLITE2 GROUNDSTATION111 STAR41
        1: SWITCH_ON INSTRUMENT4 SATELLITE2
        2: CALIBRATE SATELLITE2 INSTRUMENT4 GROUNDSTATION111
        3: TURN_TO SATELLITE2 STAR174 GROUNDSTATION111
        4: TURN_TO SATELLITE1 GROUNDSTATION29 STAR80
        5: TURN_TO SATELLITE4 GROUNDSTATION68 GROUNDSTATION71
        6: TURN_TO SATELLITE5 GROUNDSTATION12 GROUNDSTATION65
        7: TURN_TO SATELLITE6 GROUNDSTATION27 STAR74
        8: TURN_TO SATELLITE7 STAR34 GROUNDSTATION138
        9: TURN_TO SATELLITE9 GROUNDSTATION136 STAR116
       10: TAKE_IMAGE SATELLITE2 STAR174 INSTRUMENT4 IMAGE3
       11: TURN_TO SATELLITE2 GROUNDSTATION159 STAR174
     

time spent:    0.01 seconds instantiating 326755 easy, 0 hard action templates
               0.02 seconds reachability analysis, yielding 2738 facts and 326755 actions
               0.07 seconds creating final representation with 2738 relevant facts, 0 relevant fluents
               0.40 seconds computing LNF
               0.15 seconds building connectivity graph
               0.25 seconds searching, evaluating 19 states, to a max depth of 1
               0.90 seconds total time

