
ff: parsing domain file
domain 'SATELLITE' defined
 ... done.
ff: parsing problem file
problem 'STRIPS-SAT-X-1' defined
 ... done.


no metric specified. plan length assumed.

checking for cyclic := effects --- OK.

ff: search configuration is EHC, if that fails then  best-first on 1*g(s) + 5*h(s) where
    metric is  plan length

Cueing down from goal distance:   15 into depth [1]
                                  14            [1]
                                  13            [1]
                                  12            [1]
                                  11            [1]
                                  10            [1]
                                   9            [1]
                                   8            [1]
                                   7            [1]
                                   6            [1]
                                   5            [1]
                                   4            [1]
                                   3            [1]
                                   2            [1]
                                   1            [1]
                                   0            

ff: found legal plan as follows

step    0: TURN_TO SATELLITE0 STAR71 GROUNDSTATION149
        1: SWITCH_ON INSTRUMENT0 SATELLITE0
        2: TURN_TO SATELLITE1 GROUNDSTATION65 STAR85
        3: CALIBRATE SATELLITE0 INSTRUMENT0 STAR71
        4: TURN_TO SATELLITE0 STAR174 STAR71
        5: SWITCH_ON INSTRUMENT2 SATELLITE1
        6: CALIBRATE SATELLITE1 INSTRUMENT2 GROUNDSTATION65
        7: TURN_TO SATELLITE1 PLANET175 GROUNDSTATION65
        8: TURN_TO SATELLITE3 STAR44 GROUNDSTATION38
        9: TURN_TO SATELLITE5 GROUNDSTATION122 GROUNDSTATION173
       10: TURN_TO SATELLITE6 STAR123 STAR2
       11: TURN_TO SATELLITE7 STAR90 GROUNDSTATION121
       12: TAKE_IMAGE SATELLITE0 STAR174 INSTRUMENT0 IMAGE2
       13: TAKE_IMAGE SATELLITE1 PLANET175 INSTRUMENT2 THERMOGRAPH4
       14: TURN_TO SATELLITE1 GROUNDSTATION104 PLANET175
     

time spent:    0.00 seconds instantiating 329516 easy, 0 hard action templates
               0.04 seconds reachability analysis, yielding 2750 facts and 329516 actions
               0.06 seconds creating final representation with 2750 relevant facts, 0 relevant fluents
               0.39 seconds computing LNF
               0.14 seconds building connectivity graph
               0.39 seconds searching, evaluating 23 states, to a max depth of 1
               1.02 seconds total time

