
ff: parsing domain file
domain 'SATELLITE' defined
 ... done.
ff: parsing problem file
problem 'STRIPS-SAT-X-1' defined
 ... done.


no metric specified. plan length assumed.

checking for cyclic := effects --- OK.

ff: search configuration is EHC, if that fails then  best-first on 1*g(s) + 5*h(s) where
    metric is  plan length

Cueing down from goal distance:   10 into depth [1]
                                   9            [1]
                                   8            [1]
                                   7            [1]
                                   6            [1]
                                   5            [1]
                                   4            [1]
                                   3            [1]
                                   2            [1]
                                   1            [1]
                                   0            

ff: found legal plan as follows

step    0: TURN_TO SATELLITE0 GROUNDSTATION48 STAR59
        1: SWITCH_ON INSTRUMENT3 SATELLITE0
        2: CALIBRATE SATELLITE0 INSTRUMENT3 GROUNDSTATION48
        3: TURN_TO SATELLITE0 PLANET175 GROUNDSTATION48
        4: TURN_TO SATELLITE1 STAR102 STAR140
        5: TURN_TO SATELLITE3 STAR37 STAR75
        6: TURN_TO SATELLITE5 STAR156 GROUNDSTATION43
        7: TURN_TO SATELLITE7 STAR109 GROUNDSTATION112
        8: TURN_TO SATELLITE9 STAR139 STAR51
        9: TAKE_IMAGE SATELLITE0 PLANET175 INSTRUMENT3 THERMOGRAPH3
     

time spent:    0.01 seconds instantiating 336806 easy, 0 hard action templates
               0.03 seconds reachability analysis, yielding 2790 facts and 336806 actions
               0.06 seconds creating final representation with 2790 relevant facts, 0 relevant fluents
               0.42 seconds computing LNF
               0.15 seconds building connectivity graph
               0.11 seconds searching, evaluating 11 states, to a max depth of 1
               0.78 seconds total time

