
ff: parsing domain file
domain 'SATELLITE' defined
 ... done.
ff: parsing problem file
problem 'STRIPS-SAT-X-1' defined
 ... done.


no metric specified. plan length assumed.

checking for cyclic := effects --- OK.

ff: search configuration is EHC, if that fails then  best-first on 1*g(s) + 5*h(s) where
    metric is  plan length

Cueing down from goal distance:   14 into depth [1]
                                  13            [1]
                                  12            [1]
                                  11            [1]
                                  10            [1]
                                   9            [1]
                                   8            [1]
                                   7            [1]
                                   6            [1]
                                   5            [1]
                                   4            [1]
                                   3            [1]
                                   2            [1]
                                   1            [1]
                                   0            

ff: found legal plan as follows

step    0: TURN_TO SATELLITE0 GROUNDSTATION72 GROUNDSTATION29
        1: SWITCH_ON INSTRUMENT1 SATELLITE0
        2: CALIBRATE SATELLITE0 INSTRUMENT1 GROUNDSTATION72
        3: TURN_TO SATELLITE0 STAR80 GROUNDSTATION72
        4: TURN_TO SATELLITE2 GROUNDSTATION52 STAR58
        5: TURN_TO SATELLITE5 GROUNDSTATION72 STAR9
        6: TURN_TO SATELLITE6 STAR41 STAR64
        7: TURN_TO SATELLITE7 GROUNDSTATION77 GROUNDSTATION63
        8: TURN_TO SATELLITE8 STAR62 GROUNDSTATION61
        9: TURN_TO SATELLITE9 STAR71 STAR40
       10: TAKE_IMAGE SATELLITE0 STAR80 INSTRUMENT1 INFRARED3
       11: TURN_TO SATELLITE0 PLANET81 STAR80
       12: TAKE_IMAGE SATELLITE0 PLANET81 INSTRUMENT1 INFRARED3
       13: TURN_TO SATELLITE0 STAR42 PLANET81
     

time spent:    0.00 seconds instantiating 75995 easy, 0 hard action templates
               0.01 seconds reachability analysis, yielding 1340 facts and 75995 actions
               0.01 seconds creating final representation with 1340 relevant facts, 0 relevant fluents
               0.12 seconds computing LNF
               0.04 seconds building connectivity graph
               0.13 seconds searching, evaluating 32 states, to a max depth of 1
               0.31 seconds total time

