
ff: parsing domain file
domain 'SATELLITE' defined
 ... done.
ff: parsing problem file
problem 'STRIPS-SAT-X-1' defined
 ... done.


no metric specified. plan length assumed.

checking for cyclic := effects --- OK.

ff: search configuration is EHC, if that fails then  best-first on 1*g(s) + 5*h(s) where
    metric is  plan length

Cueing down from goal distance:   10 into depth [1]
                                   9            [1]
                                   8            [1]
                                   7            [1]
                                   6            [1]
                                   5            [1]
                                   4            [1]
                                   3            [1]
                                   2            [1]
                                   1            [1]
                                   0            

ff: found legal plan as follows

step    0: TURN_TO SATELLITE0 STAR37 GROUNDSTATION7
        1: SWITCH_ON INSTRUMENT1 SATELLITE0
        2: CALIBRATE SATELLITE0 INSTRUMENT1 STAR37
        3: TURN_TO SATELLITE0 PLANET80 STAR37
        4: TURN_TO SATELLITE2 GROUNDSTATION47 GROUNDSTATION23
        5: TURN_TO SATELLITE4 GROUNDSTATION61 GROUNDSTATION5
        6: TAKE_IMAGE SATELLITE0 PLANET80 INSTRUMENT1 THERMOGRAPH1
        7: TURN_TO SATELLITE0 PHENOMENON81 PLANET80
        8: TAKE_IMAGE SATELLITE0 PHENOMENON81 INSTRUMENT1 INFRARED3
        9: TURN_TO SATELLITE0 GROUNDSTATION72 PHENOMENON81
     

time spent:    0.00 seconds instantiating 76136 easy, 0 hard action templates
               0.00 seconds reachability analysis, yielding 1344 facts and 76136 actions
               0.02 seconds creating final representation with 1344 relevant facts, 0 relevant fluents
               0.10 seconds computing LNF
               0.03 seconds building connectivity graph
               0.09 seconds searching, evaluating 20 states, to a max depth of 1
               0.24 seconds total time

