
ff: parsing domain file
domain 'SATELLITE' defined
 ... done.
ff: parsing problem file
problem 'STRIPS-SAT-X-1' defined
 ... done.


no metric specified. plan length assumed.

checking for cyclic := effects --- OK.

ff: search configuration is EHC, if that fails then  best-first on 1*g(s) + 5*h(s) where
    metric is  plan length

Cueing down from goal distance:   12 into depth [1]
                                  11            [1]
                                  10            [1]
                                   9            [1]
                                   8            [1]
                                   7            [1]
                                   6            [1]
                                   5            [1]
                                   4            [1]
                                   3            [1]
                                   2            [1]
                                   1            [1]
                                   0            

ff: found legal plan as follows

step    0: TURN_TO SATELLITE0 GROUNDSTATION48 STAR2
        1: SWITCH_ON INSTRUMENT0 SATELLITE0
        2: CALIBRATE SATELLITE0 INSTRUMENT0 GROUNDSTATION48
        3: TURN_TO SATELLITE0 PLANET80 GROUNDSTATION48
        4: TURN_TO SATELLITE2 GROUNDSTATION70 STAR58
        5: TURN_TO SATELLITE4 STAR37 GROUNDSTATION75
        6: TURN_TO SATELLITE8 STAR50 GROUNDSTATION0
        7: TURN_TO SATELLITE9 STAR21 STAR2
        8: TAKE_IMAGE SATELLITE0 PLANET80 INSTRUMENT0 INFRARED1
        9: TURN_TO SATELLITE0 PLANET81 PLANET80
       10: TAKE_IMAGE SATELLITE0 PLANET81 INSTRUMENT0 INFRARED1
       11: TURN_TO SATELLITE0 GROUNDSTATION40 PLANET81
     

time spent:    0.00 seconds instantiating 77516 easy, 0 hard action templates
               0.00 seconds reachability analysis, yielding 1354 facts and 77516 actions
               0.02 seconds creating final representation with 1354 relevant facts, 0 relevant fluents
               0.10 seconds computing LNF
               0.03 seconds building connectivity graph
               0.07 seconds searching, evaluating 26 states, to a max depth of 1
               0.22 seconds total time

