
ff: parsing domain file
domain 'SATELLITE' defined
 ... done.
ff: parsing problem file
problem 'STRIPS-SAT-X-1' defined
 ... done.


no metric specified. plan length assumed.

checking for cyclic := effects --- OK.

ff: search configuration is EHC, if that fails then  best-first on 1*g(s) + 5*h(s) where
    metric is  plan length

Cueing down from goal distance:   12 into depth [1]
                                  10            [1]
                                   7            [1]
                                   6            [1]
                                   5            [1]
                                   4            [1]
                                   3            [1]
                                   2            [1]
                                   1            [1]
                                   0            

ff: found legal plan as follows

step    0: TURN_TO SATELLITE0 STAR65 STAR35
        1: SWITCH_ON INSTRUMENT2 SATELLITE0
        2: CALIBRATE SATELLITE0 INSTRUMENT2 STAR65
        3: TURN_TO SATELLITE0 STAR80 STAR65
        4: TURN_TO SATELLITE3 STAR27 STAR48
        5: TURN_TO SATELLITE7 STAR72 STAR8
        6: TAKE_IMAGE SATELLITE0 STAR80 INSTRUMENT2 INFRARED1
        7: TURN_TO SATELLITE0 STAR81 STAR80
        8: TAKE_IMAGE SATELLITE0 STAR81 INSTRUMENT2 THERMOGRAPH4
     

time spent:    0.00 seconds instantiating 75903 easy, 0 hard action templates
               0.01 seconds reachability analysis, yielding 1336 facts and 75903 actions
               0.01 seconds creating final representation with 1336 relevant facts, 0 relevant fluents
               0.08 seconds computing LNF
               0.04 seconds building connectivity graph
               0.04 seconds searching, evaluating 16 states, to a max depth of 1
               0.18 seconds total time

