
ff: parsing domain file
domain 'SATELLITE' defined
 ... done.
ff: parsing problem file
problem 'STRIPS-SAT-X-1' defined
 ... done.


no metric specified. plan length assumed.

checking for cyclic := effects --- OK.

ff: search configuration is EHC, if that fails then  best-first on 1*g(s) + 5*h(s) where
    metric is  plan length

Cueing down from goal distance:    9 into depth [1]
                                   8            [1]
                                   7            [1]
                                   6            [1]
                                   5            [1]
                                   4            [1]
                                   3            [1]
                                   2            [1]
                                   1            [1]
                                   0            

ff: found legal plan as follows

step    0: TURN_TO SATELLITE1 GROUNDSTATION36 GROUNDSTATION17
        1: SWITCH_ON INSTRUMENT3 SATELLITE1
        2: CALIBRATE SATELLITE1 INSTRUMENT3 GROUNDSTATION36
        3: TURN_TO SATELLITE1 PLANET80 GROUNDSTATION36
        4: TURN_TO SATELLITE3 GROUNDSTATION64 GROUNDSTATION40
        5: TURN_TO SATELLITE4 GROUNDSTATION7 STAR78
        6: TURN_TO SATELLITE7 STAR21 GROUNDSTATION18
        7: TURN_TO SATELLITE9 STAR52 GROUNDSTATION65
        8: TAKE_IMAGE SATELLITE1 PLANET80 INSTRUMENT3 THERMOGRAPH3
     

time spent:    0.00 seconds instantiating 77082 easy, 0 hard action templates
               0.01 seconds reachability analysis, yielding 1342 facts and 77082 actions
               0.01 seconds creating final representation with 1342 relevant facts, 0 relevant fluents
               0.11 seconds computing LNF
               0.03 seconds building connectivity graph
               0.01 seconds searching, evaluating 10 states, to a max depth of 1
               0.17 seconds total time

