
ff: parsing domain file
domain 'SATELLITE' defined
 ... done.
ff: parsing problem file
problem 'STRIPS-SAT-X-1' defined
 ... done.


no metric specified. plan length assumed.

checking for cyclic := effects --- OK.

ff: search configuration is EHC, if that fails then  best-first on 1*g(s) + 5*h(s) where
    metric is  plan length

Cueing down from goal distance:   14 into depth [1]
                                  13            [1]
                                   9            [1]
                                   8            [1]
                                   7            [1]
                                   6            [1]
                                   5            [1]
                                   4            [1]
                                   3            [1]
                                   2            [1]
                                   1            [1]
                                   0            

ff: found legal plan as follows

step    0: TURN_TO SATELLITE0 GROUNDSTATION73 STAR66
        1: SWITCH_ON INSTRUMENT1 SATELLITE0
        2: CALIBRATE SATELLITE0 INSTRUMENT1 GROUNDSTATION73
        3: TURN_TO SATELLITE0 STAR80 GROUNDSTATION73
        4: TURN_TO SATELLITE2 STAR53 GROUNDSTATION50
        5: TURN_TO SATELLITE3 STAR0 STAR22
        6: TURN_TO SATELLITE5 GROUNDSTATION7 STAR78
        7: TAKE_IMAGE SATELLITE0 STAR80 INSTRUMENT1 SPECTROGRAPH4
        8: TURN_TO SATELLITE0 PLANET81 STAR80
        9: TAKE_IMAGE SATELLITE0 PLANET81 INSTRUMENT1 IMAGE1
       10: TURN_TO SATELLITE0 GROUNDSTATION46 PLANET81
     

time spent:    0.00 seconds instantiating 74563 easy, 0 hard action templates
               0.00 seconds reachability analysis, yielding 1324 facts and 74563 actions
               0.01 seconds creating final representation with 1324 relevant facts, 0 relevant fluents
               0.09 seconds computing LNF
               0.03 seconds building connectivity graph
               0.06 seconds searching, evaluating 23 states, to a max depth of 1
               0.19 seconds total time

