
ff: parsing domain file
domain 'SATELLITE' defined
 ... done.
ff: parsing problem file
problem 'STRIPS-SAT-X-1' defined
 ... done.


no metric specified. plan length assumed.

checking for cyclic := effects --- OK.

ff: search configuration is EHC, if that fails then  best-first on 1*g(s) + 5*h(s) where
    metric is  plan length

Cueing down from goal distance:   13 into depth [1]
                                  12            [1]
                                  11            [1]
                                  10            [1]
                                   9            [1]
                                   8            [1]
                                   7            [1]
                                   6            [1]
                                   5            [1]
                                   4            [1]
                                   3            [1]
                                   2            [1]
                                   1            [1]
                                   0            

ff: found legal plan as follows

step    0: TURN_TO SATELLITE1 STAR39 STAR0
        1: TURN_TO SATELLITE0 GROUNDSTATION64 STAR44
        2: SWITCH_ON INSTRUMENT3 SATELLITE1
        3: CALIBRATE SATELLITE1 INSTRUMENT3 STAR39
        4: TURN_TO SATELLITE1 PHENOMENON71 STAR39
        5: SWITCH_ON INSTRUMENT0 SATELLITE0
        6: CALIBRATE SATELLITE0 INSTRUMENT0 GROUNDSTATION64
        7: TURN_TO SATELLITE0 PLANET72 GROUNDSTATION64
        8: TURN_TO SATELLITE3 GROUNDSTATION61 STAR24
        9: TURN_TO SATELLITE5 STAR29 GROUNDSTATION66
       10: TURN_TO SATELLITE9 GROUNDSTATION60 STAR55
       11: TAKE_IMAGE SATELLITE1 PHENOMENON71 INSTRUMENT3 SPECTROGRAPH1
       12: TAKE_IMAGE SATELLITE0 PLANET72 INSTRUMENT0 THERMOGRAPH0
     

time spent:    0.00 seconds instantiating 63863 easy, 0 hard action templates
               0.00 seconds reachability analysis, yielding 1239 facts and 63863 actions
               0.02 seconds creating final representation with 1239 relevant facts, 0 relevant fluents
               0.09 seconds computing LNF
               0.02 seconds building connectivity graph
               0.03 seconds searching, evaluating 14 states, to a max depth of 1
               0.16 seconds total time

