
ff: parsing domain file
domain 'SATELLITE' defined
 ... done.
ff: parsing problem file
problem 'STRIPS-SAT-X-1' defined
 ... done.


no metric specified. plan length assumed.

checking for cyclic := effects --- OK.

ff: search configuration is EHC, if that fails then  best-first on 1*g(s) + 5*h(s) where
    metric is  plan length

Cueing down from goal distance:   11 into depth [1]
                                  10            [1]
                                   9            [1]
                                   8            [1]
                                   7            [1]
                                   6            [1]
                                   5            [1]
                                   4            [1]
                                   3            [1]
                                   2            [1]
                                   1            [1]
                                   0            

ff: found legal plan as follows

step    0: TURN_TO SATELLITE0 STAR1 GROUNDSTATION42
        1: SWITCH_ON INSTRUMENT0 SATELLITE0
        2: CALIBRATE SATELLITE0 INSTRUMENT0 STAR1
        3: TURN_TO SATELLITE0 PLANET71 STAR1
        4: TURN_TO SATELLITE3 GROUNDSTATION69 GROUNDSTATION15
        5: TURN_TO SATELLITE5 GROUNDSTATION48 GROUNDSTATION7
        6: TURN_TO SATELLITE7 GROUNDSTATION40 GROUNDSTATION8
        7: TURN_TO SATELLITE8 GROUNDSTATION3 GROUNDSTATION69
        8: TAKE_IMAGE SATELLITE0 PLANET71 INSTRUMENT0 THERMOGRAPH4
        9: TURN_TO SATELLITE0 PHENOMENON72 PLANET71
       10: TAKE_IMAGE SATELLITE0 PHENOMENON72 INSTRUMENT0 INFRARED3
     

time spent:    0.00 seconds instantiating 63272 easy, 0 hard action templates
               0.00 seconds reachability analysis, yielding 1229 facts and 63272 actions
               0.01 seconds creating final representation with 1229 relevant facts, 0 relevant fluents
               0.07 seconds computing LNF
               0.03 seconds building connectivity graph
               0.04 seconds searching, evaluating 19 states, to a max depth of 1
               0.15 seconds total time

