
ff: parsing domain file
domain 'SATELLITE' defined
 ... done.
ff: parsing problem file
problem 'STRIPS-SAT-X-1' defined
 ... done.


no metric specified. plan length assumed.

checking for cyclic := effects --- OK.

ff: search configuration is EHC, if that fails then  best-first on 1*g(s) + 5*h(s) where
    metric is  plan length

Cueing down from goal distance:   14 into depth [1]
                                  13            [1]
                                  12            [1]
                                  11            [1]
                                  10            [1]
                                   9            [1]
                                   8            [1]
                                   7            [1]
                                   6            [1]
                                   5            [1]
                                   4            [1]
                                   3            [1]
                                   2            [1]
                                   1            [1]
                                   0            

ff: found legal plan as follows

step    0: TURN_TO SATELLITE1 GROUNDSTATION31 GROUNDSTATION58
        1: SWITCH_ON INSTRUMENT5 SATELLITE1
        2: TURN_TO SATELLITE2 GROUNDSTATION45 GROUNDSTATION7
        3: CALIBRATE SATELLITE1 INSTRUMENT5 GROUNDSTATION31
        4: TURN_TO SATELLITE1 STAR71 GROUNDSTATION31
        5: SWITCH_ON INSTRUMENT7 SATELLITE2
        6: CALIBRATE SATELLITE2 INSTRUMENT7 GROUNDSTATION45
        7: TURN_TO SATELLITE2 PLANET72 GROUNDSTATION45
        8: TURN_TO SATELLITE0 STAR42 GROUNDSTATION63
        9: TURN_TO SATELLITE4 GROUNDSTATION26 STAR22
       10: TURN_TO SATELLITE5 STAR3 GROUNDSTATION63
       11: TURN_TO SATELLITE9 STAR46 GROUNDSTATION13
       12: TAKE_IMAGE SATELLITE1 STAR71 INSTRUMENT5 INFRARED4
       13: TAKE_IMAGE SATELLITE2 PLANET72 INSTRUMENT7 INFRARED2
     

time spent:    0.00 seconds instantiating 64261 easy, 0 hard action templates
               0.01 seconds reachability analysis, yielding 1239 facts and 64261 actions
               0.00 seconds creating final representation with 1239 relevant facts, 0 relevant fluents
               0.08 seconds computing LNF
               0.02 seconds building connectivity graph
               0.02 seconds searching, evaluating 16 states, to a max depth of 1
               0.13 seconds total time

