
ff: parsing domain file
domain 'SATELLITE' defined
 ... done.
ff: parsing problem file
problem 'STRIPS-SAT-X-1' defined
 ... done.


no metric specified. plan length assumed.

checking for cyclic := effects --- OK.

ff: search configuration is EHC, if that fails then  best-first on 1*g(s) + 5*h(s) where
    metric is  plan length

Cueing down from goal distance:   16 into depth [1]
                                  14            [1]
                                  13            [1]
                                  12            [1]
                                  11            [1]
                                  10            [1]
                                   9            [1]
                                   8            [1]
                                   7            [1]
                                   6            [1]
                                   5            [1]
                                   4            [1]
                                   3            [1]
                                   2            [1]
                                   1            [1]
                                   0            

ff: found legal plan as follows

step    0: TURN_TO SATELLITE5 GROUNDSTATION17 PLANET71
        1: TURN_TO SATELLITE0 GROUNDSTATION50 GROUNDSTATION29
        2: SWITCH_ON INSTRUMENT4 SATELLITE0
        3: CALIBRATE SATELLITE0 INSTRUMENT4 GROUNDSTATION50
        4: TURN_TO SATELLITE0 PLANET71 GROUNDSTATION50
        5: TURN_TO SATELLITE1 STAR61 GROUNDSTATION17
        6: TURN_TO SATELLITE2 GROUNDSTATION56 GROUNDSTATION54
        7: TURN_TO SATELLITE4 STAR53 STAR57
        8: TURN_TO SATELLITE6 GROUNDSTATION11 STAR70
        9: TURN_TO SATELLITE7 GROUNDSTATION18 GROUNDSTATION52
       10: TURN_TO SATELLITE8 GROUNDSTATION63 GROUNDSTATION22
       11: TURN_TO SATELLITE9 STAR35 STAR21
       12: TAKE_IMAGE SATELLITE0 PLANET71 INSTRUMENT4 INFRARED0
       13: TURN_TO SATELLITE0 PLANET72 PLANET71
       14: TAKE_IMAGE SATELLITE0 PLANET72 INSTRUMENT4 INFRARED0
     

time spent:    0.00 seconds instantiating 65227 easy, 0 hard action templates
               0.00 seconds reachability analysis, yielding 1243 facts and 65227 actions
               0.02 seconds creating final representation with 1243 relevant facts, 0 relevant fluents
               0.09 seconds computing LNF
               0.04 seconds building connectivity graph
               0.08 seconds searching, evaluating 26 states, to a max depth of 1
               0.23 seconds total time

