
ff: parsing domain file
domain 'SATELLITE' defined
 ... done.
ff: parsing problem file
problem 'STRIPS-SAT-X-1' defined
 ... done.


no metric specified. plan length assumed.

checking for cyclic := effects --- OK.

ff: search configuration is EHC, if that fails then  best-first on 1*g(s) + 5*h(s) where
    metric is  plan length

Cueing down from goal distance:   12 into depth [1]
                                  11            [1]
                                  10            [1]
                                   9            [1]
                                   8            [1]
                                   7            [1]
                                   6            [1]
                                   5            [1]
                                   4            [1]
                                   3            [1]
                                   2            [1]
                                   1            [1]
                                   0            

ff: found legal plan as follows

step    0: TURN_TO SATELLITE0 STAR75 GROUNDSTATION109
        1: SWITCH_ON INSTRUMENT2 SATELLITE0
        2: TURN_TO SATELLITE1 STAR112 GROUNDSTATION87
        3: CALIBRATE SATELLITE0 INSTRUMENT2 STAR75
        4: TURN_TO SATELLITE0 STAR118 STAR75
        5: SWITCH_ON INSTRUMENT15 SATELLITE1
        6: CALIBRATE SATELLITE1 INSTRUMENT15 STAR112
        7: TURN_TO SATELLITE1 STAR119 STAR112
        8: TURN_TO SATELLITE6 STAR119 STAR40
        9: TAKE_IMAGE SATELLITE0 STAR118 INSTRUMENT2 THERMOGRAPH4
       10: TAKE_IMAGE SATELLITE1 STAR119 INSTRUMENT15 SPECTROGRAPH1
       11: TURN_TO SATELLITE1 STAR6 STAR119
     

time spent:    0.01 seconds instantiating 160039 easy, 0 hard action templates
               0.00 seconds reachability analysis, yielding 1930 facts and 160039 actions
               0.03 seconds creating final representation with 1930 relevant facts, 0 relevant fluents
               0.20 seconds computing LNF
               0.07 seconds building connectivity graph
               0.18 seconds searching, evaluating 17 states, to a max depth of 1
               0.49 seconds total time

