
ff: parsing domain file
domain 'SATELLITE' defined
 ... done.
ff: parsing problem file
problem 'STRIPS-SAT-X-1' defined
 ... done.


no metric specified. plan length assumed.

checking for cyclic := effects --- OK.

ff: search configuration is EHC, if that fails then  best-first on 1*g(s) + 5*h(s) where
    metric is  plan length

Cueing down from goal distance:   14 into depth [1]
                                  13            [1]
                                   9            [1]
                                   8            [1]
                                   7            [1]
                                   6            [1]
                                   5            [1]
                                   4            [1]
                                   3            [1]
                                   2            [1]
                                   1            [1]
                                   0            

ff: found legal plan as follows

step    0: TURN_TO SATELLITE0 GROUNDSTATION75 STAR19
        1: SWITCH_ON INSTRUMENT3 SATELLITE0
        2: CALIBRATE SATELLITE0 INSTRUMENT3 GROUNDSTATION75
        3: TURN_TO SATELLITE0 PHENOMENON118 GROUNDSTATION75
        4: TURN_TO SATELLITE2 GROUNDSTATION104 STAR87
        5: TURN_TO SATELLITE4 GROUNDSTATION10 GROUNDSTATION60
        6: TURN_TO SATELLITE5 GROUNDSTATION92 STAR8
        7: TURN_TO SATELLITE8 STAR7 STAR77
        8: TAKE_IMAGE SATELLITE0 PHENOMENON118 INSTRUMENT3 IMAGE2
        9: TURN_TO SATELLITE0 PHENOMENON119 PHENOMENON118
       10: TAKE_IMAGE SATELLITE0 PHENOMENON119 INSTRUMENT3 SPECTROGRAPH3
     

time spent:    0.00 seconds instantiating 156001 easy, 0 hard action templates
               0.02 seconds reachability analysis, yielding 1900 facts and 156001 actions
               0.02 seconds creating final representation with 1900 relevant facts, 0 relevant fluents
               0.18 seconds computing LNF
               0.05 seconds building connectivity graph
               0.15 seconds searching, evaluating 19 states, to a max depth of 1
               0.42 seconds total time

