
ff: parsing domain file
domain 'SATELLITE' defined
 ... done.
ff: parsing problem file
problem 'STRIPS-SAT-X-1' defined
 ... done.


no metric specified. plan length assumed.

checking for cyclic := effects --- OK.

ff: search configuration is EHC, if that fails then  best-first on 1*g(s) + 5*h(s) where
    metric is  plan length

Cueing down from goal distance:   18 into depth [1]
                                  17            [1]
                                  16            [1]
                                  15            [1]
                                  14            [1]
                                  13            [1]
                                  12            [1]
                                  11            [1]
                                  10            [1]
                                   9            [1]
                                   8            [1]
                                   7            [1]
                                   6            [1]
                                   5            [1]
                                   4            [1]
                                   3            [1]
                                   2            [1]
                                   1            [1]
                                   0            

ff: found legal plan as follows

step    0: TURN_TO SATELLITE1 GROUNDSTATION64 STAR73
        1: TURN_TO SATELLITE0 GROUNDSTATION70 STAR49
        2: SWITCH_ON INSTRUMENT2 SATELLITE1
        3: CALIBRATE SATELLITE1 INSTRUMENT2 GROUNDSTATION64
        4: TURN_TO SATELLITE1 PLANET118 GROUNDSTATION64
        5: SWITCH_ON INSTRUMENT1 SATELLITE0
        6: CALIBRATE SATELLITE0 INSTRUMENT1 GROUNDSTATION70
        7: TURN_TO SATELLITE0 PLANET119 GROUNDSTATION70
        8: TURN_TO SATELLITE2 STAR15 GROUNDSTATION45
        9: TURN_TO SATELLITE3 STAR60 GROUNDSTATION79
       10: TURN_TO SATELLITE4 GROUNDSTATION44 STAR82
       11: TURN_TO SATELLITE6 GROUNDSTATION51 STAR62
       12: TURN_TO SATELLITE7 GROUNDSTATION103 STAR11
       13: TURN_TO SATELLITE8 GROUNDSTATION47 STAR50
       14: TURN_TO SATELLITE9 GROUNDSTATION55 GROUNDSTATION76
       15: TAKE_IMAGE SATELLITE1 PLANET118 INSTRUMENT2 SPECTROGRAPH0
       16: TURN_TO SATELLITE1 STAR105 PLANET118
       17: TAKE_IMAGE SATELLITE0 PLANET119 INSTRUMENT1 SPECTROGRAPH3
     

time spent:    0.00 seconds instantiating 158307 easy, 0 hard action templates
               0.02 seconds reachability analysis, yielding 1918 facts and 158307 actions
               0.03 seconds creating final representation with 1918 relevant facts, 0 relevant fluents
               0.18 seconds computing LNF
               0.06 seconds building connectivity graph
               0.14 seconds searching, evaluating 27 states, to a max depth of 1
               0.43 seconds total time

