
ff: parsing domain file
domain 'SATELLITE' defined
 ... done.
ff: parsing problem file
problem 'STRIPS-SAT-X-1' defined
 ... done.


no metric specified. plan length assumed.

checking for cyclic := effects --- OK.

ff: search configuration is EHC, if that fails then  best-first on 1*g(s) + 5*h(s) where
    metric is  plan length

Cueing down from goal distance:   11 into depth [1]
                                  10            [1]
                                   9            [1]
                                   8            [1]
                                   7            [1]
                                   6            [1]
                                   5            [1]
                                   4            [1]
                                   3            [1]
                                   2            [1]
                                   1            [1]
                                   0            

ff: found legal plan as follows

step    0: SWITCH_ON INSTRUMENT2 SATELLITE0
        1: TURN_TO SATELLITE1 GROUNDSTATION12 GROUNDSTATION49
        2: CALIBRATE SATELLITE0 INSTRUMENT2 GROUNDSTATION89
        3: TURN_TO SATELLITE0 STAR119 GROUNDSTATION89
        4: SWITCH_ON INSTRUMENT7 SATELLITE1
        5: CALIBRATE SATELLITE1 INSTRUMENT7 GROUNDSTATION12
        6: TURN_TO SATELLITE1 PHENOMENON118 GROUNDSTATION12
        7: TAKE_IMAGE SATELLITE1 PHENOMENON118 INSTRUMENT7 THERMOGRAPH4
        8: TURN_TO SATELLITE1 STAR59 PHENOMENON118
        9: TAKE_IMAGE SATELLITE0 STAR119 INSTRUMENT2 THERMOGRAPH2
       10: TURN_TO SATELLITE0 STAR63 STAR119
     

time spent:    0.00 seconds instantiating 154874 easy, 0 hard action templates
               0.02 seconds reachability analysis, yielding 1896 facts and 154874 actions
               0.03 seconds creating final representation with 1896 relevant facts, 0 relevant fluents
               0.19 seconds computing LNF
               0.06 seconds building connectivity graph
               0.13 seconds searching, evaluating 19 states, to a max depth of 1
               0.43 seconds total time

