
ff: parsing domain file
domain 'SATELLITE' defined
 ... done.
ff: parsing problem file
problem 'STRIPS-SAT-X-1' defined
 ... done.


no metric specified. plan length assumed.

checking for cyclic := effects --- OK.

ff: search configuration is EHC, if that fails then  best-first on 1*g(s) + 5*h(s) where
    metric is  plan length

Cueing down from goal distance:   10 into depth [1]
                                   9            [1]
                                   8            [1]
                                   7            [1]
                                   6            [1]
                                   5            [1]
                                   4            [1]
                                   3            [1]
                                   2            [1]
                                   1            [1]
                                   0            

ff: found legal plan as follows

step    0: TURN_TO SATELLITE0 GROUNDSTATION65 STAR97
        1: SWITCH_ON INSTRUMENT2 SATELLITE0
        2: CALIBRATE SATELLITE0 INSTRUMENT2 GROUNDSTATION65
        3: TURN_TO SATELLITE0 STAR118 GROUNDSTATION65
        4: TURN_TO SATELLITE3 GROUNDSTATION36 GROUNDSTATION26
        5: TURN_TO SATELLITE4 STAR66 STAR104
        6: TURN_TO SATELLITE6 STAR12 GROUNDSTATION113
        7: TAKE_IMAGE SATELLITE0 STAR118 INSTRUMENT2 INFRARED1
        8: TURN_TO SATELLITE0 PLANET119 STAR118
        9: TAKE_IMAGE SATELLITE0 PLANET119 INSTRUMENT2 INFRARED1
     

time spent:    0.00 seconds instantiating 158759 easy, 0 hard action templates
               0.01 seconds reachability analysis, yielding 1924 facts and 158759 actions
               0.04 seconds creating final representation with 1924 relevant facts, 0 relevant fluents
               0.19 seconds computing LNF
               0.07 seconds building connectivity graph
               0.13 seconds searching, evaluating 17 states, to a max depth of 1
               0.44 seconds total time

