
ff: parsing domain file
domain 'SATELLITE' defined
 ... done.
ff: parsing problem file
problem 'STRIPS-SAT-X-1' defined
 ... done.


no metric specified. plan length assumed.

checking for cyclic := effects --- OK.

ff: search configuration is EHC, if that fails then  best-first on 1*g(s) + 5*h(s) where
    metric is  plan length

Cueing down from goal distance:   13 into depth [1]
                                  12            [1]
                                  11            [1]
                                  10            [1]
                                   9            [1]
                                   8            [1]
                                   7            [1]
                                   6            [1]
                                   5            [1]
                                   4            [1]
                                   3            [1]
                                   2            [1]
                                   1            [1]
                                   0            

ff: found legal plan as follows

step    0: TURN_TO SATELLITE0 STAR96 GROUNDSTATION34
        1: SWITCH_ON INSTRUMENT1 SATELLITE0
        2: TURN_TO SATELLITE1 STAR39 GROUNDSTATION34
        3: CALIBRATE SATELLITE0 INSTRUMENT1 STAR96
        4: TURN_TO SATELLITE0 PHENOMENON118 STAR96
        5: SWITCH_ON INSTRUMENT4 SATELLITE1
        6: CALIBRATE SATELLITE1 INSTRUMENT4 STAR39
        7: TURN_TO SATELLITE1 PHENOMENON119 STAR39
        8: TURN_TO SATELLITE6 GROUNDSTATION95 GROUNDSTATION63
        9: TURN_TO SATELLITE8 GROUNDSTATION70 GROUNDSTATION99
       10: TAKE_IMAGE SATELLITE0 PHENOMENON118 INSTRUMENT1 INFRARED1
       11: TURN_TO SATELLITE0 STAR58 PHENOMENON118
       12: TAKE_IMAGE SATELLITE1 PHENOMENON119 INSTRUMENT4 THERMOGRAPH2
     

time spent:    0.00 seconds instantiating 156959 easy, 0 hard action templates
               0.02 seconds reachability analysis, yielding 1906 facts and 156959 actions
               0.02 seconds creating final representation with 1906 relevant facts, 0 relevant fluents
               0.17 seconds computing LNF
               0.07 seconds building connectivity graph
               0.11 seconds searching, evaluating 18 states, to a max depth of 1
               0.39 seconds total time

