
ff: parsing domain file
domain 'SATELLITE' defined
 ... done.
ff: parsing problem file
problem 'STRIPS-SAT-X-1' defined
 ... done.


no metric specified. plan length assumed.

checking for cyclic := effects --- OK.

ff: search configuration is EHC, if that fails then  best-first on 1*g(s) + 5*h(s) where
    metric is  plan length

Cueing down from goal distance:    9 into depth [1]
                                   8            [1]
                                   7            [1]
                                   6            [1]
                                   5            [1]
                                   4            [1]
                                   3            [1]
                                   2            [1]
                                   1            [1]
                                   0            

ff: found legal plan as follows

step    0: SWITCH_ON INSTRUMENT0 SATELLITE0
        1: CALIBRATE SATELLITE0 INSTRUMENT0 GROUNDSTATION82
        2: TURN_TO SATELLITE0 PHENOMENON119 GROUNDSTATION82
        3: TURN_TO SATELLITE3 STAR21 GROUNDSTATION58
        4: TURN_TO SATELLITE5 GROUNDSTATION78 STAR52
        5: TURN_TO SATELLITE6 STAR51 GROUNDSTATION114
        6: TURN_TO SATELLITE8 GROUNDSTATION27 GROUNDSTATION2
        7: TAKE_IMAGE SATELLITE0 PHENOMENON119 INSTRUMENT0 SPECTROGRAPH2
        8: TURN_TO SATELLITE0 STAR64 PHENOMENON119
     

time spent:    0.00 seconds instantiating 158329 easy, 0 hard action templates
               0.02 seconds reachability analysis, yielding 1918 facts and 158329 actions
               0.04 seconds creating final representation with 1918 relevant facts, 0 relevant fluents
               0.21 seconds computing LNF
               0.07 seconds building connectivity graph
               0.12 seconds searching, evaluating 15 states, to a max depth of 1
               0.46 seconds total time

