
ff: parsing domain file
domain 'BLOCKS' defined
 ... done.
ff: parsing problem file
problem 'PB4' defined
 ... done.


no metric specified. plan length assumed.

checking for cyclic := effects --- OK.

ff: search configuration is EHC, if that fails then  best-first on 1*g(s) + 5*h(s) where
    metric is  plan length

Cueing down from goal distance:   23 into depth [1]
                                  22            [1]
                                  21            [1]
                                  20            [1]
                                  19            [1]
                                  18            [1][2][3][4]
                                  17            [1][2][3][4][5][6]
                                  16            [1][2][3][4][5][6][7][8]
                                  15            [1][2][3]
                                  14            [1][2][3][4][5][6][7][8][9][10]
                                  13            [1][2][3][4]
                                  12            [1]
                                  11            [1]
                                  10            [1][2][3][4][5][6][7][8][9][10][11][12][13][14][15][16][17][18][19][20][21]
                                   9            [1]
                                   8            [1]
                                   7            [1]
                                   6            [1]
                                   5            [1]
                                   4            [1]
                                   3            [1]
                                   2            [1][2]
                                   0            

ff: found legal plan as follows

step    0: UNSTACK BLOCK9 BLOCK7
        1: PUT-DOWN BLOCK9
        2: UNSTACK BLOCK7 BLOCK3
        3: PUT-DOWN BLOCK7
        4: UNSTACK BLOCK2 BLOCK11
        5: STACK BLOCK2 BLOCK3
        6: UNSTACK BLOCK11 BLOCK5
        7: STACK BLOCK11 BLOCK9
        8: PICK-UP BLOCK5
        9: STACK BLOCK5 BLOCK11
       10: UNSTACK BLOCK1 BLOCK4
       11: STACK BLOCK1 BLOCK7
       12: UNSTACK BLOCK4 BLOCK8
       13: STACK BLOCK4 BLOCK2
       14: PICK-UP BLOCK8
       15: STACK BLOCK8 BLOCK5
       16: UNSTACK BLOCK4 BLOCK2
       17: PUT-DOWN BLOCK4
       18: UNSTACK BLOCK2 BLOCK3
       19: STACK BLOCK2 BLOCK4
       20: UNSTACK BLOCK3 BLOCK10
       21: STACK BLOCK3 BLOCK1
       22: UNSTACK BLOCK10 BLOCK12
       23: STACK BLOCK10 BLOCK8
       24: UNSTACK BLOCK2 BLOCK4
       25: STACK BLOCK2 BLOCK12
       26: UNSTACK BLOCK3 BLOCK1
       27: STACK BLOCK3 BLOCK4
       28: UNSTACK BLOCK1 BLOCK7
       29: STACK BLOCK1 BLOCK10
       30: UNSTACK BLOCK3 BLOCK4
       31: STACK BLOCK3 BLOCK1
       32: UNSTACK BLOCK2 BLOCK12
       33: STACK BLOCK2 BLOCK3
       34: UNSTACK BLOCK12 BLOCK6
       35: STACK BLOCK12 BLOCK4
       36: PICK-UP BLOCK6
       37: STACK BLOCK6 BLOCK7
       38: UNSTACK BLOCK12 BLOCK4
       39: STACK BLOCK12 BLOCK6
       40: UNSTACK BLOCK2 BLOCK3
       41: STACK BLOCK2 BLOCK12
       42: UNSTACK BLOCK3 BLOCK1
       43: STACK BLOCK3 BLOCK2
       44: UNSTACK BLOCK1 BLOCK10
       45: STACK BLOCK1 BLOCK3
       46: UNSTACK BLOCK10 BLOCK8
       47: STACK BLOCK10 BLOCK1
       48: UNSTACK BLOCK8 BLOCK5
       49: STACK BLOCK8 BLOCK10
       50: UNSTACK BLOCK5 BLOCK11
       51: STACK BLOCK5 BLOCK8
       52: UNSTACK BLOCK11 BLOCK9
       53: STACK BLOCK11 BLOCK5
       54: PICK-UP BLOCK4
       55: STACK BLOCK4 BLOCK9
       56: UNSTACK BLOCK11 BLOCK5
       57: STACK BLOCK11 BLOCK4
       58: UNSTACK BLOCK5 BLOCK8
       59: STACK BLOCK5 BLOCK11
       60: UNSTACK BLOCK8 BLOCK10
       61: STACK BLOCK8 BLOCK5
       62: UNSTACK BLOCK10 BLOCK1
       63: STACK BLOCK10 BLOCK8
       64: UNSTACK BLOCK1 BLOCK3
       65: STACK BLOCK1 BLOCK10
       66: UNSTACK BLOCK3 BLOCK2
       67: STACK BLOCK3 BLOCK1
       68: UNSTACK BLOCK2 BLOCK12
       69: STACK BLOCK2 BLOCK3
     

time spent:    0.00 seconds instantiating 312 easy, 0 hard action templates
               0.00 seconds reachability analysis, yielding 181 facts and 312 actions
               0.00 seconds creating final representation with 181 relevant facts, 0 relevant fluents
               0.00 seconds computing LNF
               0.00 seconds building connectivity graph
             451.38 seconds searching, evaluating 2733325 states, to a max depth of 21
             451.38 seconds total time

