
ff: parsing domain file
domain 'BLOCKS' defined
 ... done.
ff: parsing problem file
problem 'PB3' defined
 ... done.


no metric specified. plan length assumed.

checking for cyclic := effects --- OK.

ff: search configuration is EHC, if that fails then  best-first on 1*g(s) + 5*h(s) where
    metric is  plan length

Cueing down from goal distance:   22 into depth [1]
                                  21            [1]
                                  20            [1]
                                  19            [1]
                                  18            [1]
                                  17            [1]
                                  16            [1][2][3]
                                  15            [1][2]
                                  14            [1][2][3]
                                  12            [1][2]
                                  11            [1]
                                  10            [1]
                                   9            [1][2][3][4]
                                   8            [1][2]
                                   6            [1][2][3][4][5][6][7]
                                   5            [1]
                                   4            [1]
                                   3            [1]
                                   2            [1][2]
                                   0            

ff: found legal plan as follows

step    0: UNSTACK BLOCK9 BLOCK6
        1: PUT-DOWN BLOCK9
        2: UNSTACK BLOCK6 BLOCK11
        3: STACK BLOCK6 BLOCK9
        4: UNSTACK BLOCK11 BLOCK3
        5: STACK BLOCK11 BLOCK6
        6: UNSTACK BLOCK1 BLOCK12
        7: STACK BLOCK1 BLOCK11
        8: UNSTACK BLOCK12 BLOCK8
        9: STACK BLOCK12 BLOCK3
       10: UNSTACK BLOCK7 BLOCK10
       11: STACK BLOCK7 BLOCK12
       12: UNSTACK BLOCK10 BLOCK4
       13: PUT-DOWN BLOCK10
       14: UNSTACK BLOCK1 BLOCK11
       15: STACK BLOCK1 BLOCK4
       16: UNSTACK BLOCK8 BLOCK2
       17: STACK BLOCK8 BLOCK11
       18: UNSTACK BLOCK1 BLOCK4
       19: STACK BLOCK1 BLOCK10
       20: PICK-UP BLOCK4
       21: STACK BLOCK4 BLOCK2
       22: UNSTACK BLOCK1 BLOCK10
       23: STACK BLOCK1 BLOCK4
       24: UNSTACK BLOCK7 BLOCK12
       25: STACK BLOCK7 BLOCK10
       26: UNSTACK BLOCK12 BLOCK3
       27: STACK BLOCK12 BLOCK7
       28: UNSTACK BLOCK3 BLOCK5
       29: STACK BLOCK3 BLOCK8
       30: UNSTACK BLOCK12 BLOCK7
       31: STACK BLOCK12 BLOCK3
       32: UNSTACK BLOCK7 BLOCK10
       33: STACK BLOCK7 BLOCK12
       34: PICK-UP BLOCK5
       35: STACK BLOCK5 BLOCK7
     

time spent:    0.00 seconds instantiating 312 easy, 0 hard action templates
               0.00 seconds reachability analysis, yielding 181 facts and 312 actions
               0.00 seconds creating final representation with 181 relevant facts, 0 relevant fluents
               0.00 seconds computing LNF
               0.00 seconds building connectivity graph
               0.00 seconds searching, evaluating 304 states, to a max depth of 7
               0.00 seconds total time

