
ff: parsing domain file
domain 'BLOCKS' defined
 ... done.
ff: parsing problem file
problem 'PB0' defined
 ... done.


no metric specified. plan length assumed.

checking for cyclic := effects --- OK.

ff: search configuration is EHC, if that fails then  best-first on 1*g(s) + 5*h(s) where
    metric is  plan length

Cueing down from goal distance:   24 into depth [1]
                                  23            [1][2]
                                  22            [1]
                                  21            [1][2][3][4][5]
                                  20            [1][2][3][4][5]
                                  19            [1]
                                  18            [1][2][3][4]
                                  17            [1][2][3][4][5][6]
                                  16            [1][2][3][4]
                                  15            [1][2]
                                  14            [1][2][3][4][5][6][7]
                                  13            [1]
                                  12            [1][2]
                                  11            [1][2][3][4][5][6]
                                  10            [1][2][3][4][5][6][7][8][9][10][11][12][13][14][15][16][17][18][19][20]