
ff: parsing domain file
domain 'BLOCKS' defined
 ... done.
ff: parsing problem file
problem 'PB8' defined
 ... done.


no metric specified. plan length assumed.

checking for cyclic := effects --- OK.

ff: search configuration is EHC, if that fails then  best-first on 1*g(s) + 5*h(s) where
    metric is  plan length

Cueing down from goal distance:   22 into depth [1]
                                  21            [1]
                                  20            [1][2][3]
                                  19            [1]
                                  18            [1][2][3][4]
                                  17            [1][2][3][4]
                                  16            [1][2]
                                  14            [1][2][3]
                                  13            [1]
                                  12            [1]
                                  11            [1]
                                  10            [1]
                                   9            [1][2][3]
                                   7            [1][2]
                                   6            [1]
                                   5            [1]
                                   4            [1][2][3][4][5][6][7]
                                   3            [1]
                                   2            [1][2]
                                   0            

ff: found legal plan as follows

step    0: UNSTACK BLOCK12 BLOCK6
        1: PUT-DOWN BLOCK12
        2: UNSTACK BLOCK9 BLOCK1
        3: STACK BLOCK9 BLOCK12
        4: UNSTACK BLOCK1 BLOCK5
        5: PUT-DOWN BLOCK1
        6: UNSTACK BLOCK5 BLOCK2
        7: STACK BLOCK5 BLOCK6
        8: UNSTACK BLOCK9 BLOCK12
        9: STACK BLOCK9 BLOCK5
       10: UNSTACK BLOCK2 BLOCK11
       11: STACK BLOCK2 BLOCK12
       12: UNSTACK BLOCK9 BLOCK5
       13: STACK BLOCK9 BLOCK2
       14: UNSTACK BLOCK11 BLOCK4
       15: STACK BLOCK11 BLOCK9
       16: UNSTACK BLOCK4 BLOCK8
       17: PUT-DOWN BLOCK4
       18: UNSTACK BLOCK8 BLOCK7
       19: STACK BLOCK8 BLOCK4
       20: UNSTACK BLOCK7 BLOCK3
       21: STACK BLOCK7 BLOCK11
       22: UNSTACK BLOCK3 BLOCK10
       23: STACK BLOCK3 BLOCK1
       24: UNSTACK BLOCK5 BLOCK6
       25: STACK BLOCK5 BLOCK7
       26: PICK-UP BLOCK6
       27: STACK BLOCK6 BLOCK8
       28: UNSTACK BLOCK5 BLOCK7
       29: STACK BLOCK5 BLOCK10
       30: UNSTACK BLOCK7 BLOCK11
       31: STACK BLOCK7 BLOCK5
       32: UNSTACK BLOCK11 BLOCK9
       33: STACK BLOCK11 BLOCK6
       34: UNSTACK BLOCK7 BLOCK5
       35: STACK BLOCK7 BLOCK11
       36: UNSTACK BLOCK5 BLOCK10
       37: STACK BLOCK5 BLOCK7
     

time spent:    0.00 seconds instantiating 312 easy, 0 hard action templates
               0.00 seconds reachability analysis, yielding 181 facts and 312 actions
               0.00 seconds creating final representation with 181 relevant facts, 0 relevant fluents
               0.00 seconds computing LNF
               0.00 seconds building connectivity graph
               0.00 seconds searching, evaluating 320 states, to a max depth of 7
               0.00 seconds total time

