
ff: parsing domain file
domain 'BLOCKS' defined
 ... done.
ff: parsing problem file
problem 'PB6' defined
 ... done.


no metric specified. plan length assumed.

checking for cyclic := effects --- OK.

ff: search configuration is EHC, if that fails then  best-first on 1*g(s) + 5*h(s) where
    metric is  plan length

Cueing down from goal distance:   23 into depth [1]
                                  22            [1]
                                  21            [1]
                                  20            [1]
                                  19            [1]
                                  18            [1][2]
                                  17            [1]
                                  16            [1]
                                  15            [1]
                                  14            [1][2][3][4][5][6]
                                  13            [1]
                                  12            [1][2][3][4]
                                  11            [1]
                                  10            [1][2]
                                   9            [1][2][3][4][5][6]
                                   8            [1][2][3][4]
                                   6            [1][2][3][4][5][6][7][8][9]
                                   5            [1]
                                   4            [1][2]
                                   2            [1][2]
                                   0            

ff: found legal plan as follows

step    0: UNSTACK BLOCK5 BLOCK10
        1: PUT-DOWN BLOCK5
        2: UNSTACK BLOCK7 BLOCK3
        3: PUT-DOWN BLOCK7
        4: UNSTACK BLOCK3 BLOCK12
        5: STACK BLOCK3 BLOCK10
        6: UNSTACK BLOCK12 BLOCK4
        7: STACK BLOCK12 BLOCK5
        8: PICK-UP BLOCK4
        9: STACK BLOCK4 BLOCK12
       10: UNSTACK BLOCK3 BLOCK10
       11: STACK BLOCK3 BLOCK7
       12: UNSTACK BLOCK10 BLOCK11
       13: STACK BLOCK10 BLOCK4
       14: UNSTACK BLOCK11 BLOCK6
       15: PUT-DOWN BLOCK11
       16: UNSTACK BLOCK3 BLOCK7
       17: STACK BLOCK3 BLOCK10
       18: UNSTACK BLOCK6 BLOCK9
       19: STACK BLOCK6 BLOCK7
       20: UNSTACK BLOCK9 BLOCK2
       21: STACK BLOCK9 BLOCK11
       22: UNSTACK BLOCK2 BLOCK8
       23: STACK BLOCK2 BLOCK3
       24: UNSTACK BLOCK8 BLOCK1
       25: STACK BLOCK8 BLOCK9
       26: UNSTACK BLOCK6 BLOCK7
       27: STACK BLOCK6 BLOCK8
       28: PICK-UP BLOCK1
       29: STACK BLOCK1 BLOCK7
       30: UNSTACK BLOCK6 BLOCK8
       31: STACK BLOCK6 BLOCK2
       32: UNSTACK BLOCK8 BLOCK9
       33: STACK BLOCK8 BLOCK1
       34: UNSTACK BLOCK6 BLOCK2
       35: STACK BLOCK6 BLOCK8
       36: UNSTACK BLOCK2 BLOCK3
       37: STACK BLOCK2 BLOCK6
       38: UNSTACK BLOCK3 BLOCK10
       39: STACK BLOCK3 BLOCK2
       40: UNSTACK BLOCK10 BLOCK4
       41: STACK BLOCK10 BLOCK9
       42: UNSTACK BLOCK3 BLOCK2
       43: STACK BLOCK3 BLOCK10
       44: UNSTACK BLOCK2 BLOCK6
       45: STACK BLOCK2 BLOCK3
       46: UNSTACK BLOCK6 BLOCK8
       47: STACK BLOCK6 BLOCK4
     

time spent:    0.00 seconds instantiating 312 easy, 0 hard action templates
               0.00 seconds reachability analysis, yielding 181 facts and 312 actions
               0.00 seconds creating final representation with 181 relevant facts, 0 relevant fluents
               0.00 seconds computing LNF
               0.00 seconds building connectivity graph
               0.00 seconds searching, evaluating 1194 states, to a max depth of 9
               0.00 seconds total time

