
ff: parsing domain file
domain 'BLOCKS' defined
 ... done.
ff: parsing problem file
problem 'PB5' defined
 ... done.


no metric specified. plan length assumed.

checking for cyclic := effects --- OK.

ff: search configuration is EHC, if that fails then  best-first on 1*g(s) + 5*h(s) where
    metric is  plan length

Cueing down from goal distance:   22 into depth [1]
                                  21            [1]
                                  20            [1]
                                  19            [1][2][3][4][5]
                                  18            [1][2][3]
                                  17            [1][2][3][4][5][6][7][8][9][10]
                                  16            [1][2][3][4][5][6][7][8][9][10]
                                  15            [1][2][3][4][5][6][7]
                                  14            [1]
                                  13            [1][2][3]
                                  11            [1][2][3][4][5]
                                  10            [1][2]
                                   9            [1]
                                   8            [1]
                                   7            [1]
                                   6            [1][2][3][4][5][6][7][8][9][10][11][12][13]
                                   5            [1]
                                   4            [1]
                                   3            [1]
                                   2            [1]
                                   1            [1]
                                   0            

ff: found legal plan as follows

step    0: UNSTACK BLOCK10 BLOCK12
        1: STACK BLOCK10 BLOCK2
        2: PICK-UP BLOCK12
        3: STACK BLOCK12 BLOCK10
        4: UNSTACK BLOCK8 BLOCK4
        5: STACK BLOCK8 BLOCK12
        6: UNSTACK BLOCK4 BLOCK1
        7: PUT-DOWN BLOCK4
        8: UNSTACK BLOCK1 BLOCK6
        9: STACK BLOCK1 BLOCK4
       10: UNSTACK BLOCK6 BLOCK9
       11: STACK BLOCK6 BLOCK1
       12: UNSTACK BLOCK8 BLOCK12
       13: STACK BLOCK8 BLOCK6
       14: UNSTACK BLOCK9 BLOCK5
       15: PUT-DOWN BLOCK9
       16: UNSTACK BLOCK8 BLOCK6
       17: STACK BLOCK8 BLOCK9
       18: UNSTACK BLOCK6 BLOCK1
       19: STACK BLOCK6 BLOCK5
       20: UNSTACK BLOCK12 BLOCK10
       21: STACK BLOCK12 BLOCK8
       22: UNSTACK BLOCK6 BLOCK5
       23: STACK BLOCK6 BLOCK12
       24: UNSTACK BLOCK1 BLOCK4
       25: STACK BLOCK1 BLOCK10
       26: UNSTACK BLOCK5 BLOCK7
       27: STACK BLOCK5 BLOCK4
       28: UNSTACK BLOCK1 BLOCK10
       29: STACK BLOCK1 BLOCK7
       30: UNSTACK BLOCK6 BLOCK12
       31: STACK BLOCK6 BLOCK5
       32: UNSTACK BLOCK1 BLOCK7
       33: STACK BLOCK1 BLOCK10
       34: UNSTACK BLOCK7 BLOCK3
       35: STACK BLOCK7 BLOCK12
       36: UNSTACK BLOCK1 BLOCK10
       37: STACK BLOCK1 BLOCK7
       38: UNSTACK BLOCK3 BLOCK11
       39: STACK BLOCK3 BLOCK10
       40: PICK-UP BLOCK11
       41: STACK BLOCK11 BLOCK3
       42: UNSTACK BLOCK1 BLOCK7
       43: STACK BLOCK1 BLOCK6
       44: UNSTACK BLOCK7 BLOCK12
       45: STACK BLOCK7 BLOCK1
       46: UNSTACK BLOCK12 BLOCK8
       47: STACK BLOCK12 BLOCK7
       48: UNSTACK BLOCK8 BLOCK9
       49: STACK BLOCK8 BLOCK12
       50: PICK-UP BLOCK9
       51: STACK BLOCK9 BLOCK11
       52: UNSTACK BLOCK8 BLOCK12
       53: STACK BLOCK8 BLOCK9
       54: UNSTACK BLOCK12 BLOCK7
       55: STACK BLOCK12 BLOCK8
       56: UNSTACK BLOCK7 BLOCK1
       57: STACK BLOCK7 BLOCK12
       58: UNSTACK BLOCK1 BLOCK6
       59: STACK BLOCK1 BLOCK7
     

time spent:    0.00 seconds instantiating 312 easy, 0 hard action templates
               0.00 seconds reachability analysis, yielding 181 facts and 312 actions
               0.00 seconds creating final representation with 181 relevant facts, 0 relevant fluents
               0.00 seconds computing LNF
               0.00 seconds building connectivity graph
               0.12 seconds searching, evaluating 14558 states, to a max depth of 13
               0.12 seconds total time

