
ff: parsing domain file
domain 'BLOCKS' defined
 ... done.
ff: parsing problem file
problem 'PB7' defined
 ... done.


no metric specified. plan length assumed.

checking for cyclic := effects --- OK.

ff: search configuration is EHC, if that fails then  best-first on 1*g(s) + 5*h(s) where
    metric is  plan length

Cueing down from goal distance:   19 into depth [1]
                                  18            [1]
                                  17            [1][2][3]
                                  16            [1][2]
                                  15            [1]
                                  14            [1]
                                  13            [1][2]
                                  12            [1]
                                  11            [1][2][3][4][5][6][7][8][9]
                                  10            [1][2][3]
                                   9            [1][2][3][4][5][6]
                                   8            [1][2][3][4][5][6][7]
                                   7            [1]
                                   6            [1][2]
                                   4            [1][2][3][4][5][6][7]
                                   3            [1]
                                   2            [1][2]
                                   0            

ff: found legal plan as follows

step    0: UNSTACK BLOCK1 BLOCK3
        1: PUT-DOWN BLOCK1
        2: UNSTACK BLOCK3 BLOCK11
        3: STACK BLOCK3 BLOCK2
        4: UNSTACK BLOCK11 BLOCK4
        5: STACK BLOCK11 BLOCK10
        6: UNSTACK BLOCK4 BLOCK12
        7: STACK BLOCK4 BLOCK1
        8: UNSTACK BLOCK3 BLOCK2
        9: STACK BLOCK3 BLOCK12
       10: PICK-UP BLOCK2
       11: STACK BLOCK2 BLOCK4
       12: UNSTACK BLOCK3 BLOCK12
       13: STACK BLOCK3 BLOCK11
       14: UNSTACK BLOCK12 BLOCK5
       15: STACK BLOCK12 BLOCK3
       16: UNSTACK BLOCK5 BLOCK8
       17: PUT-DOWN BLOCK5
       18: UNSTACK BLOCK8 BLOCK6
       19: STACK BLOCK8 BLOCK2
       20: UNSTACK BLOCK12 BLOCK3
       21: STACK BLOCK12 BLOCK5
       22: UNSTACK BLOCK3 BLOCK11
       23: STACK BLOCK3 BLOCK12
       24: UNSTACK BLOCK11 BLOCK10
       25: STACK BLOCK11 BLOCK8
       26: UNSTACK BLOCK10 BLOCK9
       27: STACK BLOCK10 BLOCK11
       28: UNSTACK BLOCK6 BLOCK7
       29: STACK BLOCK6 BLOCK9
       30: UNSTACK BLOCK10 BLOCK11
       31: STACK BLOCK10 BLOCK6
       32: UNSTACK BLOCK11 BLOCK8
       33: STACK BLOCK11 BLOCK10
       34: UNSTACK BLOCK3 BLOCK12
       35: STACK BLOCK3 BLOCK8
       36: UNSTACK BLOCK12 BLOCK5
       37: STACK BLOCK12 BLOCK11
       38: PICK-UP BLOCK5
       39: STACK BLOCK5 BLOCK7
       40: UNSTACK BLOCK12 BLOCK11
       41: STACK BLOCK12 BLOCK5
       42: UNSTACK BLOCK3 BLOCK8
       43: STACK BLOCK3 BLOCK12
     

time spent:    0.00 seconds instantiating 312 easy, 0 hard action templates
               0.00 seconds reachability analysis, yielding 181 facts and 312 actions
               0.00 seconds creating final representation with 181 relevant facts, 0 relevant fluents
               0.00 seconds computing LNF
               0.00 seconds building connectivity graph
               0.02 seconds searching, evaluating 2921 states, to a max depth of 9
               0.02 seconds total time

