
ff: parsing domain file
domain 'SATELLITE' defined
 ... done.
ff: parsing problem file
problem 'STRIPS-SAT-X-1' defined
 ... done.


no metric specified. plan length assumed.

checking for cyclic := effects --- OK.

ff: search configuration is EHC, if that fails then  best-first on 1*g(s) + 5*h(s) where
    metric is  plan length

Cueing down from goal distance:   13 into depth [1]
                                  11            [1]
                                  10            [1]
                                   9            [1]
                                   8            [1]
                                   7            [1]
                                   6            [1]
                                   5            [1]
                                   4            [1]
                                   3            [1]
                                   2            [1]
                                   1            [1]
                                   0            

ff: found legal plan as follows

step    0: SWITCH_ON INSTRUMENT2 SATELLITE0
        1: CALIBRATE SATELLITE0 INSTRUMENT2 STAR12
        2: TURN_TO SATELLITE0 PHENOMENON44 STAR12
        3: SWITCH_ON INSTRUMENT6 SATELLITE1
        4: CALIBRATE SATELLITE1 INSTRUMENT6 STAR20
        5: TURN_TO SATELLITE1 STAR45 STAR20
        6: TURN_TO SATELLITE2 GROUNDSTATION11 STAR40
        7: TURN_TO SATELLITE5 GROUNDSTATION15 STAR26
        8: TURN_TO SATELLITE6 STAR38 GROUNDSTATION6
        9: TURN_TO SATELLITE8 GROUNDSTATION11 STAR41
       10: TAKE_IMAGE SATELLITE0 PHENOMENON44 INSTRUMENT2 IMAGE0
       11: TAKE_IMAGE SATELLITE1 STAR45 INSTRUMENT6 INFRARED1
     

time spent:    0.00 seconds instantiating 27370 easy, 0 hard action templates
               0.00 seconds reachability analysis, yielding 820 facts and 27370 actions
               0.01 seconds creating final representation with 820 relevant facts, 0 relevant fluents
               0.03 seconds computing LNF
               0.00 seconds building connectivity graph
               0.01 seconds searching, evaluating 14 states, to a max depth of 1
               0.05 seconds total time

