
ff: parsing domain file
domain 'SATELLITE' defined
 ... done.
ff: parsing problem file
problem 'STRIPS-SAT-X-1' defined
 ... done.


no metric specified. plan length assumed.

checking for cyclic := effects --- OK.

ff: search configuration is EHC, if that fails then  best-first on 1*g(s) + 5*h(s) where
    metric is  plan length

Cueing down from goal distance:   10 into depth [1]
                                   9            [1]
                                   8            [1]
                                   7            [1]
                                   6            [1]
                                   5            [1]
                                   4            [1]
                                   3            [1]
                                   2            [1]
                                   1            [1]
                                   0            

ff: found legal plan as follows

step    0: TURN_TO SATELLITE0 STAR35 GROUNDSTATION14
        1: SWITCH_ON INSTRUMENT2 SATELLITE0
        2: CALIBRATE SATELLITE0 INSTRUMENT2 STAR35
        3: TURN_TO SATELLITE0 STAR44 STAR35
        4: TURN_TO SATELLITE5 GROUNDSTATION14 STAR8
        5: TURN_TO SATELLITE7 GROUNDSTATION40 STAR5
        6: TURN_TO SATELLITE9 STAR28 STAR3
        7: TAKE_IMAGE SATELLITE0 STAR44 INSTRUMENT2 SPECTROGRAPH4
        8: TURN_TO SATELLITE0 PHENOMENON45 STAR44
        9: TAKE_IMAGE SATELLITE0 PHENOMENON45 INSTRUMENT2 SPECTROGRAPH4
     

time spent:    0.00 seconds instantiating 26545 easy, 0 hard action templates
               0.00 seconds reachability analysis, yielding 812 facts and 26545 actions
               0.00 seconds creating final representation with 812 relevant facts, 0 relevant fluents
               0.03 seconds computing LNF
               0.01 seconds building connectivity graph
               0.01 seconds searching, evaluating 17 states, to a max depth of 1
               0.05 seconds total time

