
ff: parsing domain file
domain 'SATELLITE' defined
 ... done.
ff: parsing problem file
problem 'STRIPS-SAT-X-1' defined
 ... done.


no metric specified. plan length assumed.

checking for cyclic := effects --- OK.

ff: search configuration is EHC, if that fails then  best-first on 1*g(s) + 5*h(s) where
    metric is  plan length

Cueing down from goal distance:   14 into depth [1]
                                  13            [1]
                                  12            [1]
                                  11            [1]
                                  10            [1]
                                   9            [1]
                                   8            [1]
                                   7            [1]
                                   6            [1]
                                   5            [1]
                                   4            [1]
                                   3            [1]
                                   2            [1]
                                   1            [1]
                                   0            

ff: found legal plan as follows

step    0: SWITCH_ON INSTRUMENT4 SATELLITE0
        1: TURN_TO SATELLITE1 STAR14 GROUNDSTATION21
        2: CALIBRATE SATELLITE0 INSTRUMENT4 GROUNDSTATION20
        3: TURN_TO SATELLITE0 STAR44 GROUNDSTATION20
        4: SWITCH_ON INSTRUMENT6 SATELLITE1
        5: CALIBRATE SATELLITE1 INSTRUMENT6 STAR14
        6: TURN_TO SATELLITE1 PLANET45 STAR14
        7: TURN_TO SATELLITE2 GROUNDSTATION27 GROUNDSTATION20
        8: TURN_TO SATELLITE5 STAR44 GROUNDSTATION31
        9: TURN_TO SATELLITE6 STAR40 GROUNDSTATION25
       10: TURN_TO SATELLITE7 STAR8 GROUNDSTATION19
       11: TAKE_IMAGE SATELLITE0 STAR44 INSTRUMENT4 INFRARED1
       12: TAKE_IMAGE SATELLITE1 PLANET45 INSTRUMENT6 SPECTROGRAPH0
       13: TURN_TO SATELLITE1 GROUNDSTATION41 PLANET45
     

time spent:    0.00 seconds instantiating 26560 easy, 0 hard action templates
               0.00 seconds reachability analysis, yielding 806 facts and 26560 actions
               0.01 seconds creating final representation with 806 relevant facts, 0 relevant fluents
               0.02 seconds computing LNF
               0.01 seconds building connectivity graph
               0.01 seconds searching, evaluating 22 states, to a max depth of 1
               0.05 seconds total time

