
ff: parsing domain file
domain 'SATELLITE' defined
 ... done.
ff: parsing problem file
problem 'STRIPS-SAT-X-1' defined
 ... done.


no metric specified. plan length assumed.

checking for cyclic := effects --- OK.

ff: search configuration is EHC, if that fails then  best-first on 1*g(s) + 5*h(s) where
    metric is  plan length

Cueing down from goal distance:    7 into depth [1]
                                   6            [1]
                                   5            [1]
                                   4            [1]
                                   3            [1]
                                   2            [1]
                                   1            [1]
                                   0            

ff: found legal plan as follows

step    0: SWITCH_ON INSTRUMENT1 SATELLITE0
        1: CALIBRATE SATELLITE0 INSTRUMENT1 GROUNDSTATION18
        2: TURN_TO SATELLITE0 PHENOMENON45 GROUNDSTATION18
        3: TURN_TO SATELLITE1 STAR19 GROUNDSTATION4
        4: TURN_TO SATELLITE4 STAR12 GROUNDSTATION24
        5: TURN_TO SATELLITE9 GROUNDSTATION18 GROUNDSTATION41
        6: TAKE_IMAGE SATELLITE0 PHENOMENON45 INSTRUMENT1 INFRARED4
     

time spent:    0.00 seconds instantiating 24787 easy, 0 hard action templates
               0.00 seconds reachability analysis, yielding 764 facts and 24787 actions
               0.00 seconds creating final representation with 764 relevant facts, 0 relevant fluents
               0.03 seconds computing LNF
               0.00 seconds building connectivity graph
               0.01 seconds searching, evaluating 8 states, to a max depth of 1
               0.04 seconds total time

