
ff: parsing domain file
domain 'SATELLITE' defined
 ... done.
ff: parsing problem file
problem 'STRIPS-SAT-X-1' defined
 ... done.


no metric specified. plan length assumed.

checking for cyclic := effects --- OK.

ff: search configuration is EHC, if that fails then  best-first on 1*g(s) + 5*h(s) where
    metric is  plan length

Cueing down from goal distance:   12 into depth [1]
                                  11            [1]
                                  10            [1]
                                   9            [1]
                                   8            [1]
                                   7            [1]
                                   6            [1]
                                   5            [1]
                                   4            [1]
                                   3            [1]
                                   2            [1]
                                   1            [1]
                                   0            

ff: found legal plan as follows

step    0: TURN_TO SATELLITE0 GROUNDSTATION30 GROUNDSTATION13
        1: SWITCH_ON INSTRUMENT0 SATELLITE0
        2: CALIBRATE SATELLITE0 INSTRUMENT0 GROUNDSTATION30
        3: TURN_TO SATELLITE0 PLANET44 GROUNDSTATION30
        4: TURN_TO SATELLITE2 GROUNDSTATION22 STAR42
        5: TURN_TO SATELLITE3 GROUNDSTATION34 STAR7
        6: TURN_TO SATELLITE4 STAR23 STAR32
        7: TURN_TO SATELLITE6 GROUNDSTATION27 GROUNDSTATION39
        8: TAKE_IMAGE SATELLITE0 PLANET44 INSTRUMENT0 INFRARED0
        9: TURN_TO SATELLITE0 PLANET45 PLANET44
       10: TAKE_IMAGE SATELLITE0 PLANET45 INSTRUMENT0 IMAGE3
       11: TURN_TO SATELLITE0 GROUNDSTATION8 PLANET45
     

time spent:    0.00 seconds instantiating 26033 easy, 0 hard action templates
               0.00 seconds reachability analysis, yielding 792 facts and 26033 actions
               0.00 seconds creating final representation with 792 relevant facts, 0 relevant fluents
               0.03 seconds computing LNF
               0.01 seconds building connectivity graph
               0.02 seconds searching, evaluating 26 states, to a max depth of 1
               0.06 seconds total time

