
ff: parsing domain file
domain 'SATELLITE' defined
 ... done.
ff: parsing problem file
problem 'STRIPS-SAT-X-1' defined
 ... done.


no metric specified. plan length assumed.

checking for cyclic := effects --- OK.

ff: search configuration is EHC, if that fails then  best-first on 1*g(s) + 5*h(s) where
    metric is  plan length

Cueing down from goal distance:   11 into depth [1]
                                  10            [1]
                                   9            [1]
                                   8            [1][2]
                                   7            [1]
                                   6            [1]
                                   5            [1]
                                   4            [1][2]
                                   3            [1]
                                   2            [1]
                                   1            [1]
                                   0            

ff: found legal plan as follows

step    0: TURN_TO SATELLITE1 STAR17 STAR5
        1: TURN_TO SATELLITE4 GROUNDSTATION15 GROUNDSTATION2
        2: TURN_TO SATELLITE6 GROUNDSTATION13 STAR7
        3: SWITCH_ON INSTRUMENT2 SATELLITE0
        4: CALIBRATE SATELLITE0 INSTRUMENT2 GROUNDSTATION6
        5: TURN_TO SATELLITE0 PLANET18 GROUNDSTATION6
        6: SWITCH_ON INSTRUMENT7 SATELLITE1
        7: TAKE_IMAGE SATELLITE0 PLANET18 INSTRUMENT2 SPECTROGRAPH2
        8: TURN_TO SATELLITE1 STAR1 STAR17
        9: CALIBRATE SATELLITE1 INSTRUMENT7 STAR1
       10: TURN_TO SATELLITE1 STAR19 STAR1
       11: TAKE_IMAGE SATELLITE1 STAR19 INSTRUMENT7 THERMOGRAPH4
       12: TURN_TO SATELLITE1 STAR17 STAR19
     

time spent:    0.00 seconds instantiating 6256 easy, 0 hard action templates
               0.00 seconds reachability analysis, yielding 410 facts and 6256 actions
               0.00 seconds creating final representation with 410 relevant facts, 0 relevant fluents
               0.00 seconds computing LNF
               0.01 seconds building connectivity graph
               0.00 seconds searching, evaluating 36 states, to a max depth of 2
               0.01 seconds total time

