
ff: parsing domain file
domain 'SATELLITE' defined
 ... done.
ff: parsing problem file
problem 'STRIPS-SAT-X-1' defined
 ... done.


no metric specified. plan length assumed.

checking for cyclic := effects --- OK.

ff: search configuration is EHC, if that fails then  best-first on 1*g(s) + 5*h(s) where
    metric is  plan length

Cueing down from goal distance:   10 into depth [1]
                                   9            [1]
                                   8            [1]
                                   7            [1]
                                   6            [1]
                                   5            [1]
                                   4            [1]
                                   3            [1]
                                   2            [1]
                                   1            [1]
                                   0            

ff: found legal plan as follows

step    0: TURN_TO SATELLITE0 STAR14 GROUNDSTATION1
        1: SWITCH_ON INSTRUMENT0 SATELLITE0
        2: CALIBRATE SATELLITE0 INSTRUMENT0 STAR14
        3: TURN_TO SATELLITE0 PLANET18 STAR14
        4: TURN_TO SATELLITE1 STAR6 GROUNDSTATION3
        5: TURN_TO SATELLITE6 GROUNDSTATION3 GROUNDSTATION4
        6: TURN_TO SATELLITE9 GROUNDSTATION4 GROUNDSTATION11
        7: TAKE_IMAGE SATELLITE0 PLANET18 INSTRUMENT0 IMAGE1
        8: TURN_TO SATELLITE0 PLANET19 PLANET18
        9: TAKE_IMAGE SATELLITE0 PLANET19 INSTRUMENT0 THERMOGRAPH3
     

time spent:    0.00 seconds instantiating 5623 easy, 0 hard action templates
               0.00 seconds reachability analysis, yielding 384 facts and 5623 actions
               0.00 seconds creating final representation with 384 relevant facts, 0 relevant fluents
               0.00 seconds computing LNF
               0.00 seconds building connectivity graph
               0.00 seconds searching, evaluating 17 states, to a max depth of 1
               0.00 seconds total time

