
ff: parsing domain file
domain 'SATELLITE' defined
 ... done.
ff: parsing problem file
problem 'STRIPS-SAT-X-1' defined
 ... done.


no metric specified. plan length assumed.

checking for cyclic := effects --- OK.

ff: search configuration is EHC, if that fails then  best-first on 1*g(s) + 5*h(s) where
    metric is  plan length

Cueing down from goal distance:    7 into depth [1]
                                   6            [1]
                                   5            [1]
                                   4            [1]
                                   3            [1]
                                   2            [1]
                                   1            [1]
                                   0            

ff: found legal plan as follows

step    0: TURN_TO SATELLITE0 GROUNDSTATION69 STAR33
        1: SWITCH_ON INSTRUMENT1 SATELLITE0
        2: CALIBRATE SATELLITE0 INSTRUMENT1 GROUNDSTATION69
        3: TURN_TO SATELLITE0 STAR105 GROUNDSTATION69
        4: TURN_TO SATELLITE4 GROUNDSTATION46 GROUNDSTATION99
        5: TURN_TO SATELLITE9 GROUNDSTATION10 GROUNDSTATION46
        6: TAKE_IMAGE SATELLITE0 STAR105 INSTRUMENT1 SPECTROGRAPH0
     

time spent:    0.00 seconds instantiating 127711 easy, 0 hard action templates
               0.01 seconds reachability analysis, yielding 1723 facts and 127711 actions
               0.01 seconds creating final representation with 1723 relevant facts, 0 relevant fluents
               0.16 seconds computing LNF
               0.05 seconds building connectivity graph
               0.05 seconds searching, evaluating 8 states, to a max depth of 1
               0.28 seconds total time

