
ff: parsing domain file
domain 'SATELLITE' defined
 ... done.
ff: parsing problem file
problem 'STRIPS-SAT-X-1' defined
 ... done.


no metric specified. plan length assumed.

checking for cyclic := effects --- OK.

ff: search configuration is EHC, if that fails then  best-first on 1*g(s) + 5*h(s) where
    metric is  plan length

Cueing down from goal distance:    7 into depth [1]
                                   6            [1]
                                   5            [1]
                                   4            [1]
                                   3            [1]
                                   2            [1]
                                   1            [1]
                                   0            

ff: found legal plan as follows

step    0: TURN_TO SATELLITE0 GROUNDSTATION85 GROUNDSTATION93
        1: SWITCH_ON INSTRUMENT0 SATELLITE0
        2: CALIBRATE SATELLITE0 INSTRUMENT0 GROUNDSTATION85
        3: TURN_TO SATELLITE0 PLANET106 GROUNDSTATION85
        4: TURN_TO SATELLITE2 STAR44 GROUNDSTATION45
        5: TURN_TO SATELLITE5 GROUNDSTATION103 STAR34
        6: TAKE_IMAGE SATELLITE0 PLANET106 INSTRUMENT0 IMAGE3
     

time spent:    0.00 seconds instantiating 132367 easy, 0 hard action templates
               0.01 seconds reachability analysis, yielding 1759 facts and 132367 actions
               0.02 seconds creating final representation with 1759 relevant facts, 0 relevant fluents
               0.19 seconds computing LNF
               0.05 seconds building connectivity graph
               0.04 seconds searching, evaluating 8 states, to a max depth of 1
               0.31 seconds total time

