
ff: parsing domain file
domain 'SATELLITE' defined
 ... done.
ff: parsing problem file
problem 'STRIPS-SAT-X-1' defined
 ... done.


no metric specified. plan length assumed.

checking for cyclic := effects --- OK.

ff: search configuration is EHC, if that fails then  best-first on 1*g(s) + 5*h(s) where
    metric is  plan length

Cueing down from goal distance:   12 into depth [1]
                                  11            [1]
                                   9            [1]
                                   8            [1]
                                   7            [1]
                                   6            [1]
                                   5            [1]
                                   4            [1]
                                   3            [1]
                                   2            [1]
                                   1            [1]
                                   0            

ff: found legal plan as follows

step    0: TURN_TO SATELLITE0 STAR83 GROUNDSTATION63
        1: TURN_TO SATELLITE4 STAR36 PLANET106
        2: SWITCH_ON INSTRUMENT3 SATELLITE0
        3: CALIBRATE SATELLITE0 INSTRUMENT3 STAR83
        4: TURN_TO SATELLITE0 STAR105 STAR83
        5: TURN_TO SATELLITE1 GROUNDSTATION77 STAR35
        6: TURN_TO SATELLITE2 STAR0 STAR2
        7: TURN_TO SATELLITE9 STAR40 GROUNDSTATION50
        8: TAKE_IMAGE SATELLITE0 STAR105 INSTRUMENT3 THERMOGRAPH4
        9: TURN_TO SATELLITE0 PLANET106 STAR105
       10: TAKE_IMAGE SATELLITE0 PLANET106 INSTRUMENT3 THERMOGRAPH4
     

time spent:    0.00 seconds instantiating 130928 easy, 0 hard action templates
               0.01 seconds reachability analysis, yielding 1755 facts and 130928 actions
               0.03 seconds creating final representation with 1755 relevant facts, 0 relevant fluents
               0.19 seconds computing LNF
               0.07 seconds building connectivity graph
               0.13 seconds searching, evaluating 18 states, to a max depth of 1
               0.43 seconds total time

