
ff: parsing domain file
domain 'SATELLITE' defined
 ... done.
ff: parsing problem file
problem 'STRIPS-SAT-X-1' defined
 ... done.


no metric specified. plan length assumed.

checking for cyclic := effects --- OK.

ff: search configuration is EHC, if that fails then  best-first on 1*g(s) + 5*h(s) where
    metric is  plan length

Cueing down from goal distance:   12 into depth [1]
                                  11            [1]
                                  10            [1]
                                   9            [1]
                                   8            [1]
                                   7            [1]
                                   6            [1]
                                   5            [1]
                                   4            [1]
                                   3            [1]
                                   2            [1]
                                   1            [1]
                                   0            

ff: found legal plan as follows

step    0: TURN_TO SATELLITE0 GROUNDSTATION39 GROUNDSTATION65
        1: SWITCH_ON INSTRUMENT1 SATELLITE0
        2: TURN_TO SATELLITE1 STAR12 STAR101
        3: CALIBRATE SATELLITE0 INSTRUMENT1 GROUNDSTATION39
        4: TURN_TO SATELLITE0 PLANET105 GROUNDSTATION39
        5: SWITCH_ON INSTRUMENT9 SATELLITE1
        6: CALIBRATE SATELLITE1 INSTRUMENT9 STAR12
        7: TURN_TO SATELLITE1 PHENOMENON106 STAR12
        8: TURN_TO SATELLITE2 STAR49 GROUNDSTATION32
        9: TURN_TO SATELLITE5 GROUNDSTATION3 STAR21
       10: TAKE_IMAGE SATELLITE0 PLANET105 INSTRUMENT1 INFRARED2
       11: TAKE_IMAGE SATELLITE1 PHENOMENON106 INSTRUMENT9 INFRARED3
     

time spent:    0.00 seconds instantiating 127264 easy, 0 hard action templates
               0.01 seconds reachability analysis, yielding 1727 facts and 127264 actions
               0.03 seconds creating final representation with 1727 relevant facts, 0 relevant fluents
               0.14 seconds computing LNF
               0.04 seconds building connectivity graph
               0.10 seconds searching, evaluating 14 states, to a max depth of 1
               0.32 seconds total time

