
ff: parsing domain file
domain 'SATELLITE' defined
 ... done.
ff: parsing problem file
problem 'STRIPS-SAT-X-1' defined
 ... done.


no metric specified. plan length assumed.

checking for cyclic := effects --- OK.

ff: search configuration is EHC, if that fails then  best-first on 1*g(s) + 5*h(s) where
    metric is  plan length

Cueing down from goal distance:   13 into depth [1]
                                  12            [1]
                                  11            [1]
                                  10            [1]
                                   9            [1]
                                   8            [1]
                                   7            [1]
                                   6            [1]
                                   5            [1]
                                   4            [1]
                                   3            [1]
                                   2            [1]
                                   1            [1]
                                   0            

ff: found legal plan as follows

step    0: TURN_TO SATELLITE0 GROUNDSTATION68 GROUNDSTATION78
        1: SWITCH_ON INSTRUMENT0 SATELLITE0
        2: TURN_TO SATELLITE1 STAR44 GROUNDSTATION88
        3: CALIBRATE SATELLITE0 INSTRUMENT0 GROUNDSTATION68
        4: TURN_TO SATELLITE0 PHENOMENON105 GROUNDSTATION68
        5: SWITCH_ON INSTRUMENT4 SATELLITE1
        6: CALIBRATE SATELLITE1 INSTRUMENT4 STAR44
        7: TURN_TO SATELLITE1 PLANET106 STAR44
        8: TURN_TO SATELLITE3 STAR60 GROUNDSTATION74
        9: TURN_TO SATELLITE4 STAR21 STAR87
       10: TURN_TO SATELLITE5 GROUNDSTATION80 STAR51
       11: TAKE_IMAGE SATELLITE0 PHENOMENON105 INSTRUMENT0 IMAGE0
       12: TAKE_IMAGE SATELLITE1 PLANET106 INSTRUMENT4 INFRARED4
     

time spent:    0.00 seconds instantiating 124546 easy, 0 hard action templates
               0.01 seconds reachability analysis, yielding 1701 facts and 124546 actions
               0.02 seconds creating final representation with 1701 relevant facts, 0 relevant fluents
               0.15 seconds computing LNF
               0.05 seconds building connectivity graph
               0.08 seconds searching, evaluating 15 states, to a max depth of 1
               0.31 seconds total time

