
ff: parsing domain file
domain 'SATELLITE' defined
 ... done.
ff: parsing problem file
problem 'STRIPS-SAT-X-1' defined
 ... done.


no metric specified. plan length assumed.

checking for cyclic := effects --- OK.

ff: search configuration is EHC, if that fails then  best-first on 1*g(s) + 5*h(s) where
    metric is  plan length

Cueing down from goal distance:   16 into depth [1]
                                  15            [1]
                                  14            [1]
                                  13            [1]
                                  12            [1]
                                  11            [1]
                                  10            [1]
                                   9            [1]
                                   8            [1]
                                   7            [1]
                                   6            [1]
                                   5            [1]
                                   4            [1]
                                   3            [1]
                                   2            [1]
                                   1            [1]
                                   0            

ff: found legal plan as follows

step    0: TURN_TO SATELLITE1 STAR40 STAR103
        1: TURN_TO SATELLITE0 GROUNDSTATION37 GROUNDSTATION13
        2: SWITCH_ON INSTRUMENT3 SATELLITE1
        3: CALIBRATE SATELLITE1 INSTRUMENT3 STAR40
        4: TURN_TO SATELLITE1 PLANET105 STAR40
        5: SWITCH_ON INSTRUMENT1 SATELLITE0
        6: CALIBRATE SATELLITE0 INSTRUMENT1 GROUNDSTATION37
        7: TURN_TO SATELLITE0 PHENOMENON106 GROUNDSTATION37
        8: TURN_TO SATELLITE2 GROUNDSTATION17 STAR88
        9: TURN_TO SATELLITE3 PHENOMENON106 GROUNDSTATION34
       10: TURN_TO SATELLITE5 GROUNDSTATION87 GROUNDSTATION86
       11: TURN_TO SATELLITE8 GROUNDSTATION95 GROUNDSTATION6
       12: TAKE_IMAGE SATELLITE1 PLANET105 INSTRUMENT3 IMAGE3
       13: TURN_TO SATELLITE1 STAR9 PLANET105
       14: TAKE_IMAGE SATELLITE0 PHENOMENON106 INSTRUMENT1 INFRARED4
       15: TURN_TO SATELLITE0 STAR98 PHENOMENON106
     

time spent:    0.00 seconds instantiating 125340 easy, 0 hard action templates
               0.01 seconds reachability analysis, yielding 1709 facts and 125340 actions
               0.03 seconds creating final representation with 1709 relevant facts, 0 relevant fluents
               0.14 seconds computing LNF
               0.05 seconds building connectivity graph
               0.13 seconds searching, evaluating 29 states, to a max depth of 1
               0.36 seconds total time

