
ff: parsing domain file
domain 'SATELLITE' defined
 ... done.
ff: parsing problem file
problem 'STRIPS-SAT-X-1' defined
 ... done.


no metric specified. plan length assumed.

checking for cyclic := effects --- OK.

ff: search configuration is EHC, if that fails then  best-first on 1*g(s) + 5*h(s) where
    metric is  plan length

Cueing down from goal distance:    8 into depth [1]
                                   7            [1]
                                   6            [1]
                                   5            [1]
                                   4            [1]
                                   3            [1][2]
                                   2            [1]
                                   1            [1]
                                   0            

ff: found legal plan as follows

step    0: SWITCH_ON INSTRUMENT19 SATELLITE5
        1: TURN_TO SATELLITE0 GROUNDSTATION3 STAR2
        2: TURN_TO SATELLITE1 GROUNDSTATION3 STAR0
        3: TURN_TO SATELLITE3 STAR0 STAR2
        4: TURN_TO SATELLITE8 PHENOMENON5 PLANET4
        5: TURN_TO SATELLITE5 GROUNDSTATION1 PLANET4
        6: CALIBRATE SATELLITE5 INSTRUMENT19 GROUNDSTATION1
        7: TURN_TO SATELLITE5 PLANET4 GROUNDSTATION1
        8: TAKE_IMAGE SATELLITE5 PLANET4 INSTRUMENT19 THERMOGRAPH0
     

time spent:    0.00 seconds instantiating 882 easy, 0 hard action templates
               0.00 seconds reachability analysis, yielding 172 facts and 882 actions
               0.00 seconds creating final representation with 172 relevant facts, 0 relevant fluents
               0.00 seconds computing LNF
               0.00 seconds building connectivity graph
               0.00 seconds searching, evaluating 15 states, to a max depth of 2
               0.00 seconds total time

