
ff: parsing domain file
domain 'SATELLITE' defined
 ... done.
ff: parsing problem file
problem 'STRIPS-SAT-X-1' defined
 ... done.


no metric specified. plan length assumed.

checking for cyclic := effects --- OK.

ff: search configuration is EHC, if that fails then  best-first on 1*g(s) + 5*h(s) where
    metric is  plan length

Cueing down from goal distance:   10 into depth [1]
                                   7            [1]
                                   6            [1]
                                   5            [1][2]
                                   4            [1]
                                   3            [1]
                                   2            [1]
                                   1            [1]
                                   0            

ff: found legal plan as follows

step    0: SWITCH_ON INSTRUMENT7 SATELLITE1
        1: TURN_TO SATELLITE5 PLANET4 STAR3
        2: TURN_TO SATELLITE9 STAR0 GROUNDSTATION2
        3: TURN_TO SATELLITE1 GROUNDSTATION1 PLANET4
        4: CALIBRATE SATELLITE1 INSTRUMENT7 GROUNDSTATION1
        5: TURN_TO SATELLITE1 PLANET4 GROUNDSTATION1
        6: TAKE_IMAGE SATELLITE1 PLANET4 INSTRUMENT7 SPECTROGRAPH0
        7: TURN_TO SATELLITE1 PLANET5 PLANET4
        8: TAKE_IMAGE SATELLITE1 PLANET5 INSTRUMENT7 INFRARED1
     

time spent:    0.00 seconds instantiating 1275 easy, 0 hard action templates
               0.00 seconds reachability analysis, yielding 222 facts and 1275 actions
               0.00 seconds creating final representation with 222 relevant facts, 0 relevant fluents
               0.00 seconds computing LNF
               0.00 seconds building connectivity graph
               0.00 seconds searching, evaluating 18 states, to a max depth of 2
               0.00 seconds total time

