
ff: parsing domain file
domain 'SATELLITE' defined
 ... done.
ff: parsing problem file
problem 'STRIPS-SAT-X-1' defined
 ... done.


no metric specified. plan length assumed.

checking for cyclic := effects --- OK.

ff: search configuration is EHC, if that fails then  best-first on 1*g(s) + 5*h(s) where
    metric is  plan length

Cueing down from goal distance:   10 into depth [1]
                                   9            [1]
                                   8            [1]
                                   7            [1]
                                   6            [1]
                                   5            [1]
                                   4            [1]
                                   3            [1][2]
                                   2            [1]
                                   1            [1]
                                   0            

ff: found legal plan as follows

step    0: TURN_TO SATELLITE0 GROUNDSTATION0 GROUNDSTATION3
        1: SWITCH_ON INSTRUMENT0 SATELLITE0
        2: CALIBRATE SATELLITE0 INSTRUMENT0 GROUNDSTATION0
        3: TURN_TO SATELLITE0 PHENOMENON4 GROUNDSTATION0
        4: SWITCH_ON INSTRUMENT37 SATELLITE5
        5: TURN_TO SATELLITE1 STAR5 GROUNDSTATION0
        6: TAKE_IMAGE SATELLITE0 PHENOMENON4 INSTRUMENT0 SPECTROGRAPH1
        7: TURN_TO SATELLITE5 GROUNDSTATION3 STAR5
        8: CALIBRATE SATELLITE5 INSTRUMENT37 GROUNDSTATION3
        9: TURN_TO SATELLITE5 STAR5 GROUNDSTATION3
       10: TAKE_IMAGE SATELLITE5 STAR5 INSTRUMENT37 IMAGE3
     

time spent:    0.00 seconds instantiating 1368 easy, 0 hard action templates
               0.00 seconds reachability analysis, yielding 232 facts and 1368 actions
               0.00 seconds creating final representation with 232 relevant facts, 0 relevant fluents
               0.00 seconds computing LNF
               0.00 seconds building connectivity graph
               0.00 seconds searching, evaluating 18 states, to a max depth of 2
               0.00 seconds total time

