
ff: parsing domain file
domain 'SATELLITE' defined
 ... done.
ff: parsing problem file
problem 'STRIPS-SAT-X-1' defined
 ... done.


no metric specified. plan length assumed.

checking for cyclic := effects --- OK.

ff: search configuration is EHC, if that fails then  best-first on 1*g(s) + 5*h(s) where
    metric is  plan length

Cueing down from goal distance:   12 into depth [1]
                                  11            [1]
                                  10            [1]
                                   9            [1]
                                   8            [1]
                                   7            [1][2]
                                   6            [1]
                                   5            [1]
                                   4            [1][2]
                                   3            [1]
                                   2            [1]
                                   1            [1]
                                   0            

ff: found legal plan as follows

step    0: SWITCH_ON INSTRUMENT10 SATELLITE3
        1: SWITCH_ON INSTRUMENT21 SATELLITE4
        2: TURN_TO SATELLITE2 STAR3 STAR0
        3: TURN_TO SATELLITE5 STAR3 GROUNDSTATION2
        4: TURN_TO SATELLITE9 PLANET4 GROUNDSTATION1
        5: TURN_TO SATELLITE3 STAR3 PLANET4
        6: CALIBRATE SATELLITE3 INSTRUMENT10 STAR3
        7: TURN_TO SATELLITE3 PLANET4 STAR3
        8: TAKE_IMAGE SATELLITE3 PLANET4 INSTRUMENT10 SPECTROGRAPH2
        9: TURN_TO SATELLITE4 GROUNDSTATION1 PLANET5
       10: CALIBRATE SATELLITE4 INSTRUMENT21 GROUNDSTATION1
       11: TURN_TO SATELLITE4 PLANET5 GROUNDSTATION1
       12: TAKE_IMAGE SATELLITE4 PLANET5 INSTRUMENT21 SPECTROGRAPH1
       13: TURN_TO SATELLITE4 STAR3 PLANET5
     

time spent:    0.00 seconds instantiating 1203 easy, 0 hard action templates
               0.00 seconds reachability analysis, yielding 206 facts and 1203 actions
               0.00 seconds creating final representation with 206 relevant facts, 0 relevant fluents
               0.00 seconds computing LNF
               0.00 seconds building connectivity graph
               0.00 seconds searching, evaluating 35 states, to a max depth of 2
               0.00 seconds total time

