
ff: parsing domain file
domain 'SATELLITE' defined
 ... done.
ff: parsing problem file
problem 'STRIPS-SAT-X-1' defined
 ... done.


no metric specified. plan length assumed.

checking for cyclic := effects --- OK.

ff: search configuration is EHC, if that fails then  best-first on 1*g(s) + 5*h(s) where
    metric is  plan length

Cueing down from goal distance:    9 into depth [1]
                                   6            [1]
                                   5            [1][2]
                                   4            [1]
                                   3            [1]
                                   2            [1]
                                   1            [1]
                                   0            

ff: found legal plan as follows

step    0: SWITCH_ON INSTRUMENT18 SATELLITE5
        1: TURN_TO SATELLITE7 PHENOMENON5 STAR2
        2: TURN_TO SATELLITE5 STAR3 PLANET4
        3: CALIBRATE SATELLITE5 INSTRUMENT18 STAR3
        4: TURN_TO SATELLITE5 PLANET4 STAR3
        5: TAKE_IMAGE SATELLITE5 PLANET4 INSTRUMENT18 INFRARED0
        6: TURN_TO SATELLITE5 PHENOMENON5 PLANET4
        7: TAKE_IMAGE SATELLITE5 PHENOMENON5 INSTRUMENT18 SPECTROGRAPH3
     

time spent:    0.00 seconds instantiating 1029 easy, 0 hard action templates
               0.00 seconds reachability analysis, yielding 182 facts and 1029 actions
               0.00 seconds creating final representation with 182 relevant facts, 0 relevant fluents
               0.00 seconds computing LNF
               0.00 seconds building connectivity graph
               0.00 seconds searching, evaluating 15 states, to a max depth of 2
               0.00 seconds total time

