
ff: parsing domain file
domain 'BLOCKS' defined
 ... done.
ff: parsing problem file
problem 'PB9' defined
 ... done.


no metric specified. plan length assumed.

checking for cyclic := effects --- OK.

ff: search configuration is EHC, if that fails then  best-first on 1*g(s) + 5*h(s) where
    metric is  plan length

Cueing down from goal distance:   40 into depth [1]
                                  39            [1]
                                  38            [1]
                                  37            [1]
                                  36            [1][2][3]
                                  35            [1][2][3][4]
                                  34            [1]
                                  33            [1]
                                  32            [1]
                                  31            [1][2]
                                  30            [1][2][3]
                                  29            [1][2]
                                  28            [1]
                                  27            [1][2][3][4]
                                  26            [1]
                                  25            [1]
                                  24            [1][2][3]
                                  23            [1][2]
                                  22            [1]
                                  21            [1][2][3][4][5][6]
                                  20            [1][2][3]
                                  19            [1]
                                  18            [1][2][3][4][5][6][7][8][9][10]
                                  17            [1]
                                  16            [1]
                                  15            [1][2]
                                  13            [1][2][3][4][5][6][7][8][9]
                                  12            [1]
                                  11            [1]
                                  10            [1]
                                   9            [1][2]
                                   8            [1][2][3][4][5][6][7]
                                   7            [1]
                                   6            [1][2]
                                   4            [1][2]
                                   2            [1]
                                   1            [1]
                                   0            

ff: found legal plan as follows

step    0: UNSTACK BLOCK1 BLOCK20
        1: PUT-DOWN BLOCK1
        2: UNSTACK BLOCK24 BLOCK14
        3: STACK BLOCK24 BLOCK1
        4: UNSTACK BLOCK10 BLOCK3
        5: STACK BLOCK10 BLOCK24
        6: UNSTACK BLOCK14 BLOCK19
        7: STACK BLOCK14 BLOCK3
        8: UNSTACK BLOCK5 BLOCK12
        9: STACK BLOCK5 BLOCK19
       10: UNSTACK BLOCK12 BLOCK18
       11: PUT-DOWN BLOCK12
       12: UNSTACK BLOCK18 BLOCK22
       13: PUT-DOWN BLOCK18
       14: UNSTACK BLOCK10 BLOCK24
       15: STACK BLOCK10 BLOCK22
       16: UNSTACK BLOCK7 BLOCK17
       17: STACK BLOCK7 BLOCK24
       18: UNSTACK BLOCK17 BLOCK13
       19: STACK BLOCK17 BLOCK7
       20: UNSTACK BLOCK13 BLOCK6
       21: STACK BLOCK13 BLOCK20
       22: UNSTACK BLOCK6 BLOCK23
       23: STACK BLOCK6 BLOCK17
       24: UNSTACK BLOCK23 BLOCK21
       25: STACK BLOCK23 BLOCK18
       26: UNSTACK BLOCK6 BLOCK17
       27: STACK BLOCK6 BLOCK23
       28: UNSTACK BLOCK21 BLOCK8
       29: STACK BLOCK21 BLOCK17
       30: UNSTACK BLOCK8 BLOCK15
       31: STACK BLOCK8 BLOCK14
       32: UNSTACK BLOCK21 BLOCK17
       33: STACK BLOCK21 BLOCK15
       34: UNSTACK BLOCK10 BLOCK22
       35: STACK BLOCK10 BLOCK8
       36: UNSTACK BLOCK22 BLOCK2
       37: STACK BLOCK22 BLOCK17
       38: UNSTACK BLOCK10 BLOCK8
       39: STACK BLOCK10 BLOCK22
       40: UNSTACK BLOCK5 BLOCK19
       41: STACK BLOCK5 BLOCK8
       42: PICK-UP BLOCK2
       43: STACK BLOCK2 BLOCK19
       44: UNSTACK BLOCK10 BLOCK22
       45: STACK BLOCK10 BLOCK21
       46: UNSTACK BLOCK22 BLOCK17
       47: STACK BLOCK22 BLOCK6
       48: UNSTACK BLOCK17 BLOCK7
       49: STACK BLOCK17 BLOCK22
       50: UNSTACK BLOCK7 BLOCK24
       51: STACK BLOCK7 BLOCK2
       52: UNSTACK BLOCK17 BLOCK22
       53: STACK BLOCK17 BLOCK7
       54: UNSTACK BLOCK22 BLOCK6
       55: STACK BLOCK22 BLOCK17
       56: UNSTACK BLOCK10 BLOCK21
       57: STACK BLOCK10 BLOCK22
       58: UNSTACK BLOCK5 BLOCK8
       59: STACK BLOCK5 BLOCK21
       60: UNSTACK BLOCK8 BLOCK14
       61: STACK BLOCK8 BLOCK13
       62: UNSTACK BLOCK14 BLOCK3
       63: STACK BLOCK14 BLOCK8
       64: UNSTACK BLOCK3 BLOCK11
       65: STACK BLOCK3 BLOCK24
       66: UNSTACK BLOCK14 BLOCK8
       67: STACK BLOCK14 BLOCK3
       68: UNSTACK BLOCK8 BLOCK13
       69: STACK BLOCK8 BLOCK14
       70: UNSTACK BLOCK5 BLOCK21
       71: STACK BLOCK5 BLOCK8
       72: UNSTACK BLOCK11 BLOCK9
       73: STACK BLOCK11 BLOCK13
       74: UNSTACK BLOCK9 BLOCK16
       75: STACK BLOCK9 BLOCK21
       76: UNSTACK BLOCK11 BLOCK13
       77: STACK BLOCK11 BLOCK9
       78: UNSTACK BLOCK5 BLOCK8
       79: STACK BLOCK5 BLOCK11
       80: UNSTACK BLOCK16 BLOCK4
       81: STACK BLOCK16 BLOCK12
       82: PICK-UP BLOCK4
       83: STACK BLOCK4 BLOCK8
     

time spent:    0.00 seconds instantiating 1200 easy, 0 hard action templates
               0.00 seconds reachability analysis, yielding 649 facts and 1200 actions
               0.00 seconds creating final representation with 649 relevant facts, 0 relevant fluents
               0.00 seconds computing LNF
               0.00 seconds building connectivity graph
               3.02 seconds searching, evaluating 65821 states, to a max depth of 10
               3.02 seconds total time

