
ff: parsing domain file
domain 'SATELLITE' defined
 ... done.
ff: parsing problem file
problem 'STRIPS-SAT-X-1' defined
 ... done.


no metric specified. plan length assumed.

checking for cyclic := effects --- OK.

ff: search configuration is EHC, if that fails then  best-first on 1*g(s) + 5*h(s) where
    metric is  plan length

Cueing down from goal distance:   13 into depth [1]
                                  12            [1]
                                  11            [1]
                                  10            [1]
                                   9            [1]
                                   8            [1]
                                   7            [1]
                                   6            [1]
                                   5            [1]
                                   4            [1]
                                   3            [1][2]
                                   2            [1]
                                   1            [1]
                                   0            

ff: found legal plan as follows

step    0: TURN_TO SATELLITE1 GROUNDSTATION27 STAR72
        1: SWITCH_ON INSTRUMENT10 SATELLITE1
        2: CALIBRATE SATELLITE1 INSTRUMENT10 GROUNDSTATION27
        3: TURN_TO SATELLITE1 PHENOMENON91 GROUNDSTATION27
        4: SWITCH_ON INSTRUMENT46 SATELLITE9
        5: TURN_TO SATELLITE0 GROUNDSTATION45 STAR36
        6: TURN_TO SATELLITE4 STAR72 STAR90
        7: TURN_TO SATELLITE7 STAR29 STAR41
        8: TAKE_IMAGE SATELLITE1 PHENOMENON91 INSTRUMENT10 SPECTROGRAPH1
        9: TURN_TO SATELLITE1 STAR88 PHENOMENON91
       10: TURN_TO SATELLITE9 STAR25 PLANET92
       11: CALIBRATE SATELLITE9 INSTRUMENT46 STAR25
       12: TURN_TO SATELLITE9 PLANET92 STAR25
       13: TAKE_IMAGE SATELLITE9 PLANET92 INSTRUMENT46 THERMOGRAPH4
     

time spent:    0.00 seconds instantiating 95238 easy, 0 hard action templates
               0.01 seconds reachability analysis, yielding 1499 facts and 95238 actions
               0.02 seconds creating final representation with 1499 relevant facts, 0 relevant fluents
               0.11 seconds computing LNF
               0.04 seconds building connectivity graph
               0.14 seconds searching, evaluating 27 states, to a max depth of 2
               0.32 seconds total time

