
ff: parsing domain file
domain 'SATELLITE' defined
 ... done.
ff: parsing problem file
problem 'STRIPS-SAT-X-1' defined
 ... done.


no metric specified. plan length assumed.

checking for cyclic := effects --- OK.

ff: search configuration is EHC, if that fails then  best-first on 1*g(s) + 5*h(s) where
    metric is  plan length

Cueing down from goal distance:    8 into depth [1]
                                   7            [1]
                                   6            [1]
                                   5            [1]
                                   4            [1]
                                   3            [1]
                                   2            [1]
                                   1            [1]
                                   0            

ff: found legal plan as follows

step    0: TURN_TO SATELLITE0 GROUNDSTATION82 STAR74
        1: SWITCH_ON INSTRUMENT4 SATELLITE0
        2: CALIBRATE SATELLITE0 INSTRUMENT4 GROUNDSTATION82
        3: TURN_TO SATELLITE0 PHENOMENON92 GROUNDSTATION82
        4: TURN_TO SATELLITE2 GROUNDSTATION84 GROUNDSTATION37
        5: TURN_TO SATELLITE5 GROUNDSTATION20 GROUNDSTATION36
        6: TURN_TO SATELLITE7 STAR68 GROUNDSTATION88
        7: TAKE_IMAGE SATELLITE0 PHENOMENON92 INSTRUMENT4 IMAGE1
     

time spent:    0.00 seconds instantiating 99062 easy, 0 hard action templates
               0.00 seconds reachability analysis, yielding 1525 facts and 99062 actions
               0.03 seconds creating final representation with 1525 relevant facts, 0 relevant fluents
               0.14 seconds computing LNF
               0.05 seconds building connectivity graph
               0.04 seconds searching, evaluating 9 states, to a max depth of 1
               0.26 seconds total time

