
ff: parsing domain file
domain 'SATELLITE' defined
 ... done.
ff: parsing problem file
problem 'STRIPS-SAT-X-1' defined
 ... done.


no metric specified. plan length assumed.

checking for cyclic := effects --- OK.

ff: search configuration is EHC, if that fails then  best-first on 1*g(s) + 5*h(s) where
    metric is  plan length

Cueing down from goal distance:   13 into depth [1]
                                  12            [1]
                                  11            [1]
                                  10            [1]
                                   9            [1]
                                   8            [1]
                                   7            [1]
                                   6            [1]
                                   5            [1]
                                   4            [1]
                                   3            [1]
                                   2            [1]
                                   1            [1]
                                   0            

ff: found legal plan as follows

step    0: TURN_TO SATELLITE0 GROUNDSTATION58 GROUNDSTATION46
        1: SWITCH_ON INSTRUMENT3 SATELLITE1
        2: CALIBRATE SATELLITE1 INSTRUMENT3 STAR86
        3: TURN_TO SATELLITE1 PHENOMENON91 STAR86
        4: SWITCH_ON INSTRUMENT1 SATELLITE0
        5: CALIBRATE SATELLITE0 INSTRUMENT1 GROUNDSTATION58
        6: TURN_TO SATELLITE0 STAR92 GROUNDSTATION58
        7: TURN_TO SATELLITE3 STAR41 STAR21
        8: TURN_TO SATELLITE4 STAR74 STAR62
        9: TURN_TO SATELLITE5 GROUNDSTATION60 STAR79
       10: TURN_TO SATELLITE9 GROUNDSTATION88 GROUNDSTATION59
       11: TAKE_IMAGE SATELLITE1 PHENOMENON91 INSTRUMENT3 THERMOGRAPH4
       12: TAKE_IMAGE SATELLITE0 STAR92 INSTRUMENT1 IMAGE3
     

time spent:    0.00 seconds instantiating 95625 easy, 0 hard action templates
               0.00 seconds reachability analysis, yielding 1503 facts and 95625 actions
               0.02 seconds creating final representation with 1503 relevant facts, 0 relevant fluents
               0.11 seconds computing LNF
               0.04 seconds building connectivity graph
               0.03 seconds searching, evaluating 14 states, to a max depth of 1
               0.20 seconds total time

