
ff: parsing domain file
domain 'SATELLITE' defined
 ... done.
ff: parsing problem file
problem 'STRIPS-SAT-X-1' defined
 ... done.


no metric specified. plan length assumed.

checking for cyclic := effects --- OK.

ff: search configuration is EHC, if that fails then  best-first on 1*g(s) + 5*h(s) where
    metric is  plan length

Cueing down from goal distance:   14 into depth [1]
                                  13            [1]
                                  12            [1]
                                  11            [1]
                                  10            [1]
                                   9            [1][2]
                                   8            [1]
                                   7            [1]
                                   6            [1]
                                   5            [1]
                                   4            [1]
                                   3            [1]
                                   2            [1]
                                   1            [1]
                                   0            

ff: found legal plan as follows

step    0: TURN_TO SATELLITE0 GROUNDSTATION59 STAR17
        1: TURN_TO SATELLITE3 GROUNDSTATION68 STAR39
        2: TURN_TO SATELLITE4 GROUNDSTATION83 STAR32
        3: TURN_TO SATELLITE6 STAR87 STAR74
        4: TURN_TO SATELLITE8 STAR13 STAR11
        5: TURN_TO SATELLITE0 STAR73 GROUNDSTATION59
        6: SWITCH_ON INSTRUMENT1 SATELLITE0
        7: TURN_TO SATELLITE1 STAR30 STAR11
        8: CALIBRATE SATELLITE0 INSTRUMENT1 STAR73
        9: SWITCH_ON INSTRUMENT4 SATELLITE1
       10: CALIBRATE SATELLITE1 INSTRUMENT4 STAR30
       11: TURN_TO SATELLITE1 PLANET91 STAR30
       12: TURN_TO SATELLITE0 STAR92 STAR73
       13: TAKE_IMAGE SATELLITE1 PLANET91 INSTRUMENT4 SPECTROGRAPH3
       14: TAKE_IMAGE SATELLITE0 STAR92 INSTRUMENT1 SPECTROGRAPH0
     

time spent:    0.00 seconds instantiating 98028 easy, 0 hard action templates
               0.00 seconds reachability analysis, yielding 1513 facts and 98028 actions
               0.02 seconds creating final representation with 1513 relevant facts, 0 relevant fluents
               0.13 seconds computing LNF
               0.04 seconds building connectivity graph
               0.20 seconds searching, evaluating 41 states, to a max depth of 2
               0.39 seconds total time

