
ff: parsing domain file
domain 'BLOCKS' defined
 ... done.
ff: parsing problem file
problem 'PB6' defined
 ... done.


no metric specified. plan length assumed.

checking for cyclic := effects --- OK.

ff: search configuration is EHC, if that fails then  best-first on 1*g(s) + 5*h(s) where
    metric is  plan length

Cueing down from goal distance:   20 into depth [1]
                                  19            [1][2]
                                  18            [1][2][3]
                                  17            [1]
                                  16            [1]
                                  15            [1]
                                  14            [1][2][3][4][5]
                                  13            [1]
                                  12            [1]
                                  11            [1][2][3][4]
                                  10            [1][2]
                                   8            [1]
                                   7            [1][2][3]
                                   5            [1][2][3][4][5][6][7][8][9][10]
                                   4            [1]
                                   3            [1]
                                   2            [1]
                                   1            [1]
                                   0            

ff: found legal plan as follows

step    0: UNSTACK BLOCK1 BLOCK3
        1: STACK BLOCK1 BLOCK9
        2: PICK-UP BLOCK3
        3: STACK BLOCK3 BLOCK13
        4: UNSTACK BLOCK2 BLOCK10
        5: STACK BLOCK2 BLOCK8
        6: UNSTACK BLOCK10 BLOCK12
        7: PUT-DOWN BLOCK10
        8: PICK-UP BLOCK12
        9: STACK BLOCK12 BLOCK1
       10: UNSTACK BLOCK3 BLOCK13
       11: STACK BLOCK3 BLOCK12
       12: UNSTACK BLOCK13 BLOCK4
       13: STACK BLOCK13 BLOCK6
       14: UNSTACK BLOCK3 BLOCK12
       15: STACK BLOCK3 BLOCK13
       16: UNSTACK BLOCK2 BLOCK8
       17: STACK BLOCK2 BLOCK12
       18: UNSTACK BLOCK8 BLOCK11
       19: STACK BLOCK8 BLOCK10
       20: UNSTACK BLOCK2 BLOCK12
       21: STACK BLOCK2 BLOCK8
       22: UNSTACK BLOCK11 BLOCK5
       23: STACK BLOCK11 BLOCK12
       24: PICK-UP BLOCK5
       25: STACK BLOCK5 BLOCK3
       26: UNSTACK BLOCK11 BLOCK12
       27: STACK BLOCK11 BLOCK7
       28: UNSTACK BLOCK12 BLOCK1
       29: STACK BLOCK12 BLOCK11
       30: UNSTACK BLOCK1 BLOCK9
       31: STACK BLOCK1 BLOCK12
       32: PICK-UP BLOCK9
       33: STACK BLOCK9 BLOCK4
       34: UNSTACK BLOCK1 BLOCK12
       35: STACK BLOCK1 BLOCK9
       36: UNSTACK BLOCK12 BLOCK11
       37: STACK BLOCK12 BLOCK1
       38: UNSTACK BLOCK11 BLOCK7
       39: STACK BLOCK11 BLOCK12
     

time spent:    0.00 seconds instantiating 364 easy, 0 hard action templates
               0.00 seconds reachability analysis, yielding 209 facts and 364 actions
               0.00 seconds creating final representation with 209 relevant facts, 0 relevant fluents
               0.00 seconds computing LNF
               0.00 seconds building connectivity graph
               0.02 seconds searching, evaluating 3241 states, to a max depth of 10
               0.02 seconds total time

