
ff: parsing domain file
domain 'BLOCKS' defined
 ... done.
ff: parsing problem file
problem 'PB4' defined
 ... done.


no metric specified. plan length assumed.

checking for cyclic := effects --- OK.

ff: search configuration is EHC, if that fails then  best-first on 1*g(s) + 5*h(s) where
    metric is  plan length

Cueing down from goal distance:   26 into depth [1]
                                  25            [1]
                                  24            [1]
                                  23            [1]
                                  22            [1][2][3]
                                  21            [1]
                                  20            [1][2][3]
                                  19            [1][2]
                                  18            [1][2][3][4][5]
                                  17            [1][2][3]
                                  16            [1]
                                  15            [1][2][3]
                                  14            [1][2][3][4][5][6][7][8]
                                  13            [1]
                                  12            [1]
                                  11            [1][2]
                                  10            [1]
                                   9            [1][2]
                                   7            [1][2][3][4]
                                   6            [1]
                                   5            [1]
                                   4            [1][2]
                                   2            [1][2]
                                   0            

ff: found legal plan as follows

step    0: UNSTACK BLOCK1 BLOCK3
        1: PUT-DOWN BLOCK1
        2: UNSTACK BLOCK13 BLOCK5
        3: STACK BLOCK13 BLOCK1
        4: UNSTACK BLOCK3 BLOCK10
        5: STACK BLOCK3 BLOCK13
        6: UNSTACK BLOCK10 BLOCK9
        7: PUT-DOWN BLOCK10
        8: UNSTACK BLOCK7 BLOCK6
        9: STACK BLOCK7 BLOCK10
       10: UNSTACK BLOCK6 BLOCK4
       11: STACK BLOCK6 BLOCK9
       12: PICK-UP BLOCK5
       13: STACK BLOCK5 BLOCK6
       14: UNSTACK BLOCK7 BLOCK10
       15: STACK BLOCK7 BLOCK5
       16: UNSTACK BLOCK4 BLOCK8
       17: STACK BLOCK4 BLOCK10
       18: UNSTACK BLOCK7 BLOCK5
       19: STACK BLOCK7 BLOCK8
       20: UNSTACK BLOCK5 BLOCK6
       21: STACK BLOCK5 BLOCK4
       22: UNSTACK BLOCK7 BLOCK8
       23: STACK BLOCK7 BLOCK5
       24: PICK-UP BLOCK8
       25: STACK BLOCK8 BLOCK7
       26: UNSTACK BLOCK6 BLOCK9
       27: STACK BLOCK6 BLOCK8
       28: UNSTACK BLOCK3 BLOCK13
       29: PUT-DOWN BLOCK3
       30: UNSTACK BLOCK9 BLOCK12
       31: STACK BLOCK9 BLOCK13
       32: UNSTACK BLOCK6 BLOCK8
       33: STACK BLOCK6 BLOCK9
       34: UNSTACK BLOCK12 BLOCK11
       35: STACK BLOCK12 BLOCK8
       36: UNSTACK BLOCK11 BLOCK2
       37: PUT-DOWN BLOCK11
       38: PICK-UP BLOCK3
       39: STACK BLOCK3 BLOCK11
       40: UNSTACK BLOCK12 BLOCK8
       41: STACK BLOCK12 BLOCK2
       42: UNSTACK BLOCK8 BLOCK7
       43: STACK BLOCK8 BLOCK6
       44: UNSTACK BLOCK12 BLOCK2
       45: STACK BLOCK12 BLOCK8
       46: UNSTACK BLOCK7 BLOCK5
       47: STACK BLOCK7 BLOCK12
       48: PICK-UP BLOCK2
       49: STACK BLOCK2 BLOCK5
     

time spent:    0.00 seconds instantiating 364 easy, 0 hard action templates
               0.00 seconds reachability analysis, yielding 209 facts and 364 actions
               0.00 seconds creating final representation with 209 relevant facts, 0 relevant fluents
               0.00 seconds computing LNF
               0.00 seconds building connectivity graph
               0.02 seconds searching, evaluating 1927 states, to a max depth of 8
               0.02 seconds total time

