
ff: parsing domain file
domain 'SATELLITE' defined
 ... done.
ff: parsing problem file
problem 'STRIPS-SAT-X-1' defined
 ... done.


no metric specified. plan length assumed.

checking for cyclic := effects --- OK.

ff: search configuration is EHC, if that fails then  best-first on 1*g(s) + 5*h(s) where
    metric is  plan length

Cueing down from goal distance:   12 into depth [1]
                                  11            [1]
                                  10            [1]
                                   7            [1]
                                   6            [1]
                                   5            [1]
                                   4            [1]
                                   3            [1]
                                   2            [1]
                                   1            [1]
                                   0            

ff: found legal plan as follows

step    0: TURN_TO SATELLITE1 STAR173 STAR131
        1: TURN_TO SATELLITE0 STAR186 STAR44
        2: SWITCH_ON INSTRUMENT5 SATELLITE1
        3: CALIBRATE SATELLITE1 INSTRUMENT5 STAR173
        4: TURN_TO SATELLITE1 STAR190 STAR173
        5: TURN_TO SATELLITE9 GROUNDSTATION178 GROUNDSTATION4
        6: TAKE_IMAGE SATELLITE1 STAR190 INSTRUMENT5 THERMOGRAPH4
        7: TURN_TO SATELLITE1 PHENOMENON191 STAR190
        8: TAKE_IMAGE SATELLITE1 PHENOMENON191 INSTRUMENT5 INFRARED1
        9: TURN_TO SATELLITE1 STAR172 PHENOMENON191
     

time spent:    0.01 seconds instantiating 387323 easy, 0 hard action templates
               0.03 seconds reachability analysis, yielding 2980 facts and 387323 actions
               0.06 seconds creating final representation with 2980 relevant facts, 0 relevant fluents
               0.47 seconds computing LNF
               0.16 seconds building connectivity graph
               0.40 seconds searching, evaluating 17 states, to a max depth of 1
               1.13 seconds total time

