
ff: parsing domain file
domain 'SATELLITE' defined
 ... done.
ff: parsing problem file
problem 'STRIPS-SAT-X-1' defined
 ... done.


no metric specified. plan length assumed.

checking for cyclic := effects --- OK.

ff: search configuration is EHC, if that fails then  best-first on 1*g(s) + 5*h(s) where
    metric is  plan length

Cueing down from goal distance:   10 into depth [1]
                                   9            [1]
                                   8            [1]
                                   7            [1]
                                   6            [1]
                                   5            [1]
                                   4            [1]
                                   3            [1]
                                   2            [1]
                                   1            [1]
                                   0            

ff: found legal plan as follows

step    0: TURN_TO SATELLITE0 GROUNDSTATION102 GROUNDSTATION124
        1: SWITCH_ON INSTRUMENT1 SATELLITE0
        2: CALIBRATE SATELLITE0 INSTRUMENT1 GROUNDSTATION102
        3: TURN_TO SATELLITE0 STAR190 GROUNDSTATION102
        4: TURN_TO SATELLITE1 GROUNDSTATION60 GROUNDSTATION108
        5: TURN_TO SATELLITE5 GROUNDSTATION119 STAR174
        6: TURN_TO SATELLITE7 STAR125 STAR86
        7: TAKE_IMAGE SATELLITE0 STAR190 INSTRUMENT1 INFRARED2
        8: TURN_TO SATELLITE0 PHENOMENON191 STAR190
        9: TAKE_IMAGE SATELLITE0 PHENOMENON191 INSTRUMENT1 INFRARED2
     

time spent:    0.01 seconds instantiating 394192 easy, 0 hard action templates
               0.03 seconds reachability analysis, yielding 3004 facts and 394192 actions
               0.07 seconds creating final representation with 3004 relevant facts, 0 relevant fluents
               0.45 seconds computing LNF
               0.17 seconds building connectivity graph
               0.49 seconds searching, evaluating 17 states, to a max depth of 1
               1.22 seconds total time

