
ff: parsing domain file
domain 'SATELLITE' defined
 ... done.
ff: parsing problem file
problem 'STRIPS-SAT-X-1' defined
 ... done.


no metric specified. plan length assumed.

checking for cyclic := effects --- OK.

ff: search configuration is EHC, if that fails then  best-first on 1*g(s) + 5*h(s) where
    metric is  plan length

Cueing down from goal distance:   14 into depth [1]
                                  13            [1]
                                  12            [1]
                                  11            [1]
                                  10            [1]
                                   9            [1]
                                   8            [1]
                                   7            [1]
                                   6            [1]
                                   5            [1]
                                   4            [1]
                                   3            [1]
                                   2            [1]
                                   1            [1]
                                   0            

ff: found legal plan as follows

step    0: TURN_TO SATELLITE0 GROUNDSTATION70 STAR72
        1: TURN_TO SATELLITE0 STAR8 GROUNDSTATION70
        2: SWITCH_ON INSTRUMENT0 SATELLITE0
        3: CALIBRATE SATELLITE0 INSTRUMENT0 STAR8
        4: TURN_TO SATELLITE0 STAR190 STAR8
        5: SWITCH_ON INSTRUMENT9 SATELLITE1
        6: CALIBRATE SATELLITE1 INSTRUMENT9 STAR45
        7: TURN_TO SATELLITE1 PHENOMENON191 STAR45
        8: TURN_TO SATELLITE7 GROUNDSTATION75 GROUNDSTATION131
        9: TURN_TO SATELLITE9 STAR1 GROUNDSTATION29
       10: TAKE_IMAGE SATELLITE0 STAR190 INSTRUMENT0 THERMOGRAPH2
       11: TURN_TO SATELLITE0 STAR116 STAR190
       12: TAKE_IMAGE SATELLITE1 PHENOMENON191 INSTRUMENT9 INFRARED3
       13: TURN_TO SATELLITE1 STAR74 PHENOMENON191
     

time spent:    0.01 seconds instantiating 387733 easy, 0 hard action templates
               0.04 seconds reachability analysis, yielding 2986 facts and 387733 actions
               0.07 seconds creating final representation with 2986 relevant facts, 0 relevant fluents
               0.45 seconds computing LNF
               0.16 seconds building connectivity graph
               0.44 seconds searching, evaluating 22 states, to a max depth of 1
               1.17 seconds total time

