
ff: parsing domain file
domain 'SATELLITE' defined
 ... done.
ff: parsing problem file
problem 'STRIPS-SAT-X-1' defined
 ... done.


no metric specified. plan length assumed.

checking for cyclic := effects --- OK.

ff: search configuration is EHC, if that fails then  best-first on 1*g(s) + 5*h(s) where
    metric is  plan length

Cueing down from goal distance:   12 into depth [1]
                                  11            [1]
                                  10            [1]
                                   9            [1]
                                   8            [1]
                                   7            [1]
                                   6            [1]
                                   5            [1]
                                   4            [1]
                                   3            [1]
                                   2            [1]
                                   1            [1]
                                   0            

ff: found legal plan as follows

step    0: TURN_TO SATELLITE0 STAR81 GROUNDSTATION113
        1: SWITCH_ON INSTRUMENT1 SATELLITE0
        2: CALIBRATE SATELLITE0 INSTRUMENT1 STAR81
        3: TURN_TO SATELLITE0 PLANET138 STAR81
        4: TURN_TO SATELLITE1 STAR19 STAR38
        5: TURN_TO SATELLITE4 GROUNDSTATION62 STAR81
        6: TURN_TO SATELLITE6 STAR124 GROUNDSTATION128
        7: TURN_TO SATELLITE7 STAR49 GROUNDSTATION68
        8: TURN_TO SATELLITE8 STAR23 STAR44
        9: TURN_TO SATELLITE9 GROUNDSTATION0 STAR23
       10: TAKE_IMAGE SATELLITE0 PLANET138 INSTRUMENT1 INFRARED4
       11: TURN_TO SATELLITE0 STAR30 PLANET138
     

time spent:    0.00 seconds instantiating 211851 easy, 0 hard action templates
               0.02 seconds reachability analysis, yielding 2221 facts and 211851 actions
               0.05 seconds creating final representation with 2221 relevant facts, 0 relevant fluents
               0.24 seconds computing LNF
               0.08 seconds building connectivity graph
               0.15 seconds searching, evaluating 20 states, to a max depth of 1
               0.54 seconds total time

