
ff: parsing domain file
domain 'SATELLITE' defined
 ... done.
ff: parsing problem file
problem 'STRIPS-SAT-X-1' defined
 ... done.


no metric specified. plan length assumed.

checking for cyclic := effects --- OK.

ff: search configuration is EHC, if that fails then  best-first on 1*g(s) + 5*h(s) where
    metric is  plan length

Cueing down from goal distance:   13 into depth [1]
                                  12            [1]
                                  11            [1]
                                  10            [1]
                                   9            [1]
                                   8            [1]
                                   7            [1]
                                   6            [1]
                                   5            [1]
                                   4            [1]
                                   3            [1]
                                   2            [1]
                                   1            [1]
                                   0            

ff: found legal plan as follows

step    0: TURN_TO SATELLITE0 STAR120 STAR46
        1: SWITCH_ON INSTRUMENT2 SATELLITE0
        2: CALIBRATE SATELLITE0 INSTRUMENT2 STAR120
        3: TURN_TO SATELLITE0 STAR137 STAR120
        4: TURN_TO SATELLITE1 STAR8 STAR59
        5: TURN_TO SATELLITE3 STAR137 STAR14
        6: TURN_TO SATELLITE5 STAR63 GROUNDSTATION110
        7: TURN_TO SATELLITE6 STAR18 GROUNDSTATION16
        8: TURN_TO SATELLITE8 GROUNDSTATION124 GROUNDSTATION62
        9: TURN_TO SATELLITE9 STAR8 STAR55
       10: TAKE_IMAGE SATELLITE0 STAR137 INSTRUMENT2 SPECTROGRAPH0
       11: TURN_TO SATELLITE0 PLANET138 STAR137
       12: TAKE_IMAGE SATELLITE0 PLANET138 INSTRUMENT2 SPECTROGRAPH0
     

time spent:    0.00 seconds instantiating 207431 easy, 0 hard action templates
               0.02 seconds reachability analysis, yielding 2191 facts and 207431 actions
               0.04 seconds creating final representation with 2191 relevant facts, 0 relevant fluents
               0.23 seconds computing LNF
               0.08 seconds building connectivity graph
               0.32 seconds searching, evaluating 23 states, to a max depth of 1
               0.69 seconds total time

