
ff: parsing domain file
domain 'SATELLITE' defined
 ... done.
ff: parsing problem file
problem 'STRIPS-SAT-X-1' defined
 ... done.


no metric specified. plan length assumed.

checking for cyclic := effects --- OK.

ff: search configuration is EHC, if that fails then  best-first on 1*g(s) + 5*h(s) where
    metric is  plan length

Cueing down from goal distance:   11 into depth [1]
                                  10            [1]
                                   9            [1]
                                   8            [1]
                                   7            [1]
                                   6            [1]
                                   5            [1]
                                   4            [1]
                                   3            [1]
                                   2            [1]
                                   1            [1]
                                   0            

ff: found legal plan as follows

step    0: TURN_TO SATELLITE0 STAR125 GROUNDSTATION24
        1: SWITCH_ON INSTRUMENT2 SATELLITE0
        2: CALIBRATE SATELLITE0 INSTRUMENT2 STAR125
        3: TURN_TO SATELLITE0 PLANET137 STAR125
        4: TURN_TO SATELLITE1 GROUNDSTATION88 GROUNDSTATION22
        5: TURN_TO SATELLITE3 STAR19 GROUNDSTATION61
        6: TURN_TO SATELLITE5 STAR32 GROUNDSTATION94
        7: TURN_TO SATELLITE7 STAR45 GROUNDSTATION78
        8: TURN_TO SATELLITE9 GROUNDSTATION93 STAR0
        9: TAKE_IMAGE SATELLITE0 PLANET137 INSTRUMENT2 SPECTROGRAPH2
       10: TURN_TO SATELLITE0 STAR97 PLANET137
     

time spent:    0.01 seconds instantiating 208840 easy, 0 hard action templates
               0.01 seconds reachability analysis, yielding 2199 facts and 208840 actions
               0.03 seconds creating final representation with 2199 relevant facts, 0 relevant fluents
               0.24 seconds computing LNF
               0.09 seconds building connectivity graph
               0.20 seconds searching, evaluating 18 states, to a max depth of 1
               0.58 seconds total time

