
ff: parsing domain file
domain 'SATELLITE' defined
 ... done.
ff: parsing problem file
problem 'STRIPS-SAT-X-1' defined
 ... done.


no metric specified. plan length assumed.

checking for cyclic := effects --- OK.

ff: search configuration is EHC, if that fails then  best-first on 1*g(s) + 5*h(s) where
    metric is  plan length

Cueing down from goal distance:   14 into depth [1]
                                  13            [1]
                                  12            [1]
                                  11            [1]
                                  10            [1]
                                   9            [1]
                                   8            [1]
                                   7            [1]
                                   6            [1]
                                   5            [1]
                                   4            [1]
                                   3            [1]
                                   2            [1]
                                   1            [1]
                                   0            

ff: found legal plan as follows

step    0: TURN_TO SATELLITE0 STAR38 STAR10
        1: SWITCH_ON INSTRUMENT2 SATELLITE0
        2: TURN_TO SATELLITE1 STAR72 STAR135
        3: CALIBRATE SATELLITE0 INSTRUMENT2 STAR38
        4: TURN_TO SATELLITE0 PLANET137 STAR38
        5: SWITCH_ON INSTRUMENT5 SATELLITE1
        6: CALIBRATE SATELLITE1 INSTRUMENT5 STAR72
        7: TURN_TO SATELLITE1 PLANET138 STAR72
        8: TURN_TO SATELLITE4 GROUNDSTATION29 STAR121
        9: TURN_TO SATELLITE7 GROUNDSTATION21 GROUNDSTATION36
       10: TURN_TO SATELLITE8 STAR74 STAR23
       11: TURN_TO SATELLITE9 STAR77 GROUNDSTATION109
       12: TAKE_IMAGE SATELLITE0 PLANET137 INSTRUMENT2 INFRARED4
       13: TAKE_IMAGE SATELLITE1 PLANET138 INSTRUMENT5 INFRARED1
     

time spent:    0.00 seconds instantiating 206903 easy, 0 hard action templates
               0.02 seconds reachability analysis, yielding 2183 facts and 206903 actions
               0.04 seconds creating final representation with 2183 relevant facts, 0 relevant fluents
               0.26 seconds computing LNF
               0.09 seconds building connectivity graph
               0.17 seconds searching, evaluating 16 states, to a max depth of 1
               0.58 seconds total time

