
ff: parsing domain file
domain 'SATELLITE' defined
 ... done.
ff: parsing problem file
problem 'STRIPS-SAT-X-1' defined
 ... done.


no metric specified. plan length assumed.

checking for cyclic := effects --- OK.

ff: search configuration is EHC, if that fails then  best-first on 1*g(s) + 5*h(s) where
    metric is  plan length

Cueing down from goal distance:   15 into depth [1]
                                  13            [1]
                                  12            [1]
                                  11            [1]
                                  10            [1]
                                   9            [1]
                                   8            [1]
                                   7            [1]
                                   6            [1]
                                   5            [1]
                                   4            [1]
                                   3            [1]
                                   2            [1]
                                   1            [1]
                                   0            

ff: found legal plan as follows

step    0: TURN_TO SATELLITE7 GROUNDSTATION105 PHENOMENON137
        1: TURN_TO SATELLITE0 GROUNDSTATION58 GROUNDSTATION18
        2: SWITCH_ON INSTRUMENT0 SATELLITE0
        3: CALIBRATE SATELLITE0 INSTRUMENT0 GROUNDSTATION58
        4: TURN_TO SATELLITE0 PHENOMENON137 GROUNDSTATION58
        5: TURN_TO SATELLITE4 STAR77 GROUNDSTATION15
        6: TURN_TO SATELLITE6 GROUNDSTATION118 GROUNDSTATION37
        7: TURN_TO SATELLITE7 STAR41 GROUNDSTATION105
        8: TURN_TO SATELLITE8 STAR45 GROUNDSTATION84
        9: TURN_TO SATELLITE9 GROUNDSTATION83 GROUNDSTATION58
       10: TAKE_IMAGE SATELLITE0 PHENOMENON137 INSTRUMENT0 IMAGE3
       11: TURN_TO SATELLITE0 STAR138 PHENOMENON137
       12: TAKE_IMAGE SATELLITE0 STAR138 INSTRUMENT0 IMAGE3
       13: TURN_TO SATELLITE0 GROUNDSTATION53 STAR138
     

time spent:    0.00 seconds instantiating 211522 easy, 0 hard action templates
               0.02 seconds reachability analysis, yielding 2213 facts and 211522 actions
               0.05 seconds creating final representation with 2213 relevant facts, 0 relevant fluents
               0.27 seconds computing LNF
               0.10 seconds building connectivity graph
               0.33 seconds searching, evaluating 30 states, to a max depth of 1
               0.77 seconds total time

