
ff: parsing domain file
domain 'SATELLITE' defined
 ... done.
ff: parsing problem file
problem 'STRIPS-SAT-X-1' defined
 ... done.


no metric specified. plan length assumed.

checking for cyclic := effects --- OK.

ff: search configuration is EHC, if that fails then  best-first on 1*g(s) + 5*h(s) where
    metric is  plan length

Cueing down from goal distance:   11 into depth [1]
                                  10            [1]
                                   9            [1]
                                   8            [1]
                                   7            [1]
                                   6            [1]
                                   5            [1]
                                   4            [1]
                                   3            [1]
                                   2            [1]
                                   1            [1]
                                   0            

ff: found legal plan as follows

step    0: TURN_TO SATELLITE0 STAR63 GROUNDSTATION3
        1: SWITCH_ON INSTRUMENT0 SATELLITE0
        2: CALIBRATE SATELLITE0 INSTRUMENT0 STAR63
        3: TURN_TO SATELLITE0 PLANET137 STAR63
        4: TURN_TO SATELLITE2 GROUNDSTATION106 GROUNDSTATION103
        5: TURN_TO SATELLITE3 GROUNDSTATION28 STAR121
        6: TURN_TO SATELLITE5 STAR83 GROUNDSTATION85
        7: TURN_TO SATELLITE6 STAR128 STAR105
        8: TAKE_IMAGE SATELLITE0 PLANET137 INSTRUMENT0 INFRARED2
        9: TURN_TO SATELLITE0 STAR138 PLANET137
       10: TAKE_IMAGE SATELLITE0 STAR138 INSTRUMENT0 THERMOGRAPH0
     

time spent:    0.00 seconds instantiating 206815 easy, 0 hard action templates
               0.02 seconds reachability analysis, yielding 2193 facts and 206815 actions
               0.03 seconds creating final representation with 2193 relevant facts, 0 relevant fluents
               0.23 seconds computing LNF
               0.09 seconds building connectivity graph
               0.23 seconds searching, evaluating 19 states, to a max depth of 1
               0.60 seconds total time

