
ff: parsing domain file
domain 'SATELLITE' defined
 ... done.
ff: parsing problem file
problem 'STRIPS-SAT-X-1' defined
 ... done.


no metric specified. plan length assumed.

checking for cyclic := effects --- OK.

ff: search configuration is EHC, if that fails then  best-first on 1*g(s) + 5*h(s) where
    metric is  plan length

Cueing down from goal distance:   16 into depth [1]
                                  15            [1]
                                  14            [1]
                                  13            [1]
                                  12            [1]
                                  11            [1]
                                  10            [1]
                                   9            [1]
                                   8            [1]
                                   7            [1]
                                   6            [1]
                                   5            [1]
                                   4            [1]
                                   3            [1]
                                   2            [1]
                                   1            [1]
                                   0            

ff: found legal plan as follows

step    0: TURN_TO SATELLITE0 GROUNDSTATION38 STAR28
        1: SWITCH_ON INSTRUMENT1 SATELLITE0
        2: TURN_TO SATELLITE1 STAR35 GROUNDSTATION12
        3: CALIBRATE SATELLITE0 INSTRUMENT1 GROUNDSTATION38
        4: TURN_TO SATELLITE0 PHENOMENON47 GROUNDSTATION38
        5: SWITCH_ON INSTRUMENT6 SATELLITE1
        6: CALIBRATE SATELLITE1 INSTRUMENT6 STAR35
        7: TURN_TO SATELLITE1 PLANET48 STAR35
        8: TURN_TO SATELLITE3 STAR23 STAR44
        9: TURN_TO SATELLITE5 PHENOMENON47 STAR26
       10: TURN_TO SATELLITE7 GROUNDSTATION4 STAR23
       11: TURN_TO SATELLITE8 GROUNDSTATION2 GROUNDSTATION17
       12: TURN_TO SATELLITE9 GROUNDSTATION14 STAR30
       13: TAKE_IMAGE SATELLITE0 PHENOMENON47 INSTRUMENT1 SPECTROGRAPH2
       14: TURN_TO SATELLITE0 GROUNDSTATION1 PHENOMENON47
       15: TAKE_IMAGE SATELLITE1 PLANET48 INSTRUMENT6 IMAGE3
     

time spent:    0.00 seconds instantiating 29519 easy, 0 hard action templates
               0.00 seconds reachability analysis, yielding 855 facts and 29519 actions
               0.00 seconds creating final representation with 855 relevant facts, 0 relevant fluents
               0.04 seconds computing LNF
               0.01 seconds building connectivity graph
               0.01 seconds searching, evaluating 24 states, to a max depth of 1
               0.06 seconds total time

