
ff: parsing domain file
domain 'SATELLITE' defined
 ... done.
ff: parsing problem file
problem 'STRIPS-SAT-X-1' defined
 ... done.


no metric specified. plan length assumed.

checking for cyclic := effects --- OK.

ff: search configuration is EHC, if that fails then  best-first on 1*g(s) + 5*h(s) where
    metric is  plan length

Cueing down from goal distance:   12 into depth [1]
                                  11            [1]
                                  10            [1]
                                   9            [1]
                                   8            [1]
                                   7            [1]
                                   6            [1]
                                   5            [1]
                                   4            [1]
                                   3            [1][2]
                                   2            [1]
                                   1            [1]
                                   0            

ff: found legal plan as follows

step    0: TURN_TO SATELLITE0 GROUNDSTATION38 STAR14
        1: SWITCH_ON INSTRUMENT7 SATELLITE2
        2: SWITCH_ON INSTRUMENT3 SATELLITE0
        3: CALIBRATE SATELLITE0 INSTRUMENT3 GROUNDSTATION38
        4: TURN_TO SATELLITE0 STAR48 GROUNDSTATION38
        5: TURN_TO SATELLITE7 STAR34 STAR31
        6: TURN_TO SATELLITE8 STAR2 GROUNDSTATION35
        7: TURN_TO SATELLITE9 GROUNDSTATION15 STAR27
        8: TAKE_IMAGE SATELLITE0 STAR48 INSTRUMENT3 THERMOGRAPH3
        9: TURN_TO SATELLITE2 GROUNDSTATION11 PLANET47
       10: CALIBRATE SATELLITE2 INSTRUMENT7 GROUNDSTATION11
       11: TURN_TO SATELLITE2 PLANET47 GROUNDSTATION11
       12: TAKE_IMAGE SATELLITE2 PLANET47 INSTRUMENT7 INFRARED2
     

time spent:    0.00 seconds instantiating 27854 easy, 0 hard action templates
               0.00 seconds reachability analysis, yielding 819 facts and 27854 actions
               0.00 seconds creating final representation with 819 relevant facts, 0 relevant fluents
               0.03 seconds computing LNF
               0.02 seconds building connectivity graph
               0.01 seconds searching, evaluating 23 states, to a max depth of 2
               0.06 seconds total time

