
ff: parsing domain file
domain 'SATELLITE' defined
 ... done.
ff: parsing problem file
problem 'STRIPS-SAT-X-1' defined
 ... done.


no metric specified. plan length assumed.

checking for cyclic := effects --- OK.

ff: search configuration is EHC, if that fails then  best-first on 1*g(s) + 5*h(s) where
    metric is  plan length

Cueing down from goal distance:   14 into depth [1]
                                  10            [1]
                                   9            [1]
                                   8            [1]
                                   7            [1]
                                   6            [1]
                                   5            [1]
                                   4            [1]
                                   3            [1]
                                   2            [1]
                                   1            [1]
                                   0            

ff: found legal plan as follows

step    0: SWITCH_ON INSTRUMENT1 SATELLITE0
        1: CALIBRATE SATELLITE0 INSTRUMENT1 STAR87
        2: TURN_TO SATELLITE0 PLANET121 STAR87
        3: TURN_TO SATELLITE1 GROUNDSTATION97 STAR88
        4: TURN_TO SATELLITE2 GROUNDSTATION92 GROUNDSTATION27
        5: TURN_TO SATELLITE6 STAR38 STAR112
        6: TURN_TO SATELLITE9 STAR95 STAR68
        7: TAKE_IMAGE SATELLITE0 PLANET121 INSTRUMENT1 THERMOGRAPH0
        8: TURN_TO SATELLITE0 PHENOMENON122 PLANET121
        9: TAKE_IMAGE SATELLITE0 PHENOMENON122 INSTRUMENT1 INFRARED2
       10: TURN_TO SATELLITE0 GROUNDSTATION76 PHENOMENON122
     

time spent:    0.00 seconds instantiating 165392 easy, 0 hard action templates
               0.02 seconds reachability analysis, yielding 1959 facts and 165392 actions
               0.02 seconds creating final representation with 1959 relevant facts, 0 relevant fluents
               0.20 seconds computing LNF
               0.08 seconds building connectivity graph
               0.19 seconds searching, evaluating 25 states, to a max depth of 1
               0.51 seconds total time

