
ff: parsing domain file
domain 'SATELLITE' defined
 ... done.
ff: parsing problem file
problem 'STRIPS-SAT-X-1' defined
 ... done.


no metric specified. plan length assumed.

checking for cyclic := effects --- OK.

ff: search configuration is EHC, if that fails then  best-first on 1*g(s) + 5*h(s) where
    metric is  plan length

Cueing down from goal distance:   16 into depth [1]
                                  15            [1]
                                  13            [1]
                                  12            [1]
                                  11            [1]
                                  10            [1]
                                   9            [1]
                                   8            [1]
                                   7            [1]
                                   6            [1]
                                   5            [1]
                                   4            [1]
                                   3            [1]
                                   2            [1]
                                   1            [1]
                                   0            

ff: found legal plan as follows

step    0: TURN_TO SATELLITE0 STAR73 STAR15
        1: SWITCH_ON INSTRUMENT0 SATELLITE0
        2: CALIBRATE SATELLITE0 INSTRUMENT0 STAR73
        3: TURN_TO SATELLITE0 STAR121 STAR73
        4: SWITCH_ON INSTRUMENT8 SATELLITE1
        5: CALIBRATE SATELLITE1 INSTRUMENT8 STAR63
        6: TURN_TO SATELLITE1 PHENOMENON122 STAR63
        7: TURN_TO SATELLITE3 STAR47 STAR50
        8: TURN_TO SATELLITE5 STAR89 GROUNDSTATION9
        9: TURN_TO SATELLITE6 STAR111 GROUNDSTATION4
       10: TURN_TO SATELLITE9 GROUNDSTATION28 STAR70
       11: TAKE_IMAGE SATELLITE0 STAR121 INSTRUMENT0 INFRARED3
       12: TURN_TO SATELLITE0 GROUNDSTATION28 STAR121
       13: TAKE_IMAGE SATELLITE1 PHENOMENON122 INSTRUMENT8 SPECTROGRAPH1
       14: TURN_TO SATELLITE1 GROUNDSTATION18 PHENOMENON122
     

time spent:    0.00 seconds instantiating 166211 easy, 0 hard action templates
               0.01 seconds reachability analysis, yielding 1961 facts and 166211 actions
               0.03 seconds creating final representation with 1961 relevant facts, 0 relevant fluents
               0.21 seconds computing LNF
               0.06 seconds building connectivity graph
               0.18 seconds searching, evaluating 28 states, to a max depth of 1
               0.49 seconds total time

