
ff: parsing domain file
domain 'SATELLITE' defined
 ... done.
ff: parsing problem file
problem 'STRIPS-SAT-X-1' defined
 ... done.


no metric specified. plan length assumed.

checking for cyclic := effects --- OK.

ff: search configuration is EHC, if that fails then  best-first on 1*g(s) + 5*h(s) where
    metric is  plan length

Cueing down from goal distance:   15 into depth [1]
                                  14            [1]
                                  13            [1]
                                  12            [1]
                                  11            [1]
                                  10            [1]
                                   9            [1]
                                   8            [1]
                                   7            [1]
                                   6            [1]
                                   5            [1]
                                   4            [1]
                                   3            [1]
                                   2            [1]
                                   1            [1]
                                   0            

ff: found legal plan as follows

step    0: TURN_TO SATELLITE0 GROUNDSTATION18 STAR19
        1: TURN_TO SATELLITE2 STAR42 GROUNDSTATION27
        2: SWITCH_ON INSTRUMENT0 SATELLITE0
        3: CALIBRATE SATELLITE0 INSTRUMENT0 GROUNDSTATION18
        4: TURN_TO SATELLITE0 STAR121 GROUNDSTATION18
        5: SWITCH_ON INSTRUMENT10 SATELLITE2
        6: CALIBRATE SATELLITE2 INSTRUMENT10 STAR42
        7: TURN_TO SATELLITE2 PHENOMENON122 STAR42
        8: TURN_TO SATELLITE1 STAR111 GROUNDSTATION38
        9: TURN_TO SATELLITE3 STAR40 STAR75
       10: TURN_TO SATELLITE5 STAR25 GROUNDSTATION112
       11: TURN_TO SATELLITE6 GROUNDSTATION64 GROUNDSTATION100
       12: TURN_TO SATELLITE9 GROUNDSTATION120 STAR73
       13: TAKE_IMAGE SATELLITE0 STAR121 INSTRUMENT0 IMAGE3
       14: TAKE_IMAGE SATELLITE2 PHENOMENON122 INSTRUMENT10 THERMOGRAPH1
     

time spent:    0.00 seconds instantiating 165388 easy, 0 hard action templates
               0.01 seconds reachability analysis, yielding 1965 facts and 165388 actions
               0.04 seconds creating final representation with 1965 relevant facts, 0 relevant fluents
               0.19 seconds computing LNF
               0.07 seconds building connectivity graph
               0.08 seconds searching, evaluating 16 states, to a max depth of 1
               0.39 seconds total time

