
ff: parsing domain file
domain 'SATELLITE' defined
 ... done.
ff: parsing problem file
problem 'STRIPS-SAT-X-1' defined
 ... done.


no metric specified. plan length assumed.

checking for cyclic := effects --- OK.

ff: search configuration is EHC, if that fails then  best-first on 1*g(s) + 5*h(s) where
    metric is  plan length

Cueing down from goal distance:   12 into depth [1]
                                  11            [1]
                                  10            [1]
                                   9            [1]
                                   8            [1]
                                   7            [1]
                                   6            [1]
                                   5            [1]
                                   4            [1]
                                   3            [1][2]
                                   2            [1]
                                   1            [1]
                                   0            

ff: found legal plan as follows

step    0: TURN_TO SATELLITE0 GROUNDSTATION34 STAR112
        1: SWITCH_ON INSTRUMENT1 SATELLITE0
        2: CALIBRATE SATELLITE0 INSTRUMENT1 GROUNDSTATION34
        3: TURN_TO SATELLITE0 PLANET121 GROUNDSTATION34
        4: SWITCH_ON INSTRUMENT9 SATELLITE2
        5: TURN_TO SATELLITE1 GROUNDSTATION91 STAR9
        6: TURN_TO SATELLITE3 GROUNDSTATION73 GROUNDSTATION84
        7: TURN_TO SATELLITE6 GROUNDSTATION88 STAR78
        8: TAKE_IMAGE SATELLITE0 PLANET121 INSTRUMENT1 THERMOGRAPH4
        9: TURN_TO SATELLITE2 GROUNDSTATION110 STAR122
       10: CALIBRATE SATELLITE2 INSTRUMENT9 GROUNDSTATION110
       11: TURN_TO SATELLITE2 STAR122 GROUNDSTATION110
       12: TAKE_IMAGE SATELLITE2 STAR122 INSTRUMENT9 INFRARED3
     

time spent:    0.00 seconds instantiating 161831 easy, 0 hard action templates
               0.02 seconds reachability analysis, yielding 1935 facts and 161831 actions
               0.02 seconds creating final representation with 1935 relevant facts, 0 relevant fluents
               0.18 seconds computing LNF
               0.07 seconds building connectivity graph
               0.20 seconds searching, evaluating 22 states, to a max depth of 2
               0.49 seconds total time

