
ff: parsing domain file
domain 'SATELLITE' defined
 ... done.
ff: parsing problem file
problem 'STRIPS-SAT-X-1' defined
 ... done.


no metric specified. plan length assumed.

checking for cyclic := effects --- OK.

ff: search configuration is EHC, if that fails then  best-first on 1*g(s) + 5*h(s) where
    metric is  plan length

Cueing down from goal distance:   13 into depth [1]
                                  11            [1]
                                   8            [1]
                                   7            [1]
                                   6            [1]
                                   5            [1]
                                   4            [1]
                                   3            [1]
                                   2            [1]
                                   1            [1]
                                   0            

ff: found legal plan as follows

step    0: TURN_TO SATELLITE0 GROUNDSTATION38 STAR100
        1: SWITCH_ON INSTRUMENT2 SATELLITE0
        2: CALIBRATE SATELLITE0 INSTRUMENT2 GROUNDSTATION38
        3: TURN_TO SATELLITE0 PHENOMENON121 GROUNDSTATION38
        4: TURN_TO SATELLITE6 STAR9 STAR11
        5: TURN_TO SATELLITE7 STAR73 STAR48
        6: TURN_TO SATELLITE9 GROUNDSTATION109 STAR35
        7: TAKE_IMAGE SATELLITE0 PHENOMENON121 INSTRUMENT2 IMAGE3
        8: TURN_TO SATELLITE0 PLANET122 PHENOMENON121
        9: TAKE_IMAGE SATELLITE0 PLANET122 INSTRUMENT2 THERMOGRAPH4
     

time spent:    0.01 seconds instantiating 166766 easy, 0 hard action templates
               0.01 seconds reachability analysis, yielding 1967 facts and 166766 actions
               0.03 seconds creating final representation with 1967 relevant facts, 0 relevant fluents
               0.21 seconds computing LNF
               0.06 seconds building connectivity graph
               0.13 seconds searching, evaluating 16 states, to a max depth of 1
               0.45 seconds total time

