
ff: parsing domain file
domain 'SATELLITE' defined
 ... done.
ff: parsing problem file
problem 'STRIPS-SAT-X-1' defined
 ... done.


no metric specified. plan length assumed.

checking for cyclic := effects --- OK.

ff: search configuration is EHC, if that fails then  best-first on 1*g(s) + 5*h(s) where
    metric is  plan length

Cueing down from goal distance:   10 into depth [1]
                                   9            [1]
                                   8            [1]
                                   7            [1]
                                   6            [1]
                                   5            [1]
                                   4            [1]
                                   3            [1]
                                   2            [1]
                                   1            [1]
                                   0            

ff: found legal plan as follows

step    0: TURN_TO SATELLITE0 GROUNDSTATION61 STAR18
        1: SWITCH_ON INSTRUMENT1 SATELLITE0
        2: CALIBRATE SATELLITE0 INSTRUMENT1 GROUNDSTATION61
        3: TURN_TO SATELLITE0 PHENOMENON110 GROUNDSTATION61
        4: TURN_TO SATELLITE1 STAR46 GROUNDSTATION100
        5: TURN_TO SATELLITE2 STAR66 STAR53
        6: TURN_TO SATELLITE4 GROUNDSTATION78 STAR53
        7: TURN_TO SATELLITE6 GROUNDSTATION47 GROUNDSTATION4
        8: TURN_TO SATELLITE9 GROUNDSTATION28 PLANET109
        9: TAKE_IMAGE SATELLITE0 PHENOMENON110 INSTRUMENT1 INFRARED2
     

time spent:    0.00 seconds instantiating 136235 easy, 0 hard action templates
               0.01 seconds reachability analysis, yielding 1783 facts and 136235 actions
               0.02 seconds creating final representation with 1783 relevant facts, 0 relevant fluents
               0.15 seconds computing LNF
               0.07 seconds building connectivity graph
               0.05 seconds searching, evaluating 11 states, to a max depth of 1
               0.30 seconds total time

