
ff: parsing domain file
domain 'SATELLITE' defined
 ... done.
ff: parsing problem file
problem 'STRIPS-SAT-X-1' defined
 ... done.


no metric specified. plan length assumed.

checking for cyclic := effects --- OK.

ff: search configuration is EHC, if that fails then  best-first on 1*g(s) + 5*h(s) where
    metric is  plan length

Cueing down from goal distance:   13 into depth [1]
                                  12            [1]
                                  11            [1]
                                  10            [1]
                                   9            [1]
                                   8            [1]
                                   7            [1]
                                   6            [1]
                                   5            [1]
                                   4            [1]
                                   3            [1][2]
                                   2            [1]
                                   1            [1]
                                   0            

ff: found legal plan as follows

step    0: TURN_TO SATELLITE1 STAR26 GROUNDSTATION90
        1: SWITCH_ON INSTRUMENT5 SATELLITE1
        2: CALIBRATE SATELLITE1 INSTRUMENT5 STAR26
        3: TURN_TO SATELLITE1 STAR109 STAR26
        4: SWITCH_ON INSTRUMENT30 SATELLITE7
        5: TURN_TO SATELLITE3 GROUNDSTATION33 STAR62
        6: TURN_TO SATELLITE4 STAR52 STAR12
        7: TURN_TO SATELLITE5 GROUNDSTATION80 GROUNDSTATION103
        8: TURN_TO SATELLITE8 STAR87 PHENOMENON110
        9: TAKE_IMAGE SATELLITE1 STAR109 INSTRUMENT5 INFRARED4
       10: TURN_TO SATELLITE7 GROUNDSTATION44 PHENOMENON110
       11: CALIBRATE SATELLITE7 INSTRUMENT30 GROUNDSTATION44
       12: TURN_TO SATELLITE7 PHENOMENON110 GROUNDSTATION44
       13: TAKE_IMAGE SATELLITE7 PHENOMENON110 INSTRUMENT30 SPECTROGRAPH0
     

time spent:    0.00 seconds instantiating 133122 easy, 0 hard action templates
               0.01 seconds reachability analysis, yielding 1755 facts and 133122 actions
               0.03 seconds creating final representation with 1755 relevant facts, 0 relevant fluents
               0.17 seconds computing LNF
               0.06 seconds building connectivity graph
               0.24 seconds searching, evaluating 24 states, to a max depth of 2
               0.51 seconds total time

