
ff: parsing domain file
domain 'SATELLITE' defined
 ... done.
ff: parsing problem file
problem 'STRIPS-SAT-X-1' defined
 ... done.


no metric specified. plan length assumed.

checking for cyclic := effects --- OK.

ff: search configuration is EHC, if that fails then  best-first on 1*g(s) + 5*h(s) where
    metric is  plan length

Cueing down from goal distance:   13 into depth [1]
                                  12            [1]
                                  11            [1]
                                  10            [1]
                                   9            [1]
                                   8            [1]
                                   7            [1]
                                   6            [1]
                                   5            [1]
                                   4            [1]
                                   3            [1]
                                   2            [1]
                                   1            [1]
                                   0            

ff: found legal plan as follows

step    0: TURN_TO SATELLITE0 GROUNDSTATION5 STAR104
        1: SWITCH_ON INSTRUMENT1 SATELLITE0
        2: TURN_TO SATELLITE1 GROUNDSTATION0 STAR76
        3: CALIBRATE SATELLITE0 INSTRUMENT1 GROUNDSTATION5
        4: TURN_TO SATELLITE0 PLANET109 GROUNDSTATION5
        5: SWITCH_ON INSTRUMENT10 SATELLITE1
        6: CALIBRATE SATELLITE1 INSTRUMENT10 GROUNDSTATION0
        7: TURN_TO SATELLITE1 PLANET110 GROUNDSTATION0
        8: TURN_TO SATELLITE3 STAR57 GROUNDSTATION106
        9: TURN_TO SATELLITE5 STAR85 STAR21
       10: TURN_TO SATELLITE6 STAR39 STAR28
       11: TAKE_IMAGE SATELLITE0 PLANET109 INSTRUMENT1 THERMOGRAPH0
       12: TAKE_IMAGE SATELLITE1 PLANET110 INSTRUMENT10 THERMOGRAPH4
     

time spent:    0.00 seconds instantiating 137840 easy, 0 hard action templates
               0.01 seconds reachability analysis, yielding 1805 facts and 137840 actions
               0.02 seconds creating final representation with 1805 relevant facts, 0 relevant fluents
               0.16 seconds computing LNF
               0.06 seconds building connectivity graph
               0.07 seconds searching, evaluating 15 states, to a max depth of 1
               0.32 seconds total time

