
ff: parsing domain file
domain 'SATELLITE' defined
 ... done.
ff: parsing problem file
problem 'STRIPS-SAT-X-1' defined
 ... done.


no metric specified. plan length assumed.

checking for cyclic := effects --- OK.

ff: search configuration is EHC, if that fails then  best-first on 1*g(s) + 5*h(s) where
    metric is  plan length

Cueing down from goal distance:   13 into depth [1]
                                  12            [1]
                                  11            [1]
                                  10            [1]
                                   9            [1]
                                   8            [1]
                                   7            [1]
                                   6            [1]
                                   5            [1]
                                   4            [1]
                                   3            [1][2]
                                   2            [1]
                                   1            [1]
                                   0            

ff: found legal plan as follows

step    0: TURN_TO SATELLITE0 STAR49 GROUNDSTATION94
        1: SWITCH_ON INSTRUMENT47 SATELLITE8
        2: SWITCH_ON INSTRUMENT1 SATELLITE0
        3: CALIBRATE SATELLITE0 INSTRUMENT1 STAR49
        4: TURN_TO SATELLITE0 STAR110 STAR49
        5: TURN_TO SATELLITE1 STAR97 GROUNDSTATION48
        6: TURN_TO SATELLITE2 STAR95 STAR25
        7: TURN_TO SATELLITE3 STAR38 STAR72
        8: TURN_TO SATELLITE6 GROUNDSTATION5 STAR4
        9: TAKE_IMAGE SATELLITE0 STAR110 INSTRUMENT1 INFRARED4
       10: TURN_TO SATELLITE8 GROUNDSTATION96 PLANET109
       11: CALIBRATE SATELLITE8 INSTRUMENT47 GROUNDSTATION96
       12: TURN_TO SATELLITE8 PLANET109 GROUNDSTATION96
       13: TAKE_IMAGE SATELLITE8 PLANET109 INSTRUMENT47 INFRARED3
     

time spent:    0.00 seconds instantiating 137075 easy, 0 hard action templates
               0.02 seconds reachability analysis, yielding 1793 facts and 137075 actions
               0.02 seconds creating final representation with 1793 relevant facts, 0 relevant fluents
               0.17 seconds computing LNF
               0.08 seconds building connectivity graph
               0.19 seconds searching, evaluating 25 states, to a max depth of 2
               0.48 seconds total time

