
ff: parsing domain file
domain 'SATELLITE' defined
 ... done.
ff: parsing problem file
problem 'STRIPS-SAT-X-1' defined
 ... done.


no metric specified. plan length assumed.

checking for cyclic := effects --- OK.

ff: search configuration is EHC, if that fails then  best-first on 1*g(s) + 5*h(s) where
    metric is  plan length

Cueing down from goal distance:   10 into depth [1]
                                   9            [1]
                                   6            [1]
                                   5            [1]
                                   4            [1]
                                   3            [1]
                                   2            [1]
                                   1            [1]
                                   0            

ff: found legal plan as follows

step    0: TURN_TO SATELLITE0 STAR88 GROUNDSTATION83
        1: SWITCH_ON INSTRUMENT1 SATELLITE1
        2: CALIBRATE SATELLITE1 INSTRUMENT1 GROUNDSTATION57
        3: TURN_TO SATELLITE1 PHENOMENON109 GROUNDSTATION57
        4: TURN_TO SATELLITE0 GROUNDSTATION93 STAR88
        5: TAKE_IMAGE SATELLITE1 PHENOMENON109 INSTRUMENT1 INFRARED1
        6: TURN_TO SATELLITE1 PLANET110 PHENOMENON109
        7: TAKE_IMAGE SATELLITE1 PLANET110 INSTRUMENT1 INFRARED3
     

time spent:    0.00 seconds instantiating 136629 easy, 0 hard action templates
               0.02 seconds reachability analysis, yielding 1787 facts and 136629 actions
               0.02 seconds creating final representation with 1787 relevant facts, 0 relevant fluents
               0.17 seconds computing LNF
               0.05 seconds building connectivity graph
               0.08 seconds searching, evaluating 12 states, to a max depth of 1
               0.34 seconds total time

