
ff: parsing domain file
domain 'SATELLITE' defined
 ... done.
ff: parsing problem file
problem 'STRIPS-SAT-X-1' defined
 ... done.


no metric specified. plan length assumed.

checking for cyclic := effects --- OK.

ff: search configuration is EHC, if that fails then  best-first on 1*g(s) + 5*h(s) where
    metric is  plan length

Cueing down from goal distance:   10 into depth [1]
                                   9            [1]
                                   8            [1]
                                   7            [1]
                                   6            [1]
                                   5            [1]
                                   4            [1]
                                   3            [1]
                                   2            [1]
                                   1            [1]
                                   0            

ff: found legal plan as follows

step    0: TURN_TO SATELLITE1 GROUNDSTATION34 GROUNDSTATION55
        1: SWITCH_ON INSTRUMENT3 SATELLITE1
        2: CALIBRATE SATELLITE1 INSTRUMENT3 GROUNDSTATION34
        3: TURN_TO SATELLITE1 PLANET110 GROUNDSTATION34
        4: TURN_TO SATELLITE0 STAR101 STAR18
        5: TURN_TO SATELLITE4 STAR85 GROUNDSTATION3
        6: TURN_TO SATELLITE5 STAR72 GROUNDSTATION96
        7: TURN_TO SATELLITE7 STAR12 STAR61
        8: TAKE_IMAGE SATELLITE1 PLANET110 INSTRUMENT3 INFRARED2
        9: TURN_TO SATELLITE1 GROUNDSTATION25 PLANET110
     

time spent:    0.00 seconds instantiating 135063 easy, 0 hard action templates
               0.01 seconds reachability analysis, yielding 1777 facts and 135063 actions
               0.02 seconds creating final representation with 1777 relevant facts, 0 relevant fluents
               0.16 seconds computing LNF
               0.05 seconds building connectivity graph
               0.10 seconds searching, evaluating 15 states, to a max depth of 1
               0.34 seconds total time

