
ff: parsing domain file
domain 'SATELLITE' defined
 ... done.
ff: parsing problem file
problem 'STRIPS-SAT-X-1' defined
 ... done.


no metric specified. plan length assumed.

checking for cyclic := effects --- OK.

ff: search configuration is EHC, if that fails then  best-first on 1*g(s) + 5*h(s) where
    metric is  plan length

Cueing down from goal distance:    9 into depth [1]
                                   8            [1]
                                   7            [1]
                                   6            [1]
                                   5            [1]
                                   4            [1]
                                   3            [1]
                                   2            [1]
                                   1            [1]
                                   0            

ff: found legal plan as follows

step    0: TURN_TO SATELLITE0 STAR119 GROUNDSTATION156
        1: SWITCH_ON INSTRUMENT3 SATELLITE0
        2: CALIBRATE SATELLITE0 INSTRUMENT3 STAR119
        3: TURN_TO SATELLITE0 STAR180 STAR119
        4: TURN_TO SATELLITE4 GROUNDSTATION59 STAR81
        5: TURN_TO SATELLITE5 STAR69 STAR170
        6: TURN_TO SATELLITE8 STAR164 GROUNDSTATION106
        7: TAKE_IMAGE SATELLITE0 STAR180 INSTRUMENT3 INFRARED0
        8: TURN_TO SATELLITE0 STAR35 STAR180
     

time spent:    0.01 seconds instantiating 350727 easy, 0 hard action templates
               0.03 seconds reachability analysis, yielding 2845 facts and 350727 actions
               0.05 seconds creating final representation with 2845 relevant facts, 0 relevant fluents
               0.42 seconds computing LNF
               0.14 seconds building connectivity graph
               0.20 seconds searching, evaluating 14 states, to a max depth of 1
               0.85 seconds total time

