
ff: parsing domain file
domain 'SATELLITE' defined
 ... done.
ff: parsing problem file
problem 'STRIPS-SAT-X-1' defined
 ... done.


no metric specified. plan length assumed.

checking for cyclic := effects --- OK.

ff: search configuration is EHC, if that fails then  best-first on 1*g(s) + 5*h(s) where
    metric is  plan length

Cueing down from goal distance:    6 into depth [1]
                                   5            [1]
                                   4            [1]
                                   3            [1]
                                   2            [1]
                                   1            [1]
                                   0            

ff: found legal plan as follows

step    0: TURN_TO SATELLITE0 GROUNDSTATION121 STAR53
        1: SWITCH_ON INSTRUMENT0 SATELLITE0
        2: CALIBRATE SATELLITE0 INSTRUMENT0 GROUNDSTATION121
        3: TURN_TO SATELLITE0 STAR179 GROUNDSTATION121
        4: TURN_TO SATELLITE7 STAR176 STAR151
        5: TAKE_IMAGE SATELLITE0 STAR179 INSTRUMENT0 INFRARED2
     

time spent:    0.01 seconds instantiating 350467 easy, 0 hard action templates
               0.03 seconds reachability analysis, yielding 2837 facts and 350467 actions
               0.07 seconds creating final representation with 2837 relevant facts, 0 relevant fluents
               0.40 seconds computing LNF
               0.15 seconds building connectivity graph
               0.12 seconds searching, evaluating 7 states, to a max depth of 1
               0.78 seconds total time

