
ff: parsing domain file
domain 'SATELLITE' defined
 ... done.
ff: parsing problem file
problem 'STRIPS-SAT-X-1' defined
 ... done.


no metric specified. plan length assumed.

checking for cyclic := effects --- OK.

ff: search configuration is EHC, if that fails then  best-first on 1*g(s) + 5*h(s) where
    metric is  plan length

Cueing down from goal distance:   16 into depth [1]
                                  15            [1]
                                  12            [1]
                                  11            [1]
                                  10            [1]
                                   9            [1]
                                   8            [1]
                                   7            [1]
                                   6            [1][2]
                                   5            [1]
                                   4            [1]
                                   3            [1]
                                   2            [1]
                                   1            [1]
                                   0            

ff: found legal plan as follows

step    0: TURN_TO SATELLITE0 GROUNDSTATION104 GROUNDSTATION157
        1: SWITCH_ON INSTRUMENT29 SATELLITE6
        2: TURN_TO SATELLITE1 STAR137 GROUNDSTATION36
        3: TURN_TO SATELLITE2 STAR136 PLANET180
        4: TURN_TO SATELLITE3 STAR124 GROUNDSTATION172
        5: TURN_TO SATELLITE4 GROUNDSTATION173 GROUNDSTATION8
        6: TURN_TO SATELLITE7 STAR5 STAR22
        7: TURN_TO SATELLITE9 GROUNDSTATION51 GROUNDSTATION128
        8: TURN_TO SATELLITE6 STAR78 STAR179
        9: CALIBRATE SATELLITE6 INSTRUMENT29 STAR78
       10: TURN_TO SATELLITE6 STAR179 STAR78
       11: TAKE_IMAGE SATELLITE6 STAR179 INSTRUMENT29 SPECTROGRAPH0
       12: TURN_TO SATELLITE6 PLANET180 STAR179
       13: TAKE_IMAGE SATELLITE6 PLANET180 INSTRUMENT29 INFRARED3
       14: TURN_TO SATELLITE6 STAR17 PLANET180
     

time spent:    0.01 seconds instantiating 343873 easy, 0 hard action templates
               0.03 seconds reachability analysis, yielding 2821 facts and 343873 actions
               0.05 seconds creating final representation with 2821 relevant facts, 0 relevant fluents
               0.41 seconds computing LNF
               0.13 seconds building connectivity graph
               0.89 seconds searching, evaluating 37 states, to a max depth of 2
               1.52 seconds total time

