
ff: parsing domain file
domain 'SATELLITE' defined
 ... done.
ff: parsing problem file
problem 'STRIPS-SAT-X-1' defined
 ... done.


no metric specified. plan length assumed.

checking for cyclic := effects --- OK.

ff: search configuration is EHC, if that fails then  best-first on 1*g(s) + 5*h(s) where
    metric is  plan length

Cueing down from goal distance:    9 into depth [1]
                                   8            [1]
                                   7            [1]
                                   6            [1]
                                   5            [1]
                                   4            [1]
                                   3            [1]
                                   2            [1]
                                   1            [1]
                                   0            

ff: found legal plan as follows

step    0: SWITCH_ON INSTRUMENT0 SATELLITE0
        1: CALIBRATE SATELLITE0 INSTRUMENT0 GROUNDSTATION150
        2: TURN_TO SATELLITE0 PHENOMENON179 GROUNDSTATION150
        3: TURN_TO SATELLITE1 GROUNDSTATION13 STAR155
        4: TURN_TO SATELLITE2 GROUNDSTATION156 GROUNDSTATION65
        5: TURN_TO SATELLITE4 STAR118 STAR56
        6: TURN_TO SATELLITE8 STAR51 STAR96
        7: TAKE_IMAGE SATELLITE0 PHENOMENON179 INSTRUMENT0 IMAGE2
        8: TURN_TO SATELLITE0 GROUNDSTATION99 PHENOMENON179
     

time spent:    0.01 seconds instantiating 356423 easy, 0 hard action templates
               0.03 seconds reachability analysis, yielding 2863 facts and 356423 actions
               0.05 seconds creating final representation with 2863 relevant facts, 0 relevant fluents
               0.41 seconds computing LNF
               0.15 seconds building connectivity graph
               0.22 seconds searching, evaluating 15 states, to a max depth of 1
               0.87 seconds total time

