
ff: parsing domain file
domain 'SATELLITE' defined
 ... done.
ff: parsing problem file
problem 'STRIPS-SAT-X-1' defined
 ... done.


no metric specified. plan length assumed.

checking for cyclic := effects --- OK.

ff: search configuration is EHC, if that fails then  best-first on 1*g(s) + 5*h(s) where
    metric is  plan length

Cueing down from goal distance:   11 into depth [1]
                                  10            [1]
                                   8            [1]
                                   7            [1]
                                   6            [1]
                                   5            [1]
                                   4            [1]
                                   3            [1]
                                   2            [1]
                                   1            [1]
                                   0            

ff: found legal plan as follows

step    0: TURN_TO SATELLITE0 GROUNDSTATION1 GROUNDSTATION24
        1: TURN_TO SATELLITE5 STAR41 PLANET54
        2: SWITCH_ON INSTRUMENT0 SATELLITE0
        3: CALIBRATE SATELLITE0 INSTRUMENT0 GROUNDSTATION1
        4: TURN_TO SATELLITE0 PLANET53 GROUNDSTATION1
        5: TURN_TO SATELLITE3 PLANET53 GROUNDSTATION24
        6: TURN_TO SATELLITE6 STAR15 STAR33
        7: TAKE_IMAGE SATELLITE0 PLANET53 INSTRUMENT0 IMAGE0
        8: TURN_TO SATELLITE0 PLANET54 PLANET53
        9: TAKE_IMAGE SATELLITE0 PLANET54 INSTRUMENT0 THERMOGRAPH1
     

time spent:    0.00 seconds instantiating 38157 easy, 0 hard action templates
               0.00 seconds reachability analysis, yielding 953 facts and 38157 actions
               0.01 seconds creating final representation with 953 relevant facts, 0 relevant fluents
               0.05 seconds computing LNF
               0.03 seconds building connectivity graph
               0.02 seconds searching, evaluating 16 states, to a max depth of 1
               0.11 seconds total time

