
ff: parsing domain file
domain 'SATELLITE' defined
 ... done.
ff: parsing problem file
problem 'STRIPS-SAT-X-1' defined
 ... done.


no metric specified. plan length assumed.

checking for cyclic := effects --- OK.

ff: search configuration is EHC, if that fails then  best-first on 1*g(s) + 5*h(s) where
    metric is  plan length

Cueing down from goal distance:   14 into depth [1]
                                  12            [1]
                                  11            [1]
                                  10            [1]
                                   9            [1]
                                   8            [1]
                                   7            [1]
                                   6            [1]
                                   5            [1]
                                   4            [1]
                                   3            [1]
                                   2            [1]
                                   1            [1]
                                   0            

ff: found legal plan as follows

step    0: TURN_TO SATELLITE0 GROUNDSTATION44 GROUNDSTATION5
        1: SWITCH_ON INSTRUMENT1 SATELLITE0
        2: TURN_TO SATELLITE1 GROUNDSTATION1 STAR36
        3: CALIBRATE SATELLITE0 INSTRUMENT1 GROUNDSTATION44
        4: TURN_TO SATELLITE0 STAR53 GROUNDSTATION44
        5: SWITCH_ON INSTRUMENT11 SATELLITE1
        6: CALIBRATE SATELLITE1 INSTRUMENT11 GROUNDSTATION1
        7: TURN_TO SATELLITE1 STAR54 GROUNDSTATION1
        8: TURN_TO SATELLITE2 GROUNDSTATION22 STAR24
        9: TURN_TO SATELLITE6 STAR16 GROUNDSTATION14
       10: TURN_TO SATELLITE9 GROUNDSTATION34 STAR31
       11: TAKE_IMAGE SATELLITE0 STAR53 INSTRUMENT1 IMAGE3
       12: TAKE_IMAGE SATELLITE1 STAR54 INSTRUMENT11 IMAGE1
     

time spent:    0.00 seconds instantiating 37086 easy, 0 hard action templates
               0.00 seconds reachability analysis, yielding 939 facts and 37086 actions
               0.00 seconds creating final representation with 939 relevant facts, 0 relevant fluents
               0.05 seconds computing LNF
               0.02 seconds building connectivity graph
               0.01 seconds searching, evaluating 14 states, to a max depth of 1
               0.08 seconds total time

