
ff: parsing domain file
domain 'SATELLITE' defined
 ... done.
ff: parsing problem file
problem 'STRIPS-SAT-X-1' defined
 ... done.


no metric specified. plan length assumed.

checking for cyclic := effects --- OK.

ff: search configuration is EHC, if that fails then  best-first on 1*g(s) + 5*h(s) where
    metric is  plan length

Cueing down from goal distance:   11 into depth [1]
                                  10            [1]
                                   9            [1]
                                   8            [1]
                                   7            [1]
                                   6            [1]
                                   5            [1]
                                   4            [1]
                                   3            [1]
                                   2            [1]
                                   1            [1]
                                   0            

ff: found legal plan as follows

step    0: SWITCH_ON INSTRUMENT3 SATELLITE1
        1: CALIBRATE SATELLITE1 INSTRUMENT3 GROUNDSTATION49
        2: TURN_TO SATELLITE1 PHENOMENON53 GROUNDSTATION49
        3: SWITCH_ON INSTRUMENT0 SATELLITE0
        4: CALIBRATE SATELLITE0 INSTRUMENT0 STAR47
        5: TURN_TO SATELLITE0 STAR54 STAR47
        6: TURN_TO SATELLITE3 GROUNDSTATION51 STAR16
        7: TURN_TO SATELLITE7 STAR41 STAR18
        8: TAKE_IMAGE SATELLITE1 PHENOMENON53 INSTRUMENT3 IMAGE1
        9: TURN_TO SATELLITE1 STAR4 PHENOMENON53
       10: TAKE_IMAGE SATELLITE0 STAR54 INSTRUMENT0 SPECTROGRAPH4
     

time spent:    0.00 seconds instantiating 36565 easy, 0 hard action templates
               0.00 seconds reachability analysis, yielding 937 facts and 36565 actions
               0.00 seconds creating final representation with 937 relevant facts, 0 relevant fluents
               0.04 seconds computing LNF
               0.02 seconds building connectivity graph
               0.01 seconds searching, evaluating 15 states, to a max depth of 1
               0.07 seconds total time

