
ff: parsing domain file
domain 'SATELLITE' defined
 ... done.
ff: parsing problem file
problem 'STRIPS-SAT-X-1' defined
 ... done.


no metric specified. plan length assumed.

checking for cyclic := effects --- OK.

ff: search configuration is EHC, if that fails then  best-first on 1*g(s) + 5*h(s) where
    metric is  plan length

Cueing down from goal distance:   14 into depth [1]
                                  13            [1]
                                  12            [1]
                                  11            [1]
                                  10            [1]
                                   9            [1]
                                   8            [1]
                                   7            [1]
                                   6            [1]
                                   5            [1]
                                   4            [1]
                                   3            [1]
                                   2            [1]
                                   1            [1]
                                   0            

ff: found legal plan as follows

step    0: TURN_TO SATELLITE0 GROUNDSTATION153 STAR12
        1: SWITCH_ON INSTRUMENT3 SATELLITE0
        2: TURN_TO SATELLITE1 GROUNDSTATION80 GROUNDSTATION157
        3: CALIBRATE SATELLITE0 INSTRUMENT3 GROUNDSTATION153
        4: TURN_TO SATELLITE0 PLANET167 GROUNDSTATION153
        5: SWITCH_ON INSTRUMENT13 SATELLITE1
        6: CALIBRATE SATELLITE1 INSTRUMENT13 GROUNDSTATION80
        7: TURN_TO SATELLITE1 PLANET168 GROUNDSTATION80
        8: TURN_TO SATELLITE2 STAR120 STAR7
        9: TURN_TO SATELLITE4 STAR55 GROUNDSTATION138
       10: TURN_TO SATELLITE7 STAR158 GROUNDSTATION31
       11: TURN_TO SATELLITE8 STAR22 GROUNDSTATION144
       12: TAKE_IMAGE SATELLITE0 PLANET167 INSTRUMENT3 IMAGE0
       13: TAKE_IMAGE SATELLITE1 PLANET168 INSTRUMENT13 IMAGE1
     

time spent:    0.00 seconds instantiating 306207 easy, 0 hard action templates
               0.04 seconds reachability analysis, yielding 2667 facts and 306207 actions
               0.04 seconds creating final representation with 2667 relevant facts, 0 relevant fluents
               0.35 seconds computing LNF
               0.12 seconds building connectivity graph
               0.26 seconds searching, evaluating 16 states, to a max depth of 1
               0.81 seconds total time

