
ff: parsing domain file
domain 'SATELLITE' defined
 ... done.
ff: parsing problem file
problem 'STRIPS-SAT-X-1' defined
 ... done.


no metric specified. plan length assumed.

checking for cyclic := effects --- OK.

ff: search configuration is EHC, if that fails then  best-first on 1*g(s) + 5*h(s) where
    metric is  plan length

Cueing down from goal distance:   10 into depth [1]
                                   9            [1]
                                   8            [1]
                                   7            [1]
                                   6            [1]
                                   5            [1]
                                   4            [1]
                                   3            [1]
                                   2            [1]
                                   1            [1]
                                   0            

ff: found legal plan as follows

step    0: TURN_TO SATELLITE0 GROUNDSTATION163 STAR144
        1: SWITCH_ON INSTRUMENT0 SATELLITE0
        2: CALIBRATE SATELLITE0 INSTRUMENT0 GROUNDSTATION163
        3: TURN_TO SATELLITE0 PHENOMENON167 GROUNDSTATION163
        4: TURN_TO SATELLITE1 GROUNDSTATION46 STAR94
        5: TURN_TO SATELLITE4 STAR21 GROUNDSTATION155
        6: TURN_TO SATELLITE8 GROUNDSTATION155 STAR81
        7: TAKE_IMAGE SATELLITE0 PHENOMENON167 INSTRUMENT0 IMAGE3
        8: TURN_TO SATELLITE0 STAR168 PHENOMENON167
        9: TAKE_IMAGE SATELLITE0 STAR168 INSTRUMENT0 SPECTROGRAPH1
     

time spent:    0.01 seconds instantiating 309443 easy, 0 hard action templates
               0.03 seconds reachability analysis, yielding 2677 facts and 309443 actions
               0.06 seconds creating final representation with 2677 relevant facts, 0 relevant fluents
               0.39 seconds computing LNF
               0.13 seconds building connectivity graph
               0.36 seconds searching, evaluating 17 states, to a max depth of 1
               0.98 seconds total time

