
ff: parsing domain file
domain 'SATELLITE' defined
 ... done.
ff: parsing problem file
problem 'STRIPS-SAT-X-1' defined
 ... done.


no metric specified. plan length assumed.

checking for cyclic := effects --- OK.

ff: search configuration is EHC, if that fails then  best-first on 1*g(s) + 5*h(s) where
    metric is  plan length

Cueing down from goal distance:   14 into depth [1]
                                  13            [1]
                                  12            [1]
                                  11            [1]
                                  10            [1]
                                   9            [1]
                                   8            [1]
                                   7            [1]
                                   6            [1]
                                   5            [1]
                                   4            [1]
                                   3            [1]
                                   2            [1]
                                   1            [1]
                                   0            

ff: found legal plan as follows

step    0: TURN_TO SATELLITE1 STAR166 GROUNDSTATION156
        1: SWITCH_ON INSTRUMENT2 SATELLITE1
        2: CALIBRATE SATELLITE1 INSTRUMENT2 STAR166
        3: TURN_TO SATELLITE1 STAR167 STAR166
        4: SWITCH_ON INSTRUMENT0 SATELLITE0
        5: CALIBRATE SATELLITE0 INSTRUMENT0 STAR53
        6: TURN_TO SATELLITE0 PLANET168 STAR53
        7: TURN_TO SATELLITE2 STAR145 STAR24
        8: TURN_TO SATELLITE7 GROUNDSTATION55 STAR100
        9: TURN_TO SATELLITE9 STAR101 STAR41
       10: TAKE_IMAGE SATELLITE1 STAR167 INSTRUMENT2 IMAGE1
       11: TURN_TO SATELLITE1 GROUNDSTATION25 STAR167
       12: TAKE_IMAGE SATELLITE0 PLANET168 INSTRUMENT0 THERMOGRAPH2
       13: TURN_TO SATELLITE0 STAR9 PLANET168
     

time spent:    0.00 seconds instantiating 301353 easy, 0 hard action templates
               0.04 seconds reachability analysis, yielding 2625 facts and 301353 actions
               0.04 seconds creating final representation with 2625 relevant facts, 0 relevant fluents
               0.34 seconds computing LNF
               0.12 seconds building connectivity graph
               0.37 seconds searching, evaluating 25 states, to a max depth of 1
               0.91 seconds total time

