
ff: parsing domain file
domain 'SATELLITE' defined
 ... done.
ff: parsing problem file
problem 'STRIPS-SAT-X-1' defined
 ... done.


no metric specified. plan length assumed.

checking for cyclic := effects --- OK.

ff: search configuration is EHC, if that fails then  best-first on 1*g(s) + 5*h(s) where
    metric is  plan length

Cueing down from goal distance:   13 into depth [1]
                                  11            [1]
                                  10            [1]
                                   9            [1][2]
                                   8            [1]
                                   7            [1]
                                   6            [1]
                                   5            [1]
                                   4            [1]
                                   3            [1]
                                   2            [1]
                                   1            [1]
                                   0            

ff: found legal plan as follows

step    0: TURN_TO SATELLITE0 STAR145 STAR84
        1: TURN_TO SATELLITE1 STAR74 GROUNDSTATION140
        2: TURN_TO SATELLITE9 GROUNDSTATION120 GROUNDSTATION2
        3: SWITCH_ON INSTRUMENT2 SATELLITE0
        4: TURN_TO SATELLITE2 GROUNDSTATION76 GROUNDSTATION29
        5: CALIBRATE SATELLITE0 INSTRUMENT2 STAR145
        6: TURN_TO SATELLITE0 PLANET167 STAR145
        7: SWITCH_ON INSTRUMENT13 SATELLITE2
        8: CALIBRATE SATELLITE2 INSTRUMENT13 GROUNDSTATION76
        9: TURN_TO SATELLITE2 PLANET168 GROUNDSTATION76
       10: TAKE_IMAGE SATELLITE0 PLANET167 INSTRUMENT2 IMAGE3
       11: TURN_TO SATELLITE0 GROUNDSTATION155 PLANET167
       12: TAKE_IMAGE SATELLITE2 PLANET168 INSTRUMENT13 INFRARED4
     

time spent:    0.01 seconds instantiating 308171 easy, 0 hard action templates
               0.03 seconds reachability analysis, yielding 2673 facts and 308171 actions
               0.05 seconds creating final representation with 2673 relevant facts, 0 relevant fluents
               0.36 seconds computing LNF
               0.13 seconds building connectivity graph
               0.64 seconds searching, evaluating 29 states, to a max depth of 2
               1.22 seconds total time

