
ff: parsing domain file
domain 'SATELLITE' defined
 ... done.
ff: parsing problem file
problem 'STRIPS-SAT-X-1' defined
 ... done.


no metric specified. plan length assumed.

checking for cyclic := effects --- OK.

ff: search configuration is EHC, if that fails then  best-first on 1*g(s) + 5*h(s) where
    metric is  plan length

Cueing down from goal distance:   17 into depth [1]
                                  15            [1]
                                  14            [1]
                                  13            [1]
                                  12            [1]
                                  11            [1]
                                  10            [1]
                                   9            [1]
                                   8            [1]
                                   7            [1]
                                   6            [1]
                                   5            [1]
                                   4            [1]
                                   3            [1]
                                   2            [1][2]
                                   1            [1]
                                   0            

ff: found legal plan as follows

step    0: TURN_TO SATELLITE0 GROUNDSTATION33 GROUNDSTATION76
        1: TURN_TO SATELLITE2 STAR122 STAR87
        2: TURN_TO SATELLITE3 GROUNDSTATION154 STAR93
        3: TURN_TO SATELLITE4 GROUNDSTATION125 GROUNDSTATION16
        4: SWITCH_ON INSTRUMENT2 SATELLITE0
        5: CALIBRATE SATELLITE0 INSTRUMENT2 GROUNDSTATION33
        6: TURN_TO SATELLITE0 PHENOMENON167 GROUNDSTATION33
        7: SWITCH_ON INSTRUMENT17 SATELLITE4
        8: CALIBRATE SATELLITE4 INSTRUMENT17 GROUNDSTATION125
        9: TURN_TO SATELLITE6 STAR146 STAR148
       10: TURN_TO SATELLITE7 STAR40 GROUNDSTATION103
       11: TURN_TO SATELLITE8 STAR137 STAR120
       12: TAKE_IMAGE SATELLITE0 PHENOMENON167 INSTRUMENT2 IMAGE3
       13: TURN_TO SATELLITE0 GROUNDSTATION126 PHENOMENON167
       14: TURN_TO SATELLITE4 PLANET168 GROUNDSTATION125
       15: TAKE_IMAGE SATELLITE4 PLANET168 INSTRUMENT17 IMAGE4
       16: TURN_TO SATELLITE4 GROUNDSTATION125 PLANET168
     

time spent:    0.01 seconds instantiating 305799 easy, 0 hard action templates
               0.03 seconds reachability analysis, yielding 2649 facts and 305799 actions
               0.04 seconds creating final representation with 2649 relevant facts, 0 relevant fluents
               0.35 seconds computing LNF
               0.12 seconds building connectivity graph
               0.83 seconds searching, evaluating 42 states, to a max depth of 2
               1.38 seconds total time

