
ff: parsing domain file
domain 'SATELLITE' defined
 ... done.
ff: parsing problem file
problem 'STRIPS-SAT-X-1' defined
 ... done.


no metric specified. plan length assumed.

checking for cyclic := effects --- OK.

ff: search configuration is EHC, if that fails then  best-first on 1*g(s) + 5*h(s) where
    metric is  plan length

Cueing down from goal distance:   11 into depth [1]
                                  10            [1]
                                   9            [1]
                                   8            [1]
                                   7            [1]
                                   6            [1]
                                   5            [1]
                                   4            [1]
                                   3            [1]
                                   2            [1]
                                   1            [1]
                                   0            

ff: found legal plan as follows

step    0: TURN_TO SATELLITE0 STAR35 STAR37
        1: SWITCH_ON INSTRUMENT1 SATELLITE0
        2: CALIBRATE SATELLITE0 INSTRUMENT1 STAR35
        3: TURN_TO SATELLITE0 PLANET41 STAR35
        4: TURN_TO SATELLITE1 PLANET41 GROUNDSTATION10
        5: TURN_TO SATELLITE2 GROUNDSTATION24 STAR30
        6: TURN_TO SATELLITE3 STAR40 STAR32
        7: TURN_TO SATELLITE5 GROUNDSTATION2 STAR20
        8: TAKE_IMAGE SATELLITE0 PLANET41 INSTRUMENT1 IMAGE1
        9: TURN_TO SATELLITE0 PLANET42 PLANET41
       10: TAKE_IMAGE SATELLITE0 PLANET42 INSTRUMENT1 THERMOGRAPH4
     

time spent:    0.00 seconds instantiating 24235 easy, 0 hard action templates
               0.00 seconds reachability analysis, yielding 777 facts and 24235 actions
               0.00 seconds creating final representation with 777 relevant facts, 0 relevant fluents
               0.03 seconds computing LNF
               0.01 seconds building connectivity graph
               0.01 seconds searching, evaluating 19 states, to a max depth of 1
               0.05 seconds total time

