
ff: parsing domain file
domain 'SATELLITE' defined
 ... done.
ff: parsing problem file
problem 'STRIPS-SAT-X-1' defined
 ... done.


no metric specified. plan length assumed.

checking for cyclic := effects --- OK.

ff: search configuration is EHC, if that fails then  best-first on 1*g(s) + 5*h(s) where
    metric is  plan length

Cueing down from goal distance:    9 into depth [1]
                                   7            [1]
                                   6            [1]
                                   5            [1]
                                   4            [1]
                                   3            [1]
                                   2            [1]
                                   1            [1]
                                   0            

ff: found legal plan as follows

step    0: TURN_TO SATELLITE7 STAR24 PHENOMENON41
        1: SWITCH_ON INSTRUMENT4 SATELLITE0
        2: CALIBRATE SATELLITE0 INSTRUMENT4 STAR16
        3: TURN_TO SATELLITE0 PHENOMENON41 STAR16
        4: TURN_TO SATELLITE7 GROUNDSTATION26 STAR24
        5: TAKE_IMAGE SATELLITE0 PHENOMENON41 INSTRUMENT4 THERMOGRAPH2
        6: TURN_TO SATELLITE0 STAR42 PHENOMENON41
        7: TAKE_IMAGE SATELLITE0 STAR42 INSTRUMENT4 THERMOGRAPH2
     

time spent:    0.00 seconds instantiating 25060 easy, 0 hard action templates
               0.00 seconds reachability analysis, yielding 787 facts and 25060 actions
               0.00 seconds creating final representation with 787 relevant facts, 0 relevant fluents
               0.03 seconds computing LNF
               0.01 seconds building connectivity graph
               0.00 seconds searching, evaluating 13 states, to a max depth of 1
               0.04 seconds total time

