
ff: parsing domain file
domain 'SATELLITE' defined
 ... done.
ff: parsing problem file
problem 'STRIPS-SAT-X-1' defined
 ... done.


no metric specified. plan length assumed.

checking for cyclic := effects --- OK.

ff: search configuration is EHC, if that fails then  best-first on 1*g(s) + 5*h(s) where
    metric is  plan length

Cueing down from goal distance:   13 into depth [1]
                                  12            [1]
                                  11            [1]
                                  10            [1]
                                   9            [1]
                                   8            [1]
                                   7            [1]
                                   6            [1]
                                   5            [1]
                                   4            [1]
                                   3            [1]
                                   2            [1]
                                   1            [1]
                                   0            

ff: found legal plan as follows

step    0: TURN_TO SATELLITE0 GROUNDSTATION32 GROUNDSTATION13
        1: SWITCH_ON INSTRUMENT11 SATELLITE2
        2: CALIBRATE SATELLITE2 INSTRUMENT11 GROUNDSTATION40
        3: TURN_TO SATELLITE2 PHENOMENON41 GROUNDSTATION40
        4: SWITCH_ON INSTRUMENT1 SATELLITE0
        5: CALIBRATE SATELLITE0 INSTRUMENT1 GROUNDSTATION32
        6: TURN_TO SATELLITE0 STAR42 GROUNDSTATION32
        7: TURN_TO SATELLITE1 GROUNDSTATION14 STAR27
        8: TURN_TO SATELLITE4 GROUNDSTATION25 GROUNDSTATION14
        9: TURN_TO SATELLITE5 STAR23 STAR3
       10: TURN_TO SATELLITE8 STAR0 GROUNDSTATION15
       11: TAKE_IMAGE SATELLITE2 PHENOMENON41 INSTRUMENT11 IMAGE1
       12: TAKE_IMAGE SATELLITE0 STAR42 INSTRUMENT1 INFRARED3
     

time spent:    0.00 seconds instantiating 24822 easy, 0 hard action templates
               0.00 seconds reachability analysis, yielding 789 facts and 24822 actions
               0.00 seconds creating final representation with 789 relevant facts, 0 relevant fluents
               0.04 seconds computing LNF
               0.00 seconds building connectivity graph
               0.00 seconds searching, evaluating 14 states, to a max depth of 1
               0.04 seconds total time

