
ff: parsing domain file
domain 'SATELLITE' defined
 ... done.
ff: parsing problem file
problem 'STRIPS-SAT-X-1' defined
 ... done.


no metric specified. plan length assumed.

checking for cyclic := effects --- OK.

ff: search configuration is EHC, if that fails then  best-first on 1*g(s) + 5*h(s) where
    metric is  plan length

Cueing down from goal distance:   15 into depth [1]
                                  14            [1]
                                  13            [1]
                                  12            [1]
                                  11            [1]
                                  10            [1]
                                   9            [1]
                                   8            [1]
                                   7            [1]
                                   6            [1]
                                   5            [1]
                                   4            [1]
                                   3            [1]
                                   2            [1]
                                   1            [1]
                                   0            

ff: found legal plan as follows

step    0: TURN_TO SATELLITE0 GROUNDSTATION33 STAR6
        1: SWITCH_ON INSTRUMENT0 SATELLITE0
        2: TURN_TO SATELLITE2 GROUNDSTATION2 GROUNDSTATION5
        3: CALIBRATE SATELLITE0 INSTRUMENT0 GROUNDSTATION33
        4: TURN_TO SATELLITE0 STAR68 GROUNDSTATION33
        5: SWITCH_ON INSTRUMENT15 SATELLITE2
        6: CALIBRATE SATELLITE2 INSTRUMENT15 GROUNDSTATION2
        7: TURN_TO SATELLITE2 PLANET69 GROUNDSTATION2
        8: TURN_TO SATELLITE1 STAR41 STAR56
        9: TURN_TO SATELLITE5 GROUNDSTATION0 GROUNDSTATION13
       10: TURN_TO SATELLITE6 STAR17 GROUNDSTATION5
       11: TURN_TO SATELLITE7 GROUNDSTATION30 STAR46
       12: TAKE_IMAGE SATELLITE0 STAR68 INSTRUMENT0 THERMOGRAPH1
       13: TURN_TO SATELLITE0 STAR52 STAR68
       14: TAKE_IMAGE SATELLITE2 PLANET69 INSTRUMENT15 THERMOGRAPH4
     

time spent:    0.00 seconds instantiating 55201 easy, 0 hard action templates
               0.00 seconds reachability analysis, yielding 1150 facts and 55201 actions
               0.01 seconds creating final representation with 1150 relevant facts, 0 relevant fluents
               0.08 seconds computing LNF
               0.02 seconds building connectivity graph
               0.04 seconds searching, evaluating 22 states, to a max depth of 1
               0.15 seconds total time

