
ff: parsing domain file
domain 'SATELLITE' defined
 ... done.
ff: parsing problem file
problem 'STRIPS-SAT-X-1' defined
 ... done.


no metric specified. plan length assumed.

checking for cyclic := effects --- OK.

ff: search configuration is EHC, if that fails then  best-first on 1*g(s) + 5*h(s) where
    metric is  plan length

Cueing down from goal distance:   13 into depth [1]
                                  12            [1]
                                  11            [1]
                                  10            [1]
                                   9            [1]
                                   8            [1][2]
                                   7            [1]
                                   6            [1]
                                   5            [1]
                                   4            [1]
                                   3            [1]
                                   2            [1][2]
                                   1            [1]
                                   0            

ff: found legal plan as follows

step    0: TURN_TO SATELLITE0 STAR47 STAR42
        1: TURN_TO SATELLITE0 GROUNDSTATION55 STAR47
        2: TURN_TO SATELLITE6 STAR38 STAR50
        3: TURN_TO SATELLITE8 GROUNDSTATION22 STAR9
        4: TURN_TO SATELLITE9 GROUNDSTATION1 STAR35
        5: SWITCH_ON INSTRUMENT2 SATELLITE0
        6: TURN_TO SATELLITE1 GROUNDSTATION30 GROUNDSTATION0
        7: CALIBRATE SATELLITE0 INSTRUMENT2 GROUNDSTATION55
        8: SWITCH_ON INSTRUMENT10 SATELLITE1
        9: CALIBRATE SATELLITE1 INSTRUMENT10 GROUNDSTATION30
       10: TURN_TO SATELLITE1 PLANET69 GROUNDSTATION30
       11: TAKE_IMAGE SATELLITE1 PLANET69 INSTRUMENT10 IMAGE1
       12: TURN_TO SATELLITE0 PHENOMENON68 GROUNDSTATION55
       13: TAKE_IMAGE SATELLITE0 PHENOMENON68 INSTRUMENT2 IMAGE3
       14: TURN_TO SATELLITE0 GROUNDSTATION55 PHENOMENON68
     

time spent:    0.00 seconds instantiating 58054 easy, 0 hard action templates
               0.00 seconds reachability analysis, yielding 1178 facts and 58054 actions
               0.01 seconds creating final representation with 1178 relevant facts, 0 relevant fluents
               0.07 seconds computing LNF
               0.02 seconds building connectivity graph
               0.08 seconds searching, evaluating 39 states, to a max depth of 2
               0.18 seconds total time

