
ff: parsing domain file
domain 'SATELLITE' defined
 ... done.
ff: parsing problem file
problem 'STRIPS-SAT-X-1' defined
 ... done.


no metric specified. plan length assumed.

checking for cyclic := effects --- OK.

ff: search configuration is EHC, if that fails then  best-first on 1*g(s) + 5*h(s) where
    metric is  plan length

Cueing down from goal distance:   10 into depth [1]
                                   9            [1]
                                   8            [1]
                                   7            [1]
                                   6            [1]
                                   5            [1]
                                   4            [1]
                                   3            [1]
                                   2            [1]
                                   1            [1]
                                   0            

ff: found legal plan as follows

step    0: TURN_TO SATELLITE0 GROUNDSTATION155 STAR187
        1: SWITCH_ON INSTRUMENT0 SATELLITE0
        2: CALIBRATE SATELLITE0 INSTRUMENT0 GROUNDSTATION155
        3: TURN_TO SATELLITE0 PLANET198 GROUNDSTATION155
        4: TURN_TO SATELLITE1 STAR17 GROUNDSTATION74
        5: TURN_TO SATELLITE3 STAR43 STAR127
        6: TURN_TO SATELLITE6 STAR98 STAR191
        7: TURN_TO SATELLITE9 GROUNDSTATION32 STAR167
        8: TAKE_IMAGE SATELLITE0 PLANET198 INSTRUMENT0 INFRARED3
        9: TURN_TO SATELLITE0 STAR65 PLANET198
     

time spent:    0.01 seconds instantiating 415008 easy, 0 hard action templates
               0.03 seconds reachability analysis, yielding 3080 facts and 415008 actions
               0.07 seconds creating final representation with 3080 relevant facts, 0 relevant fluents
               0.47 seconds computing LNF
               0.16 seconds building connectivity graph
               0.28 seconds searching, evaluating 16 states, to a max depth of 1
               1.02 seconds total time

