
ff: parsing domain file
domain 'SATELLITE' defined
 ... done.
ff: parsing problem file
problem 'STRIPS-SAT-X-1' defined
 ... done.


no metric specified. plan length assumed.

checking for cyclic := effects --- OK.

ff: search configuration is EHC, if that fails then  best-first on 1*g(s) + 5*h(s) where
    metric is  plan length

Cueing down from goal distance:   13 into depth [1]
                                  12            [1]
                                  10            [1]
                                   9            [1]
                                   8            [1]
                                   7            [1]
                                   6            [1]
                                   5            [1]
                                   4            [1]
                                   3            [1]
                                   2            [1]
                                   1            [1]
                                   0            

ff: found legal plan as follows

step    0: TURN_TO SATELLITE0 GROUNDSTATION103 GROUNDSTATION186
        1: SWITCH_ON INSTRUMENT1 SATELLITE0
        2: CALIBRATE SATELLITE0 INSTRUMENT1 GROUNDSTATION103
        3: TURN_TO SATELLITE0 STAR198 GROUNDSTATION103
        4: SWITCH_ON INSTRUMENT10 SATELLITE1
        5: CALIBRATE SATELLITE1 INSTRUMENT10 GROUNDSTATION86
        6: TURN_TO SATELLITE1 PHENOMENON199 GROUNDSTATION86
        7: TURN_TO SATELLITE4 GROUNDSTATION173 GROUNDSTATION169
        8: TURN_TO SATELLITE6 STAR163 GROUNDSTATION124
        9: TURN_TO SATELLITE7 STAR14 STAR192
       10: TAKE_IMAGE SATELLITE0 STAR198 INSTRUMENT1 IMAGE2
       11: TAKE_IMAGE SATELLITE1 PHENOMENON199 INSTRUMENT10 THERMOGRAPH0
     

time spent:    0.02 seconds instantiating 420674 easy, 0 hard action templates
               0.03 seconds reachability analysis, yielding 3110 facts and 420674 actions
               0.06 seconds creating final representation with 3110 relevant facts, 0 relevant fluents
               0.49 seconds computing LNF
               0.17 seconds building connectivity graph
               0.28 seconds searching, evaluating 14 states, to a max depth of 1
               1.05 seconds total time

