
ff: parsing domain file
domain 'SATELLITE' defined
 ... done.
ff: parsing problem file
problem 'STRIPS-SAT-X-1' defined
 ... done.


no metric specified. plan length assumed.

checking for cyclic := effects --- OK.

ff: search configuration is EHC, if that fails then  best-first on 1*g(s) + 5*h(s) where
    metric is  plan length

Cueing down from goal distance:   12 into depth [1]
                                  11            [1]
                                  10            [1]
                                   9            [1]
                                   8            [1]
                                   7            [1]
                                   6            [1]
                                   5            [1]
                                   4            [1]
                                   3            [1]
                                   2            [1]
                                   1            [1]
                                   0            

ff: found legal plan as follows

step    0: TURN_TO SATELLITE0 GROUNDSTATION120 STAR30
        1: SWITCH_ON INSTRUMENT2 SATELLITE0
        2: CALIBRATE SATELLITE0 INSTRUMENT2 GROUNDSTATION120
        3: TURN_TO SATELLITE0 PHENOMENON198 GROUNDSTATION120
        4: TURN_TO SATELLITE2 STAR125 STAR106
        5: TURN_TO SATELLITE4 GROUNDSTATION53 GROUNDSTATION104
        6: TURN_TO SATELLITE8 GROUNDSTATION20 GROUNDSTATION112
        7: TURN_TO SATELLITE9 GROUNDSTATION74 STAR100
        8: TAKE_IMAGE SATELLITE0 PHENOMENON198 INSTRUMENT2 INFRARED4
        9: TURN_TO SATELLITE0 PHENOMENON199 PHENOMENON198
       10: TAKE_IMAGE SATELLITE0 PHENOMENON199 INSTRUMENT2 INFRARED4
       11: TURN_TO SATELLITE0 STAR35 PHENOMENON199
     

time spent:    0.01 seconds instantiating 431869 easy, 0 hard action templates
               0.05 seconds reachability analysis, yielding 3156 facts and 431869 actions
               0.06 seconds creating final representation with 3156 relevant facts, 0 relevant fluents
               0.51 seconds computing LNF
               0.17 seconds building connectivity graph
               0.72 seconds searching, evaluating 26 states, to a max depth of 1
               1.52 seconds total time

