
ff: parsing domain file
domain 'SATELLITE' defined
 ... done.
ff: parsing problem file
problem 'STRIPS-SAT-X-1' defined
 ... done.


no metric specified. plan length assumed.

checking for cyclic := effects --- OK.

ff: search configuration is EHC, if that fails then  best-first on 1*g(s) + 5*h(s) where
    metric is  plan length

Cueing down from goal distance:   10 into depth [1]
                                   9            [1]
                                   8            [1]
                                   7            [1]
                                   6            [1]
                                   5            [1]
                                   4            [1]
                                   3            [1]
                                   2            [1]
                                   1            [1]
                                   0            

ff: found legal plan as follows

step    0: TURN_TO SATELLITE0 GROUNDSTATION26 STAR137
        1: SWITCH_ON INSTRUMENT0 SATELLITE0
        2: CALIBRATE SATELLITE0 INSTRUMENT0 GROUNDSTATION26
        3: TURN_TO SATELLITE0 STAR198 GROUNDSTATION26
        4: TURN_TO SATELLITE5 GROUNDSTATION28 STAR116
        5: TURN_TO SATELLITE7 STAR58 GROUNDSTATION169
        6: TAKE_IMAGE SATELLITE0 STAR198 INSTRUMENT0 SPECTROGRAPH2
        7: TURN_TO SATELLITE0 PHENOMENON199 STAR198
        8: TAKE_IMAGE SATELLITE0 PHENOMENON199 INSTRUMENT0 SPECTROGRAPH2
        9: TURN_TO SATELLITE0 STAR148 PHENOMENON199
     

time spent:    0.01 seconds instantiating 424088 easy, 0 hard action templates
               0.04 seconds reachability analysis, yielding 3126 facts and 424088 actions
               0.09 seconds creating final representation with 3126 relevant facts, 0 relevant fluents
               0.50 seconds computing LNF
               0.17 seconds building connectivity graph
               0.66 seconds searching, evaluating 20 states, to a max depth of 1
               1.47 seconds total time

