
ff: parsing domain file
domain 'SATELLITE' defined
 ... done.
ff: parsing problem file
problem 'STRIPS-SAT-X-1' defined
 ... done.


no metric specified. plan length assumed.

checking for cyclic := effects --- OK.

ff: search configuration is EHC, if that fails then  best-first on 1*g(s) + 5*h(s) where
    metric is  plan length

Cueing down from goal distance:   15 into depth [1]
                                  14            [1]
                                  13            [1]
                                  12            [1]
                                  11            [1]
                                  10            [1]
                                   9            [1]
                                   8            [1]
                                   7            [1]
                                   6            [1]
                                   5            [1]
                                   4            [1]
                                   3            [1]
                                   2            [1]
                                   1            [1]
                                   0            

ff: found legal plan as follows

step    0: SWITCH_ON INSTRUMENT3 SATELLITE2
        1: TURN_TO SATELLITE3 STAR174 STAR152
        2: CALIBRATE SATELLITE2 INSTRUMENT3 STAR66
        3: TURN_TO SATELLITE2 PLANET198 STAR66
        4: SWITCH_ON INSTRUMENT13 SATELLITE3
        5: CALIBRATE SATELLITE3 INSTRUMENT13 STAR174
        6: TURN_TO SATELLITE3 PLANET199 STAR174
        7: TURN_TO SATELLITE0 GROUNDSTATION123 GROUNDSTATION138
        8: TURN_TO SATELLITE6 STAR183 GROUNDSTATION98
        9: TURN_TO SATELLITE7 STAR80 GROUNDSTATION130
       10: TURN_TO SATELLITE9 STAR21 STAR127
       11: TAKE_IMAGE SATELLITE2 PLANET198 INSTRUMENT3 INFRARED2
       12: TURN_TO SATELLITE2 GROUNDSTATION73 PLANET198
       13: TAKE_IMAGE SATELLITE3 PLANET199 INSTRUMENT13 IMAGE3
       14: TURN_TO SATELLITE3 GROUNDSTATION124 PLANET199
     

time spent:    0.01 seconds instantiating 421261 easy, 0 hard action templates
               0.04 seconds reachability analysis, yielding 3104 facts and 421261 actions
               0.06 seconds creating final representation with 3104 relevant facts, 0 relevant fluents
               0.49 seconds computing LNF
               0.16 seconds building connectivity graph
               0.52 seconds searching, evaluating 26 states, to a max depth of 1
               1.28 seconds total time

