
ff: parsing domain file
domain 'SATELLITE' defined
 ... done.
ff: parsing problem file
problem 'STRIPS-SAT-X-1' defined
 ... done.


no metric specified. plan length assumed.

checking for cyclic := effects --- OK.

ff: search configuration is EHC, if that fails then  best-first on 1*g(s) + 5*h(s) where
    metric is  plan length

Cueing down from goal distance:   14 into depth [1]
                                  12            [1]
                                   9            [1]
                                   8            [1]
                                   7            [1]
                                   6            [1]
                                   5            [1]
                                   4            [1]
                                   3            [1]
                                   2            [1]
                                   1            [1]
                                   0            

ff: found legal plan as follows

step    0: TURN_TO SATELLITE0 GROUNDSTATION43 STAR188
        1: SWITCH_ON INSTRUMENT2 SATELLITE0
        2: CALIBRATE SATELLITE0 INSTRUMENT2 GROUNDSTATION43
        3: TURN_TO SATELLITE0 PHENOMENON198 GROUNDSTATION43
        4: TURN_TO SATELLITE2 STAR20 GROUNDSTATION136
        5: TURN_TO SATELLITE3 GROUNDSTATION11 GROUNDSTATION165
        6: TURN_TO SATELLITE8 STAR181 GROUNDSTATION6
        7: TAKE_IMAGE SATELLITE0 PHENOMENON198 INSTRUMENT2 THERMOGRAPH3
        8: TURN_TO SATELLITE0 STAR199 PHENOMENON198
        9: TAKE_IMAGE SATELLITE0 STAR199 INSTRUMENT2 THERMOGRAPH0
       10: TURN_TO SATELLITE0 GROUNDSTATION136 STAR199
     

time spent:    0.01 seconds instantiating 416879 easy, 0 hard action templates
               0.04 seconds reachability analysis, yielding 3086 facts and 416879 actions
               0.06 seconds creating final representation with 3086 relevant facts, 0 relevant fluents
               0.49 seconds computing LNF
               0.16 seconds building connectivity graph
               0.58 seconds searching, evaluating 22 states, to a max depth of 1
               1.34 seconds total time

