
ff: parsing domain file
domain 'SATELLITE' defined
 ... done.
ff: parsing problem file
problem 'STRIPS-SAT-X-1' defined
 ... done.


no metric specified. plan length assumed.

checking for cyclic := effects --- OK.

ff: search configuration is EHC, if that fails then  best-first on 1*g(s) + 5*h(s) where
    metric is  plan length

Cueing down from goal distance:   10 into depth [1]
                                   9            [1]
                                   8            [1]
                                   7            [1]
                                   6            [1]
                                   5            [1]
                                   4            [1]
                                   3            [1]
                                   2            [1]
                                   1            [1]
                                   0            

ff: found legal plan as follows

step    0: TURN_TO SATELLITE0 GROUNDSTATION15 GROUNDSTATION92
        1: SWITCH_ON INSTRUMENT0 SATELLITE0
        2: CALIBRATE SATELLITE0 INSTRUMENT0 GROUNDSTATION15
        3: TURN_TO SATELLITE0 PLANET147 GROUNDSTATION15
        4: TURN_TO SATELLITE1 STAR145 STAR90
        5: TURN_TO SATELLITE2 STAR25 STAR9
        6: TURN_TO SATELLITE4 STAR63 GROUNDSTATION85
        7: TURN_TO SATELLITE5 STAR117 STAR131
        8: TURN_TO SATELLITE6 STAR132 GROUNDSTATION126
        9: TAKE_IMAGE SATELLITE0 PLANET147 INSTRUMENT0 THERMOGRAPH2
     

time spent:    0.00 seconds instantiating 239324 easy, 0 hard action templates
               0.02 seconds reachability analysis, yielding 2342 facts and 239324 actions
               0.04 seconds creating final representation with 2342 relevant facts, 0 relevant fluents
               0.29 seconds computing LNF
               0.09 seconds building connectivity graph
               0.07 seconds searching, evaluating 11 states, to a max depth of 1
               0.51 seconds total time

