
ff: parsing domain file
domain 'SATELLITE' defined
 ... done.
ff: parsing problem file
problem 'STRIPS-SAT-X-1' defined
 ... done.


no metric specified. plan length assumed.

checking for cyclic := effects --- OK.

ff: search configuration is EHC, if that fails then  best-first on 1*g(s) + 5*h(s) where
    metric is  plan length

Cueing down from goal distance:    9 into depth [1]
                                   8            [1]
                                   7            [1]
                                   6            [1]
                                   5            [1]
                                   4            [1]
                                   3            [1]
                                   2            [1]
                                   1            [1]
                                   0            

ff: found legal plan as follows

step    0: SWITCH_ON INSTRUMENT1 SATELLITE0
        1: CALIBRATE SATELLITE0 INSTRUMENT1 STAR53
        2: TURN_TO SATELLITE0 PHENOMENON146 STAR53
        3: TURN_TO SATELLITE3 STAR20 GROUNDSTATION68
        4: TURN_TO SATELLITE7 STAR72 STAR122
        5: TURN_TO SATELLITE9 GROUNDSTATION67 GROUNDSTATION145
        6: TAKE_IMAGE SATELLITE0 PHENOMENON146 INSTRUMENT1 IMAGE3
        7: TURN_TO SATELLITE0 PLANET147 PHENOMENON146
        8: TAKE_IMAGE SATELLITE0 PLANET147 INSTRUMENT1 IMAGE3
     

time spent:    0.00 seconds instantiating 243314 easy, 0 hard action templates
               0.03 seconds reachability analysis, yielding 2370 facts and 243314 actions
               0.06 seconds creating final representation with 2370 relevant facts, 0 relevant fluents
               0.30 seconds computing LNF
               0.11 seconds building connectivity graph
               0.28 seconds searching, evaluating 16 states, to a max depth of 1
               0.78 seconds total time

