
ff: parsing domain file
domain 'SATELLITE' defined
 ... done.
ff: parsing problem file
problem 'STRIPS-SAT-X-1' defined
 ... done.


no metric specified. plan length assumed.

checking for cyclic := effects --- OK.

ff: search configuration is EHC, if that fails then  best-first on 1*g(s) + 5*h(s) where
    metric is  plan length

Cueing down from goal distance:    8 into depth [1]
                                   7            [1]
                                   6            [1]
                                   5            [1][2]
                                   4            [1]
                                   3            [1]
                                   2            [1]
                                   1            [1]
                                   0            

ff: found legal plan as follows

step    0: SWITCH_ON INSTRUMENT1 SATELLITE0
        1: TURN_TO SATELLITE7 STAR17 GROUNDSTATION58
        2: TURN_TO SATELLITE8 STAR3 STAR73
        3: TURN_TO SATELLITE0 STAR86 STAR147
        4: CALIBRATE SATELLITE0 INSTRUMENT1 STAR86
        5: TURN_TO SATELLITE0 STAR146 STAR86
        6: TAKE_IMAGE SATELLITE0 STAR146 INSTRUMENT1 IMAGE4
        7: TURN_TO SATELLITE0 STAR147 STAR146
        8: TAKE_IMAGE SATELLITE0 STAR147 INSTRUMENT1 IMAGE4
     

time spent:    0.00 seconds instantiating 233602 easy, 0 hard action templates
               0.02 seconds reachability analysis, yielding 2312 facts and 233602 actions
               0.04 seconds creating final representation with 2312 relevant facts, 0 relevant fluents
               0.31 seconds computing LNF
               0.11 seconds building connectivity graph
               0.27 seconds searching, evaluating 18 states, to a max depth of 2
               0.75 seconds total time

