
ff: parsing domain file
domain 'SATELLITE' defined
 ... done.
ff: parsing problem file
problem 'STRIPS-SAT-X-1' defined
 ... done.


no metric specified. plan length assumed.

checking for cyclic := effects --- OK.

ff: search configuration is EHC, if that fails then  best-first on 1*g(s) + 5*h(s) where
    metric is  plan length

Cueing down from goal distance:   16 into depth [1]
                                  12            [1]
                                  11            [1]
                                  10            [1]
                                   9            [1]
                                   8            [1]
                                   7            [1]
                                   6            [1]
                                   5            [1]
                                   4            [1]
                                   3            [1]
                                   2            [1]
                                   1            [1]
                                   0            

ff: found legal plan as follows

step    0: SWITCH_ON INSTRUMENT4 SATELLITE0
        1: CALIBRATE SATELLITE0 INSTRUMENT4 GROUNDSTATION94
        2: TURN_TO SATELLITE0 PHENOMENON146 GROUNDSTATION94
        3: TURN_TO SATELLITE1 STAR127 STAR84
        4: TURN_TO SATELLITE2 STAR57 STAR51
        5: TURN_TO SATELLITE5 STAR77 GROUNDSTATION76
        6: TURN_TO SATELLITE7 STAR126 STAR16
        7: TURN_TO SATELLITE8 STAR143 GROUNDSTATION110
        8: TURN_TO SATELLITE9 STAR117 GROUNDSTATION4
        9: TAKE_IMAGE SATELLITE0 PHENOMENON146 INSTRUMENT4 INFRARED0
       10: TURN_TO SATELLITE0 PHENOMENON147 PHENOMENON146
       11: TAKE_IMAGE SATELLITE0 PHENOMENON147 INSTRUMENT4 INFRARED4
       12: TURN_TO SATELLITE0 GROUNDSTATION110 PHENOMENON147
     

time spent:    0.00 seconds instantiating 238396 easy, 0 hard action templates
               0.03 seconds reachability analysis, yielding 2342 facts and 238396 actions
               0.03 seconds creating final representation with 2342 relevant facts, 0 relevant fluents
               0.27 seconds computing LNF
               0.09 seconds building connectivity graph
               0.46 seconds searching, evaluating 31 states, to a max depth of 1
               0.88 seconds total time

