
ff: parsing domain file
domain 'BLOCKS' defined
 ... done.
ff: parsing problem file
problem 'PB1' defined
 ... done.


no metric specified. plan length assumed.

checking for cyclic := effects --- OK.

ff: search configuration is EHC, if that fails then  best-first on 1*g(s) + 5*h(s) where
    metric is  plan length

Cueing down from goal distance:   47 into depth [1]
                                  46            [1]
                                  45            [1][2]
                                  44            [1][2][3]
                                  43            [1]
                                  42            [1]
                                  41            [1]
                                  40            [1]
                                  39            [1]
                                  38            [1]
                                  37            [1]
                                  36            [1][2][3]
                                  35            [1]
                                  34            [1][2][3][4][5][6]
                                  33            [1][2]
                                  31            [1][2][3][4]
                                  29            [1]
                                  28            [1]
                                  27            [1]
                                  26            [1]
                                  25            [1]
                                  24            [1]
                                  23            [1][2]
                                  21            [1]
                                  20            [1][2][3][4][5]
                                  19            [1]
                                  18            [1]
                                  17            [1][2][3][4]
                                  16            [1][2][3]
                                  15            [1][2][3][4][5]
                                  14            [1]
                                  13            [1]
                                  12            [1]
                                  11            [1]
                                  10            [1][2]
                                   8            [1][2][3][4]
                                   7            [1][2]
                                   5            [1]
                                   4            [1]
                                   3            [1][2][3][4]
                                   2            [1][2]
                                   0            

ff: found legal plan as follows

step    0: UNSTACK BLOCK21 BLOCK5
        1: PUT-DOWN BLOCK21
        2: UNSTACK BLOCK22 BLOCK20
        3: STACK BLOCK22 BLOCK6
        4: UNSTACK BLOCK16 BLOCK11
        5: STACK BLOCK16 BLOCK22
        6: UNSTACK BLOCK11 BLOCK13
        7: PUT-DOWN BLOCK11
        8: UNSTACK BLOCK13 BLOCK1
        9: PUT-DOWN BLOCK13
       10: UNSTACK BLOCK1 BLOCK25
       11: PUT-DOWN BLOCK1
       12: PICK-UP BLOCK25
       13: STACK BLOCK25 BLOCK21
       14: UNSTACK BLOCK20 BLOCK10
       15: STACK BLOCK20 BLOCK25
       16: PICK-UP BLOCK10
       17: STACK BLOCK10 BLOCK1
       18: UNSTACK BLOCK16 BLOCK22
       19: STACK BLOCK16 BLOCK13
       20: UNSTACK BLOCK22 BLOCK6
       21: STACK BLOCK22 BLOCK20
       22: UNSTACK BLOCK6 BLOCK17
       23: STACK BLOCK6 BLOCK10
       24: UNSTACK BLOCK22 BLOCK20
       25: STACK BLOCK22 BLOCK6
       26: UNSTACK BLOCK17 BLOCK4
       27: STACK BLOCK17 BLOCK22
       28: UNSTACK BLOCK4 BLOCK15
       29: STACK BLOCK4 BLOCK11
       30: UNSTACK BLOCK15 BLOCK8
       31: PUT-DOWN BLOCK15
       32: UNSTACK BLOCK8 BLOCK3
       33: STACK BLOCK8 BLOCK15
       34: UNSTACK BLOCK16 BLOCK13
       35: STACK BLOCK16 BLOCK8
       36: UNSTACK BLOCK3 BLOCK24
       37: STACK BLOCK3 BLOCK16
       38: PICK-UP BLOCK5
       39: STACK BLOCK5 BLOCK3
       40: UNSTACK BLOCK20 BLOCK25
       41: STACK BLOCK20 BLOCK17
       42: UNSTACK BLOCK24 BLOCK12
       43: STACK BLOCK24 BLOCK25
       44: UNSTACK BLOCK5 BLOCK3
       45: STACK BLOCK5 BLOCK24
       46: UNSTACK BLOCK20 BLOCK17
       47: STACK BLOCK20 BLOCK3
       48: UNSTACK BLOCK12 BLOCK14
       49: STACK BLOCK12 BLOCK17
       50: UNSTACK BLOCK14 BLOCK18
       51: STACK BLOCK14 BLOCK20
       52: UNSTACK BLOCK18 BLOCK9
       53: STACK BLOCK18 BLOCK14
       54: UNSTACK BLOCK9 BLOCK19
       55: STACK BLOCK9 BLOCK18
       56: UNSTACK BLOCK19 BLOCK23
       57: STACK BLOCK19 BLOCK5
       58: UNSTACK BLOCK9 BLOCK18
       59: STACK BLOCK9 BLOCK19
       60: UNSTACK BLOCK23 BLOCK7
       61: STACK BLOCK23 BLOCK13
       62: UNSTACK BLOCK7 BLOCK2
       63: PUT-DOWN BLOCK7
       64: UNSTACK BLOCK18 BLOCK14
       65: STACK BLOCK18 BLOCK23
       66: UNSTACK BLOCK14 BLOCK20
       67: STACK BLOCK14 BLOCK2
       68: UNSTACK BLOCK18 BLOCK23
       69: STACK BLOCK18 BLOCK14
       70: UNSTACK BLOCK20 BLOCK3
       71: STACK BLOCK20 BLOCK23
       72: UNSTACK BLOCK12 BLOCK17
       73: STACK BLOCK12 BLOCK7
       74: UNSTACK BLOCK17 BLOCK22
       75: STACK BLOCK17 BLOCK9
       76: UNSTACK BLOCK12 BLOCK7
       77: STACK BLOCK12 BLOCK17
     

time spent:    0.00 seconds instantiating 1300 easy, 0 hard action templates
               0.00 seconds reachability analysis, yielding 701 facts and 1300 actions
               0.00 seconds creating final representation with 701 relevant facts, 0 relevant fluents
               0.00 seconds computing LNF
               0.00 seconds building connectivity graph
               0.07 seconds searching, evaluating 2094 states, to a max depth of 6
               0.07 seconds total time

