
ff: parsing domain file
domain 'BLOCKS' defined
 ... done.
ff: parsing problem file
problem 'PB4' defined
 ... done.


no metric specified. plan length assumed.

checking for cyclic := effects --- OK.

ff: search configuration is EHC, if that fails then  best-first on 1*g(s) + 5*h(s) where
    metric is  plan length

Cueing down from goal distance:   39 into depth [1]
                                  38            [1]
                                  37            [1]
                                  36            [1][2][3][4][5][6][7][8][9][10][11]
                                  35            [1]
                                  34            [1][2]
                                  33            [1]
                                  32            [1]
                                  31            [1]
                                  30            [1]
                                  29            [1][2][3][4]
                                  28            [1]
                                  27            [1][2][3][4]
                                  26            [1]
                                  25            [1]
                                  24            [1][2]
                                  22            [1]
                                  21            [1][2]
                                  20            [1]
                                  19            [1][2][3][4][5]
                                  18            [1][2][3][4][5][6]
                                  17            [1][2][3]
                                  15            [1][2][3][4]
                                  14            [1]
                                  13            [1]
                                  12            [1]
                                  11            [1]
                                  10            [1][2][3][4]
                                   9            [1]
                                   8            [1]
                                   7            [1]
                                   6            [1]
                                   5            [1][2][3][4][5][6][7][8][9][10]
                                   4            [1]
                                   3            [1]
                                   2            [1][2]
                                   0            

ff: found legal plan as follows

step    0: UNSTACK BLOCK9 BLOCK1
        1: PUT-DOWN BLOCK9
        2: UNSTACK BLOCK1 BLOCK16
        3: STACK BLOCK1 BLOCK24
        4: UNSTACK BLOCK18 BLOCK7
        5: STACK BLOCK18 BLOCK16
        6: UNSTACK BLOCK7 BLOCK8
        7: STACK BLOCK7 BLOCK18
        8: UNSTACK BLOCK8 BLOCK2
        9: STACK BLOCK8 BLOCK9
       10: UNSTACK BLOCK2 BLOCK12
       11: STACK BLOCK2 BLOCK8
       12: UNSTACK BLOCK12 BLOCK17
       13: PUT-DOWN BLOCK12
       14: UNSTACK BLOCK1 BLOCK24
       15: STACK BLOCK1 BLOCK6
       16: UNSTACK BLOCK17 BLOCK4
       17: PUT-DOWN BLOCK17
       18: UNSTACK BLOCK4 BLOCK21
       19: STACK BLOCK4 BLOCK24
       20: UNSTACK BLOCK7 BLOCK18
       21: STACK BLOCK7 BLOCK21
       22: UNSTACK BLOCK2 BLOCK8
       23: STACK BLOCK2 BLOCK18
       24: UNSTACK BLOCK8 BLOCK9
       25: STACK BLOCK8 BLOCK4
       26: UNSTACK BLOCK7 BLOCK21
       27: STACK BLOCK7 BLOCK17
       28: UNSTACK BLOCK21 BLOCK13
       29: STACK BLOCK21 BLOCK9
       30: UNSTACK BLOCK7 BLOCK17
       31: STACK BLOCK7 BLOCK21
       32: UNSTACK BLOCK13 BLOCK5
       33: STACK BLOCK13 BLOCK8
       34: UNSTACK BLOCK5 BLOCK19
       35: STACK BLOCK5 BLOCK2
       36: UNSTACK BLOCK19 BLOCK22
       37: STACK BLOCK19 BLOCK17
       38: UNSTACK BLOCK22 BLOCK25
       39: STACK BLOCK22 BLOCK19
       40: UNSTACK BLOCK25 BLOCK20
       41: STACK BLOCK25 BLOCK1
       42: UNSTACK BLOCK22 BLOCK19
       43: STACK BLOCK22 BLOCK25
       44: UNSTACK BLOCK20 BLOCK14
       45: STACK BLOCK20 BLOCK22
       46: UNSTACK BLOCK14 BLOCK10
       47: STACK BLOCK14 BLOCK20
       48: UNSTACK BLOCK10 BLOCK3
       49: STACK BLOCK10 BLOCK14
       50: UNSTACK BLOCK3 BLOCK23
       51: STACK BLOCK3 BLOCK19
       52: UNSTACK BLOCK5 BLOCK2
       53: STACK BLOCK5 BLOCK3
       54: UNSTACK BLOCK2 BLOCK18
       55: STACK BLOCK2 BLOCK23
       56: UNSTACK BLOCK5 BLOCK3
       57: STACK BLOCK5 BLOCK2
       58: UNSTACK BLOCK18 BLOCK16
       59: STACK BLOCK18 BLOCK5
       60: UNSTACK BLOCK10 BLOCK14
       61: STACK BLOCK10 BLOCK16
       62: UNSTACK BLOCK14 BLOCK20
       63: STACK BLOCK14 BLOCK18
       64: UNSTACK BLOCK10 BLOCK16
       65: STACK BLOCK10 BLOCK14
       66: UNSTACK BLOCK20 BLOCK22
       67: STACK BLOCK20 BLOCK10
       68: UNSTACK BLOCK22 BLOCK25
       69: STACK BLOCK22 BLOCK3
       70: UNSTACK BLOCK25 BLOCK1
       71: STACK BLOCK25 BLOCK22
       72: UNSTACK BLOCK1 BLOCK6
       73: STACK BLOCK1 BLOCK25
       74: PICK-UP BLOCK6
       75: STACK BLOCK6 BLOCK20
       76: UNSTACK BLOCK1 BLOCK25
       77: STACK BLOCK1 BLOCK6
       78: UNSTACK BLOCK25 BLOCK22
       79: STACK BLOCK25 BLOCK1
       80: UNSTACK BLOCK22 BLOCK3
       81: STACK BLOCK22 BLOCK25
     

time spent:    0.00 seconds instantiating 1300 easy, 0 hard action templates
               0.00 seconds reachability analysis, yielding 701 facts and 1300 actions
               0.00 seconds creating final representation with 701 relevant facts, 0 relevant fluents
               0.00 seconds computing LNF
               0.00 seconds building connectivity graph
               1.79 seconds searching, evaluating 40085 states, to a max depth of 11
               1.79 seconds total time

