
ff: parsing domain file
domain 'BLOCKS' defined
 ... done.
ff: parsing problem file
problem 'PB2' defined
 ... done.


no metric specified. plan length assumed.

checking for cyclic := effects --- OK.

ff: search configuration is EHC, if that fails then  best-first on 1*g(s) + 5*h(s) where
    metric is  plan length

Cueing down from goal distance:   50 into depth [1]
                                  49            [1]
                                  48            [1]
                                  47            [1]
                                  46            [1]
                                  45            [1]
                                  44            [1]
                                  43            [1][2]
                                  42            [1]
                                  41            [1][2][3][4][5][6][7]
                                  40            [1][2][3][4][5][6][7]
                                  39            [1][2][3][4]
                                  38            [1][2][3][4][5][6][7][8][9][10][11][12]
                                  37            [1]
                                  36            [1]
                                  35            [1]
                                  34            [1]
                                  33            [1][2][3]
                                  32            [1][2][3][4][5]
                                  31            [1][2][3][4][5][6]
                                  30            [1][2][3]
                                  29            [1][2][3][4][5][6][7][8][9][10][11][12]
                                  28            [1][2][3][4]
                                  27            [1][2]
                                  26            [1]
                                  25            [1]
                                  24            [1]
                                  23            [1]
                                  22            [1]
                                  21            [1][2][3][4]
                                  20            [1][2][3][4][5][6][7]
                                  19            [1]
                                  18            [1][2]
                                  16            [1][2][3][4][5]
                                  15            [1]
                                  14            [1]
                                  13            [1]
                                  12            [1][2]
                                  11            [1][2][3][4]
                                  10            [1][2]
                                   8            [1][2][3][4][5][6][7][8][9][10][11][12][13][14][15]
                                   7            [1]
                                   6            [1]
                                   5            [1]
                                   4            [1]
                                   3            [1]
                                   2            [1][2]
                                   0            

ff: found legal plan as follows

step    0: UNSTACK BLOCK7 BLOCK19
        1: PUT-DOWN BLOCK7
        2: UNSTACK BLOCK12 BLOCK16
        3: PUT-DOWN BLOCK12
        4: UNSTACK BLOCK18 BLOCK25
        5: STACK BLOCK18 BLOCK7
        6: PICK-UP BLOCK15
        7: STACK BLOCK15 BLOCK25
        8: PICK-UP BLOCK19
        9: STACK BLOCK19 BLOCK18
       10: UNSTACK BLOCK15 BLOCK25
       11: STACK BLOCK15 BLOCK16
       12: UNSTACK BLOCK25 BLOCK14
       13: STACK BLOCK25 BLOCK19
       14: UNSTACK BLOCK15 BLOCK16
       15: STACK BLOCK15 BLOCK25
       16: UNSTACK BLOCK14 BLOCK8
       17: STACK BLOCK14 BLOCK16
       18: UNSTACK BLOCK15 BLOCK25
       19: STACK BLOCK15 BLOCK14
       20: UNSTACK BLOCK25 BLOCK19
       21: STACK BLOCK25 BLOCK15
       22: UNSTACK BLOCK8 BLOCK10
       23: STACK BLOCK8 BLOCK19
       24: UNSTACK BLOCK25 BLOCK15
       25: STACK BLOCK25 BLOCK10
       26: UNSTACK BLOCK15 BLOCK14
       27: STACK BLOCK15 BLOCK8
       28: UNSTACK BLOCK25 BLOCK10
       29: STACK BLOCK25 BLOCK15
       30: UNSTACK BLOCK10 BLOCK3
       31: STACK BLOCK10 BLOCK25
       32: UNSTACK BLOCK3 BLOCK6
       33: STACK BLOCK3 BLOCK14
       34: UNSTACK BLOCK6 BLOCK20
       35: STACK BLOCK6 BLOCK10
       36: UNSTACK BLOCK20 BLOCK4
       37: STACK BLOCK20 BLOCK12
       38: UNSTACK BLOCK4 BLOCK22
       39: STACK BLOCK4 BLOCK20
       40: UNSTACK BLOCK22 BLOCK5
       41: STACK BLOCK22 BLOCK4
       42: UNSTACK BLOCK6 BLOCK10
       43: STACK BLOCK6 BLOCK22
       44: UNSTACK BLOCK10 BLOCK25
       45: STACK BLOCK10 BLOCK5
       46: UNSTACK BLOCK25 BLOCK15
       47: STACK BLOCK25 BLOCK6
       48: UNSTACK BLOCK15 BLOCK8
       49: STACK BLOCK15 BLOCK25
       50: UNSTACK BLOCK10 BLOCK5
       51: STACK BLOCK10 BLOCK15
       52: UNSTACK BLOCK5 BLOCK9
       53: STACK BLOCK5 BLOCK10
       54: PICK-UP BLOCK9
       55: STACK BLOCK9 BLOCK8
       56: UNSTACK BLOCK5 BLOCK10
       57: STACK BLOCK5 BLOCK9
       58: UNSTACK BLOCK10 BLOCK15
       59: STACK BLOCK10 BLOCK5
       60: UNSTACK BLOCK3 BLOCK14
       61: STACK BLOCK3 BLOCK15
       62: UNSTACK BLOCK14 BLOCK16
       63: STACK BLOCK14 BLOCK10
       64: UNSTACK BLOCK16 BLOCK1
       65: PUT-DOWN BLOCK16
       66: UNSTACK BLOCK14 BLOCK10
       67: STACK BLOCK14 BLOCK16
       68: UNSTACK BLOCK1 BLOCK17
       69: STACK BLOCK1 BLOCK10
       70: UNSTACK BLOCK17 BLOCK13
       71: STACK BLOCK17 BLOCK3
       72: UNSTACK BLOCK13 BLOCK24
       73: STACK BLOCK13 BLOCK17
       74: UNSTACK BLOCK24 BLOCK23
       75: STACK BLOCK24 BLOCK1
       76: UNSTACK BLOCK23 BLOCK21
       77: PUT-DOWN BLOCK23
       78: UNSTACK BLOCK21 BLOCK11
       79: PUT-DOWN BLOCK21
       80: UNSTACK BLOCK11 BLOCK2
       81: PUT-DOWN BLOCK11
       82: UNSTACK BLOCK13 BLOCK17
       83: STACK BLOCK13 BLOCK11
       84: PICK-UP BLOCK2
       85: STACK BLOCK2 BLOCK24
       86: UNSTACK BLOCK17 BLOCK3
       87: STACK BLOCK17 BLOCK2
       88: UNSTACK BLOCK3 BLOCK15
       89: STACK BLOCK3 BLOCK21
       90: UNSTACK BLOCK17 BLOCK2
       91: STACK BLOCK17 BLOCK3
       92: UNSTACK BLOCK2 BLOCK24
       93: STACK BLOCK2 BLOCK17
       94: UNSTACK BLOCK15 BLOCK25
       95: STACK BLOCK15 BLOCK2
       96: UNSTACK BLOCK25 BLOCK6
       97: STACK BLOCK25 BLOCK24
       98: UNSTACK BLOCK6 BLOCK22
       99: STACK BLOCK6 BLOCK23
      100: UNSTACK BLOCK13 BLOCK11
      101: STACK BLOCK13 BLOCK22
      102: UNSTACK BLOCK15 BLOCK2
      103: STACK BLOCK15 BLOCK25
      104: UNSTACK BLOCK14 BLOCK16
      105: STACK BLOCK14 BLOCK2
      106: PICK-UP BLOCK16
      107: STACK BLOCK16 BLOCK6
      108: UNSTACK BLOCK14 BLOCK2
      109: STACK BLOCK14 BLOCK16
      110: UNSTACK BLOCK15 BLOCK25
      111: STACK BLOCK15 BLOCK2
      112: UNSTACK BLOCK25 BLOCK24
      113: STACK BLOCK25 BLOCK13
      114: UNSTACK BLOCK24 BLOCK1
      115: STACK BLOCK24 BLOCK25
      116: UNSTACK BLOCK1 BLOCK10
      117: STACK BLOCK1 BLOCK24
      118: UNSTACK BLOCK10 BLOCK5
      119: STACK BLOCK10 BLOCK15
      120: UNSTACK BLOCK5 BLOCK9
      121: STACK BLOCK5 BLOCK11
      122: UNSTACK BLOCK1 BLOCK24
      123: STACK BLOCK1 BLOCK9
      124: UNSTACK BLOCK10 BLOCK15
      125: STACK BLOCK10 BLOCK5
      126: UNSTACK BLOCK24 BLOCK25
      127: STACK BLOCK24 BLOCK1
      128: UNSTACK BLOCK25 BLOCK13
      129: STACK BLOCK25 BLOCK24
      130: UNSTACK BLOCK15 BLOCK2
      131: STACK BLOCK15 BLOCK25
     

time spent:    0.00 seconds instantiating 1300 easy, 0 hard action templates
               0.00 seconds reachability analysis, yielding 701 facts and 1300 actions
               0.00 seconds creating final representation with 701 relevant facts, 0 relevant fluents
               0.00 seconds computing LNF
               0.00 seconds building connectivity graph
              22.72 seconds searching, evaluating 470181 states, to a max depth of 15
              22.72 seconds total time

