
ff: parsing domain file
domain 'BLOCKS' defined
 ... done.
ff: parsing problem file
problem 'PB2' defined
 ... done.


no metric specified. plan length assumed.

checking for cyclic := effects --- OK.

ff: search configuration is EHC, if that fails then  best-first on 1*g(s) + 5*h(s) where
    metric is  plan length

Cueing down from goal distance:   10 into depth [1][2]
                                   8            [1]
                                   7            [1][2]
                                   6            [1]
                                   5            [1]
                                   4            [1][2][3][4][5][6]
                                   3            [1][2][3]
                                   2            [1]
                                   1            [1]
                                   0            

ff: found legal plan as follows

step    0: UNSTACK BLOCK4 BLOCK6
        1: PUT-DOWN BLOCK4
        2: UNSTACK BLOCK6 BLOCK5
        3: STACK BLOCK6 BLOCK2
        4: UNSTACK BLOCK5 BLOCK1
        5: PUT-DOWN BLOCK5
        6: UNSTACK BLOCK1 BLOCK3
        7: STACK BLOCK1 BLOCK4
        8: UNSTACK BLOCK6 BLOCK2
        9: STACK BLOCK6 BLOCK3
       10: PICK-UP BLOCK2
       11: STACK BLOCK2 BLOCK5
       12: UNSTACK BLOCK6 BLOCK3
       13: STACK BLOCK6 BLOCK2
       14: UNSTACK BLOCK1 BLOCK4
       15: STACK BLOCK1 BLOCK6
     

time spent:    0.00 seconds instantiating 84 easy, 0 hard action templates
               0.00 seconds reachability analysis, yielding 55 facts and 84 actions
               0.00 seconds creating final representation with 55 relevant facts, 0 relevant fluents
               0.00 seconds computing LNF
               0.00 seconds building connectivity graph
               0.00 seconds searching, evaluating 163 states, to a max depth of 6
               0.00 seconds total time

