
ff: parsing domain file
domain 'BLOCKS' defined
 ... done.
ff: parsing problem file
problem 'PB0' defined
 ... done.


no metric specified. plan length assumed.

checking for cyclic := effects --- OK.

ff: search configuration is EHC, if that fails then  best-first on 1*g(s) + 5*h(s) where
    metric is  plan length

Cueing down from goal distance:   11 into depth [1]
                                  10            [1]
                                   9            [1]
                                   8            [1]
                                   7            [1]
                                   6            [1]
                                   5            [1][2]
                                   3            [1][2][3][4]
                                   2            [1]
                                   1            [1]
                                   0            

ff: found legal plan as follows

step    0: UNSTACK BLOCK2 BLOCK4
        1: PUT-DOWN BLOCK2
        2: UNSTACK BLOCK4 BLOCK5
        3: PUT-DOWN BLOCK4
        4: UNSTACK BLOCK5 BLOCK3
        5: STACK BLOCK5 BLOCK4
        6: UNSTACK BLOCK3 BLOCK1
        7: PUT-DOWN BLOCK3
        8: UNSTACK BLOCK1 BLOCK6
        9: STACK BLOCK1 BLOCK5
       10: PICK-UP BLOCK6
       11: STACK BLOCK6 BLOCK2
       12: UNSTACK BLOCK1 BLOCK5
       13: STACK BLOCK1 BLOCK6
     

time spent:    0.00 seconds instantiating 84 easy, 0 hard action templates
               0.00 seconds reachability analysis, yielding 55 facts and 84 actions
               0.00 seconds creating final representation with 55 relevant facts, 0 relevant fluents
               0.00 seconds computing LNF
               0.00 seconds building connectivity graph
               0.00 seconds searching, evaluating 27 states, to a max depth of 4
               0.00 seconds total time

