
ff: parsing domain file
domain 'BLOCKS' defined
 ... done.
ff: parsing problem file
problem 'PB8' defined
 ... done.


no metric specified. plan length assumed.

checking for cyclic := effects --- OK.

ff: search configuration is EHC, if that fails then  best-first on 1*g(s) + 5*h(s) where
    metric is  plan length

Cueing down from goal distance:    9 into depth [1][2]
                                   7            [1][2][3][4]
                                   6            [1][2]
                                   4            [1]
                                   3            [1]
                                   2            [1][2]
                                   0            

ff: found legal plan as follows

step    0: UNSTACK BLOCK6 BLOCK4
        1: PUT-DOWN BLOCK6
        2: UNSTACK BLOCK4 BLOCK2
        3: STACK BLOCK4 BLOCK6
        4: UNSTACK BLOCK2 BLOCK3
        5: PUT-DOWN BLOCK2
        6: UNSTACK BLOCK3 BLOCK1
        7: PUT-DOWN BLOCK3
        8: PICK-UP BLOCK1
        9: STACK BLOCK1 BLOCK5
       10: UNSTACK BLOCK4 BLOCK6
       11: STACK BLOCK4 BLOCK2
     

time spent:    0.00 seconds instantiating 84 easy, 0 hard action templates
               0.00 seconds reachability analysis, yielding 55 facts and 84 actions
               0.00 seconds creating final representation with 55 relevant facts, 0 relevant fluents
               0.00 seconds computing LNF
               0.00 seconds building connectivity graph
               0.00 seconds searching, evaluating 24 states, to a max depth of 4
               0.00 seconds total time

