
ff: parsing domain file
domain 'SATELLITE' defined
 ... done.
ff: parsing problem file
problem 'STRIPS-SAT-X-1' defined
 ... done.


no metric specified. plan length assumed.

checking for cyclic := effects --- OK.

ff: search configuration is EHC, if that fails then  best-first on 1*g(s) + 5*h(s) where
    metric is  plan length

Cueing down from goal distance:   12 into depth [1]
                                  11            [1]
                                  10            [1]
                                   9            [1]
                                   8            [1]
                                   7            [1]
                                   6            [1][2]
                                   5            [1]
                                   4            [1]
                                   3            [1][2]
                                   2            [1][2]
                                   1            [1]
                                   0            

ff: found legal plan as follows

step    0: SWITCH_ON INSTRUMENT14 SATELLITE3
        1: SWITCH_ON INSTRUMENT3 SATELLITE0
        2: TURN_TO SATELLITE0 PHENOMENON36 STAR1
        3: TURN_TO SATELLITE2 STAR35 STAR1
        4: TURN_TO SATELLITE7 STAR16 GROUNDSTATION0
        5: TURN_TO SATELLITE8 GROUNDSTATION4 GROUNDSTATION29
        6: TURN_TO SATELLITE3 GROUNDSTATION13 STAR35
        7: CALIBRATE SATELLITE3 INSTRUMENT14 GROUNDSTATION13
        8: TURN_TO SATELLITE3 STAR35 GROUNDSTATION13
        9: TAKE_IMAGE SATELLITE3 STAR35 INSTRUMENT14 THERMOGRAPH2
       10: TURN_TO SATELLITE0 STAR9 PHENOMENON36
       11: CALIBRATE SATELLITE0 INSTRUMENT3 STAR9
       12: TURN_TO SATELLITE0 PHENOMENON36 STAR9
       13: TAKE_IMAGE SATELLITE0 PHENOMENON36 INSTRUMENT3 INFRARED4
       14: TURN_TO SATELLITE0 STAR9 PHENOMENON36
     

time spent:    0.00 seconds instantiating 17572 easy, 0 hard action templates
               0.00 seconds reachability analysis, yielding 659 facts and 17572 actions
               0.00 seconds creating final representation with 659 relevant facts, 0 relevant fluents
               0.02 seconds computing LNF
               0.01 seconds building connectivity graph
               0.01 seconds searching, evaluating 27 states, to a max depth of 2
               0.04 seconds total time

