
ff: parsing domain file
domain 'SATELLITE' defined
 ... done.
ff: parsing problem file
problem 'STRIPS-SAT-X-1' defined
 ... done.


no metric specified. plan length assumed.

checking for cyclic := effects --- OK.

ff: search configuration is EHC, if that fails then  best-first on 1*g(s) + 5*h(s) where
    metric is  plan length

Cueing down from goal distance:   13 into depth [1]
                                  12            [1]
                                  11            [1]
                                  10            [1]
                                   9            [1][2]
                                   8            [1]
                                   7            [1]
                                   6            [1]
                                   5            [1]
                                   4            [1]
                                   3            [1]
                                   2            [1]
                                   1            [1]
                                   0            

ff: found legal plan as follows

step    0: TURN_TO SATELLITE0 GROUNDSTATION22 GROUNDSTATION20
        1: TURN_TO SATELLITE0 STAR24 GROUNDSTATION22
        2: TURN_TO SATELLITE4 GROUNDSTATION34 STAR13
        3: TURN_TO SATELLITE8 GROUNDSTATION28 STAR5
        4: SWITCH_ON INSTRUMENT3 SATELLITE0
        5: TURN_TO SATELLITE1 STAR8 GROUNDSTATION11
        6: CALIBRATE SATELLITE0 INSTRUMENT3 STAR24
        7: TURN_TO SATELLITE0 PLANET35 STAR24
        8: SWITCH_ON INSTRUMENT10 SATELLITE1
        9: CALIBRATE SATELLITE1 INSTRUMENT10 STAR8
       10: TURN_TO SATELLITE1 STAR36 STAR8
       11: TAKE_IMAGE SATELLITE0 PLANET35 INSTRUMENT3 IMAGE2
       12: TURN_TO SATELLITE0 STAR30 PLANET35
       13: TAKE_IMAGE SATELLITE1 STAR36 INSTRUMENT10 INFRARED1
     

time spent:    0.00 seconds instantiating 19939 easy, 0 hard action templates
               0.00 seconds reachability analysis, yielding 719 facts and 19939 actions
               0.00 seconds creating final representation with 719 relevant facts, 0 relevant fluents
               0.02 seconds computing LNF
               0.01 seconds building connectivity graph
               0.01 seconds searching, evaluating 30 states, to a max depth of 2
               0.04 seconds total time

