
ff: parsing domain file
domain 'SATELLITE' defined
 ... done.
ff: parsing problem file
problem 'STRIPS-SAT-X-1' defined
 ... done.


no metric specified. plan length assumed.

checking for cyclic := effects --- OK.

ff: search configuration is EHC, if that fails then  best-first on 1*g(s) + 5*h(s) where
    metric is  plan length

Cueing down from goal distance:   13 into depth [1]
                                  12            [1]
                                  11            [1]
                                   8            [1]
                                   7            [1]
                                   6            [1]
                                   5            [1]
                                   4            [1]
                                   3            [1]
                                   2            [1]
                                   1            [1]
                                   0            

ff: found legal plan as follows

step    0: TURN_TO SATELLITE2 STAR5 GROUNDSTATION8
        1: TURN_TO SATELLITE0 STAR32 GROUNDSTATION4
        2: SWITCH_ON INSTRUMENT10 SATELLITE2
        3: CALIBRATE SATELLITE2 INSTRUMENT10 STAR5
        4: TURN_TO SATELLITE2 PHENOMENON35 STAR5
        5: TURN_TO SATELLITE6 PLANET36 GROUNDSTATION9
        6: TURN_TO SATELLITE7 STAR26 STAR5
        7: TURN_TO SATELLITE8 GROUNDSTATION20 STAR16
        8: TAKE_IMAGE SATELLITE2 PHENOMENON35 INSTRUMENT10 IMAGE1
        9: TURN_TO SATELLITE2 PLANET36 PHENOMENON35
       10: TAKE_IMAGE SATELLITE2 PLANET36 INSTRUMENT10 THERMOGRAPH3
     

time spent:    0.00 seconds instantiating 17094 easy, 0 hard action templates
               0.00 seconds reachability analysis, yielding 643 facts and 17094 actions
               0.00 seconds creating final representation with 643 relevant facts, 0 relevant fluents
               0.02 seconds computing LNF
               0.01 seconds building connectivity graph
               0.00 seconds searching, evaluating 17 states, to a max depth of 1
               0.03 seconds total time

