
ff: parsing domain file
domain 'SATELLITE' defined
 ... done.
ff: parsing problem file
problem 'STRIPS-SAT-X-1' defined
 ... done.


no metric specified. plan length assumed.

checking for cyclic := effects --- OK.

ff: search configuration is EHC, if that fails then  best-first on 1*g(s) + 5*h(s) where
    metric is  plan length

Cueing down from goal distance:   10 into depth [1]
                                   9            [1]
                                   7            [1]
                                   6            [1]
                                   5            [1]
                                   4            [1]
                                   3            [1]
                                   2            [1]
                                   1            [1]
                                   0            

ff: found legal plan as follows

step    0: TURN_TO SATELLITE0 STAR9 GROUNDSTATION11
        1: TURN_TO SATELLITE3 GROUNDSTATION24 PHENOMENON36
        2: SWITCH_ON INSTRUMENT0 SATELLITE0
        3: CALIBRATE SATELLITE0 INSTRUMENT0 STAR9
        4: TURN_TO SATELLITE0 STAR35 STAR9
        5: TURN_TO SATELLITE7 GROUNDSTATION25 STAR26
        6: TAKE_IMAGE SATELLITE0 STAR35 INSTRUMENT0 IMAGE0
        7: TURN_TO SATELLITE0 PHENOMENON36 STAR35
        8: TAKE_IMAGE SATELLITE0 PHENOMENON36 INSTRUMENT0 IMAGE0
     

time spent:    0.00 seconds instantiating 17623 easy, 0 hard action templates
               0.00 seconds reachability analysis, yielding 655 facts and 17623 actions
               0.00 seconds creating final representation with 655 relevant facts, 0 relevant fluents
               0.02 seconds computing LNF
               0.01 seconds building connectivity graph
               0.00 seconds searching, evaluating 14 states, to a max depth of 1
               0.03 seconds total time

