
ff: parsing domain file
domain 'SATELLITE' defined
 ... done.
ff: parsing problem file
problem 'STRIPS-SAT-X-1' defined
 ... done.


no metric specified. plan length assumed.

checking for cyclic := effects --- OK.

ff: search configuration is EHC, if that fails then  best-first on 1*g(s) + 5*h(s) where
    metric is  plan length

Cueing down from goal distance:   14 into depth [1]
                                  13            [1]
                                  12            [1]
                                  11            [1]
                                  10            [1]
                                   9            [1]
                                   8            [1]
                                   7            [1]
                                   6            [1]
                                   5            [1]
                                   4            [1]
                                   3            [1]
                                   2            [1]
                                   1            [1]
                                   0            

ff: found legal plan as follows

step    0: TURN_TO SATELLITE0 STAR24 STAR23
        1: TURN_TO SATELLITE1 STAR6 STAR18
        2: SWITCH_ON INSTRUMENT1 SATELLITE0
        3: CALIBRATE SATELLITE0 INSTRUMENT1 STAR24
        4: TURN_TO SATELLITE0 PLANET35 STAR24
        5: SWITCH_ON INSTRUMENT5 SATELLITE1
        6: CALIBRATE SATELLITE1 INSTRUMENT5 STAR6
        7: TURN_TO SATELLITE1 STAR36 STAR6
        8: TURN_TO SATELLITE2 STAR18 GROUNDSTATION34
        9: TURN_TO SATELLITE3 STAR0 GROUNDSTATION11
       10: TURN_TO SATELLITE5 GROUNDSTATION28 STAR23
       11: TURN_TO SATELLITE6 GROUNDSTATION13 STAR12
       12: TAKE_IMAGE SATELLITE0 PLANET35 INSTRUMENT1 THERMOGRAPH2
       13: TAKE_IMAGE SATELLITE1 STAR36 INSTRUMENT5 INFRARED3
     

time spent:    0.00 seconds instantiating 17952 easy, 0 hard action templates
               0.00 seconds reachability analysis, yielding 671 facts and 17952 actions
               0.00 seconds creating final representation with 671 relevant facts, 0 relevant fluents
               0.02 seconds computing LNF
               0.00 seconds building connectivity graph
               0.01 seconds searching, evaluating 15 states, to a max depth of 1
               0.03 seconds total time

