
ff: parsing domain file
domain 'BLOCKS' defined
 ... done.
ff: parsing problem file
problem 'PB0' defined
 ... done.


no metric specified. plan length assumed.

checking for cyclic := effects --- OK.

ff: search configuration is EHC, if that fails then  best-first on 1*g(s) + 5*h(s) where
    metric is  plan length

Cueing down from goal distance:   28 into depth [1]
                                  27            [1]
                                  26            [1]
                                  25            [1]
                                  24            [1]
                                  23            [1][2]
                                  22            [1][2]
                                  21            [1][2][3][4][5]
                                  20            [1]
                                  19            [1][2][3]
                                  18            [1]
                                  17            [1][2]
                                  16            [1][2]
                                  15            [1][2][3][4][5]
                                  14            [1]
                                  13            [1][2][3]
                                  12            [1][2][3][4][5][6][7][8][9][10]
                                  11            [1]
                                  10            [1]
                                   9            [1][2]
                                   7            [1][2][3][4][5][6][7][8][9][10][11][12][13][14][15][16]
                                   6            [1]
                                   5            [1]
                                   4            [1]
                                   3            [1][2][3]
                                   2            [1]
                                   1            [1]
                                   0            

ff: found legal plan as follows

step    0: UNSTACK BLOCK4 BLOCK6
        1: PUT-DOWN BLOCK4
        2: UNSTACK BLOCK6 BLOCK10
        3: PUT-DOWN BLOCK6
        4: UNSTACK BLOCK9 BLOCK14
        5: STACK BLOCK9 BLOCK15
        6: UNSTACK BLOCK12 BLOCK1
        7: STACK BLOCK12 BLOCK14
        8: PICK-UP BLOCK1
        9: STACK BLOCK1 BLOCK12
       10: UNSTACK BLOCK9 BLOCK15
       11: STACK BLOCK9 BLOCK10
       12: UNSTACK BLOCK15 BLOCK2
       13: PUT-DOWN BLOCK15
       14: UNSTACK BLOCK2 BLOCK7
       15: STACK BLOCK2 BLOCK15
       16: UNSTACK BLOCK7 BLOCK8
       17: STACK BLOCK7 BLOCK6
       18: UNSTACK BLOCK2 BLOCK15
       19: STACK BLOCK2 BLOCK9
       20: UNSTACK BLOCK8 BLOCK11
       21: STACK BLOCK8 BLOCK2
       22: UNSTACK BLOCK11 BLOCK3
       23: STACK BLOCK11 BLOCK1
       24: UNSTACK BLOCK3 BLOCK5
       25: STACK BLOCK3 BLOCK15
       26: UNSTACK BLOCK5 BLOCK13
       27: STACK BLOCK5 BLOCK8
       28: PICK-UP BLOCK13
       29: STACK BLOCK13 BLOCK11
       30: UNSTACK BLOCK3 BLOCK15
       31: STACK BLOCK3 BLOCK13
       32: UNSTACK BLOCK5 BLOCK8
       33: STACK BLOCK5 BLOCK7
       34: UNSTACK BLOCK8 BLOCK2
       35: STACK BLOCK8 BLOCK5
       36: UNSTACK BLOCK2 BLOCK9
       37: STACK BLOCK2 BLOCK8
       38: UNSTACK BLOCK9 BLOCK10
       39: STACK BLOCK9 BLOCK15
       40: UNSTACK BLOCK2 BLOCK8
       41: STACK BLOCK2 BLOCK9
       42: UNSTACK BLOCK8 BLOCK5
       43: STACK BLOCK8 BLOCK2
       44: UNSTACK BLOCK5 BLOCK7
       45: STACK BLOCK5 BLOCK8
       46: UNSTACK BLOCK3 BLOCK13
       47: STACK BLOCK3 BLOCK10
       48: UNSTACK BLOCK13 BLOCK11
       49: STACK BLOCK13 BLOCK7
       50: UNSTACK BLOCK11 BLOCK1
       51: STACK BLOCK11 BLOCK13
       52: UNSTACK BLOCK1 BLOCK12
       53: STACK BLOCK1 BLOCK5
       54: UNSTACK BLOCK12 BLOCK14
       55: STACK BLOCK12 BLOCK11
       56: PICK-UP BLOCK14
       57: STACK BLOCK14 BLOCK4
       58: UNSTACK BLOCK12 BLOCK11
       59: STACK BLOCK12 BLOCK14
       60: UNSTACK BLOCK1 BLOCK5
       61: STACK BLOCK1 BLOCK12
       62: UNSTACK BLOCK11 BLOCK13
       63: STACK BLOCK11 BLOCK1
       64: UNSTACK BLOCK13 BLOCK7
       65: STACK BLOCK13 BLOCK11
       66: UNSTACK BLOCK3 BLOCK10
       67: STACK BLOCK3 BLOCK13
     

time spent:    0.00 seconds instantiating 480 easy, 0 hard action templates
               0.00 seconds reachability analysis, yielding 271 facts and 480 actions
               0.00 seconds creating final representation with 271 relevant facts, 0 relevant fluents
               0.00 seconds computing LNF
               0.00 seconds building connectivity graph
               5.20 seconds searching, evaluating 249914 states, to a max depth of 16
               5.20 seconds total time

