
ff: parsing domain file
domain 'BLOCKS' defined
 ... done.
ff: parsing problem file
problem 'PB4' defined
 ... done.


no metric specified. plan length assumed.

checking for cyclic := effects --- OK.

ff: search configuration is EHC, if that fails then  best-first on 1*g(s) + 5*h(s) where
    metric is  plan length

Cueing down from goal distance:   27 into depth [1]
                                  26            [1]
                                  25            [1][2]
                                  23            [1]
                                  22            [1][2]
                                  21            [1][2]
                                  20            [1]
                                  19            [1]
                                  18            [1]
                                  17            [1]
                                  16            [1]
                                  15            [1][2]
                                  13            [1][2][3][4]
                                  12            [1]
                                  11            [1]
                                  10            [1][2][3][4]
                                   9            [1]
                                   8            [1]
                                   7            [1][2][3][4]
                                   6            [1][2]
                                   4            [1][2]
                                   2            [1][2]
                                   0            

ff: found legal plan as follows

step    0: UNSTACK BLOCK3 BLOCK13
        1: PUT-DOWN BLOCK3
        2: UNSTACK BLOCK15 BLOCK14
        3: PUT-DOWN BLOCK15
        4: UNSTACK BLOCK12 BLOCK8
        5: STACK BLOCK12 BLOCK14
        6: UNSTACK BLOCK8 BLOCK5
        7: STACK BLOCK8 BLOCK13
        8: UNSTACK BLOCK5 BLOCK11
        9: PUT-DOWN BLOCK5
       10: UNSTACK BLOCK11 BLOCK2
       11: STACK BLOCK11 BLOCK3
       12: UNSTACK BLOCK2 BLOCK1
       13: PUT-DOWN BLOCK2
       14: PICK-UP BLOCK10
       15: STACK BLOCK10 BLOCK2
       16: UNSTACK BLOCK8 BLOCK13
       17: STACK BLOCK8 BLOCK1
       18: PICK-UP BLOCK13
       19: STACK BLOCK13 BLOCK11
       20: UNSTACK BLOCK8 BLOCK1
       21: STACK BLOCK8 BLOCK13
       22: UNSTACK BLOCK12 BLOCK14
       23: STACK BLOCK12 BLOCK1
       24: PICK-UP BLOCK14
       25: STACK BLOCK14 BLOCK8
       26: UNSTACK BLOCK12 BLOCK1
       27: STACK BLOCK12 BLOCK14
       28: UNSTACK BLOCK1 BLOCK9
       29: STACK BLOCK1 BLOCK15
       30: UNSTACK BLOCK9 BLOCK7
       31: STACK BLOCK9 BLOCK12
       32: UNSTACK BLOCK1 BLOCK15
       33: STACK BLOCK1 BLOCK9
       34: UNSTACK BLOCK7 BLOCK4
       35: PUT-DOWN BLOCK7
       36: PICK-UP BLOCK4
       37: STACK BLOCK4 BLOCK5
     

time spent:    0.00 seconds instantiating 480 easy, 0 hard action templates
               0.00 seconds reachability analysis, yielding 271 facts and 480 actions
               0.00 seconds creating final representation with 271 relevant facts, 0 relevant fluents
               0.00 seconds computing LNF
               0.00 seconds building connectivity graph
               0.00 seconds searching, evaluating 303 states, to a max depth of 4
               0.00 seconds total time

