
ff: parsing domain file
domain 'BLOCKS' defined
 ... done.
ff: parsing problem file
problem 'PB2' defined
 ... done.


no metric specified. plan length assumed.

checking for cyclic := effects --- OK.

ff: search configuration is EHC, if that fails then  best-first on 1*g(s) + 5*h(s) where
    metric is  plan length

Cueing down from goal distance:   29 into depth [1]
                                  28            [1]
                                  27            [1]
                                  26            [1]
                                  25            [1]
                                  24            [1]
                                  23            [1][2][3]
                                  22            [1][2]
                                  21            [1][2][3]
                                  20            [1]
                                  19            [1][2][3][4][5]
                                  18            [1]
                                  17            [1][2]
                                  16            [1]
                                  15            [1][2][3][4]
                                  14            [1]
                                  13            [1]
                                  12            [1][2][3][4]
                                  11            [1]
                                  10            [1][2][3]
                                   9            [1]
                                   8            [1]
                                   7            [1][2][3][4][5][6][7][8][9][10]
                                   6            [1]
                                   5            [1]
                                   4            [1][2]
                                   2            [1][2]
                                   0            

ff: found legal plan as follows

step    0: UNSTACK BLOCK1 BLOCK15
        1: PUT-DOWN BLOCK1
        2: UNSTACK BLOCK3 BLOCK10
        3: STACK BLOCK3 BLOCK1
        4: PICK-UP BLOCK4
        5: STACK BLOCK4 BLOCK3
        6: UNSTACK BLOCK15 BLOCK9
        7: STACK BLOCK15 BLOCK11
        8: UNSTACK BLOCK9 BLOCK6
        9: STACK BLOCK9 BLOCK2
       10: UNSTACK BLOCK6 BLOCK14
       11: STACK BLOCK6 BLOCK9
       12: UNSTACK BLOCK14 BLOCK13
       13: STACK BLOCK14 BLOCK6
       14: PICK-UP BLOCK13
       15: STACK BLOCK13 BLOCK15
       16: UNSTACK BLOCK10 BLOCK7
       17: STACK BLOCK10 BLOCK14
       18: UNSTACK BLOCK7 BLOCK5
       19: PUT-DOWN BLOCK7
       20: UNSTACK BLOCK5 BLOCK12
       21: STACK BLOCK5 BLOCK10
       22: PICK-UP BLOCK12
       23: STACK BLOCK12 BLOCK4
       24: UNSTACK BLOCK5 BLOCK10
       25: STACK BLOCK5 BLOCK13
       26: UNSTACK BLOCK10 BLOCK14
       27: STACK BLOCK10 BLOCK7
       28: UNSTACK BLOCK5 BLOCK13
       29: STACK BLOCK5 BLOCK10
       30: UNSTACK BLOCK13 BLOCK15
       31: STACK BLOCK13 BLOCK14
       32: UNSTACK BLOCK15 BLOCK11
       33: STACK BLOCK15 BLOCK5
       34: PICK-UP BLOCK11
       35: STACK BLOCK11 BLOCK12
       36: UNSTACK BLOCK13 BLOCK14
       37: STACK BLOCK13 BLOCK15
       38: UNSTACK BLOCK11 BLOCK12
       39: STACK BLOCK11 BLOCK13
       40: UNSTACK BLOCK14 BLOCK6
       41: STACK BLOCK14 BLOCK11
       42: UNSTACK BLOCK6 BLOCK9
       43: STACK BLOCK6 BLOCK14
       44: UNSTACK BLOCK9 BLOCK2
       45: STACK BLOCK9 BLOCK6
       46: UNSTACK BLOCK2 BLOCK8
       47: STACK BLOCK2 BLOCK12
       48: UNSTACK BLOCK9 BLOCK6
       49: STACK BLOCK9 BLOCK2
       50: UNSTACK BLOCK6 BLOCK14
       51: STACK BLOCK6 BLOCK9
       52: UNSTACK BLOCK14 BLOCK11
       53: STACK BLOCK14 BLOCK6
       54: PICK-UP BLOCK8
       55: STACK BLOCK8 BLOCK11
     

time spent:    0.00 seconds instantiating 480 easy, 0 hard action templates
               0.00 seconds reachability analysis, yielding 271 facts and 480 actions
               0.00 seconds creating final representation with 271 relevant facts, 0 relevant fluents
               0.00 seconds computing LNF
               0.00 seconds building connectivity graph
               0.01 seconds searching, evaluating 1488 states, to a max depth of 10
               0.01 seconds total time

