
ff: parsing domain file
domain 'BLOCKS' defined
 ... done.
ff: parsing problem file
problem 'PB7' defined
 ... done.


no metric specified. plan length assumed.

checking for cyclic := effects --- OK.

ff: search configuration is EHC, if that fails then  best-first on 1*g(s) + 5*h(s) where
    metric is  plan length

Cueing down from goal distance:   28 into depth [1]
                                  27            [1]
                                  26            [1]
                                  25            [1]
                                  24            [1]
                                  23            [1]
                                  22            [1]
                                  21            [1][2][3]
                                  20            [1]
                                  19            [1][2][3]
                                  18            [1][2]
                                  16            [1][2][3][4][5]
                                  15            [1][2][3]
                                  14            [1][2][3][4][5][6][7][8][9]
                                  13            [1]
                                  12            [1]
                                  11            [1][2]
                                  10            [1][2][3][4]
                                   9            [1][2][3][4][5][6][7][8]
                                   8            [1]
                                   7            [1][2]
                                   5            [1][2][3][4][5][6][7][8][9][10]
                                   4            [1]
                                   3            [1]
                                   2            [1]
                                   1            [1]
                                   0            

ff: found legal plan as follows

step    0: UNSTACK BLOCK10 BLOCK11
        1: PUT-DOWN BLOCK10
        2: UNSTACK BLOCK11 BLOCK2
        3: STACK BLOCK11 BLOCK10
        4: UNSTACK BLOCK2 BLOCK6
        5: STACK BLOCK2 BLOCK11
        6: UNSTACK BLOCK12 BLOCK14
        7: STACK BLOCK12 BLOCK6
        8: UNSTACK BLOCK14 BLOCK1
        9: PUT-DOWN BLOCK14
       10: UNSTACK BLOCK12 BLOCK6
       11: STACK BLOCK12 BLOCK8
       12: UNSTACK BLOCK1 BLOCK9
       13: STACK BLOCK1 BLOCK6
       14: UNSTACK BLOCK9 BLOCK13
       15: STACK BLOCK9 BLOCK2
       16: UNSTACK BLOCK1 BLOCK6
       17: STACK BLOCK1 BLOCK14
       18: UNSTACK BLOCK6 BLOCK15
       19: STACK BLOCK6 BLOCK13
       20: UNSTACK BLOCK15 BLOCK5
       21: STACK BLOCK15 BLOCK12
       22: UNSTACK BLOCK1 BLOCK14
       23: STACK BLOCK1 BLOCK6
       24: UNSTACK BLOCK15 BLOCK12
       25: STACK BLOCK15 BLOCK14
       26: UNSTACK BLOCK12 BLOCK8
       27: STACK BLOCK12 BLOCK15
       28: UNSTACK BLOCK8 BLOCK7
       29: STACK BLOCK8 BLOCK9
       30: UNSTACK BLOCK7 BLOCK3
       31: PUT-DOWN BLOCK7
       32: PICK-UP BLOCK5
       33: STACK BLOCK5 BLOCK7
       34: UNSTACK BLOCK12 BLOCK15
       35: STACK BLOCK12 BLOCK8
       36: PICK-UP BLOCK3
       37: STACK BLOCK3 BLOCK5
       38: UNSTACK BLOCK15 BLOCK14
       39: STACK BLOCK15 BLOCK12
       40: UNSTACK BLOCK3 BLOCK5
       41: STACK BLOCK3 BLOCK15
       42: UNSTACK BLOCK1 BLOCK6
       43: STACK BLOCK1 BLOCK14
       44: UNSTACK BLOCK6 BLOCK13
       45: STACK BLOCK6 BLOCK3
       46: UNSTACK BLOCK13 BLOCK4
       47: STACK BLOCK13 BLOCK5
       48: UNSTACK BLOCK6 BLOCK3
       49: STACK BLOCK6 BLOCK13
       50: UNSTACK BLOCK1 BLOCK14
       51: STACK BLOCK1 BLOCK6
       52: UNSTACK BLOCK3 BLOCK15
       53: STACK BLOCK3 BLOCK14
       54: UNSTACK BLOCK15 BLOCK12
       55: STACK BLOCK15 BLOCK3
       56: UNSTACK BLOCK12 BLOCK8
       57: STACK BLOCK12 BLOCK15
       58: UNSTACK BLOCK8 BLOCK9
       59: STACK BLOCK8 BLOCK4
       60: UNSTACK BLOCK12 BLOCK15
       61: STACK BLOCK12 BLOCK8
       62: UNSTACK BLOCK15 BLOCK3
       63: STACK BLOCK15 BLOCK12
       64: UNSTACK BLOCK3 BLOCK14
       65: STACK BLOCK3 BLOCK15
     

time spent:    0.00 seconds instantiating 480 easy, 0 hard action templates
               0.00 seconds reachability analysis, yielding 271 facts and 480 actions
               0.00 seconds creating final representation with 271 relevant facts, 0 relevant fluents
               0.00 seconds computing LNF
               0.00 seconds building connectivity graph
               0.20 seconds searching, evaluating 15942 states, to a max depth of 10
               0.20 seconds total time

