
ff: parsing domain file
domain 'BLOCKS' defined
 ... done.
ff: parsing problem file
problem 'PB3' defined
 ... done.


no metric specified. plan length assumed.

checking for cyclic := effects --- OK.

ff: search configuration is EHC, if that fails then  best-first on 1*g(s) + 5*h(s) where
    metric is  plan length

Cueing down from goal distance:   58 into depth [1]
                                  57            [1]
                                  56            [1]
                                  55            [1]
                                  54            [1]
                                  53            [1][2][3]
                                  52            [1]
                                  51            [1][2][3][4]
                                  50            [1][2][3][4][5][6]
                                  49            [1][2][3][4]
                                  48            [1][2][3][4][5][6][7][8][9]