
ff: parsing domain file
domain 'SATELLITE' defined
 ... done.
ff: parsing problem file
problem 'STRIPS-SAT-X-1' defined
 ... done.


no metric specified. plan length assumed.

checking for cyclic := effects --- OK.

ff: search configuration is EHC, if that fails then  best-first on 1*g(s) + 5*h(s) where
    metric is  plan length

Cueing down from goal distance:   10 into depth [1]
                                   9            [1]
                                   8            [1]
                                   7            [1]
                                   6            [1]
                                   5            [1]
                                   4            [1]
                                   3            [1]
                                   2            [1]
                                   1            [1]
                                   0            

ff: found legal plan as follows

step    0: TURN_TO SATELLITE0 GROUNDSTATION26 STAR119
        1: SWITCH_ON INSTRUMENT0 SATELLITE0
        2: CALIBRATE SATELLITE0 INSTRUMENT0 GROUNDSTATION26
        3: TURN_TO SATELLITE0 PLANET169 GROUNDSTATION26
        4: TURN_TO SATELLITE2 STAR149 STAR103
        5: TURN_TO SATELLITE3 STAR15 GROUNDSTATION21
        6: TURN_TO SATELLITE5 GROUNDSTATION2 STAR29
        7: TAKE_IMAGE SATELLITE0 PLANET169 INSTRUMENT0 INFRARED3
        8: TURN_TO SATELLITE0 PHENOMENON170 PLANET169
        9: TAKE_IMAGE SATELLITE0 PHENOMENON170 INSTRUMENT0 SPECTROGRAPH0
     

time spent:    0.01 seconds instantiating 317856 easy, 0 hard action templates
               0.03 seconds reachability analysis, yielding 2701 facts and 317856 actions
               0.05 seconds creating final representation with 2701 relevant facts, 0 relevant fluents
               0.36 seconds computing LNF
               0.14 seconds building connectivity graph
               0.37 seconds searching, evaluating 17 states, to a max depth of 1
               0.96 seconds total time

