
ff: parsing domain file
domain 'SATELLITE' defined
 ... done.
ff: parsing problem file
problem 'STRIPS-SAT-X-1' defined
 ... done.


no metric specified. plan length assumed.

checking for cyclic := effects --- OK.

ff: search configuration is EHC, if that fails then  best-first on 1*g(s) + 5*h(s) where
    metric is  plan length

Cueing down from goal distance:   12 into depth [1]
                                  11            [1]
                                  10            [1]
                                   9            [1]
                                   8            [1]
                                   7            [1]
                                   6            [1]
                                   5            [1]
                                   4            [1]
                                   3            [1]
                                   2            [1]
                                   1            [1]
                                   0            

ff: found legal plan as follows

step    0: TURN_TO SATELLITE0 STAR12 STAR144
        1: SWITCH_ON INSTRUMENT2 SATELLITE0
        2: TURN_TO SATELLITE1 GROUNDSTATION106 GROUNDSTATION20
        3: CALIBRATE SATELLITE0 INSTRUMENT2 STAR12
        4: TURN_TO SATELLITE0 STAR169 STAR12
        5: SWITCH_ON INSTRUMENT10 SATELLITE1
        6: CALIBRATE SATELLITE1 INSTRUMENT10 GROUNDSTATION106
        7: TURN_TO SATELLITE1 PHENOMENON170 GROUNDSTATION106
        8: TURN_TO SATELLITE3 STAR28 GROUNDSTATION128
        9: TURN_TO SATELLITE9 GROUNDSTATION55 STAR146
       10: TAKE_IMAGE SATELLITE0 STAR169 INSTRUMENT2 INFRARED4
       11: TAKE_IMAGE SATELLITE1 PHENOMENON170 INSTRUMENT10 SPECTROGRAPH3
     

time spent:    0.01 seconds instantiating 314597 easy, 0 hard action templates
               0.02 seconds reachability analysis, yielding 2693 facts and 314597 actions
               0.05 seconds creating final representation with 2693 relevant facts, 0 relevant fluents
               0.36 seconds computing LNF
               0.13 seconds building connectivity graph
               0.26 seconds searching, evaluating 14 states, to a max depth of 1
               0.83 seconds total time

