
ff: parsing domain file
domain 'SATELLITE' defined
 ... done.
ff: parsing problem file
problem 'STRIPS-SAT-X-1' defined
 ... done.


no metric specified. plan length assumed.

checking for cyclic := effects --- OK.

ff: search configuration is EHC, if that fails then  best-first on 1*g(s) + 5*h(s) where
    metric is  plan length

Cueing down from goal distance:   11 into depth [1]
                                  10            [1]
                                   9            [1]
                                   8            [1]
                                   7            [1]
                                   6            [1]
                                   5            [1]
                                   4            [1]
                                   3            [1]
                                   2            [1]
                                   1            [1]
                                   0            

ff: found legal plan as follows

step    0: TURN_TO SATELLITE0 STAR184 GROUNDSTATION61
        1: SWITCH_ON INSTRUMENT0 SATELLITE0
        2: CALIBRATE SATELLITE0 INSTRUMENT0 STAR184
        3: TURN_TO SATELLITE0 PLANET191 STAR184
        4: TURN_TO SATELLITE4 STAR99 GROUNDSTATION114
        5: TURN_TO SATELLITE5 STAR75 GROUNDSTATION102
        6: TURN_TO SATELLITE8 STAR0 STAR91
        7: TURN_TO SATELLITE9 GROUNDSTATION132 STAR13
        8: TAKE_IMAGE SATELLITE0 PLANET191 INSTRUMENT0 SPECTROGRAPH0
        9: TURN_TO SATELLITE0 PHENOMENON192 PLANET191
       10: TAKE_IMAGE SATELLITE0 PHENOMENON192 INSTRUMENT0 SPECTROGRAPH0
     

time spent:    0.01 seconds instantiating 395875 easy, 0 hard action templates
               0.03 seconds reachability analysis, yielding 3015 facts and 395875 actions
               0.08 seconds creating final representation with 3015 relevant facts, 0 relevant fluents
               0.47 seconds computing LNF
               0.16 seconds building connectivity graph
               0.49 seconds searching, evaluating 19 states, to a max depth of 1
               1.24 seconds total time

