
ff: parsing domain file
domain 'SATELLITE' defined
 ... done.
ff: parsing problem file
problem 'STRIPS-SAT-X-1' defined
 ... done.


no metric specified. plan length assumed.

checking for cyclic := effects --- OK.

ff: search configuration is EHC, if that fails then  best-first on 1*g(s) + 5*h(s) where
    metric is  plan length

Cueing down from goal distance:   13 into depth [1]
                                  12            [1]
                                  11            [1]
                                  10            [1]
                                   9            [1]
                                   8            [1]
                                   7            [1]
                                   6            [1]
                                   5            [1]
                                   4            [1]
                                   3            [1]
                                   2            [1]
                                   1            [1]
                                   0            

ff: found legal plan as follows

step    0: TURN_TO SATELLITE0 GROUNDSTATION24 STAR9
        1: TURN_TO SATELLITE1 GROUNDSTATION60 STAR123
        2: SWITCH_ON INSTRUMENT0 SATELLITE0
        3: CALIBRATE SATELLITE0 INSTRUMENT0 GROUNDSTATION24
        4: TURN_TO SATELLITE0 STAR191 GROUNDSTATION24
        5: SWITCH_ON INSTRUMENT2 SATELLITE1
        6: CALIBRATE SATELLITE1 INSTRUMENT2 GROUNDSTATION60
        7: TURN_TO SATELLITE1 PHENOMENON192 GROUNDSTATION60
        8: TURN_TO SATELLITE2 GROUNDSTATION14 GROUNDSTATION47
        9: TURN_TO SATELLITE3 STAR64 STAR152
       10: TAKE_IMAGE SATELLITE0 STAR191 INSTRUMENT0 THERMOGRAPH0
       11: TAKE_IMAGE SATELLITE1 PHENOMENON192 INSTRUMENT2 THERMOGRAPH3
       12: TURN_TO SATELLITE1 GROUNDSTATION89 PHENOMENON192
     

time spent:    0.02 seconds instantiating 397656 easy, 0 hard action templates
               0.03 seconds reachability analysis, yielding 3029 facts and 397656 actions
               0.06 seconds creating final representation with 3029 relevant facts, 0 relevant fluents
               0.46 seconds computing LNF
               0.17 seconds building connectivity graph
               0.38 seconds searching, evaluating 18 states, to a max depth of 1
               1.12 seconds total time

