
ff: parsing domain file
domain 'SATELLITE' defined
 ... done.
ff: parsing problem file
problem 'STRIPS-SAT-X-1' defined
 ... done.


no metric specified. plan length assumed.

checking for cyclic := effects --- OK.

ff: search configuration is EHC, if that fails then  best-first on 1*g(s) + 5*h(s) where
    metric is  plan length

Cueing down from goal distance:   15 into depth [1]
                                  14            [1]
                                  13            [1]
                                  12            [1]
                                  11            [1]
                                  10            [1]
                                   9            [1]
                                   8            [1]
                                   7            [1]
                                   6            [1]
                                   5            [1]
                                   4            [1]
                                   3            [1]
                                   2            [1]
                                   1            [1]
                                   0            

ff: found legal plan as follows

step    0: TURN_TO SATELLITE0 STAR182 STAR141
        1: SWITCH_ON INSTRUMENT2 SATELLITE0
        2: TURN_TO SATELLITE1 GROUNDSTATION91 STAR177
        3: CALIBRATE SATELLITE0 INSTRUMENT2 STAR182
        4: TURN_TO SATELLITE0 STAR191 STAR182
        5: SWITCH_ON INSTRUMENT9 SATELLITE1
        6: CALIBRATE SATELLITE1 INSTRUMENT9 GROUNDSTATION91
        7: TURN_TO SATELLITE1 STAR192 GROUNDSTATION91
        8: TURN_TO SATELLITE6 STAR95 STAR116
        9: TURN_TO SATELLITE7 STAR52 GROUNDSTATION102
       10: TURN_TO SATELLITE9 STAR116 STAR21
       11: TAKE_IMAGE SATELLITE0 STAR191 INSTRUMENT2 THERMOGRAPH1
       12: TURN_TO SATELLITE0 GROUNDSTATION88 STAR191
       13: TAKE_IMAGE SATELLITE1 STAR192 INSTRUMENT9 IMAGE0
       14: TURN_TO SATELLITE1 GROUNDSTATION11 STAR192
     

time spent:    0.01 seconds instantiating 390435 easy, 0 hard action templates
               0.04 seconds reachability analysis, yielding 2989 facts and 390435 actions
               0.08 seconds creating final representation with 2989 relevant facts, 0 relevant fluents
               0.49 seconds computing LNF
               0.16 seconds building connectivity graph
               0.54 seconds searching, evaluating 26 states, to a max depth of 1
               1.32 seconds total time

