
ff: parsing domain file
domain 'SATELLITE' defined
 ... done.
ff: parsing problem file
problem 'STRIPS-SAT-X-1' defined
 ... done.


no metric specified. plan length assumed.

checking for cyclic := effects --- OK.

ff: search configuration is EHC, if that fails then  best-first on 1*g(s) + 5*h(s) where
    metric is  plan length

Cueing down from goal distance:    9 into depth [1]
                                   8            [1]
                                   7            [1]
                                   6            [1]
                                   5            [1]
                                   4            [1]
                                   3            [1]
                                   2            [1]
                                   1            [1]
                                   0            

ff: found legal plan as follows

step    0: TURN_TO SATELLITE0 GROUNDSTATION164 STAR114
        1: SWITCH_ON INSTRUMENT1 SATELLITE0
        2: CALIBRATE SATELLITE0 INSTRUMENT1 GROUNDSTATION164
        3: TURN_TO SATELLITE0 STAR191 GROUNDSTATION164
        4: TURN_TO SATELLITE2 GROUNDSTATION48 STAR152
        5: TURN_TO SATELLITE3 STAR27 STAR83
        6: TURN_TO SATELLITE6 GROUNDSTATION26 STAR32
        7: TURN_TO SATELLITE7 GROUNDSTATION60 GROUNDSTATION160
        8: TAKE_IMAGE SATELLITE0 STAR191 INSTRUMENT1 IMAGE1
     

time spent:    0.01 seconds instantiating 400758 easy, 0 hard action templates
               0.04 seconds reachability analysis, yielding 3039 facts and 400758 actions
               0.07 seconds creating final representation with 3039 relevant facts, 0 relevant fluents
               0.50 seconds computing LNF
               0.18 seconds building connectivity graph
               0.18 seconds searching, evaluating 10 states, to a max depth of 1
               0.98 seconds total time

