
ff: parsing domain file
domain 'SATELLITE' defined
 ... done.
ff: parsing problem file
problem 'STRIPS-SAT-X-1' defined
 ... done.


no metric specified. plan length assumed.

checking for cyclic := effects --- OK.

ff: search configuration is EHC, if that fails then  best-first on 1*g(s) + 5*h(s) where
    metric is  plan length

Cueing down from goal distance:   10 into depth [1]
                                   9            [1]
                                   8            [1]
                                   7            [1]
                                   6            [1]
                                   5            [1]
                                   4            [1]
                                   3            [1]
                                   2            [1]
                                   1            [1]
                                   0            

ff: found legal plan as follows

step    0: TURN_TO SATELLITE0 GROUNDSTATION44 STAR104
        1: SWITCH_ON INSTRUMENT0 SATELLITE0
        2: CALIBRATE SATELLITE0 INSTRUMENT0 GROUNDSTATION44
        3: TURN_TO SATELLITE0 PHENOMENON192 GROUNDSTATION44
        4: TURN_TO SATELLITE2 STAR6 STAR58
        5: TURN_TO SATELLITE5 GROUNDSTATION150 STAR135
        6: TURN_TO SATELLITE6 GROUNDSTATION137 STAR87
        7: TURN_TO SATELLITE7 STAR25 STAR183
        8: TURN_TO SATELLITE8 GROUNDSTATION49 STAR36
        9: TAKE_IMAGE SATELLITE0 PHENOMENON192 INSTRUMENT0 THERMOGRAPH2
     

time spent:    0.01 seconds instantiating 399794 easy, 0 hard action templates
               0.04 seconds reachability analysis, yielding 3035 facts and 399794 actions
               0.06 seconds creating final representation with 3035 relevant facts, 0 relevant fluents
               0.47 seconds computing LNF
               0.16 seconds building connectivity graph
               0.13 seconds searching, evaluating 11 states, to a max depth of 1
               0.87 seconds total time

