
ff: parsing domain file
domain 'SATELLITE' defined
 ... done.
ff: parsing problem file
problem 'STRIPS-SAT-X-1' defined
 ... done.


no metric specified. plan length assumed.

checking for cyclic := effects --- OK.

ff: search configuration is EHC, if that fails then  best-first on 1*g(s) + 5*h(s) where
    metric is  plan length

Cueing down from goal distance:    6 into depth [1]
                                   5            [1]
                                   4            [1]
                                   3            [1]
                                   2            [1]
                                   1            [1]
                                   0            

ff: found legal plan as follows

step    0: TURN_TO SATELLITE0 STAR185 GROUNDSTATION25
        1: SWITCH_ON INSTRUMENT0 SATELLITE0
        2: CALIBRATE SATELLITE0 INSTRUMENT0 STAR185
        3: TURN_TO SATELLITE0 PLANET191 STAR185
        4: TURN_TO SATELLITE6 STAR59 STAR106
        5: TAKE_IMAGE SATELLITE0 PLANET191 INSTRUMENT0 INFRARED3
     

time spent:    0.01 seconds instantiating 397600 easy, 0 hard action templates
               0.04 seconds reachability analysis, yielding 3023 facts and 397600 actions
               0.07 seconds creating final representation with 3023 relevant facts, 0 relevant fluents
               0.47 seconds computing LNF
               0.16 seconds building connectivity graph
               0.12 seconds searching, evaluating 7 states, to a max depth of 1
               0.87 seconds total time

