
ff: parsing domain file
domain 'SATELLITE' defined
 ... done.
ff: parsing problem file
problem 'STRIPS-SAT-X-1' defined
 ... done.


no metric specified. plan length assumed.

checking for cyclic := effects --- OK.

ff: search configuration is EHC, if that fails then  best-first on 1*g(s) + 5*h(s) where
    metric is  plan length

Cueing down from goal distance:   12 into depth [1]
                                  11            [1]
                                  10            [1]
                                   9            [1]
                                   8            [1]
                                   7            [1]
                                   6            [1]
                                   5            [1]
                                   4            [1]
                                   3            [1][2]
                                   2            [1]
                                   1            [1]
                                   0            

ff: found legal plan as follows

step    0: SWITCH_ON INSTRUMENT3 SATELLITE0
        1: CALIBRATE SATELLITE0 INSTRUMENT3 GROUNDSTATION28
        2: TURN_TO SATELLITE0 STAR30 GROUNDSTATION28
        3: SWITCH_ON INSTRUMENT44 SATELLITE6
        4: TURN_TO SATELLITE2 STAR19 GROUNDSTATION23
        5: TURN_TO SATELLITE4 STAR14 GROUNDSTATION16
        6: TURN_TO SATELLITE7 GROUNDSTATION13 STAR6
        7: TAKE_IMAGE SATELLITE0 STAR30 INSTRUMENT3 SPECTROGRAPH1
        8: TURN_TO SATELLITE0 GROUNDSTATION27 STAR30
        9: TURN_TO SATELLITE6 GROUNDSTATION8 PLANET31
       10: CALIBRATE SATELLITE6 INSTRUMENT44 GROUNDSTATION8
       11: TURN_TO SATELLITE6 PLANET31 GROUNDSTATION8
       12: TAKE_IMAGE SATELLITE6 PLANET31 INSTRUMENT44 IMAGE2
     

time spent:    0.00 seconds instantiating 15167 easy, 0 hard action templates
               0.00 seconds reachability analysis, yielding 634 facts and 15167 actions
               0.00 seconds creating final representation with 634 relevant facts, 0 relevant fluents
               0.01 seconds computing LNF
               0.02 seconds building connectivity graph
               0.01 seconds searching, evaluating 27 states, to a max depth of 2
               0.04 seconds total time

