
ff: parsing domain file
domain 'SATELLITE' defined
 ... done.
ff: parsing problem file
problem 'STRIPS-SAT-X-1' defined
 ... done.


no metric specified. plan length assumed.

checking for cyclic := effects --- OK.

ff: search configuration is EHC, if that fails then  best-first on 1*g(s) + 5*h(s) where
    metric is  plan length

Cueing down from goal distance:    6 into depth [1]
                                   5            [1]
                                   4            [1]
                                   3            [1]
                                   2            [1]
                                   1            [1]
                                   0            

ff: found legal plan as follows

step    0: SWITCH_ON INSTRUMENT5 SATELLITE1
        1: CALIBRATE SATELLITE1 INSTRUMENT5 GROUNDSTATION29
        2: TURN_TO SATELLITE1 PLANET30 GROUNDSTATION29
        3: TURN_TO SATELLITE0 STAR14 GROUNDSTATION18
        4: TAKE_IMAGE SATELLITE1 PLANET30 INSTRUMENT5 INFRARED0
        5: TURN_TO SATELLITE1 GROUNDSTATION8 PLANET30
     

time spent:    0.00 seconds instantiating 13693 easy, 0 hard action templates
               0.00 seconds reachability analysis, yielding 590 facts and 13693 actions
               0.00 seconds creating final representation with 590 relevant facts, 0 relevant fluents
               0.01 seconds computing LNF
               0.01 seconds building connectivity graph
               0.00 seconds searching, evaluating 8 states, to a max depth of 1
               0.02 seconds total time

