
ff: parsing domain file
domain 'SATELLITE' defined
 ... done.
ff: parsing problem file
problem 'STRIPS-SAT-X-1' defined
 ... done.


no metric specified. plan length assumed.

checking for cyclic := effects --- OK.

ff: search configuration is EHC, if that fails then  best-first on 1*g(s) + 5*h(s) where
    metric is  plan length

Cueing down from goal distance:   15 into depth [1]
                                  13            [1]
                                  12            [1]
                                  11            [1]
                                  10            [1]
                                   9            [1]
                                   8            [1]
                                   7            [1]
                                   6            [1]
                                   5            [1]
                                   4            [1]
                                   3            [1]
                                   2            [1]
                                   1            [1]
                                   0            

ff: found legal plan as follows

step    0: TURN_TO SATELLITE8 STAR23 PLANET30
        1: TURN_TO SATELLITE0 GROUNDSTATION10 STAR0
        2: SWITCH_ON INSTRUMENT0 SATELLITE0
        3: CALIBRATE SATELLITE0 INSTRUMENT0 GROUNDSTATION10
        4: TURN_TO SATELLITE0 PLANET30 GROUNDSTATION10
        5: TURN_TO SATELLITE2 GROUNDSTATION20 STAR7
        6: TURN_TO SATELLITE3 STAR2 GROUNDSTATION24
        7: TURN_TO SATELLITE4 GROUNDSTATION13 GROUNDSTATION8
        8: TURN_TO SATELLITE6 GROUNDSTATION15 GROUNDSTATION8
        9: TURN_TO SATELLITE7 STAR7 GROUNDSTATION4
       10: TAKE_IMAGE SATELLITE0 PLANET30 INSTRUMENT0 INFRARED2
       11: TURN_TO SATELLITE0 PHENOMENON31 PLANET30
       12: TAKE_IMAGE SATELLITE0 PHENOMENON31 INSTRUMENT0 INFRARED2
       13: TURN_TO SATELLITE0 GROUNDSTATION11 PHENOMENON31
     

time spent:    0.00 seconds instantiating 13957 easy, 0 hard action templates
               0.00 seconds reachability analysis, yielding 582 facts and 13957 actions
               0.00 seconds creating final representation with 582 relevant facts, 0 relevant fluents
               0.01 seconds computing LNF
               0.01 seconds building connectivity graph
               0.01 seconds searching, evaluating 30 states, to a max depth of 1
               0.03 seconds total time

