
ff: parsing domain file
domain 'SATELLITE' defined
 ... done.
ff: parsing problem file
problem 'STRIPS-SAT-X-1' defined
 ... done.


no metric specified. plan length assumed.

checking for cyclic := effects --- OK.

ff: search configuration is EHC, if that fails then  best-first on 1*g(s) + 5*h(s) where
    metric is  plan length

Cueing down from goal distance:   12 into depth [1]
                                  11            [1]
                                  10            [1]
                                   9            [1]
                                   8            [1]
                                   7            [1]
                                   6            [1]
                                   5            [1]
                                   4            [1]
                                   3            [1][2]
                                   2            [1]
                                   1            [1]
                                   0            

ff: found legal plan as follows

step    0: TURN_TO SATELLITE0 GROUNDSTATION7 GROUNDSTATION14
        1: SWITCH_ON INSTRUMENT11 SATELLITE2
        2: SWITCH_ON INSTRUMENT2 SATELLITE0
        3: CALIBRATE SATELLITE0 INSTRUMENT2 GROUNDSTATION7
        4: TURN_TO SATELLITE0 PLANET31 GROUNDSTATION7
        5: TURN_TO SATELLITE1 STAR0 STAR20
        6: TURN_TO SATELLITE4 STAR24 GROUNDSTATION14
        7: TURN_TO SATELLITE5 STAR16 GROUNDSTATION13
        8: TAKE_IMAGE SATELLITE0 PLANET31 INSTRUMENT2 THERMOGRAPH2
        9: TURN_TO SATELLITE2 STAR16 PLANET30
       10: CALIBRATE SATELLITE2 INSTRUMENT11 STAR16
       11: TURN_TO SATELLITE2 PLANET30 STAR16
       12: TAKE_IMAGE SATELLITE2 PLANET30 INSTRUMENT11 INFRARED3
     

time spent:    0.00 seconds instantiating 14776 easy, 0 hard action templates
               0.00 seconds reachability analysis, yielding 618 facts and 14776 actions
               0.00 seconds creating final representation with 618 relevant facts, 0 relevant fluents
               0.01 seconds computing LNF
               0.01 seconds building connectivity graph
               0.01 seconds searching, evaluating 23 states, to a max depth of 2
               0.03 seconds total time

