
ff: parsing domain file
domain 'SATELLITE' defined
 ... done.
ff: parsing problem file
problem 'STRIPS-SAT-X-1' defined
 ... done.


no metric specified. plan length assumed.

checking for cyclic := effects --- OK.

ff: search configuration is EHC, if that fails then  best-first on 1*g(s) + 5*h(s) where
    metric is  plan length

Cueing down from goal distance:   12 into depth [1]
                                  10            [1]
                                   9            [1]
                                   8            [1]
                                   7            [1]
                                   6            [1][2]
                                   5            [1]
                                   4            [1]
                                   3            [1]
                                   2            [1]
                                   1            [1]
                                   0            

ff: found legal plan as follows

step    0: TURN_TO SATELLITE1 GROUNDSTATION9 STAR30
        1: SWITCH_ON INSTRUMENT2 SATELLITE0
        2: TURN_TO SATELLITE2 STAR13 GROUNDSTATION16
        3: TURN_TO SATELLITE5 STAR29 GROUNDSTATION28
        4: TURN_TO SATELLITE8 STAR25 GROUNDSTATION4
        5: TURN_TO SATELLITE0 GROUNDSTATION2 STAR11
        6: CALIBRATE SATELLITE0 INSTRUMENT2 GROUNDSTATION2
        7: TURN_TO SATELLITE0 STAR30 GROUNDSTATION2
        8: TAKE_IMAGE SATELLITE0 STAR30 INSTRUMENT2 INFRARED3
        9: TURN_TO SATELLITE0 STAR31 STAR30
       10: TAKE_IMAGE SATELLITE0 STAR31 INSTRUMENT2 INFRARED3
       11: TURN_TO SATELLITE0 STAR11 STAR31
     

time spent:    0.00 seconds instantiating 14672 easy, 0 hard action templates
               0.00 seconds reachability analysis, yielding 616 facts and 14672 actions
               0.00 seconds creating final representation with 616 relevant facts, 0 relevant fluents
               0.01 seconds computing LNF
               0.01 seconds building connectivity graph
               0.01 seconds searching, evaluating 29 states, to a max depth of 2
               0.03 seconds total time

