
ff: parsing domain file
domain 'SATELLITE' defined
 ... done.
ff: parsing problem file
problem 'STRIPS-SAT-X-1' defined
 ... done.


no metric specified. plan length assumed.

checking for cyclic := effects --- OK.

ff: search configuration is EHC, if that fails then  best-first on 1*g(s) + 5*h(s) where
    metric is  plan length

Cueing down from goal distance:   13 into depth [1]
                                  12            [1]
                                  10            [1]
                                   9            [1]
                                   8            [1]
                                   7            [1]
                                   6            [1]
                                   5            [1]
                                   4            [1]
                                   3            [1][2]
                                   2            [1][2]
                                   1            [1]
                                   0            

ff: found legal plan as follows

step    0: TURN_TO SATELLITE1 GROUNDSTATION15 GROUNDSTATION62
        1: SWITCH_ON INSTRUMENT3 SATELLITE1
        2: CALIBRATE SATELLITE1 INSTRUMENT3 GROUNDSTATION15
        3: TURN_TO SATELLITE1 STAR186 GROUNDSTATION15
        4: SWITCH_ON INSTRUMENT12 SATELLITE2
        5: TURN_TO SATELLITE2 PHENOMENON187 GROUNDSTATION64
        6: TURN_TO SATELLITE7 STAR73 GROUNDSTATION72
        7: TURN_TO SATELLITE9 STAR153 GROUNDSTATION92
        8: TAKE_IMAGE SATELLITE1 STAR186 INSTRUMENT3 INFRARED2
        9: TURN_TO SATELLITE2 GROUNDSTATION20 PHENOMENON187
       10: CALIBRATE SATELLITE2 INSTRUMENT12 GROUNDSTATION20
       11: TURN_TO SATELLITE2 PHENOMENON187 GROUNDSTATION20
       12: TAKE_IMAGE SATELLITE2 PHENOMENON187 INSTRUMENT12 THERMOGRAPH4
       13: TURN_TO SATELLITE2 GROUNDSTATION20 PHENOMENON187
     

time spent:    0.01 seconds instantiating 379330 easy, 0 hard action templates
               0.04 seconds reachability analysis, yielding 2958 facts and 379330 actions
               0.05 seconds creating final representation with 2958 relevant facts, 0 relevant fluents
               0.49 seconds computing LNF
               0.17 seconds building connectivity graph
               0.52 seconds searching, evaluating 19 states, to a max depth of 2
               1.28 seconds total time

