
ff: parsing domain file
domain 'SATELLITE' defined
 ... done.
ff: parsing problem file
problem 'STRIPS-SAT-X-1' defined
 ... done.


no metric specified. plan length assumed.

checking for cyclic := effects --- OK.

ff: search configuration is EHC, if that fails then  best-first on 1*g(s) + 5*h(s) where
    metric is  plan length

Cueing down from goal distance:   10 into depth [1]
                                   9            [1]
                                   8            [1]
                                   7            [1]
                                   6            [1]
                                   5            [1]
                                   4            [1]
                                   3            [1]
                                   2            [1]
                                   1            [1]
                                   0            

ff: found legal plan as follows

step    0: TURN_TO SATELLITE3 GROUNDSTATION108 STAR144
        1: SWITCH_ON INSTRUMENT5 SATELLITE3
        2: CALIBRATE SATELLITE3 INSTRUMENT5 GROUNDSTATION108
        3: TURN_TO SATELLITE3 PHENOMENON187 GROUNDSTATION108
        4: TURN_TO SATELLITE2 STAR17 GROUNDSTATION68
        5: TURN_TO SATELLITE4 STAR4 STAR141
        6: TURN_TO SATELLITE8 GROUNDSTATION105 STAR78
        7: TURN_TO SATELLITE9 STAR0 GROUNDSTATION149
        8: TAKE_IMAGE SATELLITE3 PHENOMENON187 INSTRUMENT5 THERMOGRAPH4
        9: TURN_TO SATELLITE3 GROUNDSTATION105 PHENOMENON187
     

time spent:    0.01 seconds instantiating 372473 easy, 0 hard action templates
               0.03 seconds reachability analysis, yielding 2926 facts and 372473 actions
               0.06 seconds creating final representation with 2926 relevant facts, 0 relevant fluents
               0.44 seconds computing LNF
               0.16 seconds building connectivity graph
               0.22 seconds searching, evaluating 15 states, to a max depth of 1
               0.92 seconds total time

