
ff: parsing domain file
domain 'SATELLITE' defined
 ... done.
ff: parsing problem file
problem 'STRIPS-SAT-X-1' defined
 ... done.


no metric specified. plan length assumed.

checking for cyclic := effects --- OK.

ff: search configuration is EHC, if that fails then  best-first on 1*g(s) + 5*h(s) where
    metric is  plan length

Cueing down from goal distance:   12 into depth [1]
                                  11            [1]
                                  10            [1]
                                   9            [1][2]
                                   8            [1]
                                   7            [1]
                                   6            [1]
                                   5            [1]
                                   4            [1]
                                   3            [1]
                                   2            [1]
                                   1            [1]
                                   0            

ff: found legal plan as follows

step    0: TURN_TO SATELLITE0 GROUNDSTATION92 STAR102
        1: TURN_TO SATELLITE3 GROUNDSTATION13 STAR31
        2: TURN_TO SATELLITE9 GROUNDSTATION3 GROUNDSTATION169
        3: SWITCH_ON INSTRUMENT1 SATELLITE0
        4: TURN_TO SATELLITE1 STAR83 GROUNDSTATION0
        5: CALIBRATE SATELLITE0 INSTRUMENT1 GROUNDSTATION92
        6: TURN_TO SATELLITE0 STAR186 GROUNDSTATION92
        7: SWITCH_ON INSTRUMENT6 SATELLITE1
        8: CALIBRATE SATELLITE1 INSTRUMENT6 STAR83
        9: TURN_TO SATELLITE1 PHENOMENON187 STAR83
       10: TAKE_IMAGE SATELLITE0 STAR186 INSTRUMENT1 THERMOGRAPH0
       11: TURN_TO SATELLITE0 GROUNDSTATION17 STAR186
       12: TAKE_IMAGE SATELLITE1 PHENOMENON187 INSTRUMENT6 IMAGE1
     

time spent:    0.01 seconds instantiating 382877 easy, 0 hard action templates
               0.04 seconds reachability analysis, yielding 2972 facts and 382877 actions
               0.06 seconds creating final representation with 2972 relevant facts, 0 relevant fluents
               0.43 seconds computing LNF
               0.16 seconds building connectivity graph
               0.79 seconds searching, evaluating 29 states, to a max depth of 2
               1.49 seconds total time

