
ff: parsing domain file
domain 'SATELLITE' defined
 ... done.
ff: parsing problem file
problem 'STRIPS-SAT-X-1' defined
 ... done.


no metric specified. plan length assumed.

checking for cyclic := effects --- OK.

ff: search configuration is EHC, if that fails then  best-first on 1*g(s) + 5*h(s) where
    metric is  plan length

Cueing down from goal distance:   12 into depth [1]
                                  11            [1]
                                  10            [1]
                                   9            [1]
                                   8            [1]
                                   7            [1]
                                   6            [1]
                                   5            [1]
                                   4            [1]
                                   3            [1]
                                   2            [1]
                                   1            [1]
                                   0            

ff: found legal plan as follows

step    0: TURN_TO SATELLITE0 STAR112 GROUNDSTATION134
        1: SWITCH_ON INSTRUMENT2 SATELLITE0
        2: TURN_TO SATELLITE1 STAR15 GROUNDSTATION142
        3: CALIBRATE SATELLITE0 INSTRUMENT2 STAR112
        4: TURN_TO SATELLITE0 PHENOMENON186 STAR112
        5: SWITCH_ON INSTRUMENT5 SATELLITE1
        6: CALIBRATE SATELLITE1 INSTRUMENT5 STAR15
        7: TURN_TO SATELLITE1 PLANET187 STAR15
        8: TURN_TO SATELLITE6 STAR50 STAR123
        9: TAKE_IMAGE SATELLITE0 PHENOMENON186 INSTRUMENT2 INFRARED2
       10: TURN_TO SATELLITE0 STAR124 PHENOMENON186
       11: TAKE_IMAGE SATELLITE1 PLANET187 INSTRUMENT5 THERMOGRAPH0
     

time spent:    0.01 seconds instantiating 373129 easy, 0 hard action templates
               0.03 seconds reachability analysis, yielding 2928 facts and 373129 actions
               0.06 seconds creating final representation with 2928 relevant facts, 0 relevant fluents
               0.45 seconds computing LNF
               0.14 seconds building connectivity graph
               0.33 seconds searching, evaluating 16 states, to a max depth of 1
               1.02 seconds total time

