
ff: parsing domain file
domain 'SATELLITE' defined
 ... done.
ff: parsing problem file
problem 'STRIPS-SAT-X-1' defined
 ... done.


no metric specified. plan length assumed.

checking for cyclic := effects --- OK.

ff: search configuration is EHC, if that fails then  best-first on 1*g(s) + 5*h(s) where
    metric is  plan length

Cueing down from goal distance:   13 into depth [1]
                                  12            [1]
                                  11            [1]
                                  10            [1]
                                   9            [1]
                                   8            [1]
                                   7            [1]
                                   6            [1]
                                   5            [1]
                                   4            [1]
                                   3            [1]
                                   2            [1]
                                   1            [1]
                                   0            

ff: found legal plan as follows

step    0: SWITCH_ON INSTRUMENT2 SATELLITE0
        1: TURN_TO SATELLITE1 STAR78 STAR137
        2: CALIBRATE SATELLITE0 INSTRUMENT2 GROUNDSTATION25
        3: TURN_TO SATELLITE0 PLANET186 GROUNDSTATION25
        4: SWITCH_ON INSTRUMENT7 SATELLITE1
        5: CALIBRATE SATELLITE1 INSTRUMENT7 STAR78
        6: TURN_TO SATELLITE1 PHENOMENON187 STAR78
        7: TURN_TO SATELLITE4 GROUNDSTATION90 STAR16
        8: TURN_TO SATELLITE5 STAR18 GROUNDSTATION28
        9: TURN_TO SATELLITE8 GROUNDSTATION31 GROUNDSTATION29
       10: TAKE_IMAGE SATELLITE0 PLANET186 INSTRUMENT2 SPECTROGRAPH4
       11: TAKE_IMAGE SATELLITE1 PHENOMENON187 INSTRUMENT7 INFRARED3
       12: TURN_TO SATELLITE1 GROUNDSTATION28 PHENOMENON187
     

time spent:    0.01 seconds instantiating 369184 easy, 0 hard action templates
               0.03 seconds reachability analysis, yielding 2906 facts and 369184 actions
               0.06 seconds creating final representation with 2906 relevant facts, 0 relevant fluents
               0.42 seconds computing LNF
               0.15 seconds building connectivity graph
               0.36 seconds searching, evaluating 20 states, to a max depth of 1
               1.03 seconds total time

