
ff: parsing domain file
domain 'SATELLITE' defined
 ... done.
ff: parsing problem file
problem 'STRIPS-SAT-X-1' defined
 ... done.


no metric specified. plan length assumed.

checking for cyclic := effects --- OK.

ff: search configuration is EHC, if that fails then  best-first on 1*g(s) + 5*h(s) where
    metric is  plan length

Cueing down from goal distance:   16 into depth [1]
                                  15            [1]
                                  14            [1]
                                  13            [1]
                                  12            [1]
                                  11            [1]
                                  10            [1]
                                   9            [1]
                                   8            [1]
                                   7            [1]
                                   6            [1]
                                   5            [1]
                                   4            [1]
                                   3            [1]
                                   2            [1]
                                   1            [1]
                                   0            

ff: found legal plan as follows

step    0: TURN_TO SATELLITE0 STAR167 GROUNDSTATION120
        1: TURN_TO SATELLITE0 STAR171 STAR167
        2: SWITCH_ON INSTRUMENT2 SATELLITE0
        3: CALIBRATE SATELLITE0 INSTRUMENT2 STAR171
        4: TURN_TO SATELLITE0 PLANET186 STAR171
        5: SWITCH_ON INSTRUMENT10 SATELLITE1
        6: CALIBRATE SATELLITE1 INSTRUMENT10 STAR163
        7: TURN_TO SATELLITE1 PLANET187 STAR163
        8: TURN_TO SATELLITE3 STAR105 STAR57
        9: TURN_TO SATELLITE4 STAR111 GROUNDSTATION7
       10: TURN_TO SATELLITE5 GROUNDSTATION164 GROUNDSTATION10
       11: TURN_TO SATELLITE7 GROUNDSTATION165 STAR9
       12: TURN_TO SATELLITE9 STAR66 GROUNDSTATION165
       13: TAKE_IMAGE SATELLITE0 PLANET186 INSTRUMENT2 THERMOGRAPH4
       14: TAKE_IMAGE SATELLITE1 PLANET187 INSTRUMENT10 THERMOGRAPH2
       15: TURN_TO SATELLITE1 GROUNDSTATION47 PLANET187
     

time spent:    0.01 seconds instantiating 375988 easy, 0 hard action templates
               0.04 seconds reachability analysis, yielding 2944 facts and 375988 actions
               0.05 seconds creating final representation with 2944 relevant facts, 0 relevant fluents
               0.45 seconds computing LNF
               0.15 seconds building connectivity graph
               0.43 seconds searching, evaluating 24 states, to a max depth of 1
               1.13 seconds total time

