
ff: parsing domain file
domain 'SATELLITE' defined
 ... done.
ff: parsing problem file
problem 'STRIPS-SAT-X-1' defined
 ... done.


no metric specified. plan length assumed.

checking for cyclic := effects --- OK.

ff: search configuration is EHC, if that fails then  best-first on 1*g(s) + 5*h(s) where
    metric is  plan length

Cueing down from goal distance:   14 into depth [1]
                                  13            [1]
                                  12            [1]
                                  11            [1]
                                  10            [1]
                                   9            [1]
                                   8            [1]
                                   7            [1]
                                   6            [1]
                                   5            [1]
                                   4            [1]
                                   3            [1]
                                   2            [1]
                                   1            [1]
                                   0            

ff: found legal plan as follows

step    0: TURN_TO SATELLITE0 GROUNDSTATION44 GROUNDSTATION65
        1: SWITCH_ON INSTRUMENT0 SATELLITE0
        2: CALIBRATE SATELLITE0 INSTRUMENT0 GROUNDSTATION44
        3: TURN_TO SATELLITE0 PHENOMENON68 GROUNDSTATION44
        4: SWITCH_ON INSTRUMENT8 SATELLITE2
        5: CALIBRATE SATELLITE2 INSTRUMENT8 GROUNDSTATION22
        6: TURN_TO SATELLITE2 PHENOMENON67 GROUNDSTATION22
        7: TURN_TO SATELLITE1 GROUNDSTATION22 GROUNDSTATION20
        8: TURN_TO SATELLITE4 GROUNDSTATION27 STAR38
        9: TURN_TO SATELLITE6 GROUNDSTATION26 GROUNDSTATION29
       10: TURN_TO SATELLITE8 GROUNDSTATION37 STAR62
       11: TAKE_IMAGE SATELLITE2 PHENOMENON67 INSTRUMENT8 INFRARED2
       12: TURN_TO SATELLITE2 STAR35 PHENOMENON67
       13: TAKE_IMAGE SATELLITE0 PHENOMENON68 INSTRUMENT0 THERMOGRAPH4
     

time spent:    0.00 seconds instantiating 55383 easy, 0 hard action templates
               0.00 seconds reachability analysis, yielding 1149 facts and 55383 actions
               0.01 seconds creating final representation with 1149 relevant facts, 0 relevant fluents
               0.09 seconds computing LNF
               0.01 seconds building connectivity graph
               0.05 seconds searching, evaluating 21 states, to a max depth of 1
               0.16 seconds total time

