
ff: parsing domain file
domain 'SATELLITE' defined
 ... done.
ff: parsing problem file
problem 'STRIPS-SAT-X-1' defined
 ... done.


no metric specified. plan length assumed.

checking for cyclic := effects --- OK.

ff: search configuration is EHC, if that fails then  best-first on 1*g(s) + 5*h(s) where
    metric is  plan length

Cueing down from goal distance:    6 into depth [1]
                                   5            [1]
                                   4            [1]
                                   3            [1]
                                   2            [1]
                                   1            [1]
                                   0            

ff: found legal plan as follows

step    0: SWITCH_ON INSTRUMENT0 SATELLITE0
        1: CALIBRATE SATELLITE0 INSTRUMENT0 GROUNDSTATION3
        2: TURN_TO SATELLITE0 PLANET67 GROUNDSTATION3
        3: TURN_TO SATELLITE4 STAR7 GROUNDSTATION6
        4: TURN_TO SATELLITE6 GROUNDSTATION22 STAR56
        5: TAKE_IMAGE SATELLITE0 PLANET67 INSTRUMENT0 IMAGE3
     

time spent:    0.00 seconds instantiating 55164 easy, 0 hard action templates
               0.00 seconds reachability analysis, yielding 1139 facts and 55164 actions
               0.01 seconds creating final representation with 1139 relevant facts, 0 relevant fluents
               0.09 seconds computing LNF
               0.03 seconds building connectivity graph
               0.01 seconds searching, evaluating 7 states, to a max depth of 1
               0.14 seconds total time

