
ff: parsing domain file
domain 'SATELLITE' defined
 ... done.
ff: parsing problem file
problem 'STRIPS-SAT-X-1' defined
 ... done.


no metric specified. plan length assumed.

checking for cyclic := effects --- OK.

ff: search configuration is EHC, if that fails then  best-first on 1*g(s) + 5*h(s) where
    metric is  plan length

Cueing down from goal distance:   11 into depth [1]
                                  10            [1]
                                   9            [1]
                                   8            [1]
                                   7            [1]
                                   6            [1]
                                   5            [1]
                                   4            [1]
                                   3            [1]
                                   2            [1]
                                   1            [1]
                                   0            

ff: found legal plan as follows

step    0: SWITCH_ON INSTRUMENT1 SATELLITE0
        1: TURN_TO SATELLITE1 STAR3 GROUNDSTATION52
        2: CALIBRATE SATELLITE0 INSTRUMENT1 GROUNDSTATION27
        3: TURN_TO SATELLITE0 PLANET67 GROUNDSTATION27
        4: SWITCH_ON INSTRUMENT7 SATELLITE1
        5: CALIBRATE SATELLITE1 INSTRUMENT7 STAR3
        6: TURN_TO SATELLITE1 STAR68 STAR3
        7: TURN_TO SATELLITE7 GROUNDSTATION37 GROUNDSTATION26
        8: TURN_TO SATELLITE8 STAR19 GROUNDSTATION20
        9: TAKE_IMAGE SATELLITE0 PLANET67 INSTRUMENT1 THERMOGRAPH1
       10: TAKE_IMAGE SATELLITE1 STAR68 INSTRUMENT7 INFRARED0
     

time spent:    0.00 seconds instantiating 55146 easy, 0 hard action templates
               0.01 seconds reachability analysis, yielding 1155 facts and 55146 actions
               0.00 seconds creating final representation with 1155 relevant facts, 0 relevant fluents
               0.07 seconds computing LNF
               0.01 seconds building connectivity graph
               0.02 seconds searching, evaluating 13 states, to a max depth of 1
               0.11 seconds total time

