
ff: parsing domain file
domain 'SATELLITE' defined
 ... done.
ff: parsing problem file
problem 'STRIPS-SAT-X-1' defined
 ... done.


no metric specified. plan length assumed.

checking for cyclic := effects --- OK.

ff: search configuration is EHC, if that fails then  best-first on 1*g(s) + 5*h(s) where
    metric is  plan length

Cueing down from goal distance:   13 into depth [1]
                                  12            [1]
                                  11            [1]
                                  10            [1]
                                   9            [1]
                                   8            [1]
                                   7            [1]
                                   6            [1]
                                   5            [1]
                                   4            [1]
                                   3            [1]
                                   2            [1]
                                   1            [1]
                                   0            

ff: found legal plan as follows

step    0: TURN_TO SATELLITE0 GROUNDSTATION29 GROUNDSTATION10
        1: SWITCH_ON INSTRUMENT0 SATELLITE0
        2: TURN_TO SATELLITE3 GROUNDSTATION10 STAR64
        3: CALIBRATE SATELLITE0 INSTRUMENT0 GROUNDSTATION29
        4: SWITCH_ON INSTRUMENT11 SATELLITE3
        5: CALIBRATE SATELLITE3 INSTRUMENT11 GROUNDSTATION10
        6: TURN_TO SATELLITE3 PLANET68 GROUNDSTATION10
        7: TURN_TO SATELLITE0 PLANET67 GROUNDSTATION29
        8: TURN_TO SATELLITE2 GROUNDSTATION32 STAR0
        9: TURN_TO SATELLITE5 GROUNDSTATION14 GROUNDSTATION26
       10: TURN_TO SATELLITE8 STAR66 GROUNDSTATION13
       11: TAKE_IMAGE SATELLITE0 PLANET67 INSTRUMENT0 SPECTROGRAPH0
       12: TAKE_IMAGE SATELLITE3 PLANET68 INSTRUMENT11 SPECTROGRAPH4
     

time spent:    0.00 seconds instantiating 55553 easy, 0 hard action templates
               0.00 seconds reachability analysis, yielding 1153 facts and 55553 actions
               0.01 seconds creating final representation with 1153 relevant facts, 0 relevant fluents
               0.06 seconds computing LNF
               0.03 seconds building connectivity graph
               0.02 seconds searching, evaluating 15 states, to a max depth of 1
               0.12 seconds total time

