
ff: parsing domain file
domain 'SATELLITE' defined
 ... done.
ff: parsing problem file
problem 'STRIPS-SAT-X-1' defined
 ... done.


no metric specified. plan length assumed.

checking for cyclic := effects --- OK.

ff: search configuration is EHC, if that fails then  best-first on 1*g(s) + 5*h(s) where
    metric is  plan length

Cueing down from goal distance:   15 into depth [1]
                                  14            [1]
                                  10            [1]
                                   9            [1]
                                   8            [1]
                                   7            [1]
                                   6            [1]
                                   5            [1]
                                   4            [1]
                                   3            [1]
                                   2            [1]
                                   1            [1]
                                   0            

ff: found legal plan as follows

step    0: TURN_TO SATELLITE0 GROUNDSTATION41 STAR59
        1: SWITCH_ON INSTRUMENT5 SATELLITE0
        2: CALIBRATE SATELLITE0 INSTRUMENT5 GROUNDSTATION41
        3: TURN_TO SATELLITE0 PHENOMENON61 GROUNDSTATION41
        4: TURN_TO SATELLITE3 GROUNDSTATION41 STAR9
        5: TURN_TO SATELLITE4 STAR36 GROUNDSTATION6
        6: TURN_TO SATELLITE6 GROUNDSTATION51 GROUNDSTATION54
        7: TURN_TO SATELLITE7 GROUNDSTATION3 GROUNDSTATION34
        8: TURN_TO SATELLITE9 PHENOMENON61 GROUNDSTATION37
        9: TAKE_IMAGE SATELLITE0 PHENOMENON61 INSTRUMENT5 IMAGE3
       10: TURN_TO SATELLITE0 PLANET62 PHENOMENON61
       11: TAKE_IMAGE SATELLITE0 PLANET62 INSTRUMENT5 IMAGE1
     

time spent:    0.00 seconds instantiating 47892 easy, 0 hard action templates
               0.00 seconds reachability analysis, yielding 1069 facts and 47892 actions
               0.00 seconds creating final representation with 1069 relevant facts, 0 relevant fluents
               0.07 seconds computing LNF
               0.03 seconds building connectivity graph
               0.03 seconds searching, evaluating 21 states, to a max depth of 1
               0.13 seconds total time

