
ff: parsing domain file
domain 'SATELLITE' defined
 ... done.
ff: parsing problem file
problem 'STRIPS-SAT-X-1' defined
 ... done.


no metric specified. plan length assumed.

checking for cyclic := effects --- OK.

ff: search configuration is EHC, if that fails then  best-first on 1*g(s) + 5*h(s) where
    metric is  plan length

Cueing down from goal distance:   12 into depth [1]
                                  11            [1]
                                  10            [1]
                                   9            [1]
                                   8            [1]
                                   7            [1]
                                   6            [1]
                                   5            [1]
                                   4            [1]
                                   3            [1]
                                   2            [1]
                                   1            [1]
                                   0            

ff: found legal plan as follows

step    0: TURN_TO SATELLITE0 STAR3 GROUNDSTATION4
        1: SWITCH_ON INSTRUMENT0 SATELLITE0
        2: CALIBRATE SATELLITE0 INSTRUMENT0 STAR3
        3: TURN_TO SATELLITE0 PHENOMENON62 STAR3
        4: TURN_TO SATELLITE1 GROUNDSTATION59 GROUNDSTATION25
        5: TURN_TO SATELLITE2 GROUNDSTATION20 GROUNDSTATION5
        6: TURN_TO SATELLITE3 GROUNDSTATION45 GROUNDSTATION30
        7: TURN_TO SATELLITE4 STAR19 GROUNDSTATION9
        8: TURN_TO SATELLITE7 STAR54 STAR13
        9: TURN_TO SATELLITE8 GROUNDSTATION20 GROUNDSTATION36
       10: TURN_TO SATELLITE9 GROUNDSTATION41 GROUNDSTATION49
       11: TAKE_IMAGE SATELLITE0 PHENOMENON62 INSTRUMENT0 INFRARED1
     

time spent:    0.00 seconds instantiating 45182 easy, 0 hard action templates
               0.00 seconds reachability analysis, yielding 1037 facts and 45182 actions
               0.01 seconds creating final representation with 1037 relevant facts, 0 relevant fluents
               0.05 seconds computing LNF
               0.02 seconds building connectivity graph
               0.01 seconds searching, evaluating 13 states, to a max depth of 1
               0.09 seconds total time

