
ff: parsing domain file
domain 'SATELLITE' defined
 ... done.
ff: parsing problem file
problem 'STRIPS-SAT-X-1' defined
 ... done.


no metric specified. plan length assumed.

checking for cyclic := effects --- OK.

ff: search configuration is EHC, if that fails then  best-first on 1*g(s) + 5*h(s) where
    metric is  plan length

Cueing down from goal distance:    8 into depth [1]
                                   5            [1]
                                   4            [1]
                                   3            [1]
                                   2            [1]
                                   1            [1]
                                   0            

ff: found legal plan as follows

step    0: SWITCH_ON INSTRUMENT1 SATELLITE0
        1: CALIBRATE SATELLITE0 INSTRUMENT1 STAR111
        2: TURN_TO SATELLITE0 STAR112 STAR111
        3: TAKE_IMAGE SATELLITE0 STAR112 INSTRUMENT1 INFRARED2
        4: TURN_TO SATELLITE0 PHENOMENON113 STAR112
        5: TAKE_IMAGE SATELLITE0 PHENOMENON113 INSTRUMENT1 SPECTROGRAPH0
     

time spent:    0.00 seconds instantiating 145876 easy, 0 hard action templates
               0.01 seconds reachability analysis, yielding 1856 facts and 145876 actions
               0.04 seconds creating final representation with 1856 relevant facts, 0 relevant fluents
               0.21 seconds computing LNF
               0.06 seconds building connectivity graph
               0.11 seconds searching, evaluating 11 states, to a max depth of 1
               0.43 seconds total time

