
ff: parsing domain file
domain 'SATELLITE' defined
 ... done.
ff: parsing problem file
problem 'STRIPS-SAT-X-1' defined
 ... done.


no metric specified. plan length assumed.

checking for cyclic := effects --- OK.

ff: search configuration is EHC, if that fails then  best-first on 1*g(s) + 5*h(s) where
    metric is  plan length

Cueing down from goal distance:   12 into depth [1]
                                  11            [1]
                                  10            [1]
                                   9            [1]
                                   8            [1]
                                   7            [1]
                                   6            [1]
                                   5            [1]
                                   4            [1]
                                   3            [1][2]
                                   2            [1]
                                   1            [1]
                                   0            

ff: found legal plan as follows

step    0: SWITCH_ON INSTRUMENT0 SATELLITE0
        1: CALIBRATE SATELLITE0 INSTRUMENT0 GROUNDSTATION31
        2: TURN_TO SATELLITE0 PHENOMENON112 GROUNDSTATION31
        3: SWITCH_ON INSTRUMENT51 SATELLITE8
        4: TURN_TO SATELLITE4 GROUNDSTATION50 GROUNDSTATION80
        5: TURN_TO SATELLITE5 GROUNDSTATION71 GROUNDSTATION95
        6: TURN_TO SATELLITE6 STAR72 GROUNDSTATION58
        7: TURN_TO SATELLITE9 GROUNDSTATION105 GROUNDSTATION89
        8: TAKE_IMAGE SATELLITE0 PHENOMENON112 INSTRUMENT0 THERMOGRAPH2
        9: TURN_TO SATELLITE8 STAR104 STAR113
       10: CALIBRATE SATELLITE8 INSTRUMENT51 STAR104
       11: TURN_TO SATELLITE8 STAR113 STAR104
       12: TAKE_IMAGE SATELLITE8 STAR113 INSTRUMENT51 THERMOGRAPH4
     

time spent:    0.00 seconds instantiating 145618 easy, 0 hard action templates
               0.01 seconds reachability analysis, yielding 1844 facts and 145618 actions
               0.02 seconds creating final representation with 1844 relevant facts, 0 relevant fluents
               0.17 seconds computing LNF
               0.06 seconds building connectivity graph
               0.17 seconds searching, evaluating 23 states, to a max depth of 2
               0.43 seconds total time

