
ff: parsing domain file
domain 'SATELLITE' defined
 ... done.
ff: parsing problem file
problem 'STRIPS-SAT-X-1' defined
 ... done.


no metric specified. plan length assumed.

checking for cyclic := effects --- OK.

ff: search configuration is EHC, if that fails then  best-first on 1*g(s) + 5*h(s) where
    metric is  plan length

Cueing down from goal distance:   13 into depth [1]
                                  12            [1]
                                  11            [1]
                                  10            [1]
                                   9            [1]
                                   8            [1]
                                   7            [1]
                                   6            [1]
                                   5            [1]
                                   4            [1]
                                   3            [1]
                                   2            [1]
                                   1            [1]
                                   0            

ff: found legal plan as follows

step    0: SWITCH_ON INSTRUMENT2 SATELLITE1
        1: CALIBRATE SATELLITE1 INSTRUMENT2 GROUNDSTATION89
        2: TURN_TO SATELLITE1 STAR112 GROUNDSTATION89
        3: SWITCH_ON INSTRUMENT0 SATELLITE0
        4: CALIBRATE SATELLITE0 INSTRUMENT0 GROUNDSTATION60
        5: TURN_TO SATELLITE0 PLANET113 GROUNDSTATION60
        6: TURN_TO SATELLITE2 STAR97 GROUNDSTATION74
        7: TURN_TO SATELLITE5 STAR38 STAR11
        8: TURN_TO SATELLITE7 STAR81 GROUNDSTATION100
        9: TAKE_IMAGE SATELLITE1 STAR112 INSTRUMENT2 INFRARED0
       10: TURN_TO SATELLITE1 GROUNDSTATION9 STAR112
       11: TAKE_IMAGE SATELLITE0 PLANET113 INSTRUMENT0 THERMOGRAPH4
       12: TURN_TO SATELLITE0 STAR71 PLANET113
     

time spent:    0.00 seconds instantiating 139767 easy, 0 hard action templates
               0.01 seconds reachability analysis, yielding 1796 facts and 139767 actions
               0.02 seconds creating final representation with 1796 relevant facts, 0 relevant fluents
               0.16 seconds computing LNF
               0.06 seconds building connectivity graph
               0.12 seconds searching, evaluating 24 states, to a max depth of 1
               0.37 seconds total time

