
ff: parsing domain file
domain 'SATELLITE' defined
 ... done.
ff: parsing problem file
problem 'STRIPS-SAT-X-1' defined
 ... done.


no metric specified. plan length assumed.

checking for cyclic := effects --- OK.

ff: search configuration is EHC, if that fails then  best-first on 1*g(s) + 5*h(s) where
    metric is  plan length

Cueing down from goal distance:   13 into depth [1]
                                  12            [1]
                                  10            [1]
                                   9            [1]
                                   8            [1]
                                   7            [1]
                                   6            [1]
                                   5            [1]
                                   4            [1]
                                   3            [1]
                                   2            [1]
                                   1            [1]
                                   0            

ff: found legal plan as follows

step    0: TURN_TO SATELLITE0 GROUNDSTATION195 GROUNDSTATION22
        1: SWITCH_ON INSTRUMENT0 SATELLITE0
        2: CALIBRATE SATELLITE0 INSTRUMENT0 GROUNDSTATION195
        3: TURN_TO SATELLITE0 PHENOMENON200 GROUNDSTATION195
        4: SWITCH_ON INSTRUMENT7 SATELLITE1
        5: CALIBRATE SATELLITE1 INSTRUMENT7 STAR159
        6: TURN_TO SATELLITE1 STAR201 STAR159
        7: TURN_TO SATELLITE4 STAR136 STAR178
        8: TURN_TO SATELLITE7 STAR110 STAR49
        9: TURN_TO SATELLITE9 STAR128 GROUNDSTATION132
       10: TAKE_IMAGE SATELLITE0 PHENOMENON200 INSTRUMENT0 IMAGE4
       11: TAKE_IMAGE SATELLITE1 STAR201 INSTRUMENT7 THERMOGRAPH1
     

time spent:    0.01 seconds instantiating 432640 easy, 0 hard action templates
               0.04 seconds reachability analysis, yielding 3148 facts and 432640 actions
               0.07 seconds creating final representation with 3148 relevant facts, 0 relevant fluents
               0.52 seconds computing LNF
               0.18 seconds building connectivity graph
               0.28 seconds searching, evaluating 14 states, to a max depth of 1
               1.10 seconds total time

