
ff: parsing domain file
domain 'SATELLITE' defined
 ... done.
ff: parsing problem file
problem 'STRIPS-SAT-X-1' defined
 ... done.


no metric specified. plan length assumed.

checking for cyclic := effects --- OK.

ff: search configuration is EHC, if that fails then  best-first on 1*g(s) + 5*h(s) where
    metric is  plan length

Cueing down from goal distance:   11 into depth [1]
                                  10            [1]
                                   9            [1]
                                   8            [1]
                                   7            [1]
                                   6            [1]
                                   5            [1]
                                   4            [1]
                                   3            [1]
                                   2            [1]
                                   1            [1]
                                   0            

ff: found legal plan as follows

step    0: TURN_TO SATELLITE0 GROUNDSTATION39 STAR30
        1: SWITCH_ON INSTRUMENT0 SATELLITE0
        2: CALIBRATE SATELLITE0 INSTRUMENT0 GROUNDSTATION39
        3: TURN_TO SATELLITE0 PLANET200 GROUNDSTATION39
        4: TURN_TO SATELLITE2 STAR19 GROUNDSTATION34
        5: TURN_TO SATELLITE6 STAR168 GROUNDSTATION17
        6: TURN_TO SATELLITE8 GROUNDSTATION16 STAR160
        7: TURN_TO SATELLITE9 GROUNDSTATION150 GROUNDSTATION87
        8: TAKE_IMAGE SATELLITE0 PLANET200 INSTRUMENT0 THERMOGRAPH2
        9: TURN_TO SATELLITE0 STAR201 PLANET200
       10: TAKE_IMAGE SATELLITE0 STAR201 INSTRUMENT0 INFRARED3
     

time spent:    0.01 seconds instantiating 433148 easy, 0 hard action templates
               0.04 seconds reachability analysis, yielding 3158 facts and 433148 actions
               0.07 seconds creating final representation with 3158 relevant facts, 0 relevant fluents
               0.50 seconds computing LNF
               0.17 seconds building connectivity graph
               0.74 seconds searching, evaluating 19 states, to a max depth of 1
               1.53 seconds total time

