
ff: parsing domain file
domain 'SATELLITE' defined
 ... done.
ff: parsing problem file
problem 'STRIPS-SAT-X-1' defined
 ... done.


no metric specified. plan length assumed.

checking for cyclic := effects --- OK.

ff: search configuration is EHC, if that fails then  best-first on 1*g(s) + 5*h(s) where
    metric is  plan length

Cueing down from goal distance:   11 into depth [1]
                                  10            [1]
                                   9            [1]
                                   8            [1]
                                   7            [1]
                                   6            [1]
                                   5            [1]
                                   4            [1]
                                   3            [1]
                                   2            [1]
                                   1            [1]
                                   0            

ff: found legal plan as follows

step    0: TURN_TO SATELLITE0 GROUNDSTATION111 STAR27
        1: SWITCH_ON INSTRUMENT0 SATELLITE0
        2: CALIBRATE SATELLITE0 INSTRUMENT0 GROUNDSTATION111
        3: TURN_TO SATELLITE0 PLANET200 GROUNDSTATION111
        4: TURN_TO SATELLITE3 STAR2 STAR73
        5: TURN_TO SATELLITE4 STAR6 STAR141
        6: TURN_TO SATELLITE7 GROUNDSTATION127 STAR164
        7: TURN_TO SATELLITE9 STAR192 GROUNDSTATION38
        8: TAKE_IMAGE SATELLITE0 PLANET200 INSTRUMENT0 IMAGE1
        9: TURN_TO SATELLITE0 PHENOMENON201 PLANET200
       10: TAKE_IMAGE SATELLITE0 PHENOMENON201 INSTRUMENT0 IMAGE1
     

time spent:    0.01 seconds instantiating 439733 easy, 0 hard action templates
               0.05 seconds reachability analysis, yielding 3180 facts and 439733 actions
               0.08 seconds creating final representation with 3180 relevant facts, 0 relevant fluents
               0.52 seconds computing LNF
               0.18 seconds building connectivity graph
               0.55 seconds searching, evaluating 19 states, to a max depth of 1
               1.39 seconds total time

