
ff: parsing domain file
domain 'SATELLITE' defined
 ... done.
ff: parsing problem file
problem 'STRIPS-SAT-X-1' defined
 ... done.


no metric specified. plan length assumed.

checking for cyclic := effects --- OK.

ff: search configuration is EHC, if that fails then  best-first on 1*g(s) + 5*h(s) where
    metric is  plan length

Cueing down from goal distance:   12 into depth [1]
                                  11            [1]
                                   7            [1]
                                   6            [1]
                                   5            [1]
                                   4            [1]
                                   3            [1]
                                   2            [1]
                                   1            [1]
                                   0            

ff: found legal plan as follows

step    0: TURN_TO SATELLITE0 STAR9 STAR3
        1: SWITCH_ON INSTRUMENT3 SATELLITE0
        2: CALIBRATE SATELLITE0 INSTRUMENT3 STAR9
        3: TURN_TO SATELLITE0 PLANET15 STAR9
        4: TURN_TO SATELLITE1 STAR14 STAR8
        5: TAKE_IMAGE SATELLITE0 PLANET15 INSTRUMENT3 THERMOGRAPH2
        6: TURN_TO SATELLITE0 PHENOMENON16 PLANET15
        7: TAKE_IMAGE SATELLITE0 PHENOMENON16 INSTRUMENT3 INFRARED1
        8: TURN_TO SATELLITE0 STAR0 PHENOMENON16
     

time spent:    0.00 seconds instantiating 4770 easy, 0 hard action templates
               0.00 seconds reachability analysis, yielding 361 facts and 4770 actions
               0.00 seconds creating final representation with 361 relevant facts, 0 relevant fluents
               0.00 seconds computing LNF
               0.00 seconds building connectivity graph
               0.00 seconds searching, evaluating 17 states, to a max depth of 1
               0.00 seconds total time

