
ff: parsing domain file
domain 'SATELLITE' defined
 ... done.
ff: parsing problem file
problem 'STRIPS-SAT-X-1' defined
 ... done.


no metric specified. plan length assumed.

checking for cyclic := effects --- OK.

ff: search configuration is EHC, if that fails then  best-first on 1*g(s) + 5*h(s) where
    metric is  plan length

Cueing down from goal distance:    8 into depth [1]
                                   7            [1]
                                   6            [1]
                                   5            [1]
                                   4            [1]
                                   3            [1]
                                   2            [1]
                                   1            [1]
                                   0            

ff: found legal plan as follows

step    0: TURN_TO SATELLITE0 STAR69 GROUNDSTATION115
        1: SWITCH_ON INSTRUMENT1 SATELLITE0
        2: CALIBRATE SATELLITE0 INSTRUMENT1 STAR69
        3: TURN_TO SATELLITE0 PHENOMENON193 STAR69
        4: TURN_TO SATELLITE1 STAR161 GROUNDSTATION118
        5: TURN_TO SATELLITE2 GROUNDSTATION2 GROUNDSTATION4
        6: TURN_TO SATELLITE6 STAR56 STAR40
        7: TAKE_IMAGE SATELLITE0 PHENOMENON193 INSTRUMENT1 INFRARED2
     

time spent:    0.01 seconds instantiating 395546 easy, 0 hard action templates
               0.03 seconds reachability analysis, yielding 3024 facts and 395546 actions
               0.06 seconds creating final representation with 3024 relevant facts, 0 relevant fluents
               0.47 seconds computing LNF
               0.17 seconds building connectivity graph
               0.12 seconds searching, evaluating 9 states, to a max depth of 1
               0.86 seconds total time

