
ff: parsing domain file
domain 'SATELLITE' defined
 ... done.
ff: parsing problem file
problem 'STRIPS-SAT-X-1' defined
 ... done.


no metric specified. plan length assumed.

checking for cyclic := effects --- OK.

ff: search configuration is EHC, if that fails then  best-first on 1*g(s) + 5*h(s) where
    metric is  plan length

Cueing down from goal distance:    9 into depth [1]
                                   8            [1]
                                   7            [1]
                                   6            [1]
                                   5            [1]
                                   4            [1]
                                   3            [1]
                                   2            [1]
                                   1            [1]
                                   0            

ff: found legal plan as follows

step    0: TURN_TO SATELLITE0 STAR188 STAR24
        1: SWITCH_ON INSTRUMENT0 SATELLITE0
        2: CALIBRATE SATELLITE0 INSTRUMENT0 STAR188
        3: TURN_TO SATELLITE0 STAR193 STAR188
        4: TURN_TO SATELLITE2 STAR16 STAR61
        5: TURN_TO SATELLITE3 STAR73 GROUNDSTATION171
        6: TURN_TO SATELLITE7 STAR71 STAR126
        7: TAKE_IMAGE SATELLITE0 STAR193 INSTRUMENT0 INFRARED2
        8: TURN_TO SATELLITE0 GROUNDSTATION147 STAR193
     

time spent:    0.01 seconds instantiating 398013 easy, 0 hard action templates
               0.03 seconds reachability analysis, yielding 3020 facts and 398013 actions
               0.06 seconds creating final representation with 3020 relevant facts, 0 relevant fluents
               0.47 seconds computing LNF
               0.16 seconds building connectivity graph
               0.24 seconds searching, evaluating 14 states, to a max depth of 1
               0.97 seconds total time

