
ff: parsing domain file
domain 'SATELLITE' defined
 ... done.
ff: parsing problem file
problem 'STRIPS-SAT-X-1' defined
 ... done.


no metric specified. plan length assumed.

checking for cyclic := effects --- OK.

ff: search configuration is EHC, if that fails then  best-first on 1*g(s) + 5*h(s) where
    metric is  plan length

Cueing down from goal distance:   11 into depth [1]
                                  10            [1]
                                   9            [1]
                                   8            [1]
                                   7            [1]
                                   6            [1]
                                   5            [1]
                                   4            [1]
                                   3            [1]
                                   2            [1]
                                   1            [1]
                                   0            

ff: found legal plan as follows

step    0: TURN_TO SATELLITE0 STAR134 GROUNDSTATION47
        1: SWITCH_ON INSTRUMENT4 SATELLITE0
        2: CALIBRATE SATELLITE0 INSTRUMENT4 STAR134
        3: TURN_TO SATELLITE0 STAR192 STAR134
        4: TURN_TO SATELLITE1 STAR67 GROUNDSTATION47
        5: TURN_TO SATELLITE2 GROUNDSTATION60 GROUNDSTATION53
        6: TURN_TO SATELLITE5 STAR140 GROUNDSTATION99
        7: TURN_TO SATELLITE9 GROUNDSTATION188 STAR82
        8: TAKE_IMAGE SATELLITE0 STAR192 INSTRUMENT4 THERMOGRAPH4
        9: TURN_TO SATELLITE0 STAR193 STAR192
       10: TAKE_IMAGE SATELLITE0 STAR193 INSTRUMENT4 THERMOGRAPH4
     

time spent:    0.01 seconds instantiating 403922 easy, 0 hard action templates
               0.04 seconds reachability analysis, yielding 3060 facts and 403922 actions
               0.05 seconds creating final representation with 3060 relevant facts, 0 relevant fluents
               0.48 seconds computing LNF
               0.17 seconds building connectivity graph
               0.50 seconds searching, evaluating 19 states, to a max depth of 1
               1.25 seconds total time

