
ff: parsing domain file
domain 'BLOCKS' defined
 ... done.
ff: parsing problem file
problem 'PB9' defined
 ... done.


no metric specified. plan length assumed.

checking for cyclic := effects --- OK.

ff: search configuration is EHC, if that fails then  best-first on 1*g(s) + 5*h(s) where
    metric is  plan length

Cueing down from goal distance:   22 into depth [1]
                                  21            [1]
                                  20            [1]
                                  19            [1]
                                  18            [1]
                                  17            [1]
                                  16            [1][2]
                                  14            [1][2]
                                  12            [1][2]
                                  10            [1][2][3]
                                   9            [1]
                                   8            [1]
                                   7            [1]
                                   6            [1]
                                   5            [1]
                                   4            [1][2]
                                   2            [1][2]
                                   0            

ff: found legal plan as follows

step    0: UNSTACK BLOCK7 BLOCK13
        1: PUT-DOWN BLOCK7
        2: UNSTACK BLOCK11 BLOCK10
        3: STACK BLOCK11 BLOCK7
        4: PICK-UP BLOCK10
        5: STACK BLOCK10 BLOCK8
        6: UNSTACK BLOCK1 BLOCK14
        7: PUT-DOWN BLOCK1
        8: UNSTACK BLOCK14 BLOCK4
        9: PUT-DOWN BLOCK14
       10: UNSTACK BLOCK4 BLOCK6
       11: PUT-DOWN BLOCK4
       12: UNSTACK BLOCK6 BLOCK5
       13: STACK BLOCK6 BLOCK14
       14: UNSTACK BLOCK5 BLOCK9
       15: STACK BLOCK5 BLOCK10
       16: UNSTACK BLOCK6 BLOCK14
       17: STACK BLOCK6 BLOCK9
       18: UNSTACK BLOCK12 BLOCK2
       19: STACK BLOCK12 BLOCK5
       20: UNSTACK BLOCK2 BLOCK3
       21: STACK BLOCK2 BLOCK12
       22: PICK-UP BLOCK3
       23: STACK BLOCK3 BLOCK11
     

time spent:    0.00 seconds instantiating 420 easy, 0 hard action templates
               0.00 seconds reachability analysis, yielding 239 facts and 420 actions
               0.00 seconds creating final representation with 239 relevant facts, 0 relevant fluents
               0.00 seconds computing LNF
               0.00 seconds building connectivity graph
               0.00 seconds searching, evaluating 95 states, to a max depth of 3
               0.00 seconds total time

