
ff: parsing domain file
domain 'BLOCKS' defined
 ... done.
ff: parsing problem file
problem 'PB7' defined
 ... done.


no metric specified. plan length assumed.

checking for cyclic := effects --- OK.

ff: search configuration is EHC, if that fails then  best-first on 1*g(s) + 5*h(s) where
    metric is  plan length

Cueing down from goal distance:   22 into depth [1]
                                  21            [1][2]
                                  20            [1]
                                  19            [1]
                                  18            [1]
                                  17            [1][2][3][4]
                                  15            [1]
                                  14            [1]
                                  13            [1]
                                  12            [1][2]
                                  11            [1]
                                  10            [1][2]
                                   9            [1][2]
                                   7            [1][2][3][4][5][6][7]
                                   6            [1]
                                   5            [1][2]
                                   3            [1][2][3][4]
                                   2            [1]
                                   1            [1]
                                   0            

ff: found legal plan as follows

step    0: UNSTACK BLOCK1 BLOCK11
        1: STACK BLOCK1 BLOCK9
        2: UNSTACK BLOCK2 BLOCK5
        3: PUT-DOWN BLOCK2
        4: PICK-UP BLOCK14
        5: STACK BLOCK14 BLOCK11
        6: UNSTACK BLOCK8 BLOCK7
        7: STACK BLOCK8 BLOCK14
        8: UNSTACK BLOCK7 BLOCK3
        9: PUT-DOWN BLOCK7
       10: UNSTACK BLOCK3 BLOCK6
       11: STACK BLOCK3 BLOCK5
       12: UNSTACK BLOCK4 BLOCK13
       13: STACK BLOCK4 BLOCK6
       14: UNSTACK BLOCK8 BLOCK14
       15: STACK BLOCK8 BLOCK3
       16: UNSTACK BLOCK13 BLOCK10
       17: STACK BLOCK13 BLOCK1
       18: PICK-UP BLOCK10
       19: STACK BLOCK10 BLOCK2
       20: UNSTACK BLOCK13 BLOCK1
       21: STACK BLOCK13 BLOCK14
       22: UNSTACK BLOCK1 BLOCK9
       23: STACK BLOCK1 BLOCK13
       24: UNSTACK BLOCK9 BLOCK12
       25: STACK BLOCK9 BLOCK8
       26: UNSTACK BLOCK1 BLOCK13
       27: STACK BLOCK1 BLOCK9
       28: UNSTACK BLOCK13 BLOCK14
       29: STACK BLOCK13 BLOCK1
       30: UNSTACK BLOCK4 BLOCK6
       31: STACK BLOCK4 BLOCK14
       32: PICK-UP BLOCK6
       33: STACK BLOCK6 BLOCK12
       34: UNSTACK BLOCK4 BLOCK14
       35: STACK BLOCK4 BLOCK6
     

time spent:    0.00 seconds instantiating 420 easy, 0 hard action templates
               0.00 seconds reachability analysis, yielding 239 facts and 420 actions
               0.00 seconds creating final representation with 239 relevant facts, 0 relevant fluents
               0.00 seconds computing LNF
               0.00 seconds building connectivity graph
               0.01 seconds searching, evaluating 1490 states, to a max depth of 7
               0.01 seconds total time

