
ff: parsing domain file
domain 'SATELLITE' defined
 ... done.
ff: parsing problem file
problem 'STRIPS-SAT-X-1' defined
 ... done.


no metric specified. plan length assumed.

checking for cyclic := effects --- OK.

ff: search configuration is EHC, if that fails then  best-first on 1*g(s) + 5*h(s) where
    metric is  plan length

Cueing down from goal distance:    9 into depth [1]
                                   8            [1]
                                   7            [1]
                                   6            [1]
                                   5            [1]
                                   4            [1]
                                   3            [1]
                                   2            [1]
                                   1            [1]
                                   0            

ff: found legal plan as follows

step    0: TURN_TO SATELLITE0 STAR30 STAR114
        1: SWITCH_ON INSTRUMENT0 SATELLITE0
        2: CALIBRATE SATELLITE0 INSTRUMENT0 STAR30
        3: TURN_TO SATELLITE0 PHENOMENON140 STAR30
        4: TURN_TO SATELLITE5 STAR114 GROUNDSTATION52
        5: TURN_TO SATELLITE6 GROUNDSTATION47 STAR66
        6: TURN_TO SATELLITE7 GROUNDSTATION78 STAR122
        7: TURN_TO SATELLITE9 STAR83 STAR98
        8: TAKE_IMAGE SATELLITE0 PHENOMENON140 INSTRUMENT0 INFRARED3
     

time spent:    0.00 seconds instantiating 220453 easy, 0 hard action templates
               0.02 seconds reachability analysis, yielding 2252 facts and 220453 actions
               0.04 seconds creating final representation with 2252 relevant facts, 0 relevant fluents
               0.28 seconds computing LNF
               0.11 seconds building connectivity graph
               0.10 seconds searching, evaluating 10 states, to a max depth of 1
               0.55 seconds total time

