
ff: parsing domain file
domain 'SATELLITE' defined
 ... done.
ff: parsing problem file
problem 'STRIPS-SAT-X-1' defined
 ... done.


no metric specified. plan length assumed.

checking for cyclic := effects --- OK.

ff: search configuration is EHC, if that fails then  best-first on 1*g(s) + 5*h(s) where
    metric is  plan length

Cueing down from goal distance:   11 into depth [1]
                                  10            [1]
                                   9            [1]
                                   8            [1]
                                   7            [1]
                                   6            [1]
                                   5            [1]
                                   4            [1]
                                   3            [1]
                                   2            [1]
                                   1            [1]
                                   0            

ff: found legal plan as follows

step    0: TURN_TO SATELLITE0 STAR117 GROUNDSTATION81
        1: SWITCH_ON INSTRUMENT3 SATELLITE0
        2: CALIBRATE SATELLITE0 INSTRUMENT3 STAR117
        3: TURN_TO SATELLITE0 PLANET140 STAR117
        4: TURN_TO SATELLITE1 STAR141 STAR41
        5: TURN_TO SATELLITE2 GROUNDSTATION3 STAR24
        6: TURN_TO SATELLITE5 GROUNDSTATION44 GROUNDSTATION63
        7: TURN_TO SATELLITE7 STAR99 STAR92
        8: TAKE_IMAGE SATELLITE0 PLANET140 INSTRUMENT3 THERMOGRAPH1
        9: TURN_TO SATELLITE0 STAR141 PLANET140
       10: TAKE_IMAGE SATELLITE0 STAR141 INSTRUMENT3 INFRARED2
     

time spent:    0.01 seconds instantiating 221834 easy, 0 hard action templates
               0.02 seconds reachability analysis, yielding 2272 facts and 221834 actions
               0.03 seconds creating final representation with 2272 relevant facts, 0 relevant fluents
               0.25 seconds computing LNF
               0.09 seconds building connectivity graph
               0.29 seconds searching, evaluating 19 states, to a max depth of 1
               0.69 seconds total time

