
ff: parsing domain file
domain 'SATELLITE' defined
 ... done.
ff: parsing problem file
problem 'STRIPS-SAT-X-1' defined
 ... done.


no metric specified. plan length assumed.

checking for cyclic := effects --- OK.

ff: search configuration is EHC, if that fails then  best-first on 1*g(s) + 5*h(s) where
    metric is  plan length

Cueing down from goal distance:   13 into depth [1]
                                  12            [1]
                                  10            [1]
                                   9            [1]
                                   8            [1]
                                   7            [1]
                                   6            [1]
                                   5            [1]
                                   4            [1]
                                   3            [1]
                                   2            [1]
                                   1            [1]
                                   0            

ff: found legal plan as follows

step    0: TURN_TO SATELLITE0 STAR35 GROUNDSTATION80
        1: SWITCH_ON INSTRUMENT1 SATELLITE0
        2: CALIBRATE SATELLITE0 INSTRUMENT1 STAR35
        3: TURN_TO SATELLITE0 PLANET140 STAR35
        4: SWITCH_ON INSTRUMENT9 SATELLITE1
        5: CALIBRATE SATELLITE1 INSTRUMENT9 STAR133
        6: TURN_TO SATELLITE1 PHENOMENON141 STAR133
        7: TURN_TO SATELLITE3 GROUNDSTATION95 STAR71
        8: TURN_TO SATELLITE6 GROUNDSTATION126 STAR84
        9: TURN_TO SATELLITE8 STAR12 GROUNDSTATION29
       10: TAKE_IMAGE SATELLITE0 PLANET140 INSTRUMENT1 SPECTROGRAPH1
       11: TAKE_IMAGE SATELLITE1 PHENOMENON141 INSTRUMENT9 IMAGE3
     

time spent:    0.00 seconds instantiating 221309 easy, 0 hard action templates
               0.02 seconds reachability analysis, yielding 2266 facts and 221309 actions
               0.04 seconds creating final representation with 2266 relevant facts, 0 relevant fluents
               0.26 seconds computing LNF
               0.09 seconds building connectivity graph
               0.12 seconds searching, evaluating 14 states, to a max depth of 1
               0.53 seconds total time

