
ff: parsing domain file
domain 'SATELLITE' defined
 ... done.
ff: parsing problem file
problem 'STRIPS-SAT-X-1' defined
 ... done.


no metric specified. plan length assumed.

checking for cyclic := effects --- OK.

ff: search configuration is EHC, if that fails then  best-first on 1*g(s) + 5*h(s) where
    metric is  plan length

Cueing down from goal distance:   15 into depth [1]
                                  14            [1]
                                  13            [1]
                                  12            [1]
                                  11            [1]
                                  10            [1]
                                   9            [1]
                                   8            [1]
                                   7            [1]
                                   6            [1]
                                   5            [1]
                                   4            [1]
                                   3            [1]
                                   2            [1]
                                   1            [1]
                                   0            

ff: found legal plan as follows

step    0: TURN_TO SATELLITE0 STAR58 STAR127
        1: TURN_TO SATELLITE1 GROUNDSTATION56 STAR77
        2: SWITCH_ON INSTRUMENT0 SATELLITE0
        3: CALIBRATE SATELLITE0 INSTRUMENT0 STAR58
        4: TURN_TO SATELLITE0 STAR140 STAR58
        5: SWITCH_ON INSTRUMENT3 SATELLITE1
        6: CALIBRATE SATELLITE1 INSTRUMENT3 GROUNDSTATION56
        7: TURN_TO SATELLITE1 PHENOMENON141 GROUNDSTATION56
        8: TURN_TO SATELLITE2 STAR44 GROUNDSTATION85
        9: TURN_TO SATELLITE3 GROUNDSTATION68 GROUNDSTATION45
       10: TURN_TO SATELLITE6 GROUNDSTATION34 GROUNDSTATION26
       11: TURN_TO SATELLITE7 GROUNDSTATION99 GROUNDSTATION63
       12: TAKE_IMAGE SATELLITE0 STAR140 INSTRUMENT0 SPECTROGRAPH4
       13: TURN_TO SATELLITE0 STAR120 STAR140
       14: TAKE_IMAGE SATELLITE1 PHENOMENON141 INSTRUMENT3 SPECTROGRAPH0
     

time spent:    0.00 seconds instantiating 220625 easy, 0 hard action templates
               0.02 seconds reachability analysis, yielding 2262 facts and 220625 actions
               0.05 seconds creating final representation with 2262 relevant facts, 0 relevant fluents
               0.27 seconds computing LNF
               0.09 seconds building connectivity graph
               0.25 seconds searching, evaluating 21 states, to a max depth of 1
               0.68 seconds total time

