
ff: parsing domain file
domain 'SATELLITE' defined
 ... done.
ff: parsing problem file
problem 'STRIPS-SAT-X-1' defined
 ... done.


no metric specified. plan length assumed.

checking for cyclic := effects --- OK.

ff: search configuration is EHC, if that fails then  best-first on 1*g(s) + 5*h(s) where
    metric is  plan length

Cueing down from goal distance:   12 into depth [1]
                                  11            [1]
                                  10            [1]
                                   9            [1]
                                   8            [1]
                                   7            [1]
                                   6            [1]
                                   5            [1]
                                   4            [1]
                                   3            [1]
                                   2            [1]
                                   1            [1]
                                   0            

ff: found legal plan as follows

step    0: TURN_TO SATELLITE0 GROUNDSTATION0 GROUNDSTATION115
        1: SWITCH_ON INSTRUMENT2 SATELLITE0
        2: CALIBRATE SATELLITE0 INSTRUMENT2 GROUNDSTATION0
        3: TURN_TO SATELLITE0 PHENOMENON133 GROUNDSTATION0
        4: TURN_TO SATELLITE2 STAR74 STAR99
        5: TURN_TO SATELLITE3 STAR114 STAR23
        6: TURN_TO SATELLITE5 STAR55 GROUNDSTATION33
        7: TURN_TO SATELLITE6 GROUNDSTATION40 GROUNDSTATION13
        8: TAKE_IMAGE SATELLITE0 PHENOMENON133 INSTRUMENT2 INFRARED2
        9: TURN_TO SATELLITE0 PHENOMENON134 PHENOMENON133
       10: TAKE_IMAGE SATELLITE0 PHENOMENON134 INSTRUMENT2 IMAGE1
       11: TURN_TO SATELLITE0 STAR120 PHENOMENON134
     

time spent:    0.00 seconds instantiating 195317 easy, 0 hard action templates
               0.02 seconds reachability analysis, yielding 2115 facts and 195317 actions
               0.03 seconds creating final representation with 2115 relevant facts, 0 relevant fluents
               0.23 seconds computing LNF
               0.08 seconds building connectivity graph
               0.36 seconds searching, evaluating 26 states, to a max depth of 1
               0.72 seconds total time

