
ff: parsing domain file
domain 'SATELLITE' defined
 ... done.
ff: parsing problem file
problem 'STRIPS-SAT-X-1' defined
 ... done.


no metric specified. plan length assumed.

checking for cyclic := effects --- OK.

ff: search configuration is EHC, if that fails then  best-first on 1*g(s) + 5*h(s) where
    metric is  plan length

Cueing down from goal distance:   12 into depth [1]
                                  11            [1]
                                  10            [1]
                                   7            [1]
                                   6            [1]
                                   5            [1]
                                   4            [1]
                                   3            [1]
                                   2            [1]
                                   1            [1]
                                   0            

ff: found legal plan as follows

step    0: TURN_TO SATELLITE1 STAR0 STAR111
        1: TURN_TO SATELLITE0 STAR106 GROUNDSTATION24
        2: SWITCH_ON INSTRUMENT2 SATELLITE1
        3: CALIBRATE SATELLITE1 INSTRUMENT2 STAR0
        4: TURN_TO SATELLITE1 STAR133 STAR0
        5: TURN_TO SATELLITE3 STAR131 GROUNDSTATION130
        6: TURN_TO SATELLITE8 GROUNDSTATION87 GROUNDSTATION120
        7: TAKE_IMAGE SATELLITE1 STAR133 INSTRUMENT2 SPECTROGRAPH0
        8: TURN_TO SATELLITE1 PLANET134 STAR133
        9: TAKE_IMAGE SATELLITE1 PLANET134 INSTRUMENT2 INFRARED2
     

time spent:    0.00 seconds instantiating 200293 easy, 0 hard action templates
               0.02 seconds reachability analysis, yielding 2157 facts and 200293 actions
               0.04 seconds creating final representation with 2157 relevant facts, 0 relevant fluents
               0.24 seconds computing LNF
               0.08 seconds building connectivity graph
               0.16 seconds searching, evaluating 15 states, to a max depth of 1
               0.54 seconds total time

