
ff: parsing domain file
domain 'SATELLITE' defined
 ... done.
ff: parsing problem file
problem 'STRIPS-SAT-X-1' defined
 ... done.


no metric specified. plan length assumed.

checking for cyclic := effects --- OK.

ff: search configuration is EHC, if that fails then  best-first on 1*g(s) + 5*h(s) where
    metric is  plan length

Cueing down from goal distance:   14 into depth [1]
                                  13            [1]
                                  11            [1]
                                  10            [1]
                                   9            [1]
                                   8            [1]
                                   7            [1]
                                   6            [1]
                                   5            [1]
                                   4            [1]
                                   3            [1]
                                   2            [1]
                                   1            [1]
                                   0            

ff: found legal plan as follows

step    0: TURN_TO SATELLITE0 STAR37 GROUNDSTATION70
        1: SWITCH_ON INSTRUMENT5 SATELLITE0
        2: CALIBRATE SATELLITE0 INSTRUMENT5 STAR37
        3: TURN_TO SATELLITE0 STAR133 STAR37
        4: SWITCH_ON INSTRUMENT7 SATELLITE1
        5: CALIBRATE SATELLITE1 INSTRUMENT7 GROUNDSTATION110
        6: TURN_TO SATELLITE1 STAR134 GROUNDSTATION110
        7: TURN_TO SATELLITE2 STAR71 STAR98
        8: TURN_TO SATELLITE4 GROUNDSTATION30 STAR65
        9: TURN_TO SATELLITE5 STAR128 GROUNDSTATION58
       10: TURN_TO SATELLITE6 GROUNDSTATION31 GROUNDSTATION33
       11: TAKE_IMAGE SATELLITE0 STAR133 INSTRUMENT5 IMAGE2
       12: TAKE_IMAGE SATELLITE1 STAR134 INSTRUMENT7 SPECTROGRAPH3
     

time spent:    0.00 seconds instantiating 202380 easy, 0 hard action templates
               0.02 seconds reachability analysis, yielding 2161 facts and 202380 actions
               0.03 seconds creating final representation with 2161 relevant facts, 0 relevant fluents
               0.26 seconds computing LNF
               0.09 seconds building connectivity graph
               0.11 seconds searching, evaluating 15 states, to a max depth of 1
               0.51 seconds total time

