
ff: parsing domain file
domain 'SATELLITE' defined
 ... done.
ff: parsing problem file
problem 'STRIPS-SAT-X-1' defined
 ... done.


no metric specified. plan length assumed.

checking for cyclic := effects --- OK.

ff: search configuration is EHC, if that fails then  best-first on 1*g(s) + 5*h(s) where
    metric is  plan length

Cueing down from goal distance:   10 into depth [1]
                                   9            [1]
                                   8            [1]
                                   7            [1]
                                   6            [1]
                                   5            [1]
                                   4            [1]
                                   3            [1]
                                   2            [1]
                                   1            [1]
                                   0            

ff: found legal plan as follows

step    0: TURN_TO SATELLITE0 STAR67 STAR117
        1: SWITCH_ON INSTRUMENT4 SATELLITE0
        2: CALIBRATE SATELLITE0 INSTRUMENT4 STAR67
        3: TURN_TO SATELLITE0 PLANET133 STAR67
        4: TURN_TO SATELLITE2 STAR127 GROUNDSTATION81
        5: TURN_TO SATELLITE3 GROUNDSTATION5 GROUNDSTATION48
        6: TURN_TO SATELLITE5 GROUNDSTATION6 STAR27
        7: TURN_TO SATELLITE8 GROUNDSTATION42 GROUNDSTATION100
        8: TAKE_IMAGE SATELLITE0 PLANET133 INSTRUMENT4 THERMOGRAPH0
        9: TURN_TO SATELLITE0 STAR121 PLANET133
     

time spent:    0.00 seconds instantiating 200677 easy, 0 hard action templates
               0.02 seconds reachability analysis, yielding 2161 facts and 200677 actions
               0.04 seconds creating final representation with 2161 relevant facts, 0 relevant fluents
               0.23 seconds computing LNF
               0.09 seconds building connectivity graph
               0.11 seconds searching, evaluating 16 states, to a max depth of 1
               0.49 seconds total time

