
ff: parsing domain file
domain 'SATELLITE' defined
 ... done.
ff: parsing problem file
problem 'STRIPS-SAT-X-1' defined
 ... done.


no metric specified. plan length assumed.

checking for cyclic := effects --- OK.

ff: search configuration is EHC, if that fails then  best-first on 1*g(s) + 5*h(s) where
    metric is  plan length

Cueing down from goal distance:   11 into depth [1]
                                  10            [1]
                                   9            [1]
                                   8            [1]
                                   7            [1]
                                   6            [1]
                                   5            [1]
                                   4            [1]
                                   3            [1]
                                   2            [1]
                                   1            [1]
                                   0            

ff: found legal plan as follows

step    0: SWITCH_ON INSTRUMENT0 SATELLITE0
        1: CALIBRATE SATELLITE0 INSTRUMENT0 STAR129
        2: TURN_TO SATELLITE0 PLANET133 STAR129
        3: SWITCH_ON INSTRUMENT5 SATELLITE1
        4: CALIBRATE SATELLITE1 INSTRUMENT5 GROUNDSTATION125
        5: TURN_TO SATELLITE1 STAR134 GROUNDSTATION125
        6: TURN_TO SATELLITE5 GROUNDSTATION103 STAR74
        7: TURN_TO SATELLITE6 GROUNDSTATION71 GROUNDSTATION46
        8: TURN_TO SATELLITE7 GROUNDSTATION67 STAR36
        9: TAKE_IMAGE SATELLITE0 PLANET133 INSTRUMENT0 INFRARED4
       10: TAKE_IMAGE SATELLITE1 STAR134 INSTRUMENT5 INFRARED0
     

time spent:    0.00 seconds instantiating 204964 easy, 0 hard action templates
               0.03 seconds reachability analysis, yielding 2181 facts and 204964 actions
               0.03 seconds creating final representation with 2181 relevant facts, 0 relevant fluents
               0.24 seconds computing LNF
               0.08 seconds building connectivity graph
               0.09 seconds searching, evaluating 12 states, to a max depth of 1
               0.47 seconds total time

