
ff: parsing domain file
domain 'SATELLITE' defined
 ... done.
ff: parsing problem file
problem 'STRIPS-SAT-X-1' defined
 ... done.


no metric specified. plan length assumed.

checking for cyclic := effects --- OK.

ff: search configuration is EHC, if that fails then  best-first on 1*g(s) + 5*h(s) where
    metric is  plan length

Cueing down from goal distance:   15 into depth [1]
                                  14            [1]
                                  13            [1]
                                  12            [1]
                                  11            [1]
                                  10            [1]
                                   9            [1]
                                   8            [1]
                                   7            [1]
                                   6            [1]
                                   5            [1]
                                   4            [1]
                                   3            [1]
                                   2            [1]
                                   1            [1]
                                   0            

ff: found legal plan as follows

step    0: TURN_TO SATELLITE0 STAR14 STAR55
        1: TURN_TO SATELLITE0 GROUNDSTATION49 STAR14
        2: SWITCH_ON INSTRUMENT3 SATELLITE0
        3: CALIBRATE SATELLITE0 INSTRUMENT3 GROUNDSTATION49
        4: TURN_TO SATELLITE0 STAR63 GROUNDSTATION49
        5: SWITCH_ON INSTRUMENT8 SATELLITE1
        6: CALIBRATE SATELLITE1 INSTRUMENT8 GROUNDSTATION47
        7: TURN_TO SATELLITE1 PLANET64 GROUNDSTATION47
        8: TURN_TO SATELLITE2 STAR23 GROUNDSTATION60
        9: TURN_TO SATELLITE3 STAR25 STAR3
       10: TURN_TO SATELLITE5 STAR32 STAR7
       11: TURN_TO SATELLITE6 STAR18 STAR1
       12: TURN_TO SATELLITE8 STAR18 STAR30
       13: TAKE_IMAGE SATELLITE0 STAR63 INSTRUMENT3 IMAGE0
       14: TAKE_IMAGE SATELLITE1 PLANET64 INSTRUMENT8 INFRARED4
     

time spent:    0.00 seconds instantiating 51577 easy, 0 hard action templates
               0.00 seconds reachability analysis, yielding 1113 facts and 51577 actions
               0.01 seconds creating final representation with 1113 relevant facts, 0 relevant fluents
               0.07 seconds computing LNF
               0.02 seconds building connectivity graph
               0.02 seconds searching, evaluating 16 states, to a max depth of 1
               0.12 seconds total time

