
ff: parsing domain file
domain 'SATELLITE' defined
 ... done.
ff: parsing problem file
problem 'STRIPS-SAT-X-1' defined
 ... done.


no metric specified. plan length assumed.

checking for cyclic := effects --- OK.

ff: search configuration is EHC, if that fails then  best-first on 1*g(s) + 5*h(s) where
    metric is  plan length

Cueing down from goal distance:   15 into depth [1]
                                  14            [1]
                                  13            [1]
                                  12            [1]
                                  11            [1]
                                  10            [1]
                                   9            [1]
                                   8            [1]
                                   7            [1]
                                   6            [1]
                                   5            [1]
                                   4            [1]
                                   3            [1]
                                   2            [1]
                                   1            [1]
                                   0            

ff: found legal plan as follows

step    0: TURN_TO SATELLITE0 STAR62 GROUNDSTATION3
        1: TURN_TO SATELLITE2 STAR9 STAR57
        2: SWITCH_ON INSTRUMENT0 SATELLITE0
        3: CALIBRATE SATELLITE0 INSTRUMENT0 STAR62
        4: TURN_TO SATELLITE0 STAR63 STAR62
        5: SWITCH_ON INSTRUMENT6 SATELLITE2
        6: CALIBRATE SATELLITE2 INSTRUMENT6 STAR9
        7: TURN_TO SATELLITE2 PLANET64 STAR9
        8: TURN_TO SATELLITE3 GROUNDSTATION39 GROUNDSTATION26
        9: TURN_TO SATELLITE6 GROUNDSTATION4 STAR32
       10: TURN_TO SATELLITE7 GROUNDSTATION61 GROUNDSTATION2
       11: TURN_TO SATELLITE9 STAR43 GROUNDSTATION15
       12: TAKE_IMAGE SATELLITE0 STAR63 INSTRUMENT0 SPECTROGRAPH1
       13: TURN_TO SATELLITE0 STAR56 STAR63
       14: TAKE_IMAGE SATELLITE2 PLANET64 INSTRUMENT6 IMAGE3
     

time spent:    0.00 seconds instantiating 49805 easy, 0 hard action templates
               0.00 seconds reachability analysis, yielding 1095 facts and 49805 actions
               0.01 seconds creating final representation with 1095 relevant facts, 0 relevant fluents
               0.06 seconds computing LNF
               0.03 seconds building connectivity graph
               0.03 seconds searching, evaluating 21 states, to a max depth of 1
               0.13 seconds total time

