
ff: parsing domain file
domain 'SATELLITE' defined
 ... done.
ff: parsing problem file
problem 'STRIPS-SAT-X-1' defined
 ... done.


no metric specified. plan length assumed.

checking for cyclic := effects --- OK.

ff: search configuration is EHC, if that fails then  best-first on 1*g(s) + 5*h(s) where
    metric is  plan length

Cueing down from goal distance:   12 into depth [1]
                                  11            [1]
                                  10            [1]
                                   9            [1]
                                   8            [1]
                                   7            [1]
                                   6            [1][2]
                                   5            [1]
                                   4            [1]
                                   3            [1][2]
                                   2            [1]
                                   1            [1]
                                   0            

ff: found legal plan as follows

step    0: SWITCH_ON INSTRUMENT32 SATELLITE6
        1: SWITCH_ON INSTRUMENT14 SATELLITE2
        2: TURN_TO SATELLITE0 STAR45 STAR42
        3: TURN_TO SATELLITE4 STAR38 GROUNDSTATION34
        4: TURN_TO SATELLITE5 STAR49 GROUNDSTATION34
        5: TURN_TO SATELLITE7 GROUNDSTATION44 STAR16
        6: TURN_TO SATELLITE6 STAR12 PHENOMENON63
        7: CALIBRATE SATELLITE6 INSTRUMENT32 STAR12
        8: TURN_TO SATELLITE6 PHENOMENON63 STAR12
        9: TAKE_IMAGE SATELLITE6 PHENOMENON63 INSTRUMENT32 THERMOGRAPH2
       10: TURN_TO SATELLITE2 GROUNDSTATION61 STAR64
       11: CALIBRATE SATELLITE2 INSTRUMENT14 GROUNDSTATION61
       12: TURN_TO SATELLITE2 STAR64 GROUNDSTATION61
       13: TAKE_IMAGE SATELLITE2 STAR64 INSTRUMENT14 INFRARED3
     

time spent:    0.00 seconds instantiating 51314 easy, 0 hard action templates
               0.00 seconds reachability analysis, yielding 1113 facts and 51314 actions
               0.01 seconds creating final representation with 1113 relevant facts, 0 relevant fluents
               0.06 seconds computing LNF
               0.02 seconds building connectivity graph
               0.07 seconds searching, evaluating 31 states, to a max depth of 2
               0.16 seconds total time

