
ff: parsing domain file
domain 'SATELLITE' defined
 ... done.
ff: parsing problem file
problem 'STRIPS-SAT-X-1' defined
 ... done.


no metric specified. plan length assumed.

checking for cyclic := effects --- OK.

ff: search configuration is EHC, if that fails then  best-first on 1*g(s) + 5*h(s) where
    metric is  plan length

Cueing down from goal distance:   16 into depth [1]
                                  15            [1]
                                  12            [1]
                                  11            [1]
                                  10            [1]
                                   9            [1]
                                   8            [1]
                                   7            [1]
                                   6            [1]
                                   5            [1]
                                   4            [1]
                                   3            [1]
                                   2            [1]
                                   1            [1]
                                   0            

ff: found legal plan as follows

step    0: TURN_TO SATELLITE2 GROUNDSTATION14 STAR8
        1: SWITCH_ON INSTRUMENT8 SATELLITE2
        2: CALIBRATE SATELLITE2 INSTRUMENT8 GROUNDSTATION14
        3: TURN_TO SATELLITE2 STAR63 GROUNDSTATION14
        4: TURN_TO SATELLITE0 GROUNDSTATION38 STAR18
        5: TURN_TO SATELLITE1 GROUNDSTATION10 GROUNDSTATION55
        6: TURN_TO SATELLITE4 GROUNDSTATION24 GROUNDSTATION19
        7: TURN_TO SATELLITE5 STAR28 GROUNDSTATION38
        8: TURN_TO SATELLITE8 GROUNDSTATION5 GROUNDSTATION48
        9: TURN_TO SATELLITE9 GROUNDSTATION13 GROUNDSTATION41
       10: TAKE_IMAGE SATELLITE2 STAR63 INSTRUMENT8 THERMOGRAPH2
       11: TURN_TO SATELLITE2 STAR64 STAR63
       12: TAKE_IMAGE SATELLITE2 STAR64 INSTRUMENT8 THERMOGRAPH0
       13: TURN_TO SATELLITE2 GROUNDSTATION19 STAR64
     

time spent:    0.00 seconds instantiating 50519 easy, 0 hard action templates
               0.00 seconds reachability analysis, yielding 1093 facts and 50519 actions
               0.01 seconds creating final representation with 1093 relevant facts, 0 relevant fluents
               0.05 seconds computing LNF
               0.02 seconds building connectivity graph
               0.05 seconds searching, evaluating 29 states, to a max depth of 1
               0.13 seconds total time

