
ff: parsing domain file
domain 'SATELLITE' defined
 ... done.
ff: parsing problem file
problem 'STRIPS-SAT-X-1' defined
 ... done.


no metric specified. plan length assumed.

checking for cyclic := effects --- OK.

ff: search configuration is EHC, if that fails then  best-first on 1*g(s) + 5*h(s) where
    metric is  plan length

Cueing down from goal distance:   11 into depth [1]
                                  10            [1]
                                   9            [1]
                                   8            [1][2]
                                   7            [1]
                                   6            [1]
                                   5            [1]
                                   4            [1]
                                   3            [1]
                                   2            [1]
                                   1            [1]
                                   0            

ff: found legal plan as follows

step    0: TURN_TO SATELLITE0 STAR61 STAR28
        1: TURN_TO SATELLITE3 GROUNDSTATION39 GROUNDSTATION42
        2: TURN_TO SATELLITE9 STAR43 GROUNDSTATION46
        3: SWITCH_ON INSTRUMENT0 SATELLITE0
        4: TURN_TO SATELLITE1 STAR58 GROUNDSTATION22
        5: CALIBRATE SATELLITE0 INSTRUMENT0 STAR61
        6: TURN_TO SATELLITE0 PLANET63 STAR61
        7: SWITCH_ON INSTRUMENT7 SATELLITE1
        8: CALIBRATE SATELLITE1 INSTRUMENT7 STAR58
        9: TURN_TO SATELLITE1 STAR64 STAR58
       10: TAKE_IMAGE SATELLITE0 PLANET63 INSTRUMENT0 THERMOGRAPH1
       11: TAKE_IMAGE SATELLITE1 STAR64 INSTRUMENT7 IMAGE4
     

time spent:    0.00 seconds instantiating 50887 easy, 0 hard action templates
               0.00 seconds reachability analysis, yielding 1111 facts and 50887 actions
               0.01 seconds creating final representation with 1111 relevant facts, 0 relevant fluents
               0.06 seconds computing LNF
               0.03 seconds building connectivity graph
               0.05 seconds searching, evaluating 24 states, to a max depth of 2
               0.15 seconds total time

