
ff: parsing domain file
domain 'SATELLITE' defined
 ... done.
ff: parsing problem file
problem 'STRIPS-SAT-X-1' defined
 ... done.


no metric specified. plan length assumed.

checking for cyclic := effects --- OK.

ff: search configuration is EHC, if that fails then  best-first on 1*g(s) + 5*h(s) where
    metric is  plan length

Cueing down from goal distance:   12 into depth [1]
                                  11            [1]
                                  10            [1]
                                   9            [1]
                                   8            [1]
                                   7            [1]
                                   6            [1]
                                   5            [1]
                                   4            [1][2]
                                   3            [1]
                                   2            [1]
                                   1            [1]
                                   0            

ff: found legal plan as follows

step    0: TURN_TO SATELLITE0 GROUNDSTATION8 STAR16
        1: SWITCH_ON INSTRUMENT0 SATELLITE0
        2: CALIBRATE SATELLITE0 INSTRUMENT0 GROUNDSTATION8
        3: TURN_TO SATELLITE0 STAR24 GROUNDSTATION8
        4: SWITCH_ON INSTRUMENT34 SATELLITE5
        5: TURN_TO SATELLITE9 GROUNDSTATION22 STAR14
        6: TAKE_IMAGE SATELLITE0 STAR24 INSTRUMENT0 THERMOGRAPH2
        7: TURN_TO SATELLITE0 GROUNDSTATION18 STAR24
        8: TURN_TO SATELLITE5 STAR14 STAR25
        9: CALIBRATE SATELLITE5 INSTRUMENT34 STAR14
       10: TURN_TO SATELLITE5 STAR25 STAR14
       11: TAKE_IMAGE SATELLITE5 STAR25 INSTRUMENT34 THERMOGRAPH1
       12: TURN_TO SATELLITE5 STAR1 STAR25
     

time spent:    0.00 seconds instantiating 10695 easy, 0 hard action templates
               0.00 seconds reachability analysis, yielding 530 facts and 10695 actions
               0.00 seconds creating final representation with 530 relevant facts, 0 relevant fluents
               0.01 seconds computing LNF
               0.00 seconds building connectivity graph
               0.01 seconds searching, evaluating 27 states, to a max depth of 2
               0.02 seconds total time

