
ff: parsing domain file
domain 'SATELLITE' defined
 ... done.
ff: parsing problem file
problem 'STRIPS-SAT-X-1' defined
 ... done.


no metric specified. plan length assumed.

checking for cyclic := effects --- OK.

ff: search configuration is EHC, if that fails then  best-first on 1*g(s) + 5*h(s) where
    metric is  plan length

Cueing down from goal distance:   15 into depth [1]
                                  14            [1]
                                  13            [1]
                                  12            [1]
                                  11            [1]
                                  10            [1]
                                   9            [1]
                                   8            [1]
                                   7            [1]
                                   6            [1]
                                   5            [1]
                                   4            [1]
                                   3            [1]
                                   2            [1]
                                   1            [1]
                                   0            

ff: found legal plan as follows

step    0: TURN_TO SATELLITE0 STAR141 GROUNDSTATION4
        1: SWITCH_ON INSTRUMENT1 SATELLITE0
        2: TURN_TO SATELLITE1 GROUNDSTATION106 STAR34
        3: CALIBRATE SATELLITE0 INSTRUMENT1 STAR141
        4: TURN_TO SATELLITE0 PLANET157 STAR141
        5: SWITCH_ON INSTRUMENT5 SATELLITE1
        6: CALIBRATE SATELLITE1 INSTRUMENT5 GROUNDSTATION106
        7: TURN_TO SATELLITE1 STAR158 GROUNDSTATION106
        8: TURN_TO SATELLITE2 GROUNDSTATION28 STAR27
        9: TURN_TO SATELLITE3 GROUNDSTATION96 GROUNDSTATION69
       10: TURN_TO SATELLITE7 STAR59 GROUNDSTATION51
       11: TURN_TO SATELLITE8 GROUNDSTATION150 STAR50
       12: TAKE_IMAGE SATELLITE0 PLANET157 INSTRUMENT1 INFRARED2
       13: TURN_TO SATELLITE0 STAR40 PLANET157
       14: TAKE_IMAGE SATELLITE1 STAR158 INSTRUMENT5 SPECTROGRAPH4
     

time spent:    0.00 seconds instantiating 269015 easy, 0 hard action templates
               0.04 seconds reachability analysis, yielding 2489 facts and 269015 actions
               0.04 seconds creating final representation with 2489 relevant facts, 0 relevant fluents
               0.33 seconds computing LNF
               0.12 seconds building connectivity graph
               0.33 seconds searching, evaluating 22 states, to a max depth of 1
               0.86 seconds total time

