
ff: parsing domain file
domain 'SATELLITE' defined
 ... done.
ff: parsing problem file
problem 'STRIPS-SAT-X-1' defined
 ... done.


no metric specified. plan length assumed.

checking for cyclic := effects --- OK.

ff: search configuration is EHC, if that fails then  best-first on 1*g(s) + 5*h(s) where
    metric is  plan length

Cueing down from goal distance:   15 into depth [1]
                                  13            [1]
                                  12            [1]
                                  11            [1]
                                  10            [1]
                                   9            [1]
                                   8            [1]
                                   7            [1]
                                   6            [1]
                                   5            [1]
                                   4            [1]
                                   3            [1]
                                   2            [1]
                                   1            [1]
                                   0            

ff: found legal plan as follows

step    0: TURN_TO SATELLITE0 GROUNDSTATION18 STAR149
        1: SWITCH_ON INSTRUMENT3 SATELLITE0
        2: CALIBRATE SATELLITE0 INSTRUMENT3 GROUNDSTATION18
        3: TURN_TO SATELLITE0 STAR157 GROUNDSTATION18
        4: SWITCH_ON INSTRUMENT9 SATELLITE3
        5: CALIBRATE SATELLITE3 INSTRUMENT9 GROUNDSTATION148
        6: TURN_TO SATELLITE3 PHENOMENON158 GROUNDSTATION148
        7: TURN_TO SATELLITE1 STAR86 GROUNDSTATION39
        8: TURN_TO SATELLITE4 STAR133 GROUNDSTATION39
        9: TURN_TO SATELLITE5 STAR96 STAR86
       10: TURN_TO SATELLITE7 GROUNDSTATION65 GROUNDSTATION22
       11: TAKE_IMAGE SATELLITE0 STAR157 INSTRUMENT3 SPECTROGRAPH1
       12: TURN_TO SATELLITE0 STAR104 STAR157
       13: TAKE_IMAGE SATELLITE3 PHENOMENON158 INSTRUMENT9 IMAGE3
     

time spent:    0.00 seconds instantiating 277065 easy, 0 hard action templates
               0.03 seconds reachability analysis, yielding 2523 facts and 277065 actions
               0.05 seconds creating final representation with 2523 relevant facts, 0 relevant fluents
               0.35 seconds computing LNF
               0.12 seconds building connectivity graph
               0.24 seconds searching, evaluating 20 states, to a max depth of 1
               0.79 seconds total time

