
ff: parsing domain file
domain 'SATELLITE' defined
 ... done.
ff: parsing problem file
problem 'STRIPS-SAT-X-1' defined
 ... done.


no metric specified. plan length assumed.

checking for cyclic := effects --- OK.

ff: search configuration is EHC, if that fails then  best-first on 1*g(s) + 5*h(s) where
    metric is  plan length

Cueing down from goal distance:   11 into depth [1]
                                  10            [1]
                                   9            [1]
                                   8            [1]
                                   7            [1]
                                   6            [1]
                                   5            [1]
                                   4            [1]
                                   3            [1]
                                   2            [1]
                                   1            [1]
                                   0            

ff: found legal plan as follows

step    0: SWITCH_ON INSTRUMENT1 SATELLITE0
        1: CALIBRATE SATELLITE0 INSTRUMENT1 STAR122
        2: TURN_TO SATELLITE0 STAR157 STAR122
        3: TURN_TO SATELLITE1 STAR107 STAR148
        4: TURN_TO SATELLITE3 STAR46 STAR14
        5: TURN_TO SATELLITE4 STAR117 GROUNDSTATION38
        6: TURN_TO SATELLITE9 GROUNDSTATION94 STAR28
        7: TAKE_IMAGE SATELLITE0 STAR157 INSTRUMENT1 THERMOGRAPH4
        8: TURN_TO SATELLITE0 PLANET158 STAR157
        9: TAKE_IMAGE SATELLITE0 PLANET158 INSTRUMENT1 THERMOGRAPH4
       10: TURN_TO SATELLITE0 STAR129 PLANET158
     

time spent:    0.01 seconds instantiating 274483 easy, 0 hard action templates
               0.02 seconds reachability analysis, yielding 2511 facts and 274483 actions
               0.05 seconds creating final representation with 2511 relevant facts, 0 relevant fluents
               0.34 seconds computing LNF
               0.12 seconds building connectivity graph
               0.45 seconds searching, evaluating 25 states, to a max depth of 1
               0.99 seconds total time

