
ff: parsing domain file
domain 'SATELLITE' defined
 ... done.
ff: parsing problem file
problem 'STRIPS-SAT-X-1' defined
 ... done.


no metric specified. plan length assumed.

checking for cyclic := effects --- OK.

ff: search configuration is EHC, if that fails then  best-first on 1*g(s) + 5*h(s) where
    metric is  plan length

Cueing down from goal distance:    7 into depth [1]
                                   6            [1]
                                   5            [1]
                                   4            [1]
                                   3            [1]
                                   2            [1]
                                   1            [1]
                                   0            

ff: found legal plan as follows

step    0: TURN_TO SATELLITE0 GROUNDSTATION16 GROUNDSTATION133
        1: SWITCH_ON INSTRUMENT0 SATELLITE0
        2: CALIBRATE SATELLITE0 INSTRUMENT0 GROUNDSTATION16
        3: TURN_TO SATELLITE0 PHENOMENON157 GROUNDSTATION16
        4: TURN_TO SATELLITE8 STAR22 GROUNDSTATION1
        5: TURN_TO SATELLITE9 GROUNDSTATION142 GROUNDSTATION108
        6: TAKE_IMAGE SATELLITE0 PHENOMENON157 INSTRUMENT0 THERMOGRAPH4
     

time spent:    0.00 seconds instantiating 272748 easy, 0 hard action templates
               0.03 seconds reachability analysis, yielding 2509 facts and 272748 actions
               0.05 seconds creating final representation with 2509 relevant facts, 0 relevant fluents
               0.37 seconds computing LNF
               0.12 seconds building connectivity graph
               0.12 seconds searching, evaluating 8 states, to a max depth of 1
               0.69 seconds total time

