
ff: parsing domain file
domain 'SATELLITE' defined
 ... done.
ff: parsing problem file
problem 'STRIPS-SAT-X-1' defined
 ... done.


no metric specified. plan length assumed.

checking for cyclic := effects --- OK.

ff: search configuration is EHC, if that fails then  best-first on 1*g(s) + 5*h(s) where
    metric is  plan length

Cueing down from goal distance:   15 into depth [1]
                                  14            [1]
                                  13            [1]
                                  12            [1]
                                  11            [1]
                                  10            [1]
                                   9            [1]
                                   8            [1]
                                   7            [1]
                                   6            [1]
                                   5            [1]
                                   4            [1]
                                   3            [1]
                                   2            [1]
                                   1            [1]
                                   0            

ff: found legal plan as follows

step    0: SWITCH_ON INSTRUMENT0 SATELLITE0
        1: TURN_TO SATELLITE1 STAR142 GROUNDSTATION29
        2: CALIBRATE SATELLITE0 INSTRUMENT0 GROUNDSTATION134
        3: TURN_TO SATELLITE0 PHENOMENON157 GROUNDSTATION134
        4: SWITCH_ON INSTRUMENT4 SATELLITE1
        5: CALIBRATE SATELLITE1 INSTRUMENT4 STAR142
        6: TURN_TO SATELLITE1 PLANET158 STAR142
        7: TURN_TO SATELLITE2 GROUNDSTATION122 GROUNDSTATION113
        8: TURN_TO SATELLITE4 GROUNDSTATION82 GROUNDSTATION8
        9: TURN_TO SATELLITE6 STAR12 GROUNDSTATION137
       10: TURN_TO SATELLITE7 GROUNDSTATION120 STAR152
       11: TURN_TO SATELLITE8 GROUNDSTATION87 GROUNDSTATION8
       12: TAKE_IMAGE SATELLITE0 PHENOMENON157 INSTRUMENT0 IMAGE4
       13: TURN_TO SATELLITE0 GROUNDSTATION47 PHENOMENON157
       14: TAKE_IMAGE SATELLITE1 PLANET158 INSTRUMENT4 THERMOGRAPH1
     

time spent:    0.00 seconds instantiating 270983 easy, 0 hard action templates
               0.03 seconds reachability analysis, yielding 2495 facts and 270983 actions
               0.06 seconds creating final representation with 2495 relevant facts, 0 relevant fluents
               0.34 seconds computing LNF
               0.12 seconds building connectivity graph
               0.32 seconds searching, evaluating 23 states, to a max depth of 1
               0.87 seconds total time

