
ff: parsing domain file
domain 'BLOCKS' defined
 ... done.
ff: parsing problem file
problem 'PB7' defined
 ... done.


no metric specified. plan length assumed.

checking for cyclic := effects --- OK.

ff: search configuration is EHC, if that fails then  best-first on 1*g(s) + 5*h(s) where
    metric is  plan length

Cueing down from goal distance:   26 into depth [1]
                                  25            [1][2][3]
                                  24            [1][2][3]
                                  23            [1]
                                  22            [1]
                                  21            [1][2]
                                  20            [1][2][3][4][5][6][7][8]
                                  19            [1][2][3]
                                  18            [1]
                                  17            [1]
                                  16            [1][2]
                                  14            [1][2][3][4][5][6][7][8]
                                  13            [1]
                                  12            [1][2][3]
                                  11            [1][2][3][4][5][6][7][8][9][10]
                                  10            [1]
                                   9            [1]
                                   8            [1][2]
                                   6            [1][2][3][4][5][6][7][8][9][10][11][12][13]
                                   5            [1]
                                   4            [1]
                                   3            [1]
                                   2            [1][2]
                                   0            

ff: found legal plan as follows

step    0: UNSTACK BLOCK9 BLOCK10
        1: STACK BLOCK9 BLOCK5
        2: UNSTACK BLOCK10 BLOCK11
        3: STACK BLOCK10 BLOCK9
        4: UNSTACK BLOCK7 BLOCK2
        5: STACK BLOCK7 BLOCK14
        6: UNSTACK BLOCK2 BLOCK1
        7: PUT-DOWN BLOCK2
        8: UNSTACK BLOCK1 BLOCK8
        9: STACK BLOCK1 BLOCK10
       10: UNSTACK BLOCK11 BLOCK4
       11: STACK BLOCK11 BLOCK8
       12: UNSTACK BLOCK1 BLOCK10
       13: STACK BLOCK1 BLOCK11
       14: UNSTACK BLOCK7 BLOCK14
       15: STACK BLOCK7 BLOCK1
       16: UNSTACK BLOCK4 BLOCK12
       17: STACK BLOCK4 BLOCK7
       18: UNSTACK BLOCK12 BLOCK3
       19: STACK BLOCK12 BLOCK14
       20: UNSTACK BLOCK3 BLOCK6
       21: PUT-DOWN BLOCK3
       22: UNSTACK BLOCK10 BLOCK9
       23: STACK BLOCK10 BLOCK12
       24: UNSTACK BLOCK9 BLOCK5
       25: STACK BLOCK9 BLOCK3
       26: UNSTACK BLOCK5 BLOCK13
       27: STACK BLOCK5 BLOCK6
       28: PICK-UP BLOCK13
       29: STACK BLOCK13 BLOCK2
       30: UNSTACK BLOCK5 BLOCK6
       31: STACK BLOCK5 BLOCK10
       32: PICK-UP BLOCK6
       33: STACK BLOCK6 BLOCK13
       34: UNSTACK BLOCK5 BLOCK10
       35: STACK BLOCK5 BLOCK6
       36: UNSTACK BLOCK9 BLOCK3
       37: STACK BLOCK9 BLOCK5
       38: UNSTACK BLOCK10 BLOCK12
       39: STACK BLOCK10 BLOCK9
       40: UNSTACK BLOCK4 BLOCK7
       41: STACK BLOCK4 BLOCK10
       42: UNSTACK BLOCK7 BLOCK1
       43: STACK BLOCK7 BLOCK3
       44: UNSTACK BLOCK1 BLOCK11
       45: STACK BLOCK1 BLOCK7
       46: UNSTACK BLOCK11 BLOCK8
       47: STACK BLOCK11 BLOCK1
       48: PICK-UP BLOCK8
       49: STACK BLOCK8 BLOCK12
       50: UNSTACK BLOCK11 BLOCK1
       51: STACK BLOCK11 BLOCK8
       52: UNSTACK BLOCK1 BLOCK7
       53: STACK BLOCK1 BLOCK11
       54: UNSTACK BLOCK7 BLOCK3
       55: STACK BLOCK7 BLOCK1
       56: UNSTACK BLOCK4 BLOCK10
       57: STACK BLOCK4 BLOCK7
     

time spent:    0.00 seconds instantiating 420 easy, 0 hard action templates
               0.00 seconds reachability analysis, yielding 239 facts and 420 actions
               0.00 seconds creating final representation with 239 relevant facts, 0 relevant fluents
               0.00 seconds computing LNF
               0.00 seconds building connectivity graph
               1.19 seconds searching, evaluating 82070 states, to a max depth of 13
               1.19 seconds total time

