
ff: parsing domain file
domain 'BLOCKS' defined
 ... done.
ff: parsing problem file
problem 'PB5' defined
 ... done.


no metric specified. plan length assumed.

checking for cyclic := effects --- OK.

ff: search configuration is EHC, if that fails then  best-first on 1*g(s) + 5*h(s) where
    metric is  plan length

Cueing down from goal distance:   28 into depth [1]
                                  27            [1]
                                  26            [1]
                                  25            [1]
                                  24            [1]
                                  23            [1][2][3]
                                  22            [1]
                                  21            [1]
                                  20            [1][2][3]
                                  19            [1][2]
                                  18            [1][2][3]
                                  17            [1]
                                  16            [1]
                                  15            [1][2][3][4]
                                  14            [1]
                                  13            [1]
                                  12            [1]
                                  11            [1]
                                  10            [1]
                                   9            [1]
                                   8            [1][2][3][4][5][6][7][8][9][10][11][12][13][14][15]
                                   7            [1]
                                   6            [1][2]
                                   4            [1]
                                   3            [1]
                                   2            [1][2]
                                   0            

ff: found legal plan as follows

step    0: UNSTACK BLOCK13 BLOCK2
        1: PUT-DOWN BLOCK13
        2: UNSTACK BLOCK2 BLOCK8
        3: PUT-DOWN BLOCK2
        4: UNSTACK BLOCK6 BLOCK4
        5: STACK BLOCK6 BLOCK13
        6: PICK-UP BLOCK8
        7: STACK BLOCK8 BLOCK2
        8: UNSTACK BLOCK6 BLOCK13
        9: STACK BLOCK6 BLOCK8
       10: UNSTACK BLOCK9 BLOCK3
       11: STACK BLOCK9 BLOCK13
       12: UNSTACK BLOCK3 BLOCK7
       13: STACK BLOCK3 BLOCK9
       14: PICK-UP BLOCK4
       15: STACK BLOCK4 BLOCK3
       16: UNSTACK BLOCK7 BLOCK12
       17: STACK BLOCK7 BLOCK4
       18: UNSTACK BLOCK12 BLOCK5
       19: PUT-DOWN BLOCK12
       20: UNSTACK BLOCK5 BLOCK10
       21: STACK BLOCK5 BLOCK12
       22: UNSTACK BLOCK10 BLOCK1
       23: STACK BLOCK10 BLOCK5
       24: UNSTACK BLOCK1 BLOCK14
       25: PUT-DOWN BLOCK1
       26: PICK-UP BLOCK11
       27: STACK BLOCK11 BLOCK1
       28: PICK-UP BLOCK14
       29: STACK BLOCK14 BLOCK11
       30: UNSTACK BLOCK7 BLOCK4
       31: STACK BLOCK7 BLOCK14
       32: UNSTACK BLOCK4 BLOCK3
       33: STACK BLOCK4 BLOCK7
       34: UNSTACK BLOCK3 BLOCK9
       35: STACK BLOCK3 BLOCK6
       36: UNSTACK BLOCK10 BLOCK5
       37: STACK BLOCK10 BLOCK4
       38: UNSTACK BLOCK5 BLOCK12
       39: STACK BLOCK5 BLOCK10
       40: UNSTACK BLOCK9 BLOCK13
       41: STACK BLOCK9 BLOCK12
       42: UNSTACK BLOCK3 BLOCK6
       43: STACK BLOCK3 BLOCK9
       44: UNSTACK BLOCK5 BLOCK10
       45: STACK BLOCK5 BLOCK13
       46: UNSTACK BLOCK10 BLOCK4
       47: STACK BLOCK10 BLOCK5
       48: UNSTACK BLOCK4 BLOCK7
       49: STACK BLOCK4 BLOCK3
       50: UNSTACK BLOCK7 BLOCK14
       51: STACK BLOCK7 BLOCK4
     

time spent:    0.00 seconds instantiating 420 easy, 0 hard action templates
               0.00 seconds reachability analysis, yielding 239 facts and 420 actions
               0.00 seconds creating final representation with 239 relevant facts, 0 relevant fluents
               0.00 seconds computing LNF
               0.00 seconds building connectivity graph
               2.13 seconds searching, evaluating 139034 states, to a max depth of 15
               2.13 seconds total time

