
ff: parsing domain file
domain 'SATELLITE' defined
 ... done.
ff: parsing problem file
problem 'STRIPS-SAT-X-1' defined
 ... done.


no metric specified. plan length assumed.

checking for cyclic := effects --- OK.

ff: search configuration is EHC, if that fails then  best-first on 1*g(s) + 5*h(s) where
    metric is  plan length

Cueing down from goal distance:   15 into depth [1]
                                  14            [1]
                                  13            [1]
                                  12            [1]
                                  11            [1]
                                  10            [1]
                                   9            [1]
                                   8            [1]
                                   7            [1]
                                   6            [1]
                                   5            [1]
                                   4            [1]
                                   3            [1]
                                   2            [1]
                                   1            [1]
                                   0            

ff: found legal plan as follows

step    0: TURN_TO SATELLITE2 STAR14 STAR55
        1: TURN_TO SATELLITE0 GROUNDSTATION62 STAR20
        2: SWITCH_ON INSTRUMENT6 SATELLITE2
        3: CALIBRATE SATELLITE2 INSTRUMENT6 STAR14
        4: TURN_TO SATELLITE2 STAR79 STAR14
        5: SWITCH_ON INSTRUMENT0 SATELLITE0
        6: CALIBRATE SATELLITE0 INSTRUMENT0 GROUNDSTATION62
        7: TURN_TO SATELLITE0 PLANET80 GROUNDSTATION62
        8: TURN_TO SATELLITE1 GROUNDSTATION51 GROUNDSTATION76
        9: TURN_TO SATELLITE3 GROUNDSTATION57 GROUNDSTATION11
       10: TURN_TO SATELLITE6 STAR2 GROUNDSTATION60
       11: TURN_TO SATELLITE7 GROUNDSTATION53 STAR31
       12: TAKE_IMAGE SATELLITE2 STAR79 INSTRUMENT6 IMAGE0
       13: TURN_TO SATELLITE2 STAR38 STAR79
       14: TAKE_IMAGE SATELLITE0 PLANET80 INSTRUMENT0 THERMOGRAPH2
     

time spent:    0.00 seconds instantiating 73224 easy, 0 hard action templates
               0.00 seconds reachability analysis, yielding 1309 facts and 73224 actions
               0.02 seconds creating final representation with 1309 relevant facts, 0 relevant fluents
               0.09 seconds computing LNF
               0.03 seconds building connectivity graph
               0.04 seconds searching, evaluating 20 states, to a max depth of 1
               0.18 seconds total time

