
ff: parsing domain file
domain 'SATELLITE' defined
 ... done.
ff: parsing problem file
problem 'STRIPS-SAT-X-1' defined
 ... done.


no metric specified. plan length assumed.

checking for cyclic := effects --- OK.

ff: search configuration is EHC, if that fails then  best-first on 1*g(s) + 5*h(s) where
    metric is  plan length

Cueing down from goal distance:    9 into depth [1]
                                   8            [1]
                                   7            [1]
                                   6            [1]
                                   5            [1]
                                   4            [1]
                                   3            [1]
                                   2            [1]
                                   1            [1]
                                   0            

ff: found legal plan as follows

step    0: TURN_TO SATELLITE0 STAR5 STAR77
        1: SWITCH_ON INSTRUMENT0 SATELLITE0
        2: CALIBRATE SATELLITE0 INSTRUMENT0 STAR5
        3: TURN_TO SATELLITE0 PLANET79 STAR5
        4: TURN_TO SATELLITE4 GROUNDSTATION27 STAR73
        5: TURN_TO SATELLITE9 STAR9 GROUNDSTATION46
        6: TAKE_IMAGE SATELLITE0 PLANET79 INSTRUMENT0 INFRARED0
        7: TURN_TO SATELLITE0 PLANET80 PLANET79
        8: TAKE_IMAGE SATELLITE0 PLANET80 INSTRUMENT0 INFRARED4
     

time spent:    0.00 seconds instantiating 76001 easy, 0 hard action templates
               0.00 seconds reachability analysis, yielding 1347 facts and 76001 actions
               0.02 seconds creating final representation with 1347 relevant facts, 0 relevant fluents
               0.09 seconds computing LNF
               0.04 seconds building connectivity graph
               0.04 seconds searching, evaluating 15 states, to a max depth of 1
               0.19 seconds total time

