
ff: parsing domain file
domain 'SATELLITE' defined
 ... done.
ff: parsing problem file
problem 'STRIPS-SAT-X-1' defined
 ... done.


no metric specified. plan length assumed.

checking for cyclic := effects --- OK.

ff: search configuration is EHC, if that fails then  best-first on 1*g(s) + 5*h(s) where
    metric is  plan length

Cueing down from goal distance:   12 into depth [1]
                                  11            [1]
                                  10            [1]
                                   9            [1]
                                   8            [1]
                                   7            [1]
                                   6            [1]
                                   5            [1]
                                   4            [1]
                                   3            [1]
                                   2            [1]
                                   1            [1]
                                   0            

ff: found legal plan as follows

step    0: TURN_TO SATELLITE0 STAR16 STAR77
        1: SWITCH_ON INSTRUMENT0 SATELLITE0
        2: CALIBRATE SATELLITE0 INSTRUMENT0 STAR16
        3: TURN_TO SATELLITE0 STAR79 STAR16
        4: TURN_TO SATELLITE2 GROUNDSTATION3 GROUNDSTATION33
        5: TURN_TO SATELLITE3 GROUNDSTATION75 GROUNDSTATION11
        6: TURN_TO SATELLITE6 STAR6 GROUNDSTATION12
        7: TURN_TO SATELLITE7 STAR7 STAR56
        8: TURN_TO SATELLITE8 GROUNDSTATION52 STAR7
        9: TAKE_IMAGE SATELLITE0 STAR79 INSTRUMENT0 THERMOGRAPH0
       10: TURN_TO SATELLITE0 PLANET80 STAR79
       11: TAKE_IMAGE SATELLITE0 PLANET80 INSTRUMENT0 THERMOGRAPH0
     

time spent:    0.00 seconds instantiating 74831 easy, 0 hard action templates
               0.00 seconds reachability analysis, yielding 1327 facts and 74831 actions
               0.01 seconds creating final representation with 1327 relevant facts, 0 relevant fluents
               0.09 seconds computing LNF
               0.03 seconds building connectivity graph
               0.06 seconds searching, evaluating 21 states, to a max depth of 1
               0.19 seconds total time

