
ff: parsing domain file
domain 'SATELLITE' defined
 ... done.
ff: parsing problem file
problem 'STRIPS-SAT-X-1' defined
 ... done.


no metric specified. plan length assumed.

checking for cyclic := effects --- OK.

ff: search configuration is EHC, if that fails then  best-first on 1*g(s) + 5*h(s) where
    metric is  plan length

Cueing down from goal distance:   10 into depth [1]
                                   9            [1]
                                   8            [1]
                                   7            [1]
                                   6            [1]
                                   5            [1]
                                   4            [1]
                                   3            [1]
                                   2            [1]
                                   1            [1]
                                   0            

ff: found legal plan as follows

step    0: TURN_TO SATELLITE0 GROUNDSTATION13 STAR5
        1: SWITCH_ON INSTRUMENT0 SATELLITE0
        2: CALIBRATE SATELLITE0 INSTRUMENT0 GROUNDSTATION13
        3: TURN_TO SATELLITE0 STAR79 GROUNDSTATION13
        4: TURN_TO SATELLITE3 GROUNDSTATION68 GROUNDSTATION72
        5: TURN_TO SATELLITE5 GROUNDSTATION68 STAR27
        6: TURN_TO SATELLITE9 GROUNDSTATION64 GROUNDSTATION13
        7: TAKE_IMAGE SATELLITE0 STAR79 INSTRUMENT0 INFRARED2
        8: TURN_TO SATELLITE0 STAR80 STAR79
        9: TAKE_IMAGE SATELLITE0 STAR80 INSTRUMENT0 INFRARED2
     

time spent:    0.00 seconds instantiating 75945 easy, 0 hard action templates
               0.01 seconds reachability analysis, yielding 1341 facts and 75945 actions
               0.01 seconds creating final representation with 1341 relevant facts, 0 relevant fluents
               0.09 seconds computing LNF
               0.03 seconds building connectivity graph
               0.07 seconds searching, evaluating 17 states, to a max depth of 1
               0.21 seconds total time

