
ff: parsing domain file
domain 'BLOCKS' defined
 ... done.
ff: parsing problem file
problem 'PB4' defined
 ... done.


no metric specified. plan length assumed.

checking for cyclic := effects --- OK.

ff: search configuration is EHC, if that fails then  best-first on 1*g(s) + 5*h(s) where
    metric is  plan length

Cueing down from goal distance:   30 into depth [1]
                                  29            [1]
                                  28            [1]
                                  27            [1][2]
                                  26            [1][2]
                                  25            [1]
                                  24            [1][2][3][4]
                                  23            [1]
                                  22            [1]
                                  21            [1]
                                  20            [1]
                                  19            [1][2][3][4]
                                  17            [1][2][3]
                                  16            [1]
                                  15            [1][2][3][4][5][6][7]
                                  14            [1]
                                  13            [1]
                                  12            [1]
                                  11            [1]
                                  10            [1][2][3]
                                   9            [1]
                                   8            [1][2][3]
                                   7            [1]
                                   6            [1]
                                   5            [1][2][3][4][5][6][7][8][9][10]
                                   4            [1]
                                   3            [1]
                                   2            [1][2]
                                   0            

ff: found legal plan as follows

step    0: UNSTACK BLOCK7 BLOCK3
        1: PUT-DOWN BLOCK7
        2: UNSTACK BLOCK10 BLOCK15
        3: STACK BLOCK10 BLOCK3
        4: UNSTACK BLOCK15 BLOCK5
        5: STACK BLOCK15 BLOCK13
        6: UNSTACK BLOCK5 BLOCK14
        7: PUT-DOWN BLOCK5
        8: UNSTACK BLOCK15 BLOCK13
        9: STACK BLOCK15 BLOCK14
       10: UNSTACK BLOCK13 BLOCK12
       11: STACK BLOCK13 BLOCK5
       12: UNSTACK BLOCK12 BLOCK2
       13: PUT-DOWN BLOCK12
       14: UNSTACK BLOCK15 BLOCK14
       15: STACK BLOCK15 BLOCK13
       16: UNSTACK BLOCK14 BLOCK4
       17: STACK BLOCK14 BLOCK15
       18: UNSTACK BLOCK4 BLOCK1
       19: STACK BLOCK4 BLOCK12
       20: UNSTACK BLOCK14 BLOCK15
       21: STACK BLOCK14 BLOCK10
       22: PICK-UP BLOCK1
       23: STACK BLOCK1 BLOCK15
       24: UNSTACK BLOCK14 BLOCK10
       25: STACK BLOCK14 BLOCK1
       26: UNSTACK BLOCK10 BLOCK3
       27: STACK BLOCK10 BLOCK14
       28: UNSTACK BLOCK3 BLOCK8
       29: STACK BLOCK3 BLOCK2
       30: UNSTACK BLOCK8 BLOCK9
       31: PUT-DOWN BLOCK8
       32: UNSTACK BLOCK9 BLOCK11
       33: STACK BLOCK9 BLOCK7
       34: UNSTACK BLOCK10 BLOCK14
       35: STACK BLOCK10 BLOCK11
       36: UNSTACK BLOCK14 BLOCK1
       37: STACK BLOCK14 BLOCK9
       38: UNSTACK BLOCK10 BLOCK11
       39: STACK BLOCK10 BLOCK3
       40: UNSTACK BLOCK11 BLOCK6
       41: STACK BLOCK11 BLOCK10
       42: PICK-UP BLOCK6
       43: STACK BLOCK6 BLOCK8
       44: UNSTACK BLOCK11 BLOCK10
       45: STACK BLOCK11 BLOCK1
       46: UNSTACK BLOCK10 BLOCK3
       47: STACK BLOCK10 BLOCK14
       48: UNSTACK BLOCK3 BLOCK2
       49: STACK BLOCK3 BLOCK11
       50: PICK-UP BLOCK2
       51: STACK BLOCK2 BLOCK6
       52: UNSTACK BLOCK3 BLOCK11
       53: STACK BLOCK3 BLOCK2
       54: UNSTACK BLOCK10 BLOCK14
       55: STACK BLOCK10 BLOCK3
       56: UNSTACK BLOCK11 BLOCK1
       57: STACK BLOCK11 BLOCK10
     

time spent:    0.00 seconds instantiating 480 easy, 0 hard action templates
               0.00 seconds reachability analysis, yielding 271 facts and 480 actions
               0.00 seconds creating final representation with 271 relevant facts, 0 relevant fluents
               0.00 seconds computing LNF
               0.00 seconds building connectivity graph
               0.02 seconds searching, evaluating 2542 states, to a max depth of 10
               0.02 seconds total time

