
ff: parsing domain file
domain 'BLOCKS' defined
 ... done.
ff: parsing problem file
problem 'PB5' defined
 ... done.


no metric specified. plan length assumed.

checking for cyclic := effects --- OK.

ff: search configuration is EHC, if that fails then  best-first on 1*g(s) + 5*h(s) where
    metric is  plan length

Cueing down from goal distance:   26 into depth [1][2][3]
                                  25            [1][2][3]
                                  24            [1]
                                  23            [1]
                                  22            [1]
                                  21            [1]
                                  20            [1][2][3]
                                  19            [1]
                                  18            [1]
                                  17            [1]
                                  16            [1][2][3]
                                  15            [1][2][3][4][5]
                                  13            [1]
                                  12            [1]
                                  11            [1]
                                  10            [1]
                                   9            [1][2][3][4][5][6]
                                   8            [1]
                                   7            [1][2]
                                   6            [1][2][3]
                                   5            [1][2][3][4][5][6][7][8][9][10]
                                   4            [1]
                                   3            [1]
                                   2            [1][2]
                                   0            

ff: found legal plan as follows

step    0: UNSTACK BLOCK9 BLOCK4
        1: STACK BLOCK9 BLOCK8
        2: PICK-UP BLOCK2
        3: STACK BLOCK2 BLOCK9
        4: UNSTACK BLOCK4 BLOCK15
        5: PUT-DOWN BLOCK4
        6: UNSTACK BLOCK2 BLOCK9
        7: STACK BLOCK2 BLOCK4
        8: PICK-UP BLOCK3
        9: STACK BLOCK3 BLOCK15
       10: UNSTACK BLOCK1 BLOCK11
       11: STACK BLOCK1 BLOCK9
       12: UNSTACK BLOCK11 BLOCK10
       13: STACK BLOCK11 BLOCK3
       14: UNSTACK BLOCK10 BLOCK6
       15: STACK BLOCK10 BLOCK11
       16: UNSTACK BLOCK1 BLOCK9
       17: STACK BLOCK1 BLOCK10
       18: UNSTACK BLOCK9 BLOCK8
       19: STACK BLOCK9 BLOCK6
       20: UNSTACK BLOCK8 BLOCK5
       21: STACK BLOCK8 BLOCK9
       22: UNSTACK BLOCK5 BLOCK7
       23: PUT-DOWN BLOCK5
       24: PICK-UP BLOCK7
       25: STACK BLOCK7 BLOCK2
       26: UNSTACK BLOCK8 BLOCK9
       27: STACK BLOCK8 BLOCK7
       28: UNSTACK BLOCK9 BLOCK6
       29: STACK BLOCK9 BLOCK8
       30: UNSTACK BLOCK6 BLOCK14
       31: STACK BLOCK6 BLOCK9
       32: UNSTACK BLOCK14 BLOCK13
       33: PUT-DOWN BLOCK14
       34: UNSTACK BLOCK13 BLOCK12
       35: STACK BLOCK13 BLOCK1
       36: UNSTACK BLOCK6 BLOCK9
       37: STACK BLOCK6 BLOCK13
       38: UNSTACK BLOCK9 BLOCK8
       39: STACK BLOCK9 BLOCK14
       40: UNSTACK BLOCK6 BLOCK13
       41: STACK BLOCK6 BLOCK9
       42: UNSTACK BLOCK13 BLOCK1
       43: STACK BLOCK13 BLOCK8
       44: UNSTACK BLOCK1 BLOCK10
       45: STACK BLOCK1 BLOCK12
       46: UNSTACK BLOCK13 BLOCK8
       47: STACK BLOCK13 BLOCK1
       48: UNSTACK BLOCK6 BLOCK9
       49: STACK BLOCK6 BLOCK13
       50: UNSTACK BLOCK9 BLOCK14
       51: STACK BLOCK9 BLOCK6
     

time spent:    0.00 seconds instantiating 480 easy, 0 hard action templates
               0.00 seconds reachability analysis, yielding 271 facts and 480 actions
               0.00 seconds creating final representation with 271 relevant facts, 0 relevant fluents
               0.00 seconds computing LNF
               0.00 seconds building connectivity graph
               0.02 seconds searching, evaluating 3057 states, to a max depth of 10
               0.02 seconds total time

