
ff: parsing domain file
domain 'SATELLITE' defined
 ... done.
ff: parsing problem file
problem 'STRIPS-SAT-X-1' defined
 ... done.


no metric specified. plan length assumed.

checking for cyclic := effects --- OK.

ff: search configuration is EHC, if that fails then  best-first on 1*g(s) + 5*h(s) where
    metric is  plan length

Cueing down from goal distance:    9 into depth [1]
                                   8            [1]
                                   7            [1]
                                   6            [1]
                                   5            [1]
                                   4            [1]
                                   3            [1]
                                   2            [1]
                                   1            [1]
                                   0            

ff: found legal plan as follows

step    0: SWITCH_ON INSTRUMENT3 SATELLITE0
        1: CALIBRATE SATELLITE0 INSTRUMENT3 STAR53
        2: TURN_TO SATELLITE0 STAR76 STAR53
        3: TURN_TO SATELLITE6 STAR74 GROUNDSTATION67
        4: TURN_TO SATELLITE9 GROUNDSTATION2 GROUNDSTATION38
        5: TAKE_IMAGE SATELLITE0 STAR76 INSTRUMENT3 IMAGE3
        6: TURN_TO SATELLITE0 PHENOMENON77 STAR76
        7: TAKE_IMAGE SATELLITE0 PHENOMENON77 INSTRUMENT3 IMAGE3
        8: TURN_TO SATELLITE0 GROUNDSTATION10 PHENOMENON77
     

time spent:    0.00 seconds instantiating 72357 easy, 0 hard action templates
               0.00 seconds reachability analysis, yielding 1310 facts and 72357 actions
               0.02 seconds creating final representation with 1310 relevant facts, 0 relevant fluents
               0.08 seconds computing LNF
               0.02 seconds building connectivity graph
               0.05 seconds searching, evaluating 19 states, to a max depth of 1
               0.17 seconds total time

