
ff: parsing domain file
domain 'SATELLITE' defined
 ... done.
ff: parsing problem file
problem 'STRIPS-SAT-X-1' defined
 ... done.


no metric specified. plan length assumed.

checking for cyclic := effects --- OK.

ff: search configuration is EHC, if that fails then  best-first on 1*g(s) + 5*h(s) where
    metric is  plan length

Cueing down from goal distance:   12 into depth [1]
                                  11            [1]
                                   9            [1]
                                   8            [1]
                                   7            [1]
                                   6            [1]
                                   5            [1]
                                   4            [1]
                                   3            [1]
                                   2            [1]
                                   1            [1]
                                   0            

ff: found legal plan as follows

step    0: TURN_TO SATELLITE0 GROUNDSTATION40 GROUNDSTATION46
        1: SWITCH_ON INSTRUMENT0 SATELLITE0
        2: CALIBRATE SATELLITE0 INSTRUMENT0 GROUNDSTATION40
        3: TURN_TO SATELLITE0 PHENOMENON76 GROUNDSTATION40
        4: SWITCH_ON INSTRUMENT10 SATELLITE1
        5: CALIBRATE SATELLITE1 INSTRUMENT10 STAR4
        6: TURN_TO SATELLITE1 PLANET77 STAR4
        7: TURN_TO SATELLITE7 STAR5 GROUNDSTATION26
        8: TAKE_IMAGE SATELLITE0 PHENOMENON76 INSTRUMENT0 THERMOGRAPH2
        9: TURN_TO SATELLITE0 STAR20 PHENOMENON76
       10: TAKE_IMAGE SATELLITE1 PLANET77 INSTRUMENT10 INFRARED3
     

time spent:    0.00 seconds instantiating 69343 easy, 0 hard action templates
               0.00 seconds reachability analysis, yielding 1274 facts and 69343 actions
               0.02 seconds creating final representation with 1274 relevant facts, 0 relevant fluents
               0.09 seconds computing LNF
               0.03 seconds building connectivity graph
               0.04 seconds searching, evaluating 15 states, to a max depth of 1
               0.18 seconds total time

