
ff: parsing domain file
domain 'SATELLITE' defined
 ... done.
ff: parsing problem file
problem 'STRIPS-SAT-X-1' defined
 ... done.


no metric specified. plan length assumed.

checking for cyclic := effects --- OK.

ff: search configuration is EHC, if that fails then  best-first on 1*g(s) + 5*h(s) where
    metric is  plan length

Cueing down from goal distance:    9 into depth [1]
                                   8            [1]
                                   7            [1]
                                   6            [1]
                                   5            [1]
                                   4            [1]
                                   3            [1]
                                   2            [1]
                                   1            [1]
                                   0            

ff: found legal plan as follows

step    0: TURN_TO SATELLITE1 STAR67 STAR70
        1: SWITCH_ON INSTRUMENT2 SATELLITE1
        2: CALIBRATE SATELLITE1 INSTRUMENT2 STAR67
        3: TURN_TO SATELLITE1 STAR77 STAR67
        4: TURN_TO SATELLITE3 STAR36 STAR29
        5: TURN_TO SATELLITE7 GROUNDSTATION43 STAR24
        6: TURN_TO SATELLITE9 GROUNDSTATION57 STAR70
        7: TAKE_IMAGE SATELLITE1 STAR77 INSTRUMENT2 THERMOGRAPH4
        8: TURN_TO SATELLITE1 GROUNDSTATION27 STAR77
     

time spent:    0.00 seconds instantiating 67998 easy, 0 hard action templates
               0.01 seconds reachability analysis, yielding 1260 facts and 67998 actions
               0.01 seconds creating final representation with 1260 relevant facts, 0 relevant fluents
               0.08 seconds computing LNF
               0.03 seconds building connectivity graph
               0.03 seconds searching, evaluating 14 states, to a max depth of 1
               0.16 seconds total time

