
ff: parsing domain file
domain 'SATELLITE' defined
 ... done.
ff: parsing problem file
problem 'STRIPS-SAT-X-1' defined
 ... done.


no metric specified. plan length assumed.

checking for cyclic := effects --- OK.

ff: search configuration is EHC, if that fails then  best-first on 1*g(s) + 5*h(s) where
    metric is  plan length

Cueing down from goal distance:   13 into depth [1]
                                  12            [1]
                                   8            [1]
                                   7            [1]
                                   6            [1]
                                   5            [1]
                                   4            [1]
                                   3            [1]
                                   2            [1]
                                   1            [1]
                                   0            

ff: found legal plan as follows

step    0: TURN_TO SATELLITE0 GROUNDSTATION93 STAR125
        1: SWITCH_ON INSTRUMENT2 SATELLITE0
        2: CALIBRATE SATELLITE0 INSTRUMENT2 GROUNDSTATION93
        3: TURN_TO SATELLITE0 PHENOMENON164 GROUNDSTATION93
        4: TURN_TO SATELLITE6 GROUNDSTATION142 STAR127
        5: TURN_TO SATELLITE9 GROUNDSTATION132 GROUNDSTATION158
        6: TAKE_IMAGE SATELLITE0 PHENOMENON164 INSTRUMENT2 SPECTROGRAPH2
        7: TURN_TO SATELLITE0 PHENOMENON165 PHENOMENON164
        8: TAKE_IMAGE SATELLITE0 PHENOMENON165 INSTRUMENT2 INFRARED3
        9: TURN_TO SATELLITE0 GROUNDSTATION27 PHENOMENON165
     

time spent:    0.00 seconds instantiating 300608 easy, 0 hard action templates
               0.04 seconds reachability analysis, yielding 2636 facts and 300608 actions
               0.05 seconds creating final representation with 2636 relevant facts, 0 relevant fluents
               0.35 seconds computing LNF
               0.12 seconds building connectivity graph
               0.40 seconds searching, evaluating 20 states, to a max depth of 1
               0.96 seconds total time

