
ff: parsing domain file
domain 'SATELLITE' defined
 ... done.
ff: parsing problem file
problem 'STRIPS-SAT-X-1' defined
 ... done.


no metric specified. plan length assumed.

checking for cyclic := effects --- OK.

ff: search configuration is EHC, if that fails then  best-first on 1*g(s) + 5*h(s) where
    metric is  plan length

Cueing down from goal distance:   13 into depth [1]
                                  12            [1]
                                  11            [1]
                                  10            [1]
                                   9            [1]
                                   8            [1]
                                   7            [1]
                                   6            [1]
                                   5            [1]
                                   4            [1][2]
                                   3            [1]
                                   2            [1]
                                   1            [1]
                                   0            

ff: found legal plan as follows

step    0: TURN_TO SATELLITE0 STAR21 GROUNDSTATION42
        1: SWITCH_ON INSTRUMENT1 SATELLITE0
        2: CALIBRATE SATELLITE0 INSTRUMENT1 STAR21
        3: TURN_TO SATELLITE0 PHENOMENON164 STAR21
        4: SWITCH_ON INSTRUMENT21 SATELLITE4
        5: TURN_TO SATELLITE3 GROUNDSTATION67 GROUNDSTATION140
        6: TURN_TO SATELLITE6 GROUNDSTATION130 GROUNDSTATION89
        7: TURN_TO SATELLITE8 GROUNDSTATION142 GROUNDSTATION161
        8: TAKE_IMAGE SATELLITE0 PHENOMENON164 INSTRUMENT1 THERMOGRAPH0
        9: TURN_TO SATELLITE4 GROUNDSTATION150 PHENOMENON165
       10: CALIBRATE SATELLITE4 INSTRUMENT21 GROUNDSTATION150
       11: TURN_TO SATELLITE4 PHENOMENON165 GROUNDSTATION150
       12: TAKE_IMAGE SATELLITE4 PHENOMENON165 INSTRUMENT21 INFRARED3
       13: TURN_TO SATELLITE4 STAR59 PHENOMENON165
     

time spent:    0.00 seconds instantiating 297021 easy, 0 hard action templates
               0.04 seconds reachability analysis, yielding 2618 facts and 297021 actions
               0.05 seconds creating final representation with 2618 relevant facts, 0 relevant fluents
               0.40 seconds computing LNF
               0.13 seconds building connectivity graph
               0.60 seconds searching, evaluating 28 states, to a max depth of 2
               1.22 seconds total time

