
ff: parsing domain file
domain 'SATELLITE' defined
 ... done.
ff: parsing problem file
problem 'STRIPS-SAT-X-1' defined
 ... done.


no metric specified. plan length assumed.

checking for cyclic := effects --- OK.

ff: search configuration is EHC, if that fails then  best-first on 1*g(s) + 5*h(s) where
    metric is  plan length

Cueing down from goal distance:   15 into depth [1]
                                  14            [1]
                                  13            [1]
                                  12            [1]
                                  11            [1]
                                  10            [1]
                                   9            [1]
                                   8            [1]
                                   7            [1]
                                   6            [1]
                                   5            [1]
                                   4            [1]
                                   3            [1]
                                   2            [1]
                                   1            [1]
                                   0            

ff: found legal plan as follows

step    0: TURN_TO SATELLITE0 STAR160 GROUNDSTATION94
        1: SWITCH_ON INSTRUMENT0 SATELLITE0
        2: TURN_TO SATELLITE2 STAR118 STAR109
        3: CALIBRATE SATELLITE0 INSTRUMENT0 STAR160
        4: TURN_TO SATELLITE0 PLANET164 STAR160
        5: SWITCH_ON INSTRUMENT7 SATELLITE2
        6: CALIBRATE SATELLITE2 INSTRUMENT7 STAR118
        7: TURN_TO SATELLITE2 STAR165 STAR118
        8: TURN_TO SATELLITE1 GROUNDSTATION38 GROUNDSTATION12
        9: TURN_TO SATELLITE5 GROUNDSTATION154 GROUNDSTATION33
       10: TURN_TO SATELLITE8 STAR78 STAR131
       11: TURN_TO SATELLITE9 STAR142 GROUNDSTATION133
       12: TAKE_IMAGE SATELLITE0 PLANET164 INSTRUMENT0 THERMOGRAPH0
       13: TAKE_IMAGE SATELLITE2 STAR165 INSTRUMENT7 THERMOGRAPH2
       14: TURN_TO SATELLITE2 STAR17 STAR165
     

time spent:    0.01 seconds instantiating 296954 easy, 0 hard action templates
               0.02 seconds reachability analysis, yielding 2622 facts and 296954 actions
               0.05 seconds creating final representation with 2622 relevant facts, 0 relevant fluents
               0.34 seconds computing LNF
               0.11 seconds building connectivity graph
               0.35 seconds searching, evaluating 22 states, to a max depth of 1
               0.88 seconds total time

