
ff: parsing domain file
domain 'BLOCKS' defined
 ... done.
ff: parsing problem file
problem 'PB1' defined
 ... done.


no metric specified. plan length assumed.

checking for cyclic := effects --- OK.

ff: search configuration is EHC, if that fails then  best-first on 1*g(s) + 5*h(s) where
    metric is  plan length

Cueing down from goal distance:   38 into depth [1][2][3]
                                  37            [1]
                                  36            [1]
                                  35            [1]
                                  34            [1][2][3][4][5][6][7]
                                  33            [1]
                                  32            [1][2][3]
                                  31            [1][2][3][4][5]
                                  30            [1]
                                  29            [1]
                                  28            [1]
                                  27            [1][2][3][4][5][6]
                                  26            [1][2][3][4][5]
                                  25            [1]
                                  24            [1]
                                  23            [1][2]
                                  22            [1]
                                  21            [1]
                                  20            [1][2][3]
                                  19            [1][2][3][4][5]
                                  18            [1][2]
                                  16            [1][2][3][4][5][6][7]
                                  15            [1][2]
                                  14            [1]
                                  13            [1]
                                  12            [1][2][3][4][5][6]
                                  11            [1]
                                  10            [1]
                                   9            [1]
                                   8            [1][2][3][4]
                                   7            [1][2]
                                   5            [1]
                                   4            [1][2][3][4][5][6]
                                   3            [1]
                                   2            [1]
                                   1            [1]
                                   0            

ff: found legal plan as follows

step    0: UNSTACK BLOCK17 BLOCK9
        1: STACK BLOCK17 BLOCK8
        2: UNSTACK BLOCK9 BLOCK3
        3: PUT-DOWN BLOCK9
        4: UNSTACK BLOCK3 BLOCK4
        5: STACK BLOCK3 BLOCK9
        6: UNSTACK BLOCK1 BLOCK7
        7: STACK BLOCK1 BLOCK4
        8: UNSTACK BLOCK17 BLOCK8
        9: STACK BLOCK17 BLOCK3
       10: UNSTACK BLOCK8 BLOCK20
       11: STACK BLOCK8 BLOCK17
       12: UNSTACK BLOCK20 BLOCK14
       13: STACK BLOCK20 BLOCK7
       14: UNSTACK BLOCK14 BLOCK5
       15: STACK BLOCK14 BLOCK8
       16: UNSTACK BLOCK5 BLOCK12
       17: STACK BLOCK5 BLOCK20
       18: UNSTACK BLOCK1 BLOCK4
       19: STACK BLOCK1 BLOCK5
       20: UNSTACK BLOCK14 BLOCK8
       21: STACK BLOCK14 BLOCK12
       22: UNSTACK BLOCK4 BLOCK13
       23: STACK BLOCK4 BLOCK14
       24: UNSTACK BLOCK13 BLOCK18
       25: STACK BLOCK13 BLOCK4
       26: UNSTACK BLOCK8 BLOCK17
       27: STACK BLOCK8 BLOCK13
       28: UNSTACK BLOCK18 BLOCK16
       29: STACK BLOCK18 BLOCK17
       30: UNSTACK BLOCK16 BLOCK2
       31: STACK BLOCK16 BLOCK1
       32: UNSTACK BLOCK2 BLOCK19
       33: PUT-DOWN BLOCK2
       34: UNSTACK BLOCK8 BLOCK13
       35: STACK BLOCK8 BLOCK18
       36: UNSTACK BLOCK13 BLOCK4
       37: STACK BLOCK13 BLOCK2
       38: UNSTACK BLOCK19 BLOCK6
       39: STACK BLOCK19 BLOCK16
       40: UNSTACK BLOCK4 BLOCK14
       41: STACK BLOCK4 BLOCK6
       42: UNSTACK BLOCK14 BLOCK12
       43: STACK BLOCK14 BLOCK19
       44: PICK-UP BLOCK12
       45: STACK BLOCK12 BLOCK13
       46: UNSTACK BLOCK14 BLOCK19
       47: STACK BLOCK14 BLOCK12
       48: UNSTACK BLOCK4 BLOCK6
       49: STACK BLOCK4 BLOCK19
       50: UNSTACK BLOCK6 BLOCK11
       51: STACK BLOCK6 BLOCK14
       52: UNSTACK BLOCK4 BLOCK19
       53: STACK BLOCK4 BLOCK6
       54: UNSTACK BLOCK11 BLOCK15
       55: STACK BLOCK11 BLOCK19
       56: UNSTACK BLOCK15 BLOCK10
       57: PUT-DOWN BLOCK15
       58: PICK-UP BLOCK10
       59: STACK BLOCK10 BLOCK11
       60: UNSTACK BLOCK4 BLOCK6
       61: STACK BLOCK4 BLOCK10
       62: UNSTACK BLOCK6 BLOCK14
       63: STACK BLOCK6 BLOCK15
       64: UNSTACK BLOCK4 BLOCK10
       65: STACK BLOCK4 BLOCK6
       66: UNSTACK BLOCK10 BLOCK11
       67: STACK BLOCK10 BLOCK4
       68: UNSTACK BLOCK8 BLOCK18
       69: STACK BLOCK8 BLOCK11
       70: UNSTACK BLOCK18 BLOCK17
       71: STACK BLOCK18 BLOCK10
       72: UNSTACK BLOCK8 BLOCK11
       73: STACK BLOCK8 BLOCK18
       74: UNSTACK BLOCK17 BLOCK3
       75: STACK BLOCK17 BLOCK14
       76: UNSTACK BLOCK11 BLOCK19
       77: STACK BLOCK11 BLOCK17
       78: UNSTACK BLOCK19 BLOCK16
       79: STACK BLOCK19 BLOCK3
       80: UNSTACK BLOCK11 BLOCK17
       81: STACK BLOCK11 BLOCK19
       82: UNSTACK BLOCK17 BLOCK14
       83: STACK BLOCK17 BLOCK11
     

time spent:    0.00 seconds instantiating 840 easy, 0 hard action templates
               0.00 seconds reachability analysis, yielding 461 facts and 840 actions
               0.00 seconds creating final representation with 461 relevant facts, 0 relevant fluents
               0.00 seconds computing LNF
               0.00 seconds building connectivity graph
               0.10 seconds searching, evaluating 5111 states, to a max depth of 7
               0.10 seconds total time

