
ff: parsing domain file
domain 'SATELLITE' defined
 ... done.
ff: parsing problem file
problem 'STRIPS-SAT-X-1' defined
 ... done.


no metric specified. plan length assumed.

checking for cyclic := effects --- OK.

ff: search configuration is EHC, if that fails then  best-first on 1*g(s) + 5*h(s) where
    metric is  plan length

Cueing down from goal distance:   12 into depth [1]
                                  11            [1]
                                  10            [1]
                                   9            [1]
                                   8            [1]
                                   7            [1]
                                   6            [1]
                                   5            [1]
                                   4            [1]
                                   3            [1]
                                   2            [1]
                                   1            [1]
                                   0            

ff: found legal plan as follows

step    0: TURN_TO SATELLITE2 GROUNDSTATION28 GROUNDSTATION52
        1: SWITCH_ON INSTRUMENT1 SATELLITE0
        2: CALIBRATE SATELLITE0 INSTRUMENT1 STAR16
        3: TURN_TO SATELLITE0 PHENOMENON100 STAR16
        4: SWITCH_ON INSTRUMENT4 SATELLITE2
        5: CALIBRATE SATELLITE2 INSTRUMENT4 GROUNDSTATION28
        6: TURN_TO SATELLITE2 STAR101 GROUNDSTATION28
        7: TURN_TO SATELLITE3 GROUNDSTATION87 GROUNDSTATION76
        8: TURN_TO SATELLITE4 STAR98 GROUNDSTATION65
        9: TURN_TO SATELLITE9 GROUNDSTATION50 GROUNDSTATION30
       10: TAKE_IMAGE SATELLITE0 PHENOMENON100 INSTRUMENT1 IMAGE3
       11: TAKE_IMAGE SATELLITE2 STAR101 INSTRUMENT4 INFRARED0
     

time spent:    0.00 seconds instantiating 113382 easy, 0 hard action templates
               0.01 seconds reachability analysis, yielding 1626 facts and 113382 actions
               0.01 seconds creating final representation with 1626 relevant facts, 0 relevant fluents
               0.14 seconds computing LNF
               0.04 seconds building connectivity graph
               0.05 seconds searching, evaluating 13 states, to a max depth of 1
               0.25 seconds total time

