
ff: parsing domain file
domain 'SATELLITE' defined
 ... done.
ff: parsing problem file
problem 'STRIPS-SAT-X-1' defined
 ... done.


no metric specified. plan length assumed.

checking for cyclic := effects --- OK.

ff: search configuration is EHC, if that fails then  best-first on 1*g(s) + 5*h(s) where
    metric is  plan length

Cueing down from goal distance:   12 into depth [1]
                                  11            [1]
                                  10            [1]
                                   9            [1]
                                   8            [1]
                                   7            [1]
                                   6            [1]
                                   5            [1]
                                   4            [1]
                                   3            [1]
                                   2            [1]
                                   1            [1]
                                   0            

ff: found legal plan as follows

step    0: TURN_TO SATELLITE0 STAR43 STAR72
        1: TURN_TO SATELLITE1 STAR28 GROUNDSTATION89
        2: SWITCH_ON INSTRUMENT0 SATELLITE0
        3: CALIBRATE SATELLITE0 INSTRUMENT0 STAR43
        4: TURN_TO SATELLITE0 PHENOMENON100 STAR43
        5: SWITCH_ON INSTRUMENT2 SATELLITE1
        6: CALIBRATE SATELLITE1 INSTRUMENT2 STAR28
        7: TURN_TO SATELLITE1 STAR101 STAR28
        8: TURN_TO SATELLITE2 STAR87 GROUNDSTATION79
        9: TAKE_IMAGE SATELLITE0 PHENOMENON100 INSTRUMENT0 THERMOGRAPH0
       10: TURN_TO SATELLITE0 STAR84 PHENOMENON100
       11: TAKE_IMAGE SATELLITE1 STAR101 INSTRUMENT2 INFRARED1
     

time spent:    0.00 seconds instantiating 115885 easy, 0 hard action templates
               0.01 seconds reachability analysis, yielding 1650 facts and 115885 actions
               0.02 seconds creating final representation with 1650 relevant facts, 0 relevant fluents
               0.13 seconds computing LNF
               0.05 seconds building connectivity graph
               0.07 seconds searching, evaluating 15 states, to a max depth of 1
               0.28 seconds total time

