
ff: parsing domain file
domain 'SATELLITE' defined
 ... done.
ff: parsing problem file
problem 'STRIPS-SAT-X-1' defined
 ... done.


no metric specified. plan length assumed.

checking for cyclic := effects --- OK.

ff: search configuration is EHC, if that fails then  best-first on 1*g(s) + 5*h(s) where
    metric is  plan length

Cueing down from goal distance:    8 into depth [1]
                                   7            [1]
                                   6            [1]
                                   5            [1]
                                   4            [1]
                                   3            [1]
                                   2            [1]
                                   1            [1]
                                   0            

ff: found legal plan as follows

step    0: SWITCH_ON INSTRUMENT2 SATELLITE0
        1: CALIBRATE SATELLITE0 INSTRUMENT2 STAR41
        2: TURN_TO SATELLITE0 PLANET101 STAR41
        3: TURN_TO SATELLITE3 GROUNDSTATION57 GROUNDSTATION49
        4: TURN_TO SATELLITE7 GROUNDSTATION21 GROUNDSTATION32
        5: TURN_TO SATELLITE8 GROUNDSTATION61 STAR79
        6: TURN_TO SATELLITE9 GROUNDSTATION64 GROUNDSTATION77
        7: TAKE_IMAGE SATELLITE0 PLANET101 INSTRUMENT2 SPECTROGRAPH3
     

time spent:    0.00 seconds instantiating 113292 easy, 0 hard action templates
               0.01 seconds reachability analysis, yielding 1630 facts and 113292 actions
               0.02 seconds creating final representation with 1630 relevant facts, 0 relevant fluents
               0.14 seconds computing LNF
               0.05 seconds building connectivity graph
               0.02 seconds searching, evaluating 9 states, to a max depth of 1
               0.24 seconds total time

