
ff: parsing domain file
domain 'SATELLITE' defined
 ... done.
ff: parsing problem file
problem 'STRIPS-SAT-X-1' defined
 ... done.


no metric specified. plan length assumed.

checking for cyclic := effects --- OK.

ff: search configuration is EHC, if that fails then  best-first on 1*g(s) + 5*h(s) where
    metric is  plan length

Cueing down from goal distance:   11 into depth [1]
                                  10            [1]
                                   9            [1]
                                   8            [1]
                                   7            [1]
                                   6            [1]
                                   5            [1]
                                   4            [1]
                                   3            [1]
                                   2            [1]
                                   1            [1]
                                   0            

ff: found legal plan as follows

step    0: TURN_TO SATELLITE0 STAR21 GROUNDSTATION13
        1: SWITCH_ON INSTRUMENT2 SATELLITE0
        2: CALIBRATE SATELLITE0 INSTRUMENT2 STAR21
        3: TURN_TO SATELLITE0 PLANET37 STAR21
        4: TURN_TO SATELLITE6 STAR33 GROUNDSTATION30
        5: TURN_TO SATELLITE7 STAR24 STAR16
        6: TURN_TO SATELLITE8 STAR1 STAR5
        7: TAKE_IMAGE SATELLITE0 PLANET37 INSTRUMENT2 THERMOGRAPH1
        8: TURN_TO SATELLITE0 STAR38 PLANET37
        9: TAKE_IMAGE SATELLITE0 STAR38 INSTRUMENT2 THERMOGRAPH2
       10: TURN_TO SATELLITE0 GROUNDSTATION30 STAR38
     

time spent:    0.00 seconds instantiating 19308 easy, 0 hard action templates
               0.00 seconds reachability analysis, yielding 687 facts and 19308 actions
               0.00 seconds creating final representation with 687 relevant facts, 0 relevant fluents
               0.03 seconds computing LNF
               0.00 seconds building connectivity graph
               0.01 seconds searching, evaluating 23 states, to a max depth of 1
               0.04 seconds total time

