
ff: parsing domain file
domain 'SATELLITE' defined
 ... done.
ff: parsing problem file
problem 'STRIPS-SAT-X-1' defined
 ... done.


no metric specified. plan length assumed.

checking for cyclic := effects --- OK.

ff: search configuration is EHC, if that fails then  best-first on 1*g(s) + 5*h(s) where
    metric is  plan length

Cueing down from goal distance:   15 into depth [1]
                                  14            [1]
                                  13            [1]
                                  12            [1]
                                  11            [1]
                                  10            [1]
                                   9            [1]
                                   8            [1]
                                   7            [1]
                                   6            [1]
                                   5            [1]
                                   4            [1]
                                   3            [1]
                                   2            [1]
                                   1            [1]
                                   0            

ff: found legal plan as follows

step    0: TURN_TO SATELLITE1 GROUNDSTATION0 GROUNDSTATION8
        1: SWITCH_ON INSTRUMENT9 SATELLITE1
        2: CALIBRATE SATELLITE1 INSTRUMENT9 GROUNDSTATION0
        3: TURN_TO SATELLITE1 PHENOMENON37 GROUNDSTATION0
        4: SWITCH_ON INSTRUMENT0 SATELLITE0
        5: CALIBRATE SATELLITE0 INSTRUMENT0 STAR31
        6: TURN_TO SATELLITE0 STAR38 STAR31
        7: TURN_TO SATELLITE2 STAR38 STAR25
        8: TURN_TO SATELLITE3 GROUNDSTATION9 GROUNDSTATION10
        9: TURN_TO SATELLITE4 STAR14 GROUNDSTATION5
       10: TURN_TO SATELLITE6 STAR33 GROUNDSTATION20
       11: TURN_TO SATELLITE9 STAR4 GROUNDSTATION2
       12: TAKE_IMAGE SATELLITE1 PHENOMENON37 INSTRUMENT9 INFRARED3
       13: TURN_TO SATELLITE1 GROUNDSTATION26 PHENOMENON37
       14: TAKE_IMAGE SATELLITE0 STAR38 INSTRUMENT0 IMAGE0
     

time spent:    0.00 seconds instantiating 19415 easy, 0 hard action templates
               0.00 seconds reachability analysis, yielding 691 facts and 19415 actions
               0.00 seconds creating final representation with 691 relevant facts, 0 relevant fluents
               0.02 seconds computing LNF
               0.01 seconds building connectivity graph
               0.01 seconds searching, evaluating 22 states, to a max depth of 1
               0.04 seconds total time

