
ff: parsing domain file
domain 'SATELLITE' defined
 ... done.
ff: parsing problem file
problem 'STRIPS-SAT-X-1' defined
 ... done.


no metric specified. plan length assumed.

checking for cyclic := effects --- OK.

ff: search configuration is EHC, if that fails then  best-first on 1*g(s) + 5*h(s) where
    metric is  plan length

Cueing down from goal distance:   10 into depth [1]
                                   9            [1]
                                   8            [1]
                                   7            [1]
                                   6            [1]
                                   5            [1]
                                   4            [1][2]
                                   3            [1]
                                   2            [1]
                                   1            [1]
                                   0            

ff: found legal plan as follows

step    0: TURN_TO SATELLITE0 STAR21 GROUNDSTATION18
        1: SWITCH_ON INSTRUMENT0 SATELLITE0
        2: CALIBRATE SATELLITE0 INSTRUMENT0 STAR21
        3: TURN_TO SATELLITE0 PHENOMENON37 STAR21
        4: SWITCH_ON INSTRUMENT57 SATELLITE9
        5: TAKE_IMAGE SATELLITE0 PHENOMENON37 INSTRUMENT0 INFRARED4
        6: TURN_TO SATELLITE9 STAR29 STAR38
        7: CALIBRATE SATELLITE9 INSTRUMENT57 STAR29
        8: TURN_TO SATELLITE9 STAR38 STAR29
        9: TAKE_IMAGE SATELLITE9 STAR38 INSTRUMENT57 SPECTROGRAPH0
       10: TURN_TO SATELLITE9 GROUNDSTATION0 STAR38
     

time spent:    0.00 seconds instantiating 19846 easy, 0 hard action templates
               0.00 seconds reachability analysis, yielding 711 facts and 19846 actions
               0.00 seconds creating final representation with 711 relevant facts, 0 relevant fluents
               0.02 seconds computing LNF
               0.00 seconds building connectivity graph
               0.02 seconds searching, evaluating 20 states, to a max depth of 2
               0.04 seconds total time

