
ff: parsing domain file
domain 'SATELLITE' defined
 ... done.
ff: parsing problem file
problem 'STRIPS-SAT-X-1' defined
 ... done.


no metric specified. plan length assumed.

checking for cyclic := effects --- OK.

ff: search configuration is EHC, if that fails then  best-first on 1*g(s) + 5*h(s) where
    metric is  plan length

Cueing down from goal distance:   15 into depth [1]
                                  13            [1]
                                  10            [1]
                                   9            [1]
                                   8            [1]
                                   7            [1]
                                   6            [1]
                                   5            [1]
                                   4            [1]
                                   3            [1]
                                   2            [1]
                                   1            [1]
                                   0            

ff: found legal plan as follows

step    0: TURN_TO SATELLITE0 STAR63 GROUNDSTATION65
        1: SWITCH_ON INSTRUMENT2 SATELLITE0
        2: CALIBRATE SATELLITE0 INSTRUMENT2 STAR63
        3: TURN_TO SATELLITE0 STAR74 STAR63
        4: TURN_TO SATELLITE2 GROUNDSTATION31 STAR32
        5: TURN_TO SATELLITE4 STAR39 GROUNDSTATION69
        6: TURN_TO SATELLITE7 STAR54 GROUNDSTATION44
        7: TURN_TO SATELLITE8 STAR50 GROUNDSTATION69
        8: TAKE_IMAGE SATELLITE0 STAR74 INSTRUMENT2 SPECTROGRAPH1
        9: TURN_TO SATELLITE0 PLANET75 STAR74
       10: TAKE_IMAGE SATELLITE0 PLANET75 INSTRUMENT2 SPECTROGRAPH2
       11: TURN_TO SATELLITE0 STAR25 PLANET75
     

time spent:    0.00 seconds instantiating 66511 easy, 0 hard action templates
               0.00 seconds reachability analysis, yielding 1258 facts and 66511 actions
               0.02 seconds creating final representation with 1258 relevant facts, 0 relevant fluents
               0.08 seconds computing LNF
               0.03 seconds building connectivity graph
               0.05 seconds searching, evaluating 25 states, to a max depth of 1
               0.18 seconds total time

