
ff: parsing domain file
domain 'SATELLITE' defined
 ... done.
ff: parsing problem file
problem 'STRIPS-SAT-X-1' defined
 ... done.


no metric specified. plan length assumed.

checking for cyclic := effects --- OK.

ff: search configuration is EHC, if that fails then  best-first on 1*g(s) + 5*h(s) where
    metric is  plan length

Cueing down from goal distance:   14 into depth [1]
                                  13            [1]
                                  12            [1]
                                  11            [1]
                                  10            [1]
                                   9            [1]
                                   8            [1]
                                   7            [1]
                                   6            [1]
                                   5            [1]
                                   4            [1]
                                   3            [1]
                                   2            [1]
                                   1            [1]
                                   0            

ff: found legal plan as follows

step    0: TURN_TO SATELLITE0 GROUNDSTATION3 GROUNDSTATION16
        1: SWITCH_ON INSTRUMENT1 SATELLITE0
        2: TURN_TO SATELLITE1 GROUNDSTATION23 GROUNDSTATION24
        3: CALIBRATE SATELLITE0 INSTRUMENT1 GROUNDSTATION3
        4: TURN_TO SATELLITE0 PLANET74 GROUNDSTATION3
        5: SWITCH_ON INSTRUMENT9 SATELLITE1
        6: CALIBRATE SATELLITE1 INSTRUMENT9 GROUNDSTATION23
        7: TURN_TO SATELLITE1 STAR75 GROUNDSTATION23
        8: TURN_TO SATELLITE2 GROUNDSTATION37 STAR47
        9: TURN_TO SATELLITE5 STAR43 STAR35
       10: TURN_TO SATELLITE6 STAR71 STAR19
       11: TURN_TO SATELLITE8 GROUNDSTATION2 STAR11
       12: TAKE_IMAGE SATELLITE0 PLANET74 INSTRUMENT1 IMAGE3
       13: TAKE_IMAGE SATELLITE1 STAR75 INSTRUMENT9 IMAGE0
     

time spent:    0.00 seconds instantiating 64407 easy, 0 hard action templates
               0.00 seconds reachability analysis, yielding 1230 facts and 64407 actions
               0.01 seconds creating final representation with 1230 relevant facts, 0 relevant fluents
               0.09 seconds computing LNF
               0.03 seconds building connectivity graph
               0.02 seconds searching, evaluating 16 states, to a max depth of 1
               0.15 seconds total time

