
ff: parsing domain file
domain 'SATELLITE' defined
 ... done.
ff: parsing problem file
problem 'STRIPS-SAT-X-1' defined
 ... done.


no metric specified. plan length assumed.

checking for cyclic := effects --- OK.

ff: search configuration is EHC, if that fails then  best-first on 1*g(s) + 5*h(s) where
    metric is  plan length

Cueing down from goal distance:   15 into depth [1]
                                  13            [1]
                                  12            [1]
                                  11            [1]
                                  10            [1]
                                   9            [1][2]
                                   8            [1]
                                   7            [1]
                                   6            [1]
                                   5            [1]
                                   4            [1]
                                   3            [1]
                                   2            [1]
                                   1            [1]
                                   0            

ff: found legal plan as follows

step    0: TURN_TO SATELLITE0 STAR37 GROUNDSTATION51
        1: TURN_TO SATELLITE2 STAR72 STAR70
        2: TURN_TO SATELLITE3 GROUNDSTATION61 STAR58
        3: TURN_TO SATELLITE7 STAR38 STAR52
        4: TURN_TO SATELLITE8 STAR4 GROUNDSTATION25
        5: SWITCH_ON INSTRUMENT1 SATELLITE0
        6: TURN_TO SATELLITE1 GROUNDSTATION34 STAR37
        7: CALIBRATE SATELLITE0 INSTRUMENT1 STAR37
        8: TURN_TO SATELLITE0 PHENOMENON74 STAR37
        9: SWITCH_ON INSTRUMENT6 SATELLITE1
       10: CALIBRATE SATELLITE1 INSTRUMENT6 GROUNDSTATION34
       11: TURN_TO SATELLITE1 PLANET75 GROUNDSTATION34
       12: TAKE_IMAGE SATELLITE0 PHENOMENON74 INSTRUMENT1 THERMOGRAPH2
       13: TURN_TO SATELLITE0 GROUNDSTATION63 PHENOMENON74
       14: TAKE_IMAGE SATELLITE1 PLANET75 INSTRUMENT6 SPECTROGRAPH0
     

time spent:    0.00 seconds instantiating 66706 easy, 0 hard action templates
               0.00 seconds reachability analysis, yielding 1246 facts and 66706 actions
               0.01 seconds creating final representation with 1246 relevant facts, 0 relevant fluents
               0.09 seconds computing LNF
               0.03 seconds building connectivity graph
               0.13 seconds searching, evaluating 41 states, to a max depth of 2
               0.26 seconds total time

