
ff: parsing domain file
domain 'SATELLITE' defined
 ... done.
ff: parsing problem file
problem 'STRIPS-SAT-X-1' defined
 ... done.


no metric specified. plan length assumed.

checking for cyclic := effects --- OK.

ff: search configuration is EHC, if that fails then  best-first on 1*g(s) + 5*h(s) where
    metric is  plan length

Cueing down from goal distance:   13 into depth [1]
                                  12            [1]
                                  11            [1]
                                  10            [1]
                                   9            [1]
                                   8            [1]
                                   7            [1]
                                   6            [1]
                                   5            [1]
                                   4            [1]
                                   3            [1]
                                   2            [1]
                                   1            [1]
                                   0            

ff: found legal plan as follows

step    0: TURN_TO SATELLITE0 GROUNDSTATION60 STAR29
        1: SWITCH_ON INSTRUMENT4 SATELLITE0
        2: CALIBRATE SATELLITE0 INSTRUMENT4 GROUNDSTATION60
        3: TURN_TO SATELLITE0 STAR74 GROUNDSTATION60
        4: TURN_TO SATELLITE2 GROUNDSTATION30 STAR37
        5: TURN_TO SATELLITE4 GROUNDSTATION30 STAR39
        6: TURN_TO SATELLITE6 STAR52 GROUNDSTATION30
        7: TURN_TO SATELLITE7 STAR62 STAR39
        8: TURN_TO SATELLITE8 STAR45 GROUNDSTATION40
        9: TURN_TO SATELLITE9 GROUNDSTATION33 GROUNDSTATION60
       10: TAKE_IMAGE SATELLITE0 STAR74 INSTRUMENT4 THERMOGRAPH0
       11: TURN_TO SATELLITE0 PLANET75 STAR74
       12: TAKE_IMAGE SATELLITE0 PLANET75 INSTRUMENT4 THERMOGRAPH1
     

time spent:    0.00 seconds instantiating 67181 easy, 0 hard action templates
               0.00 seconds reachability analysis, yielding 1260 facts and 67181 actions
               0.01 seconds creating final representation with 1260 relevant facts, 0 relevant fluents
               0.09 seconds computing LNF
               0.03 seconds building connectivity graph
               0.06 seconds searching, evaluating 23 states, to a max depth of 1
               0.19 seconds total time

