
ff: parsing domain file
domain 'SATELLITE' defined
 ... done.
ff: parsing problem file
problem 'STRIPS-SAT-X-1' defined
 ... done.


no metric specified. plan length assumed.

checking for cyclic := effects --- OK.

ff: search configuration is EHC, if that fails then  best-first on 1*g(s) + 5*h(s) where
    metric is  plan length

Cueing down from goal distance:   11 into depth [1]
                                  10            [1]
                                   9            [1]
                                   8            [1]
                                   7            [1]
                                   6            [1]
                                   5            [1]
                                   4            [1]
                                   3            [1]
                                   2            [1]
                                   1            [1]
                                   0            

ff: found legal plan as follows

step    0: TURN_TO SATELLITE1 STAR39 GROUNDSTATION13
        1: SWITCH_ON INSTRUMENT0 SATELLITE0
        2: CALIBRATE SATELLITE0 INSTRUMENT0 GROUNDSTATION94
        3: TURN_TO SATELLITE0 STAR102 GROUNDSTATION94
        4: SWITCH_ON INSTRUMENT3 SATELLITE1
        5: CALIBRATE SATELLITE1 INSTRUMENT3 STAR39
        6: TURN_TO SATELLITE1 PHENOMENON103 STAR39
        7: TURN_TO SATELLITE4 STAR57 GROUNDSTATION34
        8: TURN_TO SATELLITE5 GROUNDSTATION6 STAR66
        9: TAKE_IMAGE SATELLITE0 STAR102 INSTRUMENT0 IMAGE1
       10: TAKE_IMAGE SATELLITE1 PHENOMENON103 INSTRUMENT3 INFRARED2
     

time spent:    0.00 seconds instantiating 119841 easy, 0 hard action templates
               0.01 seconds reachability analysis, yielding 1678 facts and 119841 actions
               0.02 seconds creating final representation with 1678 relevant facts, 0 relevant fluents
               0.14 seconds computing LNF
               0.05 seconds building connectivity graph
               0.07 seconds searching, evaluating 12 states, to a max depth of 1
               0.29 seconds total time

