
ff: parsing domain file
domain 'SATELLITE' defined
 ... done.
ff: parsing problem file
problem 'STRIPS-SAT-X-1' defined
 ... done.


no metric specified. plan length assumed.

checking for cyclic := effects --- OK.

ff: search configuration is EHC, if that fails then  best-first on 1*g(s) + 5*h(s) where
    metric is  plan length

Cueing down from goal distance:    8 into depth [1]
                                   7            [1]
                                   6            [1]
                                   5            [1]
                                   4            [1]
                                   3            [1]
                                   2            [1]
                                   1            [1]
                                   0            

ff: found legal plan as follows

step    0: TURN_TO SATELLITE0 STAR48 GROUNDSTATION13
        1: SWITCH_ON INSTRUMENT1 SATELLITE0
        2: CALIBRATE SATELLITE0 INSTRUMENT1 STAR48
        3: TURN_TO SATELLITE0 PLANET103 STAR48
        4: TURN_TO SATELLITE1 STAR73 GROUNDSTATION89
        5: TURN_TO SATELLITE3 GROUNDSTATION62 STAR75
        6: TURN_TO SATELLITE9 STAR82 GROUNDSTATION8
        7: TAKE_IMAGE SATELLITE0 PLANET103 INSTRUMENT1 INFRARED4
     

time spent:    0.00 seconds instantiating 121503 easy, 0 hard action templates
               0.01 seconds reachability analysis, yielding 1694 facts and 121503 actions
               0.03 seconds creating final representation with 1694 relevant facts, 0 relevant fluents
               0.15 seconds computing LNF
               0.06 seconds building connectivity graph
               0.04 seconds searching, evaluating 9 states, to a max depth of 1
               0.29 seconds total time

