
ff: parsing domain file
domain 'SATELLITE' defined
 ... done.
ff: parsing problem file
problem 'STRIPS-SAT-X-1' defined
 ... done.


no metric specified. plan length assumed.

checking for cyclic := effects --- OK.

ff: search configuration is EHC, if that fails then  best-first on 1*g(s) + 5*h(s) where
    metric is  plan length

Cueing down from goal distance:   11 into depth [1]
                                  10            [1]
                                   9            [1]
                                   8            [1]
                                   7            [1]
                                   6            [1]
                                   5            [1]
                                   4            [1]
                                   3            [1]
                                   2            [1]
                                   1            [1]
                                   0            

ff: found legal plan as follows

step    0: TURN_TO SATELLITE0 GROUNDSTATION94 GROUNDSTATION87
        1: SWITCH_ON INSTRUMENT0 SATELLITE0
        2: CALIBRATE SATELLITE0 INSTRUMENT0 GROUNDSTATION94
        3: TURN_TO SATELLITE0 STAR102 GROUNDSTATION94
        4: TURN_TO SATELLITE1 GROUNDSTATION93 STAR10
        5: TURN_TO SATELLITE2 STAR27 STAR22
        6: TURN_TO SATELLITE3 GROUNDSTATION24 STAR95
        7: TURN_TO SATELLITE5 STAR38 STAR43
        8: TURN_TO SATELLITE6 STAR57 STAR55
        9: TURN_TO SATELLITE7 GROUNDSTATION94 GROUNDSTATION29
       10: TAKE_IMAGE SATELLITE0 STAR102 INSTRUMENT0 INFRARED3
     

time spent:    0.00 seconds instantiating 121697 easy, 0 hard action templates
               0.01 seconds reachability analysis, yielding 1680 facts and 121697 actions
               0.03 seconds creating final representation with 1680 relevant facts, 0 relevant fluents
               0.14 seconds computing LNF
               0.06 seconds building connectivity graph
               0.03 seconds searching, evaluating 12 states, to a max depth of 1
               0.27 seconds total time

