
ff: parsing domain file
domain 'SATELLITE' defined
 ... done.
ff: parsing problem file
problem 'STRIPS-SAT-X-1' defined
 ... done.


no metric specified. plan length assumed.

checking for cyclic := effects --- OK.

ff: search configuration is EHC, if that fails then  best-first on 1*g(s) + 5*h(s) where
    metric is  plan length

Cueing down from goal distance:   11 into depth [1]
                                  10            [1]
                                   9            [1]
                                   8            [1]
                                   7            [1]
                                   6            [1]
                                   5            [1]
                                   4            [1]
                                   3            [1][2]
                                   2            [1]
                                   1            [1]
                                   0            

ff: found legal plan as follows

step    0: TURN_TO SATELLITE0 STAR98 GROUNDSTATION99
        1: SWITCH_ON INSTRUMENT49 SATELLITE7
        2: SWITCH_ON INSTRUMENT0 SATELLITE0
        3: CALIBRATE SATELLITE0 INSTRUMENT0 STAR98
        4: TURN_TO SATELLITE0 PHENOMENON103 STAR98
        5: TURN_TO SATELLITE1 GROUNDSTATION77 GROUNDSTATION60
        6: TURN_TO SATELLITE2 GROUNDSTATION32 STAR31
        7: TAKE_IMAGE SATELLITE0 PHENOMENON103 INSTRUMENT0 THERMOGRAPH4
        8: TURN_TO SATELLITE7 GROUNDSTATION32 STAR102
        9: CALIBRATE SATELLITE7 INSTRUMENT49 GROUNDSTATION32
       10: TURN_TO SATELLITE7 STAR102 GROUNDSTATION32
       11: TAKE_IMAGE SATELLITE7 STAR102 INSTRUMENT49 THERMOGRAPH0
     

time spent:    0.00 seconds instantiating 124280 easy, 0 hard action templates
               0.01 seconds reachability analysis, yielding 1714 facts and 124280 actions
               0.02 seconds creating final representation with 1714 relevant facts, 0 relevant fluents
               0.16 seconds computing LNF
               0.06 seconds building connectivity graph
               0.19 seconds searching, evaluating 21 states, to a max depth of 2
               0.44 seconds total time

