
ff: parsing domain file
domain 'SATELLITE' defined
 ... done.
ff: parsing problem file
problem 'STRIPS-SAT-X-1' defined
 ... done.


no metric specified. plan length assumed.

checking for cyclic := effects --- OK.

ff: search configuration is EHC, if that fails then  best-first on 1*g(s) + 5*h(s) where
    metric is  plan length

Cueing down from goal distance:   12 into depth [1]
                                  11            [1]
                                  10            [1]
                                   9            [1]
                                   8            [1]
                                   7            [1]
                                   6            [1]
                                   5            [1]
                                   4            [1]
                                   3            [1]
                                   2            [1]
                                   1            [1]
                                   0            

ff: found legal plan as follows

step    0: TURN_TO SATELLITE0 STAR49 GROUNDSTATION66
        1: SWITCH_ON INSTRUMENT0 SATELLITE0
        2: CALIBRATE SATELLITE0 INSTRUMENT0 STAR49
        3: TURN_TO SATELLITE0 PHENOMENON102 STAR49
        4: TURN_TO SATELLITE1 GROUNDSTATION79 STAR54
        5: TURN_TO SATELLITE4 STAR103 GROUNDSTATION45
        6: TURN_TO SATELLITE5 STAR61 STAR77
        7: TURN_TO SATELLITE7 GROUNDSTATION57 GROUNDSTATION87
        8: TAKE_IMAGE SATELLITE0 PHENOMENON102 INSTRUMENT0 THERMOGRAPH1
        9: TURN_TO SATELLITE0 STAR103 PHENOMENON102
       10: TAKE_IMAGE SATELLITE0 STAR103 INSTRUMENT0 INFRARED3
       11: TURN_TO SATELLITE0 STAR34 STAR103
     

time spent:    0.00 seconds instantiating 119961 easy, 0 hard action templates
               0.01 seconds reachability analysis, yielding 1674 facts and 119961 actions
               0.02 seconds creating final representation with 1674 relevant facts, 0 relevant fluents
               0.15 seconds computing LNF
               0.05 seconds building connectivity graph
               0.14 seconds searching, evaluating 26 states, to a max depth of 1
               0.37 seconds total time

