
ff: parsing domain file
domain 'SATELLITE' defined
 ... done.
ff: parsing problem file
problem 'STRIPS-SAT-X-1' defined
 ... done.


no metric specified. plan length assumed.

checking for cyclic := effects --- OK.

ff: search configuration is EHC, if that fails then  best-first on 1*g(s) + 5*h(s) where
    metric is  plan length

Cueing down from goal distance:   17 into depth [1]
                                  16            [1]
                                  15            [1]
                                  14            [1]
                                  13            [1]
                                  12            [1]
                                  11            [1]
                                  10            [1]
                                   9            [1]
                                   8            [1]
                                   7            [1]
                                   6            [1]
                                   5            [1]
                                   4            [1]
                                   3            [1]
                                   2            [1]
                                   1            [1]
                                   0            

ff: found legal plan as follows

step    0: TURN_TO SATELLITE0 STAR29 STAR0
        1: TURN_TO SATELLITE1 STAR29 STAR52
        2: SWITCH_ON INSTRUMENT0 SATELLITE0
        3: CALIBRATE SATELLITE0 INSTRUMENT0 STAR29
        4: TURN_TO SATELLITE0 STAR55 STAR29
        5: SWITCH_ON INSTRUMENT11 SATELLITE1
        6: CALIBRATE SATELLITE1 INSTRUMENT11 STAR29
        7: TURN_TO SATELLITE1 STAR56 STAR29
        8: TURN_TO SATELLITE2 STAR52 GROUNDSTATION46
        9: TURN_TO SATELLITE4 GROUNDSTATION31 STAR30
       10: TURN_TO SATELLITE5 STAR19 STAR43
       11: TURN_TO SATELLITE7 STAR7 GROUNDSTATION17
       12: TURN_TO SATELLITE8 GROUNDSTATION21 GROUNDSTATION33
       13: TURN_TO SATELLITE9 STAR30 GROUNDSTATION42
       14: TAKE_IMAGE SATELLITE0 STAR55 INSTRUMENT0 INFRARED3
       15: TURN_TO SATELLITE0 GROUNDSTATION28 STAR55
       16: TAKE_IMAGE SATELLITE1 STAR56 INSTRUMENT11 SPECTROGRAPH1
     

time spent:    0.00 seconds instantiating 40157 easy, 0 hard action templates
               0.00 seconds reachability analysis, yielding 991 facts and 40157 actions
               0.00 seconds creating final representation with 991 relevant facts, 0 relevant fluents
               0.05 seconds computing LNF
               0.02 seconds building connectivity graph
               0.02 seconds searching, evaluating 25 states, to a max depth of 1
               0.09 seconds total time

