
ff: parsing domain file
domain 'SATELLITE' defined
 ... done.
ff: parsing problem file
problem 'STRIPS-SAT-X-1' defined
 ... done.


no metric specified. plan length assumed.

checking for cyclic := effects --- OK.

ff: search configuration is EHC, if that fails then  best-first on 1*g(s) + 5*h(s) where
    metric is  plan length

Cueing down from goal distance:   15 into depth [1]
                                  14            [1]
                                  13            [1]
                                  12            [1]
                                  11            [1]
                                  10            [1]
                                   9            [1]
                                   8            [1]
                                   7            [1]
                                   6            [1]
                                   5            [1]
                                   4            [1]
                                   3            [1]
                                   2            [1]
                                   1            [1]
                                   0            

ff: found legal plan as follows

step    0: TURN_TO SATELLITE0 GROUNDSTATION46 GROUNDSTATION36
        1: SWITCH_ON INSTRUMENT2 SATELLITE0
        2: TURN_TO SATELLITE3 STAR20 STAR4
        3: CALIBRATE SATELLITE0 INSTRUMENT2 GROUNDSTATION46
        4: TURN_TO SATELLITE0 PLANET55 GROUNDSTATION46
        5: SWITCH_ON INSTRUMENT13 SATELLITE3
        6: CALIBRATE SATELLITE3 INSTRUMENT13 STAR20
        7: TURN_TO SATELLITE3 STAR56 STAR20
        8: TURN_TO SATELLITE2 STAR52 GROUNDSTATION40
        9: TURN_TO SATELLITE4 STAR47 GROUNDSTATION15
       10: TURN_TO SATELLITE6 GROUNDSTATION8 STAR27
       11: TURN_TO SATELLITE8 STAR43 GROUNDSTATION35
       12: TAKE_IMAGE SATELLITE0 PLANET55 INSTRUMENT2 SPECTROGRAPH0
       13: TURN_TO SATELLITE0 STAR18 PLANET55
       14: TAKE_IMAGE SATELLITE3 STAR56 INSTRUMENT13 SPECTROGRAPH4
     

time spent:    0.00 seconds instantiating 39982 easy, 0 hard action templates
               0.00 seconds reachability analysis, yielding 981 facts and 39982 actions
               0.01 seconds creating final representation with 981 relevant facts, 0 relevant fluents
               0.05 seconds computing LNF
               0.02 seconds building connectivity graph
               0.02 seconds searching, evaluating 22 states, to a max depth of 1
               0.10 seconds total time

