
ff: parsing domain file
domain 'SATELLITE' defined
 ... done.
ff: parsing problem file
problem 'STRIPS-SAT-X-1' defined
 ... done.


no metric specified. plan length assumed.

checking for cyclic := effects --- OK.

ff: search configuration is EHC, if that fails then  best-first on 1*g(s) + 5*h(s) where
    metric is  plan length

Cueing down from goal distance:    9 into depth [1]
                                   8            [1]
                                   7            [1]
                                   6            [1]
                                   5            [1]
                                   4            [1]
                                   3            [1]
                                   2            [1]
                                   1            [1]
                                   0            

ff: found legal plan as follows

step    0: TURN_TO SATELLITE0 STAR7 GROUNDSTATION41
        1: SWITCH_ON INSTRUMENT1 SATELLITE0
        2: CALIBRATE SATELLITE0 INSTRUMENT1 STAR7
        3: TURN_TO SATELLITE0 STAR55 STAR7
        4: TURN_TO SATELLITE4 GROUNDSTATION28 STAR51
        5: TURN_TO SATELLITE6 GROUNDSTATION27 STAR21
        6: TURN_TO SATELLITE8 GROUNDSTATION40 GROUNDSTATION11
        7: TAKE_IMAGE SATELLITE0 STAR55 INSTRUMENT1 INFRARED3
        8: TURN_TO SATELLITE0 STAR25 STAR55
     

time spent:    0.00 seconds instantiating 37950 easy, 0 hard action templates
               0.00 seconds reachability analysis, yielding 949 facts and 37950 actions
               0.01 seconds creating final representation with 949 relevant facts, 0 relevant fluents
               0.04 seconds computing LNF
               0.02 seconds building connectivity graph
               0.01 seconds searching, evaluating 14 states, to a max depth of 1
               0.08 seconds total time

