
ff: parsing domain file
domain 'SATELLITE' defined
 ... done.
ff: parsing problem file
problem 'STRIPS-SAT-X-1' defined
 ... done.


no metric specified. plan length assumed.

checking for cyclic := effects --- OK.

ff: search configuration is EHC, if that fails then  best-first on 1*g(s) + 5*h(s) where
    metric is  plan length

Cueing down from goal distance:   11 into depth [1]
                                  10            [1]
                                   9            [1]
                                   8            [1]
                                   7            [1]
                                   6            [1]
                                   5            [1]
                                   4            [1]
                                   3            [1]
                                   2            [1]
                                   1            [1]
                                   0            

ff: found legal plan as follows

step    0: SWITCH_ON INSTRUMENT1 SATELLITE0
        1: TURN_TO SATELLITE1 STAR2 STAR20
        2: CALIBRATE SATELLITE0 INSTRUMENT1 STAR33
        3: TURN_TO SATELLITE0 PHENOMENON55 STAR33
        4: SWITCH_ON INSTRUMENT2 SATELLITE1
        5: CALIBRATE SATELLITE1 INSTRUMENT2 STAR2
        6: TURN_TO SATELLITE1 STAR56 STAR2
        7: TURN_TO SATELLITE8 GROUNDSTATION25 STAR43
        8: TAKE_IMAGE SATELLITE0 PHENOMENON55 INSTRUMENT1 INFRARED3
        9: TURN_TO SATELLITE0 GROUNDSTATION25 PHENOMENON55
       10: TAKE_IMAGE SATELLITE1 STAR56 INSTRUMENT2 THERMOGRAPH4
     

time spent:    0.00 seconds instantiating 38396 easy, 0 hard action templates
               0.00 seconds reachability analysis, yielding 961 facts and 38396 actions
               0.01 seconds creating final representation with 961 relevant facts, 0 relevant fluents
               0.05 seconds computing LNF
               0.02 seconds building connectivity graph
               0.01 seconds searching, evaluating 15 states, to a max depth of 1
               0.09 seconds total time

