
ff: parsing domain file
domain 'SATELLITE' defined
 ... done.
ff: parsing problem file
problem 'STRIPS-SAT-X-1' defined
 ... done.


no metric specified. plan length assumed.

checking for cyclic := effects --- OK.

ff: search configuration is EHC, if that fails then  best-first on 1*g(s) + 5*h(s) where
    metric is  plan length

Cueing down from goal distance:   13 into depth [1]
                                  12            [1]
                                  11            [1]
                                  10            [1]
                                   9            [1]
                                   8            [1]
                                   7            [1]
                                   6            [1]
                                   5            [1]
                                   4            [1]
                                   3            [1]
                                   2            [1]
                                   1            [1]
                                   0            

ff: found legal plan as follows

step    0: TURN_TO SATELLITE0 GROUNDSTATION13 GROUNDSTATION24
        1: SWITCH_ON INSTRUMENT1 SATELLITE0
        2: CALIBRATE SATELLITE0 INSTRUMENT1 GROUNDSTATION13
        3: TURN_TO SATELLITE0 PHENOMENON55 GROUNDSTATION13
        4: TURN_TO SATELLITE1 STAR1 GROUNDSTATION35
        5: TURN_TO SATELLITE2 STAR1 GROUNDSTATION40
        6: TURN_TO SATELLITE3 STAR22 STAR15
        7: TURN_TO SATELLITE5 STAR8 STAR11
        8: TURN_TO SATELLITE7 STAR27 GROUNDSTATION5
        9: TURN_TO SATELLITE9 STAR51 GROUNDSTATION40
       10: TAKE_IMAGE SATELLITE0 PHENOMENON55 INSTRUMENT1 INFRARED3
       11: TURN_TO SATELLITE0 PHENOMENON56 PHENOMENON55
       12: TAKE_IMAGE SATELLITE0 PHENOMENON56 INSTRUMENT1 INFRARED4
     

time spent:    0.00 seconds instantiating 38700 easy, 0 hard action templates
               0.00 seconds reachability analysis, yielding 957 facts and 38700 actions
               0.01 seconds creating final representation with 957 relevant facts, 0 relevant fluents
               0.05 seconds computing LNF
               0.02 seconds building connectivity graph
               0.03 seconds searching, evaluating 23 states, to a max depth of 1
               0.11 seconds total time

