
ff: parsing domain file
domain 'BLOCKS' defined
 ... done.
ff: parsing problem file
problem 'PB6' defined
 ... done.


no metric specified. plan length assumed.

checking for cyclic := effects --- OK.

ff: search configuration is EHC, if that fails then  best-first on 1*g(s) + 5*h(s) where
    metric is  plan length

Cueing down from goal distance:   37 into depth [1]
                                  36            [1]
                                  35            [1]
                                  34            [1]
                                  33            [1]
                                  32            [1]
                                  31            [1][2]
                                  29            [1][2]
                                  27            [1]
                                  26            [1][2]
                                  25            [1][2][3]
                                  24            [1]
                                  23            [1][2][3][4]
                                  22            [1]
                                  21            [1][2]
                                  19            [1]
                                  18            [1][2][3][4][5][6][7]
                                  17            [1][2][3][4][5]
                                  16            [1]
                                  15            [1]
                                  14            [1][2][3]
                                  13            [1]
                                  12            [1]
                                  11            [1][2][3][4][5][6][7][8][9][10]
                                  10            [1]
                                   9            [1]
                                   8            [1][2]
                                   6            [1][2]
                                   5            [1][2][3][4][5][6][7][8][9][10]
                                   4            [1]
                                   3            [1]
                                   2            [1][2]
                                   0            

ff: found legal plan as follows

step    0: UNSTACK BLOCK15 BLOCK4
        1: PUT-DOWN BLOCK15
        2: UNSTACK BLOCK4 BLOCK9
        3: PUT-DOWN BLOCK4
        4: PICK-UP BLOCK8
        5: STACK BLOCK8 BLOCK4
        6: UNSTACK BLOCK18 BLOCK16
        7: PUT-DOWN BLOCK18
        8: UNSTACK BLOCK13 BLOCK12
        9: STACK BLOCK13 BLOCK16
       10: UNSTACK BLOCK9 BLOCK2
       11: STACK BLOCK9 BLOCK12
       12: PICK-UP BLOCK2
       13: STACK BLOCK2 BLOCK18
       14: UNSTACK BLOCK21 BLOCK1
       15: PUT-DOWN BLOCK21
       16: UNSTACK BLOCK2 BLOCK18
       17: STACK BLOCK2 BLOCK9
       18: UNSTACK BLOCK10 BLOCK19
       19: STACK BLOCK10 BLOCK2
       20: UNSTACK BLOCK19 BLOCK3
       21: STACK BLOCK19 BLOCK15
       22: UNSTACK BLOCK3 BLOCK20
       23: STACK BLOCK3 BLOCK8
       24: PICK-UP BLOCK20
       25: STACK BLOCK20 BLOCK10
       26: UNSTACK BLOCK1 BLOCK7
       27: STACK BLOCK1 BLOCK21
       28: UNSTACK BLOCK7 BLOCK5
       29: STACK BLOCK7 BLOCK20
       30: UNSTACK BLOCK1 BLOCK21
       31: STACK BLOCK1 BLOCK7
       32: UNSTACK BLOCK5 BLOCK6
       33: STACK BLOCK5 BLOCK21
       34: UNSTACK BLOCK6 BLOCK11
       35: STACK BLOCK6 BLOCK19
       36: UNSTACK BLOCK11 BLOCK14
       37: PUT-DOWN BLOCK11
       38: PICK-UP BLOCK14
       39: STACK BLOCK14 BLOCK11
       40: UNSTACK BLOCK6 BLOCK19
       41: STACK BLOCK6 BLOCK14
       42: UNSTACK BLOCK1 BLOCK7
       43: STACK BLOCK1 BLOCK19
       44: UNSTACK BLOCK7 BLOCK20
       45: STACK BLOCK7 BLOCK18
       46: UNSTACK BLOCK20 BLOCK10
       47: STACK BLOCK20 BLOCK17
       48: UNSTACK BLOCK10 BLOCK2
       49: STACK BLOCK10 BLOCK6
       50: UNSTACK BLOCK20 BLOCK17
       51: STACK BLOCK20 BLOCK10
       52: UNSTACK BLOCK7 BLOCK18
       53: STACK BLOCK7 BLOCK20
       54: UNSTACK BLOCK1 BLOCK19
       55: STACK BLOCK1 BLOCK7
       56: UNSTACK BLOCK2 BLOCK9
       57: STACK BLOCK2 BLOCK18
       58: UNSTACK BLOCK9 BLOCK12
       59: STACK BLOCK9 BLOCK17
       60: PICK-UP BLOCK12
       61: STACK BLOCK12 BLOCK19
       62: UNSTACK BLOCK9 BLOCK17
       63: STACK BLOCK9 BLOCK12
       64: UNSTACK BLOCK2 BLOCK18
       65: STACK BLOCK2 BLOCK9
       66: UNSTACK BLOCK5 BLOCK21
       67: STACK BLOCK5 BLOCK2
     

time spent:    0.00 seconds instantiating 924 easy, 0 hard action templates
               0.00 seconds reachability analysis, yielding 505 facts and 924 actions
               0.00 seconds creating final representation with 505 relevant facts, 0 relevant fluents
               0.00 seconds computing LNF
               0.00 seconds building connectivity graph
               2.36 seconds searching, evaluating 73272 states, to a max depth of 10
               2.36 seconds total time

