
ff: parsing domain file
domain 'BLOCKS' defined
 ... done.
ff: parsing problem file
problem 'PB0' defined
 ... done.


no metric specified. plan length assumed.

checking for cyclic := effects --- OK.

ff: search configuration is EHC, if that fails then  best-first on 1*g(s) + 5*h(s) where
    metric is  plan length

Cueing down from goal distance:   38 into depth [1]
                                  37            [1]
                                  36            [1]
                                  35            [1][2]
                                  34            [1]
                                  33            [1][2][3]
                                  32            [1][2]
                                  31            [1][2][3][4][5][6][7]
                                  30            [1][2][3][4][5]
                                  29            [1][2][3][4][5][6][7][8][9][10][11][12][13]