
ff: parsing domain file
domain 'BLOCKS' defined
 ... done.
ff: parsing problem file
problem 'PB3' defined
 ... done.


no metric specified. plan length assumed.

checking for cyclic := effects --- OK.

ff: search configuration is EHC, if that fails then  best-first on 1*g(s) + 5*h(s) where
    metric is  plan length

Cueing down from goal distance:   35 into depth [1]
                                  34            [1]
                                  33            [1]
                                  32            [1][2]
                                  31            [1][2][3][4]
                                  30            [1][2]
                                  29            [1]
                                  28            [1][2][3][4]
                                  27            [1][2]
                                  26            [1][2]
                                  24            [1][2][3][4]
                                  23            [1]
                                  22            [1]
                                  21            [1][2][3][4]
                                  20            [1]
                                  19            [1][2][3]
                                  17            [1]
                                  16            [1]
                                  15            [1][2][3][4]
                                  14            [1]
                                  13            [1]
                                  12            [1]
                                  11            [1]
                                  10            [1][2]
                                   8            [1]
                                   7            [1][2][3][4]
                                   6            [1][2][3][4][5][6][7][8][9][10][11][12]
                                   5            [1]
                                   4            [1]
                                   3            [1][2][3]
                                   2            [1]
                                   1            [1]
                                   0            

ff: found legal plan as follows

step    0: UNSTACK BLOCK14 BLOCK17
        1: PUT-DOWN BLOCK14
        2: PICK-UP BLOCK15
        3: STACK BLOCK15 BLOCK19
        4: UNSTACK BLOCK17 BLOCK9
        5: STACK BLOCK17 BLOCK4
        6: UNSTACK BLOCK9 BLOCK18
        7: STACK BLOCK9 BLOCK17
        8: UNSTACK BLOCK18 BLOCK12
        9: STACK BLOCK18 BLOCK3
       10: UNSTACK BLOCK12 BLOCK10
       11: PUT-DOWN BLOCK12
       12: UNSTACK BLOCK13 BLOCK5
       13: STACK BLOCK13 BLOCK10
       14: UNSTACK BLOCK5 BLOCK2
       15: STACK BLOCK5 BLOCK14
       16: UNSTACK BLOCK9 BLOCK17
       17: STACK BLOCK9 BLOCK2
       18: UNSTACK BLOCK13 BLOCK10
       19: STACK BLOCK13 BLOCK5
       20: UNSTACK BLOCK17 BLOCK4
       21: STACK BLOCK17 BLOCK10
       22: PICK-UP BLOCK4
       23: STACK BLOCK4 BLOCK12
       24: UNSTACK BLOCK17 BLOCK10
       25: STACK BLOCK17 BLOCK4
       26: UNSTACK BLOCK9 BLOCK2
       27: STACK BLOCK9 BLOCK10
       28: UNSTACK BLOCK2 BLOCK6
       29: STACK BLOCK2 BLOCK17
       30: UNSTACK BLOCK6 BLOCK7
       31: STACK BLOCK6 BLOCK18
       32: UNSTACK BLOCK9 BLOCK10
       33: STACK BLOCK9 BLOCK2
       34: UNSTACK BLOCK7 BLOCK8
       35: STACK BLOCK7 BLOCK10
       36: UNSTACK BLOCK15 BLOCK19
       37: STACK BLOCK15 BLOCK8
       38: UNSTACK BLOCK19 BLOCK16
       39: STACK BLOCK19 BLOCK7
       40: UNSTACK BLOCK15 BLOCK8
       41: STACK BLOCK15 BLOCK19
       42: UNSTACK BLOCK16 BLOCK1
       43: STACK BLOCK16 BLOCK15
       44: UNSTACK BLOCK1 BLOCK21
       45: STACK BLOCK1 BLOCK8
       46: PICK-UP BLOCK11
       47: STACK BLOCK11 BLOCK1
       48: PICK-UP BLOCK21
       49: STACK BLOCK21 BLOCK13
       50: UNSTACK BLOCK6 BLOCK18
       51: STACK BLOCK6 BLOCK21
       52: UNSTACK BLOCK18 BLOCK3
       53: STACK BLOCK18 BLOCK6
       54: UNSTACK BLOCK3 BLOCK20
       55: STACK BLOCK3 BLOCK16
       56: UNSTACK BLOCK18 BLOCK6
       57: STACK BLOCK18 BLOCK3
       58: UNSTACK BLOCK6 BLOCK21
       59: STACK BLOCK6 BLOCK18
       60: UNSTACK BLOCK21 BLOCK13
       61: STACK BLOCK21 BLOCK6
       62: UNSTACK BLOCK11 BLOCK1
       63: STACK BLOCK11 BLOCK21
     

time spent:    0.00 seconds instantiating 924 easy, 0 hard action templates
               0.00 seconds reachability analysis, yielding 505 facts and 924 actions
               0.00 seconds creating final representation with 505 relevant facts, 0 relevant fluents
               0.00 seconds computing LNF
               0.00 seconds building connectivity graph
               0.43 seconds searching, evaluating 28778 states, to a max depth of 12
               0.43 seconds total time

