
ff: parsing domain file
domain 'BLOCKS' defined
 ... done.
ff: parsing problem file
problem 'PB9' defined
 ... done.


no metric specified. plan length assumed.

checking for cyclic := effects --- OK.

ff: search configuration is EHC, if that fails then  best-first on 1*g(s) + 5*h(s) where
    metric is  plan length

Cueing down from goal distance:   40 into depth [1]
                                  39            [1][2]
                                  38            [1]
                                  37            [1][2][3][4]
                                  36            [1]
                                  35            [1]
                                  34            [1][2][3]
                                  33            [1][2]
                                  32            [1][2][3]
                                  31            [1]
                                  30            [1]
                                  29            [1][2][3]
                                  28            [1]
                                  27            [1][2][3][4][5]
                                  26            [1][2]
                                  25            [1]
                                  24            [1][2][3][4]
                                  22            [1][2][3][4]
                                  20            [1][2][3][4][5]
                                  19            [1][2][3]
                                  18            [1][2][3][4][5][6][7][8][9][10][11][12][13]
                                  17            [1]
                                  16            [1]
                                  15            [1]
                                  14            [1]
                                  13            [1][2][3]
                                  12            [1]
                                  11            [1][2][3]
                                  10            [1]
                                   9            [1][2]
                                   8            [1][2]
                                   7            [1][2][3][4][5][6][7][8][9]
                                   6            [1]
                                   5            [1]
                                   4            [1]
                                   3            [1]
                                   2            [1][2]
                                   0            

ff: found legal plan as follows

step    0: PICK-UP BLOCK2
        1: STACK BLOCK2 BLOCK20
        2: UNSTACK BLOCK13 BLOCK16
        3: PUT-DOWN BLOCK13
        4: UNSTACK BLOCK2 BLOCK20
        5: STACK BLOCK2 BLOCK16
        6: UNSTACK BLOCK20 BLOCK11
        7: STACK BLOCK20 BLOCK13
        8: UNSTACK BLOCK2 BLOCK16
        9: STACK BLOCK2 BLOCK20
       10: UNSTACK BLOCK11 BLOCK10
       11: STACK BLOCK11 BLOCK16
       12: UNSTACK BLOCK10 BLOCK12
       13: STACK BLOCK10 BLOCK11
       14: UNSTACK BLOCK9 BLOCK17
       15: STACK BLOCK9 BLOCK10
       16: UNSTACK BLOCK12 BLOCK19
       17: PUT-DOWN BLOCK12
       18: UNSTACK BLOCK9 BLOCK10
       19: STACK BLOCK9 BLOCK12
       20: UNSTACK BLOCK19 BLOCK4
       21: STACK BLOCK19 BLOCK17
       22: UNSTACK BLOCK4 BLOCK8
       23: STACK BLOCK4 BLOCK9
       24: UNSTACK BLOCK10 BLOCK11
       25: STACK BLOCK10 BLOCK19
       26: UNSTACK BLOCK11 BLOCK16
       27: STACK BLOCK11 BLOCK8
       28: UNSTACK BLOCK10 BLOCK19
       29: STACK BLOCK10 BLOCK11
       30: UNSTACK BLOCK16 BLOCK1
       31: STACK BLOCK16 BLOCK4
       32: UNSTACK BLOCK1 BLOCK5
       33: STACK BLOCK1 BLOCK19
       34: UNSTACK BLOCK5 BLOCK14
       35: STACK BLOCK5 BLOCK2
       36: UNSTACK BLOCK1 BLOCK19
       37: STACK BLOCK1 BLOCK16
       38: UNSTACK BLOCK19 BLOCK17
       39: STACK BLOCK19 BLOCK14
       40: UNSTACK BLOCK17 BLOCK3
       41: STACK BLOCK17 BLOCK19
       42: UNSTACK BLOCK3 BLOCK6
       43: STACK BLOCK3 BLOCK17
       44: PICK-UP BLOCK6
       45: STACK BLOCK6 BLOCK10
       46: UNSTACK BLOCK1 BLOCK16
       47: STACK BLOCK1 BLOCK5
       48: UNSTACK BLOCK6 BLOCK10
       49: STACK BLOCK6 BLOCK3
       50: UNSTACK BLOCK10 BLOCK11
       51: STACK BLOCK10 BLOCK6
       52: UNSTACK BLOCK11 BLOCK8
       53: STACK BLOCK11 BLOCK10
       54: UNSTACK BLOCK8 BLOCK7
       55: STACK BLOCK8 BLOCK16
       56: UNSTACK BLOCK11 BLOCK10
       57: STACK BLOCK11 BLOCK8
       58: UNSTACK BLOCK10 BLOCK6
       59: STACK BLOCK10 BLOCK11
       60: UNSTACK BLOCK6 BLOCK3
       61: STACK BLOCK6 BLOCK10
       62: UNSTACK BLOCK1 BLOCK5
       63: STACK BLOCK1 BLOCK6
       64: UNSTACK BLOCK7 BLOCK15
       65: STACK BLOCK7 BLOCK5
       66: UNSTACK BLOCK15 BLOCK18
       67: PUT-DOWN BLOCK15
       68: UNSTACK BLOCK3 BLOCK17
       69: STACK BLOCK3 BLOCK18
       70: UNSTACK BLOCK7 BLOCK5
       71: STACK BLOCK7 BLOCK3
       72: UNSTACK BLOCK17 BLOCK19
       73: STACK BLOCK17 BLOCK15
       74: UNSTACK BLOCK7 BLOCK3
       75: STACK BLOCK7 BLOCK19
       76: UNSTACK BLOCK3 BLOCK18
       77: STACK BLOCK3 BLOCK7
       78: UNSTACK BLOCK18 BLOCK21
       79: PUT-DOWN BLOCK18
       80: UNSTACK BLOCK3 BLOCK7
       81: STACK BLOCK3 BLOCK18
       82: UNSTACK BLOCK7 BLOCK19
       83: STACK BLOCK7 BLOCK3
       84: UNSTACK BLOCK17 BLOCK15
       85: STACK BLOCK17 BLOCK7
       86: PICK-UP BLOCK21
       87: STACK BLOCK21 BLOCK17
     

time spent:    0.00 seconds instantiating 924 easy, 0 hard action templates
               0.00 seconds reachability analysis, yielding 505 facts and 924 actions
               0.00 seconds creating final representation with 505 relevant facts, 0 relevant fluents
               0.00 seconds computing LNF
               0.00 seconds building connectivity graph
               5.14 seconds searching, evaluating 128890 states, to a max depth of 13
               5.14 seconds total time

