
ff: parsing domain file
domain 'SATELLITE' defined
 ... done.
ff: parsing problem file
problem 'STRIPS-SAT-X-1' defined
 ... done.


no metric specified. plan length assumed.

checking for cyclic := effects --- OK.

ff: search configuration is EHC, if that fails then  best-first on 1*g(s) + 5*h(s) where
    metric is  plan length

Cueing down from goal distance:   14 into depth [1]
                                  12            [1]
                                  11            [1]
                                  10            [1]
                                   9            [1]
                                   8            [1][2]
                                   7            [1]
                                   6            [1]
                                   5            [1]
                                   4            [1]
                                   3            [1]
                                   2            [1]
                                   1            [1]
                                   0            

ff: found legal plan as follows

step    0: TURN_TO SATELLITE0 GROUNDSTATION8 GROUNDSTATION26
        1: TURN_TO SATELLITE4 GROUNDSTATION2 GROUNDSTATION12
        2: TURN_TO SATELLITE6 STAR14 STAR29
        3: TURN_TO SATELLITE7 STAR21 GROUNDSTATION13
        4: TURN_TO SATELLITE9 GROUNDSTATION0 GROUNDSTATION26
        5: SWITCH_ON INSTRUMENT7 SATELLITE0
        6: TURN_TO SATELLITE1 GROUNDSTATION0 STAR29
        7: CALIBRATE SATELLITE0 INSTRUMENT7 GROUNDSTATION8
        8: TURN_TO SATELLITE0 STAR39 GROUNDSTATION8
        9: SWITCH_ON INSTRUMENT9 SATELLITE1
       10: CALIBRATE SATELLITE1 INSTRUMENT9 GROUNDSTATION0
       11: TURN_TO SATELLITE1 PLANET40 GROUNDSTATION0
       12: TAKE_IMAGE SATELLITE0 STAR39 INSTRUMENT7 THERMOGRAPH2
       13: TAKE_IMAGE SATELLITE1 PLANET40 INSTRUMENT9 THERMOGRAPH4
     

time spent:    0.00 seconds instantiating 22149 easy, 0 hard action templates
               0.00 seconds reachability analysis, yielding 751 facts and 22149 actions
               0.00 seconds creating final representation with 751 relevant facts, 0 relevant fluents
               0.03 seconds computing LNF
               0.00 seconds building connectivity graph
               0.02 seconds searching, evaluating 34 states, to a max depth of 2
               0.05 seconds total time

