
ff: parsing domain file
domain 'SATELLITE' defined
 ... done.
ff: parsing problem file
problem 'STRIPS-SAT-X-1' defined
 ... done.


no metric specified. plan length assumed.

checking for cyclic := effects --- OK.

ff: search configuration is EHC, if that fails then  best-first on 1*g(s) + 5*h(s) where
    metric is  plan length

Cueing down from goal distance:   15 into depth [1]
                                  14            [1]
                                  13            [1]
                                  12            [1]
                                  11            [1]
                                  10            [1]
                                   9            [1]
                                   8            [1]
                                   7            [1]
                                   6            [1]
                                   5            [1]
                                   4            [1]
                                   3            [1]
                                   2            [1]
                                   1            [1]
                                   0            

ff: found legal plan as follows

step    0: TURN_TO SATELLITE1 STAR26 GROUNDSTATION34
        1: SWITCH_ON INSTRUMENT1 SATELLITE1
        2: TURN_TO SATELLITE2 STAR20 STAR33
        3: CALIBRATE SATELLITE1 INSTRUMENT1 STAR26
        4: TURN_TO SATELLITE1 PLANET39 STAR26
        5: SWITCH_ON INSTRUMENT9 SATELLITE2
        6: CALIBRATE SATELLITE2 INSTRUMENT9 STAR20
        7: TURN_TO SATELLITE2 PLANET40 STAR20
        8: TURN_TO SATELLITE3 STAR19 STAR9
        9: TURN_TO SATELLITE8 GROUNDSTATION18 STAR26
       10: TURN_TO SATELLITE9 STAR23 STAR37
       11: TAKE_IMAGE SATELLITE1 PLANET39 INSTRUMENT1 THERMOGRAPH1
       12: TURN_TO SATELLITE1 STAR21 PLANET39
       13: TAKE_IMAGE SATELLITE2 PLANET40 INSTRUMENT9 IMAGE0
       14: TURN_TO SATELLITE2 STAR14 PLANET40
     

time spent:    0.00 seconds instantiating 21448 easy, 0 hard action templates
               0.00 seconds reachability analysis, yielding 729 facts and 21448 actions
               0.00 seconds creating final representation with 729 relevant facts, 0 relevant fluents
               0.03 seconds computing LNF
               0.00 seconds building connectivity graph
               0.01 seconds searching, evaluating 26 states, to a max depth of 1
               0.04 seconds total time

