
ff: parsing domain file
domain 'SATELLITE' defined
 ... done.
ff: parsing problem file
problem 'STRIPS-SAT-X-1' defined
 ... done.


no metric specified. plan length assumed.

checking for cyclic := effects --- OK.

ff: search configuration is EHC, if that fails then  best-first on 1*g(s) + 5*h(s) where
    metric is  plan length

Cueing down from goal distance:    9 into depth [1]
                                   8            [1]
                                   7            [1]
                                   6            [1]
                                   5            [1]
                                   4            [1]
                                   3            [1]
                                   2            [1]
                                   1            [1]
                                   0            

ff: found legal plan as follows

step    0: SWITCH_ON INSTRUMENT0 SATELLITE0
        1: CALIBRATE SATELLITE0 INSTRUMENT0 GROUNDSTATION91
        2: TURN_TO SATELLITE0 PLANET104 GROUNDSTATION91
        3: TURN_TO SATELLITE2 STAR46 STAR52
        4: TURN_TO SATELLITE3 GROUNDSTATION84 STAR28
        5: TURN_TO SATELLITE6 GROUNDSTATION21 STAR34
        6: TURN_TO SATELLITE7 STAR42 STAR8
        7: TAKE_IMAGE SATELLITE0 PLANET104 INSTRUMENT0 IMAGE3
        8: TURN_TO SATELLITE0 GROUNDSTATION10 PLANET104
     

time spent:    0.00 seconds instantiating 128166 easy, 0 hard action templates
               0.01 seconds reachability analysis, yielding 1738 facts and 128166 actions
               0.03 seconds creating final representation with 1738 relevant facts, 0 relevant fluents
               0.16 seconds computing LNF
               0.05 seconds building connectivity graph
               0.08 seconds searching, evaluating 15 states, to a max depth of 1
               0.33 seconds total time

