
ff: parsing domain file
domain 'SATELLITE' defined
 ... done.
ff: parsing problem file
problem 'STRIPS-SAT-X-1' defined
 ... done.


no metric specified. plan length assumed.

checking for cyclic := effects --- OK.

ff: search configuration is EHC, if that fails then  best-first on 1*g(s) + 5*h(s) where
    metric is  plan length

Cueing down from goal distance:   13 into depth [1]
                                  12            [1]
                                  11            [1]
                                  10            [1]
                                   9            [1]
                                   8            [1]
                                   7            [1]
                                   6            [1]
                                   5            [1]
                                   4            [1]
                                   3            [1]
                                   2            [1]
                                   1            [1]
                                   0            

ff: found legal plan as follows

step    0: TURN_TO SATELLITE0 STAR14 GROUNDSTATION42
        1: SWITCH_ON INSTRUMENT0 SATELLITE0
        2: CALIBRATE SATELLITE0 INSTRUMENT0 STAR14
        3: TURN_TO SATELLITE0 PHENOMENON104 STAR14
        4: TURN_TO SATELLITE2 GROUNDSTATION88 STAR57
        5: TURN_TO SATELLITE3 GROUNDSTATION17 STAR30
        6: TURN_TO SATELLITE4 GROUNDSTATION40 GROUNDSTATION94
        7: TURN_TO SATELLITE7 STAR86 STAR12
        8: TURN_TO SATELLITE9 STAR98 GROUNDSTATION41
        9: TAKE_IMAGE SATELLITE0 PHENOMENON104 INSTRUMENT0 IMAGE0
       10: TURN_TO SATELLITE0 PLANET105 PHENOMENON104
       11: TAKE_IMAGE SATELLITE0 PLANET105 INSTRUMENT0 INFRARED3
       12: TURN_TO SATELLITE0 GROUNDSTATION0 PLANET105
     

time spent:    0.00 seconds instantiating 126504 easy, 0 hard action templates
               0.01 seconds reachability analysis, yielding 1716 facts and 126504 actions
               0.02 seconds creating final representation with 1716 relevant facts, 0 relevant fluents
               0.17 seconds computing LNF
               0.06 seconds building connectivity graph
               0.18 seconds searching, evaluating 29 states, to a max depth of 1
               0.44 seconds total time

