
ff: parsing domain file
domain 'SATELLITE' defined
 ... done.
ff: parsing problem file
problem 'STRIPS-SAT-X-1' defined
 ... done.


no metric specified. plan length assumed.

checking for cyclic := effects --- OK.

ff: search configuration is EHC, if that fails then  best-first on 1*g(s) + 5*h(s) where
    metric is  plan length

Cueing down from goal distance:    9 into depth [1]
                                   8            [1]
                                   7            [1]
                                   6            [1]
                                   5            [1]
                                   4            [1]
                                   3            [1]
                                   2            [1]
                                   1            [1]
                                   0            

ff: found legal plan as follows

step    0: SWITCH_ON INSTRUMENT0 SATELLITE0
        1: CALIBRATE SATELLITE0 INSTRUMENT0 STAR95
        2: TURN_TO SATELLITE0 STAR104 STAR95
        3: TURN_TO SATELLITE2 GROUNDSTATION103 GROUNDSTATION23
        4: TURN_TO SATELLITE3 GROUNDSTATION100 GROUNDSTATION44
        5: TAKE_IMAGE SATELLITE0 STAR104 INSTRUMENT0 THERMOGRAPH4
        6: TURN_TO SATELLITE0 STAR105 STAR104
        7: TAKE_IMAGE SATELLITE0 STAR105 INSTRUMENT0 THERMOGRAPH4
        8: TURN_TO SATELLITE0 GROUNDSTATION26 STAR105
     

time spent:    0.00 seconds instantiating 127794 easy, 0 hard action templates
               0.02 seconds reachability analysis, yielding 1738 facts and 127794 actions
               0.01 seconds creating final representation with 1738 relevant facts, 0 relevant fluents
               0.16 seconds computing LNF
               0.06 seconds building connectivity graph
               0.10 seconds searching, evaluating 19 states, to a max depth of 1
               0.35 seconds total time

