
ff: parsing domain file
domain 'SATELLITE' defined
 ... done.
ff: parsing problem file
problem 'STRIPS-SAT-X-1' defined
 ... done.


no metric specified. plan length assumed.

checking for cyclic := effects --- OK.

ff: search configuration is EHC, if that fails then  best-first on 1*g(s) + 5*h(s) where
    metric is  plan length

Cueing down from goal distance:    7 into depth [1]
                                   6            [1]
                                   5            [1]
                                   4            [1]
                                   3            [1]
                                   2            [1]
                                   1            [1]
                                   0            

ff: found legal plan as follows

step    0: TURN_TO SATELLITE0 GROUNDSTATION118 STAR31
        1: SWITCH_ON INSTRUMENT1 SATELLITE0
        2: CALIBRATE SATELLITE0 INSTRUMENT1 GROUNDSTATION118
        3: TURN_TO SATELLITE0 STAR166 GROUNDSTATION118
        4: TURN_TO SATELLITE5 STAR137 GROUNDSTATION65
        5: TURN_TO SATELLITE6 GROUNDSTATION123 STAR67
        6: TAKE_IMAGE SATELLITE0 STAR166 INSTRUMENT1 THERMOGRAPH4
     

time spent:    0.01 seconds instantiating 298130 easy, 0 hard action templates
               0.02 seconds reachability analysis, yielding 2615 facts and 298130 actions
               0.05 seconds creating final representation with 2615 relevant facts, 0 relevant fluents
               0.34 seconds computing LNF
               0.11 seconds building connectivity graph
               0.13 seconds searching, evaluating 8 states, to a max depth of 1
               0.66 seconds total time

