
ff: parsing domain file
domain 'SATELLITE' defined
 ... done.
ff: parsing problem file
problem 'STRIPS-SAT-X-1' defined
 ... done.


no metric specified. plan length assumed.

checking for cyclic := effects --- OK.

ff: search configuration is EHC, if that fails then  best-first on 1*g(s) + 5*h(s) where
    metric is  plan length

Cueing down from goal distance:   11 into depth [1]
                                  10            [1]
                                   9            [1]
                                   8            [1]
                                   7            [1]
                                   6            [1]
                                   5            [1]
                                   4            [1]
                                   3            [1]
                                   2            [1]
                                   1            [1]
                                   0            

ff: found legal plan as follows

step    0: TURN_TO SATELLITE0 STAR36 GROUNDSTATION137
        1: SWITCH_ON INSTRUMENT2 SATELLITE0
        2: CALIBRATE SATELLITE0 INSTRUMENT2 STAR36
        3: TURN_TO SATELLITE0 STAR165 STAR36
        4: TURN_TO SATELLITE1 STAR89 GROUNDSTATION22
        5: TURN_TO SATELLITE2 STAR108 GROUNDSTATION126
        6: TURN_TO SATELLITE7 GROUNDSTATION79 STAR120
        7: TURN_TO SATELLITE9 STAR58 STAR23
        8: TAKE_IMAGE SATELLITE0 STAR165 INSTRUMENT2 SPECTROGRAPH0
        9: TURN_TO SATELLITE0 STAR166 STAR165
       10: TAKE_IMAGE SATELLITE0 STAR166 INSTRUMENT2 SPECTROGRAPH0
     

time spent:    0.01 seconds instantiating 302419 easy, 0 hard action templates
               0.02 seconds reachability analysis, yielding 2649 facts and 302419 actions
               0.05 seconds creating final representation with 2649 relevant facts, 0 relevant fluents
               0.36 seconds computing LNF
               0.12 seconds building connectivity graph
               0.36 seconds searching, evaluating 19 states, to a max depth of 1
               0.92 seconds total time

