
ff: parsing domain file
domain 'SATELLITE' defined
 ... done.
ff: parsing problem file
problem 'STRIPS-SAT-X-1' defined
 ... done.


no metric specified. plan length assumed.

checking for cyclic := effects --- OK.

ff: search configuration is EHC, if that fails then  best-first on 1*g(s) + 5*h(s) where
    metric is  plan length

Cueing down from goal distance:    7 into depth [1]
                                   6            [1]
                                   5            [1]
                                   4            [1]
                                   3            [1]
                                   2            [1]
                                   1            [1]
                                   0            

ff: found legal plan as follows

step    0: SWITCH_ON INSTRUMENT3 SATELLITE1
        1: CALIBRATE SATELLITE1 INSTRUMENT3 GROUNDSTATION115
        2: TURN_TO SATELLITE1 PLANET165 GROUNDSTATION115
        3: TURN_TO SATELLITE4 GROUNDSTATION51 STAR79
        4: TURN_TO SATELLITE6 GROUNDSTATION115 STAR163
        5: TAKE_IMAGE SATELLITE1 PLANET165 INSTRUMENT3 INFRARED2
        6: TURN_TO SATELLITE1 GROUNDSTATION109 PLANET165
     

time spent:    0.01 seconds instantiating 296050 easy, 0 hard action templates
               0.02 seconds reachability analysis, yielding 2609 facts and 296050 actions
               0.05 seconds creating final representation with 2609 relevant facts, 0 relevant fluents
               0.35 seconds computing LNF
               0.12 seconds building connectivity graph
               0.13 seconds searching, evaluating 11 states, to a max depth of 1
               0.68 seconds total time

