
ff: parsing domain file
domain 'SATELLITE' defined
 ... done.
ff: parsing problem file
problem 'STRIPS-SAT-X-1' defined
 ... done.


no metric specified. plan length assumed.

checking for cyclic := effects --- OK.

ff: search configuration is EHC, if that fails then  best-first on 1*g(s) + 5*h(s) where
    metric is  plan length

Cueing down from goal distance:   12 into depth [1]
                                  11            [1]
                                  10            [1]
                                   9            [1]
                                   8            [1]
                                   7            [1]
                                   6            [1]
                                   5            [1]
                                   4            [1]
                                   3            [1]
                                   2            [1]
                                   1            [1]
                                   0            

ff: found legal plan as follows

step    0: SWITCH_ON INSTRUMENT0 SATELLITE0
        1: CALIBRATE SATELLITE0 INSTRUMENT0 GROUNDSTATION132
        2: TURN_TO SATELLITE0 PLANET163 GROUNDSTATION132
        3: TURN_TO SATELLITE1 GROUNDSTATION5 STAR116
        4: TURN_TO SATELLITE3 GROUNDSTATION31 STAR56
        5: TURN_TO SATELLITE4 STAR73 GROUNDSTATION137
        6: TURN_TO SATELLITE5 GROUNDSTATION34 STAR87
        7: TURN_TO SATELLITE7 STAR25 GROUNDSTATION132
        8: TURN_TO SATELLITE9 GROUNDSTATION80 GROUNDSTATION113
        9: TAKE_IMAGE SATELLITE0 PLANET163 INSTRUMENT0 INFRARED4
       10: TURN_TO SATELLITE0 PLANET164 PLANET163
       11: TAKE_IMAGE SATELLITE0 PLANET164 INSTRUMENT0 INFRARED4
     

time spent:    0.01 seconds instantiating 291816 easy, 0 hard action templates
               0.02 seconds reachability analysis, yielding 2605 facts and 291816 actions
               0.04 seconds creating final representation with 2605 relevant facts, 0 relevant fluents
               0.34 seconds computing LNF
               0.11 seconds building connectivity graph
               0.45 seconds searching, evaluating 22 states, to a max depth of 1
               0.97 seconds total time

