
ff: parsing domain file
domain 'SATELLITE' defined
 ... done.
ff: parsing problem file
problem 'STRIPS-SAT-X-1' defined
 ... done.


no metric specified. plan length assumed.

checking for cyclic := effects --- OK.

ff: search configuration is EHC, if that fails then  best-first on 1*g(s) + 5*h(s) where
    metric is  plan length

Cueing down from goal distance:   15 into depth [1]
                                  14            [1]
                                  13            [1]
                                  12            [1]
                                  11            [1]
                                  10            [1]
                                   9            [1]
                                   8            [1]
                                   7            [1]
                                   6            [1]
                                   5            [1]
                                   4            [1]
                                   3            [1]
                                   2            [1]
                                   1            [1]
                                   0            

ff: found legal plan as follows

step    0: TURN_TO SATELLITE0 STAR122 GROUNDSTATION22
        1: TURN_TO SATELLITE1 GROUNDSTATION30 GROUNDSTATION3
        2: SWITCH_ON INSTRUMENT1 SATELLITE0
        3: CALIBRATE SATELLITE0 INSTRUMENT1 STAR122
        4: TURN_TO SATELLITE0 PHENOMENON163 STAR122
        5: SWITCH_ON INSTRUMENT4 SATELLITE1
        6: CALIBRATE SATELLITE1 INSTRUMENT4 GROUNDSTATION30
        7: TURN_TO SATELLITE1 PHENOMENON164 GROUNDSTATION30
        8: TURN_TO SATELLITE4 GROUNDSTATION97 STAR152
        9: TURN_TO SATELLITE6 GROUNDSTATION21 STAR93
       10: TURN_TO SATELLITE8 GROUNDSTATION65 STAR89
       11: TURN_TO SATELLITE9 STAR57 GROUNDSTATION54
       12: TAKE_IMAGE SATELLITE0 PHENOMENON163 INSTRUMENT1 INFRARED4
       13: TAKE_IMAGE SATELLITE1 PHENOMENON164 INSTRUMENT4 INFRARED2
       14: TURN_TO SATELLITE1 GROUNDSTATION123 PHENOMENON164
     

time spent:    0.00 seconds instantiating 283902 easy, 0 hard action templates
               0.02 seconds reachability analysis, yielding 2549 facts and 283902 actions
               0.05 seconds creating final representation with 2549 relevant facts, 0 relevant fluents
               0.34 seconds computing LNF
               0.11 seconds building connectivity graph
               0.29 seconds searching, evaluating 22 states, to a max depth of 1
               0.81 seconds total time

