
ff: parsing domain file
domain 'SATELLITE' defined
 ... done.
ff: parsing problem file
problem 'STRIPS-SAT-X-1' defined
 ... done.


no metric specified. plan length assumed.

checking for cyclic := effects --- OK.

ff: search configuration is EHC, if that fails then  best-first on 1*g(s) + 5*h(s) where
    metric is  plan length

Cueing down from goal distance:   11 into depth [1]
                                  10            [1]
                                   9            [1]
                                   8            [1]
                                   7            [1]
                                   6            [1]
                                   5            [1]
                                   4            [1]
                                   3            [1]
                                   2            [1]
                                   1            [1]
                                   0            

ff: found legal plan as follows

step    0: TURN_TO SATELLITE0 GROUNDSTATION70 GROUNDSTATION90
        1: SWITCH_ON INSTRUMENT1 SATELLITE0
        2: CALIBRATE SATELLITE0 INSTRUMENT1 GROUNDSTATION70
        3: TURN_TO SATELLITE0 PHENOMENON163 GROUNDSTATION70
        4: TURN_TO SATELLITE2 GROUNDSTATION1 STAR122
        5: TURN_TO SATELLITE3 GROUNDSTATION127 STAR98
        6: TURN_TO SATELLITE4 GROUNDSTATION120 GROUNDSTATION157
        7: TURN_TO SATELLITE6 STAR133 GROUNDSTATION28
        8: TAKE_IMAGE SATELLITE0 PHENOMENON163 INSTRUMENT1 INFRARED2
        9: TURN_TO SATELLITE0 PHENOMENON164 PHENOMENON163
       10: TAKE_IMAGE SATELLITE0 PHENOMENON164 INSTRUMENT1 THERMOGRAPH0
     

time spent:    0.00 seconds instantiating 292167 easy, 0 hard action templates
               0.03 seconds reachability analysis, yielding 2593 facts and 292167 actions
               0.05 seconds creating final representation with 2593 relevant facts, 0 relevant fluents
               0.34 seconds computing LNF
               0.11 seconds building connectivity graph
               0.35 seconds searching, evaluating 19 states, to a max depth of 1
               0.88 seconds total time

