
ff: parsing domain file
domain 'SATELLITE' defined
 ... done.
ff: parsing problem file
problem 'STRIPS-SAT-X-1' defined
 ... done.


no metric specified. plan length assumed.

checking for cyclic := effects --- OK.

ff: search configuration is EHC, if that fails then  best-first on 1*g(s) + 5*h(s) where
    metric is  plan length

Cueing down from goal distance:    9 into depth [1]
                                   8            [1]
                                   7            [1]
                                   6            [1]
                                   5            [1]
                                   4            [1]
                                   3            [1][2]
                                   2            [1]
                                   1            [1]
                                   0            

ff: found legal plan as follows

step    0: SWITCH_ON INSTRUMENT39 SATELLITE6
        1: TURN_TO SATELLITE0 GROUNDSTATION63 GROUNDSTATION130
        2: TURN_TO SATELLITE2 STAR59 GROUNDSTATION140
        3: TURN_TO SATELLITE3 STAR145 STAR92
        4: TURN_TO SATELLITE7 STAR123 GROUNDSTATION91
        5: TURN_TO SATELLITE9 STAR75 STAR5
        6: TURN_TO SATELLITE6 GROUNDSTATION161 STAR163
        7: CALIBRATE SATELLITE6 INSTRUMENT39 GROUNDSTATION161
        8: TURN_TO SATELLITE6 STAR163 GROUNDSTATION161
        9: TAKE_IMAGE SATELLITE6 STAR163 INSTRUMENT39 INFRARED3
     

time spent:    0.01 seconds instantiating 297208 easy, 0 hard action templates
               0.02 seconds reachability analysis, yielding 2615 facts and 297208 actions
               0.06 seconds creating final representation with 2615 relevant facts, 0 relevant fluents
               0.37 seconds computing LNF
               0.11 seconds building connectivity graph
               0.33 seconds searching, evaluating 17 states, to a max depth of 2
               0.90 seconds total time

