
ff: parsing domain file
domain 'SATELLITE' defined
 ... done.
ff: parsing problem file
problem 'STRIPS-SAT-X-1' defined
 ... done.


no metric specified. plan length assumed.

checking for cyclic := effects --- OK.

ff: search configuration is EHC, if that fails then  best-first on 1*g(s) + 5*h(s) where
    metric is  plan length

Cueing down from goal distance:   12 into depth [1]
                                  11            [1]
                                  10            [1]
                                   9            [1]
                                   8            [1]
                                   7            [1]
                                   6            [1]
                                   5            [1]
                                   4            [1]
                                   3            [1]
                                   2            [1]
                                   1            [1]
                                   0            

ff: found legal plan as follows

step    0: TURN_TO SATELLITE0 GROUNDSTATION49 GROUNDSTATION28
        1: SWITCH_ON INSTRUMENT0 SATELLITE0
        2: CALIBRATE SATELLITE0 INSTRUMENT0 GROUNDSTATION49
        3: TURN_TO SATELLITE0 PLANET135 GROUNDSTATION49
        4: TURN_TO SATELLITE2 STAR23 GROUNDSTATION103
        5: TURN_TO SATELLITE3 GROUNDSTATION121 GROUNDSTATION9
        6: TURN_TO SATELLITE7 GROUNDSTATION5 GROUNDSTATION101
        7: TURN_TO SATELLITE8 STAR114 GROUNDSTATION102
        8: TAKE_IMAGE SATELLITE0 PLANET135 INSTRUMENT0 INFRARED1
        9: TURN_TO SATELLITE0 STAR136 PLANET135
       10: TAKE_IMAGE SATELLITE0 STAR136 INSTRUMENT0 IMAGE2
       11: TURN_TO SATELLITE0 GROUNDSTATION104 STAR136
     

time spent:    0.00 seconds instantiating 205465 easy, 0 hard action templates
               0.03 seconds reachability analysis, yielding 2177 facts and 205465 actions
               0.03 seconds creating final representation with 2177 relevant facts, 0 relevant fluents
               0.24 seconds computing LNF
               0.07 seconds building connectivity graph
               0.34 seconds searching, evaluating 26 states, to a max depth of 1
               0.71 seconds total time

