
ff: parsing domain file
domain 'SATELLITE' defined
 ... done.
ff: parsing problem file
problem 'STRIPS-SAT-X-1' defined
 ... done.


no metric specified. plan length assumed.

checking for cyclic := effects --- OK.

ff: search configuration is EHC, if that fails then  best-first on 1*g(s) + 5*h(s) where
    metric is  plan length

Cueing down from goal distance:   14 into depth [1]
                                  12            [1]
                                  11            [1]
                                  10            [1]
                                   9            [1][2]
                                   8            [1]
                                   7            [1]
                                   6            [1]
                                   5            [1]
                                   4            [1]
                                   3            [1]
                                   2            [1]
                                   1            [1]
                                   0            

ff: found legal plan as follows

step    0: TURN_TO SATELLITE0 STAR87 STAR69
        1: TURN_TO SATELLITE7 GROUNDSTATION91 STAR17
        2: TURN_TO SATELLITE8 STAR21 STAR101
        3: TURN_TO SATELLITE9 GROUNDSTATION118 GROUNDSTATION86
        4: SWITCH_ON INSTRUMENT1 SATELLITE0
        5: TURN_TO SATELLITE1 STAR99 GROUNDSTATION94
        6: CALIBRATE SATELLITE0 INSTRUMENT1 STAR87
        7: TURN_TO SATELLITE0 PLANET135 STAR87
        8: SWITCH_ON INSTRUMENT10 SATELLITE1
        9: CALIBRATE SATELLITE1 INSTRUMENT10 STAR99
       10: TURN_TO SATELLITE1 PLANET136 STAR99
       11: TAKE_IMAGE SATELLITE0 PLANET135 INSTRUMENT1 INFRARED4
       12: TURN_TO SATELLITE0 GROUNDSTATION48 PLANET135
       13: TAKE_IMAGE SATELLITE1 PLANET136 INSTRUMENT10 SPECTROGRAPH0
     

time spent:    0.01 seconds instantiating 204083 easy, 0 hard action templates
               0.01 seconds reachability analysis, yielding 2191 facts and 204083 actions
               0.03 seconds creating final representation with 2191 relevant facts, 0 relevant fluents
               0.25 seconds computing LNF
               0.08 seconds building connectivity graph
               0.48 seconds searching, evaluating 35 states, to a max depth of 2
               0.86 seconds total time

