
ff: parsing domain file
domain 'SATELLITE' defined
 ... done.
ff: parsing problem file
problem 'STRIPS-SAT-X-1' defined
 ... done.


no metric specified. plan length assumed.

checking for cyclic := effects --- OK.

ff: search configuration is EHC, if that fails then  best-first on 1*g(s) + 5*h(s) where
    metric is  plan length

Cueing down from goal distance:   13 into depth [1]
                                   9            [1]
                                   8            [1]
                                   7            [1]
                                   6            [1]
                                   5            [1]
                                   4            [1]
                                   3            [1]
                                   2            [1]
                                   1            [1]
                                   0            

ff: found legal plan as follows

step    0: SWITCH_ON INSTRUMENT1 SATELLITE0
        1: CALIBRATE SATELLITE0 INSTRUMENT1 STAR119
        2: TURN_TO SATELLITE0 STAR135 STAR119
        3: TURN_TO SATELLITE1 GROUNDSTATION63 STAR99
        4: TURN_TO SATELLITE3 GROUNDSTATION41 GROUNDSTATION98
        5: TURN_TO SATELLITE7 GROUNDSTATION76 GROUNDSTATION123
        6: TURN_TO SATELLITE9 GROUNDSTATION43 STAR4
        7: TAKE_IMAGE SATELLITE0 STAR135 INSTRUMENT1 INFRARED3
        8: TURN_TO SATELLITE0 STAR136 STAR135
        9: TAKE_IMAGE SATELLITE0 STAR136 INSTRUMENT1 INFRARED4
     

time spent:    0.00 seconds instantiating 206340 easy, 0 hard action templates
               0.02 seconds reachability analysis, yielding 2185 facts and 206340 actions
               0.06 seconds creating final representation with 2185 relevant facts, 0 relevant fluents
               0.25 seconds computing LNF
               0.08 seconds building connectivity graph
               0.24 seconds searching, evaluating 18 states, to a max depth of 1
               0.65 seconds total time

