
ff: parsing domain file
domain 'SATELLITE' defined
 ... done.
ff: parsing problem file
problem 'STRIPS-SAT-X-1' defined
 ... done.


no metric specified. plan length assumed.

checking for cyclic := effects --- OK.

ff: search configuration is EHC, if that fails then  best-first on 1*g(s) + 5*h(s) where
    metric is  plan length

Cueing down from goal distance:   12 into depth [1]
                                  11            [1]
                                  10            [1]
                                   9            [1]
                                   8            [1]
                                   7            [1]
                                   6            [1]
                                   5            [1]
                                   4            [1]
                                   3            [1]
                                   2            [1]
                                   1            [1]
                                   0            

ff: found legal plan as follows

step    0: TURN_TO SATELLITE1 GROUNDSTATION80 GROUNDSTATION121
        1: SWITCH_ON INSTRUMENT2 SATELLITE1
        2: CALIBRATE SATELLITE1 INSTRUMENT2 GROUNDSTATION80
        3: TURN_TO SATELLITE1 PHENOMENON135 GROUNDSTATION80
        4: TURN_TO SATELLITE0 GROUNDSTATION100 GROUNDSTATION124
        5: TURN_TO SATELLITE5 GROUNDSTATION10 GROUNDSTATION89
        6: TURN_TO SATELLITE6 STAR6 GROUNDSTATION74
        7: TURN_TO SATELLITE7 GROUNDSTATION10 GROUNDSTATION97
        8: TURN_TO SATELLITE9 STAR18 GROUNDSTATION62
        9: TAKE_IMAGE SATELLITE1 PHENOMENON135 INSTRUMENT2 IMAGE3
       10: TURN_TO SATELLITE1 STAR136 PHENOMENON135
       11: TAKE_IMAGE SATELLITE1 STAR136 INSTRUMENT2 IMAGE2
     

time spent:    0.00 seconds instantiating 200607 easy, 0 hard action templates
               0.02 seconds reachability analysis, yielding 2155 facts and 200607 actions
               0.04 seconds creating final representation with 2155 relevant facts, 0 relevant fluents
               0.25 seconds computing LNF
               0.08 seconds building connectivity graph
               0.30 seconds searching, evaluating 21 states, to a max depth of 1
               0.69 seconds total time

