
ff: parsing domain file
domain 'SATELLITE' defined
 ... done.
ff: parsing problem file
problem 'STRIPS-SAT-X-1' defined
 ... done.


no metric specified. plan length assumed.

checking for cyclic := effects --- OK.

ff: search configuration is EHC, if that fails then  best-first on 1*g(s) + 5*h(s) where
    metric is  plan length

Cueing down from goal distance:   11 into depth [1]
                                  10            [1]
                                   9            [1]
                                   8            [1]
                                   7            [1]
                                   6            [1]
                                   5            [1]
                                   4            [1]
                                   3            [1]
                                   2            [1]
                                   1            [1]
                                   0            

ff: found legal plan as follows

step    0: SWITCH_ON INSTRUMENT0 SATELLITE0
        1: CALIBRATE SATELLITE0 INSTRUMENT0 STAR104
        2: TURN_TO SATELLITE0 STAR135 STAR104
        3: TURN_TO SATELLITE2 STAR58 GROUNDSTATION128
        4: TURN_TO SATELLITE3 GROUNDSTATION134 STAR21
        5: TURN_TO SATELLITE4 STAR116 GROUNDSTATION2
        6: TURN_TO SATELLITE5 GROUNDSTATION115 STAR106
        7: TURN_TO SATELLITE8 STAR111 STAR15
        8: TAKE_IMAGE SATELLITE0 STAR135 INSTRUMENT0 THERMOGRAPH2
        9: TURN_TO SATELLITE0 PLANET136 STAR135
       10: TAKE_IMAGE SATELLITE0 PLANET136 INSTRUMENT0 THERMOGRAPH1
     

time spent:    0.00 seconds instantiating 204952 easy, 0 hard action templates
               0.03 seconds reachability analysis, yielding 2183 facts and 204952 actions
               0.02 seconds creating final representation with 2183 relevant facts, 0 relevant fluents
               0.25 seconds computing LNF
               0.08 seconds building connectivity graph
               0.22 seconds searching, evaluating 20 states, to a max depth of 1
               0.60 seconds total time

