
ff: parsing domain file
domain 'SATELLITE' defined
 ... done.
ff: parsing problem file
problem 'STRIPS-SAT-X-1' defined
 ... done.


no metric specified. plan length assumed.

checking for cyclic := effects --- OK.

ff: search configuration is EHC, if that fails then  best-first on 1*g(s) + 5*h(s) where
    metric is  plan length

Cueing down from goal distance:   11 into depth [1]
                                  10            [1]
                                   9            [1]
                                   8            [1]
                                   7            [1]
                                   6            [1]
                                   5            [1]
                                   4            [1]
                                   3            [1][2]
                                   2            [1]
                                   1            [1]
                                   0            

ff: found legal plan as follows

step    0: TURN_TO SATELLITE2 PHENOMENON93 GROUNDSTATION62
        1: SWITCH_ON INSTRUMENT9 SATELLITE2
        2: SWITCH_ON INSTRUMENT3 SATELLITE0
        3: CALIBRATE SATELLITE0 INSTRUMENT3 GROUNDSTATION3
        4: TURN_TO SATELLITE0 PHENOMENON94 GROUNDSTATION3
        5: TURN_TO SATELLITE3 STAR34 GROUNDSTATION15
        6: TURN_TO SATELLITE8 GROUNDSTATION87 STAR67
        7: TAKE_IMAGE SATELLITE0 PHENOMENON94 INSTRUMENT3 INFRARED2
        8: TURN_TO SATELLITE2 STAR75 PHENOMENON93
        9: CALIBRATE SATELLITE2 INSTRUMENT9 STAR75
       10: TURN_TO SATELLITE2 PHENOMENON93 STAR75
       11: TAKE_IMAGE SATELLITE2 PHENOMENON93 INSTRUMENT9 INFRARED3
     

time spent:    0.00 seconds instantiating 101735 easy, 0 hard action templates
               0.01 seconds reachability analysis, yielding 1547 facts and 101735 actions
               0.02 seconds creating final representation with 1547 relevant facts, 0 relevant fluents
               0.12 seconds computing LNF
               0.04 seconds building connectivity graph
               0.13 seconds searching, evaluating 24 states, to a max depth of 2
               0.32 seconds total time

