
ff: parsing domain file
domain 'SATELLITE' defined
 ... done.
ff: parsing problem file
problem 'STRIPS-SAT-X-1' defined
 ... done.


no metric specified. plan length assumed.

checking for cyclic := effects --- OK.

ff: search configuration is EHC, if that fails then  best-first on 1*g(s) + 5*h(s) where
    metric is  plan length

Cueing down from goal distance:   11 into depth [1]
                                   7            [1]
                                   6            [1]
                                   5            [1]
                                   4            [1]
                                   3            [1]
                                   2            [1]
                                   1            [1]
                                   0            

ff: found legal plan as follows

step    0: SWITCH_ON INSTRUMENT3 SATELLITE0
        1: CALIBRATE SATELLITE0 INSTRUMENT3 STAR16
        2: TURN_TO SATELLITE0 PHENOMENON93 STAR16
        3: TURN_TO SATELLITE1 STAR16 STAR90
        4: TAKE_IMAGE SATELLITE0 PHENOMENON93 INSTRUMENT3 INFRARED2
        5: TURN_TO SATELLITE0 STAR94 PHENOMENON93
        6: TAKE_IMAGE SATELLITE0 STAR94 INSTRUMENT3 INFRARED4
        7: TURN_TO SATELLITE0 GROUNDSTATION39 STAR94
     

time spent:    0.00 seconds instantiating 99947 easy, 0 hard action templates
               0.01 seconds reachability analysis, yielding 1533 facts and 99947 actions
               0.02 seconds creating final representation with 1533 relevant facts, 0 relevant fluents
               0.12 seconds computing LNF
               0.04 seconds building connectivity graph
               0.09 seconds searching, evaluating 18 states, to a max depth of 1
               0.28 seconds total time

