
ff: parsing domain file
domain 'SATELLITE' defined
 ... done.
ff: parsing problem file
problem 'STRIPS-SAT-X-1' defined
 ... done.


no metric specified. plan length assumed.

checking for cyclic := effects --- OK.

ff: search configuration is EHC, if that fails then  best-first on 1*g(s) + 5*h(s) where
    metric is  plan length

Cueing down from goal distance:   15 into depth [1]
                                  14            [1]
                                  13            [1]
                                  12            [1]
                                  11            [1]
                                  10            [1]
                                   9            [1]
                                   8            [1]
                                   7            [1]
                                   6            [1]
                                   5            [1]
                                   4            [1][2]
                                   3            [1]
                                   2            [1]
                                   1            [1]
                                   0            

ff: found legal plan as follows

step    0: TURN_TO SATELLITE0 STAR63 GROUNDSTATION66
        1: SWITCH_ON INSTRUMENT38 SATELLITE5
        2: SWITCH_ON INSTRUMENT3 SATELLITE0
        3: CALIBRATE SATELLITE0 INSTRUMENT3 STAR63
        4: TURN_TO SATELLITE0 PHENOMENON94 STAR63
        5: TURN_TO SATELLITE1 GROUNDSTATION2 STAR70
        6: TURN_TO SATELLITE2 STAR26 GROUNDSTATION39
        7: TURN_TO SATELLITE3 STAR29 STAR44
        8: TURN_TO SATELLITE7 STAR43 STAR47
        9: TURN_TO SATELLITE9 STAR63 STAR18
       10: TAKE_IMAGE SATELLITE0 PHENOMENON94 INSTRUMENT3 SPECTROGRAPH0
       11: TURN_TO SATELLITE5 STAR86 STAR93
       12: CALIBRATE SATELLITE5 INSTRUMENT38 STAR86
       13: TURN_TO SATELLITE5 STAR93 STAR86
       14: TAKE_IMAGE SATELLITE5 STAR93 INSTRUMENT38 INFRARED1
       15: TURN_TO SATELLITE5 STAR55 STAR93
     

time spent:    0.00 seconds instantiating 104519 easy, 0 hard action templates
               0.01 seconds reachability analysis, yielding 1577 facts and 104519 actions
               0.02 seconds creating final representation with 1577 relevant facts, 0 relevant fluents
               0.12 seconds computing LNF
               0.05 seconds building connectivity graph
               0.15 seconds searching, evaluating 33 states, to a max depth of 2
               0.35 seconds total time

