
ff: parsing domain file
domain 'SATELLITE' defined
 ... done.
ff: parsing problem file
problem 'STRIPS-SAT-X-1' defined
 ... done.


no metric specified. plan length assumed.

checking for cyclic := effects --- OK.

ff: search configuration is EHC, if that fails then  best-first on 1*g(s) + 5*h(s) where
    metric is  plan length

Cueing down from goal distance:   15 into depth [1]
                                  14            [1]
                                  13            [1]
                                  12            [1]
                                  11            [1]
                                  10            [1]
                                   9            [1]
                                   8            [1]
                                   7            [1]
                                   6            [1]
                                   5            [1]
                                   4            [1]
                                   3            [1]
                                   2            [1]
                                   1            [1]
                                   0            

ff: found legal plan as follows

step    0: SWITCH_ON INSTRUMENT0 SATELLITE0
        1: TURN_TO SATELLITE2 GROUNDSTATION57 GROUNDSTATION31
        2: CALIBRATE SATELLITE0 INSTRUMENT0 GROUNDSTATION35
        3: TURN_TO SATELLITE0 STAR93 GROUNDSTATION35
        4: SWITCH_ON INSTRUMENT14 SATELLITE2
        5: CALIBRATE SATELLITE2 INSTRUMENT14 GROUNDSTATION57
        6: TURN_TO SATELLITE2 PHENOMENON94 GROUNDSTATION57
        7: TURN_TO SATELLITE1 GROUNDSTATION44 STAR27
        8: TURN_TO SATELLITE4 GROUNDSTATION42 GROUNDSTATION87
        9: TURN_TO SATELLITE5 GROUNDSTATION37 GROUNDSTATION81
       10: TURN_TO SATELLITE8 GROUNDSTATION44 GROUNDSTATION36
       11: TURN_TO SATELLITE9 STAR43 STAR63
       12: TAKE_IMAGE SATELLITE0 STAR93 INSTRUMENT0 INFRARED1
       13: TAKE_IMAGE SATELLITE2 PHENOMENON94 INSTRUMENT14 THERMOGRAPH3
       14: TURN_TO SATELLITE2 STAR52 PHENOMENON94
     

time spent:    0.00 seconds instantiating 104932 easy, 0 hard action templates
               0.01 seconds reachability analysis, yielding 1557 facts and 104932 actions
               0.02 seconds creating final representation with 1557 relevant facts, 0 relevant fluents
               0.11 seconds computing LNF
               0.05 seconds building connectivity graph
               0.07 seconds searching, evaluating 23 states, to a max depth of 1
               0.26 seconds total time

