
ff: parsing domain file
domain 'SATELLITE' defined
 ... done.
ff: parsing problem file
problem 'STRIPS-SAT-X-1' defined
 ... done.


no metric specified. plan length assumed.

checking for cyclic := effects --- OK.

ff: search configuration is EHC, if that fails then  best-first on 1*g(s) + 5*h(s) where
    metric is  plan length

Cueing down from goal distance:    9 into depth [1]
                                   8            [1]
                                   7            [1]
                                   6            [1]
                                   5            [1]
                                   4            [1]
                                   3            [1]
                                   2            [1]
                                   1            [1]
                                   0            

ff: found legal plan as follows

step    0: TURN_TO SATELLITE0 STAR57 GROUNDSTATION23
        1: SWITCH_ON INSTRUMENT0 SATELLITE0
        2: CALIBRATE SATELLITE0 INSTRUMENT0 STAR57
        3: TURN_TO SATELLITE0 PLANET94 STAR57
        4: TURN_TO SATELLITE1 STAR45 GROUNDSTATION10
        5: TURN_TO SATELLITE2 GROUNDSTATION33 STAR64
        6: TURN_TO SATELLITE4 GROUNDSTATION42 GROUNDSTATION79
        7: TURN_TO SATELLITE7 GROUNDSTATION91 STAR57
        8: TAKE_IMAGE SATELLITE0 PLANET94 INSTRUMENT0 THERMOGRAPH1
     

time spent:    0.00 seconds instantiating 102395 easy, 0 hard action templates
               0.01 seconds reachability analysis, yielding 1551 facts and 102395 actions
               0.02 seconds creating final representation with 1551 relevant facts, 0 relevant fluents
               0.14 seconds computing LNF
               0.04 seconds building connectivity graph
               0.02 seconds searching, evaluating 10 states, to a max depth of 1
               0.23 seconds total time

