
ff: parsing domain file
domain 'SATELLITE' defined
 ... done.
ff: parsing problem file
problem 'STRIPS-SAT-X-1' defined
 ... done.


no metric specified. plan length assumed.

checking for cyclic := effects --- OK.

ff: search configuration is EHC, if that fails then  best-first on 1*g(s) + 5*h(s) where
    metric is  plan length

Cueing down from goal distance:   11 into depth [1]
                                  10            [1]
                                   9            [1]
                                   8            [1]
                                   7            [1]
                                   6            [1]
                                   5            [1]
                                   4            [1]
                                   3            [1]
                                   2            [1]
                                   1            [1]
                                   0            

ff: found legal plan as follows

step    0: TURN_TO SATELLITE0 STAR15 GROUNDSTATION45
        1: SWITCH_ON INSTRUMENT0 SATELLITE0
        2: CALIBRATE SATELLITE0 INSTRUMENT0 STAR15
        3: TURN_TO SATELLITE0 PLANET93 STAR15
        4: TURN_TO SATELLITE3 GROUNDSTATION21 STAR7
        5: TURN_TO SATELLITE5 GROUNDSTATION5 GROUNDSTATION87
        6: TURN_TO SATELLITE7 STAR75 GROUNDSTATION48
        7: TAKE_IMAGE SATELLITE0 PLANET93 INSTRUMENT0 IMAGE2
        8: TURN_TO SATELLITE0 PHENOMENON94 PLANET93
        9: TAKE_IMAGE SATELLITE0 PHENOMENON94 INSTRUMENT0 SPECTROGRAPH3
       10: TURN_TO SATELLITE0 STAR11 PHENOMENON94
     

time spent:    0.00 seconds instantiating 103939 easy, 0 hard action templates
               0.01 seconds reachability analysis, yielding 1573 facts and 103939 actions
               0.02 seconds creating final representation with 1573 relevant facts, 0 relevant fluents
               0.14 seconds computing LNF
               0.05 seconds building connectivity graph
               0.15 seconds searching, evaluating 23 states, to a max depth of 1
               0.37 seconds total time

