
ff: parsing domain file
domain 'SATELLITE' defined
 ... done.
ff: parsing problem file
problem 'STRIPS-SAT-X-1' defined
 ... done.


no metric specified. plan length assumed.

checking for cyclic := effects --- OK.

ff: search configuration is EHC, if that fails then  best-first on 1*g(s) + 5*h(s) where
    metric is  plan length

Cueing down from goal distance:   10 into depth [1]
                                   9            [1]
                                   8            [1]
                                   7            [1]
                                   6            [1]
                                   5            [1]
                                   4            [1]
                                   3            [1]
                                   2            [1]
                                   1            [1]
                                   0            

ff: found legal plan as follows

step    0: TURN_TO SATELLITE0 STAR55 GROUNDSTATION89
        1: SWITCH_ON INSTRUMENT0 SATELLITE0
        2: CALIBRATE SATELLITE0 INSTRUMENT0 STAR55
        3: TURN_TO SATELLITE0 PLANET122 STAR55
        4: TURN_TO SATELLITE1 GROUNDSTATION59 GROUNDSTATION82
        5: TURN_TO SATELLITE4 STAR87 GROUNDSTATION6
        6: TURN_TO SATELLITE7 STAR10 GROUNDSTATION84
        7: TAKE_IMAGE SATELLITE0 PLANET122 INSTRUMENT0 SPECTROGRAPH1
        8: TURN_TO SATELLITE0 PLANET123 PLANET122
        9: TAKE_IMAGE SATELLITE0 PLANET123 INSTRUMENT0 SPECTROGRAPH1
     

time spent:    0.00 seconds instantiating 168858 easy, 0 hard action templates
               0.02 seconds reachability analysis, yielding 1984 facts and 168858 actions
               0.02 seconds creating final representation with 1984 relevant facts, 0 relevant fluents
               0.21 seconds computing LNF
               0.07 seconds building connectivity graph
               0.14 seconds searching, evaluating 17 states, to a max depth of 1
               0.46 seconds total time

