
ff: parsing domain file
domain 'SATELLITE' defined
 ... done.
ff: parsing problem file
problem 'STRIPS-SAT-X-1' defined
 ... done.


no metric specified. plan length assumed.

checking for cyclic := effects --- OK.

ff: search configuration is EHC, if that fails then  best-first on 1*g(s) + 5*h(s) where
    metric is  plan length

Cueing down from goal distance:   10 into depth [1]
                                   9            [1]
                                   8            [1]
                                   7            [1]
                                   6            [1]
                                   5            [1]
                                   4            [1]
                                   3            [1]
                                   2            [1]
                                   1            [1]
                                   0            

ff: found legal plan as follows

step    0: TURN_TO SATELLITE0 GROUNDSTATION12 GROUNDSTATION10
        1: SWITCH_ON INSTRUMENT1 SATELLITE0
        2: CALIBRATE SATELLITE0 INSTRUMENT1 GROUNDSTATION12
        3: TURN_TO SATELLITE0 STAR122 GROUNDSTATION12
        4: TURN_TO SATELLITE2 GROUNDSTATION102 GROUNDSTATION38
        5: TURN_TO SATELLITE9 STAR74 STAR69
        6: TAKE_IMAGE SATELLITE0 STAR122 INSTRUMENT1 INFRARED0
        7: TURN_TO SATELLITE0 STAR123 STAR122
        8: TAKE_IMAGE SATELLITE0 STAR123 INSTRUMENT1 SPECTROGRAPH4
        9: TURN_TO SATELLITE0 STAR46 STAR123
     

time spent:    0.00 seconds instantiating 169878 easy, 0 hard action templates
               0.01 seconds reachability analysis, yielding 1992 facts and 169878 actions
               0.04 seconds creating final representation with 1992 relevant facts, 0 relevant fluents
               0.22 seconds computing LNF
               0.07 seconds building connectivity graph
               0.26 seconds searching, evaluating 20 states, to a max depth of 1
               0.60 seconds total time

