
ff: parsing domain file
domain 'SATELLITE' defined
 ... done.
ff: parsing problem file
problem 'STRIPS-SAT-X-1' defined
 ... done.


no metric specified. plan length assumed.

checking for cyclic := effects --- OK.

ff: search configuration is EHC, if that fails then  best-first on 1*g(s) + 5*h(s) where
    metric is  plan length

Cueing down from goal distance:   10 into depth [1]
                                   9            [1]
                                   8            [1]
                                   7            [1]
                                   6            [1]
                                   5            [1]
                                   4            [1][2]
                                   3            [1]
                                   2            [1]
                                   1            [1]
                                   0            

ff: found legal plan as follows

step    0: SWITCH_ON INSTRUMENT0 SATELLITE0
        1: TURN_TO SATELLITE0 GROUNDSTATION96 STAR123
        2: CALIBRATE SATELLITE0 INSTRUMENT0 GROUNDSTATION96
        3: TURN_TO SATELLITE2 STAR58 GROUNDSTATION6
        4: TURN_TO SATELLITE3 STAR83 GROUNDSTATION3
        5: TURN_TO SATELLITE6 GROUNDSTATION105 GROUNDSTATION60
        6: TURN_TO SATELLITE0 PHENOMENON122 GROUNDSTATION96
        7: TAKE_IMAGE SATELLITE0 PHENOMENON122 INSTRUMENT0 IMAGE3
        8: TURN_TO SATELLITE0 STAR123 PHENOMENON122
        9: TAKE_IMAGE SATELLITE0 STAR123 INSTRUMENT0 IMAGE3
       10: TURN_TO SATELLITE0 GROUNDSTATION96 STAR123
     

time spent:    0.01 seconds instantiating 172762 easy, 0 hard action templates
               0.01 seconds reachability analysis, yielding 2002 facts and 172762 actions
               0.03 seconds creating final representation with 2002 relevant facts, 0 relevant fluents
               0.22 seconds computing LNF
               0.07 seconds building connectivity graph
               0.21 seconds searching, evaluating 25 states, to a max depth of 2
               0.55 seconds total time

