
ff: parsing domain file
domain 'SATELLITE' defined
 ... done.
ff: parsing problem file
problem 'STRIPS-SAT-X-1' defined
 ... done.


no metric specified. plan length assumed.

checking for cyclic := effects --- OK.

ff: search configuration is EHC, if that fails then  best-first on 1*g(s) + 5*h(s) where
    metric is  plan length

Cueing down from goal distance:   11 into depth [1]
                                  10            [1]
                                   9            [1]
                                   8            [1]
                                   7            [1]
                                   6            [1]
                                   5            [1]
                                   4            [1]
                                   3            [1]
                                   2            [1]
                                   1            [1]
                                   0            

ff: found legal plan as follows

step    0: TURN_TO SATELLITE0 STAR78 GROUNDSTATION10
        1: SWITCH_ON INSTRUMENT0 SATELLITE0
        2: CALIBRATE SATELLITE0 INSTRUMENT0 STAR78
        3: TURN_TO SATELLITE0 PLANET122 STAR78
        4: TURN_TO SATELLITE1 STAR36 GROUNDSTATION113
        5: TURN_TO SATELLITE6 STAR120 GROUNDSTATION104
        6: TURN_TO SATELLITE8 GROUNDSTATION22 STAR101
        7: TURN_TO SATELLITE9 STAR88 GROUNDSTATION46
        8: TAKE_IMAGE SATELLITE0 PLANET122 INSTRUMENT0 IMAGE2
        9: TURN_TO SATELLITE0 STAR123 PLANET122
       10: TAKE_IMAGE SATELLITE0 STAR123 INSTRUMENT0 IMAGE2
     

time spent:    0.00 seconds instantiating 167579 easy, 0 hard action templates
               0.02 seconds reachability analysis, yielding 1972 facts and 167579 actions
               0.02 seconds creating final representation with 1972 relevant facts, 0 relevant fluents
               0.21 seconds computing LNF
               0.07 seconds building connectivity graph
               0.15 seconds searching, evaluating 19 states, to a max depth of 1
               0.47 seconds total time

