
ff: parsing domain file
domain 'SATELLITE' defined
 ... done.
ff: parsing problem file
problem 'STRIPS-SAT-X-1' defined
 ... done.


no metric specified. plan length assumed.

checking for cyclic := effects --- OK.

ff: search configuration is EHC, if that fails then  best-first on 1*g(s) + 5*h(s) where
    metric is  plan length

Cueing down from goal distance:   12 into depth [1]
                                  11            [1]
                                  10            [1]
                                   9            [1]
                                   8            [1]
                                   7            [1]
                                   6            [1]
                                   5            [1]
                                   4            [1]
                                   3            [1]
                                   2            [1]
                                   1            [1]
                                   0            

ff: found legal plan as follows

step    0: SWITCH_ON INSTRUMENT13 SATELLITE3
        1: CALIBRATE SATELLITE3 INSTRUMENT13 GROUNDSTATION17
        2: TURN_TO SATELLITE3 STAR122 GROUNDSTATION17
        3: SWITCH_ON INSTRUMENT1 SATELLITE0
        4: CALIBRATE SATELLITE0 INSTRUMENT1 STAR107
        5: TURN_TO SATELLITE0 STAR123 STAR107
        6: TURN_TO SATELLITE1 STAR77 STAR58
        7: TURN_TO SATELLITE6 STAR16 GROUNDSTATION31
        8: TURN_TO SATELLITE7 GROUNDSTATION5 STAR118
        9: TAKE_IMAGE SATELLITE3 STAR122 INSTRUMENT13 IMAGE1
       10: TAKE_IMAGE SATELLITE0 STAR123 INSTRUMENT1 IMAGE0
       11: TURN_TO SATELLITE0 STAR43 STAR123
     

time spent:    0.00 seconds instantiating 166351 easy, 0 hard action templates
               0.02 seconds reachability analysis, yielding 1966 facts and 166351 actions
               0.03 seconds creating final representation with 1966 relevant facts, 0 relevant fluents
               0.19 seconds computing LNF
               0.07 seconds building connectivity graph
               0.11 seconds searching, evaluating 18 states, to a max depth of 1
               0.42 seconds total time

