
ff: parsing domain file
domain 'SATELLITE' defined
 ... done.
ff: parsing problem file
problem 'STRIPS-SAT-X-1' defined
 ... done.


no metric specified. plan length assumed.

checking for cyclic := effects --- OK.

ff: search configuration is EHC, if that fails then  best-first on 1*g(s) + 5*h(s) where
    metric is  plan length

Cueing down from goal distance:   15 into depth [1]
                                  14            [1]
                                  13            [1]
                                  12            [1]
                                  11            [1]
                                  10            [1]
                                   9            [1]
                                   8            [1]
                                   7            [1]
                                   6            [1]
                                   5            [1]
                                   4            [1]
                                   3            [1][2]
                                   2            [1]
                                   1            [1]
                                   0            

ff: found legal plan as follows

step    0: TURN_TO SATELLITE0 GROUNDSTATION15 STAR16
        1: SWITCH_ON INSTRUMENT2 SATELLITE0
        2: CALIBRATE SATELLITE0 INSTRUMENT2 GROUNDSTATION15
        3: TURN_TO SATELLITE0 PHENOMENON48 GROUNDSTATION15
        4: SWITCH_ON INSTRUMENT12 SATELLITE3
        5: TURN_TO SATELLITE1 STAR49 STAR8
        6: TURN_TO SATELLITE2 GROUNDSTATION2 GROUNDSTATION36
        7: TURN_TO SATELLITE4 GROUNDSTATION45 STAR25
        8: TURN_TO SATELLITE5 STAR22 GROUNDSTATION36
        9: TURN_TO SATELLITE6 STAR29 STAR31
       10: TURN_TO SATELLITE9 GROUNDSTATION39 STAR3
       11: TAKE_IMAGE SATELLITE0 PHENOMENON48 INSTRUMENT2 INFRARED0
       12: TURN_TO SATELLITE3 STAR29 STAR49
       13: CALIBRATE SATELLITE3 INSTRUMENT12 STAR29
       14: TURN_TO SATELLITE3 STAR49 STAR29
       15: TAKE_IMAGE SATELLITE3 STAR49 INSTRUMENT12 IMAGE3
     

time spent:    0.00 seconds instantiating 32048 easy, 0 hard action templates
               0.00 seconds reachability analysis, yielding 880 facts and 32048 actions
               0.01 seconds creating final representation with 880 relevant facts, 0 relevant fluents
               0.03 seconds computing LNF
               0.01 seconds building connectivity graph
               0.02 seconds searching, evaluating 28 states, to a max depth of 2
               0.07 seconds total time

