
ff: parsing domain file
domain 'SATELLITE' defined
 ... done.
ff: parsing problem file
problem 'STRIPS-SAT-X-1' defined
 ... done.


no metric specified. plan length assumed.

checking for cyclic := effects --- OK.

ff: search configuration is EHC, if that fails then  best-first on 1*g(s) + 5*h(s) where
    metric is  plan length

Cueing down from goal distance:   13 into depth [1]
                                  11            [1]
                                  10            [1]
                                   9            [1]
                                   8            [1][2]
                                   7            [1]
                                   6            [1]
                                   5            [1]
                                   4            [1]
                                   3            [1]
                                   2            [1]
                                   1            [1]
                                   0            

ff: found legal plan as follows

step    0: TURN_TO SATELLITE0 GROUNDSTATION28 GROUNDSTATION24
        1: TURN_TO SATELLITE6 STAR16 GROUNDSTATION1
        2: TURN_TO SATELLITE8 GROUNDSTATION27 STAR29
        3: TURN_TO SATELLITE9 STAR30 GROUNDSTATION41
        4: SWITCH_ON INSTRUMENT2 SATELLITE0
        5: TURN_TO SATELLITE1 STAR13 STAR21
        6: CALIBRATE SATELLITE0 INSTRUMENT2 GROUNDSTATION28
        7: TURN_TO SATELLITE0 PHENOMENON48 GROUNDSTATION28
        8: SWITCH_ON INSTRUMENT4 SATELLITE1
        9: CALIBRATE SATELLITE1 INSTRUMENT4 STAR13
       10: TURN_TO SATELLITE1 PLANET49 STAR13
       11: TAKE_IMAGE SATELLITE0 PHENOMENON48 INSTRUMENT2 THERMOGRAPH1
       12: TAKE_IMAGE SATELLITE1 PLANET49 INSTRUMENT4 IMAGE0
     

time spent:    0.00 seconds instantiating 31196 easy, 0 hard action templates
               0.00 seconds reachability analysis, yielding 874 facts and 31196 actions
               0.00 seconds creating final representation with 874 relevant facts, 0 relevant fluents
               0.04 seconds computing LNF
               0.01 seconds building connectivity graph
               0.02 seconds searching, evaluating 29 states, to a max depth of 2
               0.07 seconds total time

