
ff: parsing domain file
domain 'SATELLITE' defined
 ... done.
ff: parsing problem file
problem 'STRIPS-SAT-X-1' defined
 ... done.


no metric specified. plan length assumed.

checking for cyclic := effects --- OK.

ff: search configuration is EHC, if that fails then  best-first on 1*g(s) + 5*h(s) where
    metric is  plan length

Cueing down from goal distance:   14 into depth [1]
                                  12            [1]
                                  11            [1]
                                  10            [1]
                                   9            [1]
                                   8            [1]
                                   7            [1]
                                   6            [1]
                                   5            [1]
                                   4            [1]
                                   3            [1]
                                   2            [1]
                                   1            [1]
                                   0            

ff: found legal plan as follows

step    0: TURN_TO SATELLITE2 STAR30 PLANET48
        1: TURN_TO SATELLITE0 STAR1 STAR22
        2: SWITCH_ON INSTRUMENT0 SATELLITE0
        3: CALIBRATE SATELLITE0 INSTRUMENT0 STAR1
        4: TURN_TO SATELLITE0 PLANET48 STAR1
        5: TURN_TO SATELLITE1 STAR14 STAR12
        6: TURN_TO SATELLITE3 STAR12 GROUNDSTATION2
        7: TURN_TO SATELLITE4 STAR16 GROUNDSTATION17
        8: TURN_TO SATELLITE7 GROUNDSTATION8 GROUNDSTATION27
        9: TAKE_IMAGE SATELLITE0 PLANET48 INSTRUMENT0 INFRARED4
       10: TURN_TO SATELLITE0 STAR49 PLANET48
       11: TAKE_IMAGE SATELLITE0 STAR49 INSTRUMENT0 INFRARED4
       12: TURN_TO SATELLITE0 STAR0 STAR49
     

time spent:    0.00 seconds instantiating 30508 easy, 0 hard action templates
               0.00 seconds reachability analysis, yielding 860 facts and 30508 actions
               0.00 seconds creating final representation with 860 relevant facts, 0 relevant fluents
               0.04 seconds computing LNF
               0.02 seconds building connectivity graph
               0.02 seconds searching, evaluating 27 states, to a max depth of 1
               0.08 seconds total time

