
ff: parsing domain file
domain 'SATELLITE' defined
 ... done.
ff: parsing problem file
problem 'STRIPS-SAT-X-1' defined
 ... done.


no metric specified. plan length assumed.

checking for cyclic := effects --- OK.

ff: search configuration is EHC, if that fails then  best-first on 1*g(s) + 5*h(s) where
    metric is  plan length

Cueing down from goal distance:   13 into depth [1]
                                  12            [1]
                                  11            [1]
                                  10            [1]
                                   9            [1]
                                   8            [1]
                                   7            [1]
                                   6            [1]
                                   5            [1]
                                   4            [1]
                                   3            [1]
                                   2            [1]
                                   1            [1]
                                   0            

ff: found legal plan as follows

step    0: TURN_TO SATELLITE1 GROUNDSTATION9 STAR3
        1: SWITCH_ON INSTRUMENT0 SATELLITE0
        2: CALIBRATE SATELLITE0 INSTRUMENT0 STAR13
        3: TURN_TO SATELLITE0 PHENOMENON48 STAR13
        4: SWITCH_ON INSTRUMENT5 SATELLITE1
        5: CALIBRATE SATELLITE1 INSTRUMENT5 GROUNDSTATION9
        6: TURN_TO SATELLITE1 STAR49 GROUNDSTATION9
        7: TURN_TO SATELLITE2 STAR42 GROUNDSTATION39
        8: TURN_TO SATELLITE6 STAR6 STAR36
        9: TURN_TO SATELLITE9 GROUNDSTATION33 GROUNDSTATION35
       10: TAKE_IMAGE SATELLITE0 PHENOMENON48 INSTRUMENT0 INFRARED1
       11: TAKE_IMAGE SATELLITE1 STAR49 INSTRUMENT5 IMAGE3
       12: TURN_TO SATELLITE1 GROUNDSTATION22 STAR49
     

time spent:    0.00 seconds instantiating 31131 easy, 0 hard action templates
               0.00 seconds reachability analysis, yielding 870 facts and 31131 actions
               0.01 seconds creating final representation with 870 relevant facts, 0 relevant fluents
               0.03 seconds computing LNF
               0.01 seconds building connectivity graph
               0.01 seconds searching, evaluating 19 states, to a max depth of 1
               0.06 seconds total time

