
ff: parsing domain file
domain 'SATELLITE' defined
 ... done.
ff: parsing problem file
problem 'STRIPS-SAT-X-1' defined
 ... done.


no metric specified. plan length assumed.

checking for cyclic := effects --- OK.

ff: search configuration is EHC, if that fails then  best-first on 1*g(s) + 5*h(s) where
    metric is  plan length

Cueing down from goal distance:   12 into depth [1]
                                  11            [1]
                                  10            [1]
                                   9            [1]
                                   8            [1]
                                   7            [1]
                                   6            [1]
                                   5            [1]
                                   4            [1]
                                   3            [1]
                                   2            [1]
                                   1            [1]
                                   0            

ff: found legal plan as follows

step    0: TURN_TO SATELLITE0 STAR112 GROUNDSTATION89
        1: SWITCH_ON INSTRUMENT1 SATELLITE0
        2: TURN_TO SATELLITE1 GROUNDSTATION68 STAR71
        3: CALIBRATE SATELLITE0 INSTRUMENT1 STAR112
        4: TURN_TO SATELLITE0 STAR193 STAR112
        5: SWITCH_ON INSTRUMENT4 SATELLITE1
        6: CALIBRATE SATELLITE1 INSTRUMENT4 GROUNDSTATION68
        7: TURN_TO SATELLITE1 STAR194 GROUNDSTATION68
        8: TURN_TO SATELLITE6 STAR132 GROUNDSTATION16
        9: TAKE_IMAGE SATELLITE0 STAR193 INSTRUMENT1 SPECTROGRAPH3
       10: TURN_TO SATELLITE0 STAR97 STAR193
       11: TAKE_IMAGE SATELLITE1 STAR194 INSTRUMENT4 IMAGE2
     

time spent:    0.01 seconds instantiating 408793 easy, 0 hard action templates
               0.03 seconds reachability analysis, yielding 3071 facts and 408793 actions
               0.07 seconds creating final representation with 3071 relevant facts, 0 relevant fluents
               0.46 seconds computing LNF
               0.16 seconds building connectivity graph
               0.36 seconds searching, evaluating 16 states, to a max depth of 1
               1.09 seconds total time

