
ff: parsing domain file
domain 'SATELLITE' defined
 ... done.
ff: parsing problem file
problem 'STRIPS-SAT-X-1' defined
 ... done.


no metric specified. plan length assumed.

checking for cyclic := effects --- OK.

ff: search configuration is EHC, if that fails then  best-first on 1*g(s) + 5*h(s) where
    metric is  plan length

Cueing down from goal distance:   11 into depth [1]
                                  10            [1]
                                   9            [1]
                                   8            [1]
                                   7            [1]
                                   6            [1]
                                   5            [1]
                                   4            [1]
                                   3            [1]
                                   2            [1]
                                   1            [1]
                                   0            

ff: found legal plan as follows

step    0: TURN_TO SATELLITE0 STAR161 GROUNDSTATION37
        1: SWITCH_ON INSTRUMENT0 SATELLITE0
        2: CALIBRATE SATELLITE0 INSTRUMENT0 STAR161
        3: TURN_TO SATELLITE0 PHENOMENON193 STAR161
        4: SWITCH_ON INSTRUMENT4 SATELLITE2
        5: CALIBRATE SATELLITE2 INSTRUMENT4 STAR39
        6: TURN_TO SATELLITE2 PHENOMENON194 STAR39
        7: TURN_TO SATELLITE5 GROUNDSTATION69 GROUNDSTATION118
        8: TAKE_IMAGE SATELLITE0 PHENOMENON193 INSTRUMENT0 INFRARED4
        9: TAKE_IMAGE SATELLITE2 PHENOMENON194 INSTRUMENT4 THERMOGRAPH1
       10: TURN_TO SATELLITE2 STAR124 PHENOMENON194
     

time spent:    0.01 seconds instantiating 401774 easy, 0 hard action templates
               0.04 seconds reachability analysis, yielding 3037 facts and 401774 actions
               0.07 seconds creating final representation with 3037 relevant facts, 0 relevant fluents
               0.55 seconds computing LNF
               0.16 seconds building connectivity graph
               0.32 seconds searching, evaluating 15 states, to a max depth of 1
               1.15 seconds total time

