
ff: parsing domain file
domain 'SATELLITE' defined
 ... done.
ff: parsing problem file
problem 'STRIPS-SAT-X-1' defined
 ... done.


no metric specified. plan length assumed.

checking for cyclic := effects --- OK.

ff: search configuration is EHC, if that fails then  best-first on 1*g(s) + 5*h(s) where
    metric is  plan length

Cueing down from goal distance:   13 into depth [1]
                                  12            [1]
                                  11            [1]
                                  10            [1]
                                   9            [1]
                                   8            [1]
                                   7            [1]
                                   6            [1]
                                   5            [1]
                                   4            [1]
                                   3            [1]
                                   2            [1]
                                   1            [1]
                                   0            

ff: found legal plan as follows

step    0: TURN_TO SATELLITE0 STAR58 GROUNDSTATION13
        1: SWITCH_ON INSTRUMENT1 SATELLITE0
        2: CALIBRATE SATELLITE0 INSTRUMENT1 STAR58
        3: TURN_TO SATELLITE0 STAR97 STAR58
        4: TURN_TO SATELLITE1 STAR5 GROUNDSTATION69
        5: TURN_TO SATELLITE4 STAR46 GROUNDSTATION44
        6: TURN_TO SATELLITE6 STAR50 GROUNDSTATION66
        7: TURN_TO SATELLITE8 GROUNDSTATION12 STAR71
        8: TURN_TO SATELLITE9 STAR65 GROUNDSTATION12
        9: TAKE_IMAGE SATELLITE0 STAR97 INSTRUMENT1 THERMOGRAPH0
       10: TURN_TO SATELLITE0 PLANET98 STAR97
       11: TAKE_IMAGE SATELLITE0 PLANET98 INSTRUMENT1 THERMOGRAPH0
       12: TURN_TO SATELLITE0 STAR86 PLANET98
     

time spent:    0.00 seconds instantiating 112071 easy, 0 hard action templates
               0.01 seconds reachability analysis, yielding 1619 facts and 112071 actions
               0.02 seconds creating final representation with 1619 relevant facts, 0 relevant fluents
               0.14 seconds computing LNF
               0.05 seconds building connectivity graph
               0.19 seconds searching, evaluating 29 states, to a max depth of 1
               0.41 seconds total time

