
ff: parsing domain file
domain 'SATELLITE' defined
 ... done.
ff: parsing problem file
problem 'STRIPS-SAT-X-1' defined
 ... done.


no metric specified. plan length assumed.

checking for cyclic := effects --- OK.

ff: search configuration is EHC, if that fails then  best-first on 1*g(s) + 5*h(s) where
    metric is  plan length

Cueing down from goal distance:    9 into depth [1]
                                   8            [1]
                                   7            [1]
                                   6            [1]
                                   5            [1]
                                   4            [1]
                                   3            [1]
                                   2            [1]
                                   1            [1]
                                   0            

ff: found legal plan as follows

step    0: TURN_TO SATELLITE1 STAR58 GROUNDSTATION93
        1: SWITCH_ON INSTRUMENT4 SATELLITE1
        2: CALIBRATE SATELLITE1 INSTRUMENT4 STAR58
        3: TURN_TO SATELLITE1 PHENOMENON98 STAR58
        4: TURN_TO SATELLITE2 STAR36 GROUNDSTATION7
        5: TURN_TO SATELLITE4 STAR13 GROUNDSTATION22
        6: TURN_TO SATELLITE6 GROUNDSTATION40 STAR62
        7: TAKE_IMAGE SATELLITE1 PHENOMENON98 INSTRUMENT4 IMAGE2
        8: TURN_TO SATELLITE1 GROUNDSTATION67 PHENOMENON98
     

time spent:    0.00 seconds instantiating 108326 easy, 0 hard action templates
               0.01 seconds reachability analysis, yielding 1587 facts and 108326 actions
               0.02 seconds creating final representation with 1587 relevant facts, 0 relevant fluents
               0.14 seconds computing LNF
               0.04 seconds building connectivity graph
               0.05 seconds searching, evaluating 14 states, to a max depth of 1
               0.26 seconds total time

