
ff: parsing domain file
domain 'SATELLITE' defined
 ... done.
ff: parsing problem file
problem 'STRIPS-SAT-X-1' defined
 ... done.


no metric specified. plan length assumed.

checking for cyclic := effects --- OK.

ff: search configuration is EHC, if that fails then  best-first on 1*g(s) + 5*h(s) where
    metric is  plan length

Cueing down from goal distance:   15 into depth [1]
                                  11            [1]
                                  10            [1]
                                   9            [1]
                                   8            [1]
                                   7            [1]
                                   6            [1]
                                   5            [1]
                                   4            [1]
                                   3            [1]
                                   2            [1]
                                   1            [1]
                                   0            

ff: found legal plan as follows

step    0: SWITCH_ON INSTRUMENT2 SATELLITE0
        1: CALIBRATE SATELLITE0 INSTRUMENT2 STAR40
        2: TURN_TO SATELLITE0 PLANET97 STAR40
        3: TURN_TO SATELLITE1 GROUNDSTATION65 GROUNDSTATION26
        4: TURN_TO SATELLITE2 STAR95 STAR94
        5: TURN_TO SATELLITE4 STAR50 GROUNDSTATION58
        6: TURN_TO SATELLITE6 STAR45 GROUNDSTATION1
        7: TURN_TO SATELLITE7 STAR38 GROUNDSTATION82
        8: TURN_TO SATELLITE9 GROUNDSTATION72 GROUNDSTATION89
        9: TAKE_IMAGE SATELLITE0 PLANET97 INSTRUMENT2 THERMOGRAPH4
       10: TURN_TO SATELLITE0 PLANET98 PLANET97
       11: TAKE_IMAGE SATELLITE0 PLANET98 INSTRUMENT2 INFRARED0
     

time spent:    0.00 seconds instantiating 107018 easy, 0 hard action templates
               0.00 seconds reachability analysis, yielding 1583 facts and 107018 actions
               0.02 seconds creating final representation with 1583 relevant facts, 0 relevant fluents
               0.13 seconds computing LNF
               0.04 seconds building connectivity graph
               0.10 seconds searching, evaluating 22 states, to a max depth of 1
               0.29 seconds total time

