
ff: parsing domain file
domain 'SATELLITE' defined
 ... done.
ff: parsing problem file
problem 'STRIPS-SAT-X-1' defined
 ... done.


no metric specified. plan length assumed.

checking for cyclic := effects --- OK.

ff: search configuration is EHC, if that fails then  best-first on 1*g(s) + 5*h(s) where
    metric is  plan length

Cueing down from goal distance:   13 into depth [1]
                                  11            [1]
                                  10            [1]
                                   9            [1]
                                   8            [1]
                                   7            [1]
                                   6            [1]
                                   5            [1]
                                   4            [1]
                                   3            [1]
                                   2            [1]
                                   1            [1]
                                   0            

ff: found legal plan as follows

step    0: TURN_TO SATELLITE8 STAR87 STAR97
        1: SWITCH_ON INSTRUMENT0 SATELLITE0
        2: CALIBRATE SATELLITE0 INSTRUMENT0 GROUNDSTATION38
        3: TURN_TO SATELLITE0 STAR97 GROUNDSTATION38
        4: TURN_TO SATELLITE3 GROUNDSTATION23 GROUNDSTATION20
        5: TURN_TO SATELLITE6 STAR29 STAR78
        6: TURN_TO SATELLITE7 STAR4 GROUNDSTATION11
        7: TURN_TO SATELLITE9 STAR74 STAR75
        8: TAKE_IMAGE SATELLITE0 STAR97 INSTRUMENT0 INFRARED3
        9: TURN_TO SATELLITE0 PLANET98 STAR97
       10: TAKE_IMAGE SATELLITE0 PLANET98 INSTRUMENT0 THERMOGRAPH4
       11: TURN_TO SATELLITE0 STAR52 PLANET98
     

time spent:    0.00 seconds instantiating 108484 easy, 0 hard action templates
               0.00 seconds reachability analysis, yielding 1585 facts and 108484 actions
               0.03 seconds creating final representation with 1585 relevant facts, 0 relevant fluents
               0.12 seconds computing LNF
               0.04 seconds building connectivity graph
               0.12 seconds searching, evaluating 26 states, to a max depth of 1
               0.31 seconds total time

