
ff: parsing domain file
domain 'SATELLITE' defined
 ... done.
ff: parsing problem file
problem 'STRIPS-SAT-X-1' defined
 ... done.


no metric specified. plan length assumed.

checking for cyclic := effects --- OK.

ff: search configuration is EHC, if that fails then  best-first on 1*g(s) + 5*h(s) where
    metric is  plan length

Cueing down from goal distance:   16 into depth [1]
                                  15            [1]
                                  13            [1]
                                  12            [1]
                                  11            [1]
                                  10            [1]
                                   9            [1]
                                   8            [1]
                                   7            [1]
                                   6            [1]
                                   5            [1]
                                   4            [1]
                                   3            [1]
                                   2            [1]
                                   1            [1]
                                   0            

ff: found legal plan as follows

step    0: TURN_TO SATELLITE0 GROUNDSTATION20 GROUNDSTATION21
        1: SWITCH_ON INSTRUMENT0 SATELLITE0
        2: CALIBRATE SATELLITE0 INSTRUMENT0 GROUNDSTATION20
        3: TURN_TO SATELLITE0 PLANET97 GROUNDSTATION20
        4: SWITCH_ON INSTRUMENT8 SATELLITE1
        5: CALIBRATE SATELLITE1 INSTRUMENT8 STAR37
        6: TURN_TO SATELLITE1 PHENOMENON98 STAR37
        7: TURN_TO SATELLITE2 STAR37 GROUNDSTATION75
        8: TURN_TO SATELLITE3 GROUNDSTATION21 STAR46
        9: TURN_TO SATELLITE5 STAR36 STAR12
       10: TURN_TO SATELLITE6 STAR86 STAR8
       11: TURN_TO SATELLITE9 STAR13 STAR71
       12: TAKE_IMAGE SATELLITE0 PLANET97 INSTRUMENT0 INFRARED1
       13: TAKE_IMAGE SATELLITE1 PHENOMENON98 INSTRUMENT8 IMAGE3
       14: TURN_TO SATELLITE1 GROUNDSTATION10 PHENOMENON98
     

time spent:    0.00 seconds instantiating 109770 easy, 0 hard action templates
               0.01 seconds reachability analysis, yielding 1601 facts and 109770 actions
               0.02 seconds creating final representation with 1601 relevant facts, 0 relevant fluents
               0.14 seconds computing LNF
               0.04 seconds building connectivity graph
               0.12 seconds searching, evaluating 24 states, to a max depth of 1
               0.33 seconds total time

