
ff: parsing domain file
domain 'SATELLITE' defined
 ... done.
ff: parsing problem file
problem 'STRIPS-SAT-X-1' defined
 ... done.


no metric specified. plan length assumed.

checking for cyclic := effects --- OK.

ff: search configuration is EHC, if that fails then  best-first on 1*g(s) + 5*h(s) where
    metric is  plan length

Cueing down from goal distance:   10 into depth [1]
                                   9            [1]
                                   8            [1]
                                   7            [1]
                                   6            [1]
                                   5            [1]
                                   4            [1]
                                   3            [1]
                                   2            [1]
                                   1            [1]
                                   0            

ff: found legal plan as follows

step    0: TURN_TO SATELLITE0 STAR95 GROUNDSTATION80
        1: SWITCH_ON INSTRUMENT0 SATELLITE0
        2: CALIBRATE SATELLITE0 INSTRUMENT0 STAR95
        3: TURN_TO SATELLITE0 STAR97 STAR95
        4: TURN_TO SATELLITE1 GROUNDSTATION88 GROUNDSTATION67
        5: TURN_TO SATELLITE7 GROUNDSTATION35 GROUNDSTATION70
        6: TAKE_IMAGE SATELLITE0 STAR97 INSTRUMENT0 INFRARED3
        7: TURN_TO SATELLITE0 STAR98 STAR97
        8: TAKE_IMAGE SATELLITE0 STAR98 INSTRUMENT0 INFRARED3
        9: TURN_TO SATELLITE0 STAR90 STAR98
     

time spent:    0.00 seconds instantiating 110110 easy, 0 hard action templates
               0.01 seconds reachability analysis, yielding 1597 facts and 110110 actions
               0.03 seconds creating final representation with 1597 relevant facts, 0 relevant fluents
               0.13 seconds computing LNF
               0.05 seconds building connectivity graph
               0.09 seconds searching, evaluating 20 states, to a max depth of 1
               0.31 seconds total time

