
ff: parsing domain file
domain 'SATELLITE' defined
 ... done.
ff: parsing problem file
problem 'STRIPS-SAT-X-1' defined
 ... done.


no metric specified. plan length assumed.

checking for cyclic := effects --- OK.

ff: search configuration is EHC, if that fails then  best-first on 1*g(s) + 5*h(s) where
    metric is  plan length

Cueing down from goal distance:   14 into depth [1]
                                  13            [1]
                                   9            [1]
                                   8            [1]
                                   7            [1]
                                   6            [1]
                                   5            [1][2]
                                   4            [1]
                                   3            [1]
                                   2            [1]
                                   1            [1]
                                   0            

ff: found legal plan as follows

step    0: TURN_TO SATELLITE0 STAR80 GROUNDSTATION136
        1: SWITCH_ON INSTRUMENT38 SATELLITE8
        2: TURN_TO SATELLITE1 STAR46 GROUNDSTATION180
        3: TURN_TO SATELLITE3 STAR181 GROUNDSTATION149
        4: TURN_TO SATELLITE6 GROUNDSTATION94 GROUNDSTATION68
        5: TURN_TO SATELLITE9 STAR51 STAR102
        6: TURN_TO SATELLITE8 STAR159 PHENOMENON188
        7: CALIBRATE SATELLITE8 INSTRUMENT38 STAR159
        8: TURN_TO SATELLITE8 PHENOMENON188 STAR159
        9: TAKE_IMAGE SATELLITE8 PHENOMENON188 INSTRUMENT38 INFRARED3
       10: TURN_TO SATELLITE8 STAR189 PHENOMENON188
       11: TAKE_IMAGE SATELLITE8 STAR189 INSTRUMENT38 THERMOGRAPH2
     

time spent:    0.01 seconds instantiating 379925 easy, 0 hard action templates
               0.03 seconds reachability analysis, yielding 2960 facts and 379925 actions
               0.06 seconds creating final representation with 2960 relevant facts, 0 relevant fluents
               0.43 seconds computing LNF
               0.17 seconds building connectivity graph
               0.58 seconds searching, evaluating 22 states, to a max depth of 2
               1.28 seconds total time

