
ff: parsing domain file
domain 'SATELLITE' defined
 ... done.
ff: parsing problem file
problem 'STRIPS-SAT-X-1' defined
 ... done.


no metric specified. plan length assumed.

checking for cyclic := effects --- OK.

ff: search configuration is EHC, if that fails then  best-first on 1*g(s) + 5*h(s) where
    metric is  plan length

Cueing down from goal distance:   12 into depth [1]
                                  11            [1]
                                  10            [1]
                                   9            [1]
                                   8            [1]
                                   7            [1]
                                   6            [1]
                                   5            [1]
                                   4            [1]
                                   3            [1]
                                   2            [1]
                                   1            [1]
                                   0            

ff: found legal plan as follows

step    0: TURN_TO SATELLITE0 GROUNDSTATION112 GROUNDSTATION10
        1: SWITCH_ON INSTRUMENT0 SATELLITE0
        2: CALIBRATE SATELLITE0 INSTRUMENT0 GROUNDSTATION112
        3: TURN_TO SATELLITE0 STAR188 GROUNDSTATION112
        4: TURN_TO SATELLITE1 GROUNDSTATION138 STAR73
        5: TURN_TO SATELLITE3 STAR152 STAR172
        6: TURN_TO SATELLITE6 STAR54 STAR21
        7: TURN_TO SATELLITE8 GROUNDSTATION131 STAR124
        8: TAKE_IMAGE SATELLITE0 STAR188 INSTRUMENT0 INFRARED3
        9: TURN_TO SATELLITE0 PHENOMENON189 STAR188
       10: TAKE_IMAGE SATELLITE0 PHENOMENON189 INSTRUMENT0 INFRARED3
       11: TURN_TO SATELLITE0 GROUNDSTATION56 PHENOMENON189
     

time spent:    0.01 seconds instantiating 375349 easy, 0 hard action templates
               0.03 seconds reachability analysis, yielding 2930 facts and 375349 actions
               0.07 seconds creating final representation with 2930 relevant facts, 0 relevant fluents
               0.49 seconds computing LNF
               0.15 seconds building connectivity graph
               0.63 seconds searching, evaluating 26 states, to a max depth of 1
               1.38 seconds total time

