
ff: parsing domain file
domain 'SATELLITE' defined
 ... done.
ff: parsing problem file
problem 'STRIPS-SAT-X-1' defined
 ... done.


no metric specified. plan length assumed.

checking for cyclic := effects --- OK.

ff: search configuration is EHC, if that fails then  best-first on 1*g(s) + 5*h(s) where
    metric is  plan length

Cueing down from goal distance:   15 into depth [1]
                                  14            [1]
                                  13            [1]
                                  12            [1]
                                  11            [1]
                                  10            [1]
                                   9            [1]
                                   8            [1]
                                   7            [1]
                                   6            [1]
                                   5            [1]
                                   4            [1]
                                   3            [1]
                                   2            [1]
                                   1            [1]
                                   0            

ff: found legal plan as follows

step    0: TURN_TO SATELLITE0 STAR137 STAR86
        1: TURN_TO SATELLITE1 GROUNDSTATION149 STAR46
        2: SWITCH_ON INSTRUMENT0 SATELLITE0
        3: CALIBRATE SATELLITE0 INSTRUMENT0 STAR137
        4: TURN_TO SATELLITE0 PHENOMENON188 STAR137
        5: SWITCH_ON INSTRUMENT4 SATELLITE1
        6: CALIBRATE SATELLITE1 INSTRUMENT4 GROUNDSTATION149
        7: TURN_TO SATELLITE1 STAR189 GROUNDSTATION149
        8: TURN_TO SATELLITE3 STAR90 STAR180
        9: TURN_TO SATELLITE6 STAR14 STAR125
       10: TURN_TO SATELLITE7 GROUNDSTATION65 GROUNDSTATION13
       11: TURN_TO SATELLITE9 STAR122 GROUNDSTATION75
       12: TAKE_IMAGE SATELLITE0 PHENOMENON188 INSTRUMENT0 IMAGE3
       13: TAKE_IMAGE SATELLITE1 STAR189 INSTRUMENT4 INFRARED4
       14: TURN_TO SATELLITE1 GROUNDSTATION177 STAR189
     

time spent:    0.01 seconds instantiating 378127 easy, 0 hard action templates
               0.04 seconds reachability analysis, yielding 2952 facts and 378127 actions
               0.06 seconds creating final representation with 2952 relevant facts, 0 relevant fluents
               0.50 seconds computing LNF
               0.15 seconds building connectivity graph
               0.42 seconds searching, evaluating 22 states, to a max depth of 1
               1.18 seconds total time

