
ff: parsing domain file
domain 'SATELLITE' defined
 ... done.
ff: parsing problem file
problem 'STRIPS-SAT-X-1' defined
 ... done.


no metric specified. plan length assumed.

checking for cyclic := effects --- OK.

ff: search configuration is EHC, if that fails then  best-first on 1*g(s) + 5*h(s) where
    metric is  plan length

Cueing down from goal distance:   13 into depth [1]
                                  12            [1]
                                  10            [1]
                                   9            [1]
                                   8            [1]
                                   7            [1]
                                   6            [1]
                                   5            [1]
                                   4            [1]
                                   3            [1]
                                   2            [1]
                                   1            [1]
                                   0            

ff: found legal plan as follows

step    0: TURN_TO SATELLITE0 STAR15 STAR7
        1: SWITCH_ON INSTRUMENT0 SATELLITE0
        2: CALIBRATE SATELLITE0 INSTRUMENT0 STAR15
        3: TURN_TO SATELLITE0 PHENOMENON70 STAR15
        4: SWITCH_ON INSTRUMENT10 SATELLITE2
        5: CALIBRATE SATELLITE2 INSTRUMENT10 STAR24
        6: TURN_TO SATELLITE2 PHENOMENON71 STAR24
        7: TURN_TO SATELLITE1 GROUNDSTATION43 STAR25
        8: TURN_TO SATELLITE4 STAR51 GROUNDSTATION63
        9: TURN_TO SATELLITE6 GROUNDSTATION5 GROUNDSTATION28
       10: TAKE_IMAGE SATELLITE0 PHENOMENON70 INSTRUMENT0 THERMOGRAPH0
       11: TAKE_IMAGE SATELLITE2 PHENOMENON71 INSTRUMENT10 IMAGE2
     

time spent:    0.00 seconds instantiating 61769 easy, 0 hard action templates
               0.01 seconds reachability analysis, yielding 1218 facts and 61769 actions
               0.00 seconds creating final representation with 1218 relevant facts, 0 relevant fluents
               0.08 seconds computing LNF
               0.02 seconds building connectivity graph
               0.02 seconds searching, evaluating 14 states, to a max depth of 1
               0.13 seconds total time

