
ff: parsing domain file
domain 'SATELLITE' defined
 ... done.
ff: parsing problem file
problem 'STRIPS-SAT-X-1' defined
 ... done.


no metric specified. plan length assumed.

checking for cyclic := effects --- OK.

ff: search configuration is EHC, if that fails then  best-first on 1*g(s) + 5*h(s) where
    metric is  plan length

Cueing down from goal distance:   14 into depth [1]
                                  13            [1]
                                  12            [1]
                                  11            [1]
                                  10            [1]
                                   9            [1]
                                   8            [1]
                                   7            [1]
                                   6            [1]
                                   5            [1]
                                   4            [1]
                                   3            [1]
                                   2            [1]
                                   1            [1]
                                   0            

ff: found legal plan as follows

step    0: SWITCH_ON INSTRUMENT6 SATELLITE1
        1: TURN_TO SATELLITE2 STAR58 STAR68
        2: CALIBRATE SATELLITE1 INSTRUMENT6 GROUNDSTATION50
        3: TURN_TO SATELLITE1 PLANET70 GROUNDSTATION50
        4: SWITCH_ON INSTRUMENT10 SATELLITE2
        5: CALIBRATE SATELLITE2 INSTRUMENT10 STAR58
        6: TURN_TO SATELLITE2 PLANET71 STAR58
        7: TURN_TO SATELLITE0 STAR18 STAR35
        8: TURN_TO SATELLITE4 GROUNDSTATION67 STAR66
        9: TURN_TO SATELLITE5 GROUNDSTATION32 STAR53
       10: TURN_TO SATELLITE7 GROUNDSTATION5 STAR63
       11: TURN_TO SATELLITE9 GROUNDSTATION10 STAR36
       12: TAKE_IMAGE SATELLITE1 PLANET70 INSTRUMENT6 THERMOGRAPH0
       13: TAKE_IMAGE SATELLITE2 PLANET71 INSTRUMENT10 THERMOGRAPH4
     

time spent:    0.00 seconds instantiating 60368 easy, 0 hard action templates
               0.00 seconds reachability analysis, yielding 1204 facts and 60368 actions
               0.01 seconds creating final representation with 1204 relevant facts, 0 relevant fluents
               0.08 seconds computing LNF
               0.03 seconds building connectivity graph
               0.03 seconds searching, evaluating 16 states, to a max depth of 1
               0.15 seconds total time

