
ff: parsing domain file
domain 'SATELLITE' defined
 ... done.
ff: parsing problem file
problem 'STRIPS-SAT-X-1' defined
 ... done.


no metric specified. plan length assumed.

checking for cyclic := effects --- OK.

ff: search configuration is EHC, if that fails then  best-first on 1*g(s) + 5*h(s) where
    metric is  plan length

Cueing down from goal distance:   14 into depth [1]
                                  13            [1]
                                  10            [1]
                                   9            [1]
                                   8            [1]
                                   7            [1]
                                   6            [1][2]
                                   5            [1]
                                   4            [1]
                                   3            [1]
                                   2            [1]
                                   1            [1]
                                   0            

ff: found legal plan as follows

step    0: TURN_TO SATELLITE0 STAR51 GROUNDSTATION39
        1: SWITCH_ON INSTRUMENT27 SATELLITE5
        2: TURN_TO SATELLITE0 GROUNDSTATION64 STAR51
        3: TURN_TO SATELLITE4 GROUNDSTATION34 GROUNDSTATION56
        4: TURN_TO SATELLITE7 GROUNDSTATION62 GROUNDSTATION43
        5: TURN_TO SATELLITE8 STAR69 STAR12
        6: TURN_TO SATELLITE5 GROUNDSTATION55 STAR70
        7: CALIBRATE SATELLITE5 INSTRUMENT27 GROUNDSTATION55
        8: TURN_TO SATELLITE5 STAR70 GROUNDSTATION55
        9: TAKE_IMAGE SATELLITE5 STAR70 INSTRUMENT27 THERMOGRAPH2
       10: TURN_TO SATELLITE5 PHENOMENON71 STAR70
       11: TAKE_IMAGE SATELLITE5 PHENOMENON71 INSTRUMENT27 INFRARED0
       12: TURN_TO SATELLITE5 STAR14 PHENOMENON71
     

time spent:    0.00 seconds instantiating 60284 easy, 0 hard action templates
               0.00 seconds reachability analysis, yielding 1202 facts and 60284 actions
               0.02 seconds creating final representation with 1202 relevant facts, 0 relevant fluents
               0.07 seconds computing LNF
               0.03 seconds building connectivity graph
               0.09 seconds searching, evaluating 31 states, to a max depth of 2
               0.21 seconds total time

