
ff: parsing domain file
domain 'SATELLITE' defined
 ... done.
ff: parsing problem file
problem 'STRIPS-SAT-X-1' defined
 ... done.


no metric specified. plan length assumed.

checking for cyclic := effects --- OK.

ff: search configuration is EHC, if that fails then  best-first on 1*g(s) + 5*h(s) where
    metric is  plan length

Cueing down from goal distance:   12 into depth [1]
                                  11            [1]
                                  10            [1]
                                   9            [1]
                                   8            [1]
                                   7            [1]
                                   6            [1]
                                   5            [1]
                                   4            [1]
                                   3            [1]
                                   2            [1]
                                   1            [1]
                                   0            

ff: found legal plan as follows

step    0: SWITCH_ON INSTRUMENT0 SATELLITE0
        1: CALIBRATE SATELLITE0 INSTRUMENT0 STAR56
        2: TURN_TO SATELLITE0 PHENOMENON70 STAR56
        3: TURN_TO SATELLITE1 STAR24 GROUNDSTATION65
        4: TURN_TO SATELLITE2 GROUNDSTATION54 STAR0
        5: TURN_TO SATELLITE3 STAR24 STAR55
        6: TURN_TO SATELLITE4 STAR18 GROUNDSTATION53
        7: TURN_TO SATELLITE6 GROUNDSTATION35 STAR24
        8: TURN_TO SATELLITE9 STAR37 STAR18
        9: TAKE_IMAGE SATELLITE0 PHENOMENON70 INSTRUMENT0 SPECTROGRAPH0
       10: TURN_TO SATELLITE0 STAR71 PHENOMENON70
       11: TAKE_IMAGE SATELLITE0 STAR71 INSTRUMENT0 SPECTROGRAPH0
     

time spent:    0.00 seconds instantiating 61406 easy, 0 hard action templates
               0.01 seconds reachability analysis, yielding 1210 facts and 61406 actions
               0.00 seconds creating final representation with 1210 relevant facts, 0 relevant fluents
               0.10 seconds computing LNF
               0.02 seconds building connectivity graph
               0.05 seconds searching, evaluating 22 states, to a max depth of 1
               0.18 seconds total time

