
ff: parsing domain file
domain 'SATELLITE' defined
 ... done.
ff: parsing problem file
problem 'STRIPS-SAT-X-1' defined
 ... done.


no metric specified. plan length assumed.

checking for cyclic := effects --- OK.

ff: search configuration is EHC, if that fails then  best-first on 1*g(s) + 5*h(s) where
    metric is  plan length

Cueing down from goal distance:   14 into depth [1]
                                  13            [1]
                                  12            [1]
                                  11            [1]
                                  10            [1]
                                   9            [1]
                                   8            [1]
                                   7            [1]
                                   6            [1]
                                   5            [1]
                                   4            [1]
                                   3            [1]
                                   2            [1]
                                   1            [1]
                                   0            

ff: found legal plan as follows

step    0: TURN_TO SATELLITE0 GROUNDSTATION57 STAR23
        1: TURN_TO SATELLITE1 GROUNDSTATION25 GROUNDSTATION39
        2: SWITCH_ON INSTRUMENT0 SATELLITE0
        3: CALIBRATE SATELLITE0 INSTRUMENT0 GROUNDSTATION57
        4: TURN_TO SATELLITE0 PLANET70 GROUNDSTATION57
        5: SWITCH_ON INSTRUMENT3 SATELLITE1
        6: CALIBRATE SATELLITE1 INSTRUMENT3 GROUNDSTATION25
        7: TURN_TO SATELLITE1 PLANET71 GROUNDSTATION25
        8: TURN_TO SATELLITE2 GROUNDSTATION22 STAR66
        9: TURN_TO SATELLITE7 STAR27 GROUNDSTATION58
       10: TURN_TO SATELLITE8 STAR13 GROUNDSTATION12
       11: TURN_TO SATELLITE9 STAR32 STAR7
       12: TAKE_IMAGE SATELLITE0 PLANET70 INSTRUMENT0 INFRARED1
       13: TAKE_IMAGE SATELLITE1 PLANET71 INSTRUMENT3 SPECTROGRAPH3
     

time spent:    0.00 seconds instantiating 60819 easy, 0 hard action templates
               0.01 seconds reachability analysis, yielding 1202 facts and 60819 actions
               0.01 seconds creating final representation with 1202 relevant facts, 0 relevant fluents
               0.08 seconds computing LNF
               0.02 seconds building connectivity graph
               0.03 seconds searching, evaluating 15 states, to a max depth of 1
               0.15 seconds total time

