
ff: parsing domain file
domain 'SATELLITE' defined
 ... done.
ff: parsing problem file
problem 'STRIPS-SAT-X-1' defined
 ... done.


no metric specified. plan length assumed.

checking for cyclic := effects --- OK.

ff: search configuration is EHC, if that fails then  best-first on 1*g(s) + 5*h(s) where
    metric is  plan length

Cueing down from goal distance:   14 into depth [1]
                                  13            [1]
                                  12            [1]
                                  11            [1]
                                  10            [1]
                                   9            [1]
                                   8            [1]
                                   7            [1]
                                   6            [1]
                                   5            [1]
                                   4            [1]
                                   3            [1]
                                   2            [1]
                                   1            [1]
                                   0            

ff: found legal plan as follows

step    0: TURN_TO SATELLITE0 STAR35 PHENOMENON70
        1: SWITCH_ON INSTRUMENT0 SATELLITE0
        2: CALIBRATE SATELLITE0 INSTRUMENT0 STAR35
        3: TURN_TO SATELLITE0 PLANET71 STAR35
        4: SWITCH_ON INSTRUMENT14 SATELLITE2
        5: CALIBRATE SATELLITE2 INSTRUMENT14 STAR23
        6: TURN_TO SATELLITE2 PHENOMENON70 STAR23
        7: TURN_TO SATELLITE1 GROUNDSTATION46 GROUNDSTATION60
        8: TURN_TO SATELLITE3 GROUNDSTATION21 STAR65
        9: TURN_TO SATELLITE5 GROUNDSTATION61 STAR29
       10: TURN_TO SATELLITE6 GROUNDSTATION43 STAR9
       11: TAKE_IMAGE SATELLITE2 PHENOMENON70 INSTRUMENT14 THERMOGRAPH2
       12: TURN_TO SATELLITE2 GROUNDSTATION47 PHENOMENON70
       13: TAKE_IMAGE SATELLITE0 PLANET71 INSTRUMENT0 THERMOGRAPH3
     

time spent:    0.00 seconds instantiating 59564 easy, 0 hard action templates
               0.00 seconds reachability analysis, yielding 1190 facts and 59564 actions
               0.01 seconds creating final representation with 1190 relevant facts, 0 relevant fluents
               0.08 seconds computing LNF
               0.02 seconds building connectivity graph
               0.04 seconds searching, evaluating 22 states, to a max depth of 1
               0.15 seconds total time

