
ff: parsing domain file
domain 'SATELLITE' defined
 ... done.
ff: parsing problem file
problem 'STRIPS-SAT-X-1' defined
 ... done.


no metric specified. plan length assumed.

checking for cyclic := effects --- OK.

ff: search configuration is EHC, if that fails then  best-first on 1*g(s) + 5*h(s) where
    metric is  plan length

Cueing down from goal distance:   12 into depth [1]
                                  11            [1]
                                  10            [1]
                                   9            [1]
                                   8            [1]
                                   7            [1]
                                   6            [1]
                                   5            [1]
                                   4            [1]
                                   3            [1]
                                   2            [1]
                                   1            [1]
                                   0            

ff: found legal plan as follows

step    0: TURN_TO SATELLITE0 STAR32 STAR114
        1: SWITCH_ON INSTRUMENT0 SATELLITE0
        2: CALIBRATE SATELLITE0 INSTRUMENT0 STAR32
        3: TURN_TO SATELLITE0 STAR142 STAR32
        4: TURN_TO SATELLITE1 STAR53 GROUNDSTATION60
        5: TURN_TO SATELLITE3 STAR56 STAR140
        6: TURN_TO SATELLITE4 STAR139 GROUNDSTATION95
        7: TURN_TO SATELLITE7 STAR74 STAR96
        8: TURN_TO SATELLITE8 GROUNDSTATION112 GROUNDSTATION11
        9: TAKE_IMAGE SATELLITE0 STAR142 INSTRUMENT0 IMAGE1
       10: TURN_TO SATELLITE0 STAR143 STAR142
       11: TAKE_IMAGE SATELLITE0 STAR143 INSTRUMENT0 THERMOGRAPH2
     

time spent:    0.00 seconds instantiating 227283 easy, 0 hard action templates
               0.02 seconds reachability analysis, yielding 2294 facts and 227283 actions
               0.06 seconds creating final representation with 2294 relevant facts, 0 relevant fluents
               0.28 seconds computing LNF
               0.10 seconds building connectivity graph
               0.32 seconds searching, evaluating 21 states, to a max depth of 1
               0.78 seconds total time

