
ff: parsing domain file
domain 'SATELLITE' defined
 ... done.
ff: parsing problem file
problem 'STRIPS-SAT-X-1' defined
 ... done.


no metric specified. plan length assumed.

checking for cyclic := effects --- OK.

ff: search configuration is EHC, if that fails then  best-first on 1*g(s) + 5*h(s) where
    metric is  plan length

Cueing down from goal distance:   13 into depth [1]
                                  12            [1]
                                  11            [1]
                                  10            [1]
                                   9            [1]
                                   8            [1]
                                   7            [1]
                                   6            [1]
                                   5            [1]
                                   4            [1]
                                   3            [1][2]
                                   2            [1]
                                   1            [1]
                                   0            

ff: found legal plan as follows

step    0: TURN_TO SATELLITE0 GROUNDSTATION64 GROUNDSTATION92
        1: SWITCH_ON INSTRUMENT25 SATELLITE5
        2: SWITCH_ON INSTRUMENT0 SATELLITE0
        3: CALIBRATE SATELLITE0 INSTRUMENT0 GROUNDSTATION64
        4: TURN_TO SATELLITE0 STAR143 GROUNDSTATION64
        5: TURN_TO SATELLITE4 STAR19 STAR102
        6: TURN_TO SATELLITE6 STAR67 STAR85
        7: TURN_TO SATELLITE9 STAR122 GROUNDSTATION84
        8: TAKE_IMAGE SATELLITE0 STAR143 INSTRUMENT0 INFRARED2
        9: TURN_TO SATELLITE0 GROUNDSTATION114 STAR143
       10: TURN_TO SATELLITE5 STAR85 PLANET142
       11: CALIBRATE SATELLITE5 INSTRUMENT25 STAR85
       12: TURN_TO SATELLITE5 PLANET142 STAR85
       13: TAKE_IMAGE SATELLITE5 PLANET142 INSTRUMENT25 INFRARED1
     

time spent:    0.00 seconds instantiating 222091 easy, 0 hard action templates
               0.03 seconds reachability analysis, yielding 2264 facts and 222091 actions
               0.04 seconds creating final representation with 2264 relevant facts, 0 relevant fluents
               0.27 seconds computing LNF
               0.10 seconds building connectivity graph
               0.40 seconds searching, evaluating 29 states, to a max depth of 2
               0.84 seconds total time

