
ff: parsing domain file
domain 'BLOCKS' defined
 ... done.
ff: parsing problem file
problem 'PB2' defined
 ... done.


no metric specified. plan length assumed.

checking for cyclic := effects --- OK.

ff: search configuration is EHC, if that fails then  best-first on 1*g(s) + 5*h(s) where
    metric is  plan length

Cueing down from goal distance:   31 into depth [1]
                                  30            [1][2][3][4][5]
                                  29            [1][2][3]
                                  28            [1][2][3][4][5][6][7][8][9]
                                  27            [1][2][3][4][5]
                                  26            [1][2][3][4][5]
                                  25            [1]
                                  24            [1][2]
                                  23            [1][2][3][4][5][6]
                                  22            [1]
                                  21            [1]
                                  20            [1]
                                  19            [1][2][3]
                                  18            [1][2][3][4]
                                  17            [1][2][3][4]
                                  16            [1][2][3]
                                  15            [1]
                                  14            [1][2][3][4]
                                  13            [1][2][3][4][5][6][7][8][9][10][11][12]
                                  12            [1]
                                  11            [1]
                                  10            [1]
                                   9            [1]
                                   8            [1]
                                   7            [1][2][3][4][5][6][7][8][9][10][11][12]
                                   6            [1]
                                   5            [1]
                                   4            [1][2]
                                   2            [1][2]
                                   0            

ff: found legal plan as follows

step    0: UNSTACK BLOCK10 BLOCK16
        1: STACK BLOCK10 BLOCK12
        2: UNSTACK BLOCK16 BLOCK8
        3: PUT-DOWN BLOCK16
        4: UNSTACK BLOCK10 BLOCK12
        5: STACK BLOCK10 BLOCK16
        6: UNSTACK BLOCK12 BLOCK5
        7: STACK BLOCK12 BLOCK10
        8: UNSTACK BLOCK8 BLOCK11
        9: STACK BLOCK8 BLOCK5
       10: UNSTACK BLOCK11 BLOCK3
       11: STACK BLOCK11 BLOCK8
       12: UNSTACK BLOCK3 BLOCK14
       13: STACK BLOCK3 BLOCK12
       14: UNSTACK BLOCK11 BLOCK8
       15: STACK BLOCK11 BLOCK3
       16: UNSTACK BLOCK14 BLOCK7
       17: STACK BLOCK14 BLOCK11
       18: UNSTACK BLOCK7 BLOCK6
       19: STACK BLOCK7 BLOCK14
       20: UNSTACK BLOCK8 BLOCK5
       21: STACK BLOCK8 BLOCK7
       22: UNSTACK BLOCK6 BLOCK18
       23: STACK BLOCK6 BLOCK8
       24: UNSTACK BLOCK18 BLOCK13
       25: PUT-DOWN BLOCK18
       26: UNSTACK BLOCK13 BLOCK15
       27: STACK BLOCK13 BLOCK18
       28: UNSTACK BLOCK6 BLOCK8
       29: STACK BLOCK6 BLOCK13
       30: UNSTACK BLOCK8 BLOCK7
       31: STACK BLOCK8 BLOCK6
       32: UNSTACK BLOCK15 BLOCK17
       33: STACK BLOCK15 BLOCK8
       34: UNSTACK BLOCK7 BLOCK14
       35: STACK BLOCK7 BLOCK15
       36: UNSTACK BLOCK17 BLOCK2
       37: STACK BLOCK17 BLOCK5
       38: UNSTACK BLOCK2 BLOCK1
       39: STACK BLOCK2 BLOCK14
       40: UNSTACK BLOCK7 BLOCK15
       41: STACK BLOCK7 BLOCK17
       42: UNSTACK BLOCK15 BLOCK8
       43: STACK BLOCK15 BLOCK7
       44: UNSTACK BLOCK1 BLOCK4
       45: STACK BLOCK1 BLOCK8
       46: UNSTACK BLOCK15 BLOCK7
       47: STACK BLOCK15 BLOCK4
       48: UNSTACK BLOCK2 BLOCK14
       49: STACK BLOCK2 BLOCK7
       50: UNSTACK BLOCK15 BLOCK4
       51: STACK BLOCK15 BLOCK1
       52: UNSTACK BLOCK2 BLOCK7
       53: STACK BLOCK2 BLOCK15
       54: UNSTACK BLOCK7 BLOCK17
       55: STACK BLOCK7 BLOCK2
       56: UNSTACK BLOCK17 BLOCK5
       57: STACK BLOCK17 BLOCK14
       58: UNSTACK BLOCK5 BLOCK9
       59: STACK BLOCK5 BLOCK4
       60: UNSTACK BLOCK17 BLOCK14
       61: STACK BLOCK17 BLOCK5
       62: UNSTACK BLOCK7 BLOCK2
       63: STACK BLOCK7 BLOCK17
       64: UNSTACK BLOCK2 BLOCK15
       65: STACK BLOCK2 BLOCK7
       66: UNSTACK BLOCK15 BLOCK1
       67: STACK BLOCK15 BLOCK2
       68: UNSTACK BLOCK14 BLOCK11
       69: STACK BLOCK14 BLOCK1
       70: UNSTACK BLOCK11 BLOCK3
       71: STACK BLOCK11 BLOCK14
       72: UNSTACK BLOCK3 BLOCK12
       73: STACK BLOCK3 BLOCK11
       74: UNSTACK BLOCK12 BLOCK10
       75: STACK BLOCK12 BLOCK9
       76: UNSTACK BLOCK10 BLOCK16
       77: STACK BLOCK10 BLOCK15
       78: UNSTACK BLOCK12 BLOCK9
       79: STACK BLOCK12 BLOCK10
       80: UNSTACK BLOCK3 BLOCK11
       81: STACK BLOCK3 BLOCK12
       82: UNSTACK BLOCK11 BLOCK14
       83: STACK BLOCK11 BLOCK3
       84: UNSTACK BLOCK14 BLOCK1
       85: STACK BLOCK14 BLOCK16
     

time spent:    0.00 seconds instantiating 684 easy, 0 hard action templates
               0.00 seconds reachability analysis, yielding 379 facts and 684 actions
               0.00 seconds creating final representation with 379 relevant facts, 0 relevant fluents
               0.00 seconds computing LNF
               0.00 seconds building connectivity graph
               7.46 seconds searching, evaluating 200650 states, to a max depth of 12
               7.46 seconds total time

