
ff: parsing domain file
domain 'SATELLITE' defined
 ... done.
ff: parsing problem file
problem 'STRIPS-SAT-X-1' defined
 ... done.


no metric specified. plan length assumed.

checking for cyclic := effects --- OK.

ff: search configuration is EHC, if that fails then  best-first on 1*g(s) + 5*h(s) where
    metric is  plan length

Cueing down from goal distance:   13 into depth [1]
                                  12            [1]
                                  11            [1]
                                  10            [1]
                                   9            [1]
                                   8            [1]
                                   7            [1]
                                   6            [1]
                                   5            [1]
                                   4            [1]
                                   3            [1]
                                   2            [1]
                                   1            [1]
                                   0            

ff: found legal plan as follows

step    0: TURN_TO SATELLITE1 GROUNDSTATION107 STAR57
        1: SWITCH_ON INSTRUMENT9 SATELLITE1
        2: CALIBRATE SATELLITE1 INSTRUMENT9 GROUNDSTATION107
        3: TURN_TO SATELLITE1 STAR144 GROUNDSTATION107
        4: TURN_TO SATELLITE2 STAR35 STAR64
        5: TURN_TO SATELLITE4 STAR105 GROUNDSTATION29
        6: TURN_TO SATELLITE5 GROUNDSTATION109 GROUNDSTATION143
        7: TURN_TO SATELLITE6 STAR31 GROUNDSTATION70
        8: TURN_TO SATELLITE9 GROUNDSTATION107 GROUNDSTATION34
        9: TAKE_IMAGE SATELLITE1 STAR144 INSTRUMENT9 THERMOGRAPH2
       10: TURN_TO SATELLITE1 PHENOMENON145 STAR144
       11: TAKE_IMAGE SATELLITE1 PHENOMENON145 INSTRUMENT9 THERMOGRAPH2
       12: TURN_TO SATELLITE1 GROUNDSTATION50 PHENOMENON145
     

time spent:    0.00 seconds instantiating 230225 easy, 0 hard action templates
               0.03 seconds reachability analysis, yielding 2314 facts and 230225 actions
               0.03 seconds creating final representation with 2314 relevant facts, 0 relevant fluents
               0.27 seconds computing LNF
               0.09 seconds building connectivity graph
               0.42 seconds searching, evaluating 29 states, to a max depth of 1
               0.84 seconds total time

