
ff: parsing domain file
domain 'SATELLITE' defined
 ... done.
ff: parsing problem file
problem 'STRIPS-SAT-X-1' defined
 ... done.


no metric specified. plan length assumed.

checking for cyclic := effects --- OK.

ff: search configuration is EHC, if that fails then  best-first on 1*g(s) + 5*h(s) where
    metric is  plan length

Cueing down from goal distance:    9 into depth [1]
                                   8            [1]
                                   7            [1]
                                   6            [1]
                                   5            [1]
                                   4            [1]
                                   3            [1]
                                   2            [1]
                                   1            [1]
                                   0            

ff: found legal plan as follows

step    0: SWITCH_ON INSTRUMENT0 SATELLITE0
        1: CALIBRATE SATELLITE0 INSTRUMENT0 STAR56
        2: TURN_TO SATELLITE0 STAR144 STAR56
        3: TURN_TO SATELLITE4 GROUNDSTATION5 STAR74
        4: TURN_TO SATELLITE8 STAR106 GROUNDSTATION78
        5: TAKE_IMAGE SATELLITE0 STAR144 INSTRUMENT0 IMAGE0
        6: TURN_TO SATELLITE0 PLANET145 STAR144
        7: TAKE_IMAGE SATELLITE0 PLANET145 INSTRUMENT0 IMAGE0
        8: TURN_TO SATELLITE0 GROUNDSTATION130 PLANET145
     

time spent:    0.00 seconds instantiating 232703 easy, 0 hard action templates
               0.03 seconds reachability analysis, yielding 2326 facts and 232703 actions
               0.04 seconds creating final representation with 2326 relevant facts, 0 relevant fluents
               0.28 seconds computing LNF
               0.11 seconds building connectivity graph
               0.34 seconds searching, evaluating 19 states, to a max depth of 1
               0.80 seconds total time

