
ff: parsing domain file
domain 'SATELLITE' defined
 ... done.
ff: parsing problem file
problem 'STRIPS-SAT-X-1' defined
 ... done.


no metric specified. plan length assumed.

checking for cyclic := effects --- OK.

ff: search configuration is EHC, if that fails then  best-first on 1*g(s) + 5*h(s) where
    metric is  plan length

Cueing down from goal distance:   17 into depth [1]
                                  16            [1]
                                  15            [1]
                                  12            [1]
                                  11            [1]
                                  10            [1]
                                   9            [1]
                                   8            [1]
                                   7            [1]
                                   6            [1]
                                   5            [1]
                                   4            [1]
                                   3            [1]
                                   2            [1]
                                   1            [1]
                                   0            

ff: found legal plan as follows

step    0: TURN_TO SATELLITE1 STAR137 GROUNDSTATION106
        1: TURN_TO SATELLITE0 STAR24 GROUNDSTATION91
        2: SWITCH_ON INSTRUMENT2 SATELLITE1
        3: CALIBRATE SATELLITE1 INSTRUMENT2 STAR137
        4: TURN_TO SATELLITE1 PLANET144 STAR137
        5: TURN_TO SATELLITE3 GROUNDSTATION9 GROUNDSTATION20
        6: TURN_TO SATELLITE4 STAR37 GROUNDSTATION27
        7: TURN_TO SATELLITE5 STAR50 GROUNDSTATION139
        8: TURN_TO SATELLITE6 STAR46 GROUNDSTATION105
        9: TURN_TO SATELLITE8 STAR119 GROUNDSTATION25
       10: TURN_TO SATELLITE9 STAR86 STAR48
       11: TAKE_IMAGE SATELLITE1 PLANET144 INSTRUMENT2 SPECTROGRAPH0
       12: TURN_TO SATELLITE1 PLANET145 PLANET144
       13: TAKE_IMAGE SATELLITE1 PLANET145 INSTRUMENT2 IMAGE3
       14: TURN_TO SATELLITE1 STAR47 PLANET145
     

time spent:    0.01 seconds instantiating 230497 easy, 0 hard action templates
               0.01 seconds reachability analysis, yielding 2304 facts and 230497 actions
               0.04 seconds creating final representation with 2304 relevant facts, 0 relevant fluents
               0.26 seconds computing LNF
               0.09 seconds building connectivity graph
               0.47 seconds searching, evaluating 32 states, to a max depth of 1
               0.88 seconds total time

