
ff: parsing domain file
domain 'SATELLITE' defined
 ... done.
ff: parsing problem file
problem 'STRIPS-SAT-X-1' defined
 ... done.


no metric specified. plan length assumed.

checking for cyclic := effects --- OK.

ff: search configuration is EHC, if that fails then  best-first on 1*g(s) + 5*h(s) where
    metric is  plan length

Cueing down from goal distance:   15 into depth [1]
                                  14            [1]
                                  10            [1]
                                   9            [1]
                                   8            [1]
                                   7            [1]
                                   6            [1]
                                   5            [1]
                                   4            [1]
                                   3            [1]
                                   2            [1]
                                   1            [1]
                                   0            

ff: found legal plan as follows

step    0: TURN_TO SATELLITE0 GROUNDSTATION67 STAR97
        1: SWITCH_ON INSTRUMENT3 SATELLITE0
        2: CALIBRATE SATELLITE0 INSTRUMENT3 GROUNDSTATION67
        3: TURN_TO SATELLITE0 STAR144 GROUNDSTATION67
        4: TURN_TO SATELLITE3 STAR97 GROUNDSTATION85
        5: TURN_TO SATELLITE4 STAR73 STAR140
        6: TURN_TO SATELLITE5 GROUNDSTATION59 GROUNDSTATION0
        7: TURN_TO SATELLITE6 GROUNDSTATION84 STAR136
        8: TAKE_IMAGE SATELLITE0 STAR144 INSTRUMENT3 SPECTROGRAPH3
        9: TURN_TO SATELLITE0 PHENOMENON145 STAR144
       10: TAKE_IMAGE SATELLITE0 PHENOMENON145 INSTRUMENT3 IMAGE2
       11: TURN_TO SATELLITE0 GROUNDSTATION123 PHENOMENON145
     

time spent:    0.01 seconds instantiating 231760 easy, 0 hard action templates
               0.02 seconds reachability analysis, yielding 2320 facts and 231760 actions
               0.03 seconds creating final representation with 2320 relevant facts, 0 relevant fluents
               0.26 seconds computing LNF
               0.09 seconds building connectivity graph
               0.39 seconds searching, evaluating 26 states, to a max depth of 1
               0.80 seconds total time

