
ff: parsing domain file
domain 'SATELLITE' defined
 ... done.
ff: parsing problem file
problem 'STRIPS-SAT-X-1' defined
 ... done.


no metric specified. plan length assumed.

checking for cyclic := effects --- OK.

ff: search configuration is EHC, if that fails then  best-first on 1*g(s) + 5*h(s) where
    metric is  plan length

Cueing down from goal distance:   14 into depth [1]
                                  13            [1]
                                  12            [1]
                                  11            [1]
                                  10            [1]
                                   9            [1]
                                   8            [1]
                                   7            [1]
                                   6            [1]
                                   5            [1]
                                   4            [1]
                                   3            [1]
                                   2            [1]
                                   1            [1]
                                   0            

ff: found legal plan as follows

step    0: TURN_TO SATELLITE0 GROUNDSTATION135 STAR121
        1: SWITCH_ON INSTRUMENT0 SATELLITE0
        2: TURN_TO SATELLITE1 STAR99 STAR137
        3: CALIBRATE SATELLITE0 INSTRUMENT0 GROUNDSTATION135
        4: TURN_TO SATELLITE0 PLANET144 GROUNDSTATION135
        5: SWITCH_ON INSTRUMENT8 SATELLITE1
        6: CALIBRATE SATELLITE1 INSTRUMENT8 STAR99
        7: TURN_TO SATELLITE1 PHENOMENON145 STAR99
        8: TURN_TO SATELLITE3 STAR44 STAR26
        9: TURN_TO SATELLITE6 STAR107 STAR54
       10: TURN_TO SATELLITE7 STAR107 GROUNDSTATION75
       11: TURN_TO SATELLITE9 STAR139 GROUNDSTATION135
       12: TAKE_IMAGE SATELLITE0 PLANET144 INSTRUMENT0 SPECTROGRAPH2
       13: TAKE_IMAGE SATELLITE1 PHENOMENON145 INSTRUMENT8 INFRARED0
     

time spent:    0.00 seconds instantiating 228557 easy, 0 hard action templates
               0.02 seconds reachability analysis, yielding 2294 facts and 228557 actions
               0.05 seconds creating final representation with 2294 relevant facts, 0 relevant fluents
               0.29 seconds computing LNF
               0.11 seconds building connectivity graph
               0.16 seconds searching, evaluating 16 states, to a max depth of 1
               0.63 seconds total time

