
ff: parsing domain file
domain 'SATELLITE' defined
 ... done.
ff: parsing problem file
problem 'STRIPS-SAT-X-1' defined
 ... done.


no metric specified. plan length assumed.

checking for cyclic := effects --- OK.

ff: search configuration is EHC, if that fails then  best-first on 1*g(s) + 5*h(s) where
    metric is  plan length

Cueing down from goal distance:   13 into depth [1]
                                  12            [1]
                                  11            [1]
                                  10            [1]
                                   9            [1]
                                   8            [1]
                                   7            [1]
                                   6            [1]
                                   5            [1]
                                   4            [1]
                                   3            [1]
                                   2            [1]
                                   1            [1]
                                   0            

ff: found legal plan as follows

step    0: TURN_TO SATELLITE0 STAR13 GROUNDSTATION65
        1: SWITCH_ON INSTRUMENT4 SATELLITE0
        2: CALIBRATE SATELLITE0 INSTRUMENT4 STAR13
        3: TURN_TO SATELLITE0 PHENOMENON138 STAR13
        4: TURN_TO SATELLITE1 STAR111 STAR13
        5: TURN_TO SATELLITE3 STAR80 GROUNDSTATION46
        6: TURN_TO SATELLITE5 GROUNDSTATION51 STAR66
        7: TURN_TO SATELLITE6 STAR136 GROUNDSTATION104
        8: TURN_TO SATELLITE7 GROUNDSTATION69 STAR47
        9: TURN_TO SATELLITE8 GROUNDSTATION113 GROUNDSTATION117
       10: TAKE_IMAGE SATELLITE0 PHENOMENON138 INSTRUMENT4 THERMOGRAPH4
       11: TURN_TO SATELLITE0 STAR139 PHENOMENON138
       12: TAKE_IMAGE SATELLITE0 STAR139 INSTRUMENT4 THERMOGRAPH4
     

time spent:    0.00 seconds instantiating 214653 easy, 0 hard action templates
               0.03 seconds reachability analysis, yielding 2224 facts and 214653 actions
               0.03 seconds creating final representation with 2224 relevant facts, 0 relevant fluents
               0.25 seconds computing LNF
               0.09 seconds building connectivity graph
               0.34 seconds searching, evaluating 23 states, to a max depth of 1
               0.74 seconds total time

