
ff: parsing domain file
domain 'SATELLITE' defined
 ... done.
ff: parsing problem file
problem 'STRIPS-SAT-X-1' defined
 ... done.


no metric specified. plan length assumed.

checking for cyclic := effects --- OK.

ff: search configuration is EHC, if that fails then  best-first on 1*g(s) + 5*h(s) where
    metric is  plan length

Cueing down from goal distance:   12 into depth [1]
                                  11            [1]
                                  10            [1]
                                   9            [1]
                                   8            [1]
                                   7            [1]
                                   6            [1]
                                   5            [1]
                                   4            [1]
                                   3            [1]
                                   2            [1]
                                   1            [1]
                                   0            

ff: found legal plan as follows

step    0: TURN_TO SATELLITE0 GROUNDSTATION118 GROUNDSTATION101
        1: TURN_TO SATELLITE1 GROUNDSTATION9 STAR19
        2: SWITCH_ON INSTRUMENT0 SATELLITE0
        3: CALIBRATE SATELLITE0 INSTRUMENT0 GROUNDSTATION118
        4: TURN_TO SATELLITE0 PLANET138 GROUNDSTATION118
        5: SWITCH_ON INSTRUMENT4 SATELLITE1
        6: CALIBRATE SATELLITE1 INSTRUMENT4 GROUNDSTATION9
        7: TURN_TO SATELLITE1 PLANET139 GROUNDSTATION9
        8: TURN_TO SATELLITE2 STAR56 GROUNDSTATION0
        9: TURN_TO SATELLITE9 GROUNDSTATION129 STAR105
       10: TAKE_IMAGE SATELLITE0 PLANET138 INSTRUMENT0 THERMOGRAPH1
       11: TAKE_IMAGE SATELLITE1 PLANET139 INSTRUMENT4 SPECTROGRAPH2
     

time spent:    0.00 seconds instantiating 210659 easy, 0 hard action templates
               0.03 seconds reachability analysis, yielding 2216 facts and 210659 actions
               0.02 seconds creating final representation with 2216 relevant facts, 0 relevant fluents
               0.25 seconds computing LNF
               0.08 seconds building connectivity graph
               0.11 seconds searching, evaluating 13 states, to a max depth of 1
               0.49 seconds total time

