
ff: parsing domain file
domain 'SATELLITE' defined
 ... done.
ff: parsing problem file
problem 'STRIPS-SAT-X-1' defined
 ... done.


no metric specified. plan length assumed.

checking for cyclic := effects --- OK.

ff: search configuration is EHC, if that fails then  best-first on 1*g(s) + 5*h(s) where
    metric is  plan length

Cueing down from goal distance:    8 into depth [1]
                                   7            [1]
                                   6            [1]
                                   5            [1]
                                   4            [1]
                                   3            [1]
                                   2            [1]
                                   1            [1]
                                   0            

ff: found legal plan as follows

step    0: TURN_TO SATELLITE0 GROUNDSTATION65 STAR114
        1: SWITCH_ON INSTRUMENT0 SATELLITE0
        2: CALIBRATE SATELLITE0 INSTRUMENT0 GROUNDSTATION65
        3: TURN_TO SATELLITE0 PLANET138 GROUNDSTATION65
        4: TURN_TO SATELLITE4 GROUNDSTATION135 GROUNDSTATION107
        5: TURN_TO SATELLITE6 STAR118 STAR7
        6: TURN_TO SATELLITE8 GROUNDSTATION8 GROUNDSTATION74
        7: TAKE_IMAGE SATELLITE0 PLANET138 INSTRUMENT0 SPECTROGRAPH3
     

time spent:    0.00 seconds instantiating 212193 easy, 0 hard action templates
               0.02 seconds reachability analysis, yielding 2216 facts and 212193 actions
               0.04 seconds creating final representation with 2216 relevant facts, 0 relevant fluents
               0.27 seconds computing LNF
               0.08 seconds building connectivity graph
               0.06 seconds searching, evaluating 9 states, to a max depth of 1
               0.47 seconds total time

