
ff: parsing domain file
domain 'SATELLITE' defined
 ... done.
ff: parsing problem file
problem 'STRIPS-SAT-X-1' defined
 ... done.


no metric specified. plan length assumed.

checking for cyclic := effects --- OK.

ff: search configuration is EHC, if that fails then  best-first on 1*g(s) + 5*h(s) where
    metric is  plan length

Cueing down from goal distance:    7 into depth [1]
                                   6            [1]
                                   5            [1]
                                   4            [1]
                                   3            [1]
                                   2            [1]
                                   1            [1]
                                   0            

ff: found legal plan as follows

step    0: TURN_TO SATELLITE0 STAR19 STAR42
        1: SWITCH_ON INSTRUMENT1 SATELLITE0
        2: CALIBRATE SATELLITE0 INSTRUMENT1 STAR19
        3: TURN_TO SATELLITE0 PHENOMENON138 STAR19
        4: TURN_TO SATELLITE1 STAR99 STAR114
        5: TURN_TO SATELLITE3 GROUNDSTATION13 STAR126
        6: TAKE_IMAGE SATELLITE0 PHENOMENON138 INSTRUMENT1 IMAGE3
     

time spent:    0.01 seconds instantiating 207033 easy, 0 hard action templates
               0.01 seconds reachability analysis, yielding 2182 facts and 207033 actions
               0.04 seconds creating final representation with 2182 relevant facts, 0 relevant fluents
               0.24 seconds computing LNF
               0.08 seconds building connectivity graph
               0.06 seconds searching, evaluating 8 states, to a max depth of 1
               0.44 seconds total time

