
ff: parsing domain file
domain 'SATELLITE' defined
 ... done.
ff: parsing problem file
problem 'STRIPS-SAT-X-1' defined
 ... done.


no metric specified. plan length assumed.

checking for cyclic := effects --- OK.

ff: search configuration is EHC, if that fails then  best-first on 1*g(s) + 5*h(s) where
    metric is  plan length

Cueing down from goal distance:   14 into depth [1]
                                  13            [1]
                                  12            [1]
                                  11            [1]
                                  10            [1]
                                   9            [1]
                                   8            [1]
                                   7            [1]
                                   6            [1]
                                   5            [1]
                                   4            [1]
                                   3            [1]
                                   2            [1]
                                   1            [1]
                                   0            

ff: found legal plan as follows

step    0: TURN_TO SATELLITE0 GROUNDSTATION58 STAR40
        1: TURN_TO SATELLITE1 STAR53 STAR64
        2: SWITCH_ON INSTRUMENT0 SATELLITE0
        3: CALIBRATE SATELLITE0 INSTRUMENT0 GROUNDSTATION58
        4: TURN_TO SATELLITE0 PLANET138 GROUNDSTATION58
        5: SWITCH_ON INSTRUMENT4 SATELLITE1
        6: CALIBRATE SATELLITE1 INSTRUMENT4 STAR53
        7: TURN_TO SATELLITE1 STAR139 STAR53
        8: TURN_TO SATELLITE4 GROUNDSTATION52 STAR53
        9: TURN_TO SATELLITE8 GROUNDSTATION92 STAR131
       10: TURN_TO SATELLITE9 GROUNDSTATION70 STAR123
       11: TAKE_IMAGE SATELLITE0 PLANET138 INSTRUMENT0 THERMOGRAPH0
       12: TURN_TO SATELLITE0 GROUNDSTATION85 PLANET138
       13: TAKE_IMAGE SATELLITE1 STAR139 INSTRUMENT4 THERMOGRAPH3
     

time spent:    0.00 seconds instantiating 214873 easy, 0 hard action templates
               0.02 seconds reachability analysis, yielding 2234 facts and 214873 actions
               0.03 seconds creating final representation with 2234 relevant facts, 0 relevant fluents
               0.25 seconds computing LNF
               0.09 seconds building connectivity graph
               0.17 seconds searching, evaluating 19 states, to a max depth of 1
               0.56 seconds total time

