
ff: parsing domain file
domain 'BLOCKS' defined
 ... done.
ff: parsing problem file
problem 'PB4' defined
 ... done.


no metric specified. plan length assumed.

checking for cyclic := effects --- OK.

ff: search configuration is EHC, if that fails then  best-first on 1*g(s) + 5*h(s) where
    metric is  plan length

Cueing down from goal distance:   50 into depth [1][2][3]
                                  49            [1][2]
                                  48            [1]
                                  47            [1][2][3]
                                  46            [1]
                                  45            [1]
                                  44            [1]
                                  43            [1][2][3][4][5][6]
                                  42            [1][2][3][4][5]
                                  41            [1][2][3]
                                  40            [1][2][3][4][5][6]
                                  39            [1]
                                  38            [1]
                                  37            [1]
                                  36            [1][2]
                                  35            [1]
                                  34            [1][2][3]
                                  33            [1]
                                  32            [1][2][3][4][5][6][7]
                                  31            [1]
                                  30            [1]
                                  29            [1][2][3]
                                  28            [1]
                                  27            [1][2][3]
                                  26            [1][2][3][4][5][6][7]
                                  25            [1][2][3]
                                  24            [1]
                                  23            [1]
                                  22            [1][2]
                                  20            [1]
                                  19            [1]
                                  18            [1][2][3][4][5]
                                  17            [1][2][3]
                                  16            [1]
                                  15            [1]
                                  14            [1][2][3][4][5][6][7][8][9][10]
                                  13            [1]
                                  12            [1]
                                  11            [1][2]
                                   9            [1][2][3][4][5][6][7][8][9][10][11][12]
                                   8            [1]
                                   7            [1][2]
                                   6            [1]
                                   5            [1][2]
                                   4            [1][2][3][4][5][6][7]
                                   3            [1]
                                   2            [1][2]
                                   0            

ff: found legal plan as follows

step    0: UNSTACK BLOCK10 BLOCK4
        1: STACK BLOCK10 BLOCK25
        2: UNSTACK BLOCK4 BLOCK2
        3: STACK BLOCK4 BLOCK17
        4: UNSTACK BLOCK2 BLOCK8
        5: PUT-DOWN BLOCK2
        6: UNSTACK BLOCK8 BLOCK19
        7: STACK BLOCK8 BLOCK15
        8: UNSTACK BLOCK19 BLOCK3
        9: PUT-DOWN BLOCK19
       10: UNSTACK BLOCK3 BLOCK16
       11: STACK BLOCK3 BLOCK19
       12: UNSTACK BLOCK6 BLOCK9
       13: STACK BLOCK6 BLOCK16
       14: UNSTACK BLOCK9 BLOCK1
       15: STACK BLOCK9 BLOCK8
       16: UNSTACK BLOCK10 BLOCK25
       17: STACK BLOCK10 BLOCK3
       18: UNSTACK BLOCK1 BLOCK18
       19: STACK BLOCK1 BLOCK25
       20: UNSTACK BLOCK9 BLOCK8
       21: STACK BLOCK9 BLOCK18
       22: UNSTACK BLOCK10 BLOCK3
       23: STACK BLOCK10 BLOCK1
       24: UNSTACK BLOCK8 BLOCK15
       25: STACK BLOCK8 BLOCK10
       26: UNSTACK BLOCK15 BLOCK20
       27: STACK BLOCK15 BLOCK8
       28: UNSTACK BLOCK20 BLOCK22
       29: STACK BLOCK20 BLOCK2
       30: UNSTACK BLOCK15 BLOCK8
       31: STACK BLOCK15 BLOCK20
       32: UNSTACK BLOCK22 BLOCK7
       33: STACK BLOCK22 BLOCK6
       34: UNSTACK BLOCK7 BLOCK11
       35: STACK BLOCK7 BLOCK3
       36: UNSTACK BLOCK11 BLOCK24
       37: STACK BLOCK11 BLOCK22
       38: UNSTACK BLOCK8 BLOCK10
       39: STACK BLOCK8 BLOCK24
       40: UNSTACK BLOCK10 BLOCK1
       41: STACK BLOCK10 BLOCK8
       42: UNSTACK BLOCK1 BLOCK25
       43: STACK BLOCK1 BLOCK15
       44: UNSTACK BLOCK25 BLOCK5
       45: STACK BLOCK25 BLOCK7
       46: UNSTACK BLOCK1 BLOCK15
       47: STACK BLOCK1 BLOCK25
       48: UNSTACK BLOCK10 BLOCK8
       49: STACK BLOCK10 BLOCK1
       50: UNSTACK BLOCK5 BLOCK27
       51: STACK BLOCK5 BLOCK11
       52: PICK-UP BLOCK27
       53: STACK BLOCK27 BLOCK5
       54: UNSTACK BLOCK9 BLOCK18
       55: STACK BLOCK9 BLOCK8
       56: UNSTACK BLOCK18 BLOCK26
       57: STACK BLOCK18 BLOCK27
       58: UNSTACK BLOCK26 BLOCK21
       59: PUT-DOWN BLOCK26
       60: UNSTACK BLOCK18 BLOCK27
       61: STACK BLOCK18 BLOCK26
       62: UNSTACK BLOCK9 BLOCK8
       63: STACK BLOCK9 BLOCK18
       64: UNSTACK BLOCK21 BLOCK13
       65: STACK BLOCK21 BLOCK15
       66: UNSTACK BLOCK13 BLOCK23
       67: PUT-DOWN BLOCK13
       68: UNSTACK BLOCK4 BLOCK17
       69: STACK BLOCK4 BLOCK13
       70: UNSTACK BLOCK17 BLOCK14
       71: STACK BLOCK17 BLOCK23
       72: UNSTACK BLOCK4 BLOCK13
       73: STACK BLOCK4 BLOCK17
       74: UNSTACK BLOCK14 BLOCK28
       75: STACK BLOCK14 BLOCK4
       76: PICK-UP BLOCK28
       77: STACK BLOCK28 BLOCK9
       78: UNSTACK BLOCK14 BLOCK4
       79: STACK BLOCK14 BLOCK13
       80: UNSTACK BLOCK4 BLOCK17
       81: STACK BLOCK4 BLOCK8
       82: UNSTACK BLOCK17 BLOCK23
       83: STACK BLOCK17 BLOCK27
       84: PICK-UP BLOCK23
       85: STACK BLOCK23 BLOCK28
       86: UNSTACK BLOCK17 BLOCK27
       87: STACK BLOCK17 BLOCK23
       88: UNSTACK BLOCK4 BLOCK8
       89: STACK BLOCK4 BLOCK17
       90: UNSTACK BLOCK14 BLOCK13
       91: STACK BLOCK14 BLOCK4
       92: UNSTACK BLOCK27 BLOCK5
       93: STACK BLOCK27 BLOCK8
       94: UNSTACK BLOCK5 BLOCK11
       95: STACK BLOCK5 BLOCK27
       96: UNSTACK BLOCK11 BLOCK22
       97: STACK BLOCK11 BLOCK21
       98: UNSTACK BLOCK22 BLOCK6
       99: STACK BLOCK22 BLOCK11
      100: UNSTACK BLOCK6 BLOCK16
      101: STACK BLOCK6 BLOCK13
      102: UNSTACK BLOCK22 BLOCK11
      103: STACK BLOCK22 BLOCK6
      104: UNSTACK BLOCK5 BLOCK27
      105: STACK BLOCK5 BLOCK11
      106: PICK-UP BLOCK16
      107: STACK BLOCK16 BLOCK22
      108: UNSTACK BLOCK5 BLOCK11
      109: STACK BLOCK5 BLOCK27
      110: UNSTACK BLOCK11 BLOCK21
      111: STACK BLOCK11 BLOCK16
      112: UNSTACK BLOCK5 BLOCK27
      113: STACK BLOCK5 BLOCK11
      114: UNSTACK BLOCK27 BLOCK8
      115: STACK BLOCK27 BLOCK5
     

time spent:    0.00 seconds instantiating 1624 easy, 0 hard action templates
               0.00 seconds reachability analysis, yielding 869 facts and 1624 actions
               0.00 seconds creating final representation with 869 relevant facts, 0 relevant fluents
               0.00 seconds computing LNF
               0.00 seconds building connectivity graph
               6.76 seconds searching, evaluating 159910 states, to a max depth of 12
               6.76 seconds total time

