
ff: parsing domain file
domain 'BLOCKS' defined
 ... done.
ff: parsing problem file
problem 'PB9' defined
 ... done.


no metric specified. plan length assumed.

checking for cyclic := effects --- OK.

ff: search configuration is EHC, if that fails then  best-first on 1*g(s) + 5*h(s) where
    metric is  plan length

Cueing down from goal distance:   56 into depth [1]
                                  55            [1][2][3][4][5]
                                  54            [1][2][3]
                                  53            [1][2][3][4][5][6]
                                  52            [1][2][3][4][5][6][7][8][9][10][11][12][13]
                                  51            [1][2][3]
                                  50            [1][2]
                                  49            [1][2][3][4][5][6][7][8][9][10][11]
                                  48            [1]
                                  47            [1]
                                  46            [1][2]
                                  44            [1]
                                  43            [1]
                                  42            [1][2][3][4][5]
                                  41            [1]
                                  40            [1]
                                  39            [1]
                                  38            [1]
                                  37            [1]
                                  36            [1][2][3]
                                  35            [1]
                                  34            [1]
                                  33            [1]
                                  32            [1]
                                  31            [1]
                                  30            [1][2][3]
                                  29            [1][2][3][4]
                                  28            [1][2][3]
                                  27            [1][2][3][4][5][6]
                                  26            [1]
                                  25            [1]
                                  24            [1]
                                  23            [1]
                                  22            [1]
                                  21            [1][2][3][4][5]
                                  20            [1][2][3][4][5][6][7]
                                  19            [1]
                                  18            [1]
                                  17            [1]
                                  16            [1][2][3][4][5][6]
                                  15            [1]
                                  14            [1][2]
                                  13            [1][2][3]
                                  12            [1][2][3][4][5][6][7][8][9][10]
                                  11            [1]
                                  10            [1][2][3]
                                   9            [1]
                                   8            [1]
                                   7            [1][2][3][4][5][6][7][8][9][10][11][12]
                                   6            [1]
                                   5            [1]
                                   4            [1]
                                   3            [1]
                                   2            [1][2]
                                   0            

ff: found legal plan as follows

step    0: UNSTACK BLOCK20 BLOCK1
        1: STACK BLOCK20 BLOCK17
        2: UNSTACK BLOCK1 BLOCK6
        3: PUT-DOWN BLOCK1
        4: UNSTACK BLOCK20 BLOCK17
        5: STACK BLOCK20 BLOCK1
        6: UNSTACK BLOCK17 BLOCK26
        7: STACK BLOCK17 BLOCK20
        8: UNSTACK BLOCK26 BLOCK3
        9: STACK BLOCK26 BLOCK6
       10: UNSTACK BLOCK3 BLOCK25
       11: STACK BLOCK3 BLOCK26
       12: UNSTACK BLOCK25 BLOCK15
       13: STACK BLOCK25 BLOCK17
       14: UNSTACK BLOCK15 BLOCK5
       15: STACK BLOCK15 BLOCK25
       16: UNSTACK BLOCK5 BLOCK14
       17: STACK BLOCK5 BLOCK15
       18: UNSTACK BLOCK14 BLOCK12
       19: PUT-DOWN BLOCK14
       20: UNSTACK BLOCK3 BLOCK26
       21: STACK BLOCK3 BLOCK14
       22: UNSTACK BLOCK26 BLOCK6
       23: STACK BLOCK26 BLOCK12
       24: UNSTACK BLOCK6 BLOCK24
       25: STACK BLOCK6 BLOCK5
       26: UNSTACK BLOCK26 BLOCK12
       27: STACK BLOCK26 BLOCK6
       28: UNSTACK BLOCK12 BLOCK4
       29: STACK BLOCK12 BLOCK26
       30: UNSTACK BLOCK4 BLOCK7
       31: STACK BLOCK4 BLOCK12
       32: UNSTACK BLOCK7 BLOCK27
       33: STACK BLOCK7 BLOCK24
       34: UNSTACK BLOCK27 BLOCK21
       35: PUT-DOWN BLOCK27
       36: UNSTACK BLOCK3 BLOCK14
       37: STACK BLOCK3 BLOCK27
       38: UNSTACK BLOCK21 BLOCK8
       39: PUT-DOWN BLOCK21
       40: UNSTACK BLOCK8 BLOCK18
       41: PUT-DOWN BLOCK8
       42: UNSTACK BLOCK18 BLOCK23
       43: STACK BLOCK18 BLOCK21
       44: UNSTACK BLOCK23 BLOCK2
       45: STACK BLOCK23 BLOCK18
       46: UNSTACK BLOCK2 BLOCK9
       47: STACK BLOCK2 BLOCK3
       48: UNSTACK BLOCK9 BLOCK11
       49: STACK BLOCK9 BLOCK8
       50: UNSTACK BLOCK23 BLOCK18
       51: STACK BLOCK23 BLOCK9
       52: UNSTACK BLOCK4 BLOCK12
       53: STACK BLOCK4 BLOCK11
       54: UNSTACK BLOCK12 BLOCK26
       55: STACK BLOCK12 BLOCK23
       56: UNSTACK BLOCK26 BLOCK6
       57: STACK BLOCK26 BLOCK12
       58: UNSTACK BLOCK6 BLOCK5
       59: STACK BLOCK6 BLOCK26
       60: UNSTACK BLOCK5 BLOCK15
       61: STACK BLOCK5 BLOCK18
       62: UNSTACK BLOCK15 BLOCK25
       63: STACK BLOCK15 BLOCK7
       64: UNSTACK BLOCK4 BLOCK11
       65: STACK BLOCK4 BLOCK2
       66: UNSTACK BLOCK25 BLOCK17
       67: STACK BLOCK25 BLOCK11
       68: UNSTACK BLOCK4 BLOCK2
       69: STACK BLOCK4 BLOCK17
       70: UNSTACK BLOCK25 BLOCK11
       71: STACK BLOCK25 BLOCK4
       72: UNSTACK BLOCK11 BLOCK28
       73: STACK BLOCK11 BLOCK25
       74: UNSTACK BLOCK28 BLOCK13
       75: STACK BLOCK28 BLOCK2
       76: UNSTACK BLOCK13 BLOCK16
       77: STACK BLOCK13 BLOCK6
       78: UNSTACK BLOCK16 BLOCK19
       79: STACK BLOCK16 BLOCK14
       80: UNSTACK BLOCK5 BLOCK18
       81: STACK BLOCK5 BLOCK19
       82: UNSTACK BLOCK11 BLOCK25
       83: STACK BLOCK11 BLOCK16
       84: UNSTACK BLOCK25 BLOCK4
       85: STACK BLOCK25 BLOCK11
       86: UNSTACK BLOCK15 BLOCK7
       87: STACK BLOCK15 BLOCK28
       88: UNSTACK BLOCK7 BLOCK24
       89: STACK BLOCK7 BLOCK18
       90: PICK-UP BLOCK24
       91: STACK BLOCK24 BLOCK13
       92: UNSTACK BLOCK7 BLOCK18
       93: STACK BLOCK7 BLOCK24
       94: UNSTACK BLOCK15 BLOCK28
       95: STACK BLOCK15 BLOCK7
       96: UNSTACK BLOCK5 BLOCK19
       97: STACK BLOCK5 BLOCK28
       98: UNSTACK BLOCK19 BLOCK22
       99: STACK BLOCK19 BLOCK25
      100: UNSTACK BLOCK22 BLOCK10
      101: STACK BLOCK22 BLOCK15
      102: PICK-UP BLOCK10
      103: STACK BLOCK10 BLOCK19
      104: UNSTACK BLOCK18 BLOCK21
      105: STACK BLOCK18 BLOCK22
      106: UNSTACK BLOCK10 BLOCK19
      107: STACK BLOCK10 BLOCK18
      108: UNSTACK BLOCK19 BLOCK25
      109: STACK BLOCK19 BLOCK10
      110: UNSTACK BLOCK5 BLOCK28
      111: STACK BLOCK5 BLOCK19
      112: UNSTACK BLOCK4 BLOCK17
      113: STACK BLOCK4 BLOCK28
      114: UNSTACK BLOCK17 BLOCK20
      115: STACK BLOCK17 BLOCK21
      116: UNSTACK BLOCK25 BLOCK11
      117: STACK BLOCK25 BLOCK4
      118: UNSTACK BLOCK11 BLOCK16
      119: STACK BLOCK11 BLOCK25
      120: UNSTACK BLOCK20 BLOCK1
      121: STACK BLOCK20 BLOCK16
      122: UNSTACK BLOCK11 BLOCK25
      123: STACK BLOCK11 BLOCK1
      124: UNSTACK BLOCK17 BLOCK21
      125: STACK BLOCK17 BLOCK20
      126: UNSTACK BLOCK25 BLOCK4
      127: STACK BLOCK25 BLOCK11
      128: UNSTACK BLOCK4 BLOCK28
      129: STACK BLOCK4 BLOCK17
     

time spent:    0.00 seconds instantiating 1624 easy, 0 hard action templates
               0.00 seconds reachability analysis, yielding 869 facts and 1624 actions
               0.00 seconds creating final representation with 869 relevant facts, 0 relevant fluents
               0.00 seconds computing LNF
               0.00 seconds building connectivity graph
              25.81 seconds searching, evaluating 407907 states, to a max depth of 13
              25.81 seconds total time

