
ff: parsing domain file
domain 'BLOCKS' defined
 ... done.
ff: parsing problem file
problem 'PB2' defined
 ... done.


no metric specified. plan length assumed.

checking for cyclic := effects --- OK.

ff: search configuration is EHC, if that fails then  best-first on 1*g(s) + 5*h(s) where
    metric is  plan length

Cueing down from goal distance:   30 into depth [1]
                                  29            [1]
                                  28            [1]
                                  27            [1]
                                  26            [1][2][3]
                                  25            [1]
                                  24            [1][2]
                                  22            [1]
                                  21            [1]
                                  20            [1][2][3][4]
                                  19            [1]
                                  18            [1]
                                  17            [1]
                                  16            [1]
                                  15            [1][2][3][4]
                                  14            [1][2]
                                  12            [1]
                                  11            [1]
                                  10            [1][2]
                                   8            [1][2][3]
                                   7            [1]
                                   6            [1][2][3]
                                   5            [1]
                                   4            [1]
                                   3            [1]
                                   2            [1]
                                   1            [1]
                                   0            

ff: found legal plan as follows

step    0: UNSTACK BLOCK1 BLOCK15
        1: PUT-DOWN BLOCK1
        2: PICK-UP BLOCK16
        3: STACK BLOCK16 BLOCK13
        4: UNSTACK BLOCK2 BLOCK12
        5: STACK BLOCK2 BLOCK15
        6: UNSTACK BLOCK12 BLOCK7
        7: STACK BLOCK12 BLOCK16
        8: UNSTACK BLOCK7 BLOCK4
        9: PUT-DOWN BLOCK7
       10: PICK-UP BLOCK4
       11: STACK BLOCK4 BLOCK12
       12: UNSTACK BLOCK10 BLOCK6
       13: STACK BLOCK10 BLOCK4
       14: UNSTACK BLOCK6 BLOCK17
       15: PUT-DOWN BLOCK6
       16: UNSTACK BLOCK10 BLOCK4
       17: STACK BLOCK10 BLOCK6
       18: PICK-UP BLOCK17
       19: STACK BLOCK17 BLOCK1
       20: UNSTACK BLOCK11 BLOCK5
       21: STACK BLOCK11 BLOCK17
       22: UNSTACK BLOCK5 BLOCK9
       23: STACK BLOCK5 BLOCK10
       24: UNSTACK BLOCK11 BLOCK17
       25: STACK BLOCK11 BLOCK5
       26: UNSTACK BLOCK9 BLOCK3
       27: STACK BLOCK9 BLOCK17
       28: UNSTACK BLOCK3 BLOCK14
       29: STACK BLOCK3 BLOCK4
       30: UNSTACK BLOCK2 BLOCK15
       31: STACK BLOCK2 BLOCK14
       32: PICK-UP BLOCK15
       33: STACK BLOCK15 BLOCK9
       34: UNSTACK BLOCK2 BLOCK14
       35: STACK BLOCK2 BLOCK3
       36: UNSTACK BLOCK14 BLOCK8
       37: STACK BLOCK14 BLOCK15
       38: PICK-UP BLOCK8
       39: STACK BLOCK8 BLOCK14
       40: UNSTACK BLOCK2 BLOCK3
       41: STACK BLOCK2 BLOCK8
     

time spent:    0.00 seconds instantiating 612 easy, 0 hard action templates
               0.00 seconds reachability analysis, yielding 341 facts and 612 actions
               0.00 seconds creating final representation with 341 relevant facts, 0 relevant fluents
               0.00 seconds computing LNF
               0.00 seconds building connectivity graph
               0.00 seconds searching, evaluating 410 states, to a max depth of 4
               0.00 seconds total time

