
ff: parsing domain file
domain 'BLOCKS' defined
 ... done.
ff: parsing problem file
problem 'PB6' defined
 ... done.


no metric specified. plan length assumed.

checking for cyclic := effects --- OK.

ff: search configuration is EHC, if that fails then  best-first on 1*g(s) + 5*h(s) where
    metric is  plan length

Cueing down from goal distance:   31 into depth [1]
                                  30            [1][2]
                                  29            [1]
                                  28            [1]
                                  27            [1]
                                  26            [1]
                                  25            [1]
                                  24            [1][2][3]
                                  23            [1][2]
                                  22            [1][2][3][4][5]
                                  21            [1][2][3]
                                  20            [1][2][3][4][5][6][7][8]
                                  19            [1][2]
                                  18            [1]
                                  17            [1]
                                  16            [1]
                                  15            [1][2][3][4]
                                  14            [1]
                                  13            [1]
                                  12            [1][2][3][4][5][6][7]
                                  11            [1][2]
                                  10            [1]
                                   9            [1][2][3][4][5][6][7]
                                   8            [1]
                                   7            [1]
                                   6            [1][2][3]
                                   5            [1]
                                   4            [1]
                                   3            [1][2][3][4]
                                   2            [1]
                                   1            [1]
                                   0            

ff: found legal plan as follows

step    0: UNSTACK BLOCK5 BLOCK9
        1: STACK BLOCK5 BLOCK16
        2: UNSTACK BLOCK9 BLOCK8
        3: PUT-DOWN BLOCK9
        4: UNSTACK BLOCK10 BLOCK15
        5: PUT-DOWN BLOCK10
        6: PICK-UP BLOCK11
        7: STACK BLOCK11 BLOCK9
        8: UNSTACK BLOCK6 BLOCK7
        9: STACK BLOCK6 BLOCK11
       10: UNSTACK BLOCK7 BLOCK17
       11: STACK BLOCK7 BLOCK15
       12: UNSTACK BLOCK17 BLOCK1
       13: STACK BLOCK17 BLOCK8
       14: UNSTACK BLOCK1 BLOCK4
       15: STACK BLOCK1 BLOCK10
       16: UNSTACK BLOCK17 BLOCK8
       17: STACK BLOCK17 BLOCK4
       18: UNSTACK BLOCK8 BLOCK13
       19: STACK BLOCK8 BLOCK17
       20: UNSTACK BLOCK7 BLOCK15
       21: STACK BLOCK7 BLOCK8
       22: UNSTACK BLOCK15 BLOCK3
       23: STACK BLOCK15 BLOCK7
       24: UNSTACK BLOCK3 BLOCK14
       25: STACK BLOCK3 BLOCK13
       26: UNSTACK BLOCK6 BLOCK11
       27: STACK BLOCK6 BLOCK14
       28: UNSTACK BLOCK15 BLOCK7
       29: STACK BLOCK15 BLOCK3
       30: UNSTACK BLOCK7 BLOCK8
       31: STACK BLOCK7 BLOCK15
       32: UNSTACK BLOCK6 BLOCK14
       33: STACK BLOCK6 BLOCK11
       34: PICK-UP BLOCK14
       35: STACK BLOCK14 BLOCK7
       36: UNSTACK BLOCK6 BLOCK11
       37: STACK BLOCK6 BLOCK14
       38: UNSTACK BLOCK5 BLOCK16
       39: STACK BLOCK5 BLOCK11
       40: UNSTACK BLOCK16 BLOCK12
       41: STACK BLOCK16 BLOCK6
       42: UNSTACK BLOCK5 BLOCK11
       43: STACK BLOCK5 BLOCK16
       44: UNSTACK BLOCK12 BLOCK2
       45: STACK BLOCK12 BLOCK8
       46: PICK-UP BLOCK2
       47: STACK BLOCK2 BLOCK11
       48: UNSTACK BLOCK12 BLOCK8
       49: STACK BLOCK12 BLOCK5
       50: UNSTACK BLOCK8 BLOCK17
       51: STACK BLOCK8 BLOCK12
       52: UNSTACK BLOCK17 BLOCK4
       53: STACK BLOCK17 BLOCK2
       54: UNSTACK BLOCK8 BLOCK12
       55: STACK BLOCK8 BLOCK17
       56: PICK-UP BLOCK4
       57: STACK BLOCK4 BLOCK1
       58: UNSTACK BLOCK12 BLOCK5
       59: STACK BLOCK12 BLOCK8
       60: UNSTACK BLOCK4 BLOCK1
       61: STACK BLOCK4 BLOCK12
       62: UNSTACK BLOCK5 BLOCK16
       63: STACK BLOCK5 BLOCK1
       64: UNSTACK BLOCK16 BLOCK6
       65: STACK BLOCK16 BLOCK4
       66: UNSTACK BLOCK5 BLOCK1
       67: STACK BLOCK5 BLOCK16
     

time spent:    0.00 seconds instantiating 612 easy, 0 hard action templates
               0.00 seconds reachability analysis, yielding 341 facts and 612 actions
               0.00 seconds creating final representation with 341 relevant facts, 0 relevant fluents
               0.00 seconds computing LNF
               0.00 seconds building connectivity graph
               0.76 seconds searching, evaluating 35475 states, to a max depth of 8
               0.76 seconds total time

