
ff: parsing domain file
domain 'BLOCKS' defined
 ... done.
ff: parsing problem file
problem 'PB3' defined
 ... done.


no metric specified. plan length assumed.

checking for cyclic := effects --- OK.

ff: search configuration is EHC, if that fails then  best-first on 1*g(s) + 5*h(s) where
    metric is  plan length

Cueing down from goal distance:   32 into depth [1][2][3]
                                  31            [1]
                                  30            [1][2][3]
                                  29            [1][2][3][4][5]
                                  28            [1][2][3]
                                  27            [1][2][3][4][5][6]
                                  26            [1][2][3][4]
                                  25            [1][2][3][4][5][6][7][8][9][10][11][12]
                                  24            [1][2][3]
                                  23            [1]
                                  22            [1]
                                  21            [1][2][3]
                                  20            [1][2]
                                  19            [1]
                                  18            [1]
                                  17            [1][2][3]
                                  16            [1]
                                  15            [1][2]
                                  14            [1][2][3]
                                  13            [1]
                                  12            [1][2][3][4][5][6][7][8][9][10][11]
                                  11            [1]
                                  10            [1]
                                   9            [1][2]
                                   7            [1][2][3][4][5][6][7][8][9][10][11][12][13][14][15][16]
                                   6            [1]
                                   5            [1]
                                   4            [1]
                                   3            [1][2][3]
                                   2            [1]
                                   1            [1]
                                   0            

ff: found legal plan as follows

step    0: UNSTACK BLOCK1 BLOCK7
        1: STACK BLOCK1 BLOCK17
        2: UNSTACK BLOCK7 BLOCK16
        3: PUT-DOWN BLOCK7
        4: UNSTACK BLOCK1 BLOCK17
        5: STACK BLOCK1 BLOCK9
        6: PICK-UP BLOCK16
        7: STACK BLOCK16 BLOCK1
        8: UNSTACK BLOCK17 BLOCK2
        9: STACK BLOCK17 BLOCK16
       10: UNSTACK BLOCK2 BLOCK6
       11: STACK BLOCK2 BLOCK7
       12: UNSTACK BLOCK17 BLOCK16
       13: STACK BLOCK17 BLOCK6
       14: UNSTACK BLOCK16 BLOCK1
       15: STACK BLOCK16 BLOCK17
       16: UNSTACK BLOCK1 BLOCK9
       17: STACK BLOCK1 BLOCK16
       18: UNSTACK BLOCK9 BLOCK5
       19: STACK BLOCK9 BLOCK2
       20: UNSTACK BLOCK5 BLOCK13
       21: STACK BLOCK5 BLOCK9
       22: UNSTACK BLOCK1 BLOCK16
       23: STACK BLOCK1 BLOCK13
       24: UNSTACK BLOCK5 BLOCK9
       25: STACK BLOCK5 BLOCK1
       26: UNSTACK BLOCK16 BLOCK17
       27: STACK BLOCK16 BLOCK9
       28: UNSTACK BLOCK17 BLOCK6
       29: STACK BLOCK17 BLOCK16
       30: UNSTACK BLOCK6 BLOCK11
       31: STACK BLOCK6 BLOCK17
       32: UNSTACK BLOCK11 BLOCK14
       33: STACK BLOCK11 BLOCK6
       34: UNSTACK BLOCK14 BLOCK10
       35: PUT-DOWN BLOCK14
       36: UNSTACK BLOCK10 BLOCK4
       37: STACK BLOCK10 BLOCK5
       38: UNSTACK BLOCK11 BLOCK6
       39: STACK BLOCK11 BLOCK14
       40: UNSTACK BLOCK10 BLOCK5
       41: STACK BLOCK10 BLOCK11
       42: UNSTACK BLOCK4 BLOCK15
       43: STACK BLOCK4 BLOCK10
       44: UNSTACK BLOCK15 BLOCK12
       45: STACK BLOCK15 BLOCK5
       46: UNSTACK BLOCK12 BLOCK3
       47: PUT-DOWN BLOCK12
       48: PICK-UP BLOCK3
       49: STACK BLOCK3 BLOCK15
       50: UNSTACK BLOCK6 BLOCK17
       51: STACK BLOCK6 BLOCK12
       52: UNSTACK BLOCK3 BLOCK15
       53: STACK BLOCK3 BLOCK4
       54: UNSTACK BLOCK17 BLOCK16
       55: STACK BLOCK17 BLOCK3
       56: UNSTACK BLOCK16 BLOCK9
       57: STACK BLOCK16 BLOCK17
       58: UNSTACK BLOCK9 BLOCK2
       59: STACK BLOCK9 BLOCK15
       60: UNSTACK BLOCK16 BLOCK17
       61: STACK BLOCK16 BLOCK6
       62: UNSTACK BLOCK17 BLOCK3
       63: STACK BLOCK17 BLOCK16
       64: UNSTACK BLOCK3 BLOCK4
       65: STACK BLOCK3 BLOCK17
       66: UNSTACK BLOCK4 BLOCK10
       67: STACK BLOCK4 BLOCK2
       68: UNSTACK BLOCK3 BLOCK17
       69: STACK BLOCK3 BLOCK4
       70: UNSTACK BLOCK17 BLOCK16
       71: STACK BLOCK17 BLOCK3
       72: UNSTACK BLOCK16 BLOCK6
       73: STACK BLOCK16 BLOCK17
       74: UNSTACK BLOCK9 BLOCK15
       75: STACK BLOCK9 BLOCK6
       76: UNSTACK BLOCK15 BLOCK5
       77: STACK BLOCK15 BLOCK16
       78: UNSTACK BLOCK5 BLOCK1
       79: STACK BLOCK5 BLOCK15
       80: UNSTACK BLOCK1 BLOCK13
       81: STACK BLOCK1 BLOCK9
       82: UNSTACK BLOCK13 BLOCK8
       83: STACK BLOCK13 BLOCK5
       84: PICK-UP BLOCK8
       85: STACK BLOCK8 BLOCK10
       86: UNSTACK BLOCK13 BLOCK5
       87: STACK BLOCK13 BLOCK8
       88: UNSTACK BLOCK1 BLOCK9
       89: STACK BLOCK1 BLOCK13
       90: UNSTACK BLOCK5 BLOCK15
       91: STACK BLOCK5 BLOCK1
       92: UNSTACK BLOCK15 BLOCK16
       93: STACK BLOCK15 BLOCK5
       94: UNSTACK BLOCK9 BLOCK6
       95: STACK BLOCK9 BLOCK15
     

time spent:    0.00 seconds instantiating 612 easy, 0 hard action templates
               0.00 seconds reachability analysis, yielding 341 facts and 612 actions
               0.00 seconds creating final representation with 341 relevant facts, 0 relevant fluents
               0.00 seconds computing LNF
               0.00 seconds building connectivity graph
               4.90 seconds searching, evaluating 232450 states, to a max depth of 16
               4.90 seconds total time

