
ff: parsing domain file
domain 'BLOCKS' defined
 ... done.
ff: parsing problem file
problem 'PB8' defined
 ... done.


no metric specified. plan length assumed.

checking for cyclic := effects --- OK.

ff: search configuration is EHC, if that fails then  best-first on 1*g(s) + 5*h(s) where
    metric is  plan length

Cueing down from goal distance:   32 into depth [1]
                                  31            [1][2]
                                  30            [1]
                                  29            [1]
                                  28            [1][2]
                                  27            [1][2][3][4][5]
                                  26            [1]
                                  25            [1]
                                  24            [1]
                                  23            [1]
                                  22            [1][2][3]
                                  21            [1][2][3]
                                  20            [1]
                                  19            [1]
                                  18            [1][2][3]
                                  17            [1]
                                  16            [1][2][3][4][5]
                                  15            [1]
                                  14            [1][2]
                                  13            [1][2]
                                  11            [1][2][3][4][5][6][7]
                                  10            [1]
                                   9            [1][2]
                                   7            [1][2]
                                   6            [1][2][3][4][5][6][7]
                                   5            [1]
                                   4            [1][2]
                                   2            [1][2]
                                   0            

ff: found legal plan as follows

step    0: UNSTACK BLOCK3 BLOCK4
        1: STACK BLOCK3 BLOCK16
        2: UNSTACK BLOCK4 BLOCK13
        3: PUT-DOWN BLOCK4
        4: UNSTACK BLOCK7 BLOCK6
        5: STACK BLOCK7 BLOCK12
        6: UNSTACK BLOCK6 BLOCK2
        7: STACK BLOCK6 BLOCK13
        8: UNSTACK BLOCK3 BLOCK16
        9: STACK BLOCK3 BLOCK2
       10: UNSTACK BLOCK16 BLOCK10
       11: STACK BLOCK16 BLOCK4
       12: UNSTACK BLOCK3 BLOCK2
       13: STACK BLOCK3 BLOCK16
       14: UNSTACK BLOCK10 BLOCK1
       15: STACK BLOCK10 BLOCK3
       16: UNSTACK BLOCK1 BLOCK15
       17: STACK BLOCK1 BLOCK10
       18: PICK-UP BLOCK2
       19: STACK BLOCK2 BLOCK7
       20: UNSTACK BLOCK15 BLOCK14
       21: PUT-DOWN BLOCK15
       22: UNSTACK BLOCK2 BLOCK7
       23: STACK BLOCK2 BLOCK15
       24: UNSTACK BLOCK1 BLOCK10
       25: STACK BLOCK1 BLOCK7
       26: UNSTACK BLOCK14 BLOCK5
       27: STACK BLOCK14 BLOCK10
       28: UNSTACK BLOCK6 BLOCK13
       29: STACK BLOCK6 BLOCK14
       30: UNSTACK BLOCK13 BLOCK17
       31: STACK BLOCK13 BLOCK1
       32: UNSTACK BLOCK17 BLOCK8
       33: STACK BLOCK17 BLOCK5
       34: UNSTACK BLOCK6 BLOCK14
       35: STACK BLOCK6 BLOCK13
       36: UNSTACK BLOCK8 BLOCK11
       37: PUT-DOWN BLOCK8
       38: UNSTACK BLOCK6 BLOCK13
       39: STACK BLOCK6 BLOCK14
       40: UNSTACK BLOCK13 BLOCK1
       41: STACK BLOCK13 BLOCK11
       42: UNSTACK BLOCK1 BLOCK7
       43: STACK BLOCK1 BLOCK17
       44: UNSTACK BLOCK13 BLOCK11
       45: STACK BLOCK13 BLOCK1
       46: UNSTACK BLOCK6 BLOCK14
       47: STACK BLOCK6 BLOCK13
       48: PICK-UP BLOCK11
       49: STACK BLOCK11 BLOCK14
       50: UNSTACK BLOCK7 BLOCK12
       51: STACK BLOCK7 BLOCK11
       52: UNSTACK BLOCK12 BLOCK9
       53: PUT-DOWN BLOCK12
       54: UNSTACK BLOCK7 BLOCK11
       55: STACK BLOCK7 BLOCK12
       56: PICK-UP BLOCK9
       57: STACK BLOCK9 BLOCK2
       58: UNSTACK BLOCK11 BLOCK14
       59: STACK BLOCK11 BLOCK7
     

time spent:    0.00 seconds instantiating 612 easy, 0 hard action templates
               0.00 seconds reachability analysis, yielding 341 facts and 612 actions
               0.00 seconds creating final representation with 341 relevant facts, 0 relevant fluents
               0.00 seconds computing LNF
               0.00 seconds building connectivity graph
               0.02 seconds searching, evaluating 1696 states, to a max depth of 7
               0.02 seconds total time

