
ff: parsing domain file
domain 'BLOCKS' defined
 ... done.
ff: parsing problem file
problem 'PB2' defined
 ... done.


no metric specified. plan length assumed.

checking for cyclic := effects --- OK.

ff: search configuration is EHC, if that fails then  best-first on 1*g(s) + 5*h(s) where
    metric is  plan length

Cueing down from goal distance:   20 into depth [1]
                                  19            [1][2]
                                  18            [1][2][3][4]
                                  17            [1]
                                  16            [1]
                                  15            [1][2][3]
                                  14            [1]
                                  13            [1]
                                  12            [1]
                                  11            [1][2]
                                  10            [1][2]
                                   9            [1][2][3][4][5][6][7][8][9]
                                   8            [1]
                                   7            [1]
                                   6            [1]
                                   5            [1]
                                   4            [1][2][3][4][5][6][7]
                                   3            [1]
                                   2            [1]
                                   1            [1]
                                   0            

ff: found legal plan as follows

step    0: UNSTACK BLOCK4 BLOCK5
        1: STACK BLOCK4 BLOCK3
        2: PICK-UP BLOCK5
        3: STACK BLOCK5 BLOCK4
        4: UNSTACK BLOCK8 BLOCK7
        5: STACK BLOCK8 BLOCK9
        6: UNSTACK BLOCK7 BLOCK10
        7: STACK BLOCK7 BLOCK11
        8: UNSTACK BLOCK10 BLOCK1
        9: PUT-DOWN BLOCK10
       10: UNSTACK BLOCK8 BLOCK9
       11: STACK BLOCK8 BLOCK10
       12: UNSTACK BLOCK9 BLOCK6
       13: STACK BLOCK9 BLOCK1
       14: UNSTACK BLOCK6 BLOCK2
       15: STACK BLOCK6 BLOCK9
       16: PICK-UP BLOCK2
       17: STACK BLOCK2 BLOCK8
       18: UNSTACK BLOCK5 BLOCK4
       19: STACK BLOCK5 BLOCK2
       20: UNSTACK BLOCK4 BLOCK3
       21: STACK BLOCK4 BLOCK6
       22: PICK-UP BLOCK3
       23: STACK BLOCK3 BLOCK7
       24: UNSTACK BLOCK4 BLOCK6
       25: STACK BLOCK4 BLOCK3
       26: UNSTACK BLOCK5 BLOCK2
       27: STACK BLOCK5 BLOCK4
       28: UNSTACK BLOCK2 BLOCK8
       29: STACK BLOCK2 BLOCK5
       30: UNSTACK BLOCK6 BLOCK9
       31: STACK BLOCK6 BLOCK8
       32: UNSTACK BLOCK9 BLOCK1
       33: STACK BLOCK9 BLOCK6
       34: PICK-UP BLOCK1
       35: STACK BLOCK1 BLOCK2
       36: UNSTACK BLOCK9 BLOCK6
       37: STACK BLOCK9 BLOCK1
       38: UNSTACK BLOCK6 BLOCK8
       39: STACK BLOCK6 BLOCK9
     

time spent:    0.00 seconds instantiating 264 easy, 0 hard action templates
               0.00 seconds reachability analysis, yielding 155 facts and 264 actions
               0.00 seconds creating final representation with 155 relevant facts, 0 relevant fluents
               0.00 seconds computing LNF
               0.00 seconds building connectivity graph
               0.05 seconds searching, evaluating 6763 states, to a max depth of 9
               0.05 seconds total time

