
ff: parsing domain file
domain 'BLOCKS' defined
 ... done.
ff: parsing problem file
problem 'PB4' defined
 ... done.


no metric specified. plan length assumed.

checking for cyclic := effects --- OK.

ff: search configuration is EHC, if that fails then  best-first on 1*g(s) + 5*h(s) where
    metric is  plan length

Cueing down from goal distance:   20 into depth [1][2]
                                  18            [1][2]
                                  16            [1][2][3][4][5][6][7][8][9]
                                  15            [1]
                                  14            [1][2][3]
                                  13            [1][2][3]
                                  12            [1]
                                  11            [1]
                                  10            [1]
                                   9            [1]
                                   8            [1]
                                   7            [1]
                                   6            [1]
                                   5            [1]
                                   4            [1][2]
                                   2            [1]
                                   1            [1]
                                   0            

ff: found legal plan as follows

step    0: UNSTACK BLOCK2 BLOCK1
        1: PUT-DOWN BLOCK2
        2: UNSTACK BLOCK1 BLOCK5
        3: PUT-DOWN BLOCK1
        4: UNSTACK BLOCK5 BLOCK10
        5: STACK BLOCK5 BLOCK2
        6: UNSTACK BLOCK10 BLOCK8
        7: STACK BLOCK10 BLOCK5
        8: UNSTACK BLOCK8 BLOCK3
        9: STACK BLOCK8 BLOCK10
       10: UNSTACK BLOCK3 BLOCK11
       11: STACK BLOCK3 BLOCK8
       12: UNSTACK BLOCK11 BLOCK7
       13: PUT-DOWN BLOCK11
       14: UNSTACK BLOCK7 BLOCK9
       15: STACK BLOCK7 BLOCK11
       16: UNSTACK BLOCK9 BLOCK4
       17: PUT-DOWN BLOCK9
       18: UNSTACK BLOCK3 BLOCK8
       19: STACK BLOCK3 BLOCK9
       20: UNSTACK BLOCK4 BLOCK6
       21: PUT-DOWN BLOCK4
       22: UNSTACK BLOCK7 BLOCK11
       23: STACK BLOCK7 BLOCK4
       24: UNSTACK BLOCK8 BLOCK10
       25: STACK BLOCK8 BLOCK6
       26: UNSTACK BLOCK10 BLOCK5
       27: STACK BLOCK10 BLOCK7
       28: UNSTACK BLOCK5 BLOCK2
       29: STACK BLOCK5 BLOCK11
     

time spent:    0.00 seconds instantiating 264 easy, 0 hard action templates
               0.00 seconds reachability analysis, yielding 155 facts and 264 actions
               0.00 seconds creating final representation with 155 relevant facts, 0 relevant fluents
               0.00 seconds computing LNF
               0.00 seconds building connectivity graph
               0.00 seconds searching, evaluating 419 states, to a max depth of 9
               0.00 seconds total time

