
ff: parsing domain file
domain 'BLOCKS' defined
 ... done.
ff: parsing problem file
problem 'PB9' defined
 ... done.


no metric specified. plan length assumed.

checking for cyclic := effects --- OK.

ff: search configuration is EHC, if that fails then  best-first on 1*g(s) + 5*h(s) where
    metric is  plan length

Cueing down from goal distance:   19 into depth [1][2][3][4][5][6]
                                  18            [1]
                                  17            [1][2]
                                  16            [1][2][3][4][5]
                                  15            [1]
                                  14            [1]
                                  13            [1][2][3][4][5][6][7][8][9][10]
                                  12            [1]
                                  11            [1]
                                  10            [1]
                                   9            [1]
                                   8            [1][2]
                                   6            [1]
                                   5            [1]
                                   4            [1]
                                   3            [1]
                                   2            [1][2]
                                   0            

ff: found legal plan as follows

step    0: UNSTACK BLOCK4 BLOCK11
        1: STACK BLOCK4 BLOCK7
        2: UNSTACK BLOCK11 BLOCK6
        3: STACK BLOCK11 BLOCK4
        4: UNSTACK BLOCK6 BLOCK8
        5: PUT-DOWN BLOCK6
        6: UNSTACK BLOCK11 BLOCK4
        7: STACK BLOCK11 BLOCK8
        8: UNSTACK BLOCK4 BLOCK7
        9: STACK BLOCK4 BLOCK11
       10: UNSTACK BLOCK7 BLOCK10
       11: STACK BLOCK7 BLOCK4
       12: PICK-UP BLOCK10
       13: STACK BLOCK10 BLOCK6
       14: UNSTACK BLOCK7 BLOCK4
       15: STACK BLOCK7 BLOCK10
       16: UNSTACK BLOCK4 BLOCK11
       17: STACK BLOCK4 BLOCK7
       18: UNSTACK BLOCK11 BLOCK8
       19: STACK BLOCK11 BLOCK4
       20: UNSTACK BLOCK8 BLOCK5
       21: STACK BLOCK8 BLOCK11
       22: UNSTACK BLOCK5 BLOCK3
       23: PUT-DOWN BLOCK5
       24: UNSTACK BLOCK8 BLOCK11
       25: STACK BLOCK8 BLOCK5
       26: UNSTACK BLOCK11 BLOCK4
       27: STACK BLOCK11 BLOCK8
       28: UNSTACK BLOCK4 BLOCK7
       29: STACK BLOCK4 BLOCK11
       30: UNSTACK BLOCK3 BLOCK9
       31: STACK BLOCK3 BLOCK7
       32: UNSTACK BLOCK9 BLOCK1
       33: STACK BLOCK9 BLOCK4
       34: UNSTACK BLOCK1 BLOCK2
       35: PUT-DOWN BLOCK1
       36: PICK-UP BLOCK2
       37: STACK BLOCK2 BLOCK1
     

time spent:    0.00 seconds instantiating 264 easy, 0 hard action templates
               0.00 seconds reachability analysis, yielding 155 facts and 264 actions
               0.00 seconds creating final representation with 155 relevant facts, 0 relevant fluents
               0.00 seconds computing LNF
               0.00 seconds building connectivity graph
               0.00 seconds searching, evaluating 437 states, to a max depth of 10
               0.00 seconds total time

