
ff: parsing domain file
domain 'BLOCKS' defined
 ... done.
ff: parsing problem file
problem 'PB5' defined
 ... done.


no metric specified. plan length assumed.

checking for cyclic := effects --- OK.

ff: search configuration is EHC, if that fails then  best-first on 1*g(s) + 5*h(s) where
    metric is  plan length

Cueing down from goal distance:   20 into depth [1]
                                  19            [1]
                                  18            [1]
                                  17            [1][2][3]
                                  16            [1][2][3][4]
                                  15            [1]
                                  14            [1]
                                  13            [1][2]
                                  11            [1]
                                  10            [1]
                                   9            [1][2]
                                   7            [1][2]
                                   5            [1]
                                   4            [1]
                                   3            [1][2][3][4]
                                   2            [1][2]
                                   0            

ff: found legal plan as follows

step    0: UNSTACK BLOCK5 BLOCK4
        1: PUT-DOWN BLOCK5
        2: PICK-UP BLOCK8
        3: STACK BLOCK8 BLOCK11
        4: PICK-UP BLOCK2
        5: STACK BLOCK2 BLOCK3
        6: UNSTACK BLOCK8 BLOCK11
        7: STACK BLOCK8 BLOCK5
        8: UNSTACK BLOCK11 BLOCK9
        9: STACK BLOCK11 BLOCK4
       10: UNSTACK BLOCK8 BLOCK5
       11: STACK BLOCK8 BLOCK11
       12: UNSTACK BLOCK9 BLOCK6
       13: STACK BLOCK9 BLOCK5
       14: UNSTACK BLOCK6 BLOCK1
       15: PUT-DOWN BLOCK6
       16: UNSTACK BLOCK1 BLOCK10
       17: PUT-DOWN BLOCK1
       18: UNSTACK BLOCK10 BLOCK7
       19: STACK BLOCK10 BLOCK8
       20: PICK-UP BLOCK7
       21: STACK BLOCK7 BLOCK6
       22: UNSTACK BLOCK2 BLOCK3
       23: STACK BLOCK2 BLOCK10
       24: PICK-UP BLOCK3
       25: STACK BLOCK3 BLOCK7
       26: UNSTACK BLOCK2 BLOCK10
       27: STACK BLOCK2 BLOCK3
     

time spent:    0.00 seconds instantiating 264 easy, 0 hard action templates
               0.00 seconds reachability analysis, yielding 155 facts and 264 actions
               0.00 seconds creating final representation with 155 relevant facts, 0 relevant fluents
               0.00 seconds computing LNF
               0.00 seconds building connectivity graph
               0.00 seconds searching, evaluating 169 states, to a max depth of 4
               0.00 seconds total time

