
ff: parsing domain file
domain 'SATELLITE' defined
 ... done.
ff: parsing problem file
problem 'STRIPS-SAT-X-1' defined
 ... done.


no metric specified. plan length assumed.

checking for cyclic := effects --- OK.

ff: search configuration is EHC, if that fails then  best-first on 1*g(s) + 5*h(s) where
    metric is  plan length

Cueing down from goal distance:    9 into depth [1]
                                   8            [1]
                                   7            [1]
                                   6            [1]
                                   5            [1]
                                   4            [1]
                                   3            [1]
                                   2            [1]
                                   1            [1]
                                   0            

ff: found legal plan as follows

step    0: SWITCH_ON INSTRUMENT1 SATELLITE0
        1: CALIBRATE SATELLITE0 INSTRUMENT1 STAR82
        2: TURN_TO SATELLITE0 STAR197 STAR82
        3: TURN_TO SATELLITE1 STAR62 STAR124
        4: TURN_TO SATELLITE3 STAR62 GROUNDSTATION144
        5: TURN_TO SATELLITE5 STAR54 STAR169
        6: TURN_TO SATELLITE7 STAR36 STAR75
        7: TURN_TO SATELLITE8 STAR117 STAR155
        8: TAKE_IMAGE SATELLITE0 STAR197 INSTRUMENT1 THERMOGRAPH1
     

time spent:    0.01 seconds instantiating 414030 easy, 0 hard action templates
               0.04 seconds reachability analysis, yielding 3083 facts and 414030 actions
               0.06 seconds creating final representation with 3083 relevant facts, 0 relevant fluents
               0.48 seconds computing LNF
               0.16 seconds building connectivity graph
               0.11 seconds searching, evaluating 10 states, to a max depth of 1
               0.86 seconds total time

