
ff: parsing domain file
domain 'SATELLITE' defined
 ... done.
ff: parsing problem file
problem 'STRIPS-SAT-X-1' defined
 ... done.


no metric specified. plan length assumed.

checking for cyclic := effects --- OK.

ff: search configuration is EHC, if that fails then  best-first on 1*g(s) + 5*h(s) where
    metric is  plan length

Cueing down from goal distance:   10 into depth [1]
                                   9            [1]
                                   8            [1]
                                   7            [1]
                                   6            [1]
                                   5            [1]
                                   4            [1]
                                   3            [1][2]
                                   2            [1]
                                   1            [1]
                                   0            

ff: found legal plan as follows

step    0: SWITCH_ON INSTRUMENT17 SATELLITE2
        1: SWITCH_ON INSTRUMENT0 SATELLITE0
        2: CALIBRATE SATELLITE0 INSTRUMENT0 STAR194
        3: TURN_TO SATELLITE0 PHENOMENON198 STAR194
        4: TURN_TO SATELLITE3 GROUNDSTATION54 GROUNDSTATION117
        5: TURN_TO SATELLITE4 STAR116 STAR191
        6: TAKE_IMAGE SATELLITE0 PHENOMENON198 INSTRUMENT0 IMAGE0
        7: TURN_TO SATELLITE2 STAR170 STAR197
        8: CALIBRATE SATELLITE2 INSTRUMENT17 STAR170
        9: TURN_TO SATELLITE2 STAR197 STAR170
       10: TAKE_IMAGE SATELLITE2 STAR197 INSTRUMENT17 IMAGE3
     

time spent:    0.01 seconds instantiating 425008 easy, 0 hard action templates
               0.04 seconds reachability analysis, yielding 3131 facts and 425008 actions
               0.07 seconds creating final representation with 3131 relevant facts, 0 relevant fluents
               0.50 seconds computing LNF
               0.18 seconds building connectivity graph
               0.57 seconds searching, evaluating 19 states, to a max depth of 2
               1.37 seconds total time

