
ff: parsing domain file
domain 'SATELLITE' defined
 ... done.
ff: parsing problem file
problem 'STRIPS-SAT-X-1' defined
 ... done.


no metric specified. plan length assumed.

checking for cyclic := effects --- OK.

ff: search configuration is EHC, if that fails then  best-first on 1*g(s) + 5*h(s) where
    metric is  plan length

Cueing down from goal distance:   17 into depth [1]
                                  16            [1]
                                  15            [1]
                                  14            [1]
                                  13            [1]
                                  12            [1]
                                  11            [1]
                                  10            [1]
                                   9            [1]
                                   8            [1]
                                   7            [1]
                                   6            [1]
                                   5            [1]
                                   4            [1]
                                   3            [1]
                                   2            [1]
                                   1            [1]
                                   0            

ff: found legal plan as follows

step    0: TURN_TO SATELLITE0 STAR73 GROUNDSTATION1
        1: SWITCH_ON INSTRUMENT0 SATELLITE0
        2: TURN_TO SATELLITE1 GROUNDSTATION107 STAR22
        3: CALIBRATE SATELLITE0 INSTRUMENT0 STAR73
        4: TURN_TO SATELLITE0 STAR197 STAR73
        5: SWITCH_ON INSTRUMENT6 SATELLITE1
        6: CALIBRATE SATELLITE1 INSTRUMENT6 GROUNDSTATION107
        7: TURN_TO SATELLITE1 PLANET198 GROUNDSTATION107
        8: TURN_TO SATELLITE2 GROUNDSTATION184 STAR49
        9: TURN_TO SATELLITE3 STAR60 STAR159
       10: TURN_TO SATELLITE4 GROUNDSTATION180 GROUNDSTATION61
       11: TURN_TO SATELLITE6 GROUNDSTATION166 STAR0
       12: TURN_TO SATELLITE7 GROUNDSTATION184 STAR147
       13: TAKE_IMAGE SATELLITE0 STAR197 INSTRUMENT0 THERMOGRAPH3
       14: TURN_TO SATELLITE0 GROUNDSTATION4 STAR197
       15: TAKE_IMAGE SATELLITE1 PLANET198 INSTRUMENT6 SPECTROGRAPH4
       16: TURN_TO SATELLITE1 GROUNDSTATION48 PLANET198
     

time spent:    0.01 seconds instantiating 425011 easy, 0 hard action templates
               0.03 seconds reachability analysis, yielding 3133 facts and 425011 actions
               0.07 seconds creating final representation with 3133 relevant facts, 0 relevant fluents
               0.50 seconds computing LNF
               0.17 seconds building connectivity graph
               0.69 seconds searching, evaluating 32 states, to a max depth of 1
               1.47 seconds total time

