
ff: parsing domain file
domain 'SATELLITE' defined
 ... done.
ff: parsing problem file
problem 'STRIPS-SAT-X-1' defined
 ... done.


no metric specified. plan length assumed.

checking for cyclic := effects --- OK.

ff: search configuration is EHC, if that fails then  best-first on 1*g(s) + 5*h(s) where
    metric is  plan length

Cueing down from goal distance:   11 into depth [1]
                                  10            [1]
                                   9            [1]
                                   8            [1]
                                   7            [1]
                                   6            [1]
                                   5            [1]
                                   4            [1]
                                   3            [1]
                                   2            [1]
                                   1            [1]
                                   0            

ff: found legal plan as follows

step    0: TURN_TO SATELLITE1 GROUNDSTATION141 STAR177
        1: SWITCH_ON INSTRUMENT2 SATELLITE1
        2: CALIBRATE SATELLITE1 INSTRUMENT2 GROUNDSTATION141
        3: TURN_TO SATELLITE1 PLANET197 GROUNDSTATION141
        4: SWITCH_ON INSTRUMENT6 SATELLITE2
        5: CALIBRATE SATELLITE2 INSTRUMENT6 STAR97
        6: TURN_TO SATELLITE2 STAR198 STAR97
        7: TURN_TO SATELLITE7 GROUNDSTATION166 GROUNDSTATION151
        8: TURN_TO SATELLITE9 GROUNDSTATION33 STAR163
        9: TAKE_IMAGE SATELLITE1 PLANET197 INSTRUMENT2 THERMOGRAPH4
       10: TAKE_IMAGE SATELLITE2 STAR198 INSTRUMENT6 SPECTROGRAPH0
     

time spent:    0.01 seconds instantiating 424461 easy, 0 hard action templates
               0.03 seconds reachability analysis, yielding 3127 facts and 424461 actions
               0.07 seconds creating final representation with 3127 relevant facts, 0 relevant fluents
               0.51 seconds computing LNF
               0.17 seconds building connectivity graph
               0.24 seconds searching, evaluating 12 states, to a max depth of 1
               1.03 seconds total time

