
ff: parsing domain file
domain 'SATELLITE' defined
 ... done.
ff: parsing problem file
problem 'STRIPS-SAT-X-1' defined
 ... done.


no metric specified. plan length assumed.

checking for cyclic := effects --- OK.

ff: search configuration is EHC, if that fails then  best-first on 1*g(s) + 5*h(s) where
    metric is  plan length

Cueing down from goal distance:   15 into depth [1]
                                  14            [1]
                                  13            [1]
                                  12            [1]
                                  11            [1]
                                  10            [1]
                                   9            [1]
                                   8            [1]
                                   7            [1]
                                   6            [1]
                                   5            [1]
                                   4            [1]
                                   3            [1]
                                   2            [1]
                                   1            [1]
                                   0            

ff: found legal plan as follows

step    0: TURN_TO SATELLITE0 GROUNDSTATION98 STAR83
        1: SWITCH_ON INSTRUMENT0 SATELLITE0
        2: TURN_TO SATELLITE1 GROUNDSTATION45 GROUNDSTATION165
        3: CALIBRATE SATELLITE0 INSTRUMENT0 GROUNDSTATION98
        4: TURN_TO SATELLITE0 PHENOMENON197 GROUNDSTATION98
        5: SWITCH_ON INSTRUMENT10 SATELLITE1
        6: CALIBRATE SATELLITE1 INSTRUMENT10 GROUNDSTATION45
        7: TURN_TO SATELLITE1 STAR198 GROUNDSTATION45
        8: TURN_TO SATELLITE5 GROUNDSTATION141 GROUNDSTATION10
        9: TURN_TO SATELLITE8 STAR166 GROUNDSTATION11
       10: TURN_TO SATELLITE9 STAR149 GROUNDSTATION105
       11: TAKE_IMAGE SATELLITE0 PHENOMENON197 INSTRUMENT0 SPECTROGRAPH2
       12: TURN_TO SATELLITE0 GROUNDSTATION45 PHENOMENON197
       13: TAKE_IMAGE SATELLITE1 STAR198 INSTRUMENT10 INFRARED0
       14: TURN_TO SATELLITE1 STAR42 STAR198
     

time spent:    0.01 seconds instantiating 412554 easy, 0 hard action templates
               0.05 seconds reachability analysis, yielding 3075 facts and 412554 actions
               0.06 seconds creating final representation with 3075 relevant facts, 0 relevant fluents
               0.51 seconds computing LNF
               0.16 seconds building connectivity graph
               0.56 seconds searching, evaluating 26 states, to a max depth of 1
               1.35 seconds total time

