
ff: parsing domain file
domain 'SATELLITE' defined
 ... done.
ff: parsing problem file
problem 'STRIPS-SAT-X-1' defined
 ... done.


no metric specified. plan length assumed.

checking for cyclic := effects --- OK.

ff: search configuration is EHC, if that fails then  best-first on 1*g(s) + 5*h(s) where
    metric is  plan length

Cueing down from goal distance:   13 into depth [1]
                                  12            [1]
                                  11            [1]
                                  10            [1]
                                   9            [1]
                                   8            [1]
                                   7            [1]
                                   6            [1]
                                   5            [1]
                                   4            [1]
                                   3            [1]
                                   2            [1]
                                   1            [1]
                                   0            

ff: found legal plan as follows

step    0: TURN_TO SATELLITE0 GROUNDSTATION122 STAR139
        1: TURN_TO SATELLITE0 STAR21 GROUNDSTATION122
        2: SWITCH_ON INSTRUMENT4 SATELLITE0
        3: CALIBRATE SATELLITE0 INSTRUMENT4 STAR21
        4: TURN_TO SATELLITE0 PHENOMENON197 STAR21
        5: SWITCH_ON INSTRUMENT6 SATELLITE1
        6: CALIBRATE SATELLITE1 INSTRUMENT6 STAR115
        7: TURN_TO SATELLITE1 PLANET198 STAR115
        8: TURN_TO SATELLITE6 GROUNDSTATION122 GROUNDSTATION140
        9: TURN_TO SATELLITE7 GROUNDSTATION85 STAR66
       10: TURN_TO SATELLITE8 GROUNDSTATION122 STAR142
       11: TAKE_IMAGE SATELLITE0 PHENOMENON197 INSTRUMENT4 INFRARED2
       12: TAKE_IMAGE SATELLITE1 PLANET198 INSTRUMENT6 THERMOGRAPH4
     

time spent:    0.02 seconds instantiating 423177 easy, 0 hard action templates
               0.04 seconds reachability analysis, yielding 3123 facts and 423177 actions
               0.06 seconds creating final representation with 3123 relevant facts, 0 relevant fluents
               0.49 seconds computing LNF
               0.18 seconds building connectivity graph
               0.38 seconds searching, evaluating 14 states, to a max depth of 1
               1.17 seconds total time

