
ff: parsing domain file
domain 'SATELLITE' defined
 ... done.
ff: parsing problem file
problem 'STRIPS-SAT-X-1' defined
 ... done.


no metric specified. plan length assumed.

checking for cyclic := effects --- OK.

ff: search configuration is EHC, if that fails then  best-first on 1*g(s) + 5*h(s) where
    metric is  plan length

Cueing down from goal distance:   12 into depth [1]
                                  11            [1]
                                  10            [1]
                                   9            [1]
                                   8            [1]
                                   7            [1]
                                   6            [1]
                                   5            [1]
                                   4            [1]
                                   3            [1][2]
                                   2            [1]
                                   1            [1]
                                   0            

ff: found legal plan as follows

step    0: SWITCH_ON INSTRUMENT45 SATELLITE7
        1: SWITCH_ON INSTRUMENT0 SATELLITE0
        2: CALIBRATE SATELLITE0 INSTRUMENT0 GROUNDSTATION39
        3: TURN_TO SATELLITE0 STAR198 GROUNDSTATION39
        4: TURN_TO SATELLITE2 GROUNDSTATION70 GROUNDSTATION78
        5: TURN_TO SATELLITE3 GROUNDSTATION73 STAR159
        6: TURN_TO SATELLITE5 STAR19 GROUNDSTATION189
        7: TAKE_IMAGE SATELLITE0 STAR198 INSTRUMENT0 THERMOGRAPH2
        8: TURN_TO SATELLITE0 STAR28 STAR198
        9: TURN_TO SATELLITE7 GROUNDSTATION157 PLANET197
       10: CALIBRATE SATELLITE7 INSTRUMENT45 GROUNDSTATION157
       11: TURN_TO SATELLITE7 PLANET197 GROUNDSTATION157
       12: TAKE_IMAGE SATELLITE7 PLANET197 INSTRUMENT45 IMAGE0
     

time spent:    0.01 seconds instantiating 420562 easy, 0 hard action templates
               0.05 seconds reachability analysis, yielding 3113 facts and 420562 actions
               0.08 seconds creating final representation with 3113 relevant facts, 0 relevant fluents
               0.53 seconds computing LNF
               0.19 seconds building connectivity graph
               0.88 seconds searching, evaluating 27 states, to a max depth of 2
               1.74 seconds total time

