
ff: parsing domain file
domain 'SATELLITE' defined
 ... done.
ff: parsing problem file
problem 'STRIPS-SAT-X-1' defined
 ... done.


no metric specified. plan length assumed.

checking for cyclic := effects --- OK.

ff: search configuration is EHC, if that fails then  best-first on 1*g(s) + 5*h(s) where
    metric is  plan length

Cueing down from goal distance:   14 into depth [1]
                                  13            [1]
                                  12            [1]
                                  11            [1]
                                  10            [1]
                                   9            [1]
                                   8            [1]
                                   7            [1]
                                   6            [1]
                                   5            [1]
                                   4            [1]
                                   3            [1]
                                   2            [1]
                                   1            [1]
                                   0            

ff: found legal plan as follows

step    0: TURN_TO SATELLITE0 GROUNDSTATION33 STAR54
        1: SWITCH_ON INSTRUMENT5 SATELLITE0
        2: TURN_TO SATELLITE1 GROUNDSTATION46 STAR23
        3: CALIBRATE SATELLITE0 INSTRUMENT5 GROUNDSTATION33
        4: TURN_TO SATELLITE0 STAR78 GROUNDSTATION33
        5: SWITCH_ON INSTRUMENT7 SATELLITE1
        6: CALIBRATE SATELLITE1 INSTRUMENT7 GROUNDSTATION46
        7: TURN_TO SATELLITE1 STAR79 GROUNDSTATION46
        8: TURN_TO SATELLITE2 STAR69 GROUNDSTATION68
        9: TURN_TO SATELLITE6 STAR8 STAR11
       10: TAKE_IMAGE SATELLITE0 STAR78 INSTRUMENT5 INFRARED1
       11: TURN_TO SATELLITE0 GROUNDSTATION71 STAR78
       12: TAKE_IMAGE SATELLITE1 STAR79 INSTRUMENT7 SPECTROGRAPH3
       13: TURN_TO SATELLITE1 GROUNDSTATION48 STAR79
     

time spent:    0.00 seconds instantiating 75735 easy, 0 hard action templates
               0.00 seconds reachability analysis, yielding 1340 facts and 75735 actions
               0.02 seconds creating final representation with 1340 relevant facts, 0 relevant fluents
               0.10 seconds computing LNF
               0.02 seconds building connectivity graph
               0.05 seconds searching, evaluating 23 states, to a max depth of 1
               0.19 seconds total time

