
ff: parsing domain file
domain 'SATELLITE' defined
 ... done.
ff: parsing problem file
problem 'STRIPS-SAT-X-1' defined
 ... done.


no metric specified. plan length assumed.

checking for cyclic := effects --- OK.

ff: search configuration is EHC, if that fails then  best-first on 1*g(s) + 5*h(s) where
    metric is  plan length

Cueing down from goal distance:   16 into depth [1]
                                  13            [1]
                                  12            [1]
                                  11            [1]
                                  10            [1]
                                   9            [1]
                                   8            [1]
                                   7            [1]
                                   6            [1]
                                   5            [1]
                                   4            [1]
                                   3            [1]
                                   2            [1]
                                   1            [1]
                                   0            

ff: found legal plan as follows

step    0: SWITCH_ON INSTRUMENT2 SATELLITE0
        1: TURN_TO SATELLITE0 GROUNDSTATION66 STAR25
        2: CALIBRATE SATELLITE0 INSTRUMENT2 GROUNDSTATION66
        3: TURN_TO SATELLITE0 STAR78 GROUNDSTATION66
        4: TURN_TO SATELLITE1 STAR54 GROUNDSTATION7
        5: TURN_TO SATELLITE2 GROUNDSTATION11 STAR25
        6: TURN_TO SATELLITE4 STAR34 GROUNDSTATION55
        7: TURN_TO SATELLITE5 STAR3 GROUNDSTATION24
        8: TURN_TO SATELLITE6 STAR4 STAR35
        9: TURN_TO SATELLITE7 GROUNDSTATION14 GROUNDSTATION38
       10: TURN_TO SATELLITE8 GROUNDSTATION19 STAR1
       11: TAKE_IMAGE SATELLITE0 STAR78 INSTRUMENT2 THERMOGRAPH3
       12: TURN_TO SATELLITE0 PLANET79 STAR78
       13: TAKE_IMAGE SATELLITE0 PLANET79 INSTRUMENT2 IMAGE1
     

time spent:    0.00 seconds instantiating 70398 easy, 0 hard action templates
               0.00 seconds reachability analysis, yielding 1292 facts and 70398 actions
               0.02 seconds creating final representation with 1292 relevant facts, 0 relevant fluents
               0.08 seconds computing LNF
               0.02 seconds building connectivity graph
               0.07 seconds searching, evaluating 25 states, to a max depth of 1
               0.19 seconds total time

