
ff: parsing domain file
domain 'SATELLITE' defined
 ... done.
ff: parsing problem file
problem 'STRIPS-SAT-X-1' defined
 ... done.


no metric specified. plan length assumed.

checking for cyclic := effects --- OK.

ff: search configuration is EHC, if that fails then  best-first on 1*g(s) + 5*h(s) where
    metric is  plan length

Cueing down from goal distance:    8 into depth [1]
                                   7            [1]
                                   6            [1]
                                   5            [1]
                                   4            [1]
                                   3            [1]
                                   2            [1]
                                   1            [1]
                                   0            

ff: found legal plan as follows

step    0: TURN_TO SATELLITE1 GROUNDSTATION45 STAR58
        1: SWITCH_ON INSTRUMENT1 SATELLITE1
        2: CALIBRATE SATELLITE1 INSTRUMENT1 GROUNDSTATION45
        3: TURN_TO SATELLITE1 PLANET79 GROUNDSTATION45
        4: TURN_TO SATELLITE2 STAR31 GROUNDSTATION32
        5: TURN_TO SATELLITE4 STAR7 STAR24
        6: TURN_TO SATELLITE7 GROUNDSTATION48 STAR67
        7: TAKE_IMAGE SATELLITE1 PLANET79 INSTRUMENT1 SPECTROGRAPH3
     

time spent:    0.00 seconds instantiating 71820 easy, 0 hard action templates
               0.00 seconds reachability analysis, yielding 1296 facts and 71820 actions
               0.01 seconds creating final representation with 1296 relevant facts, 0 relevant fluents
               0.09 seconds computing LNF
               0.02 seconds building connectivity graph
               0.02 seconds searching, evaluating 9 states, to a max depth of 1
               0.14 seconds total time

