
ff: parsing domain file
domain 'SATELLITE' defined
 ... done.
ff: parsing problem file
problem 'STRIPS-SAT-X-1' defined
 ... done.


no metric specified. plan length assumed.

checking for cyclic := effects --- OK.

ff: search configuration is EHC, if that fails then  best-first on 1*g(s) + 5*h(s) where
    metric is  plan length

Cueing down from goal distance:   15 into depth [1]
                                  14            [1]
                                  13            [1]
                                  12            [1]
                                  11            [1]
                                  10            [1]
                                   9            [1]
                                   8            [1]
                                   7            [1]
                                   6            [1]
                                   5            [1]
                                   4            [1]
                                   3            [1]
                                   2            [1]
                                   1            [1]
                                   0            

ff: found legal plan as follows

step    0: TURN_TO SATELLITE0 GROUNDSTATION63 STAR24
        1: TURN_TO SATELLITE0 STAR10 GROUNDSTATION63
        2: SWITCH_ON INSTRUMENT2 SATELLITE0
        3: CALIBRATE SATELLITE0 INSTRUMENT2 STAR10
        4: TURN_TO SATELLITE0 PLANET78 STAR10
        5: SWITCH_ON INSTRUMENT5 SATELLITE1
        6: CALIBRATE SATELLITE1 INSTRUMENT5 STAR73
        7: TURN_TO SATELLITE1 PHENOMENON79 STAR73
        8: TURN_TO SATELLITE2 GROUNDSTATION17 STAR0
        9: TURN_TO SATELLITE6 GROUNDSTATION57 GROUNDSTATION47
       10: TURN_TO SATELLITE7 GROUNDSTATION4 STAR33
       11: TURN_TO SATELLITE9 STAR14 STAR69
       12: TAKE_IMAGE SATELLITE0 PLANET78 INSTRUMENT2 IMAGE3
       13: TURN_TO SATELLITE0 STAR74 PLANET78
       14: TAKE_IMAGE SATELLITE1 PHENOMENON79 INSTRUMENT5 INFRARED1
     

time spent:    0.00 seconds instantiating 73099 easy, 0 hard action templates
               0.00 seconds reachability analysis, yielding 1312 facts and 73099 actions
               0.02 seconds creating final representation with 1312 relevant facts, 0 relevant fluents
               0.09 seconds computing LNF
               0.04 seconds building connectivity graph
               0.05 seconds searching, evaluating 21 states, to a max depth of 1
               0.20 seconds total time

