
ff: parsing domain file
domain 'SATELLITE' defined
 ... done.
ff: parsing problem file
problem 'STRIPS-SAT-X-1' defined
 ... done.


no metric specified. plan length assumed.

checking for cyclic := effects --- OK.

ff: search configuration is EHC, if that fails then  best-first on 1*g(s) + 5*h(s) where
    metric is  plan length

Cueing down from goal distance:    9 into depth [1]
                                   8            [1]
                                   7            [1]
                                   6            [1]
                                   5            [1]
                                   4            [1]
                                   3            [1]
                                   2            [1]
                                   1            [1]
                                   0            

ff: found legal plan as follows

step    0: TURN_TO SATELLITE0 STAR21 GROUNDSTATION70
        1: SWITCH_ON INSTRUMENT2 SATELLITE0
        2: CALIBRATE SATELLITE0 INSTRUMENT2 STAR21
        3: TURN_TO SATELLITE0 PLANET78 STAR21
        4: TURN_TO SATELLITE2 STAR67 GROUNDSTATION59
        5: TURN_TO SATELLITE3 STAR29 STAR51
        6: TAKE_IMAGE SATELLITE0 PLANET78 INSTRUMENT2 INFRARED4
        7: TURN_TO SATELLITE0 PHENOMENON79 PLANET78
        8: TAKE_IMAGE SATELLITE0 PHENOMENON79 INSTRUMENT2 INFRARED4
     

time spent:    0.00 seconds instantiating 76227 easy, 0 hard action templates
               0.00 seconds reachability analysis, yielding 1356 facts and 76227 actions
               0.02 seconds creating final representation with 1356 relevant facts, 0 relevant fluents
               0.12 seconds computing LNF
               0.03 seconds building connectivity graph
               0.08 seconds searching, evaluating 15 states, to a max depth of 1
               0.25 seconds total time

