
ff: parsing domain file
domain 'SATELLITE' defined
 ... done.
ff: parsing problem file
problem 'STRIPS-SAT-X-1' defined
 ... done.


no metric specified. plan length assumed.

checking for cyclic := effects --- OK.

ff: search configuration is EHC, if that fails then  best-first on 1*g(s) + 5*h(s) where
    metric is  plan length

Cueing down from goal distance:   12 into depth [1]
                                  10            [1]
                                   9            [1]
                                   8            [1]
                                   7            [1]
                                   6            [1]
                                   5            [1]
                                   4            [1]
                                   3            [1]
                                   2            [1]
                                   1            [1]
                                   0            

ff: found legal plan as follows

step    0: TURN_TO SATELLITE6 GROUNDSTATION104 STAR160
        1: TURN_TO SATELLITE0 STAR8 GROUNDSTATION86
        2: SWITCH_ON INSTRUMENT0 SATELLITE0
        3: CALIBRATE SATELLITE0 INSTRUMENT0 STAR8
        4: TURN_TO SATELLITE0 STAR160 STAR8
        5: TURN_TO SATELLITE4 STAR50 STAR3
        6: TURN_TO SATELLITE5 STAR119 GROUNDSTATION148
        7: TAKE_IMAGE SATELLITE0 STAR160 INSTRUMENT0 INFRARED0
        8: TURN_TO SATELLITE0 PHENOMENON161 STAR160
        9: TAKE_IMAGE SATELLITE0 PHENOMENON161 INSTRUMENT0 INFRARED0
       10: TURN_TO SATELLITE0 GROUNDSTATION100 PHENOMENON161
     

time spent:    0.01 seconds instantiating 283105 easy, 0 hard action templates
               0.02 seconds reachability analysis, yielding 2564 facts and 283105 actions
               0.04 seconds creating final representation with 2564 relevant facts, 0 relevant fluents
               0.32 seconds computing LNF
               0.12 seconds building connectivity graph
               0.40 seconds searching, evaluating 21 states, to a max depth of 1
               0.91 seconds total time

