
ff: parsing domain file
domain 'SATELLITE' defined
 ... done.
ff: parsing problem file
problem 'STRIPS-SAT-X-1' defined
 ... done.


no metric specified. plan length assumed.

checking for cyclic := effects --- OK.

ff: search configuration is EHC, if that fails then  best-first on 1*g(s) + 5*h(s) where
    metric is  plan length

Cueing down from goal distance:    8 into depth [1]
                                   7            [1]
                                   6            [1]
                                   5            [1]
                                   4            [1]
                                   3            [1]
                                   2            [1]
                                   1            [1]
                                   0            

ff: found legal plan as follows

step    0: TURN_TO SATELLITE0 GROUNDSTATION94 GROUNDSTATION37
        1: SWITCH_ON INSTRUMENT3 SATELLITE0
        2: CALIBRATE SATELLITE0 INSTRUMENT3 GROUNDSTATION94
        3: TURN_TO SATELLITE0 PLANET161 GROUNDSTATION94
        4: TURN_TO SATELLITE2 GROUNDSTATION50 GROUNDSTATION27
        5: TURN_TO SATELLITE3 GROUNDSTATION37 GROUNDSTATION89
        6: TURN_TO SATELLITE6 STAR109 STAR12
        7: TAKE_IMAGE SATELLITE0 PLANET161 INSTRUMENT3 INFRARED3
     

time spent:    0.01 seconds instantiating 283936 easy, 0 hard action templates
               0.02 seconds reachability analysis, yielding 2570 facts and 283936 actions
               0.06 seconds creating final representation with 2570 relevant facts, 0 relevant fluents
               0.35 seconds computing LNF
               0.12 seconds building connectivity graph
               0.13 seconds searching, evaluating 9 states, to a max depth of 1
               0.69 seconds total time

