
ff: parsing domain file
domain 'SATELLITE' defined
 ... done.
ff: parsing problem file
problem 'STRIPS-SAT-X-1' defined
 ... done.


no metric specified. plan length assumed.

checking for cyclic := effects --- OK.

ff: search configuration is EHC, if that fails then  best-first on 1*g(s) + 5*h(s) where
    metric is  plan length

Cueing down from goal distance:   14 into depth [1]
                                  13            [1]
                                  12            [1]
                                   9            [1]
                                   8            [1]
                                   7            [1]
                                   6            [1]
                                   5            [1]
                                   4            [1]
                                   3            [1]
                                   2            [1]
                                   1            [1]
                                   0            

ff: found legal plan as follows

step    0: TURN_TO SATELLITE1 GROUNDSTATION100 GROUNDSTATION136
        1: TURN_TO SATELLITE0 GROUNDSTATION131 STAR126
        2: SWITCH_ON INSTRUMENT4 SATELLITE1
        3: CALIBRATE SATELLITE1 INSTRUMENT4 GROUNDSTATION100
        4: TURN_TO SATELLITE1 PLANET160 GROUNDSTATION100
        5: TURN_TO SATELLITE0 STAR139 GROUNDSTATION131
        6: TURN_TO SATELLITE3 GROUNDSTATION137 GROUNDSTATION24
        7: TURN_TO SATELLITE9 STAR151 STAR32
        8: TAKE_IMAGE SATELLITE1 PLANET160 INSTRUMENT4 INFRARED3
        9: TURN_TO SATELLITE1 PHENOMENON161 PLANET160
       10: TAKE_IMAGE SATELLITE1 PHENOMENON161 INSTRUMENT4 INFRARED4
       11: TURN_TO SATELLITE1 STAR99 PHENOMENON161
     

time spent:    0.01 seconds instantiating 282339 easy, 0 hard action templates
               0.02 seconds reachability analysis, yielding 2550 facts and 282339 actions
               0.04 seconds creating final representation with 2550 relevant facts, 0 relevant fluents
               0.34 seconds computing LNF
               0.11 seconds building connectivity graph
               0.37 seconds searching, evaluating 22 states, to a max depth of 1
               0.89 seconds total time

