
ff: parsing domain file
domain 'SATELLITE' defined
 ... done.
ff: parsing problem file
problem 'STRIPS-SAT-X-1' defined
 ... done.


no metric specified. plan length assumed.

checking for cyclic := effects --- OK.

ff: search configuration is EHC, if that fails then  best-first on 1*g(s) + 5*h(s) where
    metric is  plan length

Cueing down from goal distance:   11 into depth [1]
                                  10            [1]
                                   9            [1]
                                   8            [1]
                                   7            [1]
                                   6            [1]
                                   5            [1]
                                   4            [1]
                                   3            [1]
                                   2            [1]
                                   1            [1]
                                   0            

ff: found legal plan as follows

step    0: SWITCH_ON INSTRUMENT7 SATELLITE1
        1: CALIBRATE SATELLITE1 INSTRUMENT7 STAR30
        2: TURN_TO SATELLITE1 PHENOMENON110 STAR30
        3: TURN_TO SATELLITE0 GROUNDSTATION33 STAR24
        4: TURN_TO SATELLITE2 STAR44 GROUNDSTATION83
        5: TURN_TO SATELLITE4 STAR51 GROUNDSTATION66
        6: TURN_TO SATELLITE5 GROUNDSTATION4 GROUNDSTATION78
        7: TURN_TO SATELLITE7 GROUNDSTATION92 STAR69
        8: TAKE_IMAGE SATELLITE1 PHENOMENON110 INSTRUMENT7 IMAGE4
        9: TURN_TO SATELLITE1 STAR111 PHENOMENON110
       10: TAKE_IMAGE SATELLITE1 STAR111 INSTRUMENT7 IMAGE3
     

time spent:    0.00 seconds instantiating 140961 easy, 0 hard action templates
               0.01 seconds reachability analysis, yielding 1814 facts and 140961 actions
               0.03 seconds creating final representation with 1814 relevant facts, 0 relevant fluents
               0.17 seconds computing LNF
               0.06 seconds building connectivity graph
               0.14 seconds searching, evaluating 20 states, to a max depth of 1
               0.41 seconds total time

