
ff: parsing domain file
domain 'SATELLITE' defined
 ... done.
ff: parsing problem file
problem 'STRIPS-SAT-X-1' defined
 ... done.


no metric specified. plan length assumed.

checking for cyclic := effects --- OK.

ff: search configuration is EHC, if that fails then  best-first on 1*g(s) + 5*h(s) where
    metric is  plan length

Cueing down from goal distance:    7 into depth [1]
                                   6            [1]
                                   5            [1][2]
                                   4            [1]
                                   3            [1]
                                   2            [1]
                                   1            [1]
                                   0            

ff: found legal plan as follows

step    0: SWITCH_ON INSTRUMENT4 SATELLITE1
        1: TURN_TO SATELLITE7 GROUNDSTATION26 GROUNDSTATION13
        2: TURN_TO SATELLITE1 STAR105 PLANET110
        3: CALIBRATE SATELLITE1 INSTRUMENT4 STAR105
        4: TURN_TO SATELLITE1 PLANET110 STAR105
        5: TAKE_IMAGE SATELLITE1 PLANET110 INSTRUMENT4 SPECTROGRAPH0
        6: TURN_TO SATELLITE1 PHENOMENON111 PLANET110
        7: TAKE_IMAGE SATELLITE1 PHENOMENON111 INSTRUMENT4 INFRARED2
     

time spent:    0.00 seconds instantiating 140766 easy, 0 hard action templates
               0.01 seconds reachability analysis, yielding 1808 facts and 140766 actions
               0.03 seconds creating final representation with 1808 relevant facts, 0 relevant fluents
               0.17 seconds computing LNF
               0.08 seconds building connectivity graph
               0.10 seconds searching, evaluating 14 states, to a max depth of 2
               0.39 seconds total time

