
ff: parsing domain file
domain 'SATELLITE' defined
 ... done.
ff: parsing problem file
problem 'STRIPS-SAT-X-1' defined
 ... done.


no metric specified. plan length assumed.

checking for cyclic := effects --- OK.

ff: search configuration is EHC, if that fails then  best-first on 1*g(s) + 5*h(s) where
    metric is  plan length

Cueing down from goal distance:    8 into depth [1]
                                   7            [1]
                                   6            [1]
                                   5            [1]
                                   4            [1]
                                   3            [1]
                                   2            [1]
                                   1            [1]
                                   0            

ff: found legal plan as follows

step    0: SWITCH_ON INSTRUMENT1 SATELLITE0
        1: CALIBRATE SATELLITE0 INSTRUMENT1 GROUNDSTATION60
        2: TURN_TO SATELLITE0 PHENOMENON111 GROUNDSTATION60
        3: TURN_TO SATELLITE3 GROUNDSTATION105 GROUNDSTATION12
        4: TURN_TO SATELLITE5 PLANET110 STAR79
        5: TURN_TO SATELLITE6 GROUNDSTATION85 GROUNDSTATION89
        6: TAKE_IMAGE SATELLITE0 PHENOMENON111 INSTRUMENT1 INFRARED2
        7: TURN_TO SATELLITE0 GROUNDSTATION44 PHENOMENON111
     

time spent:    0.00 seconds instantiating 134380 easy, 0 hard action templates
               0.01 seconds reachability analysis, yielding 1766 facts and 134380 actions
               0.03 seconds creating final representation with 1766 relevant facts, 0 relevant fluents
               0.15 seconds computing LNF
               0.06 seconds building connectivity graph
               0.07 seconds searching, evaluating 13 states, to a max depth of 1
               0.32 seconds total time

