
ff: parsing domain file
domain 'SATELLITE' defined
 ... done.
ff: parsing problem file
problem 'STRIPS-SAT-X-1' defined
 ... done.


no metric specified. plan length assumed.

checking for cyclic := effects --- OK.

ff: search configuration is EHC, if that fails then  best-first on 1*g(s) + 5*h(s) where
    metric is  plan length

Cueing down from goal distance:   11 into depth [1]
                                  10            [1]
                                   8            [1]
                                   7            [1]
                                   6            [1]
                                   5            [1]
                                   4            [1]
                                   3            [1]
                                   2            [1]
                                   1            [1]
                                   0            

ff: found legal plan as follows

step    0: TURN_TO SATELLITE0 GROUNDSTATION46 GROUNDSTATION52
        1: TURN_TO SATELLITE8 GROUNDSTATION69 PLANET111
        2: SWITCH_ON INSTRUMENT2 SATELLITE0
        3: CALIBRATE SATELLITE0 INSTRUMENT2 GROUNDSTATION46
        4: TURN_TO SATELLITE0 PLANET110 GROUNDSTATION46
        5: TURN_TO SATELLITE2 STAR45 STAR90
        6: TURN_TO SATELLITE6 STAR36 STAR64
        7: TAKE_IMAGE SATELLITE0 PLANET110 INSTRUMENT2 THERMOGRAPH2
        8: TURN_TO SATELLITE0 PLANET111 PLANET110
        9: TAKE_IMAGE SATELLITE0 PLANET111 INSTRUMENT2 THERMOGRAPH2
     

time spent:    0.00 seconds instantiating 139832 easy, 0 hard action templates
               0.01 seconds reachability analysis, yielding 1802 facts and 139832 actions
               0.03 seconds creating final representation with 1802 relevant facts, 0 relevant fluents
               0.15 seconds computing LNF
               0.06 seconds building connectivity graph
               0.11 seconds searching, evaluating 16 states, to a max depth of 1
               0.36 seconds total time

