
ff: parsing domain file
domain 'SATELLITE' defined
 ... done.
ff: parsing problem file
problem 'STRIPS-SAT-X-1' defined
 ... done.


no metric specified. plan length assumed.

checking for cyclic := effects --- OK.

ff: search configuration is EHC, if that fails then  best-first on 1*g(s) + 5*h(s) where
    metric is  plan length

Cueing down from goal distance:   12 into depth [1]
                                  11            [1]
                                  10            [1]
                                   9            [1]
                                   8            [1]
                                   7            [1]
                                   6            [1]
                                   5            [1]
                                   4            [1]
                                   3            [1]
                                   2            [1]
                                   1            [1]
                                   0            

ff: found legal plan as follows

step    0: TURN_TO SATELLITE1 GROUNDSTATION104 STAR29
        1: TURN_TO SATELLITE0 STAR56 GROUNDSTATION23
        2: SWITCH_ON INSTRUMENT7 SATELLITE1
        3: CALIBRATE SATELLITE1 INSTRUMENT7 GROUNDSTATION104
        4: TURN_TO SATELLITE1 STAR110 GROUNDSTATION104
        5: SWITCH_ON INSTRUMENT0 SATELLITE0
        6: CALIBRATE SATELLITE0 INSTRUMENT0 STAR56
        7: TURN_TO SATELLITE0 PLANET111 STAR56
        8: TURN_TO SATELLITE3 STAR58 STAR38
        9: TURN_TO SATELLITE4 STAR42 GROUNDSTATION48
       10: TAKE_IMAGE SATELLITE1 STAR110 INSTRUMENT7 IMAGE3
       11: TAKE_IMAGE SATELLITE0 PLANET111 INSTRUMENT0 INFRARED2
     

time spent:    0.00 seconds instantiating 136593 easy, 0 hard action templates
               0.01 seconds reachability analysis, yielding 1778 facts and 136593 actions
               0.03 seconds creating final representation with 1778 relevant facts, 0 relevant fluents
               0.19 seconds computing LNF
               0.07 seconds building connectivity graph
               0.08 seconds searching, evaluating 13 states, to a max depth of 1
               0.38 seconds total time

