
ff: parsing domain file
domain 'SATELLITE' defined
 ... done.
ff: parsing problem file
problem 'STRIPS-SAT-X-1' defined
 ... done.


no metric specified. plan length assumed.

checking for cyclic := effects --- OK.

ff: search configuration is EHC, if that fails then  best-first on 1*g(s) + 5*h(s) where
    metric is  plan length

Cueing down from goal distance:    9 into depth [1]
                                   8            [1]
                                   7            [1]
                                   6            [1]
                                   5            [1]
                                   4            [1]
                                   3            [1]
                                   2            [1]
                                   1            [1]
                                   0            

ff: found legal plan as follows

step    0: SWITCH_ON INSTRUMENT5 SATELLITE0
        1: CALIBRATE SATELLITE0 INSTRUMENT5 STAR18
        2: TURN_TO SATELLITE0 PLANET110 STAR18
        3: TURN_TO SATELLITE1 STAR32 GROUNDSTATION52
        4: TURN_TO SATELLITE3 STAR2 STAR6
        5: TURN_TO SATELLITE4 GROUNDSTATION25 STAR8
        6: TURN_TO SATELLITE7 GROUNDSTATION56 GROUNDSTATION5
        7: TURN_TO SATELLITE9 STAR19 STAR40
        8: TAKE_IMAGE SATELLITE0 PLANET110 INSTRUMENT5 INFRARED0
     

time spent:    0.00 seconds instantiating 137100 easy, 0 hard action templates
               0.01 seconds reachability analysis, yielding 1788 facts and 137100 actions
               0.03 seconds creating final representation with 1788 relevant facts, 0 relevant fluents
               0.19 seconds computing LNF
               0.06 seconds building connectivity graph
               0.04 seconds searching, evaluating 10 states, to a max depth of 1
               0.33 seconds total time

