
ff: parsing domain file
domain 'SATELLITE' defined
 ... done.
ff: parsing problem file
problem 'STRIPS-SAT-X-1' defined
 ... done.


no metric specified. plan length assumed.

checking for cyclic := effects --- OK.

ff: search configuration is EHC, if that fails then  best-first on 1*g(s) + 5*h(s) where
    metric is  plan length

Cueing down from goal distance:   17 into depth [1]
                                  16            [1]
                                  15            [1]
                                  14            [1]
                                  13            [1]
                                  12            [1]
                                  11            [1]
                                  10            [1]
                                   9            [1]
                                   8            [1]
                                   7            [1]
                                   6            [1]
                                   5            [1]
                                   4            [1]
                                   3            [1]
                                   2            [1]
                                   1            [1]
                                   0            

ff: found legal plan as follows

step    0: TURN_TO SATELLITE0 GROUNDSTATION49 STAR5
        1: SWITCH_ON INSTRUMENT0 SATELLITE0
        2: CALIBRATE SATELLITE0 INSTRUMENT0 GROUNDSTATION49
        3: TURN_TO SATELLITE0 PLANET106 GROUNDSTATION49
        4: SWITCH_ON INSTRUMENT4 SATELLITE1
        5: CALIBRATE SATELLITE1 INSTRUMENT4 GROUNDSTATION20
        6: TURN_TO SATELLITE1 PLANET107 GROUNDSTATION20
        7: TURN_TO SATELLITE2 GROUNDSTATION75 STAR55
        8: TURN_TO SATELLITE3 STAR56 GROUNDSTATION27
        9: TURN_TO SATELLITE5 STAR13 GROUNDSTATION54
       10: TURN_TO SATELLITE7 STAR51 GROUNDSTATION35
       11: TURN_TO SATELLITE8 STAR40 GROUNDSTATION16
       12: TURN_TO SATELLITE9 GROUNDSTATION16 GROUNDSTATION21
       13: TAKE_IMAGE SATELLITE0 PLANET106 INSTRUMENT0 INFRARED1
       14: TURN_TO SATELLITE0 STAR99 PLANET106
       15: TAKE_IMAGE SATELLITE1 PLANET107 INSTRUMENT4 IMAGE3
       16: TURN_TO SATELLITE1 STAR5 PLANET107
     

time spent:    0.00 seconds instantiating 127169 easy, 0 hard action templates
               0.01 seconds reachability analysis, yielding 1720 facts and 127169 actions
               0.03 seconds creating final representation with 1720 relevant facts, 0 relevant fluents
               0.16 seconds computing LNF
               0.07 seconds building connectivity graph
               0.14 seconds searching, evaluating 33 states, to a max depth of 1
               0.41 seconds total time

