
ff: parsing domain file
domain 'SATELLITE' defined
 ... done.
ff: parsing problem file
problem 'STRIPS-SAT-X-1' defined
 ... done.


no metric specified. plan length assumed.

checking for cyclic := effects --- OK.

ff: search configuration is EHC, if that fails then  best-first on 1*g(s) + 5*h(s) where
    metric is  plan length

Cueing down from goal distance:   10 into depth [1]
                                   9            [1]
                                   8            [1]
                                   7            [1]
                                   6            [1]
                                   5            [1]
                                   4            [1]
                                   3            [1]
                                   2            [1]
                                   1            [1]
                                   0            

ff: found legal plan as follows

step    0: TURN_TO SATELLITE0 STAR68 GROUNDSTATION33
        1: SWITCH_ON INSTRUMENT3 SATELLITE0
        2: CALIBRATE SATELLITE0 INSTRUMENT3 STAR68
        3: TURN_TO SATELLITE0 PHENOMENON106 STAR68
        4: TURN_TO SATELLITE3 STAR24 GROUNDSTATION49
        5: TURN_TO SATELLITE7 STAR58 GROUNDSTATION100
        6: TURN_TO SATELLITE8 GROUNDSTATION30 GROUNDSTATION89
        7: TAKE_IMAGE SATELLITE0 PHENOMENON106 INSTRUMENT3 THERMOGRAPH4
        8: TURN_TO SATELLITE0 STAR107 PHENOMENON106
        9: TAKE_IMAGE SATELLITE0 STAR107 INSTRUMENT3 INFRARED3
     

time spent:    0.00 seconds instantiating 129957 easy, 0 hard action templates
               0.02 seconds reachability analysis, yielding 1734 facts and 129957 actions
               0.01 seconds creating final representation with 1734 relevant facts, 0 relevant fluents
               0.18 seconds computing LNF
               0.05 seconds building connectivity graph
               0.16 seconds searching, evaluating 17 states, to a max depth of 1
               0.42 seconds total time

