
ff: parsing domain file
domain 'SATELLITE' defined
 ... done.
ff: parsing problem file
problem 'STRIPS-SAT-X-1' defined
 ... done.


no metric specified. plan length assumed.

checking for cyclic := effects --- OK.

ff: search configuration is EHC, if that fails then  best-first on 1*g(s) + 5*h(s) where
    metric is  plan length

Cueing down from goal distance:    9 into depth [1]
                                   8            [1]
                                   7            [1]
                                   6            [1]
                                   5            [1]
                                   4            [1]
                                   3            [1]
                                   2            [1]
                                   1            [1]
                                   0            

ff: found legal plan as follows

step    0: SWITCH_ON INSTRUMENT2 SATELLITE0
        1: CALIBRATE SATELLITE0 INSTRUMENT2 STAR69
        2: TURN_TO SATELLITE0 PHENOMENON106 STAR69
        3: TURN_TO SATELLITE1 GROUNDSTATION94 STAR25
        4: TURN_TO SATELLITE2 GROUNDSTATION13 GROUNDSTATION77
        5: TURN_TO SATELLITE3 GROUNDSTATION96 STAR102
        6: TURN_TO SATELLITE7 GROUNDSTATION28 GROUNDSTATION2
        7: TAKE_IMAGE SATELLITE0 PHENOMENON106 INSTRUMENT2 SPECTROGRAPH2
        8: TURN_TO SATELLITE0 GROUNDSTATION105 PHENOMENON106
     

time spent:    0.00 seconds instantiating 131568 easy, 0 hard action templates
               0.01 seconds reachability analysis, yielding 1744 facts and 131568 actions
               0.02 seconds creating final representation with 1744 relevant facts, 0 relevant fluents
               0.15 seconds computing LNF
               0.06 seconds building connectivity graph
               0.09 seconds searching, evaluating 15 states, to a max depth of 1
               0.33 seconds total time

