
ff: parsing domain file
domain 'SATELLITE' defined
 ... done.
ff: parsing problem file
problem 'STRIPS-SAT-X-1' defined
 ... done.


no metric specified. plan length assumed.

checking for cyclic := effects --- OK.

ff: search configuration is EHC, if that fails then  best-first on 1*g(s) + 5*h(s) where
    metric is  plan length

Cueing down from goal distance:   12 into depth [1]
                                  11            [1]
                                  10            [1]
                                   9            [1]
                                   8            [1]
                                   7            [1]
                                   6            [1]
                                   5            [1]
                                   4            [1]
                                   3            [1]
                                   2            [1]
                                   1            [1]
                                   0            

ff: found legal plan as follows

step    0: TURN_TO SATELLITE0 GROUNDSTATION52 STAR81
        1: SWITCH_ON INSTRUMENT0 SATELLITE0
        2: TURN_TO SATELLITE1 STAR82 STAR41
        3: CALIBRATE SATELLITE0 INSTRUMENT0 GROUNDSTATION52
        4: TURN_TO SATELLITE0 STAR106 GROUNDSTATION52
        5: SWITCH_ON INSTRUMENT5 SATELLITE1
        6: CALIBRATE SATELLITE1 INSTRUMENT5 STAR82
        7: TURN_TO SATELLITE1 PHENOMENON107 STAR82
        8: TURN_TO SATELLITE2 STAR69 STAR27
        9: TAKE_IMAGE SATELLITE0 STAR106 INSTRUMENT0 THERMOGRAPH1
       10: TAKE_IMAGE SATELLITE1 PHENOMENON107 INSTRUMENT5 THERMOGRAPH4
       11: TURN_TO SATELLITE1 STAR59 PHENOMENON107
     

time spent:    0.00 seconds instantiating 128647 easy, 0 hard action templates
               0.01 seconds reachability analysis, yielding 1730 facts and 128647 actions
               0.03 seconds creating final representation with 1730 relevant facts, 0 relevant fluents
               0.15 seconds computing LNF
               0.06 seconds building connectivity graph
               0.09 seconds searching, evaluating 17 states, to a max depth of 1
               0.34 seconds total time

