
ff: parsing domain file
domain 'SATELLITE' defined
 ... done.
ff: parsing problem file
problem 'STRIPS-SAT-X-1' defined
 ... done.


no metric specified. plan length assumed.

checking for cyclic := effects --- OK.

ff: search configuration is EHC, if that fails then  best-first on 1*g(s) + 5*h(s) where
    metric is  plan length

Cueing down from goal distance:   12 into depth [1]
                                  11            [1]
                                  10            [1]
                                   9            [1]
                                   8            [1][2]
                                   7            [1]
                                   6            [1]
                                   5            [1]
                                   4            [1]
                                   3            [1]
                                   2            [1]
                                   1            [1]
                                   0            

ff: found legal plan as follows

step    0: TURN_TO SATELLITE0 STAR73 STAR118
        1: TURN_TO SATELLITE0 GROUNDSTATION120 STAR73
        2: TURN_TO SATELLITE5 STAR23 STAR72
        3: TURN_TO SATELLITE8 GROUNDSTATION126 GROUNDSTATION5
        4: SWITCH_ON INSTRUMENT0 SATELLITE0
        5: TURN_TO SATELLITE1 GROUNDSTATION142 STAR153
        6: CALIBRATE SATELLITE0 INSTRUMENT0 GROUNDSTATION120
        7: TURN_TO SATELLITE0 PLANET159 GROUNDSTATION120
        8: SWITCH_ON INSTRUMENT3 SATELLITE1
        9: CALIBRATE SATELLITE1 INSTRUMENT3 GROUNDSTATION142
       10: TURN_TO SATELLITE1 STAR160 GROUNDSTATION142
       11: TAKE_IMAGE SATELLITE0 PLANET159 INSTRUMENT0 INFRARED3
       12: TAKE_IMAGE SATELLITE1 STAR160 INSTRUMENT3 THERMOGRAPH4
     

time spent:    0.00 seconds instantiating 276476 easy, 0 hard action templates
               0.03 seconds reachability analysis, yielding 2521 facts and 276476 actions
               0.04 seconds creating final representation with 2521 relevant facts, 0 relevant fluents
               0.33 seconds computing LNF
               0.10 seconds building connectivity graph
               0.48 seconds searching, evaluating 25 states, to a max depth of 2
               0.98 seconds total time

