
ff: parsing domain file
domain 'SATELLITE' defined
 ... done.
ff: parsing problem file
problem 'STRIPS-SAT-X-1' defined
 ... done.


no metric specified. plan length assumed.

checking for cyclic := effects --- OK.

ff: search configuration is EHC, if that fails then  best-first on 1*g(s) + 5*h(s) where
    metric is  plan length

Cueing down from goal distance:   12 into depth [1]
                                  11            [1]
                                  10            [1]
                                   9            [1]
                                   8            [1]
                                   7            [1]
                                   6            [1]
                                   5            [1]
                                   4            [1]
                                   3            [1]
                                   2            [1]
                                   1            [1]
                                   0            

ff: found legal plan as follows

step    0: TURN_TO SATELLITE1 STAR53 STAR117
        1: SWITCH_ON INSTRUMENT2 SATELLITE1
        2: CALIBRATE SATELLITE1 INSTRUMENT2 STAR53
        3: TURN_TO SATELLITE1 PHENOMENON159 STAR53
        4: TURN_TO SATELLITE0 STAR121 GROUNDSTATION34
        5: TURN_TO SATELLITE3 STAR3 STAR21
        6: TURN_TO SATELLITE4 STAR3 GROUNDSTATION38
        7: TURN_TO SATELLITE5 STAR57 STAR7
        8: TURN_TO SATELLITE7 STAR83 GROUNDSTATION34
        9: TURN_TO SATELLITE8 GROUNDSTATION113 GROUNDSTATION55
       10: TURN_TO SATELLITE9 STAR14 STAR116
       11: TAKE_IMAGE SATELLITE1 PHENOMENON159 INSTRUMENT2 IMAGE3
     

time spent:    0.00 seconds instantiating 277940 easy, 0 hard action templates
               0.03 seconds reachability analysis, yielding 2533 facts and 277940 actions
               0.05 seconds creating final representation with 2533 relevant facts, 0 relevant fluents
               0.35 seconds computing LNF
               0.10 seconds building connectivity graph
               0.09 seconds searching, evaluating 13 states, to a max depth of 1
               0.62 seconds total time

