
ff: parsing domain file
domain 'SATELLITE' defined
 ... done.
ff: parsing problem file
problem 'STRIPS-SAT-X-1' defined
 ... done.


no metric specified. plan length assumed.

checking for cyclic := effects --- OK.

ff: search configuration is EHC, if that fails then  best-first on 1*g(s) + 5*h(s) where
    metric is  plan length

Cueing down from goal distance:   11 into depth [1]
                                  10            [1]
                                   9            [1]
                                   8            [1][2]
                                   7            [1]
                                   6            [1]
                                   5            [1]
                                   4            [1]
                                   3            [1]
                                   2            [1]
                                   1            [1]
                                   0            

ff: found legal plan as follows

step    0: TURN_TO SATELLITE0 GROUNDSTATION142 STAR135
        1: TURN_TO SATELLITE0 GROUNDSTATION0 GROUNDSTATION142
        2: TURN_TO SATELLITE4 GROUNDSTATION27 STAR55
        3: SWITCH_ON INSTRUMENT4 SATELLITE0
        4: TURN_TO SATELLITE1 GROUNDSTATION75 STAR65
        5: CALIBRATE SATELLITE0 INSTRUMENT4 GROUNDSTATION0
        6: TURN_TO SATELLITE0 PLANET159 GROUNDSTATION0
        7: SWITCH_ON INSTRUMENT13 SATELLITE1
        8: CALIBRATE SATELLITE1 INSTRUMENT13 GROUNDSTATION75
        9: TURN_TO SATELLITE1 PHENOMENON160 GROUNDSTATION75
       10: TAKE_IMAGE SATELLITE0 PLANET159 INSTRUMENT4 INFRARED4
       11: TAKE_IMAGE SATELLITE1 PHENOMENON160 INSTRUMENT13 IMAGE0
     

time spent:    0.01 seconds instantiating 279009 easy, 0 hard action templates
               0.02 seconds reachability analysis, yielding 2533 facts and 279009 actions
               0.06 seconds creating final representation with 2533 relevant facts, 0 relevant fluents
               0.34 seconds computing LNF
               0.10 seconds building connectivity graph
               0.38 seconds searching, evaluating 20 states, to a max depth of 2
               0.91 seconds total time

