
ff: parsing domain file
domain 'SATELLITE' defined
 ... done.
ff: parsing problem file
problem 'STRIPS-SAT-X-1' defined
 ... done.


no metric specified. plan length assumed.

checking for cyclic := effects --- OK.

ff: search configuration is EHC, if that fails then  best-first on 1*g(s) + 5*h(s) where
    metric is  plan length

Cueing down from goal distance:    9 into depth [1]
                                   8            [1]
                                   7            [1]
                                   6            [1]
                                   5            [1]
                                   4            [1]
                                   3            [1]
                                   2            [1]
                                   1            [1]
                                   0            

ff: found legal plan as follows

step    0: TURN_TO SATELLITE0 GROUNDSTATION156 STAR144
        1: SWITCH_ON INSTRUMENT2 SATELLITE0
        2: CALIBRATE SATELLITE0 INSTRUMENT2 GROUNDSTATION156
        3: TURN_TO SATELLITE0 PLANET159 GROUNDSTATION156
        4: TURN_TO SATELLITE7 STAR96 GROUNDSTATION100
        5: TURN_TO SATELLITE9 STAR116 GROUNDSTATION155
        6: TAKE_IMAGE SATELLITE0 PLANET159 INSTRUMENT2 THERMOGRAPH4
        7: TURN_TO SATELLITE0 STAR160 PLANET159
        8: TAKE_IMAGE SATELLITE0 STAR160 INSTRUMENT2 THERMOGRAPH4
     

time spent:    0.00 seconds instantiating 280233 easy, 0 hard action templates
               0.04 seconds reachability analysis, yielding 2555 facts and 280233 actions
               0.04 seconds creating final representation with 2555 relevant facts, 0 relevant fluents
               0.36 seconds computing LNF
               0.12 seconds building connectivity graph
               0.36 seconds searching, evaluating 15 states, to a max depth of 1
               0.92 seconds total time

