
ff: parsing domain file
domain 'SATELLITE' defined
 ... done.
ff: parsing problem file
problem 'STRIPS-SAT-X-1' defined
 ... done.


no metric specified. plan length assumed.

checking for cyclic := effects --- OK.

ff: search configuration is EHC, if that fails then  best-first on 1*g(s) + 5*h(s) where
    metric is  plan length

Cueing down from goal distance:   14 into depth [1]
                                  13            [1]
                                  12            [1]
                                  11            [1]
                                  10            [1]
                                   9            [1]
                                   8            [1]
                                   7            [1]
                                   6            [1]
                                   5            [1]
                                   4            [1]
                                   3            [1]
                                   2            [1]
                                   1            [1]
                                   0            

ff: found legal plan as follows

step    0: TURN_TO SATELLITE0 STAR138 STAR56
        1: SWITCH_ON INSTRUMENT0 SATELLITE0
        2: TURN_TO SATELLITE1 GROUNDSTATION10 GROUNDSTATION67
        3: CALIBRATE SATELLITE0 INSTRUMENT0 STAR138
        4: TURN_TO SATELLITE0 PLANET159 STAR138
        5: SWITCH_ON INSTRUMENT10 SATELLITE1
        6: CALIBRATE SATELLITE1 INSTRUMENT10 GROUNDSTATION10
        7: TURN_TO SATELLITE1 STAR160 GROUNDSTATION10
        8: TURN_TO SATELLITE5 GROUNDSTATION62 GROUNDSTATION59
        9: TURN_TO SATELLITE7 GROUNDSTATION86 GROUNDSTATION13
       10: TURN_TO SATELLITE8 STAR8 GROUNDSTATION92
       11: TAKE_IMAGE SATELLITE0 PLANET159 INSTRUMENT0 IMAGE3
       12: TAKE_IMAGE SATELLITE1 STAR160 INSTRUMENT10 INFRARED0
       13: TURN_TO SATELLITE1 GROUNDSTATION112 STAR160
     

time spent:    0.00 seconds instantiating 280909 easy, 0 hard action templates
               0.04 seconds reachability analysis, yielding 2545 facts and 280909 actions
               0.04 seconds creating final representation with 2545 relevant facts, 0 relevant fluents
               0.35 seconds computing LNF
               0.12 seconds building connectivity graph
               0.34 seconds searching, evaluating 21 states, to a max depth of 1
               0.89 seconds total time

