
ff: parsing domain file
domain 'SATELLITE' defined
 ... done.
ff: parsing problem file
problem 'STRIPS-SAT-X-1' defined
 ... done.


no metric specified. plan length assumed.

checking for cyclic := effects --- OK.

ff: search configuration is EHC, if that fails then  best-first on 1*g(s) + 5*h(s) where
    metric is  plan length

Cueing down from goal distance:    8 into depth [1]
                                   7            [1]
                                   6            [1]
                                   5            [1]
                                   4            [1]
                                   3            [1]
                                   2            [1]
                                   1            [1]
                                   0            

ff: found legal plan as follows

step    0: TURN_TO SATELLITE0 GROUNDSTATION79 STAR24
        1: SWITCH_ON INSTRUMENT1 SATELLITE0
        2: CALIBRATE SATELLITE0 INSTRUMENT1 GROUNDSTATION79
        3: TURN_TO SATELLITE0 STAR114 GROUNDSTATION79
        4: TURN_TO SATELLITE1 STAR60 GROUNDSTATION100
        5: TURN_TO SATELLITE2 STAR106 STAR41
        6: TURN_TO SATELLITE7 GROUNDSTATION8 GROUNDSTATION103
        7: TAKE_IMAGE SATELLITE0 STAR114 INSTRUMENT1 THERMOGRAPH1
     

time spent:    0.00 seconds instantiating 147547 easy, 0 hard action templates
               0.02 seconds reachability analysis, yielding 1850 facts and 147547 actions
               0.02 seconds creating final representation with 1850 relevant facts, 0 relevant fluents
               0.17 seconds computing LNF
               0.06 seconds building connectivity graph
               0.04 seconds searching, evaluating 9 states, to a max depth of 1
               0.31 seconds total time

