
ff: parsing domain file
domain 'SATELLITE' defined
 ... done.
ff: parsing problem file
problem 'STRIPS-SAT-X-1' defined
 ... done.


no metric specified. plan length assumed.

checking for cyclic := effects --- OK.

ff: search configuration is EHC, if that fails then  best-first on 1*g(s) + 5*h(s) where
    metric is  plan length

Cueing down from goal distance:   16 into depth [1]
                                  15            [1]
                                  14            [1]
                                  13            [1]
                                  12            [1]
                                  11            [1]
                                  10            [1]
                                   9            [1]
                                   8            [1]
                                   7            [1]
                                   6            [1]
                                   5            [1]
                                   4            [1]
                                   3            [1]
                                   2            [1]
                                   1            [1]
                                   0            

ff: found legal plan as follows

step    0: TURN_TO SATELLITE0 GROUNDSTATION22 STAR54
        1: SWITCH_ON INSTRUMENT1 SATELLITE0
        2: TURN_TO SATELLITE1 GROUNDSTATION33 GROUNDSTATION72
        3: CALIBRATE SATELLITE0 INSTRUMENT1 GROUNDSTATION22
        4: TURN_TO SATELLITE0 PLANET114 GROUNDSTATION22
        5: SWITCH_ON INSTRUMENT9 SATELLITE1
        6: CALIBRATE SATELLITE1 INSTRUMENT9 GROUNDSTATION33
        7: TURN_TO SATELLITE1 PHENOMENON115 GROUNDSTATION33
        8: TURN_TO SATELLITE2 STAR43 STAR52
        9: TURN_TO SATELLITE4 GROUNDSTATION26 STAR79
       10: TURN_TO SATELLITE6 STAR90 STAR80
       11: TURN_TO SATELLITE7 GROUNDSTATION85 STAR90
       12: TURN_TO SATELLITE8 GROUNDSTATION6 GROUNDSTATION29
       13: TAKE_IMAGE SATELLITE0 PLANET114 INSTRUMENT1 INFRARED2
       14: TAKE_IMAGE SATELLITE1 PHENOMENON115 INSTRUMENT9 THERMOGRAPH4
       15: TURN_TO SATELLITE1 STAR11 PHENOMENON115
     

time spent:    0.00 seconds instantiating 150066 easy, 0 hard action templates
               0.01 seconds reachability analysis, yielding 1870 facts and 150066 actions
               0.03 seconds creating final representation with 1870 relevant facts, 0 relevant fluents
               0.21 seconds computing LNF
               0.07 seconds building connectivity graph
               0.14 seconds searching, evaluating 25 states, to a max depth of 1
               0.46 seconds total time

