
ff: parsing domain file
domain 'SATELLITE' defined
 ... done.
ff: parsing problem file
problem 'STRIPS-SAT-X-1' defined
 ... done.


no metric specified. plan length assumed.

checking for cyclic := effects --- OK.

ff: search configuration is EHC, if that fails then  best-first on 1*g(s) + 5*h(s) where
    metric is  plan length

Cueing down from goal distance:    3 into depth [1]
                                   2            [1]
                                   1            [1]
                                   0            

ff: found legal plan as follows

step    0: TURN_TO SATELLITE2 STAR20 GROUNDSTATION76
        1: TURN_TO SATELLITE3 GROUNDSTATION86 STAR107
        2: TURN_TO SATELLITE8 STAR49 GROUNDSTATION50
     

time spent:    0.00 seconds instantiating 153975 easy, 0 hard action templates
               0.01 seconds reachability analysis, yielding 1896 facts and 153975 actions
               0.03 seconds creating final representation with 1896 relevant facts, 0 relevant fluents
               0.18 seconds computing LNF
               0.07 seconds building connectivity graph
               0.00 seconds searching, evaluating 4 states, to a max depth of 1
               0.29 seconds total time

