
ff: parsing domain file
domain 'SATELLITE' defined
 ... done.
ff: parsing problem file
problem 'STRIPS-SAT-X-1' defined
 ... done.


no metric specified. plan length assumed.

checking for cyclic := effects --- OK.

ff: search configuration is EHC, if that fails then  best-first on 1*g(s) + 5*h(s) where
    metric is  plan length

Cueing down from goal distance:   13 into depth [1]
                                  12            [1]
                                  11            [1]
                                  10            [1]
                                   9            [1]
                                   8            [1]
                                   7            [1]
                                   6            [1]
                                   5            [1]
                                   4            [1]
                                   3            [1]
                                   2            [1]
                                   1            [1]
                                   0            

ff: found legal plan as follows

step    0: TURN_TO SATELLITE0 STAR76 GROUNDSTATION102
        1: SWITCH_ON INSTRUMENT1 SATELLITE0
        2: TURN_TO SATELLITE1 GROUNDSTATION25 GROUNDSTATION29
        3: CALIBRATE SATELLITE0 INSTRUMENT1 STAR76
        4: TURN_TO SATELLITE0 PLANET120 STAR76
        5: SWITCH_ON INSTRUMENT2 SATELLITE1
        6: CALIBRATE SATELLITE1 INSTRUMENT2 GROUNDSTATION25
        7: TURN_TO SATELLITE1 PLANET121 GROUNDSTATION25
        8: TURN_TO SATELLITE2 GROUNDSTATION33 STAR90
        9: TURN_TO SATELLITE3 STAR62 GROUNDSTATION85
       10: TAKE_IMAGE SATELLITE0 PLANET120 INSTRUMENT1 THERMOGRAPH4
       11: TAKE_IMAGE SATELLITE1 PLANET121 INSTRUMENT2 SPECTROGRAPH3
       12: TURN_TO SATELLITE1 STAR84 PLANET121
     

time spent:    0.00 seconds instantiating 159779 easy, 0 hard action templates
               0.02 seconds reachability analysis, yielding 1924 facts and 159779 actions
               0.03 seconds creating final representation with 1924 relevant facts, 0 relevant fluents
               0.20 seconds computing LNF
               0.06 seconds building connectivity graph
               0.13 seconds searching, evaluating 19 states, to a max depth of 1
               0.44 seconds total time

