
ff: parsing domain file
domain 'SATELLITE' defined
 ... done.
ff: parsing problem file
problem 'STRIPS-SAT-X-1' defined
 ... done.


no metric specified. plan length assumed.

checking for cyclic := effects --- OK.

ff: search configuration is EHC, if that fails then  best-first on 1*g(s) + 5*h(s) where
    metric is  plan length

Cueing down from goal distance:   13 into depth [1]
                                  12            [1]
                                   9            [1]
                                   8            [1]
                                   7            [1]
                                   6            [1]
                                   5            [1]
                                   4            [1]
                                   3            [1]
                                   2            [1]
                                   1            [1]
                                   0            

ff: found legal plan as follows

step    0: TURN_TO SATELLITE0 STAR108 STAR89
        1: SWITCH_ON INSTRUMENT1 SATELLITE0
        2: CALIBRATE SATELLITE0 INSTRUMENT1 STAR108
        3: TURN_TO SATELLITE0 STAR119 STAR108
        4: TURN_TO SATELLITE1 GROUNDSTATION85 STAR33
        5: TURN_TO SATELLITE3 GROUNDSTATION40 STAR106
        6: TURN_TO SATELLITE4 STAR97 STAR57
        7: TURN_TO SATELLITE6 GROUNDSTATION66 STAR81
        8: TAKE_IMAGE SATELLITE0 STAR119 INSTRUMENT1 IMAGE0
        9: TURN_TO SATELLITE0 STAR120 STAR119
       10: TAKE_IMAGE SATELLITE0 STAR120 INSTRUMENT1 SPECTROGRAPH2
     

time spent:    0.00 seconds instantiating 163023 easy, 0 hard action templates
               0.01 seconds reachability analysis, yielding 1951 facts and 163023 actions
               0.03 seconds creating final representation with 1951 relevant facts, 0 relevant fluents
               0.20 seconds computing LNF
               0.08 seconds building connectivity graph
               0.17 seconds searching, evaluating 19 states, to a max depth of 1
               0.49 seconds total time

