
ff: parsing domain file
domain 'SATELLITE' defined
 ... done.
ff: parsing problem file
problem 'STRIPS-SAT-X-1' defined
 ... done.


no metric specified. plan length assumed.

checking for cyclic := effects --- OK.

ff: search configuration is EHC, if that fails then  best-first on 1*g(s) + 5*h(s) where
    metric is  plan length

Cueing down from goal distance:   17 into depth [1]
                                  16            [1]
                                  15            [1]
                                  14            [1]
                                  13            [1]
                                  12            [1]
                                  11            [1]
                                  10            [1]
                                   9            [1]
                                   8            [1]
                                   7            [1]
                                   6            [1]
                                   5            [1]
                                   4            [1]
                                   3            [1]
                                   2            [1]
                                   1            [1]
                                   0            

ff: found legal plan as follows

step    0: TURN_TO SATELLITE0 GROUNDSTATION40 GROUNDSTATION86
        1: SWITCH_ON INSTRUMENT1 SATELLITE0
        2: CALIBRATE SATELLITE0 INSTRUMENT1 GROUNDSTATION40
        3: TURN_TO SATELLITE0 PLANET119 GROUNDSTATION40
        4: SWITCH_ON INSTRUMENT4 SATELLITE1
        5: CALIBRATE SATELLITE1 INSTRUMENT4 GROUNDSTATION72
        6: TURN_TO SATELLITE1 PHENOMENON120 GROUNDSTATION72
        7: TURN_TO SATELLITE2 GROUNDSTATION93 GROUNDSTATION91
        8: TURN_TO SATELLITE3 STAR30 GROUNDSTATION100
        9: TURN_TO SATELLITE5 GROUNDSTATION84 STAR12
       10: TURN_TO SATELLITE6 GROUNDSTATION20 GROUNDSTATION98
       11: TURN_TO SATELLITE7 STAR2 GROUNDSTATION3
       12: TURN_TO SATELLITE8 GROUNDSTATION0 STAR63
       13: TAKE_IMAGE SATELLITE0 PLANET119 INSTRUMENT1 IMAGE2
       14: TURN_TO SATELLITE0 STAR61 PLANET119
       15: TAKE_IMAGE SATELLITE1 PHENOMENON120 INSTRUMENT4 INFRARED1
       16: TURN_TO SATELLITE1 STAR5 PHENOMENON120
     

time spent:    0.00 seconds instantiating 160916 easy, 0 hard action templates
               0.02 seconds reachability analysis, yielding 1931 facts and 160916 actions
               0.02 seconds creating final representation with 1931 relevant facts, 0 relevant fluents
               0.19 seconds computing LNF
               0.07 seconds building connectivity graph
               0.20 seconds searching, evaluating 33 states, to a max depth of 1
               0.50 seconds total time

