
ff: parsing domain file
domain 'SATELLITE' defined
 ... done.
ff: parsing problem file
problem 'STRIPS-SAT-X-1' defined
 ... done.


no metric specified. plan length assumed.

checking for cyclic := effects --- OK.

ff: search configuration is EHC, if that fails then  best-first on 1*g(s) + 5*h(s) where
    metric is  plan length

Cueing down from goal distance:    8 into depth [1]
                                   7            [1]
                                   6            [1]
                                   5            [1]
                                   4            [1]
                                   3            [1]
                                   2            [1]
                                   1            [1]
                                   0            

ff: found legal plan as follows

step    0: SWITCH_ON INSTRUMENT0 SATELLITE0
        1: CALIBRATE SATELLITE0 INSTRUMENT0 STAR108
        2: TURN_TO SATELLITE0 PHENOMENON119 STAR108
        3: TURN_TO SATELLITE2 GROUNDSTATION44 STAR88
        4: TURN_TO SATELLITE3 GROUNDSTATION17 GROUNDSTATION92
        5: TAKE_IMAGE SATELLITE0 PHENOMENON119 INSTRUMENT0 THERMOGRAPH2
        6: TURN_TO SATELLITE0 STAR120 PHENOMENON119
        7: TAKE_IMAGE SATELLITE0 STAR120 INSTRUMENT0 INFRARED3
     

time spent:    0.00 seconds instantiating 161500 easy, 0 hard action templates
               0.02 seconds reachability analysis, yielding 1941 facts and 161500 actions
               0.02 seconds creating final representation with 1941 relevant facts, 0 relevant fluents
               0.22 seconds computing LNF
               0.06 seconds building connectivity graph
               0.10 seconds searching, evaluating 14 states, to a max depth of 1
               0.42 seconds total time

