
ff: parsing domain file
domain 'SATELLITE' defined
 ... done.
ff: parsing problem file
problem 'STRIPS-SAT-X-1' defined
 ... done.


no metric specified. plan length assumed.

checking for cyclic := effects --- OK.

ff: search configuration is EHC, if that fails then  best-first on 1*g(s) + 5*h(s) where
    metric is  plan length

Cueing down from goal distance:   14 into depth [1]
                                  13            [1]
                                  12            [1]
                                  11            [1]
                                  10            [1]
                                   9            [1]
                                   8            [1]
                                   7            [1]
                                   6            [1]
                                   5            [1]
                                   4            [1]
                                   3            [1]
                                   2            [1]
                                   1            [1]
                                   0            

ff: found legal plan as follows

step    0: SWITCH_ON INSTRUMENT1 SATELLITE1
        1: TURN_TO SATELLITE2 GROUNDSTATION126 STAR85
        2: CALIBRATE SATELLITE1 INSTRUMENT1 STAR99
        3: TURN_TO SATELLITE1 PLANET154 STAR99
        4: SWITCH_ON INSTRUMENT6 SATELLITE2
        5: CALIBRATE SATELLITE2 INSTRUMENT6 GROUNDSTATION126
        6: TURN_TO SATELLITE2 STAR155 GROUNDSTATION126
        7: TURN_TO SATELLITE6 GROUNDSTATION144 STAR24
        8: TURN_TO SATELLITE7 GROUNDSTATION97 STAR87
        9: TURN_TO SATELLITE8 GROUNDSTATION62 GROUNDSTATION76
       10: TURN_TO SATELLITE9 STAR70 GROUNDSTATION67
       11: TAKE_IMAGE SATELLITE1 PLANET154 INSTRUMENT1 IMAGE3
       12: TAKE_IMAGE SATELLITE2 STAR155 INSTRUMENT6 IMAGE2
       13: TURN_TO SATELLITE2 STAR118 STAR155
     

time spent:    0.01 seconds instantiating 263335 easy, 0 hard action templates
               0.02 seconds reachability analysis, yielding 2460 facts and 263335 actions
               0.04 seconds creating final representation with 2460 relevant facts, 0 relevant fluents
               0.29 seconds computing LNF
               0.11 seconds building connectivity graph
               0.31 seconds searching, evaluating 22 states, to a max depth of 1
               0.78 seconds total time

