
ff: parsing domain file
domain 'SATELLITE' defined
 ... done.
ff: parsing problem file
problem 'STRIPS-SAT-X-1' defined
 ... done.


no metric specified. plan length assumed.

checking for cyclic := effects --- OK.

ff: search configuration is EHC, if that fails then  best-first on 1*g(s) + 5*h(s) where
    metric is  plan length

Cueing down from goal distance:   10 into depth [1]
                                   9            [1]
                                   8            [1]
                                   7            [1]
                                   6            [1]
                                   5            [1]
                                   4            [1]
                                   3            [1]
                                   2            [1]
                                   1            [1]
                                   0            

ff: found legal plan as follows

step    0: TURN_TO SATELLITE0 STAR17 STAR41
        1: SWITCH_ON INSTRUMENT1 SATELLITE0
        2: CALIBRATE SATELLITE0 INSTRUMENT1 STAR17
        3: TURN_TO SATELLITE0 PLANET154 STAR17
        4: TURN_TO SATELLITE4 STAR124 GROUNDSTATION27
        5: TURN_TO SATELLITE8 GROUNDSTATION94 STAR146
        6: TURN_TO SATELLITE9 GROUNDSTATION125 GROUNDSTATION50
        7: TAKE_IMAGE SATELLITE0 PLANET154 INSTRUMENT1 THERMOGRAPH2
        8: TURN_TO SATELLITE0 STAR155 PLANET154
        9: TAKE_IMAGE SATELLITE0 STAR155 INSTRUMENT1 THERMOGRAPH1
     

time spent:    0.00 seconds instantiating 260192 easy, 0 hard action templates
               0.02 seconds reachability analysis, yielding 2450 facts and 260192 actions
               0.06 seconds creating final representation with 2450 relevant facts, 0 relevant fluents
               0.32 seconds computing LNF
               0.11 seconds building connectivity graph
               0.33 seconds searching, evaluating 17 states, to a max depth of 1
               0.84 seconds total time

