
ff: parsing domain file
domain 'SATELLITE' defined
 ... done.
ff: parsing problem file
problem 'STRIPS-SAT-X-1' defined
 ... done.


no metric specified. plan length assumed.

checking for cyclic := effects --- OK.

ff: search configuration is EHC, if that fails then  best-first on 1*g(s) + 5*h(s) where
    metric is  plan length

Cueing down from goal distance:   15 into depth [1]
                                  14            [1]
                                  13            [1]
                                  12            [1]
                                  11            [1]
                                  10            [1]
                                   9            [1]
                                   8            [1]
                                   7            [1]
                                   6            [1]
                                   5            [1]
                                   4            [1]
                                   3            [1]
                                   2            [1]
                                   1            [1]
                                   0            

ff: found legal plan as follows

step    0: TURN_TO SATELLITE0 STAR57 STAR60
        1: SWITCH_ON INSTRUMENT4 SATELLITE0
        2: TURN_TO SATELLITE1 STAR21 STAR22
        3: CALIBRATE SATELLITE0 INSTRUMENT4 STAR57
        4: TURN_TO SATELLITE0 PHENOMENON154 STAR57
        5: SWITCH_ON INSTRUMENT10 SATELLITE1
        6: CALIBRATE SATELLITE1 INSTRUMENT10 STAR21
        7: TURN_TO SATELLITE1 PLANET155 STAR21
        8: TURN_TO SATELLITE2 STAR115 STAR67
        9: TURN_TO SATELLITE4 STAR25 STAR153
       10: TURN_TO SATELLITE5 STAR116 GROUNDSTATION123
       11: TURN_TO SATELLITE7 STAR124 GROUNDSTATION1
       12: TURN_TO SATELLITE8 GROUNDSTATION144 STAR115
       13: TAKE_IMAGE SATELLITE0 PHENOMENON154 INSTRUMENT4 THERMOGRAPH1
       14: TAKE_IMAGE SATELLITE1 PLANET155 INSTRUMENT10 SPECTROGRAPH2
     

time spent:    0.01 seconds instantiating 267123 easy, 0 hard action templates
               0.02 seconds reachability analysis, yielding 2490 facts and 267123 actions
               0.04 seconds creating final representation with 2490 relevant facts, 0 relevant fluents
               0.30 seconds computing LNF
               0.10 seconds building connectivity graph
               0.23 seconds searching, evaluating 17 states, to a max depth of 1
               0.70 seconds total time

