
ff: parsing domain file
domain 'SATELLITE' defined
 ... done.
ff: parsing problem file
problem 'STRIPS-SAT-X-1' defined
 ... done.


no metric specified. plan length assumed.

checking for cyclic := effects --- OK.

ff: search configuration is EHC, if that fails then  best-first on 1*g(s) + 5*h(s) where
    metric is  plan length

Cueing down from goal distance:   15 into depth [1]
                                  14            [1]
                                  13            [1]
                                  12            [1]
                                  11            [1]
                                  10            [1]
                                   9            [1]
                                   8            [1]
                                   7            [1]
                                   6            [1]
                                   5            [1]
                                   4            [1]
                                   3            [1]
                                   2            [1]
                                   1            [1]
                                   0            

ff: found legal plan as follows

step    0: TURN_TO SATELLITE1 GROUNDSTATION104 STAR50
        1: TURN_TO SATELLITE0 STAR129 STAR153
        2: SWITCH_ON INSTRUMENT3 SATELLITE1
        3: CALIBRATE SATELLITE1 INSTRUMENT3 GROUNDSTATION104
        4: TURN_TO SATELLITE1 STAR154 GROUNDSTATION104
        5: SWITCH_ON INSTRUMENT0 SATELLITE0
        6: CALIBRATE SATELLITE0 INSTRUMENT0 STAR129
        7: TURN_TO SATELLITE0 PHENOMENON155 STAR129
        8: TURN_TO SATELLITE2 GROUNDSTATION145 GROUNDSTATION51
        9: TURN_TO SATELLITE3 STAR43 GROUNDSTATION149
       10: TURN_TO SATELLITE5 GROUNDSTATION14 GROUNDSTATION120
       11: TURN_TO SATELLITE6 GROUNDSTATION28 STAR135
       12: TURN_TO SATELLITE8 GROUNDSTATION145 STAR66
       13: TAKE_IMAGE SATELLITE1 STAR154 INSTRUMENT3 INFRARED2
       14: TAKE_IMAGE SATELLITE0 PHENOMENON155 INSTRUMENT0 INFRARED4
     

time spent:    0.00 seconds instantiating 265142 easy, 0 hard action templates
               0.02 seconds reachability analysis, yielding 2478 facts and 265142 actions
               0.04 seconds creating final representation with 2478 relevant facts, 0 relevant fluents
               0.36 seconds computing LNF
               0.12 seconds building connectivity graph
               0.25 seconds searching, evaluating 16 states, to a max depth of 1
               0.79 seconds total time

