
ff: parsing domain file
domain 'SATELLITE' defined
 ... done.
ff: parsing problem file
problem 'STRIPS-SAT-X-1' defined
 ... done.


no metric specified. plan length assumed.

checking for cyclic := effects --- OK.

ff: search configuration is EHC, if that fails then  best-first on 1*g(s) + 5*h(s) where
    metric is  plan length

Cueing down from goal distance:   11 into depth [1]
                                  10            [1]
                                   9            [1]
                                   8            [1]
                                   7            [1]
                                   6            [1]
                                   5            [1]
                                   4            [1]
                                   3            [1]
                                   2            [1]
                                   1            [1]
                                   0            

ff: found legal plan as follows

step    0: TURN_TO SATELLITE0 STAR152 GROUNDSTATION79
        1: SWITCH_ON INSTRUMENT3 SATELLITE0
        2: CALIBRATE SATELLITE0 INSTRUMENT3 STAR152
        3: TURN_TO SATELLITE0 PHENOMENON177 STAR152
        4: TURN_TO SATELLITE4 GROUNDSTATION82 STAR43
        5: TURN_TO SATELLITE5 GROUNDSTATION136 STAR141
        6: TURN_TO SATELLITE7 STAR75 STAR154
        7: TAKE_IMAGE SATELLITE0 PHENOMENON177 INSTRUMENT3 INFRARED4
        8: TURN_TO SATELLITE0 PLANET178 PHENOMENON177
        9: TAKE_IMAGE SATELLITE0 PLANET178 INSTRUMENT3 INFRARED4
       10: TURN_TO SATELLITE0 STAR141 PLANET178
     

time spent:    0.01 seconds instantiating 341386 easy, 0 hard action templates
               0.03 seconds reachability analysis, yielding 2805 facts and 341386 actions
               0.05 seconds creating final representation with 2805 relevant facts, 0 relevant fluents
               0.41 seconds computing LNF
               0.13 seconds building connectivity graph
               0.48 seconds searching, evaluating 23 states, to a max depth of 1
               1.11 seconds total time

