
ff: parsing domain file
domain 'SATELLITE' defined
 ... done.
ff: parsing problem file
problem 'STRIPS-SAT-X-1' defined
 ... done.


no metric specified. plan length assumed.

checking for cyclic := effects --- OK.

ff: search configuration is EHC, if that fails then  best-first on 1*g(s) + 5*h(s) where
    metric is  plan length

Cueing down from goal distance:    9 into depth [1]
                                   8            [1]
                                   7            [1]
                                   6            [1]
                                   5            [1]
                                   4            [1]
                                   3            [1]
                                   2            [1]
                                   1            [1]
                                   0            

ff: found legal plan as follows

step    0: TURN_TO SATELLITE0 STAR77 STAR60
        1: SWITCH_ON INSTRUMENT1 SATELLITE0
        2: CALIBRATE SATELLITE0 INSTRUMENT1 STAR77
        3: TURN_TO SATELLITE0 PLANET177 STAR77
        4: TURN_TO SATELLITE1 GROUNDSTATION176 GROUNDSTATION112
        5: TURN_TO SATELLITE7 STAR174 STAR84
        6: TURN_TO SATELLITE9 STAR23 STAR143
        7: TAKE_IMAGE SATELLITE0 PLANET177 INSTRUMENT1 THERMOGRAPH1
        8: TURN_TO SATELLITE0 STAR108 PLANET177
     

time spent:    0.01 seconds instantiating 342421 easy, 0 hard action templates
               0.03 seconds reachability analysis, yielding 2805 facts and 342421 actions
               0.05 seconds creating final representation with 2805 relevant facts, 0 relevant fluents
               0.39 seconds computing LNF
               0.14 seconds building connectivity graph
               0.24 seconds searching, evaluating 14 states, to a max depth of 1
               0.86 seconds total time

