
ff: parsing domain file
domain 'SATELLITE' defined
 ... done.
ff: parsing problem file
problem 'STRIPS-SAT-X-1' defined
 ... done.


no metric specified. plan length assumed.

checking for cyclic := effects --- OK.

ff: search configuration is EHC, if that fails then  best-first on 1*g(s) + 5*h(s) where
    metric is  plan length

Cueing down from goal distance:   11 into depth [1]
                                  10            [1]
                                   9            [1]
                                   8            [1]
                                   7            [1]
                                   6            [1]
                                   5            [1]
                                   4            [1]
                                   3            [1]
                                   2            [1]
                                   1            [1]
                                   0            

ff: found legal plan as follows

step    0: SWITCH_ON INSTRUMENT2 SATELLITE0
        1: TURN_TO SATELLITE1 STAR43 STAR25
        2: CALIBRATE SATELLITE0 INSTRUMENT2 GROUNDSTATION169
        3: TURN_TO SATELLITE0 STAR178 GROUNDSTATION169
        4: SWITCH_ON INSTRUMENT7 SATELLITE1
        5: CALIBRATE SATELLITE1 INSTRUMENT7 STAR43
        6: TURN_TO SATELLITE1 PLANET177 STAR43
        7: TURN_TO SATELLITE4 STAR46 STAR155
        8: TURN_TO SATELLITE9 STAR35 STAR41
        9: TAKE_IMAGE SATELLITE1 PLANET177 INSTRUMENT7 INFRARED3
       10: TAKE_IMAGE SATELLITE0 STAR178 INSTRUMENT2 INFRARED1
     

time spent:    0.00 seconds instantiating 338775 easy, 0 hard action templates
               0.04 seconds reachability analysis, yielding 2795 facts and 338775 actions
               0.05 seconds creating final representation with 2795 relevant facts, 0 relevant fluents
               0.40 seconds computing LNF
               0.13 seconds building connectivity graph
               0.36 seconds searching, evaluating 15 states, to a max depth of 1
               0.98 seconds total time

