
ff: parsing domain file
domain 'SATELLITE' defined
 ... done.
ff: parsing problem file
problem 'STRIPS-SAT-X-1' defined
 ... done.


no metric specified. plan length assumed.

checking for cyclic := effects --- OK.

ff: search configuration is EHC, if that fails then  best-first on 1*g(s) + 5*h(s) where
    metric is  plan length

Cueing down from goal distance:   12 into depth [1]
                                  11            [1]
                                  10            [1]
                                   9            [1]
                                   8            [1]
                                   7            [1]
                                   6            [1]
                                   5            [1]
                                   4            [1]
                                   3            [1]
                                   2            [1]
                                   1            [1]
                                   0            

ff: found legal plan as follows

step    0: TURN_TO SATELLITE0 GROUNDSTATION123 GROUNDSTATION102
        1: SWITCH_ON INSTRUMENT0 SATELLITE0
        2: TURN_TO SATELLITE1 STAR5 STAR23
        3: CALIBRATE SATELLITE0 INSTRUMENT0 GROUNDSTATION123
        4: TURN_TO SATELLITE0 STAR124 GROUNDSTATION123
        5: SWITCH_ON INSTRUMENT11 SATELLITE1
        6: CALIBRATE SATELLITE1 INSTRUMENT11 STAR5
        7: TURN_TO SATELLITE1 PHENOMENON125 STAR5
        8: TURN_TO SATELLITE4 STAR118 STAR9
        9: TURN_TO SATELLITE6 PHENOMENON125 STAR52
       10: TAKE_IMAGE SATELLITE0 STAR124 INSTRUMENT0 THERMOGRAPH2
       11: TAKE_IMAGE SATELLITE1 PHENOMENON125 INSTRUMENT11 INFRARED3
     

time spent:    0.00 seconds instantiating 173672 easy, 0 hard action templates
               0.02 seconds reachability analysis, yielding 2012 facts and 173672 actions
               0.03 seconds creating final representation with 2012 relevant facts, 0 relevant fluents
               0.23 seconds computing LNF
               0.08 seconds building connectivity graph
               0.10 seconds searching, evaluating 14 states, to a max depth of 1
               0.46 seconds total time

