
ff: parsing domain file
domain 'SATELLITE' defined
 ... done.
ff: parsing problem file
problem 'STRIPS-SAT-X-1' defined
 ... done.


no metric specified. plan length assumed.

checking for cyclic := effects --- OK.

ff: search configuration is EHC, if that fails then  best-first on 1*g(s) + 5*h(s) where
    metric is  plan length

Cueing down from goal distance:   10 into depth [1]
                                   9            [1]
                                   8            [1]
                                   7            [1]
                                   6            [1]
                                   5            [1]
                                   4            [1]
                                   3            [1]
                                   2            [1]
                                   1            [1]
                                   0            

ff: found legal plan as follows

step    0: TURN_TO SATELLITE0 GROUNDSTATION87 GROUNDSTATION1
        1: SWITCH_ON INSTRUMENT0 SATELLITE0
        2: CALIBRATE SATELLITE0 INSTRUMENT0 GROUNDSTATION87
        3: TURN_TO SATELLITE0 STAR124 GROUNDSTATION87
        4: TURN_TO SATELLITE1 STAR36 STAR4
        5: TURN_TO SATELLITE9 GROUNDSTATION79 GROUNDSTATION45
        6: TAKE_IMAGE SATELLITE0 STAR124 INSTRUMENT0 INFRARED3
        7: TURN_TO SATELLITE0 PLANET125 STAR124
        8: TAKE_IMAGE SATELLITE0 PLANET125 INSTRUMENT0 IMAGE4
        9: TURN_TO SATELLITE0 STAR73 PLANET125
     

time spent:    0.00 seconds instantiating 173476 easy, 0 hard action templates
               0.01 seconds reachability analysis, yielding 2008 facts and 173476 actions
               0.04 seconds creating final representation with 2008 relevant facts, 0 relevant fluents
               0.21 seconds computing LNF
               0.07 seconds building connectivity graph
               0.16 seconds searching, evaluating 20 states, to a max depth of 1
               0.49 seconds total time

