
ff: parsing domain file
domain 'SATELLITE' defined
 ... done.
ff: parsing problem file
problem 'STRIPS-SAT-X-1' defined
 ... done.


no metric specified. plan length assumed.

checking for cyclic := effects --- OK.

ff: search configuration is EHC, if that fails then  best-first on 1*g(s) + 5*h(s) where
    metric is  plan length

Cueing down from goal distance:    7 into depth [1]
                                   6            [1]
                                   5            [1]
                                   4            [1]
                                   3            [1]
                                   2            [1]
                                   1            [1]
                                   0            

ff: found legal plan as follows

step    0: TURN_TO SATELLITE0 GROUNDSTATION47 STAR117
        1: SWITCH_ON INSTRUMENT1 SATELLITE0
        2: CALIBRATE SATELLITE0 INSTRUMENT1 GROUNDSTATION47
        3: TURN_TO SATELLITE0 PLANET125 GROUNDSTATION47
        4: TURN_TO SATELLITE4 STAR82 GROUNDSTATION101
        5: TURN_TO SATELLITE7 GROUNDSTATION73 STAR76
        6: TAKE_IMAGE SATELLITE0 PLANET125 INSTRUMENT1 IMAGE2
     

time spent:    0.00 seconds instantiating 174105 easy, 0 hard action templates
               0.02 seconds reachability analysis, yielding 2018 facts and 174105 actions
               0.03 seconds creating final representation with 2018 relevant facts, 0 relevant fluents
               0.23 seconds computing LNF
               0.08 seconds building connectivity graph
               0.05 seconds searching, evaluating 8 states, to a max depth of 1
               0.41 seconds total time

