
ff: parsing domain file
domain 'SATELLITE' defined
 ... done.
ff: parsing problem file
problem 'STRIPS-SAT-X-1' defined
 ... done.


no metric specified. plan length assumed.

checking for cyclic := effects --- OK.

ff: search configuration is EHC, if that fails then  best-first on 1*g(s) + 5*h(s) where
    metric is  plan length

Cueing down from goal distance:   12 into depth [1]
                                  11            [1]
                                  10            [1]
                                   9            [1]
                                   8            [1]
                                   7            [1]
                                   6            [1]
                                   5            [1]
                                   4            [1]
                                   3            [1]
                                   2            [1]
                                   1            [1]
                                   0            

ff: found legal plan as follows

step    0: TURN_TO SATELLITE0 GROUNDSTATION104 STAR99
        1: SWITCH_ON INSTRUMENT0 SATELLITE0
        2: CALIBRATE SATELLITE0 INSTRUMENT0 GROUNDSTATION104
        3: TURN_TO SATELLITE0 PLANET124 GROUNDSTATION104
        4: TURN_TO SATELLITE3 STAR29 GROUNDSTATION6
        5: TURN_TO SATELLITE5 GROUNDSTATION18 STAR26
        6: TURN_TO SATELLITE6 GROUNDSTATION76 STAR31
        7: TURN_TO SATELLITE8 GROUNDSTATION3 STAR26
        8: TURN_TO SATELLITE9 GROUNDSTATION6 STAR31
        9: TAKE_IMAGE SATELLITE0 PLANET124 INSTRUMENT0 INFRARED1
       10: TURN_TO SATELLITE0 PHENOMENON125 PLANET124
       11: TAKE_IMAGE SATELLITE0 PHENOMENON125 INSTRUMENT0 IMAGE2
     

time spent:    0.00 seconds instantiating 176156 easy, 0 hard action templates
               0.02 seconds reachability analysis, yielding 2022 facts and 176156 actions
               0.03 seconds creating final representation with 2022 relevant facts, 0 relevant fluents
               0.23 seconds computing LNF
               0.07 seconds building connectivity graph
               0.31 seconds searching, evaluating 21 states, to a max depth of 1
               0.66 seconds total time

