
ff: parsing domain file
domain 'SATELLITE' defined
 ... done.
ff: parsing problem file
problem 'STRIPS-SAT-X-1' defined
 ... done.


no metric specified. plan length assumed.

checking for cyclic := effects --- OK.

ff: search configuration is EHC, if that fails then  best-first on 1*g(s) + 5*h(s) where
    metric is  plan length

Cueing down from goal distance:   14 into depth [1]
                                  13            [1]
                                  10            [1]
                                   9            [1]
                                   8            [1]
                                   7            [1]
                                   6            [1]
                                   5            [1][2]
                                   4            [1]
                                   3            [1]
                                   2            [1]
                                   1            [1]
                                   0            

ff: found legal plan as follows

step    0: TURN_TO SATELLITE0 GROUNDSTATION13 GROUNDSTATION28
        1: SWITCH_ON INSTRUMENT19 SATELLITE4
        2: TURN_TO SATELLITE1 STAR16 STAR1
        3: TURN_TO SATELLITE3 PHENOMENON34 STAR1
        4: TURN_TO SATELLITE7 GROUNDSTATION20 STAR16
        5: TURN_TO SATELLITE8 STAR12 STAR9
        6: TURN_TO SATELLITE9 STAR14 STAR24
        7: TURN_TO SATELLITE4 GROUNDSTATION30 PHENOMENON34
        8: CALIBRATE SATELLITE4 INSTRUMENT19 GROUNDSTATION30
        9: TURN_TO SATELLITE4 PHENOMENON34 GROUNDSTATION30
       10: TAKE_IMAGE SATELLITE4 PHENOMENON34 INSTRUMENT19 INFRARED4
       11: TURN_TO SATELLITE4 PHENOMENON35 PHENOMENON34
       12: TAKE_IMAGE SATELLITE4 PHENOMENON35 INSTRUMENT19 THERMOGRAPH1
     

time spent:    0.00 seconds instantiating 16833 easy, 0 hard action templates
               0.00 seconds reachability analysis, yielding 648 facts and 16833 actions
               0.00 seconds creating final representation with 648 relevant facts, 0 relevant fluents
               0.02 seconds computing LNF
               0.00 seconds building connectivity graph
               0.01 seconds searching, evaluating 28 states, to a max depth of 2
               0.03 seconds total time

