
ff: parsing domain file
domain 'SATELLITE' defined
 ... done.
ff: parsing problem file
problem 'STRIPS-SAT-X-1' defined
 ... done.


no metric specified. plan length assumed.

checking for cyclic := effects --- OK.

ff: search configuration is EHC, if that fails then  best-first on 1*g(s) + 5*h(s) where
    metric is  plan length

Cueing down from goal distance:   12 into depth [1]
                                  11            [1]
                                  10            [1]
                                   9            [1]
                                   8            [1]
                                   7            [1]
                                   6            [1]
                                   5            [1]
                                   4            [1]
                                   3            [1]
                                   2            [1]
                                   1            [1]
                                   0            

ff: found legal plan as follows

step    0: TURN_TO SATELLITE0 STAR31 GROUNDSTATION26
        1: SWITCH_ON INSTRUMENT2 SATELLITE0
        2: TURN_TO SATELLITE1 STAR7 STAR12
        3: CALIBRATE SATELLITE0 INSTRUMENT2 STAR31
        4: TURN_TO SATELLITE0 PHENOMENON34 STAR31
        5: SWITCH_ON INSTRUMENT11 SATELLITE1
        6: CALIBRATE SATELLITE1 INSTRUMENT11 STAR7
        7: TURN_TO SATELLITE1 PLANET35 STAR7
        8: TURN_TO SATELLITE6 GROUNDSTATION6 STAR22
        9: TURN_TO SATELLITE8 STAR31 STAR19
       10: TAKE_IMAGE SATELLITE0 PHENOMENON34 INSTRUMENT2 SPECTROGRAPH2
       11: TAKE_IMAGE SATELLITE1 PLANET35 INSTRUMENT11 INFRARED4
     

time spent:    0.00 seconds instantiating 17817 easy, 0 hard action templates
               0.00 seconds reachability analysis, yielding 674 facts and 17817 actions
               0.00 seconds creating final representation with 674 relevant facts, 0 relevant fluents
               0.02 seconds computing LNF
               0.00 seconds building connectivity graph
               0.02 seconds searching, evaluating 14 states, to a max depth of 1
               0.04 seconds total time

