
ff: parsing domain file
domain 'SATELLITE' defined
 ... done.
ff: parsing problem file
problem 'STRIPS-SAT-X-1' defined
 ... done.


no metric specified. plan length assumed.

checking for cyclic := effects --- OK.

ff: search configuration is EHC, if that fails then  best-first on 1*g(s) + 5*h(s) where
    metric is  plan length

Cueing down from goal distance:   14 into depth [1]
                                  13            [1]
                                  12            [1]
                                  11            [1]
                                  10            [1]
                                   9            [1]
                                   8            [1]
                                   7            [1]
                                   6            [1]
                                   5            [1]
                                   4            [1]
                                   3            [1]
                                   2            [1]
                                   1            [1]
                                   0            

ff: found legal plan as follows

step    0: SWITCH_ON INSTRUMENT0 SATELLITE0
        1: TURN_TO SATELLITE0 GROUNDSTATION10 STAR36
        2: CALIBRATE SATELLITE0 INSTRUMENT0 GROUNDSTATION10
        3: TURN_TO SATELLITE0 STAR43 GROUNDSTATION10
        4: SWITCH_ON INSTRUMENT10 SATELLITE1
        5: CALIBRATE SATELLITE1 INSTRUMENT10 STAR19
        6: TURN_TO SATELLITE1 PHENOMENON44 STAR19
        7: TURN_TO SATELLITE2 STAR40 GROUNDSTATION18
        8: TURN_TO SATELLITE5 STAR40 STAR30
        9: TURN_TO SATELLITE7 GROUNDSTATION23 STAR40
       10: TURN_TO SATELLITE8 STAR36 STAR27
       11: TAKE_IMAGE SATELLITE0 STAR43 INSTRUMENT0 IMAGE0
       12: TURN_TO SATELLITE0 STAR27 STAR43
       13: TAKE_IMAGE SATELLITE1 PHENOMENON44 INSTRUMENT10 IMAGE3
     

time spent:    0.00 seconds instantiating 26645 easy, 0 hard action templates
               0.00 seconds reachability analysis, yielding 817 facts and 26645 actions
               0.00 seconds creating final representation with 817 relevant facts, 0 relevant fluents
               0.03 seconds computing LNF
               0.02 seconds building connectivity graph
               0.01 seconds searching, evaluating 21 states, to a max depth of 1
               0.06 seconds total time

