
ff: parsing domain file
domain 'SATELLITE' defined
 ... done.
ff: parsing problem file
problem 'STRIPS-SAT-X-1' defined
 ... done.


no metric specified. plan length assumed.

checking for cyclic := effects --- OK.

ff: search configuration is EHC, if that fails then  best-first on 1*g(s) + 5*h(s) where
    metric is  plan length

Cueing down from goal distance:   13 into depth [1]
                                  12            [1]
                                  11            [1]
                                   8            [1]
                                   7            [1]
                                   6            [1]
                                   5            [1]
                                   4            [1]
                                   3            [1]
                                   2            [1]
                                   1            [1]
                                   0            

ff: found legal plan as follows

step    0: TURN_TO SATELLITE0 GROUNDSTATION6 STAR28
        1: TURN_TO SATELLITE0 GROUNDSTATION18 GROUNDSTATION6
        2: SWITCH_ON INSTRUMENT1 SATELLITE0
        3: CALIBRATE SATELLITE0 INSTRUMENT1 GROUNDSTATION18
        4: TURN_TO SATELLITE0 PHENOMENON43 GROUNDSTATION18
        5: TURN_TO SATELLITE4 GROUNDSTATION17 GROUNDSTATION6
        6: TURN_TO SATELLITE5 STAR12 GROUNDSTATION4
        7: TURN_TO SATELLITE7 STAR38 GROUNDSTATION7
        8: TAKE_IMAGE SATELLITE0 PHENOMENON43 INSTRUMENT1 THERMOGRAPH1
        9: TURN_TO SATELLITE0 PLANET44 PHENOMENON43
       10: TAKE_IMAGE SATELLITE0 PLANET44 INSTRUMENT1 THERMOGRAPH2
     

time spent:    0.00 seconds instantiating 24629 easy, 0 hard action templates
               0.00 seconds reachability analysis, yielding 773 facts and 24629 actions
               0.00 seconds creating final representation with 773 relevant facts, 0 relevant fluents
               0.02 seconds computing LNF
               0.02 seconds building connectivity graph
               0.01 seconds searching, evaluating 17 states, to a max depth of 1
               0.05 seconds total time

