
ff: parsing domain file
domain 'SATELLITE' defined
 ... done.
ff: parsing problem file
problem 'STRIPS-SAT-X-1' defined
 ... done.


no metric specified. plan length assumed.

checking for cyclic := effects --- OK.

ff: search configuration is EHC, if that fails then  best-first on 1*g(s) + 5*h(s) where
    metric is  plan length

Cueing down from goal distance:   12 into depth [1]
                                  11            [1]
                                  10            [1]
                                   9            [1]
                                   8            [1]
                                   7            [1]
                                   6            [1]
                                   5            [1]
                                   4            [1]
                                   3            [1][2]
                                   2            [1]
                                   1            [1]
                                   0            

ff: found legal plan as follows

step    0: TURN_TO SATELLITE0 STAR18 STAR11
        1: SWITCH_ON INSTRUMENT2 SATELLITE0
        2: CALIBRATE SATELLITE0 INSTRUMENT2 STAR18
        3: TURN_TO SATELLITE0 STAR43 STAR18
        4: SWITCH_ON INSTRUMENT34 SATELLITE5
        5: TURN_TO SATELLITE7 STAR23 GROUNDSTATION38
        6: TURN_TO SATELLITE8 GROUNDSTATION6 GROUNDSTATION34
        7: TAKE_IMAGE SATELLITE0 STAR43 INSTRUMENT2 INFRARED3
        8: TURN_TO SATELLITE0 STAR39 STAR43
        9: TURN_TO SATELLITE5 STAR3 STAR44
       10: CALIBRATE SATELLITE5 INSTRUMENT34 STAR3
       11: TURN_TO SATELLITE5 STAR44 STAR3
       12: TAKE_IMAGE SATELLITE5 STAR44 INSTRUMENT34 INFRARED2
     

time spent:    0.00 seconds instantiating 25557 easy, 0 hard action templates
               0.00 seconds reachability analysis, yielding 795 facts and 25557 actions
               0.00 seconds creating final representation with 795 relevant facts, 0 relevant fluents
               0.03 seconds computing LNF
               0.01 seconds building connectivity graph
               0.02 seconds searching, evaluating 25 states, to a max depth of 2
               0.06 seconds total time

