
ff: parsing domain file
domain 'SATELLITE' defined
 ... done.
ff: parsing problem file
problem 'STRIPS-SAT-X-1' defined
 ... done.


no metric specified. plan length assumed.

checking for cyclic := effects --- OK.

ff: search configuration is EHC, if that fails then  best-first on 1*g(s) + 5*h(s) where
    metric is  plan length

Cueing down from goal distance:   11 into depth [1]
                                  10            [1]
                                   7            [1]
                                   6            [1]
                                   5            [1]
                                   4            [1]
                                   3            [1]
                                   2            [1]
                                   1            [1]
                                   0            

ff: found legal plan as follows

step    0: TURN_TO SATELLITE0 STAR19 GROUNDSTATION1
        1: SWITCH_ON INSTRUMENT3 SATELLITE0
        2: CALIBRATE SATELLITE0 INSTRUMENT3 STAR19
        3: TURN_TO SATELLITE0 PHENOMENON44 STAR19
        4: TURN_TO SATELLITE6 STAR28 STAR38
        5: TURN_TO SATELLITE9 STAR32 GROUNDSTATION18
        6: TAKE_IMAGE SATELLITE0 PHENOMENON44 INSTRUMENT3 SPECTROGRAPH0
        7: TURN_TO SATELLITE0 PHENOMENON43 PHENOMENON44
        8: TAKE_IMAGE SATELLITE0 PHENOMENON43 INSTRUMENT3 INFRARED1
     

time spent:    0.00 seconds instantiating 25209 easy, 0 hard action templates
               0.00 seconds reachability analysis, yielding 777 facts and 25209 actions
               0.00 seconds creating final representation with 777 relevant facts, 0 relevant fluents
               0.03 seconds computing LNF
               0.01 seconds building connectivity graph
               0.01 seconds searching, evaluating 13 states, to a max depth of 1
               0.05 seconds total time

