
ff: parsing domain file
domain 'SATELLITE' defined
 ... done.
ff: parsing problem file
problem 'STRIPS-SAT-X-1' defined
 ... done.


no metric specified. plan length assumed.

checking for cyclic := effects --- OK.

ff: search configuration is EHC, if that fails then  best-first on 1*g(s) + 5*h(s) where
    metric is  plan length

Cueing down from goal distance:   11 into depth [1]
                                  10            [1]
                                   9            [1]
                                   8            [1]
                                   7            [1]
                                   6            [1]
                                   5            [1]
                                   4            [1]
                                   3            [1]
                                   2            [1]
                                   1            [1]
                                   0            

ff: found legal plan as follows

step    0: TURN_TO SATELLITE0 STAR22 STAR4
        1: SWITCH_ON INSTRUMENT0 SATELLITE0
        2: CALIBRATE SATELLITE0 INSTRUMENT0 STAR22
        3: TURN_TO SATELLITE0 STAR43 STAR22
        4: TURN_TO SATELLITE2 GROUNDSTATION36 STAR41
        5: TURN_TO SATELLITE3 GROUNDSTATION8 GROUNDSTATION10
        6: TURN_TO SATELLITE5 GROUNDSTATION39 STAR6
        7: TAKE_IMAGE SATELLITE0 STAR43 INSTRUMENT0 THERMOGRAPH2
        8: TURN_TO SATELLITE0 PLANET44 STAR43
        9: TAKE_IMAGE SATELLITE0 PLANET44 INSTRUMENT0 THERMOGRAPH2
       10: TURN_TO SATELLITE0 STAR41 PLANET44
     

time spent:    0.00 seconds instantiating 26441 easy, 0 hard action templates
               0.00 seconds reachability analysis, yielding 805 facts and 26441 actions
               0.00 seconds creating final representation with 805 relevant facts, 0 relevant fluents
               0.04 seconds computing LNF
               0.01 seconds building connectivity graph
               0.01 seconds searching, evaluating 23 states, to a max depth of 1
               0.06 seconds total time

