
ff: parsing domain file
domain 'SATELLITE' defined
 ... done.
ff: parsing problem file
problem 'STRIPS-SAT-X-1' defined
 ... done.


no metric specified. plan length assumed.

checking for cyclic := effects --- OK.

ff: search configuration is EHC, if that fails then  best-first on 1*g(s) + 5*h(s) where
    metric is  plan length

Cueing down from goal distance:   14 into depth [1]
                                  13            [1]
                                  12            [1]
                                  11            [1]
                                  10            [1]
                                   9            [1]
                                   8            [1]
                                   7            [1]
                                   6            [1]
                                   5            [1]
                                   4            [1]
                                   3            [1]
                                   2            [1]
                                   1            [1]
                                   0            

ff: found legal plan as follows

step    0: TURN_TO SATELLITE0 GROUNDSTATION68 STAR53
        1: TURN_TO SATELLITE2 STAR53 GROUNDSTATION34
        2: SWITCH_ON INSTRUMENT0 SATELLITE0
        3: CALIBRATE SATELLITE0 INSTRUMENT0 GROUNDSTATION68
        4: TURN_TO SATELLITE0 PLANET96 GROUNDSTATION68
        5: SWITCH_ON INSTRUMENT11 SATELLITE2
        6: CALIBRATE SATELLITE2 INSTRUMENT11 STAR53
        7: TURN_TO SATELLITE2 PLANET97 STAR53
        8: TURN_TO SATELLITE4 GROUNDSTATION23 GROUNDSTATION89
        9: TURN_TO SATELLITE7 STAR5 GROUNDSTATION9
       10: TURN_TO SATELLITE8 GROUNDSTATION11 STAR73
       11: TURN_TO SATELLITE9 STAR4 GROUNDSTATION92
       12: TAKE_IMAGE SATELLITE0 PLANET96 INSTRUMENT0 INFRARED1
       13: TAKE_IMAGE SATELLITE2 PLANET97 INSTRUMENT11 SPECTROGRAPH0
     

time spent:    0.00 seconds instantiating 103739 easy, 0 hard action templates
               0.00 seconds reachability analysis, yielding 1556 facts and 103739 actions
               0.03 seconds creating final representation with 1556 relevant facts, 0 relevant fluents
               0.13 seconds computing LNF
               0.05 seconds building connectivity graph
               0.05 seconds searching, evaluating 15 states, to a max depth of 1
               0.26 seconds total time

