
ff: parsing domain file
domain 'SATELLITE' defined
 ... done.
ff: parsing problem file
problem 'STRIPS-SAT-X-1' defined
 ... done.


no metric specified. plan length assumed.

checking for cyclic := effects --- OK.

ff: search configuration is EHC, if that fails then  best-first on 1*g(s) + 5*h(s) where
    metric is  plan length

Cueing down from goal distance:   11 into depth [1]
                                  10            [1]
                                   9            [1]
                                   8            [1]
                                   7            [1]
                                   6            [1]
                                   5            [1]
                                   4            [1]
                                   3            [1]
                                   2            [1]
                                   1            [1]
                                   0            

ff: found legal plan as follows

step    0: SWITCH_ON INSTRUMENT0 SATELLITE0
        1: CALIBRATE SATELLITE0 INSTRUMENT0 GROUNDSTATION31
        2: TURN_TO SATELLITE0 STAR96 GROUNDSTATION31
        3: TURN_TO SATELLITE2 GROUNDSTATION80 STAR0
        4: TURN_TO SATELLITE3 STAR16 STAR50
        5: TURN_TO SATELLITE6 GROUNDSTATION75 STAR16
        6: TURN_TO SATELLITE7 GROUNDSTATION89 STAR54
        7: TURN_TO SATELLITE9 STAR77 STAR46
        8: TAKE_IMAGE SATELLITE0 STAR96 INSTRUMENT0 THERMOGRAPH0
        9: TURN_TO SATELLITE0 PLANET97 STAR96
       10: TAKE_IMAGE SATELLITE0 PLANET97 INSTRUMENT0 IMAGE3
     

time spent:    0.00 seconds instantiating 108360 easy, 0 hard action templates
               0.01 seconds reachability analysis, yielding 1592 facts and 108360 actions
               0.02 seconds creating final representation with 1592 relevant facts, 0 relevant fluents
               0.13 seconds computing LNF
               0.05 seconds building connectivity graph
               0.09 seconds searching, evaluating 20 states, to a max depth of 1
               0.30 seconds total time

