
ff: parsing domain file
domain 'SATELLITE' defined
 ... done.
ff: parsing problem file
problem 'STRIPS-SAT-X-1' defined
 ... done.


no metric specified. plan length assumed.

checking for cyclic := effects --- OK.

ff: search configuration is EHC, if that fails then  best-first on 1*g(s) + 5*h(s) where
    metric is  plan length

Cueing down from goal distance:   13 into depth [1]
                                  12            [1]
                                  11            [1]
                                  10            [1]
                                   9            [1]
                                   8            [1]
                                   7            [1]
                                   6            [1]
                                   5            [1]
                                   4            [1]
                                   3            [1]
                                   2            [1]
                                   1            [1]
                                   0            

ff: found legal plan as follows

step    0: TURN_TO SATELLITE0 GROUNDSTATION57 STAR80
        1: SWITCH_ON INSTRUMENT1 SATELLITE0
        2: TURN_TO SATELLITE1 STAR76 STAR82
        3: CALIBRATE SATELLITE0 INSTRUMENT1 GROUNDSTATION57
        4: TURN_TO SATELLITE0 STAR96 GROUNDSTATION57
        5: SWITCH_ON INSTRUMENT10 SATELLITE1
        6: CALIBRATE SATELLITE1 INSTRUMENT10 STAR76
        7: TURN_TO SATELLITE1 PLANET97 STAR76
        8: TURN_TO SATELLITE6 STAR22 STAR85
        9: TURN_TO SATELLITE7 GROUNDSTATION54 GROUNDSTATION48
       10: TAKE_IMAGE SATELLITE0 STAR96 INSTRUMENT1 SPECTROGRAPH1
       11: TURN_TO SATELLITE0 GROUNDSTATION86 STAR96
       12: TAKE_IMAGE SATELLITE1 PLANET97 INSTRUMENT10 SPECTROGRAPH3
     

time spent:    0.00 seconds instantiating 108779 easy, 0 hard action templates
               0.01 seconds reachability analysis, yielding 1600 facts and 108779 actions
               0.02 seconds creating final representation with 1600 relevant facts, 0 relevant fluents
               0.13 seconds computing LNF
               0.04 seconds building connectivity graph
               0.07 seconds searching, evaluating 18 states, to a max depth of 1
               0.27 seconds total time

