
ff: parsing domain file
domain 'SATELLITE' defined
 ... done.
ff: parsing problem file
problem 'STRIPS-SAT-X-1' defined
 ... done.


no metric specified. plan length assumed.

checking for cyclic := effects --- OK.

ff: search configuration is EHC, if that fails then  best-first on 1*g(s) + 5*h(s) where
    metric is  plan length

Cueing down from goal distance:   15 into depth [1]
                                  14            [1]
                                  10            [1]
                                   9            [1]
                                   8            [1]
                                   7            [1]
                                   6            [1]
                                   5            [1]
                                   4            [1]
                                   3            [1]
                                   2            [1]
                                   1            [1]
                                   0            

ff: found legal plan as follows

step    0: TURN_TO SATELLITE0 GROUNDSTATION12 STAR88
        1: SWITCH_ON INSTRUMENT4 SATELLITE0
        2: CALIBRATE SATELLITE0 INSTRUMENT4 GROUNDSTATION12
        3: TURN_TO SATELLITE0 PHENOMENON96 GROUNDSTATION12
        4: TURN_TO SATELLITE1 STAR11 STAR6
        5: TURN_TO SATELLITE2 GROUNDSTATION43 STAR82
        6: TURN_TO SATELLITE3 GROUNDSTATION49 STAR95
        7: TURN_TO SATELLITE8 STAR66 STAR87
        8: TAKE_IMAGE SATELLITE0 PHENOMENON96 INSTRUMENT4 THERMOGRAPH4
        9: TURN_TO SATELLITE0 PLANET97 PHENOMENON96
       10: TAKE_IMAGE SATELLITE0 PLANET97 INSTRUMENT4 INFRARED0
       11: TURN_TO SATELLITE0 GROUNDSTATION85 PLANET97
     

time spent:    0.00 seconds instantiating 109518 easy, 0 hard action templates
               0.01 seconds reachability analysis, yielding 1614 facts and 109518 actions
               0.02 seconds creating final representation with 1614 relevant facts, 0 relevant fluents
               0.15 seconds computing LNF
               0.05 seconds building connectivity graph
               0.12 seconds searching, evaluating 26 states, to a max depth of 1
               0.35 seconds total time

