
ff: parsing domain file
domain 'SATELLITE' defined
 ... done.
ff: parsing problem file
problem 'STRIPS-SAT-X-1' defined
 ... done.


no metric specified. plan length assumed.

checking for cyclic := effects --- OK.

ff: search configuration is EHC, if that fails then  best-first on 1*g(s) + 5*h(s) where
    metric is  plan length

Cueing down from goal distance:   11 into depth [1]
                                  10            [1]
                                   9            [1]
                                   8            [1]
                                   7            [1]
                                   6            [1]
                                   5            [1]
                                   4            [1]
                                   3            [1]
                                   2            [1]
                                   1            [1]
                                   0            

ff: found legal plan as follows

step    0: TURN_TO SATELLITE0 GROUNDSTATION35 GROUNDSTATION58
        1: SWITCH_ON INSTRUMENT0 SATELLITE0
        2: CALIBRATE SATELLITE0 INSTRUMENT0 GROUNDSTATION35
        3: TURN_TO SATELLITE0 PHENOMENON96 GROUNDSTATION35
        4: TURN_TO SATELLITE3 GROUNDSTATION54 GROUNDSTATION65
        5: TURN_TO SATELLITE5 STAR69 STAR42
        6: TURN_TO SATELLITE6 GROUNDSTATION23 STAR45
        7: TURN_TO SATELLITE7 STAR29 STAR85
        8: TAKE_IMAGE SATELLITE0 PHENOMENON96 INSTRUMENT0 INFRARED1
        9: TURN_TO SATELLITE0 PLANET97 PHENOMENON96
       10: TAKE_IMAGE SATELLITE0 PLANET97 INSTRUMENT0 IMAGE2
     

time spent:    0.00 seconds instantiating 107917 easy, 0 hard action templates
               0.01 seconds reachability analysis, yielding 1590 facts and 107917 actions
               0.02 seconds creating final representation with 1590 relevant facts, 0 relevant fluents
               0.13 seconds computing LNF
               0.06 seconds building connectivity graph
               0.11 seconds searching, evaluating 19 states, to a max depth of 1
               0.33 seconds total time

