
ff: parsing domain file
domain 'SATELLITE' defined
 ... done.
ff: parsing problem file
problem 'STRIPS-SAT-X-1' defined
 ... done.


no metric specified. plan length assumed.

checking for cyclic := effects --- OK.

ff: search configuration is EHC, if that fails then  best-first on 1*g(s) + 5*h(s) where
    metric is  plan length

Cueing down from goal distance:   12 into depth [1]
                                  11            [1]
                                  10            [1]
                                   9            [1]
                                   8            [1]
                                   7            [1]
                                   6            [1]
                                   5            [1]
                                   4            [1]
                                   3            [1]
                                   2            [1]
                                   1            [1]
                                   0            

ff: found legal plan as follows

step    0: TURN_TO SATELLITE1 STAR47 GROUNDSTATION21
        1: SWITCH_ON INSTRUMENT2 SATELLITE1
        2: CALIBRATE SATELLITE1 INSTRUMENT2 STAR47
        3: TURN_TO SATELLITE1 PLANET162 STAR47
        4: TURN_TO SATELLITE0 GROUNDSTATION120 STAR138
        5: TURN_TO SATELLITE3 GROUNDSTATION93 STAR146
        6: TURN_TO SATELLITE7 GROUNDSTATION8 STAR160
        7: TURN_TO SATELLITE9 STAR57 GROUNDSTATION150
        8: TAKE_IMAGE SATELLITE1 PLANET162 INSTRUMENT2 SPECTROGRAPH2
        9: TURN_TO SATELLITE1 PLANET163 PLANET162
       10: TAKE_IMAGE SATELLITE1 PLANET163 INSTRUMENT2 SPECTROGRAPH2
       11: TURN_TO SATELLITE1 GROUNDSTATION79 PLANET163
     

time spent:    0.01 seconds instantiating 288377 easy, 0 hard action templates
               0.02 seconds reachability analysis, yielding 2582 facts and 288377 actions
               0.06 seconds creating final representation with 2582 relevant facts, 0 relevant fluents
               0.39 seconds computing LNF
               0.14 seconds building connectivity graph
               0.54 seconds searching, evaluating 25 states, to a max depth of 1
               1.16 seconds total time

