
ff: parsing domain file
domain 'SATELLITE' defined
 ... done.
ff: parsing problem file
problem 'STRIPS-SAT-X-1' defined
 ... done.


no metric specified. plan length assumed.

checking for cyclic := effects --- OK.

ff: search configuration is EHC, if that fails then  best-first on 1*g(s) + 5*h(s) where
    metric is  plan length

Cueing down from goal distance:   14 into depth [1]
                                  13            [1]
                                   9            [1]
                                   8            [1]
                                   7            [1]
                                   6            [1]
                                   5            [1]
                                   4            [1]
                                   3            [1]
                                   2            [1]
                                   1            [1]
                                   0            

ff: found legal plan as follows

step    0: TURN_TO SATELLITE0 GROUNDSTATION146 GROUNDSTATION31
        1: SWITCH_ON INSTRUMENT2 SATELLITE0
        2: CALIBRATE SATELLITE0 INSTRUMENT2 GROUNDSTATION146
        3: TURN_TO SATELLITE0 PHENOMENON162 GROUNDSTATION146
        4: TURN_TO SATELLITE2 STAR86 GROUNDSTATION97
        5: TURN_TO SATELLITE3 GROUNDSTATION113 GROUNDSTATION101
        6: TURN_TO SATELLITE6 STAR1 GROUNDSTATION47
        7: TURN_TO SATELLITE9 GROUNDSTATION113 STAR53
        8: TAKE_IMAGE SATELLITE0 PHENOMENON162 INSTRUMENT2 IMAGE3
        9: TURN_TO SATELLITE0 PLANET163 PHENOMENON162
       10: TAKE_IMAGE SATELLITE0 PLANET163 INSTRUMENT2 INFRARED1
     

time spent:    0.01 seconds instantiating 293227 easy, 0 hard action templates
               0.03 seconds reachability analysis, yielding 2600 facts and 293227 actions
               0.04 seconds creating final representation with 2600 relevant facts, 0 relevant fluents
               0.39 seconds computing LNF
               0.12 seconds building connectivity graph
               0.36 seconds searching, evaluating 19 states, to a max depth of 1
               0.95 seconds total time

