
ff: parsing domain file
domain 'SATELLITE' defined
 ... done.
ff: parsing problem file
problem 'STRIPS-SAT-X-1' defined
 ... done.


no metric specified. plan length assumed.

checking for cyclic := effects --- OK.

ff: search configuration is EHC, if that fails then  best-first on 1*g(s) + 5*h(s) where
    metric is  plan length

Cueing down from goal distance:   10 into depth [1]
                                   9            [1]
                                   8            [1]
                                   7            [1]
                                   6            [1]
                                   5            [1]
                                   4            [1]
                                   3            [1]
                                   2            [1]
                                   1            [1]
                                   0            

ff: found legal plan as follows

step    0: SWITCH_ON INSTRUMENT7 SATELLITE1
        1: CALIBRATE SATELLITE1 INSTRUMENT7 GROUNDSTATION86
        2: TURN_TO SATELLITE1 STAR162 GROUNDSTATION86
        3: TURN_TO SATELLITE3 STAR64 STAR149
        4: TURN_TO SATELLITE4 GROUNDSTATION93 GROUNDSTATION1
        5: TURN_TO SATELLITE6 STAR101 STAR35
        6: TAKE_IMAGE SATELLITE1 STAR162 INSTRUMENT7 SPECTROGRAPH1
        7: TURN_TO SATELLITE1 STAR163 STAR162
        8: TAKE_IMAGE SATELLITE1 STAR163 INSTRUMENT7 SPECTROGRAPH1
        9: TURN_TO SATELLITE1 STAR150 STAR163
     

time spent:    0.01 seconds instantiating 285972 easy, 0 hard action templates
               0.03 seconds reachability analysis, yielding 2572 facts and 285972 actions
               0.04 seconds creating final representation with 2572 relevant facts, 0 relevant fluents
               0.36 seconds computing LNF
               0.14 seconds building connectivity graph
               0.38 seconds searching, evaluating 22 states, to a max depth of 1
               0.96 seconds total time

