
ff: parsing domain file
domain 'SATELLITE' defined
 ... done.
ff: parsing problem file
problem 'STRIPS-SAT-X-1' defined
 ... done.


no metric specified. plan length assumed.

checking for cyclic := effects --- OK.

ff: search configuration is EHC, if that fails then  best-first on 1*g(s) + 5*h(s) where
    metric is  plan length

Cueing down from goal distance:   14 into depth [1]
                                  13            [1]
                                  12            [1]
                                  11            [1]
                                  10            [1]
                                   9            [1]
                                   8            [1]
                                   7            [1]
                                   6            [1]
                                   5            [1]
                                   4            [1]
                                   3            [1]
                                   2            [1]
                                   1            [1]
                                   0            

ff: found legal plan as follows

step    0: SWITCH_ON INSTRUMENT3 SATELLITE1
        1: TURN_TO SATELLITE2 GROUNDSTATION100 STAR118
        2: CALIBRATE SATELLITE1 INSTRUMENT3 STAR19
        3: TURN_TO SATELLITE1 PHENOMENON162 STAR19
        4: SWITCH_ON INSTRUMENT5 SATELLITE2
        5: CALIBRATE SATELLITE2 INSTRUMENT5 GROUNDSTATION100
        6: TURN_TO SATELLITE2 PHENOMENON163 GROUNDSTATION100
        7: TURN_TO SATELLITE0 GROUNDSTATION131 GROUNDSTATION28
        8: TURN_TO SATELLITE3 STAR99 GROUNDSTATION63
        9: TURN_TO SATELLITE5 STAR107 STAR40
       10: TURN_TO SATELLITE7 STAR41 GROUNDSTATION20
       11: TAKE_IMAGE SATELLITE1 PHENOMENON162 INSTRUMENT3 INFRARED4
       12: TURN_TO SATELLITE1 GROUNDSTATION158 PHENOMENON162
       13: TAKE_IMAGE SATELLITE2 PHENOMENON163 INSTRUMENT5 INFRARED0
     

time spent:    0.01 seconds instantiating 286728 easy, 0 hard action templates
               0.02 seconds reachability analysis, yielding 2564 facts and 286728 actions
               0.06 seconds creating final representation with 2564 relevant facts, 0 relevant fluents
               0.35 seconds computing LNF
               0.13 seconds building connectivity graph
               0.31 seconds searching, evaluating 20 states, to a max depth of 1
               0.88 seconds total time

