
ff: parsing domain file
domain 'SATELLITE' defined
 ... done.
ff: parsing problem file
problem 'STRIPS-SAT-X-1' defined
 ... done.


no metric specified. plan length assumed.

checking for cyclic := effects --- OK.

ff: search configuration is EHC, if that fails then  best-first on 1*g(s) + 5*h(s) where
    metric is  plan length

Cueing down from goal distance:   14 into depth [1]
                                  13            [1]
                                  12            [1]
                                  11            [1]
                                  10            [1]
                                   9            [1]
                                   8            [1]
                                   7            [1]
                                   6            [1]
                                   5            [1]
                                   4            [1]
                                   3            [1]
                                   2            [1]
                                   1            [1]
                                   0            

ff: found legal plan as follows

step    0: TURN_TO SATELLITE0 STAR88 GROUNDSTATION120
        1: TURN_TO SATELLITE1 STAR83 STAR90
        2: SWITCH_ON INSTRUMENT0 SATELLITE0
        3: CALIBRATE SATELLITE0 INSTRUMENT0 STAR88
        4: TURN_TO SATELLITE0 PLANET162 STAR88
        5: SWITCH_ON INSTRUMENT4 SATELLITE1
        6: CALIBRATE SATELLITE1 INSTRUMENT4 STAR83
        7: TURN_TO SATELLITE1 STAR163 STAR83
        8: TURN_TO SATELLITE3 STAR108 STAR97
        9: TURN_TO SATELLITE4 STAR54 STAR87
       10: TURN_TO SATELLITE7 GROUNDSTATION59 GROUNDSTATION69
       11: TAKE_IMAGE SATELLITE0 PLANET162 INSTRUMENT0 INFRARED0
       12: TAKE_IMAGE SATELLITE1 STAR163 INSTRUMENT4 INFRARED1
       13: TURN_TO SATELLITE1 GROUNDSTATION49 STAR163
     

time spent:    0.01 seconds instantiating 287805 easy, 0 hard action templates
               0.02 seconds reachability analysis, yielding 2570 facts and 287805 actions
               0.04 seconds creating final representation with 2570 relevant facts, 0 relevant fluents
               0.35 seconds computing LNF
               0.11 seconds building connectivity graph
               0.27 seconds searching, evaluating 20 states, to a max depth of 1
               0.80 seconds total time

