
ff: parsing domain file
domain 'BLOCKS' defined
 ... done.
ff: parsing problem file
problem 'PB5' defined
 ... done.


no metric specified. plan length assumed.

checking for cyclic := effects --- OK.

ff: search configuration is EHC, if that fails then  best-first on 1*g(s) + 5*h(s) where
    metric is  plan length

Cueing down from goal distance:   35 into depth [1]
                                  34            [1][2][3][4][5][6]
                                  33            [1][2][3][4]
                                  32            [1][2][3][4]
                                  31            [1][2]
                                  30            [1]
                                  29            [1][2][3][4][5][6][7]
                                  28            [1][2][3][4][5][6][7][8]
                                  27            [1]
                                  26            [1][2][3]
                                  25            [1][2][3][4][5][6][7]
                                  24            [1][2][3][4][5][6][7][8][9][10][11]
                                  23            [1][2][3][4][5][6][7]
                                  22            [1]
                                  21            [1][2][3]
                                  20            [1]
                                  19            [1][2]
                                  18            [1][2][3]
                                  17            [1][2][3][4][5][6][7][8][9][10]
                                  16            [1]
                                  15            [1]
                                  14            [1][2]
                                  12            [1][2][3][4][5][6][7][8][9][10]
                                  11            [1]
                                  10            [1]
                                   9            [1]
                                   8            [1]
                                   7            [1][2][3][4][5][6][7][8][9][10][11][12][13][14][15][16]
                                   6            [1]
                                   5            [1]
                                   4            [1]
                                   3            [1]
                                   2            [1][2]
                                   0            

ff: found legal plan as follows

step    0: UNSTACK BLOCK8 BLOCK2
        1: STACK BLOCK8 BLOCK3
        2: UNSTACK BLOCK10 BLOCK15
        3: STACK BLOCK10 BLOCK2
        4: UNSTACK BLOCK15 BLOCK6
        5: STACK BLOCK15 BLOCK10
        6: UNSTACK BLOCK6 BLOCK9
        7: STACK BLOCK6 BLOCK8
        8: UNSTACK BLOCK9 BLOCK13
        9: STACK BLOCK9 BLOCK15
       10: UNSTACK BLOCK13 BLOCK14
       11: STACK BLOCK13 BLOCK9
       12: UNSTACK BLOCK14 BLOCK5
       13: STACK BLOCK14 BLOCK13
       14: UNSTACK BLOCK5 BLOCK18
       15: STACK BLOCK5 BLOCK6
       16: UNSTACK BLOCK18 BLOCK17
       17: PUT-DOWN BLOCK18
       18: UNSTACK BLOCK14 BLOCK13
       19: STACK BLOCK14 BLOCK18
       20: UNSTACK BLOCK13 BLOCK9
       21: STACK BLOCK13 BLOCK14
       22: UNSTACK BLOCK9 BLOCK15
       23: STACK BLOCK9 BLOCK17
       24: UNSTACK BLOCK13 BLOCK14
       25: STACK BLOCK13 BLOCK9
       26: UNSTACK BLOCK14 BLOCK18
       27: STACK BLOCK14 BLOCK13
       28: UNSTACK BLOCK15 BLOCK10
       29: STACK BLOCK15 BLOCK14
       30: UNSTACK BLOCK10 BLOCK2
       31: STACK BLOCK10 BLOCK5
       32: UNSTACK BLOCK2 BLOCK11
       33: STACK BLOCK2 BLOCK18
       34: UNSTACK BLOCK10 BLOCK5
       35: STACK BLOCK10 BLOCK15
       36: PICK-UP BLOCK11
       37: STACK BLOCK11 BLOCK5
       38: UNSTACK BLOCK10 BLOCK15
       39: STACK BLOCK10 BLOCK2
       40: UNSTACK BLOCK15 BLOCK14
       41: STACK BLOCK15 BLOCK10
       42: UNSTACK BLOCK14 BLOCK13
       43: STACK BLOCK14 BLOCK11
       44: UNSTACK BLOCK13 BLOCK9
       45: STACK BLOCK13 BLOCK15
       46: UNSTACK BLOCK9 BLOCK17
       47: STACK BLOCK9 BLOCK14
       48: UNSTACK BLOCK17 BLOCK7
       49: PUT-DOWN BLOCK17
       50: UNSTACK BLOCK9 BLOCK14
       51: STACK BLOCK9 BLOCK17
       52: UNSTACK BLOCK13 BLOCK15
       53: STACK BLOCK13 BLOCK9
       54: UNSTACK BLOCK15 BLOCK10
       55: STACK BLOCK15 BLOCK14
       56: UNSTACK BLOCK7 BLOCK12
       57: STACK BLOCK7 BLOCK15
       58: UNSTACK BLOCK12 BLOCK1
       59: STACK BLOCK12 BLOCK10
       60: UNSTACK BLOCK1 BLOCK4
       61: PUT-DOWN BLOCK1
       62: UNSTACK BLOCK4 BLOCK16
       63: PUT-DOWN BLOCK4
       64: UNSTACK BLOCK7 BLOCK15
       65: STACK BLOCK7 BLOCK12
       66: PICK-UP BLOCK16
       67: STACK BLOCK16 BLOCK13
       68: UNSTACK BLOCK15 BLOCK14
       69: STACK BLOCK15 BLOCK16
       70: UNSTACK BLOCK7 BLOCK12
       71: STACK BLOCK7 BLOCK4
       72: UNSTACK BLOCK12 BLOCK10
       73: STACK BLOCK12 BLOCK15
       74: UNSTACK BLOCK10 BLOCK2
       75: STACK BLOCK10 BLOCK1
       76: UNSTACK BLOCK12 BLOCK15
       77: STACK BLOCK12 BLOCK10
       78: UNSTACK BLOCK7 BLOCK4
       79: STACK BLOCK7 BLOCK12
       80: UNSTACK BLOCK15 BLOCK16
       81: STACK BLOCK15 BLOCK7
       82: UNSTACK BLOCK16 BLOCK13
       83: STACK BLOCK16 BLOCK15
       84: UNSTACK BLOCK13 BLOCK9
       85: STACK BLOCK13 BLOCK16
       86: UNSTACK BLOCK9 BLOCK17
       87: STACK BLOCK9 BLOCK4
       88: PICK-UP BLOCK17
       89: STACK BLOCK17 BLOCK2
       90: UNSTACK BLOCK9 BLOCK4
       91: STACK BLOCK9 BLOCK17
       92: UNSTACK BLOCK13 BLOCK16
       93: STACK BLOCK13 BLOCK9
       94: UNSTACK BLOCK16 BLOCK15
       95: STACK BLOCK16 BLOCK13
       96: UNSTACK BLOCK14 BLOCK11
       97: STACK BLOCK14 BLOCK4
       98: UNSTACK BLOCK11 BLOCK5
       99: STACK BLOCK11 BLOCK15
      100: UNSTACK BLOCK5 BLOCK6
      101: STACK BLOCK5 BLOCK14
      102: UNSTACK BLOCK6 BLOCK8
      103: STACK BLOCK6 BLOCK11
      104: UNSTACK BLOCK8 BLOCK3
      105: STACK BLOCK8 BLOCK5
      106: PICK-UP BLOCK3
      107: STACK BLOCK3 BLOCK16
      108: UNSTACK BLOCK8 BLOCK5
      109: STACK BLOCK8 BLOCK3
      110: UNSTACK BLOCK6 BLOCK11
      111: STACK BLOCK6 BLOCK8
      112: UNSTACK BLOCK5 BLOCK14
      113: STACK BLOCK5 BLOCK6
      114: UNSTACK BLOCK11 BLOCK15
      115: STACK BLOCK11 BLOCK5
      116: UNSTACK BLOCK14 BLOCK4
      117: STACK BLOCK14 BLOCK11
     

time spent:    0.00 seconds instantiating 684 easy, 0 hard action templates
               0.00 seconds reachability analysis, yielding 379 facts and 684 actions
               0.00 seconds creating final representation with 379 relevant facts, 0 relevant fluents
               0.00 seconds computing LNF
               0.00 seconds building connectivity graph
              13.90 seconds searching, evaluating 409075 states, to a max depth of 16
              13.90 seconds total time

