
ff: parsing domain file
domain 'BLOCKS' defined
 ... done.
ff: parsing problem file
problem 'PB0' defined
 ... done.


no metric specified. plan length assumed.

checking for cyclic := effects --- OK.

ff: search configuration is EHC, if that fails then  best-first on 1*g(s) + 5*h(s) where
    metric is  plan length

Cueing down from goal distance:   35 into depth [1]
                                  34            [1]
                                  33            [1][2][3][4][5][6][7]
                                  32            [1][2][3][4][5][6]
                                  31            [1][2][3][4][5][6][7][8][9][10]
                                  30            [1][2][3][4]
                                  29            [1][2][3][4]
                                  28            [1][2][3][4][5]
                                  27            [1][2]
                                  25            [1][2][3]
                                  24            [1]
                                  23            [1][2][3][4][5]
                                  22            [1][2][3][4][5][6]
                                  21            [1][2][3][4][5][6][7][8][9][10][11][12][13][14]