
ff: parsing domain file
domain 'BLOCKS' defined
 ... done.
ff: parsing problem file
problem 'PB9' defined
 ... done.


no metric specified. plan length assumed.

checking for cyclic := effects --- OK.

ff: search configuration is EHC, if that fails then  best-first on 1*g(s) + 5*h(s) where
    metric is  plan length

Cueing down from goal distance:   34 into depth [1]
                                  33            [1]
                                  32            [1]
                                  31            [1]
                                  30            [1]
                                  29            [1][2]
                                  28            [1]
                                  27            [1]
                                  26            [1]
                                  25            [1][2]
                                  24            [1][2]
                                  22            [1][2]
                                  21            [1][2][3]
                                  20            [1][2][3][4][5][6]
                                  19            [1][2]
                                  18            [1]
                                  17            [1][2]
                                  15            [1][2]
                                  13            [1][2][3][4]
                                  12            [1][2]
                                  10            [1][2][3][4]
                                   9            [1]
                                   8            [1]
                                   7            [1][2]
                                   6            [1][2][3][4]
                                   5            [1][2]
                                   3            [1][2][3][4]
                                   2            [1][2]
                                   0            

ff: found legal plan as follows

step    0: UNSTACK BLOCK6 BLOCK15
        1: PUT-DOWN BLOCK6
        2: UNSTACK BLOCK7 BLOCK2
        3: PUT-DOWN BLOCK7
        4: UNSTACK BLOCK2 BLOCK17
        5: STACK BLOCK2 BLOCK9
        6: UNSTACK BLOCK14 BLOCK8
        7: PUT-DOWN BLOCK14
        8: UNSTACK BLOCK15 BLOCK12
        9: STACK BLOCK15 BLOCK14
       10: UNSTACK BLOCK8 BLOCK5
       11: STACK BLOCK8 BLOCK10
       12: UNSTACK BLOCK5 BLOCK16
       13: PUT-DOWN BLOCK5
       14: PICK-UP BLOCK17
       15: STACK BLOCK17 BLOCK12
       16: UNSTACK BLOCK18 BLOCK1
       17: STACK BLOCK18 BLOCK16
       18: PICK-UP BLOCK1
       19: STACK BLOCK1 BLOCK17
       20: UNSTACK BLOCK2 BLOCK9
       21: STACK BLOCK2 BLOCK18
       22: UNSTACK BLOCK9 BLOCK4
       23: STACK BLOCK9 BLOCK6
       24: UNSTACK BLOCK1 BLOCK17
       25: STACK BLOCK1 BLOCK2
       26: UNSTACK BLOCK4 BLOCK3
       27: STACK BLOCK4 BLOCK15
       28: UNSTACK BLOCK3 BLOCK13
       29: PUT-DOWN BLOCK3
       30: UNSTACK BLOCK13 BLOCK11
       31: STACK BLOCK13 BLOCK7
       32: UNSTACK BLOCK17 BLOCK12
       33: STACK BLOCK17 BLOCK13
       34: PICK-UP BLOCK12
       35: STACK BLOCK12 BLOCK4
       36: UNSTACK BLOCK17 BLOCK13
       37: STACK BLOCK17 BLOCK12
       38: UNSTACK BLOCK1 BLOCK2
       39: STACK BLOCK1 BLOCK13
       40: UNSTACK BLOCK2 BLOCK18
       41: STACK BLOCK2 BLOCK9
       42: UNSTACK BLOCK1 BLOCK13
       43: STACK BLOCK1 BLOCK2
       44: UNSTACK BLOCK18 BLOCK16
       45: STACK BLOCK18 BLOCK11
       46: UNSTACK BLOCK8 BLOCK10
       47: STACK BLOCK8 BLOCK16
       48: PICK-UP BLOCK10
       49: STACK BLOCK10 BLOCK1
       50: UNSTACK BLOCK8 BLOCK16
       51: STACK BLOCK8 BLOCK10
       52: UNSTACK BLOCK18 BLOCK11
       53: STACK BLOCK18 BLOCK13
       54: PICK-UP BLOCK11
       55: STACK BLOCK11 BLOCK16
       56: UNSTACK BLOCK18 BLOCK13
       57: STACK BLOCK18 BLOCK11
     

time spent:    0.00 seconds instantiating 684 easy, 0 hard action templates
               0.00 seconds reachability analysis, yielding 379 facts and 684 actions
               0.00 seconds creating final representation with 379 relevant facts, 0 relevant fluents
               0.00 seconds computing LNF
               0.00 seconds building connectivity graph
               0.15 seconds searching, evaluating 7544 states, to a max depth of 6
               0.15 seconds total time

