
ff: parsing domain file
domain 'BLOCKS' defined
 ... done.
ff: parsing problem file
problem 'PB8' defined
 ... done.


no metric specified. plan length assumed.

checking for cyclic := effects --- OK.

ff: search configuration is EHC, if that fails then  best-first on 1*g(s) + 5*h(s) where
    metric is  plan length

Cueing down from goal distance:   36 into depth [1]
                                  35            [1]
                                  34            [1]
                                  33            [1]
                                  32            [1]
                                  31            [1][2]
                                  30            [1][2]
                                  29            [1]
                                  28            [1][2]
                                  26            [1]
                                  25            [1]
                                  24            [1]
                                  23            [1][2][3][4][5]
                                  22            [1]
                                  21            [1]
                                  20            [1]
                                  19            [1]
                                  18            [1]
                                  17            [1][2]
                                  16            [1]
                                  15            [1][2][3]
                                  14            [1][2][3]
                                  13            [1]
                                  12            [1][2][3][4][5]
                                  11            [1][2][3][4][5][6][7][8][9][10]
                                  10            [1]
                                   9            [1]
                                   8            [1][2]
                                   6            [1][2]
                                   5            [1][2][3][4][5][6][7][8][9][10]
                                   4            [1]
                                   3            [1]
                                   2            [1][2]
                                   0            

ff: found legal plan as follows

step    0: UNSTACK BLOCK3 BLOCK10
        1: PUT-DOWN BLOCK3
        2: UNSTACK BLOCK5 BLOCK12
        3: PUT-DOWN BLOCK5
        4: PICK-UP BLOCK10
        5: STACK BLOCK10 BLOCK12
        6: UNSTACK BLOCK15 BLOCK16
        7: STACK BLOCK15 BLOCK10
        8: UNSTACK BLOCK16 BLOCK1
        9: PUT-DOWN BLOCK16
       10: UNSTACK BLOCK6 BLOCK18
       11: PUT-DOWN BLOCK6
       12: UNSTACK BLOCK18 BLOCK8
       13: STACK BLOCK18 BLOCK16
       14: UNSTACK BLOCK8 BLOCK14
       15: STACK BLOCK8 BLOCK15
       16: UNSTACK BLOCK14 BLOCK2
       17: STACK BLOCK14 BLOCK18
       18: PICK-UP BLOCK1
       19: STACK BLOCK1 BLOCK14
       20: UNSTACK BLOCK2 BLOCK9
       21: STACK BLOCK2 BLOCK1
       22: UNSTACK BLOCK7 BLOCK17
       23: STACK BLOCK7 BLOCK8
       24: UNSTACK BLOCK9 BLOCK13
       25: STACK BLOCK9 BLOCK3
       26: UNSTACK BLOCK13 BLOCK11
       27: STACK BLOCK13 BLOCK17
       28: UNSTACK BLOCK11 BLOCK4
       29: STACK BLOCK11 BLOCK13
       30: PICK-UP BLOCK4
       31: STACK BLOCK4 BLOCK9
       32: UNSTACK BLOCK11 BLOCK13
       33: STACK BLOCK11 BLOCK7
       34: UNSTACK BLOCK13 BLOCK17
       35: STACK BLOCK13 BLOCK4
       36: PICK-UP BLOCK17
       37: STACK BLOCK17 BLOCK13
       38: UNSTACK BLOCK11 BLOCK7
       39: STACK BLOCK11 BLOCK17
       40: UNSTACK BLOCK7 BLOCK8
       41: STACK BLOCK7 BLOCK11
       42: UNSTACK BLOCK8 BLOCK15
       43: STACK BLOCK8 BLOCK2
       44: UNSTACK BLOCK7 BLOCK11
       45: STACK BLOCK7 BLOCK8
       46: UNSTACK BLOCK11 BLOCK17
       47: STACK BLOCK11 BLOCK7
       48: UNSTACK BLOCK17 BLOCK13
       49: STACK BLOCK17 BLOCK11
       50: UNSTACK BLOCK15 BLOCK10
       51: STACK BLOCK15 BLOCK13
       52: UNSTACK BLOCK10 BLOCK12
       53: STACK BLOCK10 BLOCK17
       54: PICK-UP BLOCK12
       55: STACK BLOCK12 BLOCK5
       56: UNSTACK BLOCK10 BLOCK17
       57: STACK BLOCK10 BLOCK12
       58: UNSTACK BLOCK15 BLOCK13
       59: STACK BLOCK15 BLOCK10
       60: UNSTACK BLOCK13 BLOCK4
       61: STACK BLOCK13 BLOCK15
     

time spent:    0.01 seconds instantiating 684 easy, 0 hard action templates
               0.00 seconds reachability analysis, yielding 379 facts and 684 actions
               0.00 seconds creating final representation with 379 relevant facts, 0 relevant fluents
               0.02 seconds computing LNF
               0.10 seconds building connectivity graph
               0.17 seconds searching, evaluating 10165 states, to a max depth of 10
               0.30 seconds total time

