
ff: parsing domain file
domain 'BLOCKS' defined
 ... done.
ff: parsing problem file
problem 'PB2' defined
 ... done.


no metric specified. plan length assumed.

checking for cyclic := effects --- OK.

ff: search configuration is EHC, if that fails then  best-first on 1*g(s) + 5*h(s) where
    metric is  plan length

Cueing down from goal distance:   36 into depth [1]
                                  35            [1][2]
                                  34            [1][2][3]
                                  32            [1][2][3][4]
                                  30            [1]
                                  29            [1]
                                  28            [1]
                                  27            [1][2][3][4]
                                  26            [1][2][3][4][5][6][7][8][9][10]
                                  25            [1][2]
                                  24            [1][2][3][4]
                                  23            [1][2][3][4][5][6][7][8][9][10]
                                  22            [1][2][3][4][5][6]
                                  21            [1][2][3][4][5][6][7][8][9][10]
                                  20            [1][2]
                                  19            [1][2][3][4]
                                  18            [1][2][3][4][5][6]
                                  17            [1][2][3][4][5][6][7][8][9]
                                  16            [1]
                                  15            [1][2][3]
                                  14            [1][2][3][4][5][6][7][8][9][10][11][12][13][14][15][16]