
ff: parsing domain file
domain 'BLOCKS' defined
 ... done.
ff: parsing problem file
problem 'PB6' defined
 ... done.


no metric specified. plan length assumed.

checking for cyclic := effects --- OK.

ff: search configuration is EHC, if that fails then  best-first on 1*g(s) + 5*h(s) where
    metric is  plan length

Cueing down from goal distance:   33 into depth [1][2][3]
                                  32            [1][2][3][4]
                                  31            [1]
                                  30            [1][2][3]
                                  29            [1][2][3]
                                  28            [1]
                                  27            [1]
                                  26            [1][2][3][4]
                                  25            [1]
                                  24            [1]
                                  23            [1]
                                  22            [1][2][3][4]
                                  21            [1][2][3][4][5][6][7][8]
                                  20            [1][2]
                                  19            [1][2]
                                  18            [1][2]
                                  17            [1][2][3][4][5][6]
                                  16            [1][2][3][4][5][6]
                                  15            [1][2][3][4][5][6]
                                  14            [1]
                                  13            [1]
                                  12            [1]
                                  11            [1][2][3][4][5][6][7]
                                  10            [1]
                                   9            [1][2]
                                   7            [1][2][3][4][5][6][7][8][9][10][11][12][13][14][15][16]
                                   6            [1]
                                   5            [1]
                                   4            [1]
                                   3            [1]
                                   2            [1]
                                   1            [1]
                                   0            

ff: found legal plan as follows

step    0: UNSTACK BLOCK16 BLOCK14
        1: STACK BLOCK16 BLOCK15
        2: UNSTACK BLOCK14 BLOCK6
        3: STACK BLOCK14 BLOCK16
        4: UNSTACK BLOCK6 BLOCK1
        5: STACK BLOCK6 BLOCK14
        6: UNSTACK BLOCK1 BLOCK5
        7: PUT-DOWN BLOCK1
        8: UNSTACK BLOCK5 BLOCK8
        9: STACK BLOCK5 BLOCK7
       10: UNSTACK BLOCK6 BLOCK14
       11: STACK BLOCK6 BLOCK5
       12: UNSTACK BLOCK8 BLOCK18
       13: STACK BLOCK8 BLOCK1
       14: UNSTACK BLOCK6 BLOCK5
       15: STACK BLOCK6 BLOCK8
       16: UNSTACK BLOCK14 BLOCK16
       17: STACK BLOCK14 BLOCK18
       18: UNSTACK BLOCK16 BLOCK15
       19: STACK BLOCK16 BLOCK6
       20: UNSTACK BLOCK14 BLOCK18
       21: STACK BLOCK14 BLOCK16
       22: UNSTACK BLOCK18 BLOCK3
       23: STACK BLOCK18 BLOCK15
       24: UNSTACK BLOCK5 BLOCK7
       25: STACK BLOCK5 BLOCK18
       26: PICK-UP BLOCK7
       27: STACK BLOCK7 BLOCK5
       28: UNSTACK BLOCK3 BLOCK11
       29: STACK BLOCK3 BLOCK14
       30: UNSTACK BLOCK7 BLOCK5
       31: STACK BLOCK7 BLOCK3
       32: UNSTACK BLOCK11 BLOCK12
       33: STACK BLOCK11 BLOCK7
       34: UNSTACK BLOCK12 BLOCK4
       35: STACK BLOCK12 BLOCK2
       36: UNSTACK BLOCK4 BLOCK10
       37: STACK BLOCK4 BLOCK12
       38: UNSTACK BLOCK5 BLOCK18
       39: STACK BLOCK5 BLOCK10
       40: UNSTACK BLOCK11 BLOCK7
       41: STACK BLOCK11 BLOCK4
       42: UNSTACK BLOCK18 BLOCK15
       43: STACK BLOCK18 BLOCK7
       44: UNSTACK BLOCK15 BLOCK9
       45: STACK BLOCK15 BLOCK11
       46: UNSTACK BLOCK18 BLOCK7
       47: STACK BLOCK18 BLOCK15
       48: UNSTACK BLOCK7 BLOCK3
       49: STACK BLOCK7 BLOCK18
       50: UNSTACK BLOCK3 BLOCK14
       51: STACK BLOCK3 BLOCK7
       52: PICK-UP BLOCK9
       53: STACK BLOCK9 BLOCK14
       54: UNSTACK BLOCK3 BLOCK7
       55: STACK BLOCK3 BLOCK9
       56: UNSTACK BLOCK7 BLOCK18
       57: STACK BLOCK7 BLOCK3
       58: UNSTACK BLOCK5 BLOCK10
       59: STACK BLOCK5 BLOCK18
       60: UNSTACK BLOCK10 BLOCK13
       61: STACK BLOCK10 BLOCK5
       62: UNSTACK BLOCK13 BLOCK17
       63: STACK BLOCK13 BLOCK7
       64: UNSTACK BLOCK10 BLOCK5
       65: STACK BLOCK10 BLOCK13
       66: UNSTACK BLOCK5 BLOCK18
       67: STACK BLOCK5 BLOCK10
       68: UNSTACK BLOCK18 BLOCK15
       69: STACK BLOCK18 BLOCK5
       70: UNSTACK BLOCK15 BLOCK11
       71: STACK BLOCK15 BLOCK18
       72: UNSTACK BLOCK11 BLOCK4
       73: STACK BLOCK11 BLOCK15
       74: UNSTACK BLOCK4 BLOCK12
       75: STACK BLOCK4 BLOCK11
       76: UNSTACK BLOCK12 BLOCK2
       77: STACK BLOCK12 BLOCK4
       78: PICK-UP BLOCK2
       79: STACK BLOCK2 BLOCK17
       80: UNSTACK BLOCK12 BLOCK4
       81: STACK BLOCK12 BLOCK2
       82: UNSTACK BLOCK4 BLOCK11
       83: STACK BLOCK4 BLOCK12
       84: UNSTACK BLOCK11 BLOCK15
       85: STACK BLOCK11 BLOCK4
       86: UNSTACK BLOCK15 BLOCK18
       87: STACK BLOCK15 BLOCK11
       88: UNSTACK BLOCK18 BLOCK5
       89: STACK BLOCK18 BLOCK15
     

time spent:    0.00 seconds instantiating 684 easy, 0 hard action templates
               0.00 seconds reachability analysis, yielding 379 facts and 684 actions
               0.00 seconds creating final representation with 379 relevant facts, 0 relevant fluents
               0.00 seconds computing LNF
               0.00 seconds building connectivity graph
               0.56 seconds searching, evaluating 48327 states, to a max depth of 16
               0.56 seconds total time

