
ff: parsing domain file
domain 'SATELLITE' defined
 ... done.
ff: parsing problem file
problem 'STRIPS-SAT-X-1' defined
 ... done.


no metric specified. plan length assumed.

checking for cyclic := effects --- OK.

ff: search configuration is EHC, if that fails then  best-first on 1*g(s) + 5*h(s) where
    metric is  plan length

Cueing down from goal distance:   14 into depth [1]
                                  13            [1]
                                  12            [1]
                                  11            [1]
                                  10            [1]
                                   9            [1]
                                   8            [1]
                                   7            [1]
                                   6            [1]
                                   5            [1]
                                   4            [1]
                                   3            [1]
                                   2            [1]
                                   1            [1]
                                   0            

ff: found legal plan as follows

step    0: TURN_TO SATELLITE0 STAR21 GROUNDSTATION174
        1: SWITCH_ON INSTRUMENT1 SATELLITE0
        2: CALIBRATE SATELLITE0 INSTRUMENT1 STAR21
        3: TURN_TO SATELLITE0 STAR176 STAR21
        4: TURN_TO SATELLITE2 STAR64 GROUNDSTATION20
        5: TURN_TO SATELLITE3 STAR76 STAR36
        6: TURN_TO SATELLITE4 GROUNDSTATION154 STAR55
        7: TURN_TO SATELLITE5 STAR95 GROUNDSTATION109
        8: TURN_TO SATELLITE7 STAR97 GROUNDSTATION138
        9: TURN_TO SATELLITE8 STAR59 GROUNDSTATION139
       10: TAKE_IMAGE SATELLITE0 STAR176 INSTRUMENT1 INFRARED3
       11: TURN_TO SATELLITE0 STAR177 STAR176
       12: TAKE_IMAGE SATELLITE0 STAR177 INSTRUMENT1 INFRARED3
       13: TURN_TO SATELLITE0 STAR148 STAR177
     

time spent:    0.00 seconds instantiating 336052 easy, 0 hard action templates
               0.04 seconds reachability analysis, yielding 2776 facts and 336052 actions
               0.06 seconds creating final representation with 2776 relevant facts, 0 relevant fluents
               0.42 seconds computing LNF
               0.14 seconds building connectivity graph
               0.69 seconds searching, evaluating 32 states, to a max depth of 1
               1.35 seconds total time

