
ff: parsing domain file
domain 'SATELLITE' defined
 ... done.
ff: parsing problem file
problem 'STRIPS-SAT-X-1' defined
 ... done.


no metric specified. plan length assumed.

checking for cyclic := effects --- OK.

ff: search configuration is EHC, if that fails then  best-first on 1*g(s) + 5*h(s) where
    metric is  plan length

Cueing down from goal distance:    9 into depth [1]
                                   8            [1]
                                   7            [1]
                                   6            [1]
                                   5            [1]
                                   4            [1]
                                   3            [1]
                                   2            [1]
                                   1            [1]
                                   0            

ff: found legal plan as follows

step    0: TURN_TO SATELLITE0 GROUNDSTATION166 STAR109
        1: SWITCH_ON INSTRUMENT0 SATELLITE0
        2: CALIBRATE SATELLITE0 INSTRUMENT0 GROUNDSTATION166
        3: TURN_TO SATELLITE0 PHENOMENON176 GROUNDSTATION166
        4: TURN_TO SATELLITE1 STAR96 STAR75
        5: TURN_TO SATELLITE8 GROUNDSTATION43 STAR64
        6: TAKE_IMAGE SATELLITE0 PHENOMENON176 INSTRUMENT0 THERMOGRAPH3
        7: TURN_TO SATELLITE0 STAR177 PHENOMENON176
        8: TAKE_IMAGE SATELLITE0 STAR177 INSTRUMENT0 THERMOGRAPH3
     

time spent:    0.01 seconds instantiating 335702 easy, 0 hard action templates
               0.03 seconds reachability analysis, yielding 2778 facts and 335702 actions
               0.05 seconds creating final representation with 2778 relevant facts, 0 relevant fluents
               0.38 seconds computing LNF
               0.14 seconds building connectivity graph
               0.34 seconds searching, evaluating 15 states, to a max depth of 1
               0.95 seconds total time

