
ff: parsing domain file
domain 'SATELLITE' defined
 ... done.
ff: parsing problem file
problem 'STRIPS-SAT-X-1' defined
 ... done.


no metric specified. plan length assumed.

checking for cyclic := effects --- OK.

ff: search configuration is EHC, if that fails then  best-first on 1*g(s) + 5*h(s) where
    metric is  plan length

Cueing down from goal distance:   11 into depth [1]
                                  10            [1]
                                   9            [1]
                                   8            [1]
                                   7            [1]
                                   6            [1]
                                   5            [1]
                                   4            [1]
                                   3            [1]
                                   2            [1]
                                   1            [1]
                                   0            

ff: found legal plan as follows

step    0: SWITCH_ON INSTRUMENT4 SATELLITE0
        1: TURN_TO SATELLITE1 GROUNDSTATION150 STAR13
        2: CALIBRATE SATELLITE0 INSTRUMENT4 GROUNDSTATION139
        3: TURN_TO SATELLITE0 PHENOMENON177 GROUNDSTATION139
        4: SWITCH_ON INSTRUMENT7 SATELLITE1
        5: CALIBRATE SATELLITE1 INSTRUMENT7 GROUNDSTATION150
        6: TURN_TO SATELLITE1 STAR176 GROUNDSTATION150
        7: TURN_TO SATELLITE3 GROUNDSTATION56 STAR60
        8: TAKE_IMAGE SATELLITE1 STAR176 INSTRUMENT7 THERMOGRAPH4
        9: TAKE_IMAGE SATELLITE0 PHENOMENON177 INSTRUMENT4 INFRARED3
       10: TURN_TO SATELLITE0 GROUNDSTATION150 PHENOMENON177
     

time spent:    0.01 seconds instantiating 346069 easy, 0 hard action templates
               0.03 seconds reachability analysis, yielding 2820 facts and 346069 actions
               0.06 seconds creating final representation with 2820 relevant facts, 0 relevant fluents
               0.42 seconds computing LNF
               0.13 seconds building connectivity graph
               0.35 seconds searching, evaluating 18 states, to a max depth of 1
               1.00 seconds total time

