
ff: parsing domain file
domain 'BLOCKS' defined
 ... done.
ff: parsing problem file
problem 'PB2' defined
 ... done.


no metric specified. plan length assumed.

checking for cyclic := effects --- OK.

ff: search configuration is EHC, if that fails then  best-first on 1*g(s) + 5*h(s) where
    metric is  plan length

Cueing down from goal distance:   10 into depth [1][2][3][4][5][6]
                                   8            [1]
                                   7            [1]
                                   6            [1]
                                   5            [1][2]
                                   4            [1]
                                   3            [1][2][3][4]
                                   2            [1]
                                   1            [1]
                                   0            

ff: found legal plan as follows

step    0: UNSTACK BLOCK1 BLOCK2
        1: PUT-DOWN BLOCK1
        2: UNSTACK BLOCK2 BLOCK4
        3: STACK BLOCK2 BLOCK1
        4: UNSTACK BLOCK4 BLOCK3
        5: PUT-DOWN BLOCK4
        6: UNSTACK BLOCK3 BLOCK5
        7: PUT-DOWN BLOCK3
        8: UNSTACK BLOCK2 BLOCK1
        9: STACK BLOCK2 BLOCK5
       10: PICK-UP BLOCK1
       11: STACK BLOCK1 BLOCK3
       12: UNSTACK BLOCK2 BLOCK5
       13: STACK BLOCK2 BLOCK4
       14: PICK-UP BLOCK5
       15: STACK BLOCK5 BLOCK1
       16: UNSTACK BLOCK2 BLOCK4
       17: STACK BLOCK2 BLOCK5
     

time spent:    0.00 seconds instantiating 60 easy, 0 hard action templates
               0.00 seconds reachability analysis, yielding 41 facts and 60 actions
               0.00 seconds creating final representation with 41 relevant facts, 0 relevant fluents
               0.00 seconds computing LNF
               0.00 seconds building connectivity graph
               0.00 seconds searching, evaluating 37 states, to a max depth of 6
               0.00 seconds total time

