
ff: parsing domain file
domain 'SATELLITE' defined
 ... done.
ff: parsing problem file
problem 'STRIPS-SAT-X-1' defined
 ... done.


no metric specified. plan length assumed.

checking for cyclic := effects --- OK.

ff: search configuration is EHC, if that fails then  best-first on 1*g(s) + 5*h(s) where
    metric is  plan length

Cueing down from goal distance:    6 into depth [1]
                                   5            [1]
                                   4            [1]
                                   3            [1]
                                   2            [1]
                                   1            [1]
                                   0            

ff: found legal plan as follows

step    0: TURN_TO SATELLITE0 STAR107 GROUNDSTATION6
        1: SWITCH_ON INSTRUMENT0 SATELLITE0
        2: CALIBRATE SATELLITE0 INSTRUMENT0 STAR107
        3: TURN_TO SATELLITE0 PLANET123 STAR107
        4: TURN_TO SATELLITE5 STAR25 GROUNDSTATION83
        5: TAKE_IMAGE SATELLITE0 PLANET123 INSTRUMENT0 INFRARED3
     

time spent:    0.00 seconds instantiating 170611 easy, 0 hard action templates
               0.02 seconds reachability analysis, yielding 1987 facts and 170611 actions
               0.03 seconds creating final representation with 1987 relevant facts, 0 relevant fluents
               0.23 seconds computing LNF
               0.08 seconds building connectivity graph
               0.04 seconds searching, evaluating 7 states, to a max depth of 1
               0.40 seconds total time

