
ff: parsing domain file
domain 'SATELLITE' defined
 ... done.
ff: parsing problem file
problem 'STRIPS-SAT-X-1' defined
 ... done.


no metric specified. plan length assumed.

checking for cyclic := effects --- OK.

ff: search configuration is EHC, if that fails then  best-first on 1*g(s) + 5*h(s) where
    metric is  plan length

Cueing down from goal distance:   14 into depth [1]
                                  11            [1]
                                  10            [1]
                                   9            [1]
                                   8            [1]
                                   7            [1]
                                   6            [1]
                                   5            [1]
                                   4            [1]
                                   3            [1]
                                   2            [1]
                                   1            [1]
                                   0            

ff: found legal plan as follows

step    0: SWITCH_ON INSTRUMENT2 SATELLITE0
        1: TURN_TO SATELLITE0 GROUNDSTATION86 STAR55
        2: CALIBRATE SATELLITE0 INSTRUMENT2 GROUNDSTATION86
        3: TURN_TO SATELLITE0 STAR123 GROUNDSTATION86
        4: TURN_TO SATELLITE1 STAR82 GROUNDSTATION63
        5: TURN_TO SATELLITE2 PLANET124 GROUNDSTATION86
        6: TURN_TO SATELLITE3 STAR71 GROUNDSTATION120
        7: TURN_TO SATELLITE4 STAR54 STAR2
        8: TURN_TO SATELLITE6 STAR50 GROUNDSTATION73
        9: TAKE_IMAGE SATELLITE0 STAR123 INSTRUMENT2 IMAGE2
       10: TURN_TO SATELLITE0 PLANET124 STAR123
       11: TAKE_IMAGE SATELLITE0 PLANET124 INSTRUMENT2 INFRARED1
     

time spent:    0.00 seconds instantiating 168836 easy, 0 hard action templates
               0.02 seconds reachability analysis, yielding 1977 facts and 168836 actions
               0.02 seconds creating final representation with 1977 relevant facts, 0 relevant fluents
               0.20 seconds computing LNF
               0.06 seconds building connectivity graph
               0.19 seconds searching, evaluating 21 states, to a max depth of 1
               0.49 seconds total time

