
ff: parsing domain file
domain 'SATELLITE' defined
 ... done.
ff: parsing problem file
problem 'STRIPS-SAT-X-1' defined
 ... done.


no metric specified. plan length assumed.

checking for cyclic := effects --- OK.

ff: search configuration is EHC, if that fails then  best-first on 1*g(s) + 5*h(s) where
    metric is  plan length

Cueing down from goal distance:   13 into depth [1]
                                  12            [1]
                                  11            [1]
                                  10            [1]
                                   9            [1]
                                   8            [1]
                                   7            [1]
                                   6            [1]
                                   5            [1]
                                   4            [1]
                                   3            [1]
                                   2            [1]
                                   1            [1]
                                   0            

ff: found legal plan as follows

step    0: TURN_TO SATELLITE1 STAR56 GROUNDSTATION9
        1: TURN_TO SATELLITE0 GROUNDSTATION19 STAR44
        2: SWITCH_ON INSTRUMENT2 SATELLITE1
        3: CALIBRATE SATELLITE1 INSTRUMENT2 STAR56
        4: TURN_TO SATELLITE1 PHENOMENON123 STAR56
        5: SWITCH_ON INSTRUMENT0 SATELLITE0
        6: CALIBRATE SATELLITE0 INSTRUMENT0 GROUNDSTATION19
        7: TURN_TO SATELLITE0 PHENOMENON124 GROUNDSTATION19
        8: TURN_TO SATELLITE3 GROUNDSTATION100 GROUNDSTATION38
        9: TURN_TO SATELLITE7 STAR46 STAR48
       10: TAKE_IMAGE SATELLITE1 PHENOMENON123 INSTRUMENT2 INFRARED1
       11: TURN_TO SATELLITE1 STAR55 PHENOMENON123
       12: TAKE_IMAGE SATELLITE0 PHENOMENON124 INSTRUMENT0 IMAGE2
     

time spent:    0.00 seconds instantiating 167364 easy, 0 hard action templates
               0.01 seconds reachability analysis, yielding 1969 facts and 167364 actions
               0.04 seconds creating final representation with 1969 relevant facts, 0 relevant fluents
               0.21 seconds computing LNF
               0.06 seconds building connectivity graph
               0.11 seconds searching, evaluating 17 states, to a max depth of 1
               0.43 seconds total time

