
ff: parsing domain file
domain 'SATELLITE' defined
 ... done.
ff: parsing problem file
problem 'STRIPS-SAT-X-1' defined
 ... done.


no metric specified. plan length assumed.

checking for cyclic := effects --- OK.

ff: search configuration is EHC, if that fails then  best-first on 1*g(s) + 5*h(s) where
    metric is  plan length

Cueing down from goal distance:   13 into depth [1]
                                  12            [1]
                                  11            [1]
                                  10            [1]
                                   9            [1]
                                   8            [1]
                                   7            [1]
                                   6            [1]
                                   5            [1]
                                   4            [1]
                                   3            [1]
                                   2            [1]
                                   1            [1]
                                   0            

ff: found legal plan as follows

step    0: TURN_TO SATELLITE0 STAR112 GROUNDSTATION109
        1: TURN_TO SATELLITE1 GROUNDSTATION68 STAR97
        2: SWITCH_ON INSTRUMENT0 SATELLITE0
        3: CALIBRATE SATELLITE0 INSTRUMENT0 STAR112
        4: TURN_TO SATELLITE0 PHENOMENON123 STAR112
        5: SWITCH_ON INSTRUMENT9 SATELLITE1
        6: CALIBRATE SATELLITE1 INSTRUMENT9 GROUNDSTATION68
        7: TURN_TO SATELLITE1 PHENOMENON124 GROUNDSTATION68
        8: TURN_TO SATELLITE2 GROUNDSTATION16 STAR8
        9: TURN_TO SATELLITE9 GROUNDSTATION120 STAR66
       10: TAKE_IMAGE SATELLITE0 PHENOMENON123 INSTRUMENT0 THERMOGRAPH4
       11: TURN_TO SATELLITE0 STAR111 PHENOMENON123
       12: TAKE_IMAGE SATELLITE1 PHENOMENON124 INSTRUMENT9 SPECTROGRAPH2
     

time spent:    0.00 seconds instantiating 170389 easy, 0 hard action templates
               0.02 seconds reachability analysis, yielding 1991 facts and 170389 actions
               0.03 seconds creating final representation with 1991 relevant facts, 0 relevant fluents
               0.23 seconds computing LNF
               0.07 seconds building connectivity graph
               0.12 seconds searching, evaluating 17 states, to a max depth of 1
               0.47 seconds total time

