
ff: parsing domain file
domain 'SATELLITE' defined
 ... done.
ff: parsing problem file
problem 'STRIPS-SAT-X-1' defined
 ... done.


no metric specified. plan length assumed.

checking for cyclic := effects --- OK.

ff: search configuration is EHC, if that fails then  best-first on 1*g(s) + 5*h(s) where
    metric is  plan length

Cueing down from goal distance:   11 into depth [1]
                                  10            [1]
                                   8            [1]
                                   7            [1]
                                   6            [1]
                                   5            [1]
                                   4            [1]
                                   3            [1]
                                   2            [1]
                                   1            [1]
                                   0            

ff: found legal plan as follows

step    0: TURN_TO SATELLITE0 GROUNDSTATION98 GROUNDSTATION10
        1: TURN_TO SATELLITE3 GROUNDSTATION87 PLANET124
        2: SWITCH_ON INSTRUMENT0 SATELLITE0
        3: CALIBRATE SATELLITE0 INSTRUMENT0 GROUNDSTATION98
        4: TURN_TO SATELLITE0 STAR123 GROUNDSTATION98
        5: TURN_TO SATELLITE1 STAR79 STAR6
        6: TURN_TO SATELLITE6 GROUNDSTATION69 STAR67
        7: TAKE_IMAGE SATELLITE0 STAR123 INSTRUMENT0 THERMOGRAPH3
        8: TURN_TO SATELLITE0 PLANET124 STAR123
        9: TAKE_IMAGE SATELLITE0 PLANET124 INSTRUMENT0 THERMOGRAPH3
     

time spent:    0.00 seconds instantiating 172573 easy, 0 hard action templates
               0.02 seconds reachability analysis, yielding 2007 facts and 172573 actions
               0.02 seconds creating final representation with 2007 relevant facts, 0 relevant fluents
               0.20 seconds computing LNF
               0.06 seconds building connectivity graph
               0.15 seconds searching, evaluating 16 states, to a max depth of 1
               0.45 seconds total time

