
ff: parsing domain file
domain 'SATELLITE' defined
 ... done.
ff: parsing problem file
problem 'STRIPS-SAT-X-1' defined
 ... done.


no metric specified. plan length assumed.

checking for cyclic := effects --- OK.

ff: search configuration is EHC, if that fails then  best-first on 1*g(s) + 5*h(s) where
    metric is  plan length

Cueing down from goal distance:   11 into depth [1]
                                  10            [1]
                                   9            [1]
                                   8            [1]
                                   7            [1]
                                   6            [1]
                                   5            [1]
                                   4            [1]
                                   3            [1]
                                   2            [1]
                                   1            [1]
                                   0            

ff: found legal plan as follows

step    0: TURN_TO SATELLITE0 GROUNDSTATION22 GROUNDSTATION2
        1: SWITCH_ON INSTRUMENT1 SATELLITE0
        2: CALIBRATE SATELLITE0 INSTRUMENT1 GROUNDSTATION22
        3: TURN_TO SATELLITE0 PHENOMENON123 GROUNDSTATION22
        4: TURN_TO SATELLITE2 GROUNDSTATION13 STAR80
        5: TURN_TO SATELLITE5 STAR83 GROUNDSTATION20
        6: TURN_TO SATELLITE6 GROUNDSTATION87 STAR86
        7: TURN_TO SATELLITE8 GROUNDSTATION72 STAR35
        8: TAKE_IMAGE SATELLITE0 PHENOMENON123 INSTRUMENT1 INFRARED4
        9: TURN_TO SATELLITE0 STAR124 PHENOMENON123
       10: TAKE_IMAGE SATELLITE0 STAR124 INSTRUMENT1 INFRARED4
     

time spent:    0.00 seconds instantiating 174330 easy, 0 hard action templates
               0.02 seconds reachability analysis, yielding 2013 facts and 174330 actions
               0.03 seconds creating final representation with 2013 relevant facts, 0 relevant fluents
               0.23 seconds computing LNF
               0.08 seconds building connectivity graph
               0.25 seconds searching, evaluating 19 states, to a max depth of 1
               0.61 seconds total time

