
ff: parsing domain file
domain 'SATELLITE' defined
 ... done.
ff: parsing problem file
problem 'STRIPS-SAT-X-1' defined
 ... done.


no metric specified. plan length assumed.

checking for cyclic := effects --- OK.

ff: search configuration is EHC, if that fails then  best-first on 1*g(s) + 5*h(s) where
    metric is  plan length

Cueing down from goal distance:   12 into depth [1]
                                  11            [1]
                                  10            [1]
                                   9            [1]
                                   8            [1]
                                   7            [1]
                                   6            [1]
                                   5            [1]
                                   4            [1]
                                   3            [1][2]
                                   2            [1]
                                   1            [1]
                                   0            

ff: found legal plan as follows

step    0: TURN_TO SATELLITE0 GROUNDSTATION38 STAR43
        1: SWITCH_ON INSTRUMENT15 SATELLITE3
        2: SWITCH_ON INSTRUMENT1 SATELLITE0
        3: CALIBRATE SATELLITE0 INSTRUMENT1 GROUNDSTATION38
        4: TURN_TO SATELLITE0 PLANET51 GROUNDSTATION38
        5: TURN_TO SATELLITE4 GROUNDSTATION38 STAR11
        6: TURN_TO SATELLITE6 STAR34 STAR1
        7: TURN_TO SATELLITE9 GROUNDSTATION28 STAR33
        8: TAKE_IMAGE SATELLITE0 PLANET51 INSTRUMENT1 SPECTROGRAPH2
        9: TURN_TO SATELLITE3 GROUNDSTATION37 PHENOMENON50
       10: CALIBRATE SATELLITE3 INSTRUMENT15 GROUNDSTATION37
       11: TURN_TO SATELLITE3 PHENOMENON50 GROUNDSTATION37
       12: TAKE_IMAGE SATELLITE3 PHENOMENON50 INSTRUMENT15 SPECTROGRAPH1
     

time spent:    0.00 seconds instantiating 31480 easy, 0 hard action templates
               0.00 seconds reachability analysis, yielding 872 facts and 31480 actions
               0.00 seconds creating final representation with 872 relevant facts, 0 relevant fluents
               0.04 seconds computing LNF
               0.01 seconds building connectivity graph
               0.02 seconds searching, evaluating 23 states, to a max depth of 2
               0.07 seconds total time

