
ff: parsing domain file
domain 'SATELLITE' defined
 ... done.
ff: parsing problem file
problem 'STRIPS-SAT-X-1' defined
 ... done.


no metric specified. plan length assumed.

checking for cyclic := effects --- OK.

ff: search configuration is EHC, if that fails then  best-first on 1*g(s) + 5*h(s) where
    metric is  plan length

Cueing down from goal distance:   15 into depth [1]
                                  14            [1]
                                  13            [1]
                                  12            [1]
                                  11            [1]
                                  10            [1]
                                   9            [1]
                                   8            [1]
                                   7            [1]
                                   6            [1]
                                   5            [1]
                                   4            [1]
                                   3            [1]
                                   2            [1]
                                   1            [1]
                                   0            

ff: found legal plan as follows

step    0: TURN_TO SATELLITE0 STAR10 GROUNDSTATION39
        1: SWITCH_ON INSTRUMENT0 SATELLITE0
        2: TURN_TO SATELLITE2 GROUNDSTATION48 STAR21
        3: CALIBRATE SATELLITE0 INSTRUMENT0 STAR10
        4: TURN_TO SATELLITE0 STAR50 STAR10
        5: SWITCH_ON INSTRUMENT7 SATELLITE2
        6: CALIBRATE SATELLITE2 INSTRUMENT7 GROUNDSTATION48
        7: TURN_TO SATELLITE2 PHENOMENON51 GROUNDSTATION48
        8: TURN_TO SATELLITE1 STAR3 GROUNDSTATION20
        9: TURN_TO SATELLITE5 STAR38 GROUNDSTATION39
       10: TURN_TO SATELLITE6 STAR16 STAR21
       11: TURN_TO SATELLITE7 STAR41 GROUNDSTATION35
       12: TURN_TO SATELLITE9 STAR1 STAR9
       13: TAKE_IMAGE SATELLITE0 STAR50 INSTRUMENT0 INFRARED2
       14: TAKE_IMAGE SATELLITE2 PHENOMENON51 INSTRUMENT7 IMAGE3
     

time spent:    0.00 seconds instantiating 33189 easy, 0 hard action templates
               0.00 seconds reachability analysis, yielding 900 facts and 33189 actions
               0.00 seconds creating final representation with 900 relevant facts, 0 relevant fluents
               0.04 seconds computing LNF
               0.02 seconds building connectivity graph
               0.01 seconds searching, evaluating 17 states, to a max depth of 1
               0.07 seconds total time

