
ff: parsing domain file
domain 'SATELLITE' defined
 ... done.
ff: parsing problem file
problem 'STRIPS-SAT-X-1' defined
 ... done.


no metric specified. plan length assumed.

checking for cyclic := effects --- OK.

ff: search configuration is EHC, if that fails then  best-first on 1*g(s) + 5*h(s) where
    metric is  plan length

Cueing down from goal distance:   14 into depth [1]
                                  13            [1]
                                  12            [1]
                                  11            [1]
                                  10            [1]
                                   9            [1]
                                   8            [1]
                                   7            [1]
                                   6            [1]
                                   5            [1]
                                   4            [1]
                                   3            [1]
                                   2            [1]
                                   1            [1]
                                   0            

ff: found legal plan as follows

step    0: SWITCH_ON INSTRUMENT5 SATELLITE1
        1: CALIBRATE SATELLITE1 INSTRUMENT5 STAR32
        2: TURN_TO SATELLITE1 STAR50 STAR32
        3: SWITCH_ON INSTRUMENT11 SATELLITE2
        4: CALIBRATE SATELLITE2 INSTRUMENT11 STAR48
        5: TURN_TO SATELLITE2 STAR51 STAR48
        6: TURN_TO SATELLITE4 GROUNDSTATION4 STAR0
        7: TURN_TO SATELLITE5 STAR23 GROUNDSTATION22
        8: TURN_TO SATELLITE7 STAR1 STAR38
        9: TURN_TO SATELLITE8 GROUNDSTATION16 STAR18
       10: TURN_TO SATELLITE9 GROUNDSTATION20 GROUNDSTATION24
       11: TAKE_IMAGE SATELLITE1 STAR50 INSTRUMENT5 IMAGE2
       12: TURN_TO SATELLITE1 GROUNDSTATION5 STAR50
       13: TAKE_IMAGE SATELLITE2 STAR51 INSTRUMENT11 SPECTROGRAPH3
     

time spent:    0.00 seconds instantiating 33961 easy, 0 hard action templates
               0.00 seconds reachability analysis, yielding 920 facts and 33961 actions
               0.00 seconds creating final representation with 920 relevant facts, 0 relevant fluents
               0.05 seconds computing LNF
               0.01 seconds building connectivity graph
               0.01 seconds searching, evaluating 21 states, to a max depth of 1
               0.07 seconds total time

