
ff: parsing domain file
domain 'SATELLITE' defined
 ... done.
ff: parsing problem file
problem 'STRIPS-SAT-X-1' defined
 ... done.


no metric specified. plan length assumed.

checking for cyclic := effects --- OK.

ff: search configuration is EHC, if that fails then  best-first on 1*g(s) + 5*h(s) where
    metric is  plan length

Cueing down from goal distance:   16 into depth [1]
                                  15            [1]
                                  14            [1]
                                  13            [1]
                                  12            [1]
                                  11            [1]
                                  10            [1]
                                   9            [1]
                                   8            [1]
                                   7            [1]
                                   6            [1]
                                   5            [1]
                                   4            [1][2]
                                   3            [1]
                                   2            [1]
                                   1            [1]
                                   0            

ff: found legal plan as follows

step    0: TURN_TO SATELLITE0 STAR4 STAR40
        1: SWITCH_ON INSTRUMENT37 SATELLITE8
        2: SWITCH_ON INSTRUMENT0 SATELLITE0
        3: CALIBRATE SATELLITE0 INSTRUMENT0 STAR4
        4: TURN_TO SATELLITE0 STAR51 STAR4
        5: TURN_TO SATELLITE1 GROUNDSTATION19 STAR29
        6: TURN_TO SATELLITE3 GROUNDSTATION41 STAR1
        7: TURN_TO SATELLITE4 STAR0 STAR51
        8: TURN_TO SATELLITE7 STAR37 GROUNDSTATION19
        9: TURN_TO SATELLITE9 STAR23 STAR37
       10: TAKE_IMAGE SATELLITE0 STAR51 INSTRUMENT0 THERMOGRAPH2
       11: TURN_TO SATELLITE0 GROUNDSTATION16 STAR51
       12: TURN_TO SATELLITE8 STAR32 PLANET50
       13: CALIBRATE SATELLITE8 INSTRUMENT37 STAR32
       14: TURN_TO SATELLITE8 PLANET50 STAR32
       15: TAKE_IMAGE SATELLITE8 PLANET50 INSTRUMENT37 THERMOGRAPH3
       16: TURN_TO SATELLITE8 GROUNDSTATION42 PLANET50
     

time spent:    0.00 seconds instantiating 33468 easy, 0 hard action templates
               0.00 seconds reachability analysis, yielding 894 facts and 33468 actions
               0.01 seconds creating final representation with 894 relevant facts, 0 relevant fluents
               0.03 seconds computing LNF
               0.02 seconds building connectivity graph
               0.03 seconds searching, evaluating 40 states, to a max depth of 2
               0.09 seconds total time

