
ff: parsing domain file
domain 'SATELLITE' defined
 ... done.
ff: parsing problem file
problem 'STRIPS-SAT-X-1' defined
 ... done.


no metric specified. plan length assumed.

checking for cyclic := effects --- OK.

ff: search configuration is EHC, if that fails then  best-first on 1*g(s) + 5*h(s) where
    metric is  plan length

Cueing down from goal distance:   15 into depth [1]
                                  14            [1]
                                  10            [1]
                                   9            [1]
                                   8            [1]
                                   7            [1]
                                   6            [1]
                                   5            [1]
                                   4            [1]
                                   3            [1]
                                   2            [1]
                                   1            [1]
                                   0            

ff: found legal plan as follows

step    0: TURN_TO SATELLITE0 STAR17 GROUNDSTATION3
        1: SWITCH_ON INSTRUMENT2 SATELLITE0
        2: CALIBRATE SATELLITE0 INSTRUMENT2 STAR17
        3: TURN_TO SATELLITE0 PLANET50 STAR17
        4: TURN_TO SATELLITE2 GROUNDSTATION42 STAR41
        5: TURN_TO SATELLITE3 GROUNDSTATION12 STAR46
        6: TURN_TO SATELLITE4 GROUNDSTATION30 STAR43
        7: TURN_TO SATELLITE7 GROUNDSTATION44 GROUNDSTATION38
        8: TURN_TO SATELLITE8 STAR9 GROUNDSTATION32
        9: TAKE_IMAGE SATELLITE0 PLANET50 INSTRUMENT2 THERMOGRAPH2
       10: TURN_TO SATELLITE0 PHENOMENON51 PLANET50
       11: TAKE_IMAGE SATELLITE0 PHENOMENON51 INSTRUMENT2 THERMOGRAPH4
     

time spent:    0.00 seconds instantiating 32791 easy, 0 hard action templates
               0.00 seconds reachability analysis, yielding 894 facts and 32791 actions
               0.00 seconds creating final representation with 894 relevant facts, 0 relevant fluents
               0.04 seconds computing LNF
               0.02 seconds building connectivity graph
               0.02 seconds searching, evaluating 21 states, to a max depth of 1
               0.08 seconds total time

