
ff: parsing domain file
domain 'SATELLITE' defined
 ... done.
ff: parsing problem file
problem 'STRIPS-SAT-X-1' defined
 ... done.


no metric specified. plan length assumed.

checking for cyclic := effects --- OK.

ff: search configuration is EHC, if that fails then  best-first on 1*g(s) + 5*h(s) where
    metric is  plan length

Cueing down from goal distance:   12 into depth [1]
                                  11            [1]
                                  10            [1]
                                   9            [1]
                                   8            [1]
                                   7            [1]
                                   6            [1]
                                   5            [1]
                                   4            [1]
                                   3            [1]
                                   2            [1]
                                   1            [1]
                                   0            

ff: found legal plan as follows

step    0: TURN_TO SATELLITE0 GROUNDSTATION137 STAR156
        1: SWITCH_ON INSTRUMENT2 SATELLITE0
        2: TURN_TO SATELLITE1 GROUNDSTATION86 STAR120
        3: CALIBRATE SATELLITE0 INSTRUMENT2 GROUNDSTATION137
        4: TURN_TO SATELLITE0 PHENOMENON183 GROUNDSTATION137
        5: SWITCH_ON INSTRUMENT16 SATELLITE1
        6: CALIBRATE SATELLITE1 INSTRUMENT16 GROUNDSTATION86
        7: TURN_TO SATELLITE1 STAR184 GROUNDSTATION86
        8: TURN_TO SATELLITE9 GROUNDSTATION79 GROUNDSTATION166
        9: TAKE_IMAGE SATELLITE0 PHENOMENON183 INSTRUMENT2 IMAGE2
       10: TAKE_IMAGE SATELLITE1 STAR184 INSTRUMENT16 SPECTROGRAPH0
       11: TURN_TO SATELLITE1 STAR136 STAR184
     

time spent:    0.01 seconds instantiating 368450 easy, 0 hard action templates
               0.04 seconds reachability analysis, yielding 2923 facts and 368450 actions
               0.06 seconds creating final representation with 2923 relevant facts, 0 relevant fluents
               0.47 seconds computing LNF
               0.17 seconds building connectivity graph
               0.35 seconds searching, evaluating 17 states, to a max depth of 1
               1.10 seconds total time

