
ff: parsing domain file
domain 'SATELLITE' defined
 ... done.
ff: parsing problem file
problem 'STRIPS-SAT-X-1' defined
 ... done.


no metric specified. plan length assumed.

checking for cyclic := effects --- OK.

ff: search configuration is EHC, if that fails then  best-first on 1*g(s) + 5*h(s) where
    metric is  plan length

Cueing down from goal distance:   12 into depth [1]
                                  11            [1]
                                  10            [1]
                                   9            [1]
                                   8            [1]
                                   7            [1]
                                   6            [1]
                                   5            [1]
                                   4            [1]
                                   3            [1]
                                   2            [1]
                                   1            [1]
                                   0            

ff: found legal plan as follows

step    0: TURN_TO SATELLITE0 GROUNDSTATION179 GROUNDSTATION53
        1: SWITCH_ON INSTRUMENT0 SATELLITE0
        2: TURN_TO SATELLITE1 STAR167 GROUNDSTATION124
        3: CALIBRATE SATELLITE0 INSTRUMENT0 GROUNDSTATION179
        4: TURN_TO SATELLITE0 PHENOMENON183 GROUNDSTATION179
        5: SWITCH_ON INSTRUMENT6 SATELLITE1
        6: CALIBRATE SATELLITE1 INSTRUMENT6 STAR167
        7: TURN_TO SATELLITE1 STAR184 STAR167
        8: TAKE_IMAGE SATELLITE0 PHENOMENON183 INSTRUMENT0 IMAGE2
        9: TURN_TO SATELLITE0 STAR35 PHENOMENON183
       10: TAKE_IMAGE SATELLITE1 STAR184 INSTRUMENT6 THERMOGRAPH0
       11: TURN_TO SATELLITE1 GROUNDSTATION43 STAR184
     

time spent:    0.01 seconds instantiating 361719 easy, 0 hard action templates
               0.04 seconds reachability analysis, yielding 2883 facts and 361719 actions
               0.06 seconds creating final representation with 2883 relevant facts, 0 relevant fluents
               0.44 seconds computing LNF
               0.18 seconds building connectivity graph
               0.35 seconds searching, evaluating 17 states, to a max depth of 1
               1.08 seconds total time

