
ff: parsing domain file
domain 'SATELLITE' defined
 ... done.
ff: parsing problem file
problem 'STRIPS-SAT-X-1' defined
 ... done.


no metric specified. plan length assumed.

checking for cyclic := effects --- OK.

ff: search configuration is EHC, if that fails then  best-first on 1*g(s) + 5*h(s) where
    metric is  plan length

Cueing down from goal distance:    9 into depth [1]
                                   8            [1]
                                   7            [1]
                                   6            [1]
                                   5            [1]
                                   4            [1]
                                   3            [1]
                                   2            [1]
                                   1            [1]
                                   0            

ff: found legal plan as follows

step    0: TURN_TO SATELLITE1 GROUNDSTATION78 GROUNDSTATION48
        1: SWITCH_ON INSTRUMENT1 SATELLITE1
        2: CALIBRATE SATELLITE1 INSTRUMENT1 GROUNDSTATION78
        3: TURN_TO SATELLITE1 PHENOMENON184 GROUNDSTATION78
        4: TURN_TO SATELLITE0 GROUNDSTATION110 GROUNDSTATION66
        5: TURN_TO SATELLITE5 GROUNDSTATION117 GROUNDSTATION129
        6: TURN_TO SATELLITE6 STAR30 GROUNDSTATION142
        7: TURN_TO SATELLITE7 GROUNDSTATION40 GROUNDSTATION61
        8: TAKE_IMAGE SATELLITE1 PHENOMENON184 INSTRUMENT1 INFRARED3
     

time spent:    0.01 seconds instantiating 366315 easy, 0 hard action templates
               0.03 seconds reachability analysis, yielding 2907 facts and 366315 actions
               0.06 seconds creating final representation with 2907 relevant facts, 0 relevant fluents
               0.43 seconds computing LNF
               0.15 seconds building connectivity graph
               0.11 seconds searching, evaluating 10 states, to a max depth of 1
               0.79 seconds total time

