
ff: parsing domain file
domain 'SATELLITE' defined
 ... done.
ff: parsing problem file
problem 'STRIPS-SAT-X-1' defined
 ... done.


no metric specified. plan length assumed.

checking for cyclic := effects --- OK.

ff: search configuration is EHC, if that fails then  best-first on 1*g(s) + 5*h(s) where
    metric is  plan length

Cueing down from goal distance:   14 into depth [1]
                                  13            [1]
                                  12            [1]
                                  11            [1]
                                  10            [1]
                                   9            [1]
                                   8            [1]
                                   7            [1]
                                   6            [1]
                                   5            [1]
                                   4            [1][2]
                                   3            [1]
                                   2            [1]
                                   1            [1]
                                   0            

ff: found legal plan as follows

step    0: TURN_TO SATELLITE0 STAR69 GROUNDSTATION154
        1: SWITCH_ON INSTRUMENT0 SATELLITE0
        2: CALIBRATE SATELLITE0 INSTRUMENT0 STAR69
        3: TURN_TO SATELLITE0 STAR183 STAR69
        4: SWITCH_ON INSTRUMENT42 SATELLITE6
        5: TURN_TO SATELLITE1 GROUNDSTATION46 GROUNDSTATION130
        6: TURN_TO SATELLITE7 STAR149 STAR90
        7: TURN_TO SATELLITE8 STAR149 GROUNDSTATION146
        8: TURN_TO SATELLITE9 STAR104 STAR74
        9: TAKE_IMAGE SATELLITE0 STAR183 INSTRUMENT0 THERMOGRAPH4
       10: TURN_TO SATELLITE6 STAR34 PHENOMENON184
       11: CALIBRATE SATELLITE6 INSTRUMENT42 STAR34
       12: TURN_TO SATELLITE6 PHENOMENON184 STAR34
       13: TAKE_IMAGE SATELLITE6 PHENOMENON184 INSTRUMENT42 INFRARED0
       14: TURN_TO SATELLITE6 GROUNDSTATION49 PHENOMENON184
     

time spent:    0.01 seconds instantiating 366890 easy, 0 hard action templates
               0.04 seconds reachability analysis, yielding 2913 facts and 366890 actions
               0.06 seconds creating final representation with 2913 relevant facts, 0 relevant fluents
               0.43 seconds computing LNF
               0.15 seconds building connectivity graph
               0.82 seconds searching, evaluating 31 states, to a max depth of 2
               1.51 seconds total time

