
ff: parsing domain file
domain 'SATELLITE' defined
 ... done.
ff: parsing problem file
problem 'STRIPS-SAT-X-1' defined
 ... done.


no metric specified. plan length assumed.

checking for cyclic := effects --- OK.

ff: search configuration is EHC, if that fails then  best-first on 1*g(s) + 5*h(s) where
    metric is  plan length

Cueing down from goal distance:   14 into depth [1]
                                  12            [1]
                                   9            [1]
                                   8            [1]
                                   7            [1]
                                   6            [1]
                                   5            [1]
                                   4            [1]
                                   3            [1]
                                   2            [1]
                                   1            [1]
                                   0            

ff: found legal plan as follows

step    0: TURN_TO SATELLITE0 GROUNDSTATION70 STAR2
        1: SWITCH_ON INSTRUMENT1 SATELLITE0
        2: CALIBRATE SATELLITE0 INSTRUMENT1 GROUNDSTATION70
        3: TURN_TO SATELLITE0 PHENOMENON183 GROUNDSTATION70
        4: TURN_TO SATELLITE5 STAR50 GROUNDSTATION30
        5: TURN_TO SATELLITE6 GROUNDSTATION164 STAR71
        6: TURN_TO SATELLITE7 GROUNDSTATION171 STAR132
        7: TURN_TO SATELLITE9 STAR98 GROUNDSTATION148
        8: TAKE_IMAGE SATELLITE0 PHENOMENON183 INSTRUMENT1 INFRARED4
        9: TURN_TO SATELLITE0 STAR184 PHENOMENON183
       10: TAKE_IMAGE SATELLITE0 STAR184 INSTRUMENT1 INFRARED2
     

time spent:    0.01 seconds instantiating 366952 easy, 0 hard action templates
               0.03 seconds reachability analysis, yielding 2909 facts and 366952 actions
               0.06 seconds creating final representation with 2909 relevant facts, 0 relevant fluents
               0.43 seconds computing LNF
               0.15 seconds building connectivity graph
               0.45 seconds searching, evaluating 18 states, to a max depth of 1
               1.13 seconds total time

