
ff: parsing domain file
domain 'SATELLITE' defined
 ... done.
ff: parsing problem file
problem 'STRIPS-SAT-X-1' defined
 ... done.


no metric specified. plan length assumed.

checking for cyclic := effects --- OK.

ff: search configuration is EHC, if that fails then  best-first on 1*g(s) + 5*h(s) where
    metric is  plan length

Cueing down from goal distance:    6 into depth [1]
                                   5            [1]
                                   4            [1]
                                   3            [1][2]
                                   2            [1][2]
                                   1            [1]
                                   0            

ff: found legal plan as follows

step    0: SWITCH_ON INSTRUMENT18 SATELLITE4
        1: TURN_TO SATELLITE8 STAR0 STAR3
        2: TURN_TO SATELLITE9 STAR3 STAR2
        3: TURN_TO SATELLITE4 STAR0 STAR3
        4: CALIBRATE SATELLITE4 INSTRUMENT18 STAR0
        5: TURN_TO SATELLITE4 STAR3 STAR0
        6: TAKE_IMAGE SATELLITE4 STAR3 INSTRUMENT18 THERMOGRAPH1
        7: TURN_TO SATELLITE4 STAR0 STAR3
     

time spent:    0.00 seconds instantiating 835 easy, 0 hard action templates
               0.00 seconds reachability analysis, yielding 192 facts and 835 actions
               0.00 seconds creating final representation with 192 relevant facts, 0 relevant fluents
               0.00 seconds computing LNF
               0.00 seconds building connectivity graph
               0.00 seconds searching, evaluating 11 states, to a max depth of 2
               0.00 seconds total time

