
ff: parsing domain file
domain 'SATELLITE' defined
 ... done.
ff: parsing problem file
problem 'STRIPS-SAT-X-1' defined
 ... done.


no metric specified. plan length assumed.

checking for cyclic := effects --- OK.

ff: search configuration is EHC, if that fails then  best-first on 1*g(s) + 5*h(s) where
    metric is  plan length

Cueing down from goal distance:    7 into depth [1]
                                   6            [1]
                                   5            [1]
                                   4            [1]
                                   3            [1][2]
                                   2            [1][2]
                                   1            [1]
                                   0            

ff: found legal plan as follows

step    0: SWITCH_ON INSTRUMENT48 SATELLITE8
        1: TURN_TO SATELLITE1 STAR0 PHENOMENON3
        2: TURN_TO SATELLITE2 STAR0 PHENOMENON3
        3: TURN_TO SATELLITE4 PHENOMENON3 STAR0
        4: TURN_TO SATELLITE8 STAR1 STAR2
        5: CALIBRATE SATELLITE8 INSTRUMENT48 STAR1
        6: TURN_TO SATELLITE8 STAR2 STAR1
        7: TAKE_IMAGE SATELLITE8 STAR2 INSTRUMENT48 INFRARED1
        8: TURN_TO SATELLITE8 STAR1 STAR2
     

time spent:    0.00 seconds instantiating 727 easy, 0 hard action templates
               0.00 seconds reachability analysis, yielding 176 facts and 727 actions
               0.00 seconds creating final representation with 176 relevant facts, 0 relevant fluents
               0.00 seconds computing LNF
               0.00 seconds building connectivity graph
               0.00 seconds searching, evaluating 10 states, to a max depth of 2
               0.00 seconds total time

