
ff: parsing domain file
domain 'SATELLITE' defined
 ... done.
ff: parsing problem file
problem 'STRIPS-SAT-X-1' defined
 ... done.


no metric specified. plan length assumed.

checking for cyclic := effects --- OK.

ff: search configuration is EHC, if that fails then  best-first on 1*g(s) + 5*h(s) where
    metric is  plan length

Cueing down from goal distance:   11 into depth [1]
                                  10            [1]
                                   8            [1]
                                   7            [1]
                                   6            [1]
                                   5            [1]
                                   4            [1]
                                   3            [1]
                                   2            [1]
                                   1            [1]
                                   0            

ff: found legal plan as follows

step    0: SWITCH_ON INSTRUMENT26 SATELLITE6
        1: TURN_TO SATELLITE6 STAR1 PLANET2
        2: CALIBRATE SATELLITE6 INSTRUMENT26 STAR1
        3: TURN_TO SATELLITE6 PLANET2 STAR1
        4: TURN_TO SATELLITE0 STAR3 GROUNDSTATION0
        5: TURN_TO SATELLITE1 STAR1 STAR3
        6: TURN_TO SATELLITE7 PLANET2 GROUNDSTATION0
        7: TAKE_IMAGE SATELLITE6 PLANET2 INSTRUMENT26 THERMOGRAPH1
        8: TURN_TO SATELLITE6 STAR3 PLANET2
        9: TAKE_IMAGE SATELLITE6 STAR3 INSTRUMENT26 THERMOGRAPH1
     

time spent:    0.00 seconds instantiating 723 easy, 0 hard action templates
               0.00 seconds reachability analysis, yielding 168 facts and 723 actions
               0.00 seconds creating final representation with 168 relevant facts, 0 relevant fluents
               0.00 seconds computing LNF
               0.00 seconds building connectivity graph
               0.00 seconds searching, evaluating 18 states, to a max depth of 1
               0.00 seconds total time

