
ff: parsing domain file
domain 'SATELLITE' defined
 ... done.
ff: parsing problem file
problem 'STRIPS-SAT-X-1' defined
 ... done.


no metric specified. plan length assumed.

checking for cyclic := effects --- OK.

ff: search configuration is EHC, if that fails then  best-first on 1*g(s) + 5*h(s) where
    metric is  plan length

Cueing down from goal distance:    9 into depth [1]
                                   8            [1]
                                   7            [1]
                                   6            [1][2]
                                   5            [1]
                                   4            [1]
                                   3            [1][2]
                                   2            [1]
                                   1            [1]
                                   0            

ff: found legal plan as follows

step    0: SWITCH_ON INSTRUMENT5 SATELLITE2
        1: SWITCH_ON INSTRUMENT16 SATELLITE4
        2: TURN_TO SATELLITE7 GROUNDSTATION0 STAR1
        3: TURN_TO SATELLITE2 STAR1 PLANET2
        4: CALIBRATE SATELLITE2 INSTRUMENT5 STAR1
        5: TURN_TO SATELLITE2 PLANET2 STAR1
        6: TAKE_IMAGE SATELLITE2 PLANET2 INSTRUMENT5 THERMOGRAPH2
        7: TURN_TO SATELLITE4 STAR1 PLANET3
        8: CALIBRATE SATELLITE4 INSTRUMENT16 STAR1
        9: TURN_TO SATELLITE4 PLANET3 STAR1
       10: TAKE_IMAGE SATELLITE4 PLANET3 INSTRUMENT16 INFRARED0
     

time spent:    0.00 seconds instantiating 838 easy, 0 hard action templates
               0.00 seconds reachability analysis, yielding 194 facts and 838 actions
               0.00 seconds creating final representation with 194 relevant facts, 0 relevant fluents
               0.00 seconds computing LNF
               0.00 seconds building connectivity graph
               0.00 seconds searching, evaluating 22 states, to a max depth of 2
               0.00 seconds total time

