
ff: parsing domain file
domain 'SATELLITE' defined
 ... done.
ff: parsing problem file
problem 'STRIPS-SAT-X-1' defined
 ... done.


no metric specified. plan length assumed.

checking for cyclic := effects --- OK.

ff: search configuration is EHC, if that fails then  best-first on 1*g(s) + 5*h(s) where
    metric is  plan length

Cueing down from goal distance:   10 into depth [1]
                                   9            [1]
                                   8            [1]
                                   7            [1]
                                   6            [1]
                                   5            [1]
                                   4            [1]
                                   3            [1]
                                   2            [1]
                                   1            [1]
                                   0            

ff: found legal plan as follows

step    0: SWITCH_ON INSTRUMENT0 SATELLITE0
        1: CALIBRATE SATELLITE0 INSTRUMENT0 GROUNDSTATION49
        2: TURN_TO SATELLITE0 PHENOMENON72 GROUNDSTATION49
        3: TURN_TO SATELLITE4 STAR66 GROUNDSTATION65
        4: TURN_TO SATELLITE7 STAR18 STAR58
        5: TURN_TO SATELLITE8 STAR69 GROUNDSTATION10
        6: TAKE_IMAGE SATELLITE0 PHENOMENON72 INSTRUMENT0 IMAGE0
        7: TURN_TO SATELLITE0 PLANET73 PHENOMENON72
        8: TAKE_IMAGE SATELLITE0 PLANET73 INSTRUMENT0 INFRARED3
        9: TURN_TO SATELLITE0 STAR51 PLANET73
     

time spent:    0.00 seconds instantiating 64399 easy, 0 hard action templates
               0.00 seconds reachability analysis, yielding 1240 facts and 64399 actions
               0.01 seconds creating final representation with 1240 relevant facts, 0 relevant fluents
               0.08 seconds computing LNF
               0.03 seconds building connectivity graph
               0.05 seconds searching, evaluating 22 states, to a max depth of 1
               0.17 seconds total time

