
ff: parsing domain file
domain 'SATELLITE' defined
 ... done.
ff: parsing problem file
problem 'STRIPS-SAT-X-1' defined
 ... done.


no metric specified. plan length assumed.

checking for cyclic := effects --- OK.

ff: search configuration is EHC, if that fails then  best-first on 1*g(s) + 5*h(s) where
    metric is  plan length

Cueing down from goal distance:    8 into depth [1]
                                   7            [1]
                                   6            [1]
                                   5            [1]
                                   4            [1]
                                   3            [1]
                                   2            [1]
                                   1            [1]
                                   0            

ff: found legal plan as follows

step    0: TURN_TO SATELLITE2 GROUNDSTATION71 STAR19
        1: SWITCH_ON INSTRUMENT12 SATELLITE2
        2: CALIBRATE SATELLITE2 INSTRUMENT12 GROUNDSTATION71
        3: TURN_TO SATELLITE2 PLANET73 GROUNDSTATION71
        4: TURN_TO SATELLITE5 STAR15 GROUNDSTATION65
        5: TURN_TO SATELLITE6 STAR8 STAR27
        6: TURN_TO SATELLITE9 STAR15 STAR66
        7: TAKE_IMAGE SATELLITE2 PLANET73 INSTRUMENT12 SPECTROGRAPH3
     

time spent:    0.00 seconds instantiating 63624 easy, 0 hard action templates
               0.00 seconds reachability analysis, yielding 1222 facts and 63624 actions
               0.01 seconds creating final representation with 1222 relevant facts, 0 relevant fluents
               0.07 seconds computing LNF
               0.03 seconds building connectivity graph
               0.01 seconds searching, evaluating 9 states, to a max depth of 1
               0.12 seconds total time

