
ff: parsing domain file
domain 'SATELLITE' defined
 ... done.
ff: parsing problem file
problem 'STRIPS-SAT-X-1' defined
 ... done.


no metric specified. plan length assumed.

checking for cyclic := effects --- OK.

ff: search configuration is EHC, if that fails then  best-first on 1*g(s) + 5*h(s) where
    metric is  plan length

Cueing down from goal distance:   12 into depth [1]
                                  10            [1]
                                   9            [1]
                                   8            [1]
                                   7            [1]
                                   6            [1]
                                   5            [1]
                                   4            [1]
                                   3            [1]
                                   2            [1]
                                   1            [1]
                                   0            

ff: found legal plan as follows

step    0: TURN_TO SATELLITE1 STAR32 PHENOMENON72
        1: TURN_TO SATELLITE0 STAR64 STAR63
        2: SWITCH_ON INSTRUMENT0 SATELLITE0
        3: CALIBRATE SATELLITE0 INSTRUMENT0 STAR64
        4: TURN_TO SATELLITE0 PHENOMENON72 STAR64
        5: TURN_TO SATELLITE2 GROUNDSTATION71 STAR57
        6: TURN_TO SATELLITE3 STAR32 STAR8
        7: TURN_TO SATELLITE9 GROUNDSTATION42 STAR39
        8: TAKE_IMAGE SATELLITE0 PHENOMENON72 INSTRUMENT0 IMAGE1
        9: TURN_TO SATELLITE0 PLANET73 PHENOMENON72
       10: TAKE_IMAGE SATELLITE0 PLANET73 INSTRUMENT0 THERMOGRAPH4
     

time spent:    0.00 seconds instantiating 63638 easy, 0 hard action templates
               0.00 seconds reachability analysis, yielding 1226 facts and 63638 actions
               0.01 seconds creating final representation with 1226 relevant facts, 0 relevant fluents
               0.09 seconds computing LNF
               0.03 seconds building connectivity graph
               0.05 seconds searching, evaluating 18 states, to a max depth of 1
               0.18 seconds total time

