
ff: parsing domain file
domain 'SATELLITE' defined
 ... done.
ff: parsing problem file
problem 'STRIPS-SAT-X-1' defined
 ... done.


no metric specified. plan length assumed.

checking for cyclic := effects --- OK.

ff: search configuration is EHC, if that fails then  best-first on 1*g(s) + 5*h(s) where
    metric is  plan length

Cueing down from goal distance:   11 into depth [1]
                                  10            [1]
                                   9            [1]
                                   6            [1]
                                   5            [1]
                                   4            [1]
                                   3            [1]
                                   2            [1]
                                   1            [1]
                                   0            

ff: found legal plan as follows

step    0: TURN_TO SATELLITE0 STAR15 STAR20
        1: TURN_TO SATELLITE0 GROUNDSTATION61 STAR15
        2: SWITCH_ON INSTRUMENT3 SATELLITE0
        3: CALIBRATE SATELLITE0 INSTRUMENT3 GROUNDSTATION61
        4: TURN_TO SATELLITE0 STAR111 GROUNDSTATION61
        5: TURN_TO SATELLITE2 STAR98 STAR85
        6: TAKE_IMAGE SATELLITE0 STAR111 INSTRUMENT3 SPECTROGRAPH2
        7: TURN_TO SATELLITE0 PLANET112 STAR111
        8: TAKE_IMAGE SATELLITE0 PLANET112 INSTRUMENT3 SPECTROGRAPH1
     

time spent:    0.00 seconds instantiating 141372 easy, 0 hard action templates
               0.02 seconds reachability analysis, yielding 1811 facts and 141372 actions
               0.02 seconds creating final representation with 1811 relevant facts, 0 relevant fluents
               0.18 seconds computing LNF
               0.07 seconds building connectivity graph
               0.15 seconds searching, evaluating 15 states, to a max depth of 1
               0.44 seconds total time

