
ff: parsing domain file
domain 'SATELLITE' defined
 ... done.
ff: parsing problem file
problem 'STRIPS-SAT-X-1' defined
 ... done.


no metric specified. plan length assumed.

checking for cyclic := effects --- OK.

ff: search configuration is EHC, if that fails then  best-first on 1*g(s) + 5*h(s) where
    metric is  plan length

Cueing down from goal distance:   13 into depth [1]
                                  11            [1]
                                  10            [1]
                                   9            [1]
                                   8            [1][2]
                                   7            [1]
                                   6            [1]
                                   5            [1]
                                   4            [1][2]
                                   3            [1]
                                   2            [1]
                                   1            [1]
                                   0            

ff: found legal plan as follows

step    0: TURN_TO SATELLITE0 STAR21 GROUNDSTATION79
        1: TURN_TO SATELLITE1 STAR37 GROUNDSTATION7
        2: TURN_TO SATELLITE7 STAR9 GROUNDSTATION32
        3: TURN_TO SATELLITE8 STAR57 GROUNDSTATION101
        4: SWITCH_ON INSTRUMENT2 SATELLITE0
        5: CALIBRATE SATELLITE0 INSTRUMENT2 STAR21
        6: TURN_TO SATELLITE0 PHENOMENON111 STAR21
        7: SWITCH_ON INSTRUMENT3 SATELLITE1
        8: TAKE_IMAGE SATELLITE0 PHENOMENON111 INSTRUMENT2 THERMOGRAPH4
        9: TURN_TO SATELLITE1 STAR22 STAR37
       10: CALIBRATE SATELLITE1 INSTRUMENT3 STAR22
       11: TURN_TO SATELLITE1 STAR112 STAR22
       12: TAKE_IMAGE SATELLITE1 STAR112 INSTRUMENT3 THERMOGRAPH0
       13: TURN_TO SATELLITE1 STAR37 STAR112
     

time spent:    0.00 seconds instantiating 139341 easy, 0 hard action templates
               0.02 seconds reachability analysis, yielding 1799 facts and 139341 actions
               0.02 seconds creating final representation with 1799 relevant facts, 0 relevant fluents
               0.17 seconds computing LNF
               0.06 seconds building connectivity graph
               0.29 seconds searching, evaluating 37 states, to a max depth of 2
               0.56 seconds total time

