
ff: parsing domain file
domain 'SATELLITE' defined
 ... done.
ff: parsing problem file
problem 'STRIPS-SAT-X-1' defined
 ... done.


no metric specified. plan length assumed.

checking for cyclic := effects --- OK.

ff: search configuration is EHC, if that fails then  best-first on 1*g(s) + 5*h(s) where
    metric is  plan length

Cueing down from goal distance:   11 into depth [1]
                                  10            [1]
                                   9            [1]
                                   8            [1]
                                   7            [1]
                                   6            [1]
                                   5            [1]
                                   4            [1]
                                   3            [1]
                                   2            [1]
                                   1            [1]
                                   0            

ff: found legal plan as follows

step    0: SWITCH_ON INSTRUMENT1 SATELLITE0
        1: CALIBRATE SATELLITE0 INSTRUMENT1 STAR23
        2: TURN_TO SATELLITE0 PLANET111 STAR23
        3: TURN_TO SATELLITE2 STAR100 STAR56
        4: TURN_TO SATELLITE3 STAR88 GROUNDSTATION75
        5: TURN_TO SATELLITE5 GROUNDSTATION97 STAR46
        6: TURN_TO SATELLITE6 STAR68 GROUNDSTATION48
        7: TURN_TO SATELLITE8 STAR1 STAR83
        8: TAKE_IMAGE SATELLITE0 PLANET111 INSTRUMENT1 INFRARED2
        9: TURN_TO SATELLITE0 STAR112 PLANET111
       10: TAKE_IMAGE SATELLITE0 STAR112 INSTRUMENT1 INFRARED2
     

time spent:    0.00 seconds instantiating 138370 easy, 0 hard action templates
               0.02 seconds reachability analysis, yielding 1797 facts and 138370 actions
               0.02 seconds creating final representation with 1797 relevant facts, 0 relevant fluents
               0.15 seconds computing LNF
               0.06 seconds building connectivity graph
               0.13 seconds searching, evaluating 20 states, to a max depth of 1
               0.38 seconds total time

