
ff: parsing domain file
domain 'SATELLITE' defined
 ... done.
ff: parsing problem file
problem 'STRIPS-SAT-X-1' defined
 ... done.


no metric specified. plan length assumed.

checking for cyclic := effects --- OK.

ff: search configuration is EHC, if that fails then  best-first on 1*g(s) + 5*h(s) where
    metric is  plan length

Cueing down from goal distance:   10 into depth [1]
                                   9            [1]
                                   8            [1]
                                   7            [1]
                                   6            [1]
                                   5            [1]
                                   4            [1]
                                   3            [1]
                                   2            [1]
                                   1            [1]
                                   0            

ff: found legal plan as follows

step    0: TURN_TO SATELLITE0 STAR50 GROUNDSTATION36
        1: SWITCH_ON INSTRUMENT0 SATELLITE0
        2: CALIBRATE SATELLITE0 INSTRUMENT0 STAR50
        3: TURN_TO SATELLITE0 PLANET111 STAR50
        4: TURN_TO SATELLITE2 STAR96 GROUNDSTATION103
        5: TURN_TO SATELLITE4 STAR54 GROUNDSTATION101
        6: TURN_TO SATELLITE8 STAR6 STAR18
        7: TAKE_IMAGE SATELLITE0 PLANET111 INSTRUMENT0 INFRARED0
        8: TURN_TO SATELLITE0 PLANET112 PLANET111
        9: TAKE_IMAGE SATELLITE0 PLANET112 INSTRUMENT0 IMAGE2
     

time spent:    0.00 seconds instantiating 143177 easy, 0 hard action templates
               0.02 seconds reachability analysis, yielding 1827 facts and 143177 actions
               0.02 seconds creating final representation with 1827 relevant facts, 0 relevant fluents
               0.18 seconds computing LNF
               0.06 seconds building connectivity graph
               0.12 seconds searching, evaluating 17 states, to a max depth of 1
               0.40 seconds total time

