
ff: parsing domain file
domain 'SATELLITE' defined
 ... done.
ff: parsing problem file
problem 'STRIPS-SAT-X-1' defined
 ... done.


no metric specified. plan length assumed.

checking for cyclic := effects --- OK.

ff: search configuration is EHC, if that fails then  best-first on 1*g(s) + 5*h(s) where
    metric is  plan length

Cueing down from goal distance:   11 into depth [1]
                                  10            [1]
                                   9            [1]
                                   8            [1]
                                   7            [1]
                                   6            [1]
                                   5            [1]
                                   4            [1]
                                   3            [1]
                                   2            [1]
                                   1            [1]
                                   0            

ff: found legal plan as follows

step    0: TURN_TO SATELLITE0 STAR29 STAR69
        1: SWITCH_ON INSTRUMENT0 SATELLITE0
        2: CALIBRATE SATELLITE0 INSTRUMENT0 STAR29
        3: TURN_TO SATELLITE0 STAR111 STAR29
        4: TURN_TO SATELLITE1 STAR45 STAR24
        5: TURN_TO SATELLITE6 GROUNDSTATION13 GROUNDSTATION14
        6: TURN_TO SATELLITE8 STAR78 STAR7
        7: TAKE_IMAGE SATELLITE0 STAR111 INSTRUMENT0 IMAGE3
        8: TURN_TO SATELLITE0 PHENOMENON112 STAR111
        9: TAKE_IMAGE SATELLITE0 PHENOMENON112 INSTRUMENT0 IMAGE3
       10: TURN_TO SATELLITE0 STAR15 PHENOMENON112
     

time spent:    0.00 seconds instantiating 142480 easy, 0 hard action templates
               0.01 seconds reachability analysis, yielding 1821 facts and 142480 actions
               0.03 seconds creating final representation with 1821 relevant facts, 0 relevant fluents
               0.18 seconds computing LNF
               0.06 seconds building connectivity graph
               0.15 seconds searching, evaluating 23 states, to a max depth of 1
               0.43 seconds total time

